This is pdfTeX, Version 3.1415926-2.5-1.40.14 (TeX Live 2013/Debian) (format=pdflatex 2015.11.27)  12 DEC 2015 11:36
entering extended mode
 restricted \write18 enabled.
 %&-line parsing enabled.
**project_writeup.tex
(./project_writeup.tex
LaTeX2e <2011/06/27>
Babel <3.9h> and hyphenation patterns for 78 languages loaded.
(./sig-alternate-05-2015.cls
(/usr/share/texlive/texmf-dist/tex/latex/graphics/epsfig.sty
Package: epsfig 1999/02/16 v1.7a (e)psfig emulation (SPQR)

(/usr/share/texlive/texmf-dist/tex/latex/graphics/graphicx.sty
Package: graphicx 1999/02/16 v1.0f Enhanced LaTeX Graphics (DPC,SPQR)

(/usr/share/texlive/texmf-dist/tex/latex/graphics/keyval.sty
Package: keyval 1999/03/16 v1.13 key=value parser (DPC)
\KV@toks@=\toks14
)
(/usr/share/texlive/texmf-dist/tex/latex/graphics/graphics.sty
Package: graphics 2009/02/05 v1.0o Standard LaTeX Graphics (DPC,SPQR)

(/usr/share/texlive/texmf-dist/tex/latex/graphics/trig.sty
Package: trig 1999/03/16 v1.09 sin cos tan (DPC)
)
(/usr/share/texlive/texmf-dist/tex/latex/latexconfig/graphics.cfg
File: graphics.cfg 2010/04/23 v1.9 graphics configuration of TeX Live
)
Package graphics Info: Driver file: pdftex.def on input line 91.

(/usr/share/texlive/texmf-dist/tex/latex/pdftex-def/pdftex.def
File: pdftex.def 2011/05/27 v0.06d Graphics/color for pdfTeX

(/usr/share/texlive/texmf-dist/tex/generic/oberdiek/infwarerr.sty
Package: infwarerr 2010/04/08 v1.3 Providing info/warning/error messages (HO)
)
(/usr/share/texlive/texmf-dist/tex/generic/oberdiek/ltxcmds.sty
Package: ltxcmds 2011/11/09 v1.22 LaTeX kernel commands for general use (HO)
)
\Gread@gobject=\count79
))
\Gin@req@height=\dimen102
\Gin@req@width=\dimen103
)
\epsfxsize=\dimen104
\epsfysize=\dimen105
)
(/usr/share/texlive/texmf-dist/tex/latex/amsfonts/amssymb.sty
Package: amssymb 2013/01/14 v3.01 AMS font symbols

(/usr/share/texlive/texmf-dist/tex/latex/amsfonts/amsfonts.sty
Package: amsfonts 2013/01/14 v3.01 Basic AMSFonts support
\@emptytoks=\toks15
\symAMSa=\mathgroup4
\symAMSb=\mathgroup5
LaTeX Font Info:    Overwriting math alphabet `\mathfrak' in version `bold'
(Font)                  U/euf/m/n --> U/euf/b/n on input line 106.
))
(/usr/share/texlive/texmf-dist/tex/latex/amsmath/amsmath.sty
Package: amsmath 2013/01/14 v2.14 AMS math features
\@mathmargin=\skip41

For additional information on amsmath, use the `?' option.
(/usr/share/texlive/texmf-dist/tex/latex/amsmath/amstext.sty
Package: amstext 2000/06/29 v2.01

(/usr/share/texlive/texmf-dist/tex/latex/amsmath/amsgen.sty
File: amsgen.sty 1999/11/30 v2.0
\@emptytoks=\toks16
\ex@=\dimen106
))
(/usr/share/texlive/texmf-dist/tex/latex/amsmath/amsbsy.sty
Package: amsbsy 1999/11/29 v1.2d
\pmbraise@=\dimen107
)
(/usr/share/texlive/texmf-dist/tex/latex/amsmath/amsopn.sty
Package: amsopn 1999/12/14 v2.01 operator names
)
\inf@bad=\count80
LaTeX Info: Redefining \frac on input line 210.
\uproot@=\count81
\leftroot@=\count82
LaTeX Info: Redefining \overline on input line 306.
\classnum@=\count83
\DOTSCASE@=\count84
LaTeX Info: Redefining \ldots on input line 378.
LaTeX Info: Redefining \dots on input line 381.
LaTeX Info: Redefining \cdots on input line 466.
\Mathstrutbox@=\box26
\strutbox@=\box27
\big@size=\dimen108
LaTeX Font Info:    Redeclaring font encoding OML on input line 566.
LaTeX Font Info:    Redeclaring font encoding OMS on input line 567.
\macc@depth=\count85
\c@MaxMatrixCols=\count86
\dotsspace@=\muskip10
\c@parentequation=\count87
\dspbrk@lvl=\count88
\tag@help=\toks17
\row@=\count89
\column@=\count90
\maxfields@=\count91
\andhelp@=\toks18
\eqnshift@=\dimen109
\alignsep@=\dimen110
\tagshift@=\dimen111
\tagwidth@=\dimen112
\totwidth@=\dimen113
\lineht@=\dimen114
\@envbody=\toks19
\multlinegap=\skip42
\multlinetaggap=\skip43
\mathdisplay@stack=\toks20
LaTeX Info: Redefining \[ on input line 2665.
LaTeX Info: Redefining \] on input line 2666.
)
Document Class 'sig-alternate' <9th June '13>. Modified by G.K.M. Tobin/Gerry M
urray/Boris Veytsman
Based in part upon document Style `acmconf' <22 May 89>. Hacked 4/91 by
shivers@cs.cmu.edu, 4/93 by theobald@cs.mcgill.ca
Excerpts were taken from (Journal Style) 'esub2acm.cls'.
****** Bugs/comments/suggestions/technicalities to Gerry Murray -- murray@hq.ac
m.org ******
Questions on the style, SIGS policies, etc. to Adrienne Griscti griscti@acm.org

\ACM@basesize=\count92
(/usr/share/texlive/texmf-dist/tex/latex/comment/comment.sty
\CommentStream=\write3

Excluding comment 'comment') Excluding comment 'CCSXML'
\footheight=\dimen115
\@maxsep=\dimen116
\@dblmaxsep=\dimen117

(/usr/share/texlive/texmf-dist/tex/generic/oberdiek/ifpdf.sty
Package: ifpdf 2011/01/30 v2.3 Provides the ifpdf switch (HO)
Package ifpdf Info: pdfTeX in PDF mode is detected.
)
\aucount=\count93
\originalaucount=\count94
\auwidth=\dimen118
\auskip=\dimen119
\auskipcount=\count95
\auskip=\dimen120
\allauboxes=\dimen121
\addauthors=\toks21
\addauflag=\count96
\subtitletext=\toks22
\savesection=\count97
\sectioncntr=\count98
\c@figure=\count99
\c@table=\count100
\titleboxnotes=\toks23
\titleboxnoteflag=\count101


LaTeX Warning: You have requested document class `sig-alternate-05-2015',
               but the document class provides `sig-alternate'.

Document Class: sig-alternate 2013/05/12 v2.7 based on acmproc.cls V1.3 <Nov. 3
0 '99>
(/usr/share/texlive/texmf-dist/tex/latex/base/latexsym.sty
Package: latexsym 1998/08/17 v2.2e Standard LaTeX package (lasy symbols)
\symlasy=\mathgroup6
LaTeX Font Info:    Overwriting symbol font `lasy' in version `bold'
(Font)                  U/lasy/m/n --> U/lasy/b/n on input line 47.
)
\@acmtitlebox=\box28
\titlenotecount=\count102
\tntoks=\toks24
\tntokstwo=\toks25
\tntoksthree=\toks26
\tntoksfour=\toks27
\tntoksfive=\toks28
\catcount=\count103
\copyrightnotice=\toks29
\conf=\toks30
\confinfo=\toks31
\c@part=\count104
\c@section=\count105
\c@subsection=\count106
\c@subsubsection=\count107
\c@paragraph=\count108

Using 'Abbrev' bibliography style
LaTeX Info: Redefining \cite on input line 1408.
\bibindent=\dimen122
\colcntr=\count109
\saveb@x=\box29
\copyrtyr=\toks32
\acmcopyr=\toks33
\boilerplate=\toks34
(/usr/share/texlive/texmf-dist/tex/latex/url/url.sty
\Urlmuskip=\muskip11
Package: url 2013/09/16  ver 3.4  Verb mode for urls, etc.
) (./acmcopyright.sty
Package: acmcopyright 2014/06/29 v1.2 Copyright statemens for ACM classes

(/usr/share/texlive/texmf-dist/tex/latex/xkeyval/xkeyval.sty
Package: xkeyval 2012/10/14 v2.6b package option processing (HA)

(/usr/share/texlive/texmf-dist/tex/generic/xkeyval/xkeyval.tex
\XKV@toks=\toks35
\XKV@tempa@toks=\toks36
\XKV@depth=\count110
File: xkeyval.tex 2012/10/14 v2.6b key=value parser (HA)
)))
\copyrightetc=\toks37

(/usr/share/texlive/texmf-dist/tex/latex/base/fontenc.sty
Package: fontenc 2005/09/27 v1.99g Standard LaTeX package

(/usr/share/texlive/texmf-dist/tex/latex/base/t1enc.def
File: t1enc.def 2005/09/27 v1.99g Standard LaTeX file
LaTeX Font Info:    Redeclaring font encoding T1 on input line 43.
)
LaTeX Font Info:    Try loading font information for T1+aer on input line 100.

(/usr/share/texlive/texmf-dist/tex/latex/ae/t1aer.fd
File: t1aer.fd 1997/11/16 Font definitions for T1/aer.
)))
(/usr/share/texlive/texmf-dist/tex/latex/algorithm2e/algorithm2e.sty
Package: algorithm2e 2013/01/06 v5.00 algorithms environments
\c@AlgoLine=\count111

(/usr/share/texlive/texmf-dist/tex/latex/base/ifthen.sty
Package: ifthen 2001/05/26 v1.1c Standard LaTeX ifthen package (DPC)
)
(/usr/share/texlive/texmf-dist/tex/latex/tools/xspace.sty
Package: xspace 2009/10/20 v1.13 Space after command names (DPC,MH)
)
(/usr/share/texlive/texmf-dist/tex/latex/relsize/relsize.sty
Package: relsize 2013/03/29 ver 4.1
)
********************************************************
Package `algorithm2e' Release 5.0 -- january 06 2013 --
- algorithm2e-announce@lirmm.fr mailing list for announcement about releases
- algorithm2e-discussion@lirmm.fr mailing list for discussion about package
subscribe by emailing sympa@lirmm.fr with 'subscribe <list> <firstname name>'
- Author: Christophe Fiorio (cfiorio@um2.fr)
********************************************************
\skiptotal=\skip44
\skiplinenumber=\skip45
\skiprule=\skip46
\skiphlne=\skip47
\skiptext=\skip48
\skiplength=\skip49
\algomargin=\skip50
\skipalgocfslide=\skip51
\algowidth=\dimen123
\inoutsize=\dimen124
\inoutindent=\dimen125
\interspacetitleruled=\dimen126
\interspacealgoruled=\dimen127
\interspacetitleboxruled=\dimen128
\algocf@inoutbox=\box30
\algocf@inputbox=\box31
\AlCapSkip=\skip52
\AlCapHSkip=\skip53
\algoskipindent=\skip54
\algocf@nlbox=\box32
\algocf@hangingbox=\box33
\algocf@untilbox=\box34
\algocf@skipuntil=\skip55
\algocf@capbox=\box35
\algoheightruledefault=\skip56
\algoheightrule=\skip57
\algotitleheightruledefault=\skip58
\algotitleheightrule=\skip59
\c@algocfline=\count112
\c@algocfproc=\count113
\c@algocf=\count114
\algocf@algoframe=\box36
\algocf@algobox=\box37
) (/usr/share/texlive/texmf-dist/tex/latex/algorithmicx/algpseudocode.sty
Package: algpseudocode 

(/usr/share/texlive/texmf-dist/tex/latex/algorithmicx/algorithmicx.sty
Package: algorithmicx 2005/04/27 v1.2 Algorithmicx

Document Style algorithmicx 1.2 - a greatly improved `algorithmic' style
\c@ALG@line=\count115
\c@ALG@rem=\count116
\c@ALG@nested=\count117
\ALG@tlm=\skip60
\ALG@thistlm=\skip61
\c@ALG@Lnr=\count118
\c@ALG@blocknr=\count119
\c@ALG@storecount=\count120
\c@ALG@tmpcounter=\count121
\ALG@tmplength=\skip62
)
Document Style - pseudocode environments for use with the `algorithmicx' style
) (./project_writeup.aux)
\openout1 = `project_writeup.aux'.

LaTeX Font Info:    Checking defaults for OML/cmm/m/it on input line 54.
LaTeX Font Info:    ... okay on input line 54.
LaTeX Font Info:    Checking defaults for T1/cmr/m/n on input line 54.
LaTeX Font Info:    ... okay on input line 54.
LaTeX Font Info:    Checking defaults for OT1/cmr/m/n on input line 54.
LaTeX Font Info:    ... okay on input line 54.
LaTeX Font Info:    Checking defaults for OMS/cmsy/m/n on input line 54.
LaTeX Font Info:    ... okay on input line 54.
LaTeX Font Info:    Checking defaults for OMX/cmex/m/n on input line 54.
LaTeX Font Info:    ... okay on input line 54.
LaTeX Font Info:    Checking defaults for U/cmr/m/n on input line 54.
LaTeX Font Info:    ... okay on input line 54.

(/usr/share/texlive/texmf-dist/tex/context/base/supp-pdf.mkii
[Loading MPS to PDF converter (version 2006.09.02).]
\scratchcounter=\count122
\scratchdimen=\dimen129
\scratchbox=\box38
\nofMPsegments=\count123
\nofMParguments=\count124
\everyMPshowfont=\toks38
\MPscratchCnt=\count125
\MPscratchDim=\dimen130
\MPnumerator=\count126
\makeMPintoPDFobject=\count127
\everyMPtoPDFconversion=\toks39
) (/usr/share/texlive/texmf-dist/tex/generic/oberdiek/pdftexcmds.sty
Package: pdftexcmds 2011/11/29 v0.20 Utility functions of pdfTeX for LuaTeX (HO
)

(/usr/share/texlive/texmf-dist/tex/generic/oberdiek/ifluatex.sty
Package: ifluatex 2010/03/01 v1.3 Provides the ifluatex switch (HO)
Package ifluatex Info: LuaTeX not detected.
)
Package pdftexcmds Info: LuaTeX not detected.
Package pdftexcmds Info: \pdf@primitive is available.
Package pdftexcmds Info: \pdf@ifprimitive is available.
Package pdftexcmds Info: \pdfdraftmode found.
)
(/usr/share/texlive/texmf-dist/tex/latex/oberdiek/epstopdf-base.sty
Package: epstopdf-base 2010/02/09 v2.5 Base part for package epstopdf

(/usr/share/texlive/texmf-dist/tex/latex/oberdiek/grfext.sty
Package: grfext 2010/08/19 v1.1 Manage graphics extensions (HO)

(/usr/share/texlive/texmf-dist/tex/generic/oberdiek/kvdefinekeys.sty
Package: kvdefinekeys 2011/04/07 v1.3 Define keys (HO)
))
(/usr/share/texlive/texmf-dist/tex/latex/oberdiek/kvoptions.sty
Package: kvoptions 2011/06/30 v3.11 Key value format for package options (HO)

(/usr/share/texlive/texmf-dist/tex/generic/oberdiek/kvsetkeys.sty
Package: kvsetkeys 2012/04/25 v1.16 Key value parser (HO)

(/usr/share/texlive/texmf-dist/tex/generic/oberdiek/etexcmds.sty
Package: etexcmds 2011/02/16 v1.5 Avoid name clashes with e-TeX commands (HO)
Package etexcmds Info: Could not find \expanded.
(etexcmds)             That can mean that you are not using pdfTeX 1.50 or
(etexcmds)             that some package has redefined \expanded.
(etexcmds)             In the latter case, load this package earlier.
)))
Package grfext Info: Graphics extension search list:
(grfext)             [.png,.pdf,.jpg,.mps,.jpeg,.jbig2,.jb2,.PNG,.PDF,.JPG,.JPE
G,.JBIG2,.JB2,.eps]
(grfext)             \AppendGraphicsExtensions on input line 452.

(/usr/share/texlive/texmf-dist/tex/latex/latexconfig/epstopdf-sys.cfg
File: epstopdf-sys.cfg 2010/07/13 v1.3 Configuration of (r)epstopdf for TeX Liv
e
))
LaTeX Font Info:    Try loading font information for U+msa on input line 87.

(/usr/share/texlive/texmf-dist/tex/latex/amsfonts/umsa.fd
File: umsa.fd 2013/01/14 v3.01 AMS symbols A
)
LaTeX Font Info:    Try loading font information for U+msb on input line 87.

(/usr/share/texlive/texmf-dist/tex/latex/amsfonts/umsb.fd
File: umsb.fd 2013/01/14 v3.01 AMS symbols B
)
LaTeX Font Info:    Try loading font information for U+lasy on input line 87.

(/usr/share/texlive/texmf-dist/tex/latex/base/ulasy.fd
File: ulasy.fd 1998/08/17 v2.2e LaTeX symbol font definitions
)
Overfull \hbox (4.91438pt too wide) in paragraph at lines 87--87
 []\eaddfnt mrobinson72@gatech.edu| 
 []

LaTeX Font Info:    Try loading font information for T1+ptm on input line 87.
(/usr/share/texlive/texmf-dist/tex/latex/psnfss/t1ptm.fd
File: t1ptm.fd 2001/06/04 font definitions for T1/ptm.
) [1{/var/lib/texmf/fonts/map/pdftex/updmap/pdftex.map}


]
Overfull \hbox (1.95131pt too wide) in paragraph at lines 123--134
[]\T1/aer/m/n/9 The branch and bound al-go-rithm es-tab-lishes a lower bound
 []


Underfull \hbox (badness 10000) in paragraph at lines 123--134

 []


Underfull \hbox (badness 10000) in paragraph at lines 123--134

 []

[2]
LaTeX Font Info:    Try loading font information for T1+aett on input line 173.

 (/usr/share/texlive/texmf-dist/tex/latex/ae/t1aett.fd
File: t1aett.fd 1997/11/16 Font definitions for T1/aett.
)
Overfull \hbox (1.60458pt too wide) in paragraph at lines 173--173
[]|[]$[]\OML/cmm/m/it/9 u[]v$ 
 []


Overfull \hbox (1.95114pt too wide) in paragraph at lines 180--181
[]\T1/aer/m/n/9 The first lo-cal search method pro-gresses through the search
 []

[3] [4]

LaTeX Warning: Float too large for page by 77.13153pt on input line 379.

[5] [6]
Overfull \hbox (1.06061pt too wide) in paragraph at lines 495--496
\T1/aer/m/n/9 cover prob-lem." Jour-nal of Ex-per-i-men-tal Al-go-rith-mics (JE
A)
 []

[7] <Star2LS1_qrtd_graph_logx.png, id=42, 501.5538pt x 414.8298pt>
File: Star2LS1_qrtd_graph_logx.png Graphic file (type png)

<use Star2LS1_qrtd_graph_logx.png>
Package pdftex.def Info: Star2LS1_qrtd_graph_logx.png used on input line 509.
(pdftex.def)             Requested size: 200.61797pt x 165.92897pt.

<Star2LS1_sqd_graph.png, id=44, 504.4446pt x 411.939pt>
File: Star2LS1_sqd_graph.png Graphic file (type png)

<use Star2LS1_sqd_graph.png>
Package pdftex.def Info: Star2LS1_sqd_graph.png used on input line 515.
(pdftex.def)             Requested size: 201.77426pt x 164.77267pt.
Package epstopdf Info: Source file: <Star2LS1_boxplot.eps>
(epstopdf)                    date: 2015-12-11 21:53:27
(epstopdf)                    size: 6523 bytes
(epstopdf)             Output file: <Star2LS1_boxplot-eps-converted-to.pdf>
(epstopdf)                    date: 2015-12-11 23:46:46
(epstopdf)                    size: 13535 bytes
(epstopdf)             Command: <repstopdf --outfile=Star2LS1_boxplot-eps-conve
rted-to.pdf Star2LS1_boxplot.eps>
(epstopdf)             \includegraphics on input line 521.
Package epstopdf Info: Output file is already uptodate.

<Star2LS1_boxplot-eps-converted-to.pdf, id=45, 752.8125pt x 552.0625pt>
File: Star2LS1_boxplot-eps-converted-to.pdf Graphic file (type pdf)

<use Star2LS1_boxplot-eps-converted-to.pdf>
Package pdftex.def Info: Star2LS1_boxplot-eps-converted-to.pdf used on input li
ne 521.
(pdftex.def)             Requested size: 248.4289pt x 182.18118pt.

Overfull \hbox (8.4289pt too wide) in paragraph at lines 521--522
 [][] 
 []

<PowerLS1_qrtd_graph.png, id=46, 501.5538pt x 411.939pt>
File: PowerLS1_qrtd_graph.png Graphic file (type png)

<use PowerLS1_qrtd_graph.png>
Package pdftex.def Info: PowerLS1_qrtd_graph.png used on input line 527.
(pdftex.def)             Requested size: 200.61797pt x 164.77267pt.

<PowerLS1_sqd_graph.png, id=47, 509.5035pt x 411.939pt>
File: PowerLS1_sqd_graph.png Graphic file (type png)

<use PowerLS1_sqd_graph.png>
Package pdftex.def Info: PowerLS1_sqd_graph.png used on input line 533.
(pdftex.def)             Requested size: 203.79778pt x 164.77267pt.
Package epstopdf Info: Source file: <PowerLS1_boxplot.eps>
(epstopdf)                    date: 2015-12-11 21:53:27
(epstopdf)                    size: 6578 bytes
(epstopdf)             Output file: <PowerLS1_boxplot-eps-converted-to.pdf>
(epstopdf)                    date: 2015-12-12 11:33:37
(epstopdf)                    size: 13448 bytes
(epstopdf)             Command: <repstopdf --outfile=PowerLS1_boxplot-eps-conve
rted-to.pdf PowerLS1_boxplot.eps>
(epstopdf)             \includegraphics on input line 539.
Package epstopdf Info: Output file is already uptodate.

<PowerLS1_boxplot-eps-converted-to.pdf, id=48, 752.8125pt x 552.0625pt>
File: PowerLS1_boxplot-eps-converted-to.pdf Graphic file (type pdf)

<use PowerLS1_boxplot-eps-converted-to.pdf>
Package pdftex.def Info: PowerLS1_boxplot-eps-converted-to.pdf used on input li
ne 539.
(pdftex.def)             Requested size: 248.4289pt x 182.18118pt.

Overfull \hbox (8.4289pt too wide) in paragraph at lines 539--540
 [][] 
 []

<Star2LS2_qrtd_graph.png, id=49, 515.2851pt x 411.939pt>
File: Star2LS2_qrtd_graph.png Graphic file (type png)

<use Star2LS2_qrtd_graph.png>
Package pdftex.def Info: Star2LS2_qrtd_graph.png used on input line 545.
(pdftex.def)             Requested size: 206.11038pt x 164.77267pt.

<Star2LS2_sqd_graph.png, id=50, 504.4446pt x 411.939pt>
File: Star2LS2_sqd_graph.png Graphic file (type png)

<use Star2LS2_sqd_graph.png>
Package pdftex.def Info: Star2LS2_sqd_graph.png used on input line 551.
(pdftex.def)             Requested size: 201.77426pt x 164.77267pt.
Package epstopdf Info: Source file: <Star2LS2_boxplot.eps>
(epstopdf)                    date: 2015-12-11 21:53:27
(epstopdf)                    size: 5105 bytes
(epstopdf)             Output file: <Star2LS2_boxplot-eps-converted-to.pdf>
(epstopdf)                    date: 2015-12-11 23:51:42
(epstopdf)                    size: 12866 bytes
(epstopdf)             Command: <repstopdf --outfile=Star2LS2_boxplot-eps-conve
rted-to.pdf Star2LS2_boxplot.eps>
(epstopdf)             \includegraphics on input line 557.
Package epstopdf Info: Output file is already uptodate.

<Star2LS2_boxplot-eps-converted-to.pdf, id=51, 752.8125pt x 552.0625pt>
File: Star2LS2_boxplot-eps-converted-to.pdf Graphic file (type pdf)

<use Star2LS2_boxplot-eps-converted-to.pdf>
Package pdftex.def Info: Star2LS2_boxplot-eps-converted-to.pdf used on input li
ne 557.
(pdftex.def)             Requested size: 248.4289pt x 182.18118pt.

Overfull \hbox (8.4289pt too wide) in paragraph at lines 557--558
 [][] 
 []

<PowerLS2_qrtd_graph.png, id=52, 515.2851pt x 411.939pt>
File: PowerLS2_qrtd_graph.png Graphic file (type png)

<use PowerLS2_qrtd_graph.png>
Package pdftex.def Info: PowerLS2_qrtd_graph.png used on input line 563.
(pdftex.def)             Requested size: 206.11038pt x 164.77267pt.

<PowerLS2_sqd_graph.png, id=53, 500.1084pt x 411.939pt>
File: PowerLS2_sqd_graph.png Graphic file (type png)

<use PowerLS2_sqd_graph.png>
Package pdftex.def Info: PowerLS2_sqd_graph.png used on input line 569.
(pdftex.def)             Requested size: 200.03981pt x 164.77267pt.
Package epstopdf Info: Source file: <PowerLS2_boxplot.eps>
(epstopdf)                    date: 2015-12-11 21:53:27
(epstopdf)                    size: 5238 bytes
(epstopdf)             Output file: <PowerLS2_boxplot-eps-converted-to.pdf>
(epstopdf)                    date: 2015-12-12 11:33:38
(epstopdf)                    size: 13094 bytes
(epstopdf)             Command: <repstopdf --outfile=PowerLS2_boxplot-eps-conve
rted-to.pdf PowerLS2_boxplot.eps>
(epstopdf)             \includegraphics on input line 575.
Package epstopdf Info: Output file is already uptodate.

<PowerLS2_boxplot-eps-converted-to.pdf, id=54, 752.8125pt x 552.0625pt>
File: PowerLS2_boxplot-eps-converted-to.pdf Graphic file (type pdf)

<use PowerLS2_boxplot-eps-converted-to.pdf>
Package pdftex.def Info: PowerLS2_boxplot-eps-converted-to.pdf used on input li
ne 575.
(pdftex.def)             Requested size: 248.4289pt x 182.18118pt.

Overfull \hbox (8.4289pt too wide) in paragraph at lines 575--576
 [][] 
 []

[8 <./Star2LS1_qrtd_graph_logx.png> <./Star2LS1_sqd_graph.png> <./Star2LS1_boxp
lot-eps-converted-to.pdf> <./PowerLS1_qrtd_graph.png> <./PowerLS1_sqd_graph.png
> <./PowerLS1_boxplot-eps-converted-to.pdf>] [9 <./Star2LS2_qrtd_graph.png> <./
Star2LS2_sqd_graph.png> <./Star2LS2_boxplot-eps-converted-to.pdf> <./PowerLS2_q
rtd_graph.png> <./PowerLS2_sqd_graph.png> <./PowerLS2_boxplot-eps-converted-to.
pdf>] (./project_writeup.aux) ) 
Here is how much of TeX's memory you used:
 5121 strings out of 493304
 68987 string characters out of 6139870
 184952 words of memory out of 5000000
 8436 multiletter control sequences out of 15000+600000
 68134 words of font info for 95 fonts, out of 8000000 for 9000
 957 hyphenation exceptions out of 8191
 44i,30n,45p,1593b,700s stack positions out of 5000i,500n,10000p,200000b,80000s
{/usr/share/texlive/texmf-dist/fonts/enc/dvips/b
ase/8r.enc}</usr/share/texlive/texmf-dist/fonts/type1/public/amsfonts/cm/cmbx6.
pfb></usr/share/texlive/texmf-dist/fonts/type1/public/amsfonts/cm/cmbx9.pfb></u
sr/share/texlive/texmf-dist/fonts/type1/public/amsfonts/cmextra/cmex9.pfb></usr
/share/texlive/texmf-dist/fonts/type1/public/amsfonts/cm/cmitt10.pfb></usr/shar
e/texlive/texmf-dist/fonts/type1/public/amsfonts/cm/cmmi6.pfb></usr/share/texli
ve/texmf-dist/fonts/type1/public/amsfonts/cm/cmmi9.pfb></usr/share/texlive/texm
f-dist/fonts/type1/public/amsfonts/cm/cmr6.pfb></usr/share/texlive/texmf-dist/f
onts/type1/public/amsfonts/cm/cmr8.pfb></usr/share/texlive/texmf-dist/fonts/typ
e1/public/amsfonts/cm/cmr9.pfb></usr/share/texlive/texmf-dist/fonts/type1/publi
c/amsfonts/cm/cmsy6.pfb></usr/share/texlive/texmf-dist/fonts/type1/public/amsfo
nts/cm/cmsy9.pfb></usr/share/texlive/texmf-dist/fonts/type1/public/amsfonts/cm/
cmtt9.pfb></usr/share/texlive/texmf-dist/fonts/type1/urw/helvetic/uhvb8a.pfb></
usr/share/texlive/texmf-dist/fonts/type1/urw/helvetic/uhvr8a.pfb></usr/share/te
xlive/texmf-dist/fonts/type1/urw/times/utmb8a.pfb></usr/share/texlive/texmf-dis
t/fonts/type1/urw/times/utmr8a.pfb></usr/share/texlive/texmf-dist/fonts/type1/u
rw/times/utmri8a.pfb>
Output written on project_writeup.pdf (9 pages, 522148 bytes).
PDF statistics:
 165 PDF objects out of 1000 (max. 8388607)
 103 compressed objects within 2 object streams
 0 named destinations out of 1000 (max. 500000)
 61 words of extra memory for PDF output out of 10000 (max. 10000000)

