0.00280690193176,1023
0.00290393829346,1022
0.00297904014587,1021
0.00305509567261,1020
0.0031111240387,1019
0.00321412086487,1018
0.00330209732056,1017
0.00335311889648,1016
0.00345301628113,1015
0.00350689888,1014
0.00358104705811,1013
0.00486397743225,1012
0.00494194030762,1011
0.00502705574036,1010
0.00507712364197,1009
0.00518393516541,1008
0.00527310371399,1007
0.00534796714783,1006
0.00541806221008,1005
0.0054919719696,1004
0.00559902191162,1003
0.0056529045105,1002
0.00570011138916,1001
0.00576210021973,1000
0.00585103034973,999
0.0058970451355,998
0.00594592094421,997
0.00602197647095,996
0.00608706474304,995
0.00616407394409,994
0.00631403923035,993
0.00636506080627,992
0.00643301010132,991
0.00650095939636,990
0.00658297538757,989
0.00672006607056,988
0.00678706169128,987
0.00695300102234,986
0.00706696510315,985
0.00714802742004,984
0.00721096992493,983
0.00731301307678,982
0.00744605064392,981
0.00751805305481,980
0.00756502151489,979
0.0076949596405,978
0.00773596763611,977
0.00779104232788,976
0.00787496566772,975
0.00793099403381,974
0.00798892974854,973
0.00805306434631,972
0.00820112228394,971
0.00827097892761,970
0.00831604003906,969
0.00836801528931,968
0.00845098495483,967
0.00851011276245,966
0.00859594345093,965
0.00865507125854,964
0.00871300697327,963
0.00879502296448,962
0.00884795188904,961
0.00893807411194,960
0.00903010368347,959
0.00910806655884,958
0.00916600227356,957
0.00929093360901,956
0.00936388969421,955
0.00942397117615,954
0.00950193405151,953
0.0096960067749,952
0.00979804992676,951
0.00987100601196,950
0.00992107391357,949
0.0100059509277,948
0.0101020336151,947
0.0101490020752,946
0.0101990699768,945
0.0102770328522,944
0.010370016098,943
0.0104351043701,942
0.0105919837952,941
0.0107750892639,940
0.0108659267426,939
0.0110030174255,938
0.011127948761,937
0.0112640857697,936
0.0113339424133,935
0.0113990306854,934
0.0115439891815,933
0.011589050293,932
0.0117249488831,931
0.0118861198425,930
0.0119800567627,929
0.0120270252228,928
0.0121550559998,927
0.0123889446259,926
0.0126340389252,925
0.0127139091492,924
0.0128090381622,923
0.0128951072693,922
0.0130829811096,921
0.0131649971008,920
0.0134899616241,919
0.0136120319366,918
0.0136659145355,917
0.0137159824371,916
0.0137701034546,915
0.01398396492,914
0.0140368938446,913
0.014200925827,912
0.0142710208893,911
0.0144109725952,910
0.0145471096039,909
0.0146329402924,908
0.0147879123688,907
0.0148730278015,906
0.0149269104004,905
0.0149910449982,904
0.0150558948517,903
0.0152430534363,902
0.0153529644012,901
0.015419960022,900
0.015468120575,899
0.0155410766602,898
0.0155940055847,897
0.0156490802765,896
0.0157790184021,895
0.0159120559692,894
0.0160889625549,893
0.0161619186401,892
0.0162870883942,891
0.0164399147034,890
0.0166540145874,889
0.0168681144714,888
0.0169930458069,887
0.0171229839325,886
0.0172901153564,885
0.0173981189728,884
0.0176661014557,883
0.0177021026611,882
0.0177578926086,881
0.0178120136261,880
0.0179259777069,879
0.0179960727692,878
0.0183229446411,877
0.0183789730072,876
0.0184290409088,875
0.0189919471741,874
0.0190629959106,873
0.0191559791565,872
0.019229888916,871
0.0192971229553,870
0.0195739269257,869
0.0198740959167,868
0.0200378894806,867
0.0201580524445,866
0.0202040672302,865
0.0203039646149,864
0.0207839012146,863
0.0212271213531,862
0.0215399265289,861
0.0216710567474,860
0.0217800140381,859
0.0218689441681,858
0.0219390392303,857
0.0219941139221,856
0.0221679210663,855
0.0222311019897,854
0.0224730968475,853
0.0225191116333,852
0.0225930213928,851
0.0226619243622,850
0.0231111049652,849
0.0231940746307,848
0.0232629776001,847
0.0237720012665,846
0.0239279270172,845
0.0241560935974,844
0.0243039131165,843
0.0245790481567,842
0.0246429443359,841
0.0247020721436,840
0.0249760150909,839
0.0250859260559,838
0.0251450538635,837
0.0253779888153,836
0.025887966156,835
0.0259699821472,834
0.0260450839996,833
0.0263419151306,832
0.0264749526978,831
0.0266389846802,830
0.0267040729523,829
0.0269010066986,828
0.0269939899445,827
0.0270509719849,826
0.0271949768066,825
0.0273230075836,824
0.0273680686951,823
0.0279939174652,822
0.0280981063843,821
0.0282270908356,820
0.0285139083862,819
0.0287110805511,818
0.028755903244,817
0.0288851261139,816
0.0289280414581,815
0.0293838977814,814
0.030189037323,813
0.0303020477295,812
0.0305449962616,811
0.0310459136963,810
0.0311479568481,809
0.0313189029694,808
0.0313940048218,807
0.0319800376892,806
0.0327899456024,805
0.0329620838165,804
0.0332200527191,803
0.0335400104523,802
0.0342919826508,801
0.0347430706024,800
0.0349929332733,799
0.0350739955902,798
0.0352671146393,797
0.0369288921356,796
0.0374059677124,795
0.0375709533691,794
0.0378940105438,793
0.0395319461823,792
0.0398418903351,791
0.0406100749969,790
0.0414481163025,789
0.0440249443054,788
0.0441191196442,787
0.0450251102448,786
0.0471270084381,785
0.0476620197296,784
0.049309015274,783
0.0499401092529,782
0.0504350662231,781
0.0505399703979,780
0.0507369041443,779
0.0514540672302,778
0.0520510673523,777
0.0551280975342,776
0.0565130710602,775
0.0589039325714,774
0.059210062027,773
0.0593349933624,772
0.064973115921,771
0.0657110214233,770
0.0679860115051,769
0.0730359554291,768
0.0756978988647,767
0.0854930877686,766
0.0883510112762,765
0.0888030529022,764
0.0963110923767,763
0.106348991394,762
0.162980079651,761
0.163697957993,760
0.174959897995,759
0.175394058228,758
0.176836967468,757
0.188040018082,756
0.191405057907,755
0.214925050735,754
0.406765937805,753
0.42453789711,752
0.665342092514,751
0.740307092667,750
0.744973897934,749
0.956650018692,748
0.959141969681,747
1.20236992836,746
1.49978303909,745
1.50349092484,744
1.50433492661,743
1.51841592789,742
1.62680602074,741
1.8722410202,740
1.95750594139,739
