0.00332403182983,1023
0.00343298912048,1022
0.00351786613464,1021
0.00356793403625,1020
0.0036449432373,1019
0.00373196601868,1018
0.00382900238037,1017
0.00388884544373,1016
0.00397706031799,1015
0.00404500961304,1014
0.00414705276489,1013
0.00428485870361,1012
0.00438284873962,1011
0.004469871521,1010
0.00455093383789,1009
0.00464391708374,1008
0.00469183921814,1007
0.00476503372192,1006
0.00483989715576,1005
0.00500106811523,1004
0.0050630569458,1003
0.005126953125,1002
0.005215883255,1001
0.00529003143311,1000
0.00535893440247,999
0.00541591644287,998
0.00551104545593,997
0.00557804107666,996
0.00567889213562,995
0.00581288337708,994
0.00595998764038,993
0.00602984428406,992
0.00611686706543,991
0.00620603561401,990
0.00628089904785,989
0.00642204284668,988
0.00652289390564,987
0.00661492347717,986
0.00675487518311,985
0.0068998336792,984
0.00696206092834,983
0.00703597068787,982
0.00710701942444,981
0.00718402862549,980
0.00724506378174,979
0.0072979927063,978
0.00740003585815,977
0.00756597518921,976
0.00765705108643,975
0.00771594047546,974
0.00784492492676,973
0.00799083709717,972
0.00817894935608,971
0.00830698013306,970
0.00836491584778,969
0.00843286514282,968
0.0085129737854,967
0.0085768699646,966
0.00868487358093,965
0.00874996185303,964
0.00888800621033,963
0.00895094871521,962
0.00901699066162,961
0.00906896591187,960
0.00915789604187,959
0.00921392440796,958
0.0092830657959,957
0.00935888290405,956
0.00944304466248,955
0.00950384140015,954
0.00958585739136,953
0.00964188575745,952
0.00971603393555,951
0.00980091094971,950
0.00994491577148,949
0.00999903678894,948
0.0100729465485,947
0.0101690292358,946
0.0103130340576,945
0.0104198455811,944
0.0106129646301,943
0.0106768608093,942
0.0107748508453,941
0.0108489990234,940
0.0109958648682,939
0.0110750198364,938
0.0113298892975,937
0.0114369392395,936
0.0114848613739,935
0.0115549564362,934
0.0116119384766,933
0.0116629600525,932
0.0117158889771,931
0.0118770599365,930
0.0120718479156,929
0.0121190547943,928
0.0121688842773,927
0.0122609138489,926
0.0123779773712,925
0.012423992157,924
0.0125839710236,923
0.012678861618,922
0.0128679275513,921
0.012925863266,920
0.0131340026855,919
0.0132129192352,918
0.0133490562439,917
0.0134499073029,916
0.0135478973389,915
0.0136580467224,914
0.0138130187988,913
0.0138549804688,912
0.0139908790588,911
0.0141060352325,910
0.014219045639,909
0.0144279003143,908
0.0146179199219,907
0.0147950649261,906
0.0150718688965,905
0.0151510238647,904
0.0152659416199,903
0.0154139995575,902
0.0155138969421,901
0.0155599117279,900
0.0156760215759,899
0.0157330036163,898
0.0158069133759,897
0.0158519744873,896
0.0160100460052,895
0.0163168907166,894
0.0163869857788,893
0.0164539813995,892
0.0166020393372,891
0.0166900157928,890
0.0169720649719,889
0.0170350074768,888
0.0173399448395,887
0.017462015152,886
0.0175440311432,885
0.017590045929,884
0.0177140235901,883
0.0179288387299,882
0.018159866333,881
0.0182180404663,880
0.0183088779449,879
0.0184938907623,878
0.0188109874725,877
0.0189349651337,876
0.0189900398254,875
0.0190949440002,874
0.0193068981171,873
0.0193588733673,872
0.0194430351257,871
0.0195748806,870
0.0198290348053,869
0.0200719833374,868
0.0201690196991,867
0.0203349590302,866
0.0204019546509,865
0.0206530094147,864
0.0208568572998,863
0.0209438800812,862
0.0210318565369,861
0.021155834198,860
0.0215530395508,859
0.021605014801,858
0.0219218730927,857
0.0219728946686,856
0.022047996521,855
0.0220868587494,854
0.0222949981689,853
0.0225059986115,852
0.0225849151611,851
0.0226719379425,850
0.0228569507599,849
0.0229249000549,848
0.0229609012604,847
0.0231199264526,846
0.0231690406799,845
0.0233678817749,844
0.0235860347748,843
0.0243229866028,842
0.0244028568268,841
0.0248498916626,840
0.0249090194702,839
0.0249919891357,838
0.025111913681,837
0.0252048969269,836
0.025377035141,835
0.025454044342,834
0.0255520343781,833
0.0257568359375,832
0.0259990692139,831
0.0261449813843,830
0.0262780189514,829
0.0263650417328,828
0.0265128612518,827
0.0265748500824,826
0.0266330242157,825
0.0268290042877,824
0.0269160270691,823
0.0269808769226,822
0.0278859138489,821
0.0279929637909,820
0.028755903244,819
0.0289750099182,818
0.0290470123291,817
0.0299170017242,816
0.0299940109253,815
0.0303928852081,814
0.0311169624329,813
0.0316200256348,812
0.0317318439484,811
0.032742023468,810
0.0331630706787,809
0.0334248542786,808
0.0335328578949,807
0.0341310501099,806
0.0344049930573,805
0.0346839427948,804
0.0350630283356,803
0.0351250171661,802
0.0355808734894,801
0.0364379882812,800
0.0375440120697,799
0.0380420684814,798
0.0387189388275,797
0.0400609970093,796
0.0405809879303,795
0.0409710407257,794
0.041179895401,793
0.041640996933,792
0.0417759418488,791
0.0425379276276,790
0.0438108444214,789
0.0448200702667,788
0.0453538894653,787
0.0457110404968,786
0.0462548732758,785
0.0468120574951,784
0.0475358963013,783
0.047602891922,782
0.0484359264374,781
0.0487949848175,780
0.0496120452881,779
0.0496678352356,778
0.0497488975525,777
0.0498208999634,776
0.0507259368896,775
0.0508909225464,774
0.0515489578247,773
0.0528199672699,772
0.0529398918152,771
0.0544619560242,770
0.057520866394,769
0.0630898475647,768
0.0643839836121,767
0.0657389163971,766
0.0690350532532,765
0.0709340572357,764
0.0745298862457,763
0.0779328346252,762
0.104565858841,761
0.178915023804,760
0.284707069397,759
0.285948991776,758
0.38681602478,757
0.388876914978,756
0.413936853409,755
0.419616937637,754
0.515693902969,753
0.623533964157,752
0.624538898468,751
0.735833883286,750
0.749886035919,749
0.84725189209,748
0.852231025696,747
0.874430894852,746
0.94979596138,745
0.956416845322,744
1.18560504913,743
1.1865799427,742
1.52467703819,741
1.53849291801,740
