0.00282907485962,1023
0.0028920173645,1022
0.0029718875885,1021
0.00302410125732,1020
0.00310492515564,1019
0.0031681060791,1018
0.00325202941895,1017
0.00330710411072,1016
0.00335693359375,1015
0.00347495079041,1014
0.00359511375427,1013
0.00370597839355,1012
0.00375509262085,1011
0.00382900238037,1010
0.0038959980011,1009
0.00397896766663,1008
0.0040500164032,1007
0.00411605834961,1006
0.0042200088501,1005
0.0042929649353,1004
0.00434708595276,1003
0.00439691543579,1002
0.00446200370789,1001
0.00462198257446,1000
0.00467300415039,999
0.0047619342804,998
0.00483989715576,997
0.0049090385437,996
0.00499200820923,995
0.00505399703979,994
0.00517296791077,993
0.00527191162109,992
0.00540804862976,991
0.00547409057617,990
0.00551700592041,989
0.00557208061218,988
0.00566697120667,987
0.00571894645691,986
0.00581002235413,985
0.00593304634094,984
0.00599694252014,983
0.0060601234436,982
0.00615096092224,981
0.00619697570801,980
0.00629091262817,979
0.00635600090027,978
0.00641798973083,977
0.00650191307068,976
0.00655293464661,975
0.00660800933838,974
0.00672793388367,973
0.00678491592407,972
0.00693011283875,971
0.00697302818298,970
0.00702810287476,969
0.00709295272827,968
0.00722193717957,967
0.00735592842102,966
0.00743007659912,965
0.00750088691711,964
0.0075740814209,963
0.00762701034546,962
0.00767993927002,961
0.00774002075195,960
0.00779008865356,959
0.00792407989502,958
0.00797295570374,957
0.00805807113647,956
0.00816106796265,955
0.00830888748169,954
0.00840306282043,953
0.00846695899963,952
0.00853610038757,951
0.00860905647278,950
0.00870299339294,949
0.00882411003113,948
0.00894093513489,947
0.00905704498291,946
0.00919198989868,945
0.00925707817078,944
0.00938391685486,943
0.00942492485046,942
0.0094940662384,941
0.00955295562744,940
0.00962209701538,939
0.00968503952026,938
0.00974893569946,937
0.00983691215515,936
0.00991106033325,935
0.0100190639496,934
0.0101590156555,933
0.0102341175079,932
0.0103108882904,931
0.0104858875275,930
0.0105450153351,929
0.0107069015503,928
0.0107641220093,927
0.0108280181885,926
0.0109128952026,925
0.0112700462341,924
0.0113179683685,923
0.0113830566406,922
0.0114359855652,921
0.011500120163,920
0.0115630626678,919
0.0116319656372,918
0.0118379592896,917
0.0119230747223,916
0.0120611190796,915
0.0123970508575,914
0.012463092804,913
0.0125150680542,912
0.0125799179077,911
0.0126330852509,910
0.0128030776978,909
0.0128750801086,908
0.0129280090332,907
0.0130100250244,906
0.013053894043,905
0.0132539272308,904
0.0132989883423,903
0.0134360790253,902
0.0135760307312,901
0.0137779712677,900
0.0138430595398,899
0.0139179229736,898
0.0140950679779,897
0.0141539573669,896
0.0142059326172,895
0.0144059658051,894
0.0145800113678,893
0.0148990154266,892
0.015105009079,891
0.0153019428253,890
0.0154049396515,889
0.0154531002045,888
0.0156071186066,887
0.0156810283661,886
0.0158989429474,885
0.0160961151123,884
0.01615691185,883
0.0163209438324,882
0.0164370536804,881
0.0167241096497,880
0.0167829990387,879
0.0172319412231,878
0.0173189640045,877
0.0174419879913,876
0.0175080299377,875
0.0176529884338,874
0.0177431106567,873
0.0178849697113,872
0.0179491043091,871
0.0180039405823,870
0.018059015274,869
0.0181119441986,868
0.0183310508728,867
0.0183849334717,866
0.0187389850616,865
0.0189208984375,864
0.0190041065216,863
0.019052028656,862
0.01948595047,861
0.0198841094971,860
0.0199689865112,859
0.0203330516815,858
0.0204629898071,857
0.0207839012146,856
0.0208530426025,855
0.0210099220276,854
0.0211811065674,853
0.0215590000153,852
0.0216479301453,851
0.022155046463,850
0.0224299430847,849
0.0226700305939,848
0.0228819847107,847
0.022922039032,846
0.0232810974121,845
0.0235569477081,844
0.0238699913025,843
0.0240910053253,842
0.0243139266968,841
0.0251829624176,840
0.025288105011,839
0.0254240036011,838
0.0255320072174,837
0.0260000228882,836
0.0263330936432,835
0.0269200801849,834
0.0274460315704,833
0.0278260707855,832
0.0279819965363,831
0.028284072876,830
0.0284209251404,829
0.0285630226135,828
0.0286180973053,827
0.0287270545959,826
0.0296919345856,825
0.0297439098358,824
0.0299170017242,823
0.0300829410553,822
0.0302090644836,821
0.0303170681,820
0.0304110050201,819
0.0306220054626,818
0.0308449268341,817
0.0309369564056,816
0.0310509204865,815
0.0311710834503,814
0.0312230587006,813
0.0316550731659,812
0.0317559242249,811
0.0321609973907,810
0.0323419570923,809
0.0327360630035,808
0.0328800678253,807
0.0335640907288,806
0.0339629650116,805
0.0344760417938,804
0.0345408916473,803
0.0351769924164,802
0.0363800525665,801
0.0365788936615,800
0.0381770133972,799
0.038605928421,798
0.0395119190216,797
0.0398669242859,796
0.0403521060944,795
0.0406930446625,794
0.0412900447845,793
0.0417320728302,792
0.0426430702209,791
0.0441999435425,790
0.0459909439087,789
0.0470991134644,788
0.0491271018982,787
0.0497899055481,786
0.0507159233093,785
0.0518560409546,784
0.0523080825806,783
0.0544190406799,782
0.0554668903351,781
0.0556809902191,780
0.057030916214,779
0.0572440624237,778
0.0585649013519,777
0.0601809024811,776
0.0614740848541,775
0.0647239685059,774
0.0659310817719,773
0.0683879852295,772
0.0701019763947,771
0.0712690353394,770
0.0752611160278,769
0.0817360877991,768
0.0825119018555,767
0.0829389095306,766
0.0831379890442,765
0.0866410732269,764
0.210949897766,763
0.238625049591,762
0.311564922333,761
0.319534063339,760
0.437457084656,759
0.451967954636,758
0.528642892838,757
0.551639080048,756
0.555686950684,755
0.740310907364,754
0.744539022446,753
0.751746892929,752
1.08688306808,751
1.0912129879,750
1.0950050354,749
1.10192799568,748
1.12902593613,747
1.1441590786,746
1.21902394295,745
1.25262188911,744
1.33288311958,743
1.33824396133,742
1.34977412224,741
1.44144797325,740
1.44662499428,739
1.4537820816,738
1.45752906799,737
2.02592492104,736
2.02827906609,735
