0.00286078453064,1023
0.00292778015137,1022
0.00298190116882,1021
0.00303483009338,1020
0.00310182571411,1019
0.00320291519165,1018
0.00330090522766,1017
0.00336098670959,1016
0.00342583656311,1015
0.00351285934448,1014
0.0036838054657,1013
0.00378084182739,1012
0.00383186340332,1011
0.00392198562622,1010
0.00397992134094,1009
0.00405788421631,1008
0.0041139125824,1007
0.00415897369385,1006
0.00422382354736,1005
0.00429177284241,1004
0.00434494018555,1003
0.00440883636475,1002
0.00450277328491,1001
0.00459384918213,1000
0.00466179847717,999
0.00476479530334,998
0.00483894348145,997
0.00490689277649,996
0.00497794151306,995
0.00510096549988,994
0.00517797470093,993
0.00525379180908,992
0.00537085533142,991
0.00544691085815,990
0.00548887252808,989
0.00561285018921,988
0.0056848526001,987
0.00578188896179,986
0.00584888458252,985
0.0059449672699,984
0.00600695610046,983
0.00608682632446,982
0.00615286827087,981
0.0062267780304,980
0.00627779960632,979
0.00633382797241,978
0.00637984275818,977
0.00651597976685,976
0.00657892227173,975
0.00666999816895,974
0.00685882568359,973
0.00695490837097,972
0.00704479217529,971
0.00710296630859,970
0.00717091560364,969
0.00726699829102,968
0.00733494758606,967
0.00748586654663,966
0.00762486457825,965
0.00771880149841,964
0.00779700279236,963
0.00786089897156,962
0.00795984268188,961
0.00802278518677,960
0.00812196731567,959
0.0081729888916,958
0.00833892822266,957
0.00841689109802,956
0.00849890708923,955
0.00863981246948,954
0.00872898101807,953
0.00879192352295,952
0.00887084007263,951
0.00893783569336,950
0.00905585289001,949
0.00925779342651,948
0.00930285453796,947
0.00939393043518,946
0.00954294204712,945
0.00975394248962,944
0.00981688499451,943
0.0098659992218,942
0.00999283790588,941
0.0100328922272,940
0.0100998878479,939
0.0103068351746,938
0.0103859901428,937
0.0105419158936,936
0.0106689929962,935
0.0107297897339,934
0.0107879638672,933
0.0108418464661,932
0.0109047889709,931
0.0110199451447,930
0.0111238956451,929
0.0111849308014,928
0.0112488269806,927
0.0113158226013,926
0.0113718509674,925
0.0114288330078,924
0.0115258693695,923
0.011599779129,922
0.0117208957672,921
0.0118567943573,920
0.0119299888611,919
0.0120449066162,918
0.0122349262238,917
0.0122950077057,916
0.0123569965363,915
0.0124769210815,914
0.0127718448639,913
0.0129327774048,912
0.0130708217621,911
0.0134148597717,910
0.0136339664459,909
0.0138468742371,908
0.0140428543091,907
0.0141129493713,906
0.0142118930817,905
0.0142679214478,904
0.0143208503723,903
0.0144128799438,902
0.0144739151001,901
0.0146989822388,900
0.0148689746857,899
0.0150728225708,898
0.0151379108429,897
0.0154500007629,896
0.0157558917999,895
0.0158050060272,894
0.0158808231354,893
0.0161249637604,892
0.016236782074,891
0.0165688991547,890
0.0166459083557,889
0.016697883606,888
0.0168099403381,887
0.0171749591827,886
0.0173289775848,885
0.0174469947815,884
0.0175218582153,883
0.0177698135376,882
0.017826795578,881
0.0178899765015,880
0.0180549621582,879
0.0181097984314,878
0.0181930065155,877
0.0183320045471,876
0.0184478759766,875
0.018495798111,874
0.0185499191284,873
0.018602848053,872
0.018721818924,871
0.0189127922058,870
0.0189828872681,869
0.0191068649292,868
0.019387960434,867
0.0198669433594,866
0.0201308727264,865
0.0202488899231,864
0.0203139781952,863
0.020614862442,862
0.020674943924,861
0.0208978652954,860
0.0210359096527,859
0.0211420059204,858
0.021253824234,857
0.0217728614807,856
0.0219337940216,855
0.0220267772675,854
0.0225188732147,853
0.022561788559,852
0.0226068496704,851
0.022763967514,850
0.0228168964386,849
0.0230619907379,848
0.0231738090515,847
0.0234088897705,846
0.0235488414764,845
0.023854970932,844
0.0248119831085,843
0.0249178409576,842
0.0250468254089,841
0.0251829624176,840
0.0252408981323,839
0.025456905365,838
0.0256659984589,837
0.0258820056915,836
0.0260498523712,835
0.026104927063,834
0.0262749195099,833
0.0264217853546,832
0.0265638828278,831
0.0267968177795,830
0.0271489620209,829
0.0272719860077,828
0.0274338722229,827
0.0274798870087,826
0.0276827812195,825
0.0280559062958,824
0.0281209945679,823
0.0282068252563,822
0.0288457870483,821
0.029757976532,820
0.0299398899078,819
0.0304617881775,818
0.030797958374,817
0.0312168598175,816
0.0315067768097,815
0.0324649810791,814
0.0330929756165,813
0.0333659648895,812
0.0337519645691,811
0.0340619087219,810
0.0341727733612,809
0.0345067977905,808
0.0352039337158,807
0.0358219146729,806
0.0359048843384,805
0.0359768867493,804
0.0360310077667,803
0.036406993866,802
0.0367639064789,801
0.0369219779968,800
0.0371119976044,799
0.0373268127441,798
0.0373809337616,797
0.0381588935852,796
0.0385339260101,795
0.0392138957977,794
0.0396938323975,793
0.0401089191437,792
0.0408627986908,791
0.0418109893799,790
0.0423588752747,789
0.0431089401245,788
0.0431809425354,787
0.0436668395996,786
0.0439169406891,785
0.0441899299622,784
0.0447788238525,783
0.0448558330536,782
0.0449450016022,781
0.0452868938446,780
0.045511007309,779
0.0459167957306,778
0.0478448867798,777
0.0484149456024,776
0.0493757724762,775
0.0513060092926,774
0.0517568588257,773
0.0530009269714,772
0.0535638332367,771
0.0537679195404,770
0.0544319152832,769
0.0547518730164,768
0.0571990013123,767
0.0603017807007,766
0.0606739521027,765
0.0641279220581,764
0.0654978752136,763
0.0656089782715,762
0.0668208599091,761
0.0679538249969,760
0.0690829753876,759
0.0698218345642,758
0.0704619884491,757
0.0746338367462,756
0.0991318225861,755
0.182197809219,754
0.187907934189,753
0.191915988922,752
0.194044828415,751
0.330990791321,750
0.333031892776,749
0.33930683136,748
0.341073989868,747
0.449102878571,746
0.629618883133,745
0.630936861038,744
0.63144993782,743
0.648891925812,742
0.861567974091,741
0.865698814392,740
0.868852853775,739
0.874225854874,738
1.18964886665,737
1.18975400925,736
1.3145108223,735
1.95923900604,734
1.96198987961,733
1.96545886993,732
1.96730995178,731
2.08894681931,730
2.10096597672,729
2.17597389221,728
2.1805999279,727
