0.00293183326721,1023
0.00302290916443,1022
0.00308394432068,1021
0.00317001342773,1020
0.00323891639709,1019
0.00330281257629,1018
0.00337195396423,1017
0.00345301628113,1016
0.003497838974,1015
0.00358200073242,1014
0.0036518573761,1013
0.00377702713013,1012
0.00383687019348,1011
0.00391888618469,1010
0.00401592254639,1009
0.00406885147095,1008
0.00415897369385,1007
0.00421500205994,1006
0.00425887107849,1005
0.00432586669922,1004
0.00439286231995,1003
0.00447583198547,1002
0.00460696220398,1001
0.00466799736023,1000
0.00472402572632,999
0.00482892990112,998
0.00495481491089,997
0.00506901741028,996
0.00520801544189,995
0.00528502464294,994
0.00533580780029,993
0.0054018497467,992
0.00548386573792,991
0.00554084777832,990
0.0056300163269,989
0.00571584701538,988
0.00577998161316,987
0.00586295127869,986
0.00595593452454,985
0.0060179233551,984
0.00610685348511,983
0.00615000724792,982
0.00622892379761,981
0.00629687309265,980
0.00638699531555,979
0.00647592544556,978
0.00655293464661,977
0.00670599937439,976
0.00690484046936,975
0.00699687004089,974
0.00712299346924,973
0.00718092918396,972
0.00724601745605,971
0.00730681419373,970
0.00738286972046,969
0.00761985778809,968
0.00770688056946,967
0.00777792930603,966
0.00784492492676,965
0.00791001319885,964
0.00799703598022,963
0.00808095932007,962
0.00813293457031,961
0.00823283195496,960
0.0082848072052,959
0.00837397575378,958
0.0084388256073,957
0.00851082801819,956
0.00857996940613,955
0.00862789154053,954
0.00869989395142,953
0.00885081291199,952
0.00891280174255,951
0.00897598266602,950
0.00910401344299,949
0.00919485092163,948
0.00933384895325,947
0.00947785377502,946
0.0095579624176,945
0.00966882705688,944
0.00976586341858,943
0.00993299484253,942
0.0101428031921,941
0.0101978778839,940
0.0103459358215,939
0.0104959011078,938
0.0105738639832,937
0.0106339454651,936
0.0107989311218,935
0.0108799934387,934
0.0110948085785,933
0.0111489295959,932
0.0112228393555,931
0.0112910270691,930
0.0113708972931,929
0.0116119384766,928
0.0117168426514,927
0.0118088722229,926
0.011885881424,925
0.0119979381561,924
0.0121428966522,923
0.0121948719025,922
0.0122418403625,921
0.0123620033264,920
0.0124409198761,919
0.0124900341034,918
0.0125908851624,917
0.0128238201141,916
0.0129499435425,915
0.0130069255829,914
0.0130798816681,913
0.0131769180298,912
0.0132260322571,911
0.0133509635925,910
0.0133988857269,909
0.0134489536285,908
0.0135300159454,907
0.0135958194733,906
0.0137968063354,905
0.0138378143311,904
0.0141878128052,903
0.0142359733582,902
0.0143120288849,901
0.0143489837646,900
0.0145378112793,899
0.0146858692169,898
0.0147829055786,897
0.014860868454,896
0.0149309635162,895
0.0150668621063,894
0.0152928829193,893
0.0153448581696,892
0.0155639648438,891
0.0156610012054,890
0.0158648490906,889
0.0160818099976,888
0.0161428451538,887
0.0162768363953,886
0.016382932663,885
0.0165269374847,884
0.0167028903961,883
0.0168528556824,882
0.0170528888702,881
0.0173399448395,880
0.0174899101257,879
0.0176479816437,878
0.0176978111267,877
0.0177578926086,876
0.0178289413452,875
0.0179328918457,874
0.0179889202118,873
0.0181279182434,872
0.0182750225067,871
0.0183198451996,870
0.0184438228607,869
0.0184860229492,868
0.0186250209808,867
0.0187349319458,866
0.0192728042603,865
0.0193948745728,864
0.0194599628448,863
0.0197668075562,862
0.0199158191681,861
0.019984960556,860
0.0200388431549,859
0.0201568603516,858
0.0202598571777,857
0.020406961441,856
0.0205328464508,855
0.0207448005676,854
0.0209879875183,853
0.021066904068,852
0.0213289260864,851
0.0215499401093,850
0.0218548774719,849
0.0222380161285,848
0.0222978591919,847
0.0223488807678,846
0.0225529670715,845
0.022754907608,844
0.0229489803314,843
0.0233669281006,842
0.0235848426819,841
0.02374792099,840
0.0238418579102,839
0.0242049694061,838
0.0243439674377,837
0.0244019031525,836
0.0244519710541,835
0.0248959064484,834
0.0249679088593,833
0.0254139900208,832
0.0256760120392,831
0.026261806488,830
0.026319026947,829
0.0266678333282,828
0.026841878891,827
0.0273408889771,826
0.0275859832764,825
0.0277290344238,824
0.028048992157,823
0.0281548500061,822
0.0283508300781,821
0.0285358428955,820
0.0288228988647,819
0.0288598537445,818
0.0292828083038,817
0.0295648574829,816
0.0296158790588,815
0.0298509597778,814
0.030571937561,813
0.0308399200439,812
0.0308878421783,811
0.0310559272766,810
0.0312268733978,809
0.0315299034119,808
0.0318160057068,807
0.0320918560028,806
0.0326240062714,805
0.0336229801178,804
0.0339179039001,803
0.0341689586639,802
0.0342090129852,801
0.0346529483795,800
0.0351989269257,799
0.0361390113831,798
0.0364389419556,797
0.0374829769135,796
0.0377378463745,795
0.0378539562225,794
0.0381338596344,793
0.0394418239594,792
0.039479970932,791
0.0395269393921,790
0.0397000312805,789
0.039853811264,788
0.0405788421631,787
0.0407729148865,786
0.0409178733826,785
0.041200876236,784
0.0413489341736,783
0.0431799888611,782
0.0438878536224,781
0.0442478656769,780
0.0449168682098,779
0.0462260246277,778
0.0467169284821,777
0.0470378398895,776
0.047376871109,775
0.0476939678192,774
0.05002784729,773
0.0521168708801,772
0.0532698631287,771
0.0563178062439,770
0.0571489334106,769
0.0582158565521,768
0.0588009357452,767
0.0639228820801,766
0.0647459030151,765
0.0673339366913,764
0.0705168247223,763
0.0794949531555,762
0.0796339511871,761
0.0923538208008,760
0.106297969818,759
0.459625959396,758
0.473693847656,757
0.765014886856,756
0.802228927612,755
0.803591966629,754
0.872916936874,753
0.873569965363,752
0.874970912933,751
0.887908935547,750
0.888057947159,749
0.983835935593,748
0.989854812622,747
0.996271848679,746
0.997162818909,745
1.0943570137,744
1.10093593597,743
1.10125684738,742
1.1149289608,741
1.12311291695,740
1.14009380341,739
1.57246780396,738
1.57689785957,737
