0.00595808029175,1132
0.0060338973999,1131
0.00610303878784,1130
0.00616192817688,1129
0.00620794296265,1128
0.00625801086426,1127
0.00631499290466,1126
0.00638294219971,1125
0.00643301010132,1124
0.00650191307068,1123
0.00656890869141,1122
0.0066089630127,1121
0.00666689872742,1120
0.00671410560608,1119
0.00680088996887,1118
0.00696396827698,1117
0.00703406333923,1116
0.00708198547363,1115
0.00713706016541,1114
0.00722289085388,1113
0.00726509094238,1112
0.00734806060791,1111
0.00739502906799,1110
0.00744199752808,1109
0.00751805305481,1108
0.00763392448425,1107
0.00771188735962,1106
0.00779700279236,1105
0.0078489780426,1104
0.00790095329285,1103
0.00796103477478,1102
0.0080258846283,1101
0.00830292701721,1100
0.00837302207947,1099
0.00845003128052,1098
0.00851011276245,1097
0.00858306884766,1096
0.00864005088806,1095
0.00881409645081,1094
0.00885200500488,1093
0.0089008808136,1092
0.00897789001465,1091
0.0090970993042,1090
0.0091450214386,1089
0.00921607017517,1088
0.00927305221558,1087
0.0093400478363,1086
0.00939393043518,1085
0.00958704948425,1084
0.0096390247345,1083
0.00969791412354,1082
0.0098090171814,1081
0.00994300842285,1080
0.0100588798523,1079
0.0102229118347,1078
0.010390996933,1077
0.010468006134,1076
0.010675907135,1075
0.0107369422913,1074
0.010812997818,1073
0.0109090805054,1072
0.0109848976135,1071
0.0112690925598,1070
0.0113589763641,1069
0.0114500522614,1068
0.0114951133728,1067
0.0116140842438,1066
0.0116770267487,1065
0.0117559432983,1064
0.0118560791016,1063
0.011962890625,1062
0.0120151042938,1061
0.0121109485626,1060
0.0124659538269,1059
0.0125539302826,1058
0.0126349925995,1057
0.0129809379578,1056
0.0130670070648,1055
0.0131258964539,1054
0.0132029056549,1053
0.0132939815521,1052
0.0133628845215,1051
0.0134699344635,1050
0.0137529373169,1049
0.0138320922852,1048
0.0139949321747,1047
0.014270067215,1046
0.0145270824432,1045
0.0146420001984,1044
0.0146958827972,1043
0.0148138999939,1042
0.0148639678955,1041
0.0149209499359,1040
0.0150680541992,1039
0.0153810977936,1038
0.0163869857788,1037
0.016459941864,1036
0.0165269374847,1035
0.0166049003601,1034
0.0166690349579,1033
0.0168919563293,1032
0.0169439315796,1031
0.0171630382538,1030
0.0172550678253,1029
0.0173649787903,1028
0.017541885376,1027
0.0176351070404,1026
0.0178289413452,1025
0.0180180072784,1024
0.0180830955505,1023
0.0181729793549,1022
0.0183100700378,1021
0.0185680389404,1020
0.0186340808868,1019
0.0187110900879,1018
0.0190849304199,1017
0.0194180011749,1016
0.0195140838623,1015
0.0195798873901,1014
0.0196549892426,1013
0.0197451114655,1012
0.0200469493866,1011
0.0201940536499,1010
0.0204219818115,1009
0.0204908847809,1008
0.0205929279327,1007
0.0206589698792,1006
0.0208020210266,1005
0.0208818912506,1004
0.0209720134735,1003
0.0211260318756,1002
0.0212779045105,1001
0.021378993988,1000
0.0214560031891,999
0.0217061042786,998
0.0217831134796,997
0.0219149589539,996
0.0222098827362,995
0.022274017334,994
0.0223829746246,993
0.0224549770355,992
0.0230309963226,991
0.0231339931488,990
0.0232510566711,989
0.023365020752,988
0.0234000682831,987
0.0235540866852,986
0.0235910415649,985
0.0236520767212,984
0.0239970684052,983
0.0242459774017,982
0.0243639945984,981
0.0244479179382,980
0.024866104126,979
0.0251131057739,978
0.0252130031586,977
0.0253620147705,976
0.0255448818207,975
0.0258688926697,974
0.0259499549866,973
0.0260000228882,972
0.0262401103973,971
0.0262959003448,970
0.0264151096344,969
0.0267848968506,968
0.0268700122833,967
0.0270519256592,966
0.0272090435028,965
0.0276279449463,964
0.0277268886566,963
0.0278050899506,962
0.0280430316925,961
0.0285360813141,960
0.0289299488068,959
0.0290360450745,958
0.0291309356689,957
0.0293810367584,956
0.0297820568085,955
0.0300269126892,954
0.0302469730377,953
0.0309689044952,952
0.0310680866241,951
0.0315699577332,950
0.0316319465637,949
0.031769990921,948
0.0327780246735,947
0.0330140590668,946
0.0332109928131,945
0.0341300964355,944
0.03449010849,943
0.0346989631653,942
0.0352649688721,941
0.0354731082916,940
0.0356020927429,939
0.0357029438019,938
0.0364379882812,937
0.0367829799652,936
0.036828994751,935
0.0369839668274,934
0.0373070240021,933
0.0373570919037,932
0.037544965744,931
0.0378448963165,930
0.0380539894104,929
0.0382421016693,928
0.0383520126343,927
0.0388789176941,926
0.0390610694885,925
0.0392611026764,924
0.0395650863647,923
0.0396659374237,922
0.039892911911,921
0.0400700569153,920
0.0403909683228,919
0.0413579940796,918
0.0419089794159,917
0.0422830581665,916
0.0425519943237,915
0.0427150726318,914
0.0431590080261,913
0.043417930603,912
0.0437169075012,911
0.0440449714661,910
0.0448319911957,909
0.0451331138611,908
0.0455839633942,907
0.0458979606628,906
0.0495979785919,905
0.0501160621643,904
0.0511939525604,903
0.0515160560608,902
0.0516130924225,901
0.0518970489502,900
0.0520839691162,899
0.053946018219,898
0.054044008255,897
0.0549330711365,896
0.0555770397186,895
0.0559821128845,894
0.0561330318451,893
0.0571160316467,892
0.0574970245361,891
0.0580389499664,890
0.0585880279541,889
0.0586409568787,888
0.0590810775757,887
0.0599050521851,886
0.0599598884583,885
0.0606999397278,884
0.0609309673309,883
0.0616819858551,882
0.0617849826813,881
0.0622179508209,880
0.0624120235443,879
0.0628418922424,878
0.0628809928894,877
0.0634748935699,876
0.0640840530396,875
0.0644919872284,874
0.0652461051941,873
0.0655279159546,872
0.0659000873566,871
0.0659580230713,870
0.0684380531311,869
0.0702319145203,868
0.0709459781647,867
0.071161031723,866
0.0715579986572,865
0.0719230175018,864
0.0723910331726,863
0.0725018978119,862
0.0727300643921,861
0.0730600357056,860
0.0734529495239,859
0.0738799571991,858
0.0742599964142,857
0.0749249458313,856
0.0755569934845,855
0.0759220123291,854
0.076150894165,853
0.0765240192413,852
0.0769870281219,851
0.077122926712,850
0.0772409439087,849
0.0773279666901,848
0.0778748989105,847
0.0781049728394,846
0.0785329341888,845
0.0787160396576,844
0.0789868831635,843
0.079185962677,842
0.0793828964233,841
0.0800940990448,840
0.0807049274445,839
0.081109046936,838
0.0822219848633,837
0.0823090076447,836
0.0836598873138,835
0.0841090679169,834
0.0848119258881,833
0.0848898887634,832
0.0850260257721,831
0.0852670669556,830
0.0859360694885,829
0.0863420963287,828
0.0866620540619,827
0.0875060558319,826
0.0880808830261,825
0.0898020267487,824
0.0900859832764,823
0.0904409885406,822
0.0910260677338,821
0.0923619270325,820
0.0924229621887,819
0.0929899215698,818
0.0932040214539,817
0.0934269428253,816
0.0937240123749,815
0.0939600467682,814
0.0943288803101,813
0.0959680080414,812
0.0981380939484,811
0.0981900691986,810
0.098464012146,809
0.0986030101776,808
0.099081993103,807
0.0993659496307,806
0.101118087769,805
0.102107048035,804
0.102421998978,803
0.102679014206,802
0.103080034256,801
0.103348970413,800
0.103564023972,799
0.1042740345,798
0.105756044388,797
0.105999946594,796
0.107569932938,795
0.108128070831,794
0.109713077545,793
0.110063076019,792
0.110305070877,791
0.110496997833,790
0.110871076584,789
0.111286878586,788
0.112169981003,787
0.112845897675,786
0.113447904587,785
0.113629102707,784
0.114469051361,783
0.115041017532,782
0.115763902664,781
0.11617898941,780
0.117258071899,779
0.1173350811,778
0.117389917374,777
0.117886066437,776
0.118140935898,775
0.118566989899,774
0.119682073593,773
0.120069980621,772
0.120527982712,771
0.12083697319,770
0.121027946472,769
0.12108206749,768
0.122287988663,767
0.122960090637,766
0.123612880707,765
0.123951911926,764
0.12401509285,763
0.125001907349,762
0.125624895096,761
0.127911090851,760
0.129015922546,759
0.129152059555,758
0.129657030106,757
0.129853010178,756
0.129972934723,755
0.13019490242,754
0.132014036179,753
0.132646083832,752
0.133060932159,751
0.134082078934,750
0.134294986725,749
0.134696960449,748
0.135030984879,747
0.13515996933,746
0.135690927505,745
0.136940956116,744
0.1371281147,743
0.137319087982,742
0.137382984161,741
0.137758016586,740
0.137984037399,739
0.140151977539,738
0.140743017197,737
0.143719911575,736
0.144725084305,735
0.144994974136,734
0.145107984543,733
0.146328926086,732
0.14643406868,731
0.146557092667,730
0.148782968521,729
0.150132894516,728
0.150974988937,727
0.151500940323,726
0.152184963226,725
0.153182983398,724
0.153320074081,723
0.153870105743,722
0.154759883881,721
0.1550989151,720
0.155426025391,719
0.15546298027,718
0.156476974487,717
0.15714097023,716
0.157926082611,715
0.159332990646,714
0.160267114639,713
0.160377979279,712
0.161145925522,711
0.165117025375,710
0.165205955505,709
0.165261030197,708
0.165524959564,707
0.165662050247,706
0.16605591774,705
0.168214082718,704
0.169367074966,703
0.169723987579,702
0.17032289505,701
0.170794010162,700
0.171268939972,699
0.171587944031,698
0.172868013382,697
0.172909021378,696
0.173257112503,695
0.175658941269,694
0.175709009171,693
0.178018093109,692
0.178400993347,691
0.180175065994,690
0.180233001709,689
0.180412054062,688
0.18062710762,687
0.180778980255,686
0.182993888855,685
0.183783054352,684
0.184489011765,683
0.185015916824,682
0.187001943588,681
0.187275886536,680
0.188028097153,679
0.189038991928,678
0.189985990524,677
0.190234899521,676
0.190320968628,675
0.190689086914,674
0.195508003235,673
0.195770025253,672
0.196400880814,671
0.198165893555,670
0.198451042175,669
0.19896697998,668
0.199579000473,667
0.200526952744,666
0.202687978745,665
0.205775976181,664
0.207143068314,663
0.207474946976,662
0.372776031494,661
0.373317956924,660
0.383306026459,659
0.388145923615,658
0.529990911484,657
0.534157991409,656
0.538105964661,655
0.539122104645,654
0.540875911713,653
0.544779062271,652
0.551640033722,651
0.554569005966,650
0.562176942825,649
0.760324954987,648
1.51680088043,647
1.51877188683,646
1.52607703209,645
1.52646708488,644
1.5280649662,643
1.52889204025,642
1.53611588478,641
1.55126404762,640
1.5519900322,639
1.55471110344,638
1.55727601051,637
1.76431393623,636
1.97815299034,635
2.17423510551,634
2.17511200905,633
2.54800605774,632
2.55219602585,631
2.55238509178,630
2.75928497314,629
3.1484708786,628
3.14872694016,627
3.34368991852,626
3.35093808174,625
3.35323905945,624
3.35413694382,623
3.73667693138,622
3.73737692833,621
