0.00551891326904,1132
0.00560188293457,1131
0.00565791130066,1130
0.0057520866394,1129
0.00583004951477,1128
0.00592708587646,1127
0.00600600242615,1126
0.00605988502502,1125
0.0061399936676,1124
0.006187915802,1123
0.00628089904785,1122
0.00636005401611,1121
0.00642991065979,1120
0.00648593902588,1119
0.00655102729797,1118
0.00660395622253,1117
0.00668907165527,1116
0.00674700737,1115
0.00698900222778,1114
0.00705599784851,1113
0.00711488723755,1112
0.00716090202332,1111
0.00722694396973,1110
0.00727605819702,1109
0.00733208656311,1108
0.00741600990295,1107
0.00747394561768,1106
0.00751996040344,1105
0.00757789611816,1104
0.00770401954651,1103
0.00778007507324,1102
0.00787591934204,1101
0.00794100761414,1100
0.00799703598022,1099
0.00807404518127,1098
0.00814509391785,1097
0.00820803642273,1096
0.00829291343689,1095
0.00835299491882,1094
0.0084331035614,1093
0.00847792625427,1092
0.0085289478302,1091
0.00872087478638,1090
0.00879001617432,1089
0.00885796546936,1088
0.00892090797424,1087
0.00897789001465,1086
0.00905895233154,1085
0.00914597511292,1084
0.0091860294342,1083
0.00928807258606,1082
0.00934886932373,1081
0.00939607620239,1080
0.0094358921051,1079
0.00964307785034,1078
0.00972390174866,1077
0.00986289978027,1076
0.00994491577148,1075
0.0100080966949,1074
0.0100989341736,1073
0.0101790428162,1072
0.0103120803833,1071
0.0103759765625,1070
0.0105490684509,1069
0.0106198787689,1068
0.010801076889,1067
0.0108680725098,1066
0.010950088501,1065
0.0110259056091,1064
0.0110919475555,1063
0.0111980438232,1062
0.0113558769226,1061
0.0114440917969,1060
0.0117568969727,1059
0.0118110179901,1058
0.0119459629059,1057
0.0121660232544,1056
0.0122120380402,1055
0.0123879909515,1054
0.0124509334564,1053
0.0125789642334,1052
0.012638092041,1051
0.0127100944519,1050
0.0128090381622,1049
0.0129070281982,1048
0.0130100250244,1047
0.013062953949,1046
0.0131089687347,1045
0.0131669044495,1044
0.0133559703827,1043
0.0135278701782,1042
0.0137100219727,1041
0.0139229297638,1040
0.0140030384064,1039
0.014132976532,1038
0.014230966568,1037
0.0143718719482,1036
0.0144350528717,1035
0.0148251056671,1034
0.014967918396,1033
0.0150399208069,1032
0.0151410102844,1031
0.0153229236603,1030
0.0153799057007,1029
0.0154340267181,1028
0.0155549049377,1027
0.0156240463257,1026
0.0158660411835,1025
0.0159709453583,1024
0.0160939693451,1023
0.0163519382477,1022
0.0164079666138,1021
0.0165588855743,1020
0.0166568756104,1019
0.0169770717621,1018
0.0172259807587,1017
0.0172760486603,1016
0.0174119472504,1015
0.017590045929,1014
0.0176758766174,1013
0.0178809165955,1012
0.0179948806763,1011
0.0180470943451,1010
0.0181579589844,1009
0.0182459354401,1008
0.0182991027832,1007
0.0184659957886,1006
0.0187759399414,1005
0.0189778804779,1004
0.019054889679,1003
0.0191309452057,1002
0.019474029541,1001
0.0195510387421,1000
0.0196809768677,999
0.0199379920959,998
0.0205769538879,997
0.0212330818176,996
0.0213179588318,995
0.0214850902557,994
0.0215620994568,993
0.0220520496368,992
0.0221319198608,991
0.0225069522858,990
0.0225899219513,989
0.0226449966431,988
0.0227539539337,987
0.0229370594025,986
0.023041009903,985
0.0233919620514,984
0.0237090587616,983
0.0238020420074,982
0.023983001709,981
0.0250730514526,980
0.0252969264984,979
0.0254130363464,978
0.0262069702148,977
0.0262930393219,976
0.0263960361481,975
0.0266799926758,974
0.0268189907074,973
0.027272939682,972
0.0278489589691,971
0.0281939506531,970
0.0283889770508,969
0.0286030769348,968
0.028923034668,967
0.029953956604,966
0.0302860736847,965
0.0306880474091,964
0.0321109294891,963
0.0323069095612,962
0.0324380397797,961
0.0325839519501,960
0.0337510108948,959
0.0340440273285,958
0.0342690944672,957
0.0350670814514,956
0.035297870636,955
0.0353569984436,954
0.0356540679932,953
0.0357420444489,952
0.0357930660248,951
0.0362498760223,950
0.0363070964813,949
0.0363779067993,948
0.0370860099792,947
0.0372159481049,946
0.0374009609222,945
0.037544965744,944
0.0376970767975,943
0.0380408763885,942
0.0382940769196,941
0.0386309623718,940
0.0388429164886,939
0.0389130115509,938
0.0399010181427,937
0.0399529933929,936
0.0404300689697,935
0.0406920909882,934
0.0411028862,933
0.0412440299988,932
0.0415050983429,931
0.0416629314423,930
0.0418720245361,929
0.0422399044037,928
0.0423340797424,927
0.0426099300385,926
0.0430099964142,925
0.0431849956512,924
0.0438768863678,923
0.0446190834045,922
0.0447468757629,921
0.0448498725891,920
0.0451688766479,919
0.0452399253845,918
0.0453290939331,917
0.0453960895538,916
0.0457179546356,915
0.046294927597,914
0.0467150211334,913
0.0470290184021,912
0.0472569465637,911
0.0478570461273,910
0.0479469299316,909
0.0480148792267,908
0.0485138893127,907
0.048642873764,906
0.0492930412292,905
0.0495219230652,904
0.049614906311,903
0.05060505867,902
0.0507559776306,901
0.0509390830994,900
0.0509939193726,899
0.0512499809265,898
0.0513429641724,897
0.0515699386597,896
0.0517399311066,895
0.0519659519196,894
0.0523159503937,893
0.0528919696808,892
0.0530700683594,891
0.0535891056061,890
0.0536439418793,889
0.0542900562286,888
0.0545830726624,887
0.0549020767212,886
0.0550570487976,885
0.055389881134,884
0.0557448863983,883
0.0559160709381,882
0.0564229488373,881
0.056617975235,880
0.0569069385529,879
0.0570878982544,878
0.057235956192,877
0.0573558807373,876
0.0579478740692,875
0.0583159923553,874
0.0585479736328,873
0.0586090087891,872
0.0586640834808,871
0.0590400695801,870
0.0591270923615,869
0.0595059394836,868
0.0597689151764,867
0.0598609447479,866
0.060142993927,865
0.0608489513397,864
0.0612809658051,863
0.06139087677,862
0.0617699623108,861
0.062273979187,860
0.0628280639648,859
0.0633308887482,858
0.0636038780212,857
0.0637428760529,856
0.0638120174408,855
0.0644469261169,854
0.0646209716797,853
0.0648620128632,852
0.0650939941406,851
0.0656909942627,850
0.0657970905304,849
0.0663990974426,848
0.0664510726929,847
0.0668060779572,846
0.0670158863068,845
0.0670731067657,844
0.0672569274902,843
0.0682148933411,842
0.0682680606842,841
0.0688190460205,840
0.0689299106598,839
0.0692389011383,838
0.0693891048431,837
0.0703670978546,836
0.0708050727844,835
0.0712308883667,834
0.07146692276,833
0.0715661048889,832
0.0724999904633,831
0.0729250907898,830
0.0730729103088,829
0.0732610225677,828
0.0733830928802,827
0.0750420093536,826
0.0751230716705,825
0.0755159854889,824
0.0756828784943,823
0.0759370326996,822
0.0769290924072,821
0.0771279335022,820
0.0773360729218,819
0.0781219005585,818
0.0785050392151,817
0.0787799358368,816
0.0790400505066,815
0.0790979862213,814
0.0794610977173,813
0.0798869132996,812
0.0800890922546,811
0.0803868770599,810
0.0809950828552,809
0.0813319683075,808
0.0822288990021,807
0.0825181007385,806
0.0825560092926,805
0.0827419757843,804
0.08318400383,803
0.0834650993347,802
0.0839030742645,801
0.0844399929047,800
0.0850579738617,799
0.0857300758362,798
0.0859670639038,797
0.087632894516,796
0.0878639221191,795
0.0882749557495,794
0.0883529186249,793
0.0884790420532,792
0.0885820388794,791
0.0886769294739,790
0.0889799594879,789
0.0892419815063,788
0.089427947998,787
0.090185880661,786
0.0910489559174,785
0.0918180942535,784
0.0918920040131,783
0.0919659137726,782
0.0920748710632,781
0.0930819511414,780
0.0932059288025,779
0.0935480594635,778
0.0939540863037,777
0.0942430496216,776
0.0952980518341,775
0.095351934433,774
0.0956480503082,773
0.0967118740082,772
0.0972108840942,771
0.0979681015015,770
0.0988059043884,769
0.0991749763489,768
0.0993959903717,767
0.0995008945465,766
0.0995590686798,765
0.0997850894928,764
0.10044002533,763
0.101013898849,762
0.101423978806,761
0.102109909058,760
0.102489948273,759
0.10306596756,758
0.103699922562,757
0.103748083115,756
0.104188919067,755
0.104594945908,754
0.10465502739,753
0.107239961624,752
0.109433889389,751
0.110176086426,750
0.110274076462,749
0.110742092133,748
0.111299991608,747
0.112742900848,746
0.112993001938,745
0.113633871078,744
0.114295005798,743
0.114446878433,742
0.115146875381,741
0.115395069122,740
0.11750292778,739
0.117635011673,738
0.117830038071,737
0.118048906326,736
0.118344068527,735
0.119388103485,734
0.120761871338,733
0.122080087662,732
0.123023986816,731
0.124994039536,730
0.126621961594,729
0.126695871353,728
0.127676010132,727
0.128114938736,726
0.13095998764,725
0.131411075592,724
0.131530046463,723
0.131592035294,722
0.132477998734,721
0.133272886276,720
0.135220050812,719
0.135518074036,718
0.136698961258,717
0.137006998062,716
0.137206077576,715
0.137605905533,714
0.138200998306,713
0.138318061829,712
0.141292095184,711
0.142136096954,710
0.143027067184,709
0.14306306839,708
0.143301963806,707
0.145735025406,706
0.146358966827,705
0.14772605896,704
0.150038003922,703
0.1502161026,702
0.154247999191,701
0.155133008957,700
0.156967878342,699
0.157974004745,698
0.158323049545,697
0.158900022507,696
0.160405874252,695
0.160978078842,694
0.162313938141,693
0.162839889526,692
0.164030075073,691
0.164324998856,690
0.165381908417,689
0.165493965149,688
0.165838003159,687
0.165983915329,686
0.166802883148,685
0.167994022369,684
0.170213937759,683
0.173065900803,682
0.173430919647,681
0.173655986786,680
0.174953937531,679
0.175457000732,678
0.176614999771,677
0.176723957062,676
0.177844047546,675
0.180600881577,674
0.186947107315,673
0.187360048294,672
0.189543962479,671
0.192815065384,670
0.194201946259,669
0.194854021072,668
0.195569038391,667
0.19792509079,666
0.375850915909,665
0.376107931137,664
0.907191038132,663
0.913557052612,662
0.913625955582,661
0.916438102722,660
0.918195009232,659
0.919230937958,658
0.921391010284,657
0.922590970993,656
0.926425933838,655
0.928696870804,654
0.928822040558,653
0.932434082031,652
0.945446014404,651
0.948282003403,650
0.948395967484,649
0.948837995529,648
0.956445932388,647
1.14314508438,646
1.14986896515,645
1.15141487122,644
1.3015460968,643
1.30572199821,642
1.31540298462,641
1.32186102867,640
1.3225979805,639
1.33828496933,638
1.33906507492,637
2.09140610695,636
2.09285092354,635
2.10702610016,634
2.10952806473,633
2.47737789154,632
2.6562359333,631
2.65654802322,630
2.85896110535,629
2.85901808739,628
2.86059188843,627
3.04652500153,626
3.04770898819,625
3.04777288437,624
3.23638892174,623
3.80743098259,622
