0.00574493408203,1132
0.00583004951477,1131
0.00591397285461,1130
0.00597500801086,1129
0.00603199005127,1128
0.0060920715332,1127
0.00614595413208,1126
0.00619602203369,1125
0.0062620639801,1124
0.00631594657898,1123
0.00639390945435,1122
0.00647592544556,1121
0.00651907920837,1120
0.0065929889679,1119
0.00665903091431,1118
0.00675010681152,1117
0.00682711601257,1116
0.00693202018738,1115
0.00700402259827,1114
0.00707197189331,1113
0.00713109970093,1112
0.00722098350525,1111
0.00727510452271,1110
0.00731992721558,1109
0.00738310813904,1108
0.00749707221985,1107
0.00763511657715,1106
0.00772309303284,1105
0.00778698921204,1104
0.00787305831909,1103
0.00794291496277,1102
0.00806403160095,1101
0.00825095176697,1100
0.00839591026306,1099
0.00850009918213,1098
0.00861096382141,1097
0.00865697860718,1096
0.00889110565186,1095
0.00895190238953,1094
0.00910210609436,1093
0.00931191444397,1092
0.00938010215759,1091
0.00945591926575,1090
0.00955009460449,1089
0.00985097885132,1088
0.00995397567749,1087
0.010027885437,1086
0.0101280212402,1085
0.0102100372314,1084
0.0102798938751,1083
0.0103390216827,1082
0.010507106781,1081
0.0105760097504,1080
0.0108110904694,1079
0.0109059810638,1078
0.0109760761261,1077
0.0110409259796,1076
0.0111858844757,1075
0.0112500190735,1074
0.0113010406494,1073
0.011353969574,1072
0.0115740299225,1071
0.0117230415344,1070
0.0118930339813,1069
0.0121428966522,1068
0.0123989582062,1067
0.0124399662018,1066
0.0125539302826,1065
0.0126180648804,1064
0.0126950740814,1063
0.0127930641174,1062
0.0128769874573,1061
0.0129508972168,1060
0.013072013855,1059
0.013130903244,1058
0.0132069587708,1057
0.0133199691772,1056
0.013475894928,1055
0.0136740207672,1054
0.0138990879059,1053
0.0142719745636,1052
0.0143508911133,1051
0.0144228935242,1050
0.0144739151001,1049
0.0146300792694,1048
0.0147149562836,1047
0.0149149894714,1046
0.0150270462036,1045
0.0151801109314,1044
0.0152270793915,1043
0.0153110027313,1042
0.0153810977936,1041
0.0154399871826,1040
0.0154991149902,1039
0.0155620574951,1038
0.0156939029694,1037
0.0160570144653,1036
0.0161960124969,1035
0.0163590908051,1034
0.0168099403381,1033
0.0170209407806,1032
0.0171880722046,1031
0.0173349380493,1030
0.0175030231476,1029
0.0175809860229,1028
0.0177710056305,1027
0.0178248882294,1026
0.0178968906403,1025
0.017982006073,1024
0.01811003685,1023
0.0181879997253,1022
0.0182349681854,1021
0.0183229446411,1020
0.0184240341187,1019
0.0185060501099,1018
0.0189180374146,1017
0.018984079361,1016
0.0191640853882,1015
0.019268989563,1014
0.0193901062012,1013
0.019455909729,1012
0.0196681022644,1011
0.019767999649,1010
0.0200970172882,1009
0.020327091217,1008
0.0204501152039,1007
0.0206410884857,1006
0.0208399295807,1005
0.020975112915,1004
0.0210928916931,1003
0.0211551189423,1002
0.0212059020996,1001
0.0213220119476,1000
0.0215210914612,999
0.0216379165649,998
0.0217669010162,997
0.02184009552,996
0.0219271183014,995
0.0220370292664,994
0.0221030712128,993
0.0224950313568,992
0.0225551128387,991
0.0226349830627,990
0.0228168964386,989
0.0230031013489,988
0.0231668949127,987
0.0233509540558,986
0.0239889621735,985
0.0240340232849,984
0.0241689682007,983
0.0242350101471,982
0.0256359577179,981
0.026113986969,980
0.026181936264,979
0.0263240337372,978
0.0268170833588,977
0.0270071029663,976
0.0274209976196,975
0.0275049209595,974
0.0276420116425,973
0.0276889801025,972
0.0278570652008,971
0.0279729366302,970
0.0282719135284,969
0.0285980701447,968
0.0287239551544,967
0.0289490222931,966
0.0290360450745,965
0.0291440486908,964
0.0292510986328,963
0.0301749706268,962
0.0304710865021,961
0.0308389663696,960
0.031044960022,959
0.0317831039429,958
0.0318660736084,957
0.0319519042969,956
0.0324630737305,955
0.0325400829315,954
0.0326271057129,953
0.0328800678253,952
0.0333869457245,951
0.0335209369659,950
0.0337080955505,949
0.0341539382935,948
0.0343120098114,947
0.0344240665436,946
0.0347859859467,945
0.035227060318,944
0.035542011261,943
0.0356070995331,942
0.035756111145,941
0.03595495224,940
0.0362200737,939
0.0363450050354,938
0.0367059707642,937
0.0371179580688,936
0.0373139381409,935
0.0374140739441,934
0.0385069847107,933
0.0386838912964,932
0.0392138957977,931
0.0392909049988,930
0.0394690036774,929
0.0395650863647,928
0.0396389961243,927
0.0399010181427,926
0.0399670600891,925
0.0400331020355,924
0.0404779911041,923
0.0406510829926,922
0.0406930446625,921
0.0409779548645,920
0.0410709381104,919
0.0413959026337,918
0.0416839122772,917
0.041729927063,916
0.0422360897064,915
0.0426440238953,914
0.0433900356293,913
0.0436840057373,912
0.0437390804291,911
0.0439291000366,910
0.044065952301,909
0.0441150665283,908
0.0444059371948,907
0.0445239543915,906
0.0446050167084,905
0.0446670055389,904
0.0460619926453,903
0.0464580059052,902
0.04807305336,901
0.0481278896332,900
0.0484778881073,899
0.0486888885498,898
0.048877954483,897
0.0489420890808,896
0.0494940280914,895
0.0500619411469,894
0.0501470565796,893
0.0504760742188,892
0.050803899765,891
0.0508780479431,890
0.0514450073242,889
0.0518488883972,888
0.0527369976044,887
0.0528299808502,886
0.0533440113068,885
0.0534679889679,884
0.0536561012268,883
0.0538280010223,882
0.054251909256,881
0.0550799369812,880
0.0551769733429,879
0.0552461147308,878
0.0556390285492,877
0.0557990074158,876
0.056380033493,875
0.0566110610962,874
0.0570120811462,873
0.0572130680084,872
0.0577750205994,871
0.0580179691315,870
0.058247089386,869
0.0583689212799,868
0.0587210655212,867
0.0588159561157,866
0.0592930316925,865
0.0597310066223,864
0.0605819225311,863
0.0611689090729,862
0.0612270832062,861
0.0624299049377,860
0.0630369186401,859
0.0637669563293,858
0.0642540454865,857
0.0646250247955,856
0.0648639202118,855
0.0651960372925,854
0.0653779506683,853
0.0659210681915,852
0.0660429000854,851
0.066477060318,850
0.0665519237518,849
0.0666649341583,848
0.067106962204,847
0.0676701068878,846
0.0697989463806,845
0.0700790882111,844
0.0704920291901,843
0.0713291168213,842
0.072154045105,841
0.0722210407257,840
0.0724198818207,839
0.0725009441376,838
0.0730020999908,837
0.0730640888214,836
0.0733649730682,835
0.0735340118408,834
0.0736000537872,833
0.0743610858917,832
0.074716091156,831
0.0748369693756,830
0.0751359462738,829
0.0754680633545,828
0.0762860774994,827
0.0767130851746,826
0.0772869586945,825
0.0775620937347,824
0.0780999660492,823
0.0788569450378,822
0.079097032547,821
0.0797231197357,820
0.0799810886383,819
0.0804660320282,818
0.0806550979614,817
0.0817348957062,816
0.0825200080872,815
0.0834040641785,814
0.0843639373779,813
0.084568977356,812
0.084743976593,811
0.0851790904999,810
0.086925983429,809
0.087956905365,808
0.0881140232086,807
0.0882029533386,806
0.0884139537811,805
0.0884869098663,804
0.0886390209198,803
0.0888159275055,802
0.089252948761,801
0.0903179645538,800
0.0908041000366,799
0.0908749103546,798
0.0910220146179,797
0.0913009643555,796
0.0915839672089,795
0.0919260978699,794
0.0924210548401,793
0.0929379463196,792
0.0941948890686,791
0.094918012619,790
0.0960209369659,789
0.0963749885559,788
0.0967650413513,787
0.0972909927368,786
0.0974459648132,785
0.0976669788361,784
0.0985720157623,783
0.0994980335236,782
0.0997369289398,781
0.101241111755,780
0.102030038834,779
0.102189064026,778
0.103136062622,777
0.103632926941,776
0.103991985321,775
0.104716062546,774
0.105133056641,773
0.106038093567,772
0.106239080429,771
0.106331110001,770
0.106436014175,769
0.106607913971,768
0.107404947281,767
0.109580039978,766
0.110342979431,765
0.111521959305,764
0.115896940231,763
0.11615395546,762
0.117177009583,761
0.11785697937,760
0.11826300621,759
0.119678020477,758
0.120188951492,757
0.120265007019,756
0.120805978775,755
0.121145963669,754
0.122191905975,753
0.123119115829,752
0.124560117722,751
0.12544298172,750
0.126010894775,749
0.126435041428,748
0.126595973969,747
0.12703204155,746
0.127151966095,745
0.127475976944,744
0.127883911133,743
0.128154993057,742
0.129481077194,741
0.129897117615,740
0.130650043488,739
0.13185095787,738
0.133332014084,737
0.133609056473,736
0.135916948318,735
0.137862920761,734
0.139727115631,733
0.140362977982,732
0.140681028366,731
0.141486883163,730
0.143234968185,729
0.143786907196,728
0.146074056625,727
0.146441936493,726
0.146490097046,725
0.148559093475,724
0.14960193634,723
0.149936914444,722
0.151520013809,721
0.151609897614,720
0.153660058975,719
0.154166936874,718
0.155076026917,717
0.155396938324,716
0.155463933945,715
0.155734062195,714
0.155826091766,713
0.157118082047,712
0.15904211998,711
0.160989046097,710
0.161128997803,709
0.161546945572,708
0.163840055466,707
0.165404081345,706
0.166357040405,705
0.169121980667,704
0.169960975647,703
0.170696973801,702
0.171653985977,701
0.173368930817,700
0.176428079605,699
0.178054094315,698
0.179088115692,697
0.179239988327,696
0.181015968323,695
0.181621074677,694
0.182853937149,693
0.183067083359,692
0.184138059616,691
0.185908079147,690
0.186495065689,689
0.187731981277,688
0.188680887222,687
0.192980051041,686
0.200680971146,685
0.203715085983,684
0.206051111221,683
0.206115007401,682
0.208211898804,681
0.208652973175,680
0.213490962982,679
0.216604948044,678
0.219242095947,677
0.220861911774,676
0.221177101135,675
0.222872972488,674
0.223609924316,673
0.226259946823,672
0.227066993713,671
0.415087938309,670
0.418519020081,669
0.421509027481,668
0.427063941956,667
0.428766012192,666
0.432450056076,665
0.635623931885,664
0.639204978943,663
0.640149116516,662
0.645828008652,661
0.814623117447,660
0.816060066223,659
0.816732883453,658
0.820483922958,657
0.821261882782,656
0.822082042694,655
1.02097296715,654
1.16825509071,653
1.17506599426,652
1.17545294762,651
1.1774969101,650
1.18851304054,649
1.18920111656,648
1.19394993782,647
1.19873189926,646
1.20589709282,645
1.21312093735,644
1.5957839489,643
1.60024595261,642
1.97998905182,641
1.98495411873,640
1.98865604401,639
2.14634895325,638
2.15550589561,637
2.16566109657,636
2.17323708534,635
2.17647409439,634
2.71187400818,633
2.71265101433,632
2.71998310089,631
2.72058701515,630
2.72147297859,629
2.89445209503,628
2.90076398849,627
2.91133308411,626
2.91154003143,625
2.93383097649,624
3.09964394569,623
3.1121609211,622
3.29894208908,621
3.30306792259,620
3.31260108948,619
