0.00526309013367,1132
0.00532507896423,1131
0.00540208816528,1130
0.00548410415649,1129
0.00553321838379,1128
0.00560998916626,1127
0.00569415092468,1126
0.0057520866394,1125
0.00580716133118,1124
0.00586009025574,1123
0.00593209266663,1122
0.0060350894928,1121
0.00611114501953,1120
0.00619602203369,1119
0.00627303123474,1118
0.00634503364563,1117
0.00640916824341,1116
0.00649619102478,1115
0.00654006004333,1114
0.0065860748291,1113
0.00663709640503,1112
0.0067150592804,1111
0.00686812400818,1110
0.00691509246826,1109
0.00703811645508,1108
0.0070960521698,1107
0.00725221633911,1106
0.00729918479919,1105
0.00735521316528,1104
0.00748014450073,1103
0.00755906105042,1102
0.00762820243835,1101
0.00768303871155,1100
0.0077850818634,1099
0.00782299041748,1098
0.00794506072998,1097
0.00800704956055,1096
0.00810217857361,1095
0.00821399688721,1094
0.00831007957458,1093
0.00849604606628,1092
0.0085461139679,1091
0.00865721702576,1090
0.0087571144104,1089
0.0088050365448,1088
0.00887203216553,1087
0.00897598266602,1086
0.00903511047363,1085
0.009113073349,1084
0.00915217399597,1083
0.00921010971069,1082
0.00926303863525,1081
0.00948119163513,1080
0.00952816009521,1079
0.00973916053772,1078
0.00991702079773,1077
0.00996708869934,1076
0.0100500583649,1075
0.0102021694183,1074
0.0102641582489,1073
0.0105290412903,1072
0.010617017746,1071
0.0106680393219,1070
0.010724067688,1069
0.0107882022858,1068
0.0108561515808,1067
0.0109171867371,1066
0.010968208313,1065
0.0110440254211,1064
0.0112102031708,1063
0.0112969875336,1062
0.0114691257477,1061
0.0115160942078,1060
0.0115840435028,1059
0.0116441249847,1058
0.0117440223694,1057
0.0118381977081,1056
0.0118961334229,1055
0.011981010437,1054
0.0122439861298,1053
0.0123209953308,1052
0.0124151706696,1051
0.0125880241394,1050
0.0126321315765,1049
0.0126910209656,1048
0.0128090381622,1047
0.012974023819,1046
0.0130372047424,1045
0.013435125351,1044
0.0135941505432,1043
0.0136590003967,1042
0.0138230323792,1041
0.01393699646,1040
0.0140080451965,1039
0.0142321586609,1038
0.0143041610718,1037
0.0143461227417,1036
0.0143911838531,1035
0.0145289897919,1034
0.0145950317383,1033
0.0146679878235,1032
0.0147860050201,1031
0.0148320198059,1030
0.0149321556091,1029
0.014986038208,1028
0.0153341293335,1027
0.0155010223389,1026
0.0155839920044,1025
0.0156931877136,1024
0.015946149826,1023
0.0160501003265,1022
0.0161280632019,1021
0.0162591934204,1020
0.0163822174072,1019
0.0164551734924,1018
0.016597032547,1017
0.0166811943054,1016
0.0168070793152,1015
0.0168430805206,1014
0.0170481204987,1013
0.0172741413116,1012
0.017468214035,1011
0.0178070068359,1010
0.0179460048676,1009
0.0180230140686,1008
0.0181090831757,1007
0.0181701183319,1006
0.0183131694794,1005
0.0185031890869,1004
0.0185580253601,1003
0.0187830924988,1002
0.0192441940308,1001
0.0194010734558,1000
0.0195171833038,999
0.0197281837463,998
0.0198361873627,997
0.0201201438904,996
0.0201621055603,995
0.0201990604401,994
0.0202450752258,993
0.0203461647034,992
0.0204951763153,991
0.0206580162048,990
0.020937204361,989
0.021094083786,988
0.0214011669159,987
0.0214941501617,986
0.0217771530151,985
0.0220000743866,984
0.0224840641022,983
0.0225210189819,982
0.0226771831512,981
0.0229480266571,980
0.0230321884155,979
0.0232441425323,978
0.023285150528,977
0.0233500003815,976
0.0234761238098,975
0.0236740112305,974
0.023716211319,973
0.0238621234894,972
0.02401304245,971
0.0243141651154,970
0.0243561267853,969
0.0244500637054,968
0.0246419906616,967
0.0246810913086,966
0.0249121189117,965
0.0251791477203,964
0.0252561569214,963
0.0257601737976,962
0.0258851051331,961
0.0269520282745,960
0.0271580219269,959
0.0274641513824,958
0.027880191803,957
0.0280501842499,956
0.0283081531525,955
0.0283551216125,954
0.0288321971893,953
0.0290861129761,952
0.0293211936951,951
0.0297040939331,950
0.0304350852966,949
0.0307140350342,948
0.0308430194855,947
0.0313861370087,946
0.0315041542053,945
0.0315890312195,944
0.0317370891571,943
0.0318701267242,942
0.0323121547699,941
0.0325920581818,940
0.0330262184143,939
0.0332810878754,938
0.0333580970764,937
0.0335001945496,936
0.0337331295013,935
0.0340991020203,934
0.0341780185699,933
0.0343210697174,932
0.0344371795654,931
0.0345029830933,930
0.03457903862,929
0.0352830886841,928
0.0357601642609,927
0.0364151000977,926
0.0369071960449,925
0.0375070571899,924
0.0382192134857,923
0.0383250713348,922
0.0384850502014,921
0.0385591983795,920
0.0387802124023,919
0.0390470027924,918
0.0390992164612,917
0.0396211147308,916
0.0398380756378,915
0.0399980545044,914
0.0402212142944,913
0.0402801036835,912
0.0403339862823,911
0.0404181480408,910
0.0404920578003,909
0.0406820774078,908
0.0408120155334,907
0.0408980846405,906
0.04132604599,905
0.0416901111603,904
0.0422191619873,903
0.0423171520233,902
0.042503118515,901
0.0425770282745,900
0.0432071685791,899
0.0434241294861,898
0.0438261032104,897
0.0441670417786,896
0.0452311038971,895
0.045618057251,894
0.0463140010834,893
0.0465819835663,892
0.0467150211334,891
0.0468890666962,890
0.0474572181702,889
0.0476760864258,888
0.0477302074432,887
0.0482380390167,886
0.0485620498657,885
0.048965215683,884
0.0492441654205,883
0.0493521690369,882
0.0494861602783,881
0.0495851039886,880
0.0498280525208,879
0.0499970912933,878
0.0507881641388,877
0.0512280464172,876
0.0514900684357,875
0.0516521930695,874
0.0517830848694,873
0.0520579814911,872
0.0521581172943,871
0.0525031089783,870
0.052579164505,869
0.0532970428467,868
0.0540940761566,867
0.0541331768036,866
0.0545570850372,865
0.0548350811005,864
0.0554871559143,863
0.0561020374298,862
0.0562951564789,861
0.0566701889038,860
0.0568690299988,859
0.0570940971375,858
0.0573341846466,857
0.0576171875,856
0.0581641197205,855
0.0582041740417,854
0.059100151062,853
0.0594930648804,852
0.0602021217346,851
0.0604832172394,850
0.0605750083923,849
0.0606122016907,848
0.0608282089233,847
0.0611860752106,846
0.0615651607513,845
0.0617401599884,844
0.0618100166321,843
0.0620450973511,842
0.0635640621185,841
0.0636270046234,840
0.0637919902802,839
0.0638530254364,838
0.0639650821686,837
0.0641121864319,836
0.0642540454865,835
0.0642890930176,834
0.0649011135101,833
0.0650310516357,832
0.0655500888824,831
0.0656850337982,830
0.0670161247253,829
0.0686030387878,828
0.0690941810608,827
0.0693061351776,826
0.0695660114288,825
0.0696580410004,824
0.0697600841522,823
0.0703041553497,822
0.07053399086,821
0.0716881752014,820
0.0717470645905,819
0.0722260475159,818
0.0730051994324,817
0.0745160579681,816
0.0745911598206,815
0.0755290985107,814
0.0769720077515,813
0.0776660442352,812
0.0779750347137,811
0.0782561302185,810
0.0790920257568,809
0.0796871185303,808
0.0802490711212,807
0.0805242061615,806
0.0806350708008,805
0.0809872150421,804
0.0811359882355,803
0.0814890861511,802
0.0816240310669,801
0.0818290710449,800
0.0822501182556,799
0.0823490619659,798
0.0836050510406,797
0.0838811397552,796
0.0850481987,795
0.0852692127228,794
0.0857841968536,793
0.086109161377,792
0.0898401737213,791
0.0899591445923,790
0.0900371074677,789
0.0901141166687,788
0.0918831825256,787
0.0930991172791,786
0.0931570529938,785
0.0937390327454,784
0.0939660072327,783
0.0941250324249,782
0.0961639881134,781
0.0963079929352,780
0.0968060493469,779
0.0968542098999,778
0.099258184433,777
0.0994491577148,776
0.100042104721,775
0.101795196533,774
0.10346198082,773
0.105381011963,772
0.10586309433,771
0.105913162231,770
0.106693029404,769
0.107483148575,768
0.107587099075,767
0.109273195267,766
0.109336137772,765
0.109997987747,764
0.110291004181,763
0.111262083054,762
0.111391067505,761
0.111939191818,760
0.113017082214,759
0.113165140152,758
0.113869190216,757
0.114457130432,756
0.115334033966,755
0.116979122162,754
0.117242097855,753
0.117407083511,752
0.117837190628,751
0.118232011795,750
0.11853313446,749
0.118807077408,748
0.121896028519,747
0.122856140137,746
0.122944116592,745
0.124207019806,744
0.125880002975,743
0.126367092133,742
0.128436088562,741
0.129004001617,740
0.129640102386,739
0.130244016647,738
0.13249707222,737
0.133605003357,736
0.134095191956,735
0.135927200317,734
0.137126207352,733
0.13839507103,732
0.138786077499,731
0.139063119888,730
0.139599084854,729
0.140821218491,728
0.140910148621,727
0.143096208572,726
0.143247127533,725
0.143579006195,724
0.144637107849,723
0.145990133286,722
0.146767139435,721
0.149493217468,720
0.150150060654,719
0.151131153107,718
0.151458024979,717
0.15225315094,716
0.153027057648,715
0.153341054916,714
0.15453004837,713
0.15487909317,712
0.155052185059,711
0.155410051346,710
0.155615091324,709
0.156387090683,708
0.156536102295,707
0.157747030258,706
0.158016204834,705
0.158885002136,704
0.158977031708,703
0.160348176956,702
0.161947011948,701
0.163411140442,700
0.164370059967,699
0.165140151978,698
0.165536165237,697
0.167673110962,696
0.167918205261,695
0.17054605484,694
0.171766042709,693
0.172569990158,692
0.173117160797,691
0.174452066422,690
0.175850152969,689
0.178019046783,688
0.178373098373,687
0.179038047791,686
0.17934513092,685
0.179925203323,684
0.180078983307,683
0.180814027786,682
0.183169126511,681
0.184147119522,680
0.18572306633,679
0.188445091248,678
0.188621997833,677
0.190359115601,676
0.190723180771,675
0.192439079285,674
0.195793151855,673
0.196019172668,672
0.19629907608,671
0.372306108475,670
0.561713218689,669
0.563102006912,668
0.563381195068,667
0.566210985184,666
0.744437217712,665
0.749490022659,664
0.894156217575,663
0.894333124161,662
0.89515709877,661
0.904897212982,660
0.908967018127,659
0.909468173981,658
0.913505077362,657
0.918776988983,656
0.928969144821,655
0.934584140778,654
1.11808204651,653
1.12066411972,652
1.12203502655,651
1.30595207214,650
1.31165909767,649
1.50172805786,648
1.50368714333,647
1.50477218628,646
1.68658208847,645
1.69376015663,644
1.69502711296,643
1.70146918297,642
1.70721507072,641
2.06417512894,640
2.06980109215,639
2.07137012482,638
2.07191300392,637
2.07411503792,636
2.07793521881,635
2.07810902596,634
2.08663606644,633
2.22901201248,632
2.23033618927,631
2.24256920815,630
2.25163602829,629
2.25391221046,628
2.44391012192,627
2.45339918137,626
2.64277815819,625
3.5911450386,624
3.92741417885,623
3.92776012421,622
3.94034218788,621
