0.0453028678894,7609
0.0457909107208,7608
0.0460889339447,7607
0.0465919971466,7606
0.0471138954163,7605
0.0474789142609,7604
0.0479009151459,7603
0.0483899116516,7602
0.0489540100098,7601
0.0492599010468,7600
0.0498750209808,7599
0.0502309799194,7598
0.0508089065552,7597
0.0512099266052,7596
0.0515258312225,7595
0.0518310070038,7594
0.052179813385,7593
0.0526609420776,7592
0.0531098842621,7591
0.053680896759,7590
0.0541019439697,7589
0.0544559955597,7588
0.0549259185791,7587
0.0553758144379,7586
0.0560078620911,7585
0.0563318729401,7584
0.056648015976,7583
0.0570030212402,7582
0.057464838028,7581
0.0579509735107,7580
0.0583169460297,7579
0.0588829517365,7578
0.0596299171448,7577
0.0600910186768,7576
0.0607469081879,7575
0.0611069202423,7574
0.0616598129272,7573
0.0620918273926,7572
0.0624799728394,7571
0.0628018379211,7570
0.0632429122925,7569
0.0637669563293,7568
0.0642139911652,7567
0.0647020339966,7566
0.0651769638062,7565
0.0656008720398,7564
0.0661289691925,7563
0.0668659210205,7562
0.0673048496246,7561
0.0677928924561,7560
0.0681109428406,7559
0.0684750080109,7558
0.0688810348511,7557
0.0693969726562,7556
0.0700500011444,7555
0.0704708099365,7554
0.0711209774017,7553
0.0717639923096,7552
0.0721879005432,7551
0.0724918842316,7550
0.0729470252991,7549
0.0733749866486,7548
0.0739498138428,7547
0.0746009349823,7546
0.0751628875732,7545
0.0757780075073,7544
0.0763428211212,7543
0.0769379138947,7542
0.0775129795074,7541
0.0778169631958,7540
0.0783789157867,7539
0.0788178443909,7538
0.0792169570923,7537
0.0795729160309,7536
0.0798659324646,7535
0.080139875412,7534
0.0807499885559,7533
0.0810418128967,7532
0.0814628601074,7531
0.0818250179291,7530
0.0822048187256,7529
0.0826098918915,7528
0.0830779075623,7527
0.0834698677063,7526
0.0837409496307,7525
0.0843229293823,7524
0.0848488807678,7523
0.0854229927063,7522
0.0857670307159,7521
0.0862498283386,7520
0.0868678092957,7519
0.0872218608856,7518
0.0875020027161,7517
0.0880529880524,7516
0.0885448455811,7515
0.0889949798584,7514
0.0899729728699,7513
0.0908269882202,7512
0.0911908149719,7511
0.0915219783783,7510
0.0918040275574,7509
0.092236995697,7508
0.0928428173065,7507
0.0934770107269,7506
0.0940518379211,7505
0.0944459438324,7504
0.094722032547,7503
0.0957100391388,7502
0.0961849689484,7501
0.0965919494629,7500
0.0970089435577,7499
0.0973269939423,7498
0.0977840423584,7497
0.098091840744,7496
0.0986428260803,7495
0.0989508628845,7494
0.0995109081268,7493
0.0998759269714,7492
0.10032582283,7491
0.100912809372,7490
0.101207017899,7489
0.10152387619,7488
0.101910829544,7487
0.102442026138,7486
0.103271961212,7485
0.103577852249,7484
0.104620933533,7483
0.104980945587,7482
0.105376958847,7481
0.105787992477,7480
0.106318950653,7479
0.106853961945,7478
0.107146024704,7477
0.107693910599,7476
0.108132839203,7475
0.10854101181,7474
0.108947038651,7473
0.109469890594,7472
0.109843015671,7471
0.110435009003,7470
0.110919952393,7469
0.111450910568,7468
0.111867904663,7467
0.112278938293,7466
0.112660884857,7465
0.113118886948,7464
0.113489866257,7463
0.113955974579,7462
0.114374876022,7461
0.114821910858,7460
0.115293979645,7459
0.115717887878,7458
0.116202831268,7457
0.116477012634,7456
0.116868972778,7455
0.117280960083,7454
0.117791891098,7453
0.118144035339,7452
0.118829965591,7451
0.119155883789,7450
0.11962389946,7449
0.119889974594,7448
0.120345830917,7447
0.120620965958,7446
0.121163845062,7445
0.122067928314,7444
0.12250995636,7443
0.122853040695,7442
0.123503923416,7441
0.12410402298,7440
0.12472987175,7439
0.1255838871,7438
0.125959873199,7437
0.126643896103,7436
0.127117872238,7435
0.127914905548,7434
0.128594875336,7433
0.129012823105,7432
0.129506826401,7431
0.130141019821,7430
0.130638837814,7429
0.131310939789,7428
0.131763935089,7427
0.13253903389,7426
0.133260965347,7425
0.133814811707,7424
0.134351015091,7423
0.134789943695,7422
0.13524889946,7421
0.13566493988,7420
0.136222839355,7419
0.136566877365,7418
0.137101888657,7417
0.137401819229,7416
0.138029813766,7415
0.138504981995,7414
0.138976812363,7413
0.139464855194,7412
0.140286922455,7411
0.141932010651,7410
0.142701864243,7409
0.143941879272,7408
0.144917011261,7407
0.145421028137,7406
0.145970821381,7405
0.146523952484,7404
0.147524833679,7403
0.147897005081,7402
0.148597955704,7401
0.149850845337,7400
0.150455951691,7399
0.151084899902,7398
0.152101993561,7397
0.15265583992,7396
0.153133869171,7395
0.153472900391,7394
0.154115915298,7393
0.154460906982,7392
0.155289888382,7391
0.15593290329,7390
0.156354904175,7389
0.156832933426,7388
0.157461881638,7387
0.157891988754,7386
0.158362865448,7385
0.15873503685,7384
0.159483909607,7383
0.159927845001,7382
0.16045498848,7381
0.161403894424,7380
0.161916971207,7379
0.162258863449,7378
0.162744998932,7377
0.163087844849,7376
0.163947820663,7375
0.16435790062,7374
0.164842844009,7373
0.165237903595,7372
0.165603876114,7371
0.165930986404,7370
0.166492938995,7369
0.167220830917,7368
0.167558908463,7367
0.168257951736,7366
0.169196844101,7365
0.169677019119,7364
0.169946908951,7363
0.170449972153,7362
0.171051979065,7361
0.171694993973,7360
0.172314882278,7359
0.172902822495,7358
0.173337936401,7357
0.173684835434,7356
0.174055814743,7355
0.175166845322,7354
0.175714015961,7353
0.17631983757,7352
0.177472829819,7351
0.177902936935,7350
0.178472042084,7349
0.179129838943,7348
0.180001020432,7347
0.180554866791,7346
0.180955886841,7345
0.181262016296,7344
0.181619882584,7343
0.182080984116,7342
0.182636976242,7341
0.183384895325,7340
0.183771848679,7339
0.184464931488,7338
0.184826850891,7337
0.185338020325,7336
0.186266899109,7335
0.186573982239,7334
0.187764883041,7333
0.188580989838,7332
0.189496994019,7331
0.190131902695,7330
0.190682888031,7329
0.191166877747,7328
0.191588878632,7327
0.192026853561,7326
0.192448854446,7325
0.19358086586,7324
0.193888902664,7323
0.194288015366,7322
0.195523023605,7321
0.196120977402,7320
0.197319030762,7319
0.198469877243,7318
0.19889998436,7317
0.199237823486,7316
0.199555873871,7315
0.199965000153,7314
0.200414896011,7313
0.200968027115,7312
0.201406002045,7311
0.201746940613,7310
0.202096939087,7309
0.202397823334,7308
0.203313827515,7307
0.204075813293,7306
0.204437017441,7305
0.205108880997,7304
0.205448865891,7303
0.206039905548,7302
0.206368923187,7301
0.206890821457,7300
0.2073969841,7299
0.207825899124,7298
0.20830988884,7297
0.208942890167,7296
0.209460020065,7295
0.210341930389,7294
0.210661888123,7293
0.211086034775,7292
0.21176981926,7291
0.212057828903,7290
0.212918996811,7289
0.213948011398,7288
0.215448856354,7287
0.21672296524,7286
0.217723846436,7285
0.218936920166,7284
0.220252037048,7283
0.222535848618,7282
0.223528862,7281
0.225277900696,7280
0.226626873016,7279
0.229466915131,7278
0.230774879456,7277
0.231911897659,7276
0.233049869537,7275
0.234207868576,7274
0.234792947769,7273
0.235641956329,7272
0.236706972122,7271
0.237571954727,7270
0.23833990097,7269
0.238653898239,7268
0.239141941071,7267
0.239549875259,7266
0.240523815155,7265
0.241750955582,7264
0.242774963379,7263
0.243197917938,7262
0.24404001236,7261
0.244808912277,7260
0.245226860046,7259
0.245875835419,7258
0.246309041977,7257
0.246984004974,7256
0.247448921204,7255
0.247825860977,7254
0.248165845871,7253
0.249366998672,7252
0.249940872192,7251
0.250341892242,7250
0.25100684166,7249
0.251710891724,7248
0.252182006836,7247
0.252519845963,7246
0.253885030746,7245
0.254441976547,7244
0.255272865295,7243
0.255774021149,7242
0.256270885468,7241
0.256654977798,7240
0.257275819778,7239
0.257653951645,7238
0.258270025253,7237
0.258811950684,7236
0.259464025497,7235
0.260527849197,7234
0.261544942856,7233
0.261867046356,7232
0.2622590065,7231
0.262516021729,7230
0.262804985046,7229
0.263252019882,7228
0.264058828354,7227
0.265137910843,7226
0.26561498642,7225
0.266027927399,7224
0.266785860062,7223
0.267212867737,7222
0.267659902573,7221
0.268260955811,7220
0.268596887589,7219
0.2691218853,7218
0.269528865814,7217
0.269860982895,7216
0.270745038986,7215
0.271196842194,7214
0.271944046021,7213
0.273171901703,7212
0.273645877838,7211
0.274114847183,7210
0.274948835373,7209
0.275631904602,7208
0.276645898819,7207
0.277361869812,7206
0.277987003326,7205
0.279367923737,7204
0.279902935028,7203
0.280879020691,7202
0.281276941299,7201
0.281941890717,7200
0.282689809799,7199
0.283244848251,7198
0.283802032471,7197
0.284284830093,7196
0.284680843353,7195
0.285902023315,7194
0.286324977875,7193
0.286815881729,7192
0.288162946701,7191
0.289141893387,7190
0.289402008057,7189
0.289880037308,7188
0.290350914001,7187
0.29195189476,7186
0.292490005493,7185
0.293431997299,7184
0.294332027435,7183
0.294672012329,7182
0.295186042786,7181
0.295601844788,7180
0.29612994194,7179
0.296975851059,7178
0.297472953796,7177
0.297824859619,7176
0.298233032227,7175
0.298509836197,7174
0.298965930939,7173
0.300041913986,7172
0.300479888916,7171
0.300909042358,7170
0.301576852798,7169
0.30215382576,7168
0.302649021149,7167
0.302930831909,7166
0.30336689949,7165
0.303690910339,7164
0.304477930069,7163
0.305387973785,7162
0.306532859802,7161
0.307210922241,7160
0.3078789711,7159
0.308576822281,7158
0.309006929398,7157
0.309567928314,7156
0.310070991516,7155
0.311125993729,7154
0.312001943588,7153
0.31245803833,7152
0.31333899498,7151
0.314222812653,7150
0.314628839493,7149
0.315002918243,7148
0.315388917923,7147
0.315862894058,7146
0.316462039948,7145
0.316838979721,7144
0.31755399704,7143
0.318454027176,7142
0.320011854172,7141
0.321246862411,7140
0.321674823761,7139
0.322180986404,7138
0.322983980179,7137
0.323693990707,7136
0.324183940887,7135
0.324529886246,7134
0.325050830841,7133
0.325492858887,7132
0.326063871384,7131
0.326964855194,7130
0.328110933304,7129
0.328830003738,7128
0.329339981079,7127
0.330226898193,7126
0.330862045288,7125
0.331703901291,7124
0.332317829132,7123
0.333330869675,7122
0.334913015366,7121
0.335638999939,7120
0.336593866348,7119
0.33714389801,7118
0.337745904922,7117
0.338562965393,7116
0.339056968689,7115
0.340101003647,7114
0.340427875519,7113
0.340979814529,7112
0.342406988144,7111
0.343235969543,7110
0.344075918198,7109
0.344601869583,7108
0.345098018646,7107
0.34589099884,7106
0.346302986145,7105
0.346825838089,7104
0.347283840179,7103
0.348382949829,7102
0.348798036575,7101
0.349849939346,7100
0.350692987442,7099
0.351222991943,7098
0.35237288475,7097
0.352833032608,7096
0.353140830994,7095
0.353746891022,7094
0.354764938354,7093
0.35521697998,7092
0.356174945831,7091
0.356531858444,7090
0.357026815414,7089
0.357583999634,7088
0.35827589035,7087
0.358551025391,7086
0.35901594162,7085
0.360002040863,7084
0.360268831253,7083
0.361003875732,7082
0.361358880997,7081
0.361809015274,7080
0.362329006195,7079
0.362903833389,7078
0.36341881752,7077
0.36381983757,7076
0.364656925201,7075
0.365764856339,7074
0.367470979691,7073
0.368507862091,7072
0.369124889374,7071
0.369693040848,7070
0.371238946915,7069
0.371682882309,7068
0.372479915619,7067
0.373028039932,7066
0.373832941055,7065
0.374346017838,7064
0.374707937241,7063
0.375123023987,7062
0.375741004944,7061
0.376240968704,7060
0.376696825027,7059
0.377249002457,7058
0.377837896347,7057
0.378373861313,7056
0.378794908524,7055
0.379220962524,7054
0.379941940308,7053
0.380589008331,7052
0.381289958954,7051
0.38236284256,7050
0.383205890656,7049
0.384124040604,7048
0.384626865387,7047
0.385596990585,7046
0.386147022247,7045
0.38694190979,7044
0.3873898983,7043
0.387939929962,7042
0.388350963593,7041
0.390098810196,7040
0.390942811966,7039
0.391433000565,7038
0.39240193367,7037
0.392786026001,7036
0.393976926804,7035
0.39453792572,7034
0.395438909531,7033
0.396142959595,7032
0.397680997849,7031
0.398321866989,7030
0.398957014084,7029
0.399755954742,7028
0.400321006775,7027
0.400905847549,7026
0.401254892349,7025
0.401862859726,7024
0.402247905731,7023
0.403555870056,7022
0.404542922974,7021
0.405148029327,7020
0.406502008438,7019
0.406941890717,7018
0.407796859741,7017
0.408329963684,7016
0.408903837204,7015
0.410132884979,7014
0.410733938217,7013
0.41169500351,7012
0.41219997406,7011
0.413715839386,7010
0.414196014404,7009
0.415017843246,7008
0.415740013123,7007
0.416101932526,7006
0.417201042175,7005
0.417732000351,7004
0.418799877167,7003
0.419286966324,7002
0.41977596283,7001
0.42058300972,7000
0.421000957489,6999
0.422821044922,6998
0.423285961151,6997
0.423671960831,6996
0.424912929535,6995
0.425374984741,6994
0.427206993103,6993
0.427728891373,6992
0.428213834763,6991
0.429966926575,6990
0.430480003357,6989
0.431016921997,6988
0.43168592453,6987
0.43267583847,6986
0.433531999588,6985
0.435075998306,6984
0.435906887054,6983
0.436847925186,6982
0.437316894531,6981
0.438257932663,6980
0.439378023148,6979
0.44020986557,6978
0.440775871277,6977
0.441455841064,6976
0.442327976227,6975
0.442852973938,6974
0.443452835083,6973
0.444268941879,6972
0.444703817368,6971
0.445338010788,6970
0.44633603096,6969
0.446858882904,6968
0.447459936142,6967
0.448537826538,6966
0.45023393631,6965
0.450664997101,6964
0.451470851898,6963
0.451740980148,6962
0.452102899551,6961
0.452534914017,6960
0.452874898911,6959
0.453625917435,6958
0.454164981842,6957
0.455611944199,6956
0.456038951874,6955
0.457263946533,6954
0.458411931992,6953
0.46005487442,6952
0.460453987122,6951
0.461402893066,6950
0.461834907532,6949
0.46413397789,6948
0.464735984802,6947
0.465453863144,6946
0.467947006226,6945
0.468286037445,6944
0.469965934753,6943
0.470496892929,6942
0.470955848694,6941
0.471526861191,6940
0.472352981567,6939
0.473373889923,6938
0.474726915359,6937
0.475065946579,6936
0.476119995117,6935
0.476511955261,6934
0.477520942688,6933
0.478042840958,6932
0.478540897369,6931
0.479004859924,6930
0.47940993309,6929
0.480000972748,6928
0.48061299324,6927
0.481392860413,6926
0.481905937195,6925
0.482425928116,6924
0.483758926392,6923
0.484710931778,6922
0.485288858414,6921
0.4856569767,6920
0.486157894135,6919
0.487179040909,6918
0.487612009048,6917
0.487920999527,6916
0.488893032074,6915
0.489583969116,6914
0.490151882172,6913
0.490545034409,6912
0.491039991379,6911
0.491441011429,6910
0.491888999939,6909
0.492573022842,6908
0.493377923965,6907
0.495642900467,6906
0.496245861053,6905
0.497422933578,6904
0.497920036316,6903
0.498908042908,6902
0.499285936356,6901
0.499897956848,6900
0.500319957733,6899
0.501106977463,6898
0.501941919327,6897
0.502595901489,6896
0.503072977066,6895
0.504693031311,6894
0.5052318573,6893
0.505707025528,6892
0.506186962128,6891
0.506549835205,6890
0.507251024246,6889
0.509447813034,6888
0.509771823883,6887
0.510660886765,6886
0.511205911636,6885
0.512050867081,6884
0.51239991188,6883
0.51328086853,6882
0.513598918915,6881
0.514225959778,6880
0.514564990997,6879
0.515520811081,6878
0.516309976578,6877
0.516872882843,6876
0.517989873886,6875
0.518692016602,6874
0.519292831421,6873
0.519731998444,6872
0.520449876785,6871
0.521363019943,6870
0.521842002869,6869
0.522616863251,6868
0.52333688736,6867
0.524557828903,6866
0.525522947311,6865
0.526217937469,6864
0.526780843735,6863
0.527298927307,6862
0.527899980545,6861
0.529300928116,6860
0.529984951019,6859
0.53049993515,6858
0.531219005585,6857
0.531715869904,6856
0.532320976257,6855
0.533066987991,6854
0.534531831741,6853
0.535318851471,6852
0.535781860352,6851
0.536726951599,6850
0.537405014038,6849
0.53817486763,6848
0.538928031921,6847
0.540058851242,6846
0.540781021118,6845
0.542017936707,6844
0.542598962784,6843
0.543045043945,6842
0.54355096817,6841
0.544163942337,6840
0.545037984848,6839
0.545655965805,6838
0.546172857285,6837
0.546517848969,6836
0.547963857651,6835
0.548471927643,6834
0.550454854965,6833
0.551128864288,6832
0.552084922791,6831
0.552934885025,6830
0.553269863129,6829
0.553901910782,6828
0.555095911026,6827
0.556016921997,6826
0.558101892471,6825
0.558696985245,6824
0.559054851532,6823
0.560245037079,6822
0.560878038406,6821
0.561811923981,6820
0.562518835068,6819
0.564324855804,6818
0.566999912262,6817
0.568428039551,6816
0.569947957993,6815
0.570657014847,6814
0.571266889572,6813
0.572120904922,6812
0.572651863098,6811
0.57325387001,6810
0.574271917343,6809
0.575392007828,6808
0.575881958008,6807
0.576303005219,6806
0.577283859253,6805
0.578086853027,6804
0.578568935394,6803
0.578925848007,6802
0.579185962677,6801
0.580766916275,6800
0.582029819489,6799
0.582849979401,6798
0.584039926529,6797
0.584888935089,6796
0.58704996109,6795
0.588390827179,6794
0.588907957077,6793
0.58951997757,6792
0.592339992523,6791
0.592859983444,6790
0.593565940857,6789
0.595404863358,6788
0.596594810486,6787
0.598018884659,6786
0.599704027176,6785
0.600294828415,6784
0.601889848709,6783
0.602543830872,6782
0.603104829788,6781
0.603694915771,6780
0.605001926422,6779
0.605439901352,6778
0.607121944427,6777
0.608168840408,6776
0.609685897827,6775
0.610183954239,6774
0.61105298996,6773
0.613898038864,6772
0.614455938339,6771
0.615018844604,6770
0.615566015244,6769
0.616514921188,6768
0.617192029953,6767
0.617760896683,6766
0.620764017105,6765
0.621603965759,6764
0.622812986374,6763
0.624320030212,6762
0.626250982285,6761
0.626654863358,6760
0.627161026001,6759
0.627485990524,6758
0.628695011139,6757
0.629770994186,6756
0.630235910416,6755
0.631453037262,6754
0.634011030197,6753
0.634663820267,6752
0.637547969818,6751
0.638274908066,6750
0.639302015305,6749
0.640219926834,6748
0.641403913498,6747
0.641695022583,6746
0.642050981522,6745
0.642429828644,6744
0.643096923828,6743
0.643533945084,6742
0.644160032272,6741
0.644583940506,6740
0.645126819611,6739
0.645606040955,6738
0.646162033081,6737
0.646596908569,6736
0.647109985352,6735
0.647684812546,6734
0.648190975189,6733
0.648676872253,6732
0.649365901947,6731
0.650763988495,6730
0.651535987854,6729
0.653925895691,6728
0.654337882996,6727
0.656414031982,6726
0.656903028488,6725
0.657887935638,6724
0.658193826675,6723
0.658766031265,6722
0.659581899643,6721
0.66005396843,6720
0.661715984344,6719
0.662817001343,6718
0.663803815842,6717
0.664255857468,6716
0.664683818817,6715
0.665257930756,6714
0.669315814972,6713
0.670459985733,6712
0.67119884491,6711
0.671738862991,6710
0.672108888626,6709
0.673055887222,6708
0.674023866653,6707
0.675081014633,6706
0.675746917725,6705
0.676807880402,6704
0.677829027176,6703
0.678797006607,6702
0.679478883743,6701
0.680281877518,6700
0.681332826614,6699
0.68173789978,6698
0.682533979416,6697
0.683668851852,6696
0.684729814529,6695
0.686123847961,6694
0.686542987823,6693
0.687158823013,6692
0.688534975052,6691
0.689040899277,6690
0.689334869385,6689
0.689844846725,6688
0.690982818604,6687
0.691861867905,6686
0.692931890488,6685
0.693431854248,6684
0.693984031677,6683
0.694679021835,6682
0.695386886597,6681
0.695749044418,6680
0.696810007095,6679
0.697679042816,6678
0.699954032898,6677
0.700918912888,6676
0.702528953552,6675
0.702970981598,6674
0.703886032104,6673
0.704409837723,6672
0.705266952515,6671
0.706112861633,6670
0.706754922867,6669
0.707867860794,6668
0.709120035172,6667
0.70952296257,6666
0.711131811142,6665
0.712100982666,6664
0.712852954865,6663
0.713759899139,6662
0.715772867203,6661
0.716888904572,6660
0.717597961426,6659
0.719122886658,6658
0.719960927963,6657
0.720732927322,6656
0.722111940384,6655
0.722520828247,6654
0.723017930984,6653
0.723528862,6652
0.724349021912,6651
0.725600004196,6650
0.725996017456,6649
0.726488828659,6648
0.727105855942,6647
0.727694034576,6646
0.728161811829,6645
0.728502035141,6644
0.730152845383,6643
0.730705976486,6642
0.731928825378,6641
0.732496976852,6640
0.734391927719,6639
0.734931945801,6638
0.735352993011,6637
0.735801935196,6636
0.736605882645,6635
0.737432956696,6634
0.737931966782,6633
0.738812923431,6632
0.74033498764,6631
0.741544008255,6630
0.741978883743,6629
0.74254488945,6628
0.743043899536,6627
0.743387937546,6626
0.743809938431,6625
0.744380950928,6624
0.745718955994,6623
0.746212005615,6622
0.746695995331,6621
0.747201919556,6620
0.747601032257,6619
0.748046875,6618
0.749806880951,6617
0.750165939331,6616
0.750718832016,6615
0.751737833023,6614
0.752496957779,6613
0.754562854767,6612
0.755808830261,6611
0.756222009659,6610
0.75764298439,6609
0.758293867111,6608
0.75871181488,6607
0.759701967239,6606
0.760007858276,6605
0.760653018951,6604
0.760995864868,6603
0.762851953506,6602
0.764006853104,6601
0.7669069767,6600
0.768080949783,6599
0.769460916519,6598
0.770902872086,6597
0.773016929626,6596
0.773842811584,6595
0.775723934174,6594
0.776443004608,6593
0.776749849319,6592
0.777469873428,6591
0.777937889099,6590
0.780508995056,6589
0.781868934631,6588
0.782577991486,6587
0.783223867416,6586
0.78457903862,6585
0.787453889847,6584
0.787822961807,6583
0.788321971893,6582
0.789145946503,6581
0.789502859116,6580
0.791272878647,6579
0.792455911636,6578
0.793035030365,6577
0.793725013733,6576
0.794085979462,6575
0.794445037842,6574
0.795707941055,6573
0.796272039413,6572
0.797516822815,6571
0.79785990715,6570
0.798913002014,6569
0.799510002136,6568
0.800278902054,6567
0.80125784874,6566
0.802592039108,6565
0.803853034973,6564
0.805917024612,6563
0.806740045547,6562
0.80739402771,6561
0.807669878006,6560
0.808455944061,6559
0.810097932816,6558
0.810691833496,6557
0.811961889267,6556
0.812265872955,6555
0.812834024429,6554
0.813446044922,6553
0.814330816269,6552
0.815168857574,6551
0.817529916763,6550
0.817989826202,6549
0.818385839462,6548
0.818938970566,6547
0.819964885712,6546
0.82043504715,6545
0.821393966675,6544
0.822134017944,6543
0.822657823563,6542
0.823118925095,6541
0.823992967606,6540
0.824770927429,6539
0.826241016388,6538
0.827777862549,6537
0.829066991806,6536
0.829504966736,6535
0.830101013184,6534
0.831907987595,6533
0.832530975342,6532
0.833179950714,6531
0.834378004074,6530
0.834650993347,6529
0.835484027863,6528
0.836197853088,6527
0.836664915085,6526
0.837692975998,6525
0.838244915009,6524
0.83892083168,6523
0.840337991714,6522
0.841341018677,6521
0.841742992401,6520
0.843092918396,6519
0.844326972961,6518
0.844907045364,6517
0.845500946045,6516
0.847051858902,6515
0.847472906113,6514
0.849752902985,6513
0.85022687912,6512
0.852974891663,6511
0.853860855103,6510
0.855964899063,6509
0.856281995773,6508
0.857766866684,6507
0.859711885452,6506
0.860148906708,6505
0.860759019852,6504
0.861246824265,6503
0.861783027649,6502
0.862282037735,6501
0.863059043884,6500
0.863409042358,6499
0.864109992981,6498
0.865453958511,6497
0.866526842117,6496
0.867199897766,6495
0.867980003357,6494
0.869257926941,6493
0.869750976562,6492
0.871207952499,6491
0.873307943344,6490
0.874236822128,6489
0.875545024872,6488
0.876199960709,6487
0.876762866974,6486
0.877065896988,6485
0.87748003006,6484
0.877965927124,6483
0.878554821014,6482
0.879142999649,6481
0.879784822464,6480
0.880462884903,6479
0.881712913513,6478
0.883867025375,6477
0.884804010391,6476
0.885501861572,6475
0.887571811676,6474
0.887977838516,6473
0.888886928558,6472
0.889470815659,6471
0.889820814133,6470
0.890451908112,6469
0.892566919327,6468
0.893817901611,6467
0.894819974899,6466
0.895259857178,6465
0.895565986633,6464
0.897377967834,6463
0.897878885269,6462
0.899173021317,6461
0.901329040527,6460
0.902174949646,6459
0.902622938156,6458
0.903216838837,6457
0.904213905334,6456
0.904582023621,6455
0.905706882477,6454
0.907383918762,6453
0.907840967178,6452
0.908195018768,6451
0.908656835556,6450
0.909226894379,6449
0.909700870514,6448
0.910719871521,6447
0.911725997925,6446
0.912580013275,6445
0.913126945496,6444
0.913935899734,6443
0.914599895477,6442
0.91569685936,6441
0.916682004929,6440
0.91703081131,6439
0.917614936829,6438
0.918013811111,6437
0.919220924377,6436
0.920158863068,6435
0.921272039413,6434
0.921811819077,6433
0.922977924347,6432
0.92452788353,6431
0.924978971481,6430
0.926156997681,6429
0.927425861359,6428
0.928441047668,6427
0.929003000259,6426
0.929735898972,6425
0.930559873581,6424
0.931947946548,6423
0.933151006699,6422
0.934229850769,6421
0.936344861984,6420
0.937260866165,6419
0.937768936157,6418
0.938158035278,6417
0.940112829208,6416
0.940577983856,6415
0.941097974777,6414
0.941973924637,6413
0.942440032959,6412
0.943195819855,6411
0.943708896637,6410
0.945230007172,6409
0.94638800621,6408
0.947755813599,6407
0.948094844818,6406
0.949106931686,6405
0.949542999268,6404
0.950510025024,6403
0.950879812241,6402
0.95191693306,6401
0.952935934067,6400
0.953351020813,6399
0.953737974167,6398
0.954432010651,6397
0.954828023911,6396
0.955749988556,6395
0.956794977188,6394
0.958029031754,6393
0.95862698555,6392
0.960141897202,6391
0.961495876312,6390
0.962467908859,6389
0.963084936142,6388
0.96348285675,6387
0.964119911194,6386
0.965046882629,6385
0.96546792984,6384
0.966372013092,6383
0.96710395813,6382
0.9679479599,6381
0.968490839005,6380
0.969485998154,6379
0.971607923508,6378
0.974109888077,6377
0.974931955338,6376
0.975297927856,6375
0.975596904755,6374
0.976055860519,6373
0.976603031158,6372
0.976912975311,6371
0.977206945419,6370
0.978559017181,6369
0.979537010193,6368
0.983486890793,6367
0.98518204689,6366
0.985635042191,6365
0.986179828644,6364
0.987799882889,6363
0.98822593689,6362
0.989482879639,6361
0.991483926773,6360
0.991901874542,6359
0.992712020874,6358
0.993360996246,6357
0.993865013123,6356
0.994843959808,6355
0.996049880981,6354
0.996644973755,6353
0.998082876205,6352
0.999310970306,6351
1.00031590462,6350
1.00088381767,6349
1.00147891045,6348
1.00198101997,6347
1.00243282318,6346
1.00450801849,6345
1.00630497932,6344
1.00662302971,6343
1.0073029995,6342
1.00781393051,6341
1.01020383835,6340
1.01165485382,6339
1.01231789589,6338
1.01434087753,6337
1.01546287537,6336
1.01604485512,6335
1.02044987679,6334
1.02100992203,6333
1.02359390259,6332
1.02513885498,6331
1.02592086792,6330
1.02676486969,6329
1.02765989304,6328
1.02957892418,6327
1.03006887436,6326
1.03111481667,6325
1.03298902512,6324
1.03413200378,6323
1.03467202187,6322
1.03548502922,6321
1.03639698029,6320
1.03683781624,6319
1.03812599182,6318
1.0385248661,6317
1.03889203072,6316
1.04078602791,6315
1.04839587212,6314
1.04914283752,6313
1.05008792877,6312
1.05051088333,6311
1.05099201202,6310
1.05230903625,6309
1.05286502838,6308
1.05316281319,6307
1.0567278862,6306
1.05744099617,6305
1.05799388885,6304
1.05867481232,6303
1.06115794182,6302
1.06178283691,6301
1.06297087669,6300
1.06354784966,6299
1.06416797638,6298
1.06501793861,6297
1.06579589844,6296
1.06637883186,6295
1.067070961,6294
1.06816792488,6293
1.06947183609,6292
1.07156586647,6291
1.07345890999,6290
1.07434988022,6289
1.07505083084,6288
1.07651901245,6287
1.07880282402,6286
1.07987499237,6285
1.08036088943,6284
1.08139586449,6283
1.08257889748,6282
1.08318090439,6281
1.08365893364,6280
1.08422398567,6279
1.08454990387,6278
1.08573794365,6277
1.08623385429,6276
1.08677983284,6275
1.08745884895,6274
1.08848786354,6273
1.08982491493,6272
1.09044194221,6271
1.09118795395,6270
1.09287285805,6269
1.09323692322,6268
1.09409689903,6267
1.09450793266,6266
1.09547281265,6265
1.09690904617,6264
1.0996158123,6263
1.10022592545,6262
1.1007938385,6261
1.10148382187,6260
1.1019179821,6259
1.10246801376,6258
1.10374403,6257
1.1047308445,6256
1.10587286949,6255
1.10839390755,6254
1.10959386826,6253
1.11109995842,6252
1.11158704758,6251
1.1123418808,6250
1.11332082748,6249
1.1145029068,6248
1.11509490013,6247
1.11674690247,6246
1.11740994453,6245
1.11808490753,6244
1.11945104599,6243
1.12238883972,6242
1.12387800217,6241
1.1274728775,6240
1.12925696373,6239
1.13381004333,6238
1.13604283333,6237
1.13675904274,6236
1.13819789886,6235
1.14559102058,6234
1.14643502235,6233
1.14773988724,6232
1.14890003204,6231
1.15010404587,6230
1.15233588219,6229
1.1528840065,6228
1.15478181839,6227
1.15566182137,6226
1.15614891052,6225
1.15677595139,6224
1.15807795525,6223
1.15865802765,6222
1.15927290916,6221
1.16168689728,6220
1.16301298141,6219
1.16399884224,6218
1.16522502899,6217
1.16837501526,6216
1.16879296303,6215
1.16936898232,6214
1.171407938,6213
1.17272400856,6212
1.17407202721,6211
1.17668390274,6210
1.17730689049,6209
1.18085384369,6208
1.18167185783,6207
1.18344902992,6206
1.18404603004,6205
1.18463397026,6204
1.18506789207,6203
1.18577599525,6202
1.18619799614,6201
1.18700885773,6200
1.18745684624,6199
1.1881608963,6198
1.18860697746,6197
1.19041395187,6196
1.19220685959,6195
1.19373083115,6194
1.19801783562,6193
1.20252990723,6192
1.20375299454,6191
1.20495486259,6190
1.20617389679,6189
1.2080578804,6188
1.20857095718,6187
1.21008896828,6186
1.21071100235,6185
1.21248292923,6184
1.21333789825,6183
1.21422791481,6182
1.21470403671,6181
1.21561288834,6180
1.21757698059,6179
1.21889901161,6178
1.21971893311,6177
1.22193384171,6176
1.22291588783,6175
1.2234480381,6174
1.22386693954,6173
1.22597289085,6172
1.22748088837,6171
1.23017692566,6170
1.23056101799,6169
1.23095583916,6168
1.2330429554,6167
1.23479104042,6166
1.23652100563,6165
1.23694396019,6164
1.23828887939,6163
1.23937797546,6162
1.24036383629,6161
1.24098086357,6160
1.24208688736,6159
1.24492096901,6158
1.2454969883,6157
1.24626493454,6156
1.2466738224,6155
1.24800491333,6154
1.24910283089,6153
1.24977898598,6152
1.25042104721,6151
1.25075697899,6150
1.25213384628,6149
1.25291395187,6148
1.25462794304,6147
1.25518488884,6146
1.25570487976,6145
1.25641202927,6144
1.25766682625,6143
1.25807094574,6142
1.25908303261,6141
1.25964903831,6140
1.26009583473,6139
1.26080083847,6138
1.26241087914,6137
1.26631999016,6136
1.26693081856,6135
1.26741695404,6134
1.26841783524,6133
1.27091789246,6132
1.27248501778,6131
1.2750389576,6130
1.27759695053,6129
1.27922081947,6128
1.28209686279,6127
1.28258395195,6126
1.28472185135,6125
1.28602099419,6124
1.28794693947,6123
1.28978300095,6122
1.29259586334,6121
1.29369187355,6120
1.2945330143,6119
1.29524993896,6118
1.296200037,6117
1.29660797119,6116
1.29927492142,6115
1.30001187325,6114
1.30550885201,6113
1.30829501152,6112
1.31035900116,6111
1.31088995934,6110
1.31238102913,6109
1.31301999092,6108
1.31504201889,6107
1.31548881531,6106
1.31634187698,6105
1.31865596771,6104
1.31902599335,6103
1.31957197189,6102
1.32199001312,6101
1.32574796677,6100
1.32672595978,6099
1.33051586151,6098
1.33100986481,6097
1.33291482925,6096
1.33400988579,6095
1.3368639946,6094
1.33757090569,6093
1.33853888512,6092
1.33914089203,6091
1.34031391144,6090
1.34143900871,6089
1.34605288506,6088
1.34987187386,6087
1.35109686852,6086
1.35358691216,6085
1.35403490067,6084
1.35474085808,6083
1.35622882843,6082
1.35692596436,6081
1.35747098923,6080
1.35850787163,6079
1.35995984077,6078
1.36160802841,6077
1.36274194717,6076
1.36330795288,6075
1.36374902725,6074
1.36705303192,6073
1.36771082878,6072
1.36970496178,6071
1.37045788765,6070
1.37086892128,6069
1.37129688263,6068
1.37239789963,6067
1.37388086319,6066
1.37485194206,6065
1.37572598457,6064
1.37658286095,6063
1.37732696533,6062
1.37786388397,6061
1.37829303741,6060
1.37942481041,6059
1.38112187386,6058
1.38325691223,6057
1.38690495491,6056
1.38745689392,6055
1.38781189919,6054
1.38819289207,6053
1.38880801201,6052
1.38976287842,6051
1.39028286934,6050
1.39069104195,6049
1.39115095139,6048
1.39197683334,6047
1.39318203926,6046
1.39359593391,6045
1.39677882195,6044
1.39726901054,6043
1.39803981781,6042
1.398416996,6041
1.40004682541,6040
1.40084791183,6039
1.40234589577,6038
1.4028608799,6037
1.40445899963,6036
1.4073908329,6035
1.40795493126,6034
1.4093978405,6033
1.41036200523,6032
1.4113278389,6031
1.41209983826,6030
1.41265797615,6029
1.41373300552,6028
1.41601586342,6027
1.41693091393,6026
1.41840791702,6025
1.41889381409,6024
1.42017698288,6023
1.42081403732,6022
1.42139291763,6021
1.42237997055,6020
1.42572593689,6019
1.42615199089,6018
1.4269528389,6017
1.4277780056,6016
1.42814493179,6015
1.4290599823,6014
1.43093490601,6013
1.43202900887,6012
1.43535494804,6011
1.43586182594,6010
1.4366838932,6009
1.43760800362,6008
1.43827199936,6007
1.44031596184,6006
1.44205594063,6005
1.44303894043,6004
1.44356584549,6003
1.44449496269,6002
1.44626688957,6001
1.44710803032,6000
1.44811987877,5999
1.4485180378,5998
1.44910597801,5997
1.44975781441,5996
1.45113682747,5995
1.45169782639,5994
1.45321583748,5993
1.45728397369,5992
1.46439599991,5991
1.46505498886,5990
1.46801686287,5989
1.47019791603,5988
1.47136902809,5987
1.47550487518,5986
1.47629785538,5985
1.47789001465,5984
1.47917103767,5983
1.47991490364,5982
1.48608994484,5981
1.48672890663,5980
1.48791503906,5979
1.48921585083,5978
1.4925339222,5977
1.49496388435,5976
1.49994301796,5975
1.50081181526,5974
1.50500798225,5973
1.5061249733,5972
1.50979995728,5971
1.5107049942,5970
1.51335883141,5969
1.51424884796,5968
1.51725482941,5967
1.51759886742,5966
1.51853299141,5965
1.51931881905,5964
1.51983785629,5963
1.52105283737,5962
1.52338981628,5961
1.52382397652,5960
1.52649188042,5959
1.52927803993,5958
1.53013801575,5957
1.53306889534,5956
1.53474903107,5955
1.53618001938,5954
1.53675484657,5953
1.53716301918,5952
1.5379948616,5951
1.53849983215,5950
1.53976583481,5949
1.54409098625,5948
1.54591083527,5947
1.5470290184,5946
1.54846382141,5945
1.54958200455,5944
1.55208802223,5943
1.55268287659,5942
1.55345201492,5941
1.55415987968,5940
1.55577301979,5939
1.55729603767,5938
1.55843496323,5937
1.55883693695,5936
1.55982589722,5935
1.56060099602,5934
1.56244683266,5933
1.56304001808,5932
1.56376981735,5931
1.56497693062,5930
1.56623601913,5929
1.56690096855,5928
1.57118391991,5927
1.57263684273,5926
1.57378602028,5925
1.57507991791,5924
1.57694792747,5923
1.57885098457,5922
1.58136892319,5921
1.5827229023,5920
1.58398389816,5919
1.58497691154,5918
1.58553385735,5917
1.58628201485,5916
1.58736395836,5915
1.58909392357,5914
1.5900888443,5913
1.59202098846,5912
1.59265184402,5911
1.59437394142,5910
1.59585595131,5909
1.59688782692,5908
1.59846591949,5907
1.60178184509,5906
1.60225892067,5905
1.60291004181,5904
1.6041829586,5903
1.60516381264,5902
1.60630989075,5901
1.60696601868,5900
1.60762190819,5899
1.60830688477,5898
1.60890483856,5897
1.61076498032,5896
1.61319804192,5895
1.61637282372,5894
1.6169500351,5893
1.61861991882,5892
1.61963200569,5891
1.6215069294,5890
1.62270283699,5889
1.62413096428,5888
1.62611699104,5887
1.62687301636,5886
1.62887787819,5885
1.63162493706,5884
1.63295888901,5883
1.63405394554,5882
1.63770699501,5881
1.63926100731,5880
1.64120602608,5879
1.64176082611,5878
1.6429669857,5877
1.64435482025,5876
1.64582395554,5875
1.64630293846,5874
1.64727091789,5873
1.64886188507,5872
1.64963293076,5871
1.65009903908,5870
1.6506459713,5869
1.65142893791,5868
1.65265583992,5867
1.65369796753,5866
1.65463089943,5865
1.65618300438,5864
1.65830183029,5863
1.65868782997,5862
1.66039800644,5861
1.66146302223,5860
1.66309404373,5859
1.66470599174,5858
1.66640996933,5857
1.67058682442,5856
1.67162585258,5855
1.6727449894,5854
1.67444992065,5853
1.6763458252,5852
1.67738699913,5851
1.68066692352,5850
1.68237495422,5849
1.6837990284,5848
1.68512201309,5847
1.68574500084,5846
1.68758702278,5845
1.68816399574,5844
1.69096493721,5843
1.69150185585,5842
1.69200396538,5841
1.69475698471,5840
1.69545483589,5839
1.69591283798,5838
1.69706487656,5837
1.69780182838,5836
1.69837188721,5835
1.70071387291,5834
1.70195889473,5833
1.70474600792,5832
1.70565891266,5831
1.70673584938,5830
1.70744800568,5829
1.70846486092,5828
1.71048092842,5827
1.71318387985,5826
1.71494483948,5825
1.71551585197,5824
1.71597194672,5823
1.71637701988,5822
1.71722602844,5821
1.72041487694,5820
1.72176885605,5819
1.72218084335,5818
1.72274184227,5817
1.72343492508,5816
1.72389292717,5815
1.72456598282,5814
1.72613501549,5813
1.72646594048,5812
1.72707986832,5811
1.72850394249,5810
1.72960495949,5809
1.73021101952,5808
1.73071193695,5807
1.73119091988,5806
1.73172903061,5805
1.73225283623,5804
1.73303389549,5803
1.73488092422,5802
1.73541283607,5801
1.73568081856,5800
1.73599004745,5799
1.73674488068,5798
1.73988103867,5797
1.7403190136,5796
1.7418718338,5795
1.74276399612,5794
1.74354887009,5793
1.74429488182,5792
1.74947190285,5791
1.75060796738,5790
1.75105595589,5789
1.75364899635,5788
1.75495100021,5787
1.75572490692,5786
1.7565100193,5785
1.75736904144,5784
1.75788187981,5783
1.75936198235,5782
1.76359701157,5781
1.76471996307,5780
1.76543402672,5779
1.76626181602,5778
1.76723694801,5777
1.7693169117,5776
1.77011394501,5775
1.7706990242,5774
1.77171182632,5773
1.77430582047,5772
1.77771401405,5771
1.78037190437,5770
1.78119182587,5769
1.78206086159,5768
1.78336691856,5767
1.78494787216,5766
1.78591299057,5765
1.78874087334,5764
1.78937697411,5763
1.79002285004,5762
1.79074883461,5761
1.79280591011,5760
1.79366397858,5759
1.79512000084,5758
1.79737997055,5757
1.79807686806,5756
1.80131101608,5755
1.80360293388,5754
1.80436897278,5753
1.80612492561,5752
1.80783295631,5751
1.80828785896,5750
1.81187081337,5749
1.81241583824,5748
1.81334996223,5747
1.81562590599,5746
1.8166539669,5745
1.81719303131,5744
1.81862592697,5743
1.81921386719,5742
1.81993103027,5741
1.82077383995,5740
1.82135796547,5739
1.8219769001,5738
1.82355284691,5737
1.82459688187,5736
1.82716393471,5735
1.82784485817,5734
1.82826781273,5733
1.82867503166,5732
1.83171892166,5731
1.83253288269,5730
1.83382296562,5729
1.83421587944,5728
1.83529400826,5727
1.83613491058,5726
1.83726000786,5725
1.83861589432,5724
1.8425848484,5723
1.84366583824,5722
1.84485793114,5721
1.84620404243,5720
1.84759998322,5719
1.84796595573,5718
1.84834885597,5717
1.84887385368,5716
1.84979701042,5715
1.85160398483,5714
1.85227704048,5713
1.85291695595,5712
1.8549888134,5711
1.85647702217,5710
1.85766482353,5709
1.8581340313,5708
1.85909485817,5707
1.86026000977,5706
1.86125588417,5705
1.86272501945,5704
1.86325883865,5703
1.86377286911,5702
1.86501288414,5701
1.86562800407,5700
1.86730289459,5699
1.86777591705,5698
1.8681678772,5697
1.86881494522,5696
1.87097787857,5695
1.87129592896,5694
1.87415981293,5693
1.87502598763,5692
1.87591981888,5691
1.87676286697,5690
1.87730884552,5689
1.88536691666,5688
1.88589596748,5687
1.88926482201,5686
1.89072299004,5685
1.89319586754,5684
1.89420795441,5683
1.89481902122,5682
1.89528799057,5681
1.89668893814,5680
1.89740991592,5679
1.89931488037,5678
1.90023493767,5677
1.90212082863,5676
1.90272498131,5675
1.90322685242,5674
1.90407681465,5673
1.90546393394,5672
1.90616297722,5671
1.90742683411,5670
1.90833687782,5669
1.9109108448,5668
1.91300988197,5667
1.91419696808,5666
1.91538190842,5665
1.91627287865,5664
1.9177980423,5663
1.92146587372,5662
1.92293286324,5661
1.92426991463,5660
1.92504096031,5659
1.9268848896,5658
1.92772102356,5657
1.92853403091,5656
1.92955589294,5655
1.93155288696,5654
1.93207001686,5653
1.93449282646,5652
1.93664002419,5651
1.93712282181,5650
1.93772792816,5649
1.93991184235,5648
1.94138288498,5647
1.94207596779,5646
1.94290494919,5645
1.94425988197,5644
1.94493198395,5643
1.94530296326,5642
1.9458630085,5641
1.94692993164,5640
1.94748091698,5639
1.94860386848,5638
1.95092797279,5637
1.95219087601,5636
1.95362496376,5635
1.95546793938,5634
1.95723581314,5633
1.95779395103,5632
1.95884895325,5631
1.95920991898,5630
1.96010184288,5629
1.96112084389,5628
1.961550951,5627
1.96212601662,5626
1.96597194672,5625
1.96729683876,5624
1.96824383736,5623
1.96864795685,5622
1.96942400932,5621
1.97084903717,5620
1.97134590149,5619
1.97226786613,5618
1.97333288193,5617
1.97530698776,5616
1.97711586952,5615
1.97930598259,5614
1.9802210331,5613
1.98148393631,5612
1.98363494873,5611
1.98549604416,5610
1.98786997795,5609
1.98840785027,5608
1.99043989182,5607
1.99146604538,5606
1.99310493469,5605
1.99397301674,5604
1.99568581581,5603
1.9970638752,5602
1.99755001068,5601
1.99996685982,5600
2.00083899498,5599
2.00412893295,5598
2.00459003448,5597
2.00821900368,5596
2.00933289528,5595
2.00976586342,5594
2.01222991943,5593
2.01368999481,5592
2.01528096199,5591
2.01850795746,5590
2.01902890205,5589
2.01984500885,5588
2.02131390572,5587
2.02287197113,5586
2.02862787247,5585
2.02898597717,5584
2.03005599976,5583
2.03200888634,5582
2.03246593475,5581
2.03403687477,5580
2.03849983215,5579
2.03907895088,5578
2.03978586197,5577
2.04072403908,5576
2.04213500023,5575
2.04360389709,5574
2.04396080971,5573
2.04646682739,5572
2.04842686653,5571
2.05014801025,5570
2.0515999794,5569
2.05220198631,5568
2.05342793465,5567
2.05473804474,5566
2.05550599098,5565
2.05601882935,5564
2.05789995193,5563
2.05991292,5562
2.06043982506,5561
2.06307697296,5560
2.06678199768,5559
2.06965303421,5558
2.07485389709,5557
2.07557702065,5556
2.07716584206,5555
2.07902097702,5554
2.08006286621,5553
2.08237981796,5552
2.08297801018,5551
2.08708381653,5550
2.08891391754,5549
2.09186887741,5548
2.09734487534,5547
2.09861302376,5546
2.09967088699,5545
2.10007882118,5544
2.10050082207,5543
2.10267496109,5542
2.10504889488,5541
2.10651302338,5540
2.10798692703,5539
2.10955786705,5538
2.11000084877,5537
2.1111369133,5536
2.11291003227,5535
2.11350083351,5534
2.11434388161,5533
2.11691689491,5532
2.11743283272,5531
2.11944103241,5530
2.12029194832,5529
2.12108302116,5528
2.12166881561,5527
2.12267589569,5526
2.12311697006,5525
2.12461686134,5524
2.12656593323,5523
2.12875294685,5522
2.12963294983,5521
2.13100385666,5520
2.13279485703,5519
2.13351297379,5518
2.13453793526,5517
2.13641285896,5516
2.13681292534,5515
2.14684796333,5514
2.14860486984,5513
2.14922690392,5512
2.1507358551,5511
2.15365004539,5510
2.15464091301,5509
2.15702795982,5508
2.1573138237,5507
2.157766819,5506
2.15881490707,5505
2.1610159874,5504
2.16927289963,5503
2.17101883888,5502
2.17159891129,5501
2.17240095139,5500
2.1728708744,5499
2.1733148098,5498
2.17405700684,5497
2.17858290672,5496
2.17905497551,5495
2.17956185341,5494
2.18009996414,5493
2.18058490753,5492
2.18108487129,5491
2.18187403679,5490
2.18266296387,5489
2.18322181702,5488
2.18919181824,5487
2.1897149086,5486
2.19104099274,5485
2.19269800186,5484
2.19401597977,5483
2.19538784027,5482
2.19600391388,5481
2.19782400131,5480
2.19975686073,5479
2.20165586472,5478
2.20298790932,5477
2.20440292358,5476
2.2048368454,5475
2.20592784882,5474
2.2071788311,5473
2.20947098732,5472
2.21097588539,5471
2.21498203278,5470
2.21544694901,5469
2.21737599373,5468
2.21793198586,5467
2.21840190887,5466
2.22294092178,5465
2.22868299484,5464
2.23082995415,5463
2.23290491104,5462
2.23432898521,5461
2.23591089249,5460
2.23632788658,5459
2.23766899109,5458
2.23971986771,5457
2.24210000038,5456
2.24489402771,5455
2.24544000626,5454
2.2467520237,5453
2.24743294716,5452
2.24888491631,5451
2.25044703484,5450
2.2512588501,5449
2.25196194649,5448
2.25381684303,5447
2.2548289299,5446
2.25529003143,5445
2.25610494614,5444
2.25653290749,5443
2.25876498222,5442
2.26102590561,5441
2.26213502884,5440
2.26373100281,5439
2.26476502419,5438
2.2651219368,5437
2.26783800125,5436
2.26900196075,5435
2.26973986626,5434
2.27135181427,5433
2.2718398571,5432
2.27218198776,5431
2.27330589294,5430
2.27407097816,5429
2.27583694458,5428
2.27648282051,5427
2.27845001221,5426
2.27935385704,5425
2.28001689911,5424
2.28172898293,5423
2.28212189674,5422
2.28330588341,5421
2.28556704521,5420
2.28743696213,5419
2.28777599335,5418
2.28904390335,5417
2.28958702087,5416
2.28995800018,5415
2.29127883911,5414
2.2916328907,5413
2.29378390312,5412
2.29497385025,5411
2.29612183571,5410
2.29734492302,5409
2.29795694351,5408
2.30000185966,5407
2.30348300934,5406
2.30581283569,5405
2.30686497688,5404
2.310297966,5403
2.31074881554,5402
2.31136202812,5401
2.31192183495,5400
2.31398487091,5399
2.31998181343,5398
2.32044792175,5397
2.32155799866,5396
2.32207989693,5395
2.32273483276,5394
2.32394886017,5393
2.324903965,5392
2.32515287399,5391
2.32566690445,5390
2.32745194435,5389
2.33121585846,5388
2.33328986168,5387
2.33439493179,5386
2.33549189568,5385
2.33694386482,5384
2.33812499046,5383
2.33855986595,5382
2.34049582481,5381
2.34133601189,5380
2.34182500839,5379
2.34327793121,5378
2.3436729908,5377
2.34456801414,5376
2.34770798683,5375
2.3481528759,5374
2.34878396988,5373
2.35057997704,5372
2.35175204277,5371
2.35219693184,5370
2.3531370163,5369
2.35396194458,5368
2.35491800308,5367
2.35670399666,5366
2.35795903206,5365
2.35891890526,5364
2.36065602303,5363
2.36094784737,5362
2.36380887032,5361
2.36439681053,5360
2.36502981186,5359
2.36568284035,5358
2.36636090279,5357
2.36664199829,5356
2.36732292175,5355
2.36800289154,5354
2.36885690689,5353
2.37355589867,5352
2.3742480278,5351
2.37655591965,5350
2.37858390808,5349
2.37961983681,5348
2.38052201271,5347
2.38292598724,5346
2.38351297379,5345
2.38436603546,5344
2.38625693321,5343
2.38763785362,5342
2.38795781136,5341
2.38881993294,5340
2.38952088356,5339
2.39118790627,5338
2.39186286926,5337
2.39548301697,5336
2.39579582214,5335
2.39680695534,5334
2.39756989479,5333
2.39844298363,5332
2.39883589745,5331
2.40121483803,5330
2.40176200867,5329
2.40230894089,5328
2.40281581879,5327
2.40441894531,5326
2.40826702118,5325
2.4092400074,5324
2.40965104103,5323
2.41033291817,5322
2.41168284416,5321
2.41226696968,5320
2.41288089752,5319
2.4137339592,5318
2.41454696655,5317
2.41484594345,5316
2.41538286209,5315
2.41583204269,5314
2.41680788994,5313
2.41740989685,5312
2.41768789291,5311
2.41823482513,5310
2.41852688789,5309
2.42163395882,5308
2.42217588425,5307
2.424036026,5306
2.42523694038,5305
2.42624902725,5304
2.42701292038,5303
2.42739892006,5302
2.42945194244,5301
2.43135094643,5300
2.4317688942,5299
2.43203687668,5298
2.43313193321,5297
2.43349790573,5296
2.43429088593,5295
2.43461990356,5294
2.43679499626,5293
2.43711686134,5292
2.43741893768,5291
2.43863391876,5290
2.44079303741,5289
2.44534993172,5288
2.44620394707,5287
2.44683384895,5286
2.44801783562,5285
2.45307087898,5284
2.4541349411,5283
2.45445990562,5282
2.45731091499,5281
2.46082782745,5280
2.4611890316,5279
2.4639108181,5278
2.46589183807,5277
2.46735596657,5276
2.46991300583,5275
2.47305703163,5274
2.47822904587,5273
2.47873282433,5272
2.48078083992,5271
2.48167395592,5270
2.48765802383,5269
2.48900699615,5268
2.48929595947,5267
2.49084687233,5266
2.49172997475,5265
2.49499201775,5264
2.49608898163,5263
2.4964530468,5262
2.49882292747,5261
2.49954795837,5260
2.50086688995,5259
2.50181484222,5258
2.50306487083,5257
2.50597882271,5256
2.50682497025,5255
2.50896286964,5254
2.509953022,5253
2.51143193245,5252
2.51626396179,5251
2.51807188988,5250
2.522097826,5249
2.52298402786,5248
2.52461194992,5247
2.52648901939,5246
2.52682900429,5245
2.5274720192,5244
2.52793288231,5243
2.52851390839,5242
2.52892398834,5241
2.53340387344,5240
2.53458881378,5239
2.53551697731,5238
2.53688097,5237
2.53723192215,5236
2.5385389328,5235
2.53994488716,5234
2.54184603691,5233
2.5494530201,5232
2.55172801018,5231
2.55581784248,5230
2.55636382103,5229
2.55796790123,5228
2.5610640049,5227
2.56260585785,5226
2.56429004669,5225
2.56568098068,5224
2.5687110424,5223
2.56964182854,5222
2.57085394859,5221
2.57158899307,5220
2.57208204269,5219
2.57344388962,5218
2.57380104065,5217
2.57608103752,5216
2.5769598484,5215
2.58144903183,5214
2.58315587044,5213
2.58691596985,5212
2.59048700333,5211
2.5918610096,5210
2.59440898895,5209
2.59516382217,5208
2.59733700752,5207
2.59867691994,5206
2.60460281372,5205
2.6049759388,5204
2.60638284683,5203
2.606995821,5202
2.61012196541,5201
2.61157202721,5200
2.61301183701,5199
2.61765098572,5198
2.6226708889,5197
2.62362504005,5196
2.6245098114,5195
2.62580704689,5194
2.62783789635,5193
2.6280939579,5192
2.63023090363,5191
2.63587403297,5190
2.63717389107,5189
2.63956785202,5188
2.63995695114,5187
2.64088892937,5186
2.64201903343,5185
2.64751887321,5184
2.64798498154,5183
2.64854192734,5182
2.64886593819,5181
2.65180683136,5180
2.65443897247,5179
2.65664792061,5178
2.65939593315,5177
2.66083192825,5176
2.6619579792,5175
2.6625418663,5174
2.66604089737,5173
2.66682386398,5172
2.66851687431,5171
2.66935801506,5170
2.67053794861,5169
2.67374181747,5168
2.67740702629,5167
2.67808794975,5166
2.67909693718,5165
2.68047189713,5164
2.68486785889,5163
2.68747091293,5162
2.6892888546,5161
2.68984889984,5160
2.69258594513,5159
2.69369292259,5158
2.6964328289,5157
2.69862484932,5156
2.69949793816,5155
2.69996404648,5154
2.7007188797,5153
2.70102190971,5152
2.70237803459,5151
2.70445299149,5150
2.70608901978,5149
2.70660090446,5148
2.70687890053,5147
2.70765900612,5146
2.70902085304,5145
2.7121348381,5144
2.71321582794,5143
2.71414804459,5142
2.71557998657,5141
2.71644091606,5140
2.71801495552,5139
2.71839690208,5138
2.71868395805,5137
2.72005391121,5136
2.72145485878,5135
2.72356700897,5134
2.72389602661,5133
2.72624897957,5132
2.72684288025,5131
2.72719097137,5130
2.73145389557,5129
2.73484182358,5128
2.73593997955,5127
2.73751592636,5126
2.73846197128,5125
2.74158191681,5124
2.74580287933,5123
2.74751281738,5122
2.74790501595,5121
2.7492120266,5120
2.74956703186,5119
2.750041008,5118
2.75248599052,5117
2.75361084938,5116
2.75478887558,5115
2.75612902641,5114
2.7583129406,5113
2.76136398315,5112
2.76215791702,5111
2.76405596733,5110
2.76542592049,5109
2.76805496216,5108
2.77190804482,5107
2.77232503891,5106
2.77358984947,5105
2.77600884438,5104
2.77836799622,5103
2.77866196632,5102
2.78075885773,5101
2.78106498718,5100
2.78291296959,5099
2.78376483917,5098
2.78679394722,5097
2.78759098053,5096
2.79018592834,5095
2.7907128334,5094
2.79651904106,5093
2.79919695854,5092
2.79949784279,5091
2.80344796181,5090
2.80656290054,5089
2.80924201012,5088
2.81119084358,5087
2.81173586845,5086
2.81391000748,5085
2.81420588493,5084
2.81449103355,5083
2.81548786163,5082
2.8202559948,5081
2.82107901573,5080
2.82331085205,5079
2.82410788536,5078
2.82444882393,5077
2.82677602768,5076
2.82739400864,5075
2.83163404465,5074
2.83201503754,5073
2.83263897896,5072
2.83347296715,5071
2.83410191536,5070
2.83629703522,5069
2.83720397949,5068
2.83756804466,5067
2.8377828598,5066
2.85133600235,5065
2.85156297684,5064
2.8536169529,5063
2.85470986366,5062
2.85500788689,5061
2.85545301437,5060
2.86061382294,5059
2.86112499237,5058
2.86144185066,5057
2.86196804047,5056
2.8653960228,5055
2.86660194397,5054
2.86694598198,5053
2.86947584152,5052
2.87097883224,5051
2.87408304214,5050
2.8745880127,5049
2.87709093094,5048
2.8779129982,5047
2.88006091118,5046
2.88092303276,5045
2.88181185722,5044
2.88247203827,5043
2.88356900215,5042
2.88465094566,5041
2.8861579895,5040
2.88669586182,5039
2.89095401764,5038
2.89276385307,5037
2.89365196228,5036
2.89510583878,5035
2.89653682709,5034
2.89790797234,5033
2.89963984489,5032
2.90059304237,5031
2.90136790276,5030
2.90280103683,5029
2.90512299538,5028
2.90778684616,5027
2.91073703766,5026
2.91112089157,5025
2.91140389442,5024
2.91247701645,5023
2.91334795952,5022
2.91437983513,5021
2.91486597061,5020
2.91724085808,5019
2.91768598557,5018
2.91984891891,5017
2.92081999779,5016
2.92142391205,5015
2.92220592499,5014
2.92288804054,5013
2.92468190193,5012
2.9263548851,5011
2.9283759594,5010
2.92902898788,5009
2.93426084518,5008
2.93669581413,5007
2.94065785408,5006
2.94417095184,5005
2.94439291954,5004
2.94553399086,5003
2.94749689102,5002
2.9485449791,5001
2.95006084442,5000
2.9503698349,4999
2.9531648159,4998
2.95372891426,4997
2.95549988747,4996
2.95674395561,4995
2.95700502396,4994
2.95808601379,4993
2.95936083794,4992
2.95982289314,4991
2.96063494682,4990
2.9610388279,4989
2.96238803864,4988
2.96375203133,4987
2.96735596657,4986
2.96776986122,4985
2.96811199188,4984
2.96951699257,4983
2.9697508812,4982
2.97143101692,4981
2.97212386131,4980
2.97319293022,4979
2.97539901733,4978
2.97568297386,4977
2.97703385353,4976
2.97873902321,4975
2.98096489906,4974
2.98241591454,4973
2.98291397095,4972
2.98560380936,4971
2.98625183105,4970
2.98896384239,4969
2.99007701874,4968
2.99073600769,4967
2.99302601814,4966
2.99439382553,4965
2.99762892723,4964
2.99835801125,4963
2.99944591522,4962
3.00007796288,4961
3.00047588348,4960
3.00091385841,4959
3.0040538311,4958
3.00469303131,4957
3.00510191917,4956
3.0083398819,4955
3.01118588448,4954
3.01285099983,4953
3.01504087448,4952
3.01565885544,4951
3.01682090759,4950
3.02060389519,4949
3.0210750103,4948
3.02222681046,4947
3.02248287201,4946
3.02300095558,4945
3.0243768692,4944
3.02505803108,4943
3.02530694008,4942
3.02567887306,4941
3.02627897263,4940
3.02677083015,4939
3.02742481232,4938
3.02801799774,4937
3.02996683121,4936
3.03086400032,4935
3.03260302544,4934
3.03447794914,4933
3.03675103188,4932
3.03811502457,4931
3.04024481773,4930
3.0426568985,4929
3.04314398766,4928
3.04365682602,4927
3.04669499397,4926
3.05032682419,4925
3.05101490021,4924
3.06198501587,4923
3.06616997719,4922
3.06837201118,4921
3.07149887085,4920
3.07552504539,4919
3.07697987556,4918
3.07816290855,4917
3.07939982414,4916
3.08183693886,4915
3.08717989922,4914
3.08882904053,4913
3.09085798264,4912
3.09284090996,4911
3.09419298172,4910
3.09715294838,4909
3.09915590286,4908
3.10104894638,4907
3.10223293304,4906
3.10518789291,4905
3.10624289513,4904
3.10830593109,4903
3.11019587517,4902
3.11240196228,4901
3.11390089989,4900
3.11512184143,4899
3.12046098709,4898
3.12109398842,4897
3.12271881104,4896
3.12350797653,4895
3.12551689148,4894
3.12707996368,4893
3.12869787216,4892
3.12947297096,4891
3.13960981369,4890
3.14048886299,4889
3.14226388931,4888
3.1431119442,4887
3.14588499069,4886
3.14677190781,4885
3.1472568512,4884
3.15199398994,4883
3.15316486359,4882
3.15456700325,4881
3.1564218998,4880
3.15668392181,4879
3.15718889236,4878
3.16436195374,4877
3.16729187965,4876
3.16943788528,4875
3.17001390457,4874
3.1713309288,4873
3.1731979847,4872
3.17460083961,4871
3.17893195152,4870
3.18195986748,4869
3.18243288994,4868
3.18378686905,4867
3.18549895287,4866
3.18597793579,4865
3.1867108345,4864
3.1870238781,4863
3.18870282173,4862
3.1899189949,4861
3.19100499153,4860
3.19294190407,4859
3.19502782822,4858
3.1966688633,4857
3.19907784462,4856
3.19997501373,4855
3.20098590851,4854
3.20196700096,4853
3.20219182968,4852
3.20493793488,4851
3.20594000816,4850
3.20737886429,4849
3.20824790001,4848
3.20849704742,4847
3.20971083641,4846
3.21063494682,4845
3.21099686623,4844
3.21141791344,4843
3.21188688278,4842
3.21351695061,4841
3.21388196945,4840
3.21593403816,4839
3.21742200851,4838
3.21773481369,4837
3.21906590462,4836
3.21968388557,4835
3.22429704666,4834
3.22654485703,4833
3.22719192505,4832
3.23268604279,4831
3.23320102692,4830
3.23365688324,4829
3.23417782784,4828
3.23513698578,4827
3.23702287674,4826
3.24182295799,4825
3.24275898933,4824
3.24611902237,4823
3.24703598022,4822
3.2483420372,4821
3.25049591064,4820
3.25092291832,4819
3.25394392014,4818
3.25614285469,4817
3.25682902336,4816
3.25745081902,4815
3.26326584816,4814
3.26429080963,4813
3.2646009922,4812
3.26681184769,4811
3.26924085617,4810
3.26959204674,4809
3.27001404762,4808
3.27096295357,4807
3.27133083344,4806
3.27545785904,4805
3.27850699425,4804
3.28020691872,4803
3.28069400787,4802
3.28688693047,4801
3.28722691536,4800
3.28765892982,4799
3.28873801231,4798
3.29062485695,4797
3.2918510437,4796
3.29267096519,4795
3.29561781883,4794
3.29594492912,4793
3.29623293877,4792
3.2987279892,4791
3.30020594597,4790
3.30363082886,4789
3.30479001999,4788
3.30532598495,4787
3.31044197083,4786
3.31077098846,4785
3.31135201454,4784
3.31491804123,4783
3.31570482254,4782
3.31590390205,4781
3.31685185432,4780
3.31798386574,4779
3.31856989861,4778
3.32007098198,4777
3.32581996918,4776
3.33103990555,4775
3.33892989159,4774
3.34166884422,4773
3.34238982201,4772
3.35069298744,4771
3.35127782822,4770
3.35166597366,4769
3.35422301292,4768
3.35818481445,4767
3.35858297348,4766
3.36342191696,4765
3.3648788929,4764
3.36536383629,4763
3.36824989319,4762
3.36885094643,4761
3.36949896812,4760
3.37109994888,4759
3.37257003784,4758
3.37295389175,4757
3.37345504761,4756
3.37464499474,4755
3.37547802925,4754
3.37940597534,4753
3.38418197632,4752
3.38458800316,4751
3.38584685326,4750
3.38777589798,4749
3.38803386688,4748
3.39071583748,4747
3.39122200012,4746
3.39147496223,4745
3.39455890656,4744
3.39898300171,4743
3.39931702614,4742
3.40275001526,4741
3.40725898743,4740
3.40934991837,4739
3.41045498848,4738
3.41076493263,4737
3.41359901428,4736
3.41700100899,4735
3.41747689247,4734
3.41839885712,4733
3.42312288284,4732
3.42510390282,4731
3.425593853,4730
3.42723703384,4729
3.42960882187,4728
3.43200182915,4727
3.43238592148,4726
3.43585681915,4725
3.43960189819,4724
3.44032597542,4723
3.44072604179,4722
3.44112300873,4721
3.44146203995,4720
3.44209384918,4719
3.44327282906,4718
3.4442589283,4717
3.447275877,4716
3.45008087158,4715
3.45083498955,4714
3.45160293579,4713
3.45211291313,4712
3.45245790482,4711
3.45298790932,4710
3.45372891426,4709
3.46027898788,4708
3.460698843,4707
3.46147584915,4706
3.46410894394,4705
3.46553897858,4704
3.46583485603,4703
3.46612501144,4702
3.46954989433,4701
3.47011184692,4700
3.47046899796,4699
3.47397899628,4698
3.47503399849,4697
3.47916984558,4696
3.48357892036,4695
3.48418998718,4694
3.4849319458,4693
3.48524093628,4692
3.4889550209,4691
3.49124503136,4690
3.49360489845,4689
3.49398398399,4688
3.49932789803,4687
3.4999229908,4686
3.50491786003,4685
3.50658988953,4684
3.50714993477,4683
3.51017594337,4682
3.51468586922,4681
3.51555585861,4680
3.51997685432,4679
3.52143597603,4678
3.52398085594,4677
3.52590799332,4676
3.52847099304,4675
3.53182983398,4674
3.53252792358,4673
3.53595089912,4672
3.53934001923,4671
3.54293990135,4670
3.54374098778,4669
3.54736089706,4668
3.5478348732,4667
3.54839992523,4666
3.5502820015,4665
3.55135202408,4664
3.55218887329,4663
3.55313897133,4662
3.55500388145,4661
3.55582284927,4660
3.55608487129,4659
3.55653595924,4658
3.55685901642,4657
3.55721688271,4656
3.5606148243,4655
3.5609869957,4654
3.56525301933,4653
3.5667078495,4652
3.56713891029,4651
3.5693860054,4650
3.57065701485,4649
3.57456302643,4648
3.57561898232,4647
3.58096504211,4646
3.58244585991,4645
3.58525204659,4644
3.58686184883,4643
3.58795881271,4642
3.58903098106,4641
3.59002685547,4640
3.59074783325,4639
3.59198594093,4638
3.59637904167,4637
3.59896302223,4636
3.59979200363,4635
3.6124958992,4634
3.62867093086,4633
3.63277602196,4632
3.63366889954,4631
3.63437390327,4630
3.63624000549,4629
3.63904500008,4628
3.64311599731,4627
3.64384698868,4626
3.6474609375,4625
3.64907097816,4624
3.65495681763,4623
3.65572690964,4622
3.6613638401,4621
3.66316103935,4620
3.66503095627,4619
3.68847799301,4618
3.68897891045,4617
3.69983887672,4616
3.70277690887,4615
3.70577692986,4614
3.70611286163,4613
3.70810890198,4612
3.71811389923,4611
3.71905398369,4610
3.72372984886,4609
3.73301100731,4608
3.73576784134,4607
3.73990392685,4606
3.74564981461,4605
3.74616289139,4604
3.74764299393,4603
3.75020384789,4602
3.76713585854,4601
3.76829886436,4600
3.768627882,4599
3.7689230442,4598
3.77095985413,4597
3.77252984047,4596
3.77365994453,4595
3.77623486519,4594
3.77743601799,4593
3.78318595886,4592
3.78427386284,4591
3.78941082954,4590
3.79575800896,4589
3.79795193672,4588
3.80293703079,4587
3.80328893661,4586
3.80779695511,4585
3.80946087837,4584
3.81196784973,4583
3.8137140274,4582
3.81706881523,4581
3.82010293007,4580
3.82071185112,4579
3.82455992699,4578
3.82763886452,4577
3.82924103737,4576
3.83255982399,4575
3.83451390266,4574
3.83914589882,4573
3.84146404266,4572
3.84239602089,4571
3.84305095673,4570
3.84424591064,4569
3.84604096413,4568
3.84647989273,4567
3.84687781334,4566
3.85593485832,4565
3.85698699951,4564
3.8605029583,4563
3.86131000519,4562
3.86252593994,4561
3.86449503899,4560
3.86688184738,4559
3.86798095703,4558
3.86960291862,4557
3.87018489838,4556
3.87060689926,4555
3.87208104134,4554
3.87346696854,4553
3.87796783447,4552
3.88055181503,4551
3.88303804398,4550
3.88339686394,4549
3.89026904106,4548
3.89195799828,4547
3.89321684837,4546
3.8958029747,4545
3.89623785019,4544
3.89668393135,4543
3.90130090714,4542
3.90393781662,4541
3.90433883667,4540
3.90471696854,4539
3.91051888466,4538
3.91143298149,4537
3.91496086121,4536
3.92305088043,4535
3.92522192001,4534
3.92586088181,4533
3.92926096916,4532
3.93087291718,4531
3.93262696266,4530
3.93482494354,4529
3.93601584435,4528
3.93688797951,4527
3.9375538826,4526
3.94139885902,4525
3.9486579895,4524
3.94964981079,4523
3.95190596581,4522
3.9523370266,4521
3.95499587059,4520
3.95568299294,4519
3.95654392242,4518
3.95853281021,4517
3.96001195908,4516
3.96335291862,4515
3.96459197998,4514
3.96843481064,4513
3.97045087814,4512
3.97235894203,4511
3.98069787025,4510
3.98153281212,4509
3.98218393326,4508
3.9843788147,4507
3.98520994186,4506
3.98753786087,4505
3.98940181732,4504
3.99153900146,4503
3.99235701561,4502
3.99471783638,4501
3.99846792221,4500
3.99984502792,4499
4.00884103775,4498
4.0091688633,4497
4.01688790321,4496
4.01795482635,4495
4.01905083656,4494
4.01970481873,4493
4.02311992645,4492
4.03232097626,4491
4.03638601303,4490
4.03727388382,4489
4.03895282745,4488
4.03919696808,4487
4.04149103165,4486
4.04181694984,4485
4.04225182533,4484
4.0449719429,4483
4.05123400688,4482
4.05152583122,4481
4.05389881134,4480
4.05523991585,4479
4.05600190163,4478
4.06306099892,4477
4.06676602364,4476
4.07010483742,4475
4.07091188431,4474
4.07287096977,4473
4.07356286049,4472
4.07551002502,4471
4.07736682892,4470
4.07934403419,4469
4.08017992973,4468
4.08167481422,4467
4.08579802513,4466
4.08638000488,4465
4.08771800995,4464
4.09031796455,4463
4.09265494347,4462
4.09400701523,4461
4.09604501724,4460
4.09973502159,4459
4.10284090042,4458
4.10316681862,4457
4.1040148735,4456
4.10474991798,4455
4.10570883751,4454
4.1059589386,4453
4.10907101631,4452
4.11142683029,4451
4.11317682266,4450
4.11347198486,4449
4.1144759655,4448
4.11683702469,4447
4.11767482758,4446
4.11853981018,4445
4.12103891373,4444
4.12256193161,4443
4.13022899628,4442
4.13224101067,4441
4.13271403313,4440
4.13815784454,4439
4.14086890221,4438
4.14626502991,4437
4.14684295654,4436
4.14908981323,4435
4.15201282501,4434
4.15325689316,4433
4.15445590019,4432
4.15515899658,4431
4.15799188614,4430
4.15832996368,4429
4.16009998322,4428
4.16111397743,4427
4.1651968956,4426
4.1671090126,4425
4.16775989532,4424
4.16799688339,4423
4.16861987114,4422
4.16981983185,4421
4.17139196396,4420
4.17170095444,4419
4.17307591438,4418
4.17555689812,4417
4.17958784103,4416
4.18332791328,4415
4.18509483337,4414
4.18543887138,4413
4.18628692627,4412
4.19525098801,4411
4.19935894012,4410
4.20117282867,4409
4.20212984085,4408
4.2051680088,4407
4.20956683159,4406
4.21066999435,4405
4.21299695969,4404
4.21453595161,4403
4.21544194221,4402
4.21750092506,4401
4.21859383583,4400
4.22352695465,4399
4.22774195671,4398
4.23109292984,4397
4.23181200027,4396
4.23644900322,4395
4.24250292778,4394
4.24311590195,4393
4.25302696228,4392
4.25324296951,4391
4.25394797325,4390
4.25511693954,4389
4.255879879,4388
4.2581179142,4387
4.2590739727,4386
4.26162481308,4385
4.26236200333,4384
4.26296687126,4383
4.26338601112,4382
4.26719689369,4381
4.26980686188,4380
4.27777791023,4379
4.27816390991,4378
4.27898383141,4377
4.27939486504,4376
4.28337597847,4375
4.28509283066,4374
4.28602385521,4373
4.2895488739,4372
4.28978300095,4371
4.291492939,4370
4.29223394394,4369
4.2924349308,4368
4.29281401634,4367
4.29579496384,4366
4.2973678112,4365
4.29836893082,4364
4.29888486862,4363
4.30023789406,4362
4.30074596405,4361
4.30105686188,4360
4.30160188675,4359
4.30650091171,4358
4.30766701698,4357
4.3098988533,4356
4.31657290459,4355
4.31797003746,4354
4.31836795807,4353
4.32111787796,4352
4.32641291618,4351
4.32861185074,4350
4.3297059536,4349
4.33424496651,4348
4.33546996117,4347
4.34246087074,4346
4.34584403038,4345
4.34647297859,4344
4.35199093819,4343
4.35235691071,4342
4.35383987427,4341
4.36066484451,4340
4.36193203926,4339
4.36427402496,4338
4.36466383934,4337
4.36510300636,4336
4.36779499054,4335
4.37086296082,4334
4.37722301483,4333
4.37782096863,4332
4.38602304459,4331
4.38717389107,4330
4.38825488091,4329
4.38868904114,4328
4.39397501945,4327
4.39430093765,4326
4.39664292336,4325
4.39754581451,4324
4.39823484421,4323
4.40129804611,4322
4.40397787094,4321
4.40708184242,4320
4.41527986526,4319
4.41621899605,4318
4.41794395447,4317
4.42250990868,4316
4.42339396477,4315
4.4257838726,4314
4.42758584023,4313
4.43239998817,4312
4.43740582466,4311
4.43876194954,4310
4.44050383568,4309
4.44249892235,4308
4.44959783554,4307
4.4508099556,4306
4.45288395882,4305
4.45533490181,4304
4.45688796043,4303
4.46262192726,4302
4.46652293205,4301
4.4670279026,4300
4.4679338932,4299
4.46933794022,4298
4.47060704231,4297
4.47510194778,4296
4.47533583641,4295
4.47759485245,4294
4.47835183144,4293
4.4865758419,4292
4.48706698418,4291
4.49121499062,4290
4.49191784859,4289
4.4927418232,4288
4.49427986145,4287
4.49477386475,4286
4.49568486214,4285
4.50179982185,4284
4.50398492813,4283
4.50643181801,4282
4.51364588737,4281
4.5148370266,4280
4.51516199112,4279
4.51683092117,4278
4.51721596718,4277
4.51913094521,4276
4.52150893211,4275
4.52196192741,4274
4.52404284477,4273
4.52432203293,4272
4.52534985542,4271
4.52682590485,4270
4.52959489822,4269
4.53255701065,4268
4.53405284882,4267
4.53437900543,4266
4.53654694557,4265
4.54223394394,4264
4.54306983948,4263
4.54338788986,4262
4.54642391205,4261
4.54743385315,4260
4.54828882217,4259
4.5495159626,4258
4.55066299438,4257
4.55551695824,4256
4.56244397163,4255
4.56502604485,4254
4.56599187851,4253
8.06246781349,4252
8.06373095512,4251
8.0876159668,4250
8.09433603287,4249
8.10607481003,4248
8.11403989792,4247
8.11467289925,4246
8.12589693069,4245
8.12845396996,4244
8.1320669651,4243
8.1411178112,4242
8.14481496811,4241
8.14551997185,4240
8.19054889679,4239
8.19672203064,4238
8.20671701431,4237
8.21340584755,4236
8.21745991707,4235
8.22952890396,4234
11.5282568932,4233
11.5314450264,4232
11.5321679115,4231
11.5536420345,4230
11.5580539703,4229
11.5586428642,4228
11.56584692,4227
11.5707418919,4226
11.616519928,4225
11.6361329556,4224
11.6388199329,4223
11.6526730061,4222
11.6594538689,4221
11.6716599464,4220
11.6776528358,4219
11.6956038475,4218
11.7018499374,4217
11.70835495,4216
11.714443922,4215
11.7163999081,4214
11.7183070183,4213
11.7225689888,4212
11.7560789585,4211
11.7704310417,4210
11.8092520237,4209
11.8102500439,4208
11.8152990341,4207
11.8165938854,4206
11.8265349865,4205
11.8294119835,4204
11.8407199383,4203
15.3179218769,4202
15.3218510151,4201
15.3251750469,4200
15.3421118259,4199
15.3639848232,4198
15.3835618496,4197
15.3870508671,4196
15.3891899586,4195
15.3963158131,4194
15.3991270065,4193
15.410795927,4192
15.4419398308,4191
15.4428839684,4190
15.451613903,4189
15.4599080086,4188
15.476692915,4187
15.4932978153,4186
15.4978148937,4185
15.5028939247,4184
15.5289578438,4183
15.5348389149,4182
15.5354208946,4181
15.5434048176,4180
15.5534338951,4179
15.5685148239,4178
15.5807468891,4177
15.5818789005,4176
15.6176798344,4175
15.6196739674,4174
15.6320109367,4173
19.2634339333,4172
19.2725739479,4171
19.2770838737,4170
19.2890770435,4169
19.2931249142,4168
19.3087480068,4167
19.3412008286,4166
19.3504059315,4165
19.3535439968,4164
19.3565180302,4163
19.371450901,4162
19.3753759861,4161
19.3908808231,4160
19.4018979073,4159
19.4043169022,4158
19.4057679176,4157
19.4076440334,4156
19.419508934,4155
19.4227449894,4154
19.4329040051,4153
19.4451429844,4152
19.4480600357,4151
19.4518339634,4150
19.4545888901,4149
19.4740948677,4148
19.4770720005,4147
19.479598999,4146
19.4892699718,4145
19.4901578426,4144
19.4933028221,4143
19.4968109131,4142
19.5101158619,4141
19.5114629269,4140
19.5141878128,4139
19.5201368332,4138
19.5231499672,4137
19.5382618904,4136
24.039233923,4135
24.0614979267,4134
24.0779910088,4133
24.0864958763,4132
24.1042590141,4131
24.1118679047,4130
24.1147480011,4129
24.1226229668,4128
24.1260588169,4127
28.1263289452,4126
28.1295008659,4125
28.1399278641,4124
28.1718389988,4123
28.1904509068,4122
28.2193470001,4121
28.2222318649,4120
28.2225699425,4119
28.2403960228,4118
28.2496628761,4117
28.2797448635,4116
32.117043972,4115
32.119024992,4114
32.1215088367,4113
32.1230330467,4112
32.1345648766,4111
32.1487009525,4110
32.1539139748,4109
32.1591780186,4108
32.1595959663,4107
32.1616079807,4106
32.1683499813,4105
32.1717269421,4104
32.173899889,4103
32.1809868813,4102
32.1941959858,4101
32.209084034,4100
32.2166619301,4099
32.2210600376,4098
32.2228939533,4097
32.2246110439,4096
32.2347168922,4095
32.2404909134,4094
32.2503769398,4093
32.2530229092,4092
32.2640149593,4091
32.2668948174,4090
32.2685308456,4089
32.2762858868,4088
32.2798089981,4087
32.285545826,4086
32.2859559059,4085
39.9226808548,4084
39.9245760441,4083
39.9421718121,4082
39.9435758591,4081
39.9480419159,4080
39.9505069256,4079
39.9526269436,4078
39.9647858143,4077
39.971971035,4076
39.9738729,4075
39.9870250225,4074
39.9900410175,4073
39.9934179783,4072
43.7992408276,4071
43.8391168118,4070
43.8443260193,4069
43.8502750397,4068
43.8921749592,4067
43.907750845,4066
47.4858498573,4065
47.4866499901,4064
47.4895708561,4063
47.5000350475,4062
47.5072879791,4061
47.5167608261,4060
47.5188930035,4059
47.5354709625,4058
47.5539009571,4057
47.5567519665,4056
51.1099479198,4055
51.1218278408,4054
51.1284048557,4053
51.1348719597,4052
51.1353018284,4051
51.1486618519,4050
51.153220892,4049
51.1652958393,4048
51.1676540375,4047
62.5250630379,4046
62.5329208374,4045
62.5359098911,4044
62.5469248295,4043
62.5485630035,4042
62.5585539341,4041
62.5605299473,4040
62.561647892,4039
62.5789198875,4038
62.584556818,4037
62.5858838558,4036
62.5884709358,4035
62.5915119648,4034
62.5931458473,4033
62.5980968475,4032
62.6010229588,4031
62.6256070137,4030
62.6317138672,4029
62.6330468655,4028
62.6364428997,4027
62.6376199722,4026
66.3965559006,4025
66.4172508717,4024
66.4183440208,4023
70.1608829498,4022
70.1677429676,4021
77.8912079334,4020
77.8919520378,4019
77.8939490318,4018
77.8951618671,4017
81.8829519749,4016
81.8868429661,4015
81.9031178951,4014
81.9432199001,4013
