0.0189979076385,7609
0.0193910598755,7608
0.0197410583496,7607
0.0203850269318,7606
0.0207769870758,7605
0.0211780071259,7604
0.0215148925781,7603
0.0220620632172,7602
0.0225410461426,7601
0.023323059082,7600
0.0236148834229,7599
0.0239970684052,7598
0.0245139598846,7597
0.0250580310822,7596
0.0255410671234,7595
0.0259959697723,7594
0.0263440608978,7593
0.0266239643097,7592
0.0270509719849,7591
0.0275580883026,7590
0.0280499458313,7589
0.0283811092377,7588
0.0290288925171,7587
0.0293679237366,7586
0.0298891067505,7585
0.0303230285645,7584
0.0305941104889,7583
0.0310249328613,7582
0.0314090251923,7581
0.0317549705505,7580
0.0322759151459,7579
0.032772064209,7578
0.0331358909607,7577
0.0336220264435,7576
0.0339510440826,7575
0.0343639850616,7574
0.0350608825684,7573
0.0355739593506,7572
0.0359210968018,7571
0.0363519191742,7570
0.0369429588318,7569
0.0372920036316,7568
0.0376169681549,7567
0.0380709171295,7566
0.0387370586395,7565
0.0392899513245,7564
0.0397629737854,7563
0.040256023407,7562
0.0410079956055,7561
0.041445016861,7560
0.0418848991394,7559
0.0423889160156,7558
0.0427820682526,7557
0.0432300567627,7556
0.0437049865723,7555
0.0443630218506,7554
0.0449039936066,7553
0.0455501079559,7552
0.045912027359,7551
0.0464050769806,7550
0.0468149185181,7549
0.0471200942993,7548
0.0475420951843,7547
0.0482130050659,7546
0.0487310886383,7545
0.049201965332,7544
0.0495119094849,7543
0.0498099327087,7542
0.0502390861511,7541
0.0508010387421,7540
0.0510630607605,7539
0.0517590045929,7538
0.0521030426025,7537
0.0526669025421,7536
0.0529489517212,7535
0.0533828735352,7534
0.0539441108704,7533
0.0544650554657,7532
0.0549559593201,7531
0.055330991745,7530
0.0557069778442,7529
0.0561139583588,7528
0.0567879676819,7527
0.0575408935547,7526
0.0579669475555,7525
0.058513879776,7524
0.0590260028839,7523
0.0594050884247,7522
0.0599339008331,7521
0.0603458881378,7520
0.0608448982239,7519
0.0613210201263,7518
0.0617089271545,7517
0.0620369911194,7516
0.0623400211334,7515
0.0628249645233,7514
0.0633010864258,7513
0.0640089511871,7512
0.0646240711212,7511
0.0650689601898,7510
0.0653970241547,7509
0.0657000541687,7508
0.0661768913269,7507
0.0667440891266,7506
0.0671370029449,7505
0.0674500465393,7504
0.0680820941925,7503
0.0685238838196,7502
0.0689809322357,7501
0.0693678855896,7500
0.0699419975281,7499
0.0703010559082,7498
0.070827960968,7497
0.0712049007416,7496
0.0716140270233,7495
0.0720219612122,7494
0.0729439258575,7493
0.07350897789,7492
0.0741589069366,7491
0.0746779441833,7490
0.0755739212036,7489
0.0761189460754,7488
0.0764548778534,7487
0.0768330097198,7486
0.0777280330658,7485
0.0783889293671,7484
0.0792379379272,7483
0.079498052597,7482
0.0799870491028,7481
0.0804491043091,7480
0.0810480117798,7479
0.0815289020538,7478
0.0819370746613,7477
0.0822529792786,7476
0.0831489562988,7475
0.0840990543365,7474
0.0844509601593,7473
0.0851120948792,7472
0.085825920105,7471
0.0862550735474,7470
0.0869178771973,7469
0.0877180099487,7468
0.0883500576019,7467
0.0887689590454,7466
0.0892128944397,7465
0.0896940231323,7464
0.0903089046478,7463
0.0906460285187,7462
0.0912299156189,7461
0.0918750762939,7460
0.092386007309,7459
0.0926880836487,7458
0.0933060646057,7457
0.0939929485321,7456
0.0946428775787,7455
0.0950601100922,7454
0.0954840183258,7453
0.0960938930511,7452
0.0967009067535,7451
0.0973279476166,7450
0.0978629589081,7449
0.0983068943024,7448
0.0989689826965,7447
0.0994729995728,7446
0.100109100342,7445
0.100635051727,7444
0.101224899292,7443
0.101804971695,7442
0.102098941803,7441
0.103036880493,7440
0.103702068329,7439
0.103980064392,7438
0.104438066483,7437
0.105168104172,7436
0.10658288002,7435
0.107141017914,7434
0.107471942902,7433
0.107966899872,7432
0.108458995819,7431
0.109247922897,7430
0.109824895859,7429
0.110229969025,7428
0.11080789566,7427
0.111342906952,7426
0.111929893494,7425
0.112493038177,7424
0.112925052643,7423
0.113373041153,7422
0.113869905472,7421
0.114201068878,7420
0.11453795433,7419
0.115173101425,7418
0.116321086884,7417
0.11666893959,7416
0.11781001091,7415
0.118726968765,7414
0.119472980499,7413
0.120205879211,7412
0.120755910873,7411
0.121110916138,7410
0.121828079224,7409
0.122261047363,7408
0.123078107834,7407
0.123871088028,7406
0.124196052551,7405
0.124840021133,7404
0.125709056854,7403
0.126825094223,7402
0.127350091934,7401
0.128213882446,7400
0.128587007523,7399
0.129016876221,7398
0.129541873932,7397
0.130167961121,7396
0.130542993546,7395
0.13142490387,7394
0.132191896439,7393
0.132597923279,7392
0.13350892067,7391
0.134049892426,7390
0.134528875351,7389
0.13565993309,7388
0.136200904846,7387
0.13679599762,7386
0.137978076935,7385
0.138488054276,7384
0.138833999634,7383
0.1392390728,7382
0.140038013458,7381
0.140429019928,7380
0.141227006912,7379
0.141664028168,7378
0.142157077789,7377
0.142674922943,7376
0.143184900284,7375
0.143611907959,7374
0.14408993721,7373
0.144692897797,7372
0.145354032516,7371
0.145746946335,7370
0.146461963654,7369
0.146974086761,7368
0.147279024124,7367
0.147697925568,7366
0.148295879364,7365
0.149095058441,7364
0.149661064148,7363
0.14995598793,7362
0.150319099426,7361
0.15073800087,7360
0.151679992676,7359
0.152245998383,7358
0.15292096138,7357
0.153311014175,7356
0.153825044632,7355
0.154278039932,7354
0.154988050461,7353
0.155406951904,7352
0.155814886093,7351
0.156337022781,7350
0.157176017761,7349
0.157546043396,7348
0.158232927322,7347
0.158679962158,7346
0.159514904022,7345
0.160075902939,7344
0.160706043243,7343
0.161114931107,7342
0.161390066147,7341
0.162472963333,7340
0.163239002228,7339
0.163867950439,7338
0.164361000061,7337
0.165405988693,7336
0.165965080261,7335
0.166460990906,7334
0.166913986206,7333
0.167282104492,7332
0.168261051178,7331
0.168823957443,7330
0.169276952744,7329
0.169738054276,7328
0.17064499855,7327
0.171283006668,7326
0.171633005142,7325
0.17191195488,7324
0.172466039658,7323
0.172946929932,7322
0.173242092133,7321
0.173722982407,7320
0.174309968948,7319
0.174630880356,7318
0.175016880035,7317
0.175476074219,7316
0.176111936569,7315
0.176591873169,7314
0.177073955536,7313
0.177584886551,7312
0.17830991745,7311
0.178858995438,7310
0.179444074631,7309
0.180733919144,7308
0.181066989899,7307
0.18168091774,7306
0.182135105133,7305
0.182499885559,7304
0.182950973511,7303
0.183233976364,7302
0.183937072754,7301
0.184460878372,7300
0.184972047806,7299
0.185456991196,7298
0.185785055161,7297
0.186245918274,7296
0.186680078506,7295
0.187669992447,7294
0.188574075699,7293
0.189858913422,7292
0.190304994583,7291
0.190602064133,7290
0.191149950027,7289
0.191642999649,7288
0.192006111145,7287
0.193608045578,7286
0.194638967514,7285
0.195336103439,7284
0.195708990097,7283
0.196698904037,7282
0.19720697403,7281
0.197782993317,7280
0.198432922363,7279
0.198747873306,7278
0.199333906174,7277
0.200177907944,7276
0.20143699646,7275
0.201945066452,7274
0.20228600502,7273
0.203363895416,7272
0.20426607132,7271
0.204669952393,7270
0.205164909363,7269
0.20617389679,7268
0.206722021103,7267
0.207591056824,7266
0.208151102066,7265
0.209620952606,7264
0.20996594429,7263
0.210689067841,7262
0.211040973663,7261
0.211602926254,7260
0.212267875671,7259
0.212884902954,7258
0.214054107666,7257
0.214715003967,7256
0.215266942978,7255
0.216027975082,7254
0.216574907303,7253
0.217117071152,7252
0.217437028885,7251
0.218070983887,7250
0.218683004379,7249
0.219235897064,7248
0.220089912415,7247
0.220444917679,7246
0.220918893814,7245
0.221405982971,7244
0.222455024719,7243
0.223851919174,7242
0.224426031113,7241
0.224996089935,7240
0.226164102554,7239
0.227010011673,7238
0.22772693634,7237
0.228091001511,7236
0.228561878204,7235
0.229368925095,7234
0.229718923569,7233
0.230443000793,7232
0.230844020844,7231
0.231573104858,7230
0.232050895691,7229
0.232496976852,7228
0.233074903488,7227
0.233647108078,7226
0.234013080597,7225
0.234440088272,7224
0.234709978104,7223
0.235159873962,7222
0.235548019409,7221
0.236038923264,7220
0.236367940903,7219
0.23705291748,7218
0.237349033356,7217
0.238080024719,7216
0.238532066345,7215
0.239327907562,7214
0.239650964737,7213
0.240082025528,7212
0.240448951721,7211
0.240839004517,7210
0.241797924042,7209
0.242764949799,7208
0.24314904213,7207
0.243719100952,7206
0.244385004044,7205
0.245002985001,7204
0.245640039444,7203
0.246048927307,7202
0.246479988098,7201
0.247241020203,7200
0.24760890007,7199
0.248229980469,7198
0.248549938202,7197
0.248842000961,7196
0.249280929565,7195
0.250053882599,7194
0.250483036041,7193
0.251569986343,7192
0.252094984055,7191
0.252558946609,7190
0.253499031067,7189
0.254354953766,7188
0.255001068115,7187
0.255487918854,7186
0.256010055542,7185
0.256407976151,7184
0.257188081741,7183
0.257561922073,7182
0.258860111237,7181
0.25935792923,7180
0.259769916534,7179
0.260529994965,7178
0.261204957962,7177
0.262079000473,7176
0.262392044067,7175
0.26328587532,7174
0.264199018478,7173
0.264523029327,7172
0.265115022659,7171
0.266331911087,7170
0.266937971115,7169
0.267664909363,7168
0.267998933792,7167
0.268393039703,7166
0.270236968994,7165
0.271200895309,7164
0.271733045578,7163
0.272484064102,7162
0.272886037827,7161
0.273382902145,7160
0.273936986923,7159
0.274837017059,7158
0.275594949722,7157
0.276041030884,7156
0.276350021362,7155
0.277463912964,7154
0.277944087982,7153
0.278307914734,7152
0.278722047806,7151
0.280128002167,7150
0.280656099319,7149
0.28110408783,7148
0.281754970551,7147
0.282110929489,7146
0.282644987106,7145
0.283039093018,7144
0.283456087112,7143
0.284036874771,7142
0.28469991684,7141
0.285798072815,7140
0.287256002426,7139
0.287594079971,7138
0.288125991821,7137
0.288486003876,7136
0.288935899734,7135
0.289448022842,7134
0.289980888367,7133
0.290601015091,7132
0.29111790657,7131
0.291754007339,7130
0.29216504097,7129
0.292560100555,7128
0.292874097824,7127
0.293601036072,7126
0.294627904892,7125
0.295193910599,7124
0.2956199646,7123
0.296233892441,7122
0.296802043915,7121
0.297326087952,7120
0.298053026199,7119
0.298444032669,7118
0.299911975861,7117
0.300374031067,7116
0.30106306076,7115
0.301373004913,7114
0.302628040314,7113
0.303118944168,7112
0.304015874863,7111
0.304583072662,7110
0.305409908295,7109
0.306873083115,7108
0.30730509758,7107
0.307981967926,7106
0.308870077133,7105
0.30987906456,7104
0.310539007187,7103
0.311095952988,7102
0.312000989914,7101
0.312427043915,7100
0.312876939774,7099
0.31328701973,7098
0.313672065735,7097
0.314176082611,7096
0.314568996429,7095
0.315392971039,7094
0.315905094147,7093
0.317040920258,7092
0.318109989166,7091
0.318690061569,7090
0.319827079773,7089
0.320538043976,7088
0.321094989777,7087
0.321410894394,7086
0.322725057602,7085
0.32336807251,7084
0.324034929276,7083
0.324522018433,7082
0.324858903885,7081
0.325167894363,7080
0.325646877289,7079
0.326052904129,7078
0.326524972916,7077
0.327270030975,7076
0.327970027924,7075
0.328700065613,7074
0.330596923828,7073
0.330935001373,7072
0.331603050232,7071
0.332133054733,7070
0.332599878311,7069
0.333046913147,7068
0.333450078964,7067
0.334110975266,7066
0.334853887558,7065
0.335282087326,7064
0.335653066635,7063
0.336000919342,7062
0.336303949356,7061
0.33686709404,7060
0.337495088577,7059
0.338003873825,7058
0.338495969772,7057
0.339401006699,7056
0.34002995491,7055
0.340569019318,7054
0.34165596962,7053
0.343022108078,7052
0.343343019485,7051
0.343612909317,7050
0.3440990448,7049
0.344817876816,7048
0.345100879669,7047
0.345638036728,7046
0.345997095108,7045
0.346988916397,7044
0.347584009171,7043
0.348021030426,7042
0.348614931107,7041
0.349081993103,7040
0.349406957626,7039
0.349979877472,7038
0.351587057114,7037
0.353095054626,7036
0.353569984436,7035
0.35400891304,7034
0.355181932449,7033
0.355527877808,7032
0.356509923935,7031
0.357415914536,7030
0.357837915421,7029
0.358409881592,7028
0.358820915222,7027
0.359824895859,7026
0.361008882523,7025
0.362343072891,7024
0.362941026688,7023
0.363403081894,7022
0.364464044571,7021
0.365354061127,7020
0.366715908051,7019
0.367114067078,7018
0.367604970932,7017
0.367980003357,7016
0.368522882462,7015
0.369191884995,7014
0.369721889496,7013
0.370408058167,7012
0.370903968811,7011
0.371556043625,7010
0.37299990654,7009
0.373471021652,7008
0.374104976654,7007
0.37459897995,7006
0.374998092651,7005
0.375451087952,7004
0.376329898834,7003
0.376931905746,7002
0.377660989761,7001
0.378159999847,7000
0.378525972366,6999
0.379353046417,6998
0.379633903503,6997
0.380388975143,6996
0.380964040756,6995
0.381520032883,6994
0.381926059723,6993
0.382322072983,6992
0.383203029633,6991
0.384326934814,6990
0.384897947311,6989
0.385422945023,6988
0.385703086853,6987
0.386287927628,6986
0.387216091156,6985
0.388328075409,6984
0.389121055603,6983
0.38943696022,6982
0.390248060226,6981
0.39081287384,6980
0.391192913055,6979
0.391874074936,6978
0.392246007919,6977
0.393655061722,6976
0.394424915314,6975
0.395665884018,6974
0.396235942841,6973
0.396677970886,6972
0.397085905075,6971
0.397619962692,6970
0.397962093353,6969
0.398282051086,6968
0.398920059204,6967
0.399686098099,6966
0.400418996811,6965
0.402436971664,6964
0.403048038483,6963
0.403800964355,6962
0.404114961624,6961
0.404891014099,6960
0.405483007431,6959
0.406517028809,6958
0.407176017761,6957
0.407665967941,6956
0.408565044403,6955
0.409013032913,6954
0.409661054611,6953
0.41020488739,6952
0.410690069199,6951
0.411360025406,6950
0.412594079971,6949
0.413223981857,6948
0.414505958557,6947
0.415730953217,6946
0.416856050491,6945
0.418027877808,6944
0.418571949005,6943
0.419039964676,6942
0.420105934143,6941
0.421000957489,6940
0.422246932983,6939
0.423156023026,6938
0.423667907715,6937
0.424897909164,6936
0.425734043121,6935
0.42663693428,6934
0.427553892136,6933
0.428490877151,6932
0.42915892601,6931
0.430614948273,6930
0.430943965912,6929
0.431891918182,6928
0.432987928391,6927
0.433701038361,6926
0.434083938599,6925
0.43502497673,6924
0.43551492691,6923
0.43586397171,6922
0.436173915863,6921
0.437345981598,6920
0.438659906387,6919
0.439140081406,6918
0.440048933029,6917
0.440947055817,6916
0.441516876221,6915
0.442343950272,6914
0.442718029022,6913
0.443330049515,6912
0.444776058197,6911
0.445363044739,6910
0.445938110352,6909
0.446496009827,6908
0.446942090988,6907
0.44761300087,6906
0.448131084442,6905
0.448807001114,6904
0.449834108353,6903
0.450244903564,6902
0.450784921646,6901
0.451720952988,6900
0.452132940292,6899
0.452719926834,6898
0.453577041626,6897
0.454648971558,6896
0.455259084702,6895
0.455774068832,6894
0.456254959106,6893
0.457710981369,6892
0.458703041077,6891
0.459184885025,6890
0.460956096649,6889
0.462162971497,6888
0.464195966721,6887
0.465216875076,6886
0.466882944107,6885
0.467360973358,6884
0.467870950699,6883
0.468893051147,6882
0.46932888031,6881
0.469815969467,6880
0.47092795372,6879
0.47211098671,6878
0.473062992096,6877
0.473375082016,6876
0.473928928375,6875
0.474843025208,6874
0.475959062576,6873
0.476411104202,6872
0.476758003235,6871
0.477852106094,6870
0.478308916092,6869
0.478925943375,6868
0.479532003403,6867
0.480089902878,6866
0.480454921722,6865
0.480804920197,6864
0.481995105743,6863
0.482911109924,6862
0.484637975693,6861
0.48649597168,6860
0.4872610569,6859
0.487786054611,6858
0.48827290535,6857
0.488717079163,6856
0.490268945694,6855
0.492146015167,6854
0.492981910706,6853
0.493870019913,6852
0.494507074356,6851
0.495558023453,6850
0.49587893486,6849
0.497190952301,6848
0.497677087784,6847
0.49857211113,6846
0.499211072922,6845
0.500190973282,6844
0.500562906265,6843
0.500926017761,6842
0.502032995224,6841
0.502564907074,6840
0.50411605835,6839
0.505407094955,6838
0.505865097046,6837
0.506422042847,6836
0.507553100586,6835
0.508195877075,6834
0.508619070053,6833
0.509084939957,6832
0.512020111084,6831
0.513056993484,6830
0.514323949814,6829
0.515089035034,6828
0.516149997711,6827
0.517036914825,6826
0.517544984818,6825
0.517945051193,6824
0.518320083618,6823
0.519478082657,6822
0.519824981689,6821
0.52029299736,6820
0.520783901215,6819
0.521529912949,6818
0.522217988968,6817
0.522552967072,6816
0.523427009583,6815
0.523932933807,6814
0.524914979935,6813
0.525444984436,6812
0.52610206604,6811
0.526558876038,6810
0.527112007141,6809
0.528578042984,6808
0.529232978821,6807
0.529839992523,6806
0.530884981155,6805
0.531764030457,6804
0.533596038818,6803
0.534063100815,6802
0.535372972488,6801
0.53587603569,6800
0.537137031555,6799
0.537519931793,6798
0.538764953613,6797
0.539263010025,6796
0.54045009613,6795
0.541388988495,6794
0.541900873184,6793
0.542455911636,6792
0.542855978012,6791
0.543401956558,6790
0.5443379879,6789
0.54478096962,6788
0.545922994614,6787
0.546451091766,6786
0.546834945679,6785
0.547269105911,6784
0.547805070877,6783
0.549154996872,6782
0.549623012543,6781
0.550247907639,6780
0.551769971848,6779
0.552624940872,6778
0.552937984467,6777
0.55371594429,6776
0.554523944855,6775
0.554805040359,6774
0.555834054947,6773
0.556542873383,6772
0.556945085526,6771
0.557876110077,6770
0.558268070221,6769
0.559108972549,6768
0.56040596962,6767
0.562063932419,6766
0.562788963318,6765
0.563320875168,6764
0.563752889633,6763
0.564861059189,6762
0.566097974777,6761
0.566531896591,6760
0.566931009293,6759
0.567509889603,6758
0.567909002304,6757
0.568332910538,6756
0.569286108017,6755
0.569838047028,6754
0.570384979248,6753
0.571834087372,6752
0.572414875031,6751
0.572815895081,6750
0.573432922363,6749
0.573754072189,6748
0.57470202446,6747
0.576263904572,6746
0.576750993729,6745
0.577302932739,6744
0.578581094742,6743
0.579176902771,6742
0.579765081406,6741
0.580211877823,6740
0.580570936203,6739
0.581032991409,6738
0.582458019257,6737
0.583124876022,6736
0.583652019501,6735
0.585397958755,6734
0.586303949356,6733
0.587663888931,6732
0.588253974915,6731
0.588716983795,6730
0.58979010582,6729
0.590914011002,6728
0.592657089233,6727
0.593062877655,6726
0.593575954437,6725
0.595360040665,6724
0.595859050751,6723
0.596837043762,6722
0.597275018692,6721
0.597656011581,6720
0.598294019699,6719
0.598901987076,6718
0.599325895309,6717
0.600656986237,6716
0.601115942001,6715
0.601634025574,6714
0.601993083954,6713
0.602493047714,6712
0.603003978729,6711
0.603959083557,6710
0.60441493988,6709
0.604733943939,6708
0.605382919312,6707
0.6056599617,6706
0.606399059296,6705
0.606913089752,6704
0.607954978943,6703
0.608326911926,6702
0.608697891235,6701
0.609847068787,6700
0.611629962921,6699
0.612093925476,6698
0.612787008286,6697
0.614758014679,6696
0.615902900696,6695
0.616261959076,6694
0.617060899734,6693
0.617531061172,6692
0.618028879166,6691
0.618385076523,6690
0.61918592453,6689
0.619637012482,6688
0.620003938675,6687
0.621285915375,6686
0.621808052063,6685
0.622292995453,6684
0.622895956039,6683
0.623673915863,6682
0.62415599823,6681
0.626089096069,6680
0.627078056335,6679
0.627731084824,6678
0.628145933151,6677
0.628871917725,6676
0.629873037338,6675
0.630347967148,6674
0.63076710701,6673
0.631078004837,6672
0.631943941116,6671
0.632343053818,6670
0.633308887482,6669
0.636564016342,6668
0.636933088303,6667
0.637434005737,6666
0.638739109039,6665
0.639334917068,6664
0.639954090118,6663
0.640310049057,6662
0.6407558918,6661
0.64105796814,6660
0.641593933105,6659
0.642184019089,6658
0.642558097839,6657
0.642913103104,6656
0.644538879395,6655
0.645112037659,6654
0.646682977676,6653
0.647000074387,6652
0.647794008255,6651
0.648767948151,6650
0.649522066116,6649
0.650127887726,6648
0.65059709549,6647
0.65110206604,6646
0.65153503418,6645
0.652088880539,6644
0.652529001236,6643
0.65374994278,6642
0.654881000519,6641
0.655339002609,6640
0.655776023865,6639
0.656374931335,6638
0.657083034515,6637
0.658642053604,6636
0.659029006958,6635
0.65974187851,6634
0.661540985107,6633
0.662188053131,6632
0.662581920624,6631
0.663069963455,6630
0.664005041122,6629
0.665455102921,6628
0.666116952896,6627
0.666788101196,6626
0.667373895645,6625
0.667922019958,6624
0.668941020966,6623
0.669403076172,6622
0.669799089432,6621
0.670121908188,6620
0.670682907104,6619
0.671200990677,6618
0.672116041183,6617
0.67281794548,6616
0.674408912659,6615
0.675497055054,6614
0.676614046097,6613
0.677551984787,6612
0.678232908249,6611
0.678880929947,6610
0.679676055908,6609
0.680010080338,6608
0.680515050888,6607
0.681094884872,6606
0.682121992111,6605
0.683049917221,6604
0.683782100677,6603
0.684695005417,6602
0.685124874115,6601
0.685797929764,6600
0.68622303009,6599
0.686682939529,6598
0.687576055527,6597
0.687963008881,6596
0.688350915909,6595
0.68868803978,6594
0.689363956451,6593
0.689732074738,6592
0.690007925034,6591
0.693706989288,6590
0.694504022598,6589
0.695672035217,6588
0.696202039719,6587
0.696702957153,6586
0.697355985641,6585
0.698343038559,6584
0.699102878571,6583
0.700428009033,6582
0.702339887619,6581
0.702756881714,6580
0.703164100647,6579
0.703487873077,6578
0.704295873642,6577
0.704686880112,6576
0.705574989319,6575
0.706145048141,6574
0.70668387413,6573
0.707962989807,6572
0.709605932236,6571
0.711596012115,6570
0.71207690239,6569
0.712791919708,6568
0.713196992874,6567
0.716053009033,6566
0.71669793129,6565
0.717386960983,6564
0.717670917511,6563
0.718123912811,6562
0.718713998795,6561
0.71918296814,6560
0.720004081726,6559
0.721043109894,6558
0.723022937775,6557
0.724149942398,6556
0.724586963654,6555
0.725061893463,6554
0.726258993149,6553
0.728288888931,6552
0.729122877121,6551
0.731340885162,6550
0.731681108475,6549
0.732656002045,6548
0.733160972595,6547
0.734670877457,6546
0.735647916794,6545
0.737133979797,6544
0.737941026688,6543
0.73829293251,6542
0.740083932877,6541
0.740734100342,6540
0.741911888123,6539
0.742580890656,6538
0.74383687973,6537
0.744647979736,6536
0.745232105255,6535
0.746088981628,6534
0.747045993805,6533
0.747420072556,6532
0.749444007874,6531
0.750483036041,6530
0.75262594223,6529
0.753150939941,6528
0.753793001175,6527
0.754299879074,6526
0.754995107651,6525
0.755430936813,6524
0.756347894669,6523
0.758208990097,6522
0.759269952774,6521
0.760377883911,6520
0.763262987137,6519
0.763737916946,6518
0.764352083206,6517
0.764950990677,6516
0.767174959183,6515
0.767617940903,6514
0.768070936203,6513
0.76891207695,6512
0.769362926483,6511
0.770505905151,6510
0.771270036697,6509
0.773644924164,6508
0.774034023285,6507
0.77448797226,6506
0.775065898895,6505
0.775675058365,6504
0.776248931885,6503
0.778135061264,6502
0.778735876083,6501
0.779166936874,6500
0.78084397316,6499
0.781770944595,6498
0.782233953476,6497
0.784159898758,6496
0.784898996353,6495
0.785412073135,6494
0.785943031311,6493
0.786372900009,6492
0.786957979202,6491
0.787779092789,6490
0.788903951645,6489
0.790225982666,6488
0.79351401329,6487
0.794001102448,6486
0.795826911926,6485
0.796984910965,6484
0.797633886337,6483
0.798059940338,6482
0.798835039139,6481
0.799247026443,6480
0.800061941147,6479
0.801703929901,6478
0.802267074585,6477
0.803551912308,6476
0.804081916809,6475
0.80461192131,6474
0.805558919907,6473
0.806184053421,6472
0.806854009628,6471
0.807596921921,6470
0.810750961304,6469
0.812175035477,6468
0.81290102005,6467
0.814644098282,6466
0.815169095993,6465
0.815596103668,6464
0.816790103912,6463
0.817766904831,6462
0.819087028503,6461
0.820096969604,6460
0.821124076843,6459
0.821964025497,6458
0.823086023331,6457
0.823643922806,6456
0.824171066284,6455
0.824671030045,6454
0.826143026352,6453
0.82675409317,6452
0.827090978622,6451
0.829550027847,6450
0.831851005554,6449
0.833302021027,6448
0.833703041077,6447
0.834058046341,6446
0.834570884705,6445
0.835067987442,6444
0.835509061813,6443
0.836767911911,6442
0.838316917419,6441
0.838879108429,6440
0.839981079102,6439
0.841408014297,6438
0.841813087463,6437
0.842803001404,6436
0.843415975571,6435
0.845239877701,6434
0.845731973648,6433
0.846330881119,6432
0.84679889679,6431
0.847922086716,6430
0.848920106888,6429
0.850081920624,6428
0.852051019669,6427
0.852660894394,6426
0.854130029678,6425
0.855694055557,6424
0.856544017792,6423
0.856972932816,6422
0.859196901321,6421
0.861479043961,6420
0.861977100372,6419
0.863800048828,6418
0.864940881729,6417
0.865331888199,6416
0.866451978683,6415
0.868139982224,6414
0.870619058609,6413
0.871028900146,6412
0.871475934982,6411
0.871828079224,6410
0.872258901596,6409
0.873101949692,6408
0.873580932617,6407
0.874538898468,6406
0.875144004822,6405
0.877991914749,6404
0.878664016724,6403
0.879540920258,6402
0.880645990372,6401
0.881551980972,6400
0.88262295723,6399
0.883254051208,6398
0.8839199543,6397
0.884517908096,6396
0.885524988174,6395
0.886004924774,6394
0.887705087662,6393
0.888231039047,6392
0.889111995697,6391
0.889957904816,6390
0.890363931656,6389
0.891644001007,6388
0.893229961395,6387
0.893939971924,6386
0.894376993179,6385
0.894998073578,6384
0.896548986435,6383
0.897768974304,6382
0.898641109467,6381
0.900038957596,6380
0.901134967804,6379
0.902014970779,6378
0.902788877487,6377
0.90452003479,6376
0.90536403656,6375
0.905653953552,6374
0.90639591217,6373
0.908492088318,6372
0.909548997879,6371
0.910383939743,6370
0.91072010994,6369
0.911645889282,6368
0.912431955338,6367
0.913033008575,6366
0.915082931519,6365
0.916028022766,6364
0.916801929474,6363
0.917136907578,6362
0.918746948242,6361
0.919333934784,6360
0.920398950577,6359
0.921731948853,6358
0.922213077545,6357
0.922591924667,6356
0.923042058945,6355
0.923567056656,6354
0.924068927765,6353
0.925198078156,6352
0.925693035126,6351
0.928298950195,6350
0.929047107697,6349
0.929799079895,6348
0.930522918701,6347
0.931037902832,6346
0.932455062866,6345
0.934536933899,6344
0.935384988785,6343
0.93590092659,6342
0.936563014984,6341
0.937493085861,6340
0.938915014267,6339
0.939618110657,6338
0.940392971039,6337
0.941993951797,6336
0.943679094315,6335
0.944128036499,6334
0.944509983063,6333
0.945496082306,6332
0.947485923767,6331
0.947963953018,6330
0.948337078094,6329
0.949228048325,6328
0.950043916702,6327
0.951689004898,6326
0.952493906021,6325
0.953413009644,6324
0.953845977783,6323
0.955460071564,6322
0.956041097641,6321
0.956669092178,6320
0.9573969841,6319
0.95830988884,6318
0.959165096283,6317
0.962029933929,6316
0.962680101395,6315
0.964293956757,6314
0.965540885925,6313
0.966486930847,6312
0.967714071274,6311
0.968332052231,6310
0.969399929047,6309
0.970303058624,6308
0.971767902374,6307
0.972343921661,6306
0.972917079926,6305
0.973305940628,6304
0.974243879318,6303
0.974649906158,6302
0.976253032684,6301
0.976927042007,6300
0.977458953857,6299
0.979099988937,6298
0.979402065277,6297
0.981390953064,6296
0.982484102249,6295
0.983155012131,6294
0.984006881714,6293
0.98456287384,6292
0.985085964203,6291
0.986084938049,6290
0.987539052963,6289
0.988190889359,6288
0.988799095154,6287
0.989454984665,6286
0.990870952606,6285
0.991502046585,6284
0.992363929749,6283
0.9927110672,6282
0.993146896362,6281
0.994617938995,6280
0.995316028595,6279
0.996671915054,6278
0.998481988907,6277
0.999351024628,6276
1.00063610077,6275
1.0021469593,6274
1.00323605537,6273
1.00411605835,6272
1.00502490997,6271
1.00611591339,6270
1.0065510273,6269
1.00705909729,6268
1.0077419281,6267
1.00878500938,6266
1.00968909264,6265
1.01076388359,6264
1.01119089127,6263
1.01251888275,6262
1.01353406906,6261
1.01446008682,6260
1.01492500305,6259
1.01548194885,6258
1.01580691338,6257
1.01638507843,6256
1.01863503456,6255
1.0189769268,6254
1.01993989944,6253
1.02084493637,6252
1.02297401428,6251
1.02357006073,6250
1.02454209328,6249
1.02624607086,6248
1.02764797211,6247
1.02833104134,6246
1.02879190445,6245
1.02966690063,6244
1.03040790558,6243
1.03181695938,6242
1.03245592117,6241
1.03664803505,6240
1.03776788712,6239
1.03946495056,6238
1.03996706009,6237
1.04185390472,6236
1.04253101349,6235
1.0442070961,6234
1.04465699196,6233
1.04530501366,6232
1.04659104347,6231
1.04765605927,6230
1.04817199707,6229
1.04869794846,6228
1.04947209358,6227
1.05038309097,6226
1.05165410042,6225
1.0521171093,6224
1.05267500877,6223
1.05316996574,6222
1.05438804626,6221
1.05480194092,6220
1.05539393425,6219
1.05828905106,6218
1.05905008316,6217
1.05976295471,6216
1.06051898003,6215
1.06082606316,6214
1.06147003174,6213
1.06389403343,6212
1.06541490555,6211
1.06618404388,6210
1.06680202484,6209
1.06792497635,6208
1.06857991219,6207
1.07013201714,6206
1.07140207291,6205
1.07368993759,6204
1.07417798042,6203
1.07534694672,6202
1.07589101791,6201
1.07755994797,6200
1.07957601547,6199
1.08121395111,6198
1.0824739933,6197
1.08298707008,6196
1.08381795883,6195
1.08448910713,6194
1.08580899239,6193
1.08712601662,6192
1.08803200722,6191
1.09017491341,6190
1.09147500992,6189
1.09224200249,6188
1.09321308136,6187
1.09502100945,6186
1.09546804428,6185
1.09626507759,6184
1.09775304794,6183
1.10015797615,6182
1.10058188438,6181
1.10096406937,6180
1.1014559269,6179
1.10329198837,6178
1.10392403603,6177
1.10425901413,6176
1.10569190979,6175
1.10679888725,6174
1.10725593567,6173
1.10760593414,6172
1.10817408562,6171
1.11038994789,6170
1.11138987541,6169
1.11195206642,6168
1.11295509338,6167
1.11356091499,6166
1.11521100998,6165
1.11599707603,6164
1.11836099625,6163
1.11894893646,6162
1.11976408958,6161
1.12064909935,6160
1.12209200859,6159
1.12367010117,6158
1.12455105782,6157
1.12596201897,6156
1.12756204605,6155
1.1280040741,6154
1.12857604027,6153
1.13094687462,6152
1.13154697418,6151
1.13359308243,6150
1.13454198837,6149
1.13519191742,6148
1.13572597504,6147
1.13669300079,6146
1.13742494583,6145
1.13788509369,6144
1.13863992691,6143
1.13949108124,6142
1.14094090462,6141
1.14150500298,6140
1.14191007614,6139
1.14260292053,6138
1.14348387718,6137
1.14428496361,6136
1.14530801773,6135
1.14723110199,6134
1.14943909645,6133
1.15046811104,6132
1.15107297897,6131
1.15232896805,6130
1.15302705765,6129
1.1538169384,6128
1.15501308441,6127
1.15581393242,6126
1.15615105629,6125
1.15739607811,6124
1.15782308578,6123
1.15819597244,6122
1.15857410431,6121
1.15910100937,6120
1.15946602821,6119
1.16014003754,6118
1.16062092781,6117
1.1609480381,6116
1.16131591797,6115
1.16262507439,6114
1.16587090492,6113
1.16672706604,6112
1.16787910461,6111
1.16924190521,6110
1.16964006424,6109
1.17093396187,6108
1.17159295082,6107
1.17243504524,6106
1.17320895195,6105
1.17488408089,6104
1.17562294006,6103
1.17750692368,6102
1.17886304855,6101
1.18066310883,6100
1.18113803864,6099
1.18247008324,6098
1.18322610855,6097
1.18358588219,6096
1.18540000916,6095
1.18590092659,6094
1.18729090691,6093
1.19007205963,6092
1.19052410126,6091
1.19154906273,6090
1.19278001785,6089
1.19317507744,6088
1.19358301163,6087
1.19399499893,6086
1.19509792328,6085
1.19767093658,6084
1.19954490662,6083
1.20043301582,6082
1.20339298248,6081
1.20466709137,6080
1.20516204834,6079
1.20602607727,6078
1.20645093918,6077
1.20734405518,6076
1.20895004272,6075
1.2099199295,6074
1.21176409721,6073
1.21314311028,6072
1.21369600296,6071
1.21531605721,6070
1.21645307541,6069
1.21758389473,6068
1.21994709969,6067
1.22180390358,6066
1.22608304024,6065
1.2265689373,6064
1.22809004784,6063
1.22882199287,6062
1.22926902771,6061
1.22982406616,6060
1.23178100586,6059
1.2325360775,6058
1.23286008835,6057
1.2335999012,6056
1.23408198357,6055
1.23453497887,6054
1.23627305031,6053
1.23706007004,6052
1.23779988289,6051
1.23816299438,6050
1.23899507523,6049
1.2396569252,6048
1.24043703079,6047
1.24155807495,6046
1.24253797531,6045
1.24341797829,6044
1.24436807632,6043
1.24795508385,6042
1.24882698059,6041
1.249532938,6040
1.25095510483,6039
1.25352311134,6038
1.25395298004,6037
1.25469088554,6036
1.2550599575,6035
1.25800395012,6034
1.25934004784,6033
1.26129198074,6032
1.26173210144,6031
1.26253509521,6030
1.26419901848,6029
1.26532101631,6028
1.26791191101,6027
1.27133393288,6026
1.27196598053,6025
1.2751789093,6024
1.27920103073,6023
1.27982091904,6022
1.28255009651,6021
1.28343892097,6020
1.28465294838,6019
1.28506803513,6018
1.28711390495,6017
1.28790402412,6016
1.28942108154,6015
1.28984498978,6014
1.29018902779,6013
1.29126000404,6012
1.29269909859,6011
1.29315304756,6010
1.29457902908,6009
1.29745292664,6008
1.29957103729,6007
1.3032848835,6006
1.30373001099,6005
1.30456399918,6004
1.30486106873,6003
1.30521893501,6002
1.30696201324,6001
1.30753087997,6000
1.30899691582,5999
1.30939006805,5998
1.31073594093,5997
1.31209897995,5996
1.3138859272,5995
1.31685495377,5994
1.3172929287,5993
1.31775903702,5992
1.31833600998,5991
1.31881093979,5990
1.32126998901,5989
1.32288098335,5988
1.32366800308,5987
1.32496190071,5986
1.32607388496,5985
1.32654809952,5984
1.32769107819,5983
1.3290848732,5982
1.3325688839,5981
1.33356189728,5980
1.3372759819,5979
1.34251189232,5978
1.34332489967,5977
1.34432291985,5976
1.34502887726,5975
1.34595489502,5974
1.34726500511,5973
1.34797310829,5972
1.34850788116,5971
1.35354089737,5970
1.35454297066,5969
1.35790205002,5968
1.3583650589,5967
1.3593120575,5966
1.3606801033,5965
1.36177587509,5964
1.36222410202,5963
1.36496400833,5962
1.36757493019,5961
1.36875796318,5960
1.36978697777,5959
1.37066102028,5958
1.37205696106,5957
1.3736410141,5956
1.37407898903,5955
1.37460303307,5954
1.37544989586,5953
1.37613391876,5952
1.37654709816,5951
1.37747907639,5950
1.37977910042,5949
1.38167405128,5948
1.385461092,5947
1.38577389717,5946
1.3881289959,5945
1.38842105865,5944
1.38895487785,5943
1.38954997063,5942
1.39122200012,5941
1.39205694199,5940
1.39626502991,5939
1.39757800102,5938
1.39895391464,5937
1.39953398705,5936
1.40022206306,5935
1.40132808685,5934
1.40169692039,5933
1.40560007095,5932
1.40774893761,5931
1.40910792351,5930
1.41194701195,5929
1.41247987747,5928
1.41290688515,5927
1.41356992722,5926
1.41482806206,5925
1.41777896881,5924
1.41843795776,5923
1.41905498505,5922
1.41997694969,5921
1.42204403877,5920
1.42326402664,5919
1.42378401756,5918
1.42418909073,5917
1.42462205887,5916
1.42503905296,5915
1.42598509789,5914
1.42669606209,5913
1.42795491219,5912
1.42868208885,5911
1.43021297455,5910
1.43173599243,5909
1.43243193626,5908
1.43346810341,5907
1.43409490585,5906
1.43576288223,5905
1.43670487404,5904
1.43799710274,5903
1.44096398354,5902
1.44229888916,5901
1.44272899628,5900
1.44353294373,5899
1.44388890266,5898
1.44500303268,5897
1.44578504562,5896
1.44615507126,5895
1.44708895683,5894
1.44779992104,5893
1.45013093948,5892
1.45140790939,5891
1.45181202888,5890
1.45225310326,5889
1.45433306694,5888
1.45520710945,5887
1.45560407639,5886
1.45644688606,5885
1.45732092857,5884
1.4580950737,5883
1.46514701843,5882
1.46609902382,5881
1.46880602837,5880
1.47189497948,5879
1.47245693207,5878
1.4729590416,5877
1.47323489189,5876
1.47365188599,5875
1.47427010536,5874
1.47573900223,5873
1.47714304924,5872
1.48362588882,5871
1.48452997208,5870
1.48724198341,5869
1.48801398277,5868
1.48949193954,5867
1.49241304398,5866
1.49281191826,5865
1.4952878952,5864
1.4968290329,5863
1.49753594398,5862
1.4988360405,5861
1.5006840229,5860
1.50300502777,5859
1.5046479702,5858
1.50655698776,5857
1.50734996796,5856
1.50860595703,5855
1.50915288925,5854
1.51038789749,5853
1.51150107384,5852
1.51336598396,5851
1.51532387733,5850
1.51769995689,5849
1.52132987976,5848
1.52197408676,5847
1.52228808403,5846
1.5229640007,5845
1.52382087708,5844
1.52474308014,5843
1.52523899078,5842
1.5269100666,5841
1.52831292152,5840
1.52866697311,5839
1.53052401543,5838
1.53379797935,5837
1.53425097466,5836
1.53472208977,5835
1.53919291496,5834
1.54004001617,5833
1.5415430069,5832
1.54202198982,5831
1.54303097725,5830
1.54368400574,5829
1.54501605034,5828
1.54600405693,5827
1.54773187637,5826
1.54864192009,5825
1.55128192902,5824
1.55237102509,5823
1.55527305603,5822
1.55596089363,5821
1.55636191368,5820
1.55782794952,5819
1.55824398994,5818
1.55897307396,5817
1.55986189842,5816
1.56115007401,5815
1.5621919632,5814
1.56300401688,5813
1.56327199936,5812
1.56369495392,5811
1.56539702415,5810
1.56755900383,5809
1.56905388832,5808
1.57151794434,5807
1.57232499123,5806
1.57601809502,5805
1.57762098312,5804
1.58344197273,5803
1.58761000633,5802
1.58789110184,5801
1.58839797974,5800
1.59107303619,5799
1.59187197685,5798
1.59377288818,5797
1.59544897079,5796
1.59750390053,5795
1.59812188148,5794
1.59941005707,5793
1.60105991364,5792
1.60190010071,5791
1.60248398781,5790
1.60313105583,5789
1.60433292389,5788
1.60772204399,5787
1.60824799538,5786
1.60994005203,5785
1.61103796959,5784
1.61241889,5783
1.61484003067,5782
1.61645698547,5781
1.61827707291,5780
1.62260103226,5779
1.62305092812,5778
1.62449002266,5777
1.62629103661,5776
1.62684702873,5775
1.62727999687,5774
1.62798404694,5773
1.63086605072,5772
1.63348603249,5771
1.63713002205,5770
1.63817596436,5769
1.63949799538,5768
1.64182901382,5767
1.64279508591,5766
1.6454770565,5765
1.64728188515,5764
1.64923501015,5763
1.64979696274,5762
1.6533908844,5761
1.6552529335,5760
1.66085410118,5759
1.66150403023,5758
1.66262602806,5757
1.66334199905,5756
1.66455698013,5755
1.66565489769,5754
1.66918301582,5753
1.6708009243,5752
1.67128705978,5751
1.67323803902,5750
1.67579293251,5749
1.6762149334,5748
1.67757201195,5747
1.67862987518,5746
1.67933487892,5745
1.68029904366,5744
1.68342900276,5743
1.68402600288,5742
1.68531489372,5741
1.69085693359,5740
1.69274401665,5739
1.69459891319,5738
1.69618988037,5737
1.69698500633,5736
1.69806289673,5735
1.6986219883,5734
1.69905900955,5733
1.70120191574,5732
1.70204997063,5731
1.70944190025,5730
1.71318387985,5729
1.7145049572,5728
1.71495294571,5727
1.71525788307,5726
1.71745204926,5725
1.71796107292,5724
1.71837687492,5723
1.71973395348,5722
1.72004508972,5721
1.72199606895,5720
1.72262001038,5719
1.72462701797,5718
1.72508907318,5717
1.72561097145,5716
1.72644400597,5715
1.73220396042,5714
1.73703193665,5713
1.73866510391,5712
1.74096989632,5711
1.74152207375,5710
1.74207496643,5709
1.74442005157,5708
1.74489593506,5707
1.74584197998,5706
1.74859595299,5705
1.75325393677,5704
1.7541821003,5703
1.75746798515,5702
1.7578868866,5701
1.75830698013,5700
1.75972390175,5699
1.76257205009,5698
1.76522302628,5697
1.76704096794,5696
1.7687189579,5695
1.76971292496,5694
1.77034187317,5693
1.77465009689,5692
1.77567696571,5691
1.77619194984,5690
1.77666497231,5689
1.77816295624,5688
1.77957391739,5687
1.7806289196,5686
1.78387594223,5685
1.78566288948,5684
1.78646492958,5683
1.78754901886,5682
1.79027295113,5681
1.79447197914,5680
1.79553389549,5679
1.79600095749,5678
1.79759001732,5677
1.7994658947,5676
1.80053210258,5675
1.8015089035,5674
1.80235695839,5673
1.80341887474,5672
1.8040189743,5671
1.80594396591,5670
1.80864405632,5669
1.81029891968,5668
1.8115439415,5667
1.81410694122,5666
1.81613993645,5665
1.81868910789,5664
1.82037687302,5663
1.82161092758,5662
1.82401990891,5661
1.82768392563,5660
1.82877492905,5659
1.82908010483,5658
1.82975292206,5657
1.83051204681,5656
1.83255791664,5655
1.83292388916,5654
1.83407187462,5653
1.83445000648,5652
1.83639001846,5651
1.83695602417,5650
1.8385720253,5649
1.8443570137,5648
1.84513092041,5647
1.84558391571,5646
1.84591007233,5645
1.84635090828,5644
1.84666895866,5643
1.84845995903,5642
1.84920096397,5641
1.85068798065,5640
1.85187196732,5639
1.85393404961,5638
1.85481190681,5637
1.85535097122,5636
1.85639691353,5635
1.85881090164,5634
1.85915398598,5633
1.85943388939,5632
1.86020898819,5631
1.86089110374,5630
1.86119604111,5629
1.86179494858,5628
1.86230993271,5627
1.86320900917,5626
1.86413693428,5625
1.86484003067,5624
1.86527895927,5623
1.86573600769,5622
1.86905407906,5621
1.87097096443,5620
1.87192606926,5619
1.87335395813,5618
1.87424993515,5617
1.87583708763,5616
1.87613606453,5615
1.87682199478,5614
1.87719988823,5613
1.87761902809,5612
1.87817502022,5611
1.88048696518,5610
1.88229107857,5609
1.88324594498,5608
1.88494205475,5607
1.88621306419,5606
1.8890709877,5605
1.88960790634,5604
1.88995790482,5603
1.89084601402,5602
1.89226698875,5601
1.89362096786,5600
1.89405798912,5599
1.89475297928,5598
1.89559102058,5597
1.89729309082,5596
1.89786505699,5595
1.89948701859,5594
1.90110898018,5593
1.90323090553,5592
1.9047999382,5591
1.90528607368,5590
1.90581393242,5589
1.90660405159,5588
1.91018795967,5587
1.91165089607,5586
1.91292190552,5585
1.91471505165,5584
1.91566491127,5583
1.91672992706,5582
1.91761302948,5581
1.91803908348,5580
1.91847491264,5579
1.91994190216,5578
1.92174601555,5577
1.92436408997,5576
1.92515993118,5575
1.92561793327,5574
1.92693805695,5573
1.93111205101,5572
1.93203687668,5571
1.93283510208,5570
1.93378806114,5569
1.93407392502,5568
1.93723297119,5567
1.93934702873,5566
1.9398291111,5565
1.94027495384,5564
1.94219493866,5563
1.94352602959,5562
1.94473791122,5561
1.9457950592,5560
1.94689893723,5559
1.94726991653,5558
1.94925189018,5557
1.94983196259,5556
1.95386600494,5555
1.95466709137,5554
1.95511507988,5553
1.96074390411,5552
1.9611120224,5551
1.96268391609,5550
1.96348905563,5549
1.96487808228,5548
1.96909189224,5547
1.97026491165,5546
1.97086191177,5545
1.97163105011,5544
1.97211408615,5543
1.97446894646,5542
1.97496604919,5541
1.97605490685,5540
1.97727489471,5539
1.97766494751,5538
1.97865891457,5537
1.98291110992,5536
1.98435497284,5535
1.98484110832,5534
1.98581290245,5533
1.98896408081,5532
1.9893219471,5531
1.99045205116,5530
1.99096703529,5529
1.99216008186,5528
1.9947309494,5527
1.99912500381,5526
2.0011909008,5525
2.00400805473,5524
2.00700306892,5523
2.01056909561,5522
2.01263809204,5521
2.01355695724,5520
2.01571202278,5519
2.01621007919,5518
2.01665592194,5517
2.01715087891,5516
2.01815009117,5515
2.0189139843,5514
2.02230906487,5513
2.02500104904,5512
2.02712488174,5511
2.02830410004,5510
2.029296875,5509
2.03167510033,5508
2.03204202652,5507
2.03635501862,5506
2.03769397736,5505
2.03823399544,5504
2.03995609283,5503
2.04637002945,5502
2.04699397087,5501
2.04770708084,5500
2.05410194397,5499
2.05577898026,5498
2.05756807327,5497
2.05843400955,5496
2.06003594398,5495
2.06095004082,5494
2.0616080761,5493
2.063133955,5492
2.0645198822,5491
2.06575489044,5490
2.06699991226,5489
2.07160806656,5488
2.07204699516,5487
2.0734140873,5486
2.07407093048,5485
2.07540607452,5484
2.07587695122,5483
2.07733798027,5482
2.07780694962,5481
2.07923293114,5480
2.07979488373,5479
2.08010101318,5478
2.08131599426,5477
2.08169603348,5476
2.082654953,5475
2.08315992355,5474
2.08514404297,5473
2.08684587479,5472
2.08730196953,5471
2.08829307556,5470
2.08933091164,5469
2.09434008598,5468
2.09744906425,5467
2.09881997108,5466
2.10045599937,5465
2.1008439064,5464
2.1016960144,5463
2.10292196274,5462
2.10362887383,5461
2.10539102554,5460
2.10582900047,5459
2.10685706139,5458
2.1079890728,5457
2.10895204544,5456
2.10959005356,5455
2.11292004585,5454
2.11380004883,5453
2.11416602135,5452
2.11442303658,5451
2.11545705795,5450
2.11571407318,5449
2.11705493927,5448
2.11782288551,5447
2.11945509911,5446
2.11992406845,5445
2.12327599525,5444
2.12757587433,5443
2.12849903107,5442
2.13073205948,5441
2.13212490082,5440
2.1324300766,5439
2.13314795494,5438
2.13340401649,5437
2.13594794273,5436
2.13743400574,5435
2.1381380558,5434
2.14182305336,5433
2.14410305023,5432
2.14596104622,5431
2.1462020874,5430
2.14668798447,5429
2.14903903008,5428
2.1502289772,5427
2.15153408051,5426
2.15193891525,5425
2.15233802795,5424
2.15486693382,5423
2.15564393997,5422
2.15587997437,5421
2.15947294235,5420
2.1601190567,5419
2.16110897064,5418
2.16248488426,5417
2.16329097748,5416
2.16640090942,5415
2.16673803329,5414
2.16705107689,5413
2.16894888878,5412
2.17014789581,5411
2.17154502869,5410
2.17226195335,5409
2.17314195633,5408
2.17500805855,5407
2.17564296722,5406
2.17607998848,5405
2.17698001862,5404
2.18314695358,5403
2.18688297272,5402
2.18785810471,5401
2.19142103195,5400
2.19186306,5399
2.19529604912,5398
2.19579696655,5397
2.19906902313,5396
2.20052099228,5395
2.20134305954,5394
2.20189499855,5393
2.20301890373,5392
2.20454597473,5391
2.20499897003,5390
2.20571994781,5389
2.20668697357,5388
2.20869588852,5387
2.2100520134,5386
2.21095895767,5385
2.21179389954,5384
2.21321105957,5383
2.21477293968,5382
2.21565103531,5381
2.21624493599,5380
2.21871304512,5379
2.21979188919,5378
2.22129201889,5377
2.22158002853,5376
2.22198796272,5375
2.22267007828,5374
2.22363400459,5373
2.2242128849,5372
2.22551107407,5371
2.22640800476,5370
2.22848200798,5369
2.22940802574,5368
2.23037195206,5367
2.23120188713,5366
2.23486089706,5365
2.23531508446,5364
2.23572587967,5363
2.2369389534,5362
2.23841500282,5361
2.23905205727,5360
2.24062204361,5359
2.24118304253,5358
2.24158596992,5357
2.24187994003,5356
2.24227905273,5355
2.24442005157,5354
2.24635004997,5353
2.24749588966,5352
2.24804902077,5351
2.24864387512,5350
2.24934887886,5349
2.25218605995,5348
2.25239706039,5347
2.25318408012,5346
2.25562810898,5345
2.25712299347,5344
2.26096200943,5343
2.26463389397,5342
2.27084803581,5341
2.27272605896,5340
2.27315497398,5339
2.27343392372,5338
2.27416801453,5337
2.27542591095,5336
2.27725100517,5335
2.2779519558,5334
2.2793700695,5333
2.28071498871,5332
2.28096795082,5331
2.28175210953,5330
2.28376603127,5329
2.28405189514,5328
2.28461289406,5327
2.28635787964,5326
2.28705406189,5325
2.28854799271,5324
2.29072189331,5323
2.29244494438,5322
2.29533791542,5321
2.30001592636,5320
2.30355811119,5319
2.30455803871,5318
2.30561208725,5317
2.30602192879,5316
2.3068048954,5315
2.30754899979,5314
2.30850195885,5313
2.31281089783,5312
2.31405305862,5311
2.31500506401,5310
2.31580209732,5309
2.3169028759,5308
2.3177280426,5307
2.31851506233,5306
2.32049202919,5305
2.32139110565,5304
2.32221889496,5303
2.32248091698,5302
2.32331299782,5301
2.32571005821,5300
2.32651591301,5299
2.32697796822,5298
2.33238887787,5297
2.33314394951,5296
2.33356308937,5295
2.33453297615,5294
2.33640408516,5293
2.33692789078,5292
2.33909106255,5291
2.34330511093,5290
2.34628510475,5289
2.34725904465,5288
2.34850096703,5287
2.3500649929,5286
2.35156106949,5285
2.35223698616,5284
2.3524749279,5283
2.35323309898,5282
2.35386896133,5281
2.35509896278,5280
2.3560769558,5279
2.35678601265,5278
2.35854101181,5277
2.35904097557,5276
2.35960197449,5275
2.36278891563,5274
2.36316204071,5273
2.36456108093,5272
2.36517810822,5271
2.36659097672,5270
2.3681499958,5269
2.3684630394,5268
2.36912703514,5267
2.37205696106,5266
2.37243795395,5265
2.3744199276,5264
2.37482500076,5263
2.37651991844,5262
2.37784004211,5261
2.38043904305,5260
2.38180088997,5259
2.38210296631,5258
2.3831911087,5257
2.38436889648,5256
2.38620710373,5255
2.38853406906,5254
2.38946795464,5253
2.39329504967,5252
2.39407205582,5251
2.39641690254,5250
2.39677596092,5249
2.39910888672,5248
2.39990592003,5247
2.40040493011,5246
2.40082788467,5245
2.4011631012,5244
2.40260100365,5243
2.4034910202,5242
2.405356884,5241
2.40594792366,5240
2.4067800045,5239
2.40973806381,5238
2.41285896301,5237
2.41347098351,5236
2.41416096687,5235
2.41742491722,5234
2.41810894012,5233
2.41996407509,5232
2.4202849865,5231
2.42207407951,5230
2.42252397537,5229
2.42325401306,5228
2.4234790802,5227
2.42483305931,5226
2.42541098595,5225
2.42656707764,5224
2.42759299278,5223
2.43003201485,5222
2.43090701103,5221
2.43213200569,5220
2.43252587318,5219
2.43283200264,5218
2.43422603607,5217
2.43488287926,5216
2.43574595451,5215
2.43617987633,5214
2.44077992439,5213
2.44148898125,5212
2.443598032,5211
2.44550609589,5210
2.44615888596,5209
2.44664597511,5208
2.447961092,5207
2.44929909706,5206
2.45063591003,5205
2.45283699036,5204
2.45325493813,5203
2.45441389084,5202
2.45538496971,5201
2.45589089394,5200
2.45784497261,5199
2.46074390411,5198
2.46155500412,5197
2.46240401268,5196
2.46370410919,5195
2.46496295929,5194
2.46658587456,5193
2.46909499168,5192
2.47043704987,5191
2.47268795967,5190
2.47365999222,5189
2.47504496574,5188
2.4763379097,5187
2.47695207596,5186
2.47729992867,5185
2.47857189178,5184
2.48214101791,5183
2.48862791061,5182
2.48925709724,5181
2.4897749424,5180
2.4911210537,5179
2.49154210091,5178
2.4951069355,5177
2.4958999157,5176
2.49674987793,5175
2.49731492996,5174
2.49905991554,5173
2.50080299377,5172
2.50175690651,5171
2.50243496895,5170
2.50274205208,5169
2.50340604782,5168
2.50368094444,5167
2.50617408752,5166
2.50842809677,5165
2.51022005081,5164
2.51228308678,5163
2.51337409019,5162
2.51577401161,5161
2.51751804352,5160
2.52032589912,5159
2.52129292488,5158
2.52194309235,5157
2.52254891396,5156
2.52366995811,5155
2.52440309525,5154
2.52701306343,5153
2.52764511108,5152
2.52903389931,5151
2.52932405472,5150
2.53063392639,5149
2.53175592422,5148
2.53320002556,5147
2.5335919857,5146
2.53567504883,5145
2.53741502762,5144
2.53793001175,5143
2.53830695152,5142
2.53975200653,5141
2.54036808014,5140
2.54189109802,5139
2.54690599442,5138
2.54784297943,5137
2.54955887794,5136
2.55079507828,5135
2.55322289467,5134
2.55467605591,5133
2.55524897575,5132
2.55604600906,5131
2.55743002892,5130
2.55786991119,5129
2.55837702751,5128
2.55904006958,5127
2.55954408646,5126
2.56000995636,5125
2.56129908562,5124
2.56165504456,5123
2.56725406647,5122
2.56795310974,5121
2.56830310822,5120
2.56915903091,5119
2.57010889053,5118
2.57053303719,5117
2.57197904587,5116
2.57875490189,5115
2.58257102966,5114
2.58314609528,5113
2.58412790298,5112
2.58881592751,5111
2.59079408646,5110
2.59122204781,5109
2.5925359726,5108
2.59616088867,5107
2.59738397598,5106
2.59946393967,5105
2.60138010979,5104
2.60161089897,5103
2.60202598572,5102
2.60229992867,5101
2.60477995872,5100
2.60552191734,5099
2.60609602928,5098
2.60648298264,5097
2.6080288887,5096
2.6095020771,5095
2.60990691185,5094
2.61326909065,5093
2.61408996582,5092
2.61607694626,5091
2.61703705788,5090
2.6177520752,5089
2.6196770668,5088
2.62063503265,5087
2.62127304077,5086
2.62382602692,5085
2.62546491623,5084
2.62742090225,5083
2.62848901749,5082
2.63173699379,5081
2.63339304924,5080
2.63501906395,5079
2.6370549202,5078
2.63942599297,5077
2.64115691185,5076
2.64146995544,5075
2.64285898209,5074
2.64424991608,5073
2.64719009399,5072
2.64808106422,5071
2.65387487411,5070
2.65464997292,5069
2.65581297874,5068
2.65644693375,5067
2.65975499153,5066
2.6642870903,5065
2.66657996178,5064
2.669080019,5063
2.67009592056,5062
2.67183899879,5061
2.67548298836,5060
2.675770998,5059
2.6761610508,5058
2.67685103416,5057
2.67710399628,5056
2.6785390377,5055
2.6812889576,5054
2.68311405182,5053
2.68613195419,5052
2.68673610687,5051
2.68702507019,5050
2.6880068779,5049
2.6894030571,5048
2.69032788277,5047
2.69257593155,5046
2.69289493561,5045
2.69405889511,5044
2.6955499649,5043
2.69607496262,5042
2.69725894928,5041
2.70129609108,5040
2.70318603516,5039
2.70392894745,5038
2.70645189285,5037
2.70677995682,5036
2.70823788643,5035
2.70846891403,5034
2.70938396454,5033
2.71121788025,5032
2.71177792549,5031
2.71355104446,5030
2.71690106392,5029
2.71807289124,5028
2.72038006783,5027
2.72080302238,5026
2.72227406502,5025
2.72304987907,5024
2.72339391708,5023
2.72582793236,5022
2.72650098801,5021
2.7282409668,5020
2.72873210907,5019
2.73254799843,5018
2.73325300217,5017
2.73364305496,5016
2.73871803284,5015
2.74253892899,5014
2.74292993546,5013
2.74409389496,5012
2.74475598335,5011
2.74945497513,5010
2.74984097481,5009
2.75018310547,5008
2.75059890747,5007
2.75345110893,5006
2.75388908386,5005
2.75660800934,5004
2.75885510445,5003
2.76029396057,5002
2.7615840435,5001
2.76198196411,5000
2.76285791397,4999
2.76418089867,4998
2.76655292511,4997
2.76832199097,4996
2.77253293991,4995
2.77459907532,4994
2.77611804008,4993
2.77669596672,4992
2.77770090103,4991
2.77871704102,4990
2.77917194366,4989
2.77946090698,4988
2.7822508812,4987
2.78256702423,4986
2.78323698044,4985
2.78657603264,4984
2.78761410713,4983
2.78930091858,4982
2.78964591026,4981
2.7921090126,4980
2.79262208939,4979
2.7931098938,4978
2.79762291908,4977
2.79891490936,4976
2.7998919487,4975
2.80140089989,4974
2.80186510086,4973
2.80239796638,4972
2.80631303787,4971
2.80671095848,4970
2.8081009388,4969
2.81018209457,4968
2.81198906898,4967
2.8134739399,4966
2.81528806686,4965
2.81664705276,4964
2.81710910797,4963
2.81751203537,4962
2.81975889206,4961
2.82217597961,4960
2.82277703285,4959
2.82664608955,4958
2.82841491699,4957
2.82973194122,4956
2.83215403557,4955
2.83289790154,4954
2.83341407776,4953
2.83523702621,4952
2.83675599098,4951
2.83735108376,4950
2.838326931,4949
2.83899593353,4948
2.84022903442,4947
2.84719204903,4946
2.84759807587,4945
2.84906601906,4944
2.85001206398,4943
2.85377502441,4942
2.85457205772,4941
2.85774087906,4940
2.85851597786,4939
2.85957193375,4938
2.8599588871,4937
2.86086702347,4936
2.86236906052,4935
2.86309790611,4934
2.86722803116,4933
2.87113499641,4932
2.87420105934,4931
2.8759329319,4930
2.87738609314,4929
2.87843108177,4928
2.87945008278,4927
2.87974309921,4926
2.88073587418,4925
2.88176393509,4924
2.88327407837,4923
2.8842689991,4922
2.88915705681,4921
2.88970208168,4920
2.89039897919,4919
2.89358305931,4918
2.89409208298,4917
2.89634203911,4916
2.89717507362,4915
2.90026307106,4914
2.90524601936,4913
2.90560102463,4912
2.90712404251,4911
2.90980100632,4910
2.9146668911,4909
2.91702103615,4908
2.91769599915,4907
2.9184319973,4906
2.92291498184,4905
2.92548298836,4904
2.92572498322,4903
2.92870092392,4902
2.9333729744,4901
2.93619799614,4900
2.93948888779,4899
2.94100999832,4898
2.9420208931,4897
2.9458758831,4896
2.94840598106,4895
2.94940090179,4894
2.94974589348,4893
2.95020008087,4892
2.95250892639,4891
2.9534599781,4890
2.95706796646,4889
2.95802497864,4888
2.9586660862,4887
2.96553301811,4886
2.96615195274,4885
2.96958899498,4884
2.97018408775,4883
2.97138500214,4882
2.97188901901,4881
2.97270488739,4880
2.97534203529,4879
2.97586107254,4878
2.97753405571,4877
2.98010492325,4876
2.98313593864,4875
2.98555898666,4874
2.9863679409,4873
2.98776602745,4872
2.98869299889,4871
2.99849104881,4870
3.00163507462,4869
3.00449609756,4868
3.00520992279,4867
3.00862908363,4866
3.00914001465,4865
3.01039004326,4864
3.01493692398,4863
3.01703095436,4862
3.01756000519,4861
3.01929306984,4860
3.02130103111,4859
3.02209711075,4858
3.02892494202,4857
3.02951288223,4856
3.03117203712,4855
3.03418397903,4854
3.04141902924,4853
3.0422000885,4852
3.04300189018,4851
3.04379892349,4850
3.04559898376,4849
3.04605197906,4848
3.0464758873,4847
3.04912209511,4846
3.05145192146,4845
3.05406093597,4844
3.05473995209,4843
3.05528092384,4842
3.05631709099,4841
3.05659294128,4840
3.05951499939,4839
3.06239509583,4838
3.06367492676,4837
3.06456398964,4836
3.06527996063,4835
3.06868910789,4834
3.06915903091,4833
3.07118797302,4832
3.07304596901,4831
3.07512593269,4830
3.07557797432,4829
3.07994103432,4828
3.08140301704,4827
3.08452510834,4826
3.08701205254,4825
3.08827495575,4824
3.08938193321,4823
3.09049701691,4822
3.09105992317,4821
3.09166789055,4820
3.09197998047,4819
3.09234905243,4818
3.09406709671,4817
3.09608006477,4816
3.09952807426,4815
3.10171604156,4814
3.10250902176,4813
3.10362410545,4812
3.10406589508,4811
3.10438704491,4810
3.10466909409,4809
3.106539011,4808
3.10924005508,4807
3.11069488525,4806
3.11114406586,4805
3.11219906807,4804
3.11263203621,4803
3.11342597008,4802
3.11404705048,4801
3.11514997482,4800
3.1159029007,4799
3.11740398407,4798
3.11849808693,4797
3.12053203583,4796
3.12577199936,4795
3.12705802917,4794
3.12999391556,4793
3.13199710846,4792
3.13668107986,4791
3.13821196556,4790
3.14135193825,4789
3.1429309845,4788
3.14361906052,4787
3.14430499077,4786
3.1446659565,4785
3.14768195152,4784
3.14804601669,4783
3.14923191071,4782
3.1571290493,4781
3.15952301025,4780
3.16187500954,4779
3.16339898109,4778
3.16396307945,4777
3.16659402847,4776
3.1691300869,4775
3.16978597641,4774
3.17115402222,4773
3.1738409996,4772
3.17606592178,4771
3.17706203461,4770
3.17773008347,4769
3.17809009552,4768
3.17903590202,4767
3.17977404594,4766
3.18267989159,4765
3.1852350235,4764
3.18615889549,4763
3.18819093704,4762
3.19155192375,4761
3.19532394409,4760
3.20068192482,4759
3.20184707642,4758
3.2024140358,4757
3.20515489578,4756
3.2074379921,4755
3.2132461071,4754
3.21606993675,4753
3.22844290733,4752
3.23186898232,4751
3.23334002495,4750
3.23384594917,4749
3.23513102531,4748
3.23598003387,4747
3.23804593086,4746
3.23909687996,4745
3.23956799507,4744
3.24180388451,4743
3.24349808693,4742
3.24647688866,4741
3.24737501144,4740
3.24851894379,4739
3.24892091751,4738
3.24918794632,4737
3.25045394897,4736
3.25079107285,4735
3.25241994858,4734
3.25670695305,4733
3.25962400436,4732
3.26079297066,4731
3.26283192635,4730
3.26320290565,4729
3.26520395279,4728
3.26542901993,4727
3.26847100258,4726
3.268887043,4725
3.27065896988,4724
3.27115893364,4723
3.27341198921,4722
3.27564191818,4721
3.27614402771,4720
3.27664089203,4719
3.27850389481,4718
3.27919793129,4717
3.28112006187,4716
3.28207993507,4715
3.28287410736,4714
3.28601408005,4713
3.29201388359,4712
3.2924079895,4711
3.29493689537,4710
3.29597687721,4709
3.29627609253,4708
3.29734110832,4707
3.29769897461,4706
3.29937696457,4705
3.30204105377,4704
3.30381608009,4703
3.30577206612,4702
3.30819892883,4701
3.30934596062,4700
3.31072688103,4699
3.31143403053,4698
3.31472802162,4697
3.31938695908,4696
3.31995296478,4695
3.32156300545,4694
3.32242202759,4693
3.32354092598,4692
3.3251979351,4691
3.32890295982,4690
3.33069610596,4689
3.33262896538,4688
3.33793497086,4687
3.34047007561,4686
3.34229588509,4685
3.34255504608,4684
3.34489107132,4683
3.34557700157,4682
3.34887290001,4681
3.34930706024,4680
3.3537569046,4679
3.35791993141,4678
3.35952997208,4677
3.3691880703,4676
3.37102103233,4675
3.37156295776,4674
3.37573599815,4673
3.37602305412,4672
3.3799290657,4671
3.38029408455,4670
3.38143801689,4669
3.38554787636,4668
3.3876349926,4667
3.3895919323,4666
3.39341497421,4665
3.39515709877,4664
3.39736509323,4663
3.39776802063,4662
3.39966702461,4661
3.40086197853,4660
3.4012799263,4659
3.40230488777,4658
3.40354704857,4657
3.40719890594,4656
3.41320705414,4655
3.41513895988,4654
3.41771292686,4653
3.4200899601,4652
3.42335891724,4651
3.42418408394,4650
3.42597794533,4649
3.42666101456,4648
3.42843008041,4647
3.43004393578,4646
3.43321704865,4645
3.43583297729,4644
3.43663191795,4643
3.44266605377,4642
3.44388389587,4641
3.44987487793,4640
3.45076704025,4639
3.45269489288,4638
3.45683097839,4637
3.45710587502,4636
3.45954108238,4635
3.46356201172,4634
3.46522092819,4633
3.4665749073,4632
3.46838402748,4631
3.46954107285,4630
3.47234201431,4629
3.47500610352,4628
3.47786998749,4627
3.47818493843,4626
3.47854304314,4625
3.4816429615,4624
3.48250794411,4623
3.48347902298,4622
3.48783898354,4621
3.49162387848,4620
3.49315309525,4619
3.49600291252,4618
3.4979429245,4617
3.50745201111,4616
3.50839304924,4615
3.51001501083,4614
3.51266789436,4613
3.51294708252,4612
3.51334691048,4611
3.51378107071,4610
3.51621890068,4609
3.51654696465,4608
3.51846599579,4607
3.51882696152,4606
3.52110409737,4605
3.52209210396,4604
3.52363801003,4603
3.52589488029,4602
3.53090190887,4601
3.53181695938,4600
3.53370189667,4599
3.53683590889,4598
3.5383450985,4597
3.54013800621,4596
3.54095602036,4595
3.54555296898,4594
3.5485060215,4593
3.54921889305,4592
3.55614304543,4591
3.5585770607,4590
3.56155395508,4589
3.56266498566,4588
3.56557106972,4587
3.56844687462,4586
3.57088589668,4585
3.57259392738,4584
3.57479500771,4583
3.57840800285,4582
3.58127498627,4581
3.58182501793,4580
3.58571505547,4579
3.5872759819,4578
3.58786892891,4577
3.58883905411,4576
3.5892970562,4575
3.59123492241,4574
3.59304308891,4573
3.59546399117,4572
3.59587907791,4571
3.59673404694,4570
3.59877610207,4569
3.59962892532,4568
3.60127305984,4567
3.60265493393,4566
3.60560297966,4565
3.60710501671,4564
3.6081829071,4563
3.60980200768,4562
3.61117696762,4561
3.61165308952,4560
3.61214995384,4559
3.61262392998,4558
3.61602306366,4557
3.62221002579,4556
3.6236538887,4555
3.62401604652,4554
3.62508893013,4553
3.6261639595,4552
3.62783193588,4551
3.63030004501,4550
3.63226389885,4549
3.63395810127,4548
3.63509607315,4547
3.63565993309,4546
3.63743495941,4545
3.64569807053,4544
3.64819598198,4543
3.64839410782,4542
3.65053892136,4541
3.65133309364,4540
3.65696310997,4539
3.65775108337,4538
3.66124987602,4537
3.6623570919,4536
3.6631360054,4535
3.66712188721,4534
3.66973304749,4533
3.67029309273,4532
3.6714360714,4531
3.6717569828,4530
3.67208194733,4529
3.6728849411,4528
3.67614507675,4527
3.67911195755,4526
3.67964196205,4525
3.6800160408,4524
3.68172287941,4523
3.68517708778,4522
3.68540096283,4521
3.68881702423,4520
3.69101500511,4519
3.69212508202,4518
3.6926651001,4517
3.69346690178,4516
3.69606208801,4515
3.70013093948,4514
3.70043492317,4513
3.70172905922,4512
3.70362901688,4511
3.70399403572,4510
3.71152710915,4509
3.7137389183,4508
3.71524095535,4507
3.71913409233,4506
3.72198104858,4505
3.72230792046,4504
3.72535991669,4503
3.725730896,4502
3.72702598572,4501
3.72793102264,4500
3.7284309864,4499
3.72977304459,4498
3.73163199425,4497
3.7319009304,4496
3.7324180603,4495
3.73399591446,4494
3.73990797997,4493
3.74079298973,4492
3.74125409126,4491
3.74156093597,4490
3.74312210083,4489
3.74457788467,4488
3.74531006813,4487
3.74568200111,4486
3.74602007866,4485
3.75445008278,4484
3.75522899628,4483
3.75740695,4482
3.75820088387,4481
3.76043605804,4480
3.76096796989,4479
3.76448202133,4478
3.76755094528,4477
3.77043509483,4476
3.77340197563,4475
3.77698898315,4474
3.77767109871,4473
3.77844810486,4472
3.77871799469,4471
3.78050208092,4470
3.78124094009,4469
3.78379297256,4468
3.78648900986,4467
3.788189888,4466
3.78917598724,4465
3.78998708725,4464
3.79062604904,4463
3.79131293297,4462
3.79226708412,4461
3.79391407967,4460
3.79813694954,4459
3.79878807068,4458
3.80275893211,4457
3.80345010757,4456
3.80651402473,4455
3.80870008469,4454
3.81425309181,4453
3.81597995758,4452
3.81968808174,4451
3.82211589813,4450
3.82637500763,4449
3.82921099663,4448
3.83301591873,4447
3.83442687988,4446
3.83715391159,4445
3.84051704407,4444
3.84391403198,4443
3.84465694427,4442
3.84559798241,4441
3.84846305847,4440
3.84889602661,4439
3.85107493401,4438
3.85179400444,4437
3.8541738987,4436
3.85604596138,4435
3.85771989822,4434
3.86278700829,4433
3.86477708817,4432
3.86862707138,4431
3.87279510498,4430
3.87333893776,4429
3.87558293343,4428
3.87632799149,4427
3.87666010857,4426
3.87818598747,4425
3.87959194183,4424
3.88377189636,4423
3.88612294197,4422
3.88731789589,4421
3.89573192596,4420
3.8990380764,4419
3.89926290512,4418
3.89974689484,4417
3.90216588974,4416
3.90838193893,4415
3.91417789459,4414
3.91996192932,4413
3.92052292824,4412
3.92185807228,4411
3.92870998383,4410
3.92943096161,4409
3.93074893951,4408
3.93267297745,4407
3.93807888031,4406
3.93971896172,4405
3.947275877,4404
3.9478969574,4403
3.95190191269,4402
3.95305895805,4401
3.95359706879,4400
3.95442008972,4399
3.95704507828,4398
3.95728993416,4397
3.95745110512,4396
3.95805096626,4395
3.95842695236,4394
3.9601380825,4393
3.96085190773,4392
3.96422791481,4391
3.96467089653,4390
3.96628594398,4389
3.96691298485,4388
3.97215604782,4387
3.97262096405,4386
3.97608590126,4385
3.98107004166,4384
3.98289704323,4383
3.9832611084,4382
3.98397803307,4381
3.98461008072,4380
3.98559999466,4379
3.98698592186,4378
3.9872879982,4377
3.98789191246,4376
3.99021887779,4375
3.99064898491,4374
3.99315190315,4373
3.99560594559,4372
3.99972391129,4371
4.00192594528,4370
4.00423192978,4369
4.00640296936,4368
4.00678896904,4367
4.00961494446,4366
4.01184797287,4365
4.01409196854,4364
4.01529288292,4363
4.01983904839,4362
4.02073693275,4361
4.0221760273,4360
4.02277803421,4359
4.02357506752,4358
4.02505493164,4357
4.0269138813,4356
4.02774596214,4355
4.02822709084,4354
4.02875995636,4353
4.02971696854,4352
4.03005504608,4351
4.03389787674,4350
4.03964209557,4349
4.04224991798,4348
4.04277205467,4347
4.04562807083,4346
4.05010008812,4345
4.05522489548,4344
4.05636501312,4343
4.05840206146,4342
4.05931687355,4341
4.0605430603,4340
4.06087708473,4339
4.06476807594,4338
4.06650590897,4337
4.07030892372,4336
4.07580208778,4335
4.08004593849,4334
4.08351302147,4333
4.08760595322,4332
4.09233593941,4331
4.09905290604,4330
4.09987902641,4329
4.1021900177,4328
4.10438704491,4327
4.10549902916,4326
4.10905408859,4325
4.11514902115,4324
4.1174929142,4323
4.11801099777,4322
4.11856102943,4321
4.12184405327,4320
4.12581992149,4319
4.12724590302,4318
4.13014292717,4317
4.13047409058,4316
4.13271403313,4315
4.13630008698,4314
4.14007496834,4313
4.14384007454,4312
4.14749789238,4311
4.14999389648,4310
4.15102410316,4309
4.15426206589,4308
4.15589904785,4307
4.15912795067,4306
4.15977787971,4305
4.1617898941,4304
4.16291904449,4303
4.1639020443,4302
4.16465806961,4301
4.16550302505,4300
4.16649794579,4299
4.167345047,4298
4.17020893097,4297
4.17144608498,4296
4.17265510559,4295
4.17641091347,4294
4.181016922,4293
4.18318510056,4292
4.18797397614,4291
4.19208908081,4290
4.19739890099,4289
4.20553994179,4288
4.20663809776,4287
4.20908594131,4286
4.21182703972,4285
4.21406388283,4284
4.21724009514,4283
4.21979904175,4282
4.22036194801,4281
4.22156095505,4280
4.22216892242,4279
4.22355103493,4278
4.22540998459,4277
4.23068904877,4276
4.23502898216,4275
4.23617506027,4274
4.24009490013,4273
4.24455308914,4272
4.24722599983,4271
4.24884796143,4270
4.25463008881,4269
4.25742292404,4268
4.25829792023,4267
4.25910210609,4266
4.25982499123,4265
4.26025390625,4264
4.26177191734,4263
4.26239609718,4262
4.26521992683,4261
4.26571893692,4260
4.26869893074,4259
4.26918005943,4258
4.26990199089,4257
4.27071404457,4256
4.27202510834,4255
4.27244210243,4254
7.68348002434,4253
7.68848991394,4252
7.69633889198,4251
7.69711303711,4250
7.69960999489,4249
7.70101189613,4248
7.70590996742,4247
7.71321201324,4246
7.71958804131,4245
7.7267510891,4244
7.73785710335,4243
7.75344109535,4242
7.7647600174,4241
7.78073501587,4240
7.7844209671,4239
7.7848470211,4238
7.78565692902,4237
7.80961894989,4236
7.81658601761,4235
7.82480502129,4234
7.82878088951,4233
7.82915496826,4232
7.85396504402,4231
7.85874009132,4230
7.87325787544,4229
7.87697792053,4228
11.1692290306,4227
11.1705300808,4226
11.182694912,4225
11.1917600632,4224
11.1930530071,4223
11.1957390308,4222
11.1963140965,4221
11.1989979744,4220
11.2151489258,4219
11.2313759327,4218
11.232213974,4217
11.238535881,4216
11.2438900471,4215
11.2466108799,4214
11.2550930977,4213
11.2643480301,4212
11.2682418823,4211
11.2764079571,4210
11.2919890881,4209
11.2966589928,4208
11.2993149757,4207
11.3136219978,4206
11.321187973,4205
11.324878931,4204
11.3384039402,4203
11.3390669823,4202
11.3450300694,4201
11.3862910271,4200
11.4130370617,4199
11.4210619926,4198
11.4259738922,4197
11.4376029968,4196
11.438544035,4195
11.443559885,4194
11.4441640377,4193
11.4547190666,4192
11.4759299755,4191
11.4844989777,4190
11.4944179058,4189
11.498363018,4188
11.5021739006,4187
11.5027930737,4186
11.5071899891,4185
11.5082650185,4184
14.9612710476,4183
14.988642931,4182
14.9925410748,4181
15.0127820969,4180
15.0204041004,4179
15.0249578953,4178
15.0391778946,4177
15.0728969574,4176
15.075521946,4175
15.0832920074,4174
15.0887830257,4173
15.1049349308,4172
15.1072769165,4171
15.1108090878,4170
15.1162900925,4169
15.1246340275,4168
15.1269450188,4167
15.1293189526,4166
15.1417720318,4165
15.1576640606,4164
15.1583480835,4163
15.1598980427,4162
15.1637320518,4161
15.167361021,4160
15.1891300678,4159
15.1932380199,4158
15.1982240677,4157
15.2036631107,4156
15.206512928,4155
15.2218329906,4154
18.5126218796,4153
18.5309770107,4152
18.5387279987,4151
18.5398318768,4150
18.5469210148,4149
18.5650110245,4148
18.5687251091,4147
18.5722739697,4146
18.57899189,4145
18.5848760605,4144
18.5926270485,4143
18.6052730083,4142
18.6340069771,4141
18.654943943,4140
18.6560649872,4139
18.6775178909,4138
18.680054903,4137
18.6813249588,4136
18.7041110992,4135
18.7076120377,4134
18.7317109108,4133
18.7329180241,4132
18.7607829571,4131
18.7632939816,4130
18.7702140808,4129
22.1871960163,4128
22.1955471039,4127
22.2020380497,4126
22.2135848999,4125
22.2172369957,4124
22.2179069519,4123
22.2318348885,4122
22.2436110973,4121
22.2556869984,4120
22.2585389614,4119
22.2635569572,4118
22.2676858902,4117
22.2920839787,4116
22.3134629726,4115
22.3183579445,4114
22.3186979294,4113
22.3285140991,4112
22.345541954,4111
25.6095850468,4110
25.6233310699,4109
25.6258180141,4108
25.6339929104,4107
25.6881380081,4106
25.6891300678,4105
25.6926429272,4104
25.6995089054,4103
25.7214479446,4102
25.7436718941,4101
25.7697210312,4100
25.7768969536,4099
25.7899310589,4098
25.7914500237,4097
25.7999069691,4096
25.8056199551,4095
25.8070659637,4094
25.8123590946,4093
25.8602020741,4092
25.8754069805,4091
25.8762190342,4090
25.8880000114,4089
25.8883759975,4088
25.8954379559,4087
25.9156858921,4086
29.3657810688,4085
29.3691320419,4084
29.3751609325,4083
29.3908441067,4082
29.392565012,4081
29.4004249573,4080
29.4069509506,4079
29.4109170437,4078
29.4127678871,4077
29.4134860039,4076
29.4164159298,4075
29.4387099743,4074
29.4404718876,4073
29.4498820305,4072
29.4911520481,4071
29.5051229,4070
29.5121479034,4069
29.5244789124,4068
29.5406138897,4067
29.5630331039,4066
29.5711069107,4065
29.5792551041,4064
29.5812571049,4063
29.5816569328,4062
29.5954720974,4061
29.5970540047,4060
29.6004018784,4059
33.1843910217,4058
33.1863839626,4057
33.2058229446,4056
33.2212688923,4055
33.2244410515,4054
33.2305018902,4053
33.2317268848,4052
33.2320830822,4051
33.2387859821,4050
36.8062388897,4049
36.8118848801,4048
36.8201770782,4047
36.8211979866,4046
36.832187891,4045
36.855768919,4044
40.4694859982,4043
40.4811909199,4042
40.4911100864,4041
40.5019419193,4040
40.503798008,4039
40.5068769455,4038
40.50791502,4037
40.5098729134,4036
40.525635004,4035
40.5264708996,4034
40.5528669357,4033
44.1589329243,4032
47.788271904,4031
47.7965919971,4030
47.7994759083,4029
51.4134399891,4028
51.4250159264,4027
51.4254519939,4026
51.4403989315,4025
51.4455890656,4024
55.0699670315,4023
55.0922648907,4022
55.0986270905,4021
55.0999519825,4020
55.1015949249,4019
55.113724947,4018
55.1252911091,4017
55.1320838928,4016
55.1443450451,4015
55.1609680653,4014
58.7493290901,4013
58.7599840164,4012
58.761797905,4011
69.9286971092,4010
73.4471740723,4009
73.4494130611,4008
73.4518430233,4007
