0.0205121040344,7609
0.0208971500397,7608
0.0213840007782,7607
0.0219249725342,7606
0.0223569869995,7605
0.0226540565491,7604
0.0231511592865,7603
0.0235321521759,7602
0.0241060256958,7601
0.024530172348,7600
0.0249240398407,7599
0.0254600048065,7598
0.0259740352631,7597
0.0264019966125,7596
0.026829957962,7595
0.0271260738373,7594
0.0275001525879,7593
0.0279381275177,7592
0.0284099578857,7591
0.0288319587708,7590
0.0292661190033,7589
0.0299410820007,7588
0.0303931236267,7587
0.030946969986,7586
0.0314099788666,7585
0.0319240093231,7584
0.0326130390167,7583
0.0332319736481,7582
0.0336799621582,7581
0.0342791080475,7580
0.034863948822,7579
0.0355441570282,7578
0.036229133606,7577
0.0370421409607,7576
0.0375020503998,7575
0.0380721092224,7574
0.0388150215149,7573
0.0391941070557,7572
0.0396449565887,7571
0.0400660037994,7570
0.0405130386353,7569
0.0411150455475,7568
0.0421121120453,7567
0.0427069664001,7566
0.043377161026,7565
0.0440690517426,7564
0.0446810722351,7563
0.0454621315002,7562
0.0458610057831,7561
0.0464730262756,7560
0.0471830368042,7559
0.0477640628815,7558
0.0484440326691,7557
0.0492689609528,7556
0.049889087677,7555
0.0502510070801,7554
0.0505940914154,7553
0.051262140274,7552
0.0518770217896,7551
0.0522789955139,7550
0.052649974823,7549
0.0531451702118,7548
0.0536789894104,7547
0.0543141365051,7546
0.0546660423279,7545
0.0550470352173,7544
0.0554480552673,7543
0.0557560920715,7542
0.0560719966888,7541
0.0566110610962,7540
0.0570130348206,7539
0.0574140548706,7538
0.0577130317688,7537
0.0580761432648,7536
0.0584211349487,7535
0.058984041214,7534
0.0592830181122,7533
0.0597670078278,7532
0.0601119995117,7531
0.0604770183563,7530
0.0609910488129,7529
0.0614330768585,7528
0.0620830059052,7527
0.0625410079956,7526
0.0630280971527,7525
0.0633039474487,7524
0.0637030601501,7523
0.0645401477814,7522
0.0651481151581,7521
0.0655119419098,7520
0.0658481121063,7519
0.0663411617279,7518
0.0666360855103,7517
0.067036151886,7516
0.0675520896912,7515
0.0679211616516,7514
0.0686819553375,7513
0.0689401626587,7512
0.0694711208344,7511
0.0697360038757,7510
0.070060968399,7509
0.0706169605255,7508
0.0712349414825,7507
0.0715930461884,7506
0.0730421543121,7505
0.0734119415283,7504
0.0738501548767,7503
0.074362039566,7502
0.074686050415,7501
0.0751609802246,7500
0.0757341384888,7499
0.0760700702667,7498
0.0763831138611,7497
0.0769870281219,7496
0.0772819519043,7495
0.0776081085205,7494
0.0780460834503,7493
0.0784859657288,7492
0.078784942627,7491
0.0790710449219,7490
0.0799241065979,7489
0.0802609920502,7488
0.0807149410248,7487
0.0814509391785,7486
0.0823309421539,7485
0.0829730033875,7484
0.0835371017456,7483
0.0841419696808,7482
0.0845291614532,7481
0.0850470066071,7480
0.0855720043182,7479
0.0860831737518,7478
0.0865340232849,7477
0.0871751308441,7476
0.0875120162964,7475
0.0877661705017,7474
0.0883760452271,7473
0.0889070034027,7472
0.0898530483246,7471
0.090124130249,7470
0.090441942215,7469
0.0907800197601,7468
0.0910589694977,7467
0.0913610458374,7466
0.0916700363159,7465
0.0921010971069,7464
0.0926630496979,7463
0.0932540893555,7462
0.094386100769,7461
0.0955491065979,7460
0.0959861278534,7459
0.0964801311493,7458
0.0978541374207,7457
0.0989921092987,7456
0.0995180606842,7455
0.100083112717,7454
0.100374937057,7453
0.100924015045,7452
0.101505041122,7451
0.102144956589,7450
0.102533102036,7449
0.102971076965,7448
0.103543043137,7447
0.104145050049,7446
0.105554103851,7445
0.107861995697,7444
0.108282089233,7443
0.108925104141,7442
0.110620975494,7441
0.111024141312,7440
0.111436128616,7439
0.111809968948,7438
0.112259149551,7437
0.112617015839,7436
0.113343954086,7435
0.113896131516,7434
0.114410161972,7433
0.11468911171,7432
0.115422010422,7431
0.115889072418,7430
0.116170167923,7429
0.116508960724,7428
0.116866111755,7427
0.117298126221,7426
0.117613077164,7425
0.118273973465,7424
0.118797063828,7423
0.119124174118,7422
0.119785070419,7421
0.120268106461,7420
0.120630025864,7419
0.121098995209,7418
0.121636152267,7417
0.122127056122,7416
0.122674942017,7415
0.123137950897,7414
0.123588085175,7413
0.124051094055,7412
0.124729156494,7411
0.125658988953,7410
0.126290082932,7409
0.126872062683,7408
0.12714600563,7407
0.127413988113,7406
0.128179073334,7405
0.128618001938,7404
0.129446983337,7403
0.130025148392,7402
0.130290985107,7401
0.130718946457,7400
0.131222963333,7399
0.131680965424,7398
0.132080078125,7397
0.132346153259,7396
0.133069038391,7395
0.133610010147,7394
0.134206056595,7393
0.134746074677,7392
0.135117053986,7391
0.135753154755,7390
0.136221170425,7389
0.136506080627,7388
0.136868000031,7387
0.137238025665,7386
0.137737989426,7385
0.138070106506,7384
0.138411045074,7383
0.138888120651,7382
0.139824151993,7381
0.140352964401,7380
0.140731096268,7379
0.141251087189,7378
0.141630172729,7377
0.142286062241,7376
0.142894029617,7375
0.144092082977,7374
0.14470911026,7373
0.145164966583,7372
0.145586967468,7371
0.146273136139,7370
0.146891117096,7369
0.14763712883,7368
0.148734092712,7367
0.149189949036,7366
0.149502038956,7365
0.149944067001,7364
0.151275157928,7363
0.15199804306,7362
0.153728961945,7361
0.154484033585,7360
0.155241012573,7359
0.156624078751,7358
0.157122135162,7357
0.157385110855,7356
0.158123016357,7355
0.158710002899,7354
0.159743070602,7353
0.160304069519,7352
0.161083936691,7351
0.161491155624,7350
0.162984132767,7349
0.163328170776,7348
0.163962125778,7347
0.16456413269,7346
0.165521144867,7345
0.166051149368,7344
0.166882991791,7343
0.16731095314,7342
0.168018102646,7341
0.168611049652,7340
0.169377088547,7339
0.169814109802,7338
0.170948028564,7337
0.171838998795,7336
0.172273159027,7335
0.172637939453,7334
0.17315196991,7333
0.173696041107,7332
0.174183130264,7331
0.174631118774,7330
0.175038099289,7329
0.175462961197,7328
0.176031112671,7327
0.176427125931,7326
0.176959037781,7325
0.177516937256,7324
0.178163051605,7323
0.178782939911,7322
0.179228067398,7321
0.179890155792,7320
0.180353164673,7319
0.180750131607,7318
0.181046009064,7317
0.181787014008,7316
0.182122945786,7315
0.182889938354,7314
0.183658123016,7313
0.185001134872,7312
0.185557126999,7311
0.185918092728,7310
0.186269044876,7309
0.186608076096,7308
0.187064170837,7307
0.187730073929,7306
0.188379049301,7305
0.188987016678,7304
0.189319133759,7303
0.189712047577,7302
0.19002699852,7301
0.190663099289,7300
0.191627025604,7299
0.192365169525,7298
0.192990064621,7297
0.19330906868,7296
0.193995952606,7295
0.194482088089,7294
0.194844007492,7293
0.195573091507,7292
0.195989131927,7291
0.196740150452,7290
0.197493076324,7289
0.198192119598,7288
0.19868516922,7287
0.199105024338,7286
0.199455022812,7285
0.199882984161,7284
0.200222015381,7283
0.200723171234,7282
0.201668977737,7281
0.202166080475,7280
0.202903032303,7279
0.203312158585,7278
0.203853130341,7277
0.204586029053,7276
0.205259084702,7275
0.205768108368,7274
0.206274032593,7273
0.206648111343,7272
0.207024097443,7271
0.208148956299,7270
0.208734035492,7269
0.209532976151,7268
0.210266113281,7267
0.21182513237,7266
0.212494134903,7265
0.212984085083,7264
0.213628053665,7263
0.214683055878,7262
0.215207099915,7261
0.215687036514,7260
0.216133117676,7259
0.216629981995,7258
0.217277050018,7257
0.217909097672,7256
0.219253063202,7255
0.220175981522,7254
0.220731973648,7253
0.221167087555,7252
0.221529006958,7251
0.222129106522,7250
0.222552061081,7249
0.22464799881,7248
0.225204944611,7247
0.225707054138,7246
0.226719141006,7245
0.227296113968,7244
0.228032112122,7243
0.22845697403,7242
0.229483127594,7241
0.229952096939,7240
0.230503082275,7239
0.230929136276,7238
0.231419086456,7237
0.231996059418,7236
0.232517957687,7235
0.233023166656,7234
0.23383307457,7233
0.234349012375,7232
0.235445976257,7231
0.236920118332,7230
0.237316131592,7229
0.237920045853,7228
0.238846063614,7227
0.239366054535,7226
0.239925146103,7225
0.240391969681,7224
0.240890026093,7223
0.241748094559,7222
0.242156028748,7221
0.242614984512,7220
0.243441104889,7219
0.244531154633,7218
0.24539899826,7217
0.246014118195,7216
0.246482133865,7215
0.247210979462,7214
0.247611045837,7213
0.247981071472,7212
0.248473167419,7211
0.248844146729,7210
0.249370098114,7209
0.249946117401,7208
0.250419139862,7207
0.25123500824,7206
0.252270936966,7205
0.252907037735,7204
0.25425195694,7203
0.254650115967,7202
0.255033016205,7201
0.255468130112,7200
0.255864143372,7199
0.256381034851,7198
0.256997108459,7197
0.257738113403,7196
0.25954914093,7195
0.260239124298,7194
0.261376142502,7193
0.261893987656,7192
0.262478113174,7191
0.263075113297,7190
0.263956069946,7189
0.264590978622,7188
0.265668153763,7187
0.266457080841,7186
0.266917943954,7185
0.267691135406,7184
0.269502162933,7183
0.269999980927,7182
0.270328044891,7181
0.271077156067,7180
0.271435022354,7179
0.271893024445,7178
0.274228096008,7177
0.274652957916,7176
0.275552034378,7175
0.276317119598,7174
0.277591943741,7173
0.278434038162,7172
0.279060125351,7171
0.27952003479,7170
0.28023815155,7169
0.282150030136,7168
0.282503128052,7167
0.283003091812,7166
0.283522129059,7165
0.284832954407,7164
0.28579211235,7163
0.286302089691,7162
0.286891937256,7161
0.287297010422,7160
0.288561105728,7159
0.288865089417,7158
0.289392948151,7157
0.290019989014,7156
0.291233062744,7155
0.291712999344,7154
0.292546987534,7153
0.292961120605,7152
0.29385304451,7151
0.294845104218,7150
0.295325994492,7149
0.296251058578,7148
0.296964168549,7147
0.297395944595,7146
0.2989590168,7145
0.299749135971,7144
0.301294088364,7143
0.301721096039,7142
0.302314996719,7141
0.302951097488,7140
0.303508043289,7139
0.304237127304,7138
0.304692983627,7137
0.305274963379,7136
0.30561208725,7135
0.306170940399,7134
0.307264089584,7133
0.308433055878,7132
0.309069156647,7131
0.310539960861,7130
0.311546087265,7129
0.31197309494,7128
0.312431097031,7127
0.31280708313,7126
0.313308000565,7125
0.313790082932,7124
0.314638137817,7123
0.315471172333,7122
0.317701101303,7121
0.31849694252,7120
0.319043159485,7119
0.320037126541,7118
0.32052898407,7117
0.320902109146,7116
0.321398019791,7115
0.322698116302,7114
0.323603153229,7113
0.324383974075,7112
0.324895143509,7111
0.325361967087,7110
0.325834989548,7109
0.327026128769,7108
0.327844142914,7107
0.328472137451,7106
0.32979798317,7105
0.330371141434,7104
0.330739021301,7103
0.331231117249,7102
0.331782102585,7101
0.332653045654,7100
0.333901166916,7099
0.334485054016,7098
0.335050106049,7097
0.336359977722,7096
0.336826086044,7095
0.33772110939,7094
0.338582038879,7093
0.339059114456,7092
0.340293169022,7091
0.340840101242,7090
0.343240976334,7089
0.344069004059,7088
0.34441614151,7087
0.344918012619,7086
0.345375061035,7085
0.346059083939,7084
0.346666097641,7083
0.347202062607,7082
0.347732067108,7081
0.348085165024,7080
0.348580121994,7079
0.349307060242,7078
0.349817037582,7077
0.350260019302,7076
0.350937128067,7075
0.35143995285,7074
0.351708173752,7073
0.352293968201,7072
0.352648973465,7071
0.353551149368,7070
0.354783058167,7069
0.35517001152,7068
0.355710029602,7067
0.357027053833,7066
0.35752415657,7065
0.358175039291,7064
0.359040975571,7063
0.359527111053,7062
0.36025094986,7061
0.360700130463,7060
0.361809015274,7059
0.362601041794,7058
0.362936973572,7057
0.363259077072,7056
0.363809108734,7055
0.36524105072,7054
0.365797042847,7053
0.366156101227,7052
0.366760015488,7051
0.367149114609,7050
0.368216991425,7049
0.369203090668,7048
0.369590997696,7047
0.370880126953,7046
0.371315002441,7045
0.371721982956,7044
0.372502088547,7043
0.373018980026,7042
0.374120950699,7041
0.374452114105,7040
0.374740123749,7039
0.375048160553,7038
0.375345945358,7037
0.375694036484,7036
0.376770019531,7035
0.377238035202,7034
0.377808094025,7033
0.37813615799,7032
0.378960132599,7031
0.379600048065,7030
0.380617141724,7029
0.381153106689,7028
0.381757974625,7027
0.382209062576,7026
0.382845163345,7025
0.383365154266,7024
0.383993148804,7023
0.38468003273,7022
0.38543510437,7021
0.385893106461,7020
0.386656045914,7019
0.387005090714,7018
0.387396097183,7017
0.388245105743,7016
0.388776063919,7015
0.389395952225,7014
0.389734983444,7013
0.390470027924,7012
0.390745162964,7011
0.391129016876,7010
0.392824172974,7009
0.393325090408,7008
0.393906116486,7007
0.394296169281,7006
0.394637107849,7005
0.395164012909,7004
0.395745992661,7003
0.396270036697,7002
0.396929979324,7001
0.39747595787,7000
0.397779941559,6999
0.398151159286,6998
0.398947000504,6997
0.39937710762,6996
0.399760961533,6995
0.400305986404,6994
0.40073299408,6993
0.40122795105,6992
0.402017116547,6991
0.402606964111,6990
0.402897119522,6989
0.403772115707,6988
0.404194116592,6987
0.404500007629,6986
0.405348062515,6985
0.405781984329,6984
0.406469106674,6983
0.408067941666,6982
0.408705949783,6981
0.409343957901,6980
0.410488128662,6979
0.411128997803,6978
0.411837100983,6977
0.412785053253,6976
0.414031982422,6975
0.414608001709,6974
0.415280103683,6973
0.415749073029,6972
0.416041135788,6971
0.4166431427,6970
0.417516946793,6969
0.418033123016,6968
0.418689966202,6967
0.419579029083,6966
0.419856071472,6965
0.420340061188,6964
0.420670986176,6963
0.420958042145,6962
0.421509981155,6961
0.422152042389,6960
0.423853158951,6959
0.424659013748,6958
0.425055980682,6957
0.425485134125,6956
0.427051067352,6955
0.428193092346,6954
0.429048061371,6953
0.429337978363,6952
0.429790973663,6951
0.430597066879,6950
0.431151151657,6949
0.431663036346,6948
0.432667016983,6947
0.433045148849,6946
0.433393001556,6945
0.434721946716,6944
0.435081958771,6943
0.43545293808,6942
0.435881137848,6941
0.43706703186,6940
0.438302993774,6939
0.438858985901,6938
0.439183950424,6937
0.439851999283,6936
0.440921068192,6935
0.441637992859,6934
0.441967964172,6933
0.442461967468,6932
0.443041086197,6931
0.443732976913,6930
0.444551944733,6929
0.44508600235,6928
0.445930957794,6927
0.446666955948,6926
0.447575092316,6925
0.448462963104,6924
0.449094057083,6923
0.449366092682,6922
0.449948072433,6921
0.450930118561,6920
0.451689004898,6919
0.452136993408,6918
0.452413082123,6917
0.453361988068,6916
0.453794956207,6915
0.454201936722,6914
0.454658985138,6913
0.45511007309,6912
0.455651044846,6911
0.456876993179,6910
0.457863092422,6909
0.458899974823,6908
0.459171056747,6907
0.459449052811,6906
0.459866046906,6905
0.46031498909,6904
0.460896968842,6903
0.461563110352,6902
0.462125062943,6901
0.462723016739,6900
0.46349811554,6899
0.464112043381,6898
0.464638948441,6897
0.465136051178,6896
0.465657949448,6895
0.46607708931,6894
0.46647310257,6893
0.467190980911,6892
0.468142032623,6891
0.468665122986,6890
0.469254970551,6889
0.46964597702,6888
0.470029115677,6887
0.470893144608,6886
0.471189022064,6885
0.471575021744,6884
0.471915960312,6883
0.472751140594,6882
0.473202943802,6881
0.473737955093,6880
0.474779129028,6879
0.475224018097,6878
0.475702047348,6877
0.47614812851,6876
0.476660013199,6875
0.477116107941,6874
0.478418111801,6873
0.478868961334,6872
0.479386091232,6871
0.480088949203,6870
0.480463027954,6869
0.48094701767,6868
0.481482028961,6867
0.481902122498,6866
0.482211112976,6865
0.482836008072,6864
0.483582019806,6863
0.485001087189,6862
0.486215114594,6861
0.486674070358,6860
0.487388134003,6859
0.48777794838,6858
0.488301038742,6857
0.489382982254,6856
0.491490125656,6855
0.491760015488,6854
0.492063999176,6853
0.492619037628,6852
0.492969989777,6851
0.493739128113,6850
0.494109153748,6849
0.495033979416,6848
0.49564909935,6847
0.497137069702,6846
0.497609138489,6845
0.49862408638,6844
0.499134063721,6843
0.500045061111,6842
0.50060915947,6841
0.50106716156,6840
0.501397132874,6839
0.502053976059,6838
0.502959012985,6837
0.503561973572,6836
0.504728078842,6835
0.50509095192,6834
0.505437135696,6833
0.506167173386,6832
0.506607055664,6831
0.506993055344,6830
0.507673025131,6829
0.509053945541,6828
0.509518146515,6827
0.509860038757,6826
0.511170148849,6825
0.511765956879,6824
0.512699127197,6823
0.513288021088,6822
0.513818025589,6821
0.514245033264,6820
0.514785051346,6819
0.515323162079,6818
0.516227006912,6817
0.516661167145,6816
0.517004966736,6815
0.517456054688,6814
0.518316984177,6813
0.519195079803,6812
0.519843101501,6811
0.520301103592,6810
0.52155995369,6809
0.522266149521,6808
0.522712945938,6807
0.523187160492,6806
0.524296045303,6805
0.52455997467,6804
0.525377988815,6803
0.525760173798,6802
0.526165008545,6801
0.527354955673,6800
0.528002023697,6799
0.528426170349,6798
0.528834104538,6797
0.529355049133,6796
0.529620170593,6795
0.53033208847,6794
0.530591011047,6793
0.531002998352,6792
0.531324148178,6791
0.532173156738,6790
0.532899141312,6789
0.533553123474,6788
0.534167051315,6787
0.534734010696,6786
0.535355091095,6785
0.536033153534,6784
0.536386966705,6783
0.536875963211,6782
0.537235021591,6781
0.537667989731,6780
0.53810095787,6779
0.538968086243,6778
0.539432048798,6777
0.541069030762,6776
0.542132139206,6775
0.543064117432,6774
0.543797969818,6773
0.544238090515,6772
0.544715166092,6771
0.545068979263,6770
0.54558300972,6769
0.545899152756,6768
0.547100067139,6767
0.547731161118,6766
0.548184156418,6765
0.549436092377,6764
0.549914121628,6763
0.550748109818,6762
0.551249980927,6761
0.552508115768,6760
0.553183078766,6759
0.553550958633,6758
0.554022073746,6757
0.554482936859,6756
0.554919958115,6755
0.555506944656,6754
0.555972099304,6753
0.557176113129,6752
0.55776309967,6751
0.55820608139,6750
0.558980941772,6749
0.5593791008,6748
0.560016155243,6747
0.561469078064,6746
0.561985969543,6745
0.562577009201,6744
0.563534021378,6743
0.564583063126,6742
0.565319061279,6741
0.56587100029,6740
0.56751704216,6739
0.568212985992,6738
0.569890975952,6737
0.57078909874,6736
0.57259106636,6735
0.574483156204,6734
0.575351953506,6733
0.575855016708,6732
0.576817035675,6731
0.577219963074,6730
0.57753610611,6729
0.578072071075,6728
0.579044103622,6727
0.579519987106,6726
0.581727027893,6725
0.582810163498,6724
0.583395957947,6723
0.58452796936,6722
0.585207939148,6721
0.585888147354,6720
0.586331129074,6719
0.587170124054,6718
0.587568044662,6717
0.588137149811,6716
0.58852314949,6715
0.589014053345,6714
0.589811086655,6713
0.591032981873,6712
0.591662168503,6711
0.592225074768,6710
0.592825174332,6709
0.593924999237,6708
0.594491004944,6707
0.595000982285,6706
0.596482992172,6705
0.596913099289,6704
0.597862958908,6703
0.59832906723,6702
0.598782062531,6701
0.599710941315,6700
0.600341081619,6699
0.601315021515,6698
0.602571964264,6697
0.605705976486,6696
0.606392145157,6695
0.606920003891,6694
0.607418060303,6693
0.60883307457,6692
0.609323978424,6691
0.609872102737,6690
0.610335111618,6689
0.610945940018,6688
0.611590147018,6687
0.612980127335,6686
0.614602088928,6685
0.617166042328,6684
0.617752075195,6683
0.619436979294,6682
0.620058059692,6681
0.620663166046,6680
0.621248960495,6679
0.621912956238,6678
0.622552156448,6677
0.623111963272,6676
0.624217987061,6675
0.625018119812,6674
0.625519037247,6673
0.626060962677,6672
0.626410961151,6671
0.626863002777,6670
0.627573013306,6669
0.627903938293,6668
0.628569126129,6667
0.629762172699,6666
0.630532026291,6665
0.63089799881,6664
0.631222009659,6663
0.631607055664,6662
0.633176088333,6661
0.633962154388,6660
0.634523153305,6659
0.63597202301,6658
0.636840105057,6657
0.638741970062,6656
0.639187097549,6655
0.640161991119,6654
0.640493154526,6653
0.641580104828,6652
0.641993045807,6651
0.642935037613,6650
0.643567085266,6649
0.644375085831,6648
0.644894123077,6647
0.645262002945,6646
0.645634174347,6645
0.646312952042,6644
0.646759986877,6643
0.64807510376,6642
0.648488998413,6641
0.648916959763,6640
0.650135993958,6639
0.650604963303,6638
0.652115106583,6637
0.653512001038,6636
0.653942108154,6635
0.654700994492,6634
0.655980110168,6633
0.657847166061,6632
0.658360004425,6631
0.659471988678,6630
0.660074949265,6629
0.662173032761,6628
0.6624751091,6627
0.663048028946,6626
0.663455963135,6625
0.664090156555,6624
0.665373086929,6623
0.666002988815,6622
0.668118953705,6621
0.66855096817,6620
0.669700145721,6619
0.670680999756,6618
0.671046972275,6617
0.671614170074,6616
0.672490119934,6615
0.673387050629,6614
0.673835039139,6613
0.674317121506,6612
0.675122022629,6611
0.67604804039,6610
0.677083969116,6609
0.677520990372,6608
0.677927017212,6607
0.678797006607,6606
0.679955005646,6605
0.680988073349,6604
0.681493997574,6603
0.682043075562,6602
0.682557106018,6601
0.684757947922,6600
0.685381174088,6599
0.685961008072,6598
0.686915159225,6597
0.687615156174,6596
0.689115047455,6595
0.689721107483,6594
0.690363168716,6593
0.691174983978,6592
0.693904161453,6591
0.694771051407,6590
0.696053028107,6589
0.697041988373,6588
0.69811797142,6587
0.698866128922,6586
0.700027942657,6585
0.701804161072,6584
0.703035116196,6583
0.704069137573,6582
0.705978155136,6581
0.706531047821,6580
0.707123041153,6579
0.709347963333,6578
0.709851980209,6577
0.710330963135,6576
0.711816072464,6575
0.712445020676,6574
0.71315908432,6573
0.71564912796,6572
0.716467142105,6571
0.716887950897,6570
0.717438936234,6569
0.718052148819,6568
0.720309972763,6567
0.721521139145,6566
0.722434997559,6565
0.723020076752,6564
0.72373509407,6563
0.724609136581,6562
0.724987983704,6561
0.725428104401,6560
0.726464986801,6559
0.727489948273,6558
0.728413105011,6557
0.729362010956,6556
0.731614112854,6555
0.73230099678,6554
0.732958078384,6553
0.73401594162,6552
0.734629154205,6551
0.73521900177,6550
0.73725605011,6549
0.737637996674,6548
0.738387107849,6547
0.738739967346,6546
0.739302158356,6545
0.740067958832,6544
0.741003990173,6543
0.742048978806,6542
0.743450164795,6541
0.743788957596,6540
0.744342088699,6539
0.744776010513,6538
0.745408058167,6537
0.746994972229,6536
0.747545003891,6535
0.748085975647,6534
0.748538970947,6533
0.749845981598,6532
0.752143144608,6531
0.753090143204,6530
0.753993034363,6529
0.755700111389,6528
0.756312131882,6527
0.757032155991,6526
0.757756948471,6525
0.760199069977,6524
0.760733127594,6523
0.761793136597,6522
0.762351989746,6521
0.763607025146,6520
0.764266014099,6519
0.764724969864,6518
0.765714168549,6517
0.767075061798,6516
0.768392086029,6515
0.769075155258,6514
0.769668102264,6513
0.77032995224,6512
0.770847082138,6511
0.772093057632,6510
0.775454044342,6509
0.776294946671,6508
0.777745962143,6507
0.778593063354,6506
0.779440164566,6505
0.780037164688,6504
0.780811071396,6503
0.781162023544,6502
0.785159111023,6501
0.786046981812,6500
0.787605047226,6499
0.788186073303,6498
0.789319992065,6497
0.790414094925,6496
0.79094004631,6495
0.791949987411,6494
0.792832136154,6493
0.793570995331,6492
0.793977975845,6491
0.794769048691,6490
0.796231031418,6489
0.797538995743,6488
0.798124074936,6487
0.798696041107,6486
0.799019098282,6485
0.799703121185,6484
0.800227165222,6483
0.80158495903,6482
0.802226066589,6481
0.803627967834,6480
0.804618120193,6479
0.805073022842,6478
0.806719064713,6477
0.807271003723,6476
0.807866096497,6475
0.809658050537,6474
0.809981107712,6473
0.810847997665,6472
0.811150074005,6471
0.81153011322,6470
0.812083005905,6469
0.812616109848,6468
0.813078165054,6467
0.814506053925,6466
0.815421104431,6465
0.816077947617,6464
0.816735029221,6463
0.817659139633,6462
0.818380117416,6461
0.818878173828,6460
0.819543123245,6459
0.820106983185,6458
0.820626020432,6457
0.821145057678,6456
0.821573019028,6455
0.822132110596,6454
0.822934150696,6453
0.823992967606,6452
0.827063083649,6451
0.827975988388,6450
0.828753948212,6449
0.829223155975,6448
0.83105301857,6447
0.831720113754,6446
0.832150936127,6445
0.832621097565,6444
0.833528995514,6443
0.833924055099,6442
0.834921121597,6441
0.835335969925,6440
0.837496042252,6439
0.837828159332,6438
0.840538978577,6437
0.841314077377,6436
0.842520952225,6435
0.843322038651,6434
0.843652009964,6433
0.84446310997,6432
0.844917058945,6431
0.845335960388,6430
0.845831155777,6429
0.846202135086,6428
0.847006082535,6427
0.847267150879,6426
0.847624063492,6425
0.848155021667,6424
0.848530054092,6423
0.849295139313,6422
0.849696159363,6421
0.8499751091,6420
0.850702047348,6419
0.851199150085,6418
0.851854085922,6417
0.852872133255,6416
0.853291034698,6415
0.853970050812,6414
0.854531049728,6413
0.855859994888,6412
0.85627412796,6411
0.856696128845,6410
0.857490062714,6409
0.858304977417,6408
0.859250068665,6407
0.860121011734,6406
0.860654115677,6405
0.862660169601,6404
0.863182067871,6403
0.863752126694,6402
0.864722013474,6401
0.865324020386,6400
0.86562204361,6399
0.866384983063,6398
0.867341041565,6397
0.868282079697,6396
0.868738174438,6395
0.869464159012,6394
0.871098041534,6393
0.871896982193,6392
0.872424125671,6391
0.873163938522,6390
0.873615026474,6389
0.874674081802,6388
0.875678062439,6387
0.878565073013,6386
0.879013061523,6385
0.880238056183,6384
0.880900144577,6383
0.882778167725,6382
0.884385108948,6381
0.885410070419,6380
0.886317014694,6379
0.887976169586,6378
0.888808012009,6377
0.891659021378,6376
0.892233133316,6375
0.893816947937,6374
0.894176006317,6373
0.895728111267,6372
0.896331071854,6371
0.896852016449,6370
0.897417068481,6369
0.898197174072,6368
0.898664951324,6367
0.899387121201,6366
0.902251005173,6365
0.903743028641,6364
0.904597997665,6363
0.90586400032,6362
0.906929969788,6361
0.908174037933,6360
0.908699035645,6359
0.909276008606,6358
0.909674167633,6357
0.911195993423,6356
0.912145137787,6355
0.912739038467,6354
0.913913011551,6353
0.914533138275,6352
0.915205001831,6351
0.916217088699,6350
0.91841506958,6349
0.91984796524,6348
0.920240163803,6347
0.921355962753,6346
0.921792984009,6345
0.923900127411,6344
0.92519903183,6343
0.926481962204,6342
0.927041053772,6341
0.927593946457,6340
0.929206132889,6339
0.929871082306,6338
0.930400133133,6337
0.930946111679,6336
0.931923151016,6335
0.932489156723,6334
0.933043956757,6333
0.93351316452,6332
0.934041976929,6331
0.934602975845,6330
0.93572306633,6329
0.936346054077,6328
0.937659025192,6327
0.938195943832,6326
0.938672065735,6325
0.939114093781,6324
0.941854000092,6323
0.942312002182,6322
0.94282412529,6321
0.945458173752,6320
0.946781158447,6319
0.94850897789,6318
0.949005126953,6317
0.950011014938,6316
0.951189994812,6315
0.952017068863,6314
0.952726125717,6313
0.95401597023,6312
0.955502033234,6311
0.956668138504,6310
0.957113027573,6309
0.957973003387,6308
0.958348035812,6307
0.959733963013,6306
0.960402965546,6305
0.960708141327,6304
0.961177110672,6303
0.963281154633,6302
0.964123010635,6301
0.965491056442,6300
0.968354940414,6299
0.969011068344,6298
0.970682144165,6297
0.971718072891,6296
0.974246025085,6295
0.975562095642,6294
0.976286172867,6293
0.976793050766,6292
0.979881048203,6291
0.980273962021,6290
0.981349945068,6289
0.982515096664,6288
0.984852075577,6287
0.985846996307,6286
0.986788988113,6285
0.987581014633,6284
0.988994121552,6283
0.989645957947,6282
0.990313053131,6281
0.991780996323,6280
0.99267911911,6279
0.993366956711,6278
0.993888139725,6277
0.995754003525,6276
0.997167110443,6275
0.999108076096,6274
1.00005912781,6273
1.00060510635,6272
1.00267410278,6271
1.00311112404,6270
1.00373506546,6269
1.00518512726,6268
1.00608515739,6267
1.00681614876,6266
1.00730514526,6265
1.00831413269,6264
1.00897407532,6263
1.0095410347,6262
1.01060199738,6261
1.01128911972,6260
1.01175713539,6259
1.01738905907,6258
1.01822900772,6257
1.01918101311,6256
1.02088713646,6255
1.02231216431,6254
1.02406001091,6253
1.02476716042,6252
1.02583003044,6251
1.02646207809,6250
1.02703905106,6249
1.02757811546,6248
1.02814817429,6247
1.02944397926,6246
1.03015804291,6245
1.03210711479,6244
1.03307008743,6243
1.0345351696,6242
1.03796195984,6241
1.03960800171,6240
1.04006910324,6239
1.04133605957,6238
1.04236006737,6237
1.04339909554,6236
1.04426813126,6235
1.04494595528,6234
1.04535913467,6233
1.04653811455,6232
1.04696106911,6231
1.04764795303,6230
1.04817008972,6229
1.04872107506,6228
1.05234694481,6227
1.05360794067,6226
1.05587315559,6225
1.05677199364,6224
1.05733513832,6223
1.05889105797,6222
1.05941605568,6221
1.06031394005,6220
1.06077194214,6219
1.06134605408,6218
1.061866045,6217
1.06217598915,6216
1.06499814987,6215
1.06555700302,6214
1.06712603569,6213
1.06792116165,6212
1.06834697723,6211
1.06901097298,6210
1.06967806816,6209
1.07255411148,6208
1.07322406769,6207
1.07437205315,6206
1.07544112206,6205
1.07849907875,6204
1.07976508141,6203
1.08039498329,6202
1.08192706108,6201
1.08289694786,6200
1.08343696594,6199
1.08423805237,6198
1.08470106125,6197
1.08587694168,6196
1.08684706688,6195
1.09038209915,6194
1.09098410606,6193
1.0925180912,6192
1.09363603592,6191
1.0950551033,6190
1.09637594223,6189
1.09741401672,6188
1.09958910942,6187
1.10078215599,6186
1.10380101204,6185
1.10454201698,6184
1.10680913925,6183
1.10732603073,6182
1.10980796814,6181
1.11076998711,6180
1.11180996895,6179
1.11287498474,6178
1.11397910118,6177
1.11435103416,6176
1.11518406868,6175
1.11694002151,6174
1.12141513824,6173
1.12211799622,6172
1.12426710129,6171
1.12606501579,6170
1.12719798088,6169
1.12799310684,6168
1.12887096405,6167
1.12942194939,6166
1.13001012802,6165
1.13133001328,6164
1.13175201416,6163
1.13469004631,6162
1.13542199135,6161
1.13761806488,6160
1.13888907433,6159
1.142619133,6158
1.14442610741,6157
1.14732313156,6156
1.15086507797,6155
1.1517829895,6154
1.15231704712,6153
1.15264797211,6152
1.15351009369,6151
1.15490102768,6150
1.15588712692,6149
1.15914106369,6148
1.15948295593,6147
1.16463708878,6146
1.16524600983,6145
1.16704010963,6144
1.16912317276,6143
1.16989207268,6142
1.17078208923,6141
1.17143011093,6140
1.1729850769,6139
1.17445015907,6138
1.1753180027,6137
1.17576408386,6136
1.17660498619,6135
1.17741107941,6134
1.17895793915,6133
1.18170595169,6132
1.18471097946,6131
1.18587803841,6130
1.18766307831,6129
1.18818998337,6128
1.18957996368,6127
1.19036102295,6126
1.19227910042,6125
1.19322800636,6124
1.19374108315,6123
1.19637298584,6122
1.1968319416,6121
1.19906306267,6120
1.19947910309,6119
1.20160317421,6118
1.203977108,6117
1.20652508736,6116
1.20710611343,6115
1.20838499069,6114
1.20914411545,6113
1.21030116081,6112
1.21198010445,6111
1.21353006363,6110
1.21394515038,6109
1.2168431282,6108
1.21764016151,6107
1.21810317039,6106
1.22079205513,6105
1.22135615349,6104
1.22242999077,6103
1.22399306297,6102
1.22490000725,6101
1.22829294205,6100
1.22934412956,6099
1.23050808907,6098
1.23331308365,6097
1.2350320816,6096
1.23659896851,6095
1.2382619381,6094
1.23895716667,6093
1.2393860817,6092
1.241492033,6091
1.24377512932,6090
1.24544906616,6089
1.2466571331,6088
1.24712705612,6087
1.24791407585,6086
1.24881196022,6085
1.24934196472,6084
1.25023508072,6083
1.25061798096,6082
1.25099205971,6081
1.25207996368,6080
1.25356602669,6079
1.25441217422,6078
1.25477099419,6077
1.2565369606,6076
1.25689005852,6075
1.25730013847,6074
1.25785398483,6073
1.26030397415,6072
1.26121115685,6071
1.26174497604,6070
1.2625181675,6069
1.26479411125,6068
1.26514101028,6067
1.26915001869,6066
1.27051401138,6065
1.27119898796,6064
1.27260994911,6063
1.27314996719,6062
1.27422308922,6061
1.27465701103,6060
1.27554011345,6059
1.27890706062,6058
1.28117513657,6057
1.28169798851,6056
1.28270411491,6055
1.28405499458,6054
1.28630614281,6053
1.29036402702,6052
1.29157400131,6051
1.2925350666,6050
1.29361701012,6049
1.29407095909,6048
1.29515314102,6047
1.29748606682,6046
1.29871106148,6045
1.30016112328,6044
1.30071902275,6043
1.30414700508,6042
1.30515313148,6041
1.30614900589,6040
1.30714011192,6039
1.30761694908,6038
1.30816197395,6037
1.30850815773,6036
1.31292009354,6035
1.31346511841,6034
1.31542015076,6033
1.31640601158,6032
1.31703615189,6031
1.3176150322,6030
1.31821393967,6029
1.31915998459,6028
1.32058811188,6027
1.32218003273,6026
1.32287406921,6025
1.32375502586,6024
1.32653307915,6023
1.32761597633,6022
1.32852911949,6021
1.33215594292,6020
1.3328461647,6019
1.33347296715,6018
1.33400416374,6017
1.33464813232,6016
1.33527207375,6015
1.33604001999,6014
1.33684206009,6013
1.33728313446,6012
1.33814311028,6011
1.33883309364,6010
1.34124398232,6009
1.34242796898,6008
1.34295415878,6007
1.34487605095,6006
1.34559702873,6005
1.34617614746,6004
1.34706115723,6003
1.34925699234,6002
1.35060596466,6001
1.35228514671,6000
1.35278010368,5999
1.35321617126,5998
1.35438108444,5997
1.35494112968,5996
1.35554099083,5995
1.35708403587,5994
1.35770511627,5993
1.35848116875,5992
1.36171793938,5991
1.36237716675,5990
1.36364912987,5989
1.36476111412,5988
1.36515212059,5987
1.36690616608,5986
1.36741995811,5985
1.36783003807,5984
1.368309021,5983
1.36903309822,5982
1.3697271347,5981
1.37004899979,5980
1.37161898613,5979
1.37191700935,5978
1.37364506721,5977
1.37433815002,5976
1.3757879734,5975
1.37672615051,5974
1.37732696533,5973
1.37853598595,5972
1.37904214859,5971
1.37966609001,5970
1.38293099403,5969
1.38426995277,5968
1.38471913338,5967
1.38521409035,5966
1.38624000549,5965
1.38684606552,5964
1.38777303696,5963
1.38912010193,5962
1.38944816589,5961
1.39012312889,5960
1.3904299736,5959
1.39192199707,5958
1.39391803741,5957
1.39447116852,5956
1.39538216591,5955
1.396723032,5954
1.39841008186,5953
1.39996910095,5952
1.40163612366,5951
1.40379714966,5950
1.40699911118,5949
1.4094851017,5948
1.40998911858,5947
1.41096997261,5946
1.41336894035,5945
1.41442394257,5944
1.41531610489,5943
1.41825699806,5942
1.41940712929,5941
1.42146396637,5940
1.42185616493,5939
1.42238211632,5938
1.42282509804,5937
1.42425203323,5936
1.42614006996,5935
1.42681002617,5934
1.42751908302,5933
1.42838001251,5932
1.42889094353,5931
1.42949604988,5930
1.43216204643,5929
1.43371295929,5928
1.43930411339,5927
1.44656205177,5926
1.45010209084,5925
1.45645904541,5924
1.45751905441,5923
1.45816802979,5922
1.4589650631,5921
1.45997714996,5920
1.46034812927,5919
1.46085095406,5918
1.46261906624,5917
1.46383309364,5916
1.46713805199,5915
1.46753811836,5914
1.46801114082,5913
1.47108507156,5912
1.47671198845,5911
1.47727012634,5910
1.47844600677,5909
1.48072600365,5908
1.4812669754,5907
1.48207807541,5906
1.48277902603,5905
1.48554205894,5904
1.48854112625,5903
1.49284696579,5902
1.49383306503,5901
1.49471616745,5900
1.49554610252,5899
1.49598908424,5898
1.49644494057,5897
1.49699902534,5896
1.4978621006,5895
1.49849104881,5894
1.50026512146,5893
1.50302004814,5892
1.50351715088,5891
1.50834608078,5890
1.50905704498,5889
1.5111811161,5888
1.51745605469,5887
1.51845216751,5886
1.51906204224,5885
1.5204911232,5884
1.52245903015,5883
1.5271229744,5882
1.52870607376,5881
1.52942705154,5880
1.53021216393,5879
1.53160595894,5878
1.53309202194,5877
1.53344297409,5876
1.53621101379,5875
1.53677606583,5874
1.53989315033,5873
1.54076099396,5872
1.54185509682,5871
1.54291605949,5870
1.54352402687,5869
1.5454120636,5868
1.54667711258,5867
1.54719805717,5866
1.54791498184,5865
1.54883003235,5864
1.5492041111,5863
1.55152201653,5862
1.55181097984,5861
1.55241107941,5860
1.55652999878,5859
1.55832004547,5858
1.5612051487,5857
1.56216907501,5856
1.56277513504,5855
1.56405711174,5854
1.56474113464,5853
1.5665910244,5852
1.56758499146,5851
1.56991410255,5850
1.57209205627,5849
1.57262897491,5848
1.57375717163,5847
1.5753390789,5846
1.58115315437,5845
1.58373212814,5844
1.58447408676,5843
1.58475399017,5842
1.58555412292,5841
1.58693504333,5840
1.59017205238,5839
1.59248113632,5838
1.59303498268,5837
1.59458112717,5836
1.59520816803,5835
1.59604907036,5834
1.60005116463,5833
1.60094094276,5832
1.60319304466,5831
1.60520505905,5830
1.60572504997,5829
1.60678696632,5828
1.60783600807,5827
1.6082971096,5826
1.60865998268,5825
1.61520314217,5824
1.61792516708,5823
1.62166213989,5822
1.62495708466,5821
1.62727808952,5820
1.62862014771,5819
1.62945199013,5818
1.63020205498,5817
1.63238501549,5816
1.63326096535,5815
1.63708400726,5814
1.64006304741,5813
1.64053702354,5812
1.64103913307,5811
1.64302015305,5810
1.64467716217,5809
1.6483130455,5808
1.64908099174,5807
1.65025806427,5806
1.65343499184,5805
1.65529799461,5804
1.65579795837,5803
1.65648913383,5802
1.65836310387,5801
1.65931797028,5800
1.65999698639,5799
1.66736102104,5798
1.66949510574,5797
1.6714091301,5796
1.67331194878,5795
1.67529201508,5794
1.67780804634,5793
1.68231201172,5792
1.68507814407,5791
1.68869709969,5790
1.69354915619,5789
1.6956319809,5788
1.69784617424,5787
1.70240402222,5786
1.7036690712,5785
1.70446610451,5784
1.70601296425,5783
1.70904397964,5782
1.70971298218,5781
1.71535611153,5780
1.7168200016,5779
1.72169208527,5778
1.72325611115,5777
1.72814011574,5776
1.72926616669,5775
1.73449897766,5774
1.73751616478,5773
1.74109816551,5772
1.74189305305,5771
1.74645614624,5770
1.75308394432,5769
1.76094508171,5768
1.76644802094,5767
1.76704406738,5766
1.76942300797,5765
1.77332115173,5764
1.77667117119,5763
1.77790403366,5762
1.77889800072,5761
1.77983117104,5760
1.78216409683,5759
1.78446912766,5758
1.78533005714,5757
1.78592300415,5756
1.79034304619,5755
1.79127311707,5754
1.79238009453,5753
1.79747796059,5752
1.79830598831,5751
1.80178809166,5750
1.80333614349,5749
1.80454111099,5748
1.80898308754,5747
1.81108498573,5746
1.81284999847,5745
1.81502103806,5744
1.8160970211,5743
1.82111215591,5742
1.82358503342,5741
1.82831001282,5740
1.83378505707,5739
1.83419013023,5738
1.83564710617,5737
1.8377661705,5736
1.8385951519,5735
1.83939099312,5734
1.84102201462,5733
1.84174609184,5732
1.84505105019,5731
1.84600615501,5730
1.84698104858,5729
1.84760594368,5728
1.8484351635,5727
1.85215401649,5726
1.85410094261,5725
1.85511493683,5724
1.85668301582,5723
1.85976195335,5722
1.86050105095,5721
1.86209011078,5720
1.86466813087,5719
1.86809396744,5718
1.86865901947,5717
1.87064909935,5716
1.87156701088,5715
1.87380003929,5714
1.87425804138,5713
1.87480711937,5712
1.87565612793,5711
1.87684416771,5710
1.87952899933,5709
1.8799071312,5708
1.88029408455,5707
1.8859770298,5706
1.88844013214,5705
1.88890194893,5704
1.89046216011,5703
1.89095616341,5702
1.89706397057,5701
1.9009809494,5700
1.90456295013,5699
1.90492606163,5698
1.90598511696,5697
1.90789794922,5696
1.91003012657,5695
1.91140007973,5694
1.91330504417,5693
1.9137840271,5692
1.91588115692,5691
1.91630911827,5690
1.9167470932,5689
1.91818714142,5688
1.91923093796,5687
1.91966104507,5686
1.92149114609,5685
1.92200994492,5684
1.92248296738,5683
1.92298007011,5682
1.92378807068,5681
1.92641806602,5680
1.92782115936,5679
1.92829394341,5678
1.93116998672,5677
1.93273711205,5676
1.93388104439,5675
1.93429398537,5674
1.93477797508,5673
1.93534898758,5672
1.93617916107,5671
1.93711709976,5670
1.9398651123,5669
1.94053697586,5668
1.94104194641,5667
1.9415409565,5666
1.94235515594,5665
1.943349123,5664
1.94369697571,5663
1.94662594795,5662
1.94743609428,5661
1.94809508324,5660
1.949187994,5659
1.95034098625,5658
1.95092916489,5657
1.95138216019,5656
1.95211005211,5655
1.95339512825,5654
1.95853996277,5653
1.95968699455,5652
1.96115803719,5651
1.96228408813,5650
1.96538901329,5649
1.96565699577,5648
1.96606516838,5647
1.9673140049,5646
1.96782112122,5645
1.96825814247,5644
1.96918201447,5643
1.9699511528,5642
1.97092294693,5641
1.97227406502,5640
1.97455906868,5639
1.97506093979,5638
1.97603607178,5637
1.97649502754,5636
1.97679305077,5635
1.97730398178,5634
1.97788310051,5633
1.97848796844,5632
1.97931194305,5631
1.98095011711,5630
1.98252296448,5629
1.98427700996,5628
1.98514509201,5627
1.98565006256,5626
1.98840093613,5625
1.98887014389,5624
1.98926210403,5623
1.98968410492,5622
1.99076509476,5621
1.99297499657,5620
1.9938750267,5619
1.9961950779,5618
1.99923300743,5617
1.99966907501,5616
2.00128006935,5615
2.00219106674,5614
2.00310397148,5613
2.00392699242,5612
2.00622296333,5611
2.00730800629,5610
2.01228713989,5609
2.01373195648,5608
2.01405906677,5607
2.01470017433,5606
2.015625,5605
2.01683807373,5604
2.02018713951,5603
2.02082800865,5602
2.02177715302,5601
2.02228808403,5600
2.02273511887,5599
2.02481293678,5598
2.02565813065,5597
2.02808308601,5596
2.02856612206,5595
2.02905011177,5594
2.02996516228,5593
2.0303940773,5592
2.03230810165,5591
2.03365898132,5590
2.03773498535,5589
2.0397131443,5588
2.04037213326,5587
2.04078817368,5586
2.04146313667,5585
2.04401111603,5584
2.04461693764,5583
2.04664206505,5582
2.04882907867,5581
2.04941916466,5580
2.05008006096,5579
2.05059909821,5578
2.05275416374,5577
2.05374503136,5576
2.05431008339,5575
2.05462503433,5574
2.05491709709,5573
2.05584216118,5572
2.0566880703,5571
2.05783104897,5570
2.0597550869,5569
2.06270313263,5568
2.0643119812,5567
2.06526207924,5566
2.06737494469,5565
2.06777501106,5564
2.07227802277,5563
2.07520914078,5562
2.07760214806,5561
2.0779800415,5560
2.0787320137,5559
2.07956409454,5558
2.08186817169,5557
2.08230996132,5556
2.08347296715,5555
2.08392095566,5554
2.08446717262,5553
2.08896017075,5552
2.08945417404,5551
2.08989405632,5550
2.09032702446,5549
2.09177708626,5548
2.09206295013,5547
2.09250116348,5546
2.09440398216,5545
2.09674906731,5544
2.09849095345,5543
2.09893417358,5542
2.09985494614,5541
2.10207700729,5540
2.10260796547,5539
2.10352802277,5538
2.10432314873,5537
2.10479402542,5536
2.10532712936,5535
2.10584616661,5534
2.1071460247,5533
2.10769510269,5532
2.10870599747,5531
2.10947704315,5530
2.11078000069,5529
2.11137604713,5528
2.112003088,5527
2.11503911018,5526
2.11551809311,5525
2.11595606804,5524
2.11912512779,5523
2.1195499897,5522
2.12000393867,5521
2.12223005295,5520
2.12354803085,5519
2.12621307373,5518
2.1295940876,5517
2.13234996796,5516
2.13392210007,5515
2.13839817047,5514
2.13987517357,5513
2.14151096344,5512
2.1420750618,5511
2.14247107506,5510
2.14400601387,5509
2.1444940567,5508
2.14512300491,5507
2.14592695236,5506
2.14721417427,5505
2.14860200882,5504
2.14980912209,5503
2.15031599998,5502
2.15110611916,5501
2.15274310112,5500
2.15323209763,5499
2.15401506424,5498
2.15577507019,5497
2.15667200089,5496
2.15732598305,5495
2.15778708458,5494
2.16314315796,5493
2.16448998451,5492
2.16802716255,5491
2.16916012764,5490
2.17201805115,5489
2.17257094383,5488
2.17311501503,5487
2.1746840477,5486
2.17611694336,5485
2.17667412758,5484
2.17839407921,5483
2.18088102341,5482
2.18189716339,5481
2.18769717216,5480
2.18933796883,5479
2.19100904465,5478
2.1938700676,5477
2.19561505318,5476
2.19721603394,5475
2.20148301125,5474
2.20708608627,5473
2.20753598213,5472
2.21618199348,5471
2.21682095528,5470
2.21829414368,5469
2.22077012062,5468
2.22388410568,5467
2.22581005096,5466
2.22626709938,5465
2.22672104836,5464
2.22794699669,5463
2.22917413712,5462
2.22946000099,5461
2.23002195358,5460
2.2328710556,5459
2.23401904106,5458
2.23548102379,5457
2.23866200447,5456
2.23996496201,5455
2.24144101143,5454
2.24566602707,5453
2.24686694145,5452
2.24736809731,5451
2.24808311462,5450
2.2500679493,5449
2.25070905685,5448
2.25327110291,5447
2.25365710258,5446
2.25524997711,5445
2.25612998009,5444
2.25927400589,5443
2.26030397415,5442
2.26155996323,5441
2.26446795464,5440
2.26525902748,5439
2.26589012146,5438
2.26758503914,5437
2.26786994934,5436
2.26993894577,5435
2.27059102058,5434
2.27209711075,5433
2.27317214012,5432
2.27338695526,5431
2.27487301826,5430
2.27550816536,5429
2.27848005295,5428
2.27932810783,5427
2.27953696251,5426
2.27975511551,5425
2.28033399582,5424
2.28236794472,5423
2.2827501297,5422
2.28337097168,5421
2.28389596939,5420
2.28464508057,5419
2.28492593765,5418
2.28536605835,5417
2.28605413437,5416
2.28842997551,5415
2.28913116455,5414
2.29001998901,5413
2.29052615166,5412
2.29088902473,5411
2.29198312759,5410
2.29350113869,5409
2.29423904419,5408
2.29564905167,5407
2.29612612724,5406
2.29678201675,5405
2.29733896255,5404
2.29774713516,5403
2.29875016212,5402
2.30021214485,5401
2.30131912231,5400
2.304033041,5399
2.30447006226,5398
2.3053791523,5397
2.30645394325,5396
2.30682897568,5395
2.30741500854,5394
2.3077340126,5393
2.30875515938,5392
2.31068515778,5391
2.31136608124,5390
2.31280899048,5389
2.31543016434,5388
2.31670212746,5387
2.31804895401,5386
2.31999897957,5385
2.32205915451,5384
2.32289409637,5383
2.32508301735,5382
2.32561206818,5381
2.32595610619,5380
2.3263771534,5379
2.32760095596,5378
2.32859611511,5377
2.33022594452,5376
2.33069515228,5375
2.3313729763,5374
2.33256196976,5373
2.33385014534,5372
2.33594894409,5371
2.33718895912,5370
2.33944797516,5369
2.34111309052,5368
2.34581613541,5367
2.34669995308,5366
2.34718513489,5365
2.34940600395,5364
2.34985804558,5363
2.35055208206,5362
2.35108494759,5361
2.35334014893,5360
2.35394716263,5359
2.35560894012,5358
2.35604000092,5357
2.357006073,5356
2.35915803909,5355
2.36211013794,5354
2.36274003983,5353
2.36584615707,5352
2.36813116074,5351
2.36904811859,5350
2.37100601196,5349
2.37141108513,5348
2.37224197388,5347
2.37271499634,5346
2.37333202362,5345
2.3755569458,5344
2.3763320446,5343
2.37681913376,5342
2.37922406197,5341
2.38144803047,5340
2.38465309143,5339
2.38561010361,5338
2.38705897331,5337
2.38926696777,5336
2.39025902748,5335
2.39139103889,5334
2.39380908012,5333
2.39479207993,5332
2.39572501183,5331
2.39713001251,5330
2.39782905579,5329
2.39861607552,5328
2.40272307396,5327
2.40433812141,5326
2.40549111366,5325
2.40593409538,5324
2.40828895569,5323
2.40856099129,5322
2.40914297104,5321
2.40997505188,5320
2.41087007523,5319
2.41180300713,5318
2.41358399391,5317
2.41461396217,5316
2.41492199898,5315
2.41765904427,5314
2.41924095154,5313
2.41981911659,5312
2.42102813721,5311
2.42189216614,5310
2.42251014709,5309
2.42417407036,5308
2.42661499977,5307
2.42702198029,5306
2.42755198479,5305
2.42813301086,5304
2.42884516716,5303
2.42945814133,5302
2.429708004,5301
2.43193817139,5300
2.43302512169,5299
2.43421506882,5298
2.43480396271,5297
2.43633103371,5296
2.43701195717,5295
2.43912506104,5294
2.43976902962,5293
2.44074702263,5292
2.44282793999,5291
2.4443230629,5290
2.44723796844,5289
2.44754505157,5288
2.44818115234,5287
2.4484629631,5286
2.4494509697,5285
2.45218610764,5284
2.45445394516,5283
2.45598697662,5282
2.45743393898,5281
2.45780801773,5280
2.45857715607,5279
2.45943498611,5278
2.46022105217,5277
2.46134710312,5276
2.46430516243,5275
2.46749997139,5274
2.46851015091,5273
2.47104310989,5272
2.47166109085,5271
2.47344398499,5270
2.47439002991,5269
2.47588515282,5268
2.47717499733,5267
2.47924399376,5266
2.47962594032,5265
2.48074507713,5264
2.48109316826,5263
2.48223114014,5262
2.48470902443,5261
2.48784399033,5260
2.48873710632,5259
2.48921608925,5258
2.4899020195,5257
2.49102401733,5256
2.4915561676,5255
2.49193310738,5254
2.49251914024,5253
2.49287796021,5252
2.49326515198,5251
2.49373102188,5250
2.49416804314,5249
2.49626708031,5248
2.49757909775,5247
2.49812602997,5246
2.499366045,5245
2.4999229908,5244
2.50024294853,5243
2.50224709511,5242
2.50252604485,5241
2.50335407257,5240
2.50428295135,5239
2.50539398193,5238
2.50695800781,5237
2.50856304169,5236
2.50883603096,5235
2.5093729496,5234
2.51007699966,5233
2.51048016548,5232
2.51127004623,5231
2.51198506355,5230
2.512362957,5229
2.51385998726,5228
2.51504516602,5227
2.51528000832,5226
2.51693511009,5225
2.52144813538,5224
2.52172112465,5223
2.52240800858,5222
2.52894711494,5221
2.53158116341,5220
2.53226494789,5219
2.53400206566,5218
2.53460597992,5217
2.5360660553,5216
2.53962111473,5215
2.54052805901,5214
2.54080295563,5213
2.54228711128,5212
2.54301905632,5211
2.54388403893,5210
2.5454390049,5209
2.54582214355,5208
2.54678106308,5207
2.54724502563,5206
2.54786300659,5205
2.54822206497,5204
2.55013203621,5203
2.5509519577,5202
2.55150604248,5201
2.5543949604,5200
2.55506205559,5199
2.55691814423,5198
2.56425213814,5197
2.56504297256,5196
2.56606698036,5195
2.56692814827,5194
2.56769013405,5193
2.56862616539,5192
2.57014203072,5191
2.57150912285,5190
2.57198500633,5189
2.5753891468,5188
2.57710599899,5187
2.57763600349,5186
2.5787551403,5185
2.58466696739,5184
2.58739304543,5183
2.58888697624,5182
2.5932841301,5181
2.59372615814,5180
2.59663915634,5179
2.59719109535,5178
2.59802412987,5177
2.60036706924,5176
2.60142707825,5175
2.60279297829,5174
2.60563611984,5173
2.60655903816,5172
2.60714316368,5171
2.60895395279,5170
2.60979199409,5169
2.61099600792,5168
2.61164212227,5167
2.61345911026,5166
2.614757061,5165
2.61560916901,5164
2.61654806137,5163
2.61877894402,5162
2.61997699738,5161
2.62267494202,5160
2.62454915047,5159
2.62482595444,5158
2.62614107132,5157
2.62659907341,5156
2.62819814682,5155
2.62951016426,5154
2.63109397888,5153
2.63196706772,5152
2.63302016258,5151
2.63417005539,5150
2.6353559494,5149
2.63581895828,5148
2.64015603065,5147
2.64250898361,5146
2.64361906052,5145
2.64456510544,5144
2.64539003372,5143
2.6457669735,5142
2.64633703232,5141
2.64768600464,5140
2.64883613586,5139
2.65071797371,5138
2.65343403816,5137
2.65387415886,5136
2.65412998199,5135
2.65540003777,5134
2.66257715225,5133
2.66293096542,5132
2.66548609734,5131
2.6700220108,5130
2.6709151268,5129
2.6728451252,5128
2.67308306694,5127
2.67379903793,5126
2.67460799217,5125
2.67654514313,5124
2.67789006233,5123
2.68018698692,5122
2.68415117264,5121
2.69809293747,5120
2.70129394531,5119
2.70211911201,5118
2.7033829689,5117
2.70368814468,5116
2.70707798004,5115
2.70897912979,5114
2.70972204208,5113
2.71029305458,5112
2.71111702919,5111
2.71203494072,5110
2.71270298958,5109
2.71350908279,5108
2.71603512764,5107
2.7171831131,5106
2.71901202202,5105
2.72400307655,5104
2.72695612907,5103
2.72785496712,5102
2.7325129509,5101
2.73474407196,5100
2.74185204506,5099
2.74380612373,5098
2.74514913559,5097
2.7460911274,5096
2.74818611145,5095
2.75085401535,5094
2.75140500069,5093
2.7519390583,5092
2.75329303741,5091
2.75539517403,5090
2.75701808929,5089
2.75995016098,5088
2.76108908653,5087
2.76294493675,5086
2.76474308968,5085
2.76540112495,5084
2.76793813705,5083
2.76995205879,5082
2.77575516701,5081
2.77614116669,5080
2.77734899521,5079
2.77934598923,5078
2.77991199493,5077
2.78131914139,5076
2.78194904327,5075
2.78307795525,5074
2.78421902657,5073
2.78920602798,5072
2.79100298882,5071
2.79194307327,5070
2.79428911209,5069
2.7948050499,5068
2.7963540554,5067
2.79799699783,5066
2.79884409904,5065
2.79994416237,5064
2.8011071682,5063
2.80216312408,5062
2.80271911621,5061
2.80538415909,5060
2.8062069416,5059
2.80649209023,5058
2.80800509453,5057
2.80880403519,5056
2.81243109703,5055
2.81317710876,5054
2.81637501717,5053
2.81777310371,5052
2.82164907455,5051
2.82202196121,5050
2.82308006287,5049
2.8261320591,5048
2.82664012909,5047
2.82935905457,5046
2.83162212372,5045
2.83397698402,5044
2.8343501091,5043
2.83512806892,5042
2.83563995361,5041
2.83818006516,5040
2.84042906761,5039
2.843708992,5038
2.84448695183,5037
2.84547495842,5036
2.84791302681,5035
2.8523440361,5034
2.85283303261,5033
2.85420703888,5032
2.85514712334,5031
2.8568341732,5030
2.85716915131,5029
2.85859012604,5028
2.85931301117,5027
2.86069893837,5026
2.86294317245,5025
2.86450910568,5024
2.86479902267,5023
2.8652009964,5022
2.86597204208,5021
2.86681699753,5020
2.8685541153,5019
2.87080907822,5018
2.87144494057,5017
2.87198209763,5016
2.87500500679,5015
2.87670993805,5014
2.87725305557,5013
2.88027501106,5012
2.88135695457,5011
2.88213014603,5010
2.88258314133,5009
2.88349103928,5008
2.88392305374,5007
2.88469195366,5006
2.88600301743,5005
2.88643217087,5004
2.88883495331,5003
2.89083003998,5002
2.89443206787,5001
2.89486813545,5000
2.89524912834,4999
2.89690995216,4998
2.89826416969,4997
2.89954209328,4996
2.90206503868,4995
2.90379810333,4994
2.90542817116,4993
2.90724897385,4992
2.90836906433,4991
2.90981912613,4990
2.91254615784,4989
2.91368603706,4988
2.91403007507,4987
2.91534614563,4986
2.9167599678,4985
2.91838598251,4984
2.92253613472,4983
2.92551708221,4982
2.93037104607,4981
2.93153810501,4980
2.93265914917,4979
2.93431615829,4978
2.93592905998,4977
2.93626499176,4976
2.93673396111,4975
2.93743395805,4974
2.93962216377,4973
2.94003200531,4972
2.94116902351,4971
2.94160604477,4970
2.94259905815,4969
2.94384098053,4968
2.94500017166,4967
2.94638204575,4966
2.94843196869,4965
2.94876813889,4964
2.95384812355,4963
2.95453596115,4962
2.95510315895,4961
2.95583105087,4960
2.95728302002,4959
2.95926403999,4958
2.96223306656,4957
2.96266198158,4956
2.96855711937,4955
2.97213697433,4954
2.97334194183,4953
2.97382712364,4952
2.97585511208,4951
2.97695708275,4950
2.97746706009,4949
2.97892904282,4948
2.98240303993,4947
2.98352909088,4946
2.98420810699,4945
2.9873790741,4944
2.98804998398,4943
2.9885160923,4942
2.98970603943,4941
2.9901201725,4940
2.99511313438,4939
2.99870610237,4938
3.00037813187,4937
3.00207209587,4936
3.00475215912,4935
3.00943803787,4934
3.00974416733,4933
3.010887146,4932
3.01280713081,4931
3.0139901638,4930
3.01586508751,4929
3.0199201107,4928
3.02077007294,4927
3.02208304405,4926
3.02334213257,4925
3.02385210991,4924
3.02478909492,4923
3.02661895752,4922
3.02952003479,4921
3.02983117104,4920
3.03417801857,4919
3.03475308418,4918
3.03696012497,4917
3.03807401657,4916
3.0413980484,4915
3.04271602631,4914
3.04667210579,4913
3.04798913002,4912
3.04960012436,4911
3.05195713043,4910
3.05464196205,4909
3.05614495277,4908
3.05650496483,4907
3.05919408798,4906
3.06117796898,4905
3.06159806252,4904
3.06271696091,4903
3.06376314163,4902
3.06535100937,4901
3.06627011299,4900
3.06939315796,4899
3.07141709328,4898
3.07223010063,4897
3.07255411148,4896
3.07405209541,4895
3.07517504692,4894
3.07611107826,4893
3.07725715637,4892
3.07833600044,4891
3.07891917229,4890
3.079226017,4889
3.07967209816,4888
3.08004403114,4887
3.08312010765,4886
3.08434796333,4885
3.0884540081,4884
3.08985495567,4883
3.09019494057,4882
3.09187197685,4881
3.09312200546,4880
3.09388613701,4879
3.09455108643,4878
3.09815311432,4877
3.1002240181,4876
3.10666108131,4875
3.11336112022,4874
3.11421203613,4873
3.11614608765,4872
3.11638212204,4871
3.11770296097,4870
3.11969709396,4869
3.12362504005,4868
3.12414503098,4867
3.13131999969,4866
3.13931798935,4865
3.14358401299,4864
3.14509105682,4863
3.14720416069,4862
3.15059995651,4861
3.15444207191,4860
3.15795207024,4859
3.16166210175,4858
3.16283607483,4857
3.16398000717,4856
3.1656639576,4855
3.166203022,4854
3.16693615913,4853
3.16757702827,4852
3.16798615456,4851
3.16850614548,4850
3.16882109642,4849
3.17035412788,4848
3.17138600349,4847
3.17202615738,4846
3.17812299728,4845
3.18129396439,4844
3.18326497078,4843
3.18703508377,4842
3.18931102753,4841
3.19042110443,4840
3.19183015823,4839
3.19233012199,4838
3.19392704964,4837
3.19612503052,4836
3.19687104225,4835
3.19945502281,4834
3.19967198372,4833
3.20446610451,4832
3.2089650631,4831
3.20928406715,4830
3.20988297462,4829
3.21028709412,4828
3.21141815186,4827
3.21521401405,4826
3.21705293655,4825
3.21773314476,4824
3.21892905235,4823
3.21998214722,4822
3.22040200233,4821
3.22186803818,4820
3.22217202187,4819
3.22399401665,4818
3.22551012039,4817
3.23013901711,4816
3.23593616486,4815
3.23657417297,4814
3.23749494553,4813
3.24094510078,4812
3.24258494377,4811
3.24305295944,4810
3.24335098267,4809
3.24419903755,4808
3.24452614784,4807
3.24915313721,4806
3.24959897995,4805
3.25034809113,4804
3.2511510849,4803
3.25196003914,4802
3.2562251091,4801
3.25888895988,4800
3.26011896133,4799
3.26279401779,4798
3.26587510109,4797
3.26969099045,4796
3.27132606506,4795
3.2735850811,4794
3.27448606491,4793
3.27970099449,4792
3.28587603569,4791
3.29021501541,4790
3.29049897194,4789
3.29268693924,4788
3.29518699646,4787
3.30364704132,4786
3.30521702766,4785
3.30603599548,4784
3.30724811554,4783
3.31489300728,4782
3.31531715393,4781
3.31612706184,4780
3.31747698784,4779
3.32032799721,4778
3.32316112518,4777
3.32647705078,4776
3.32740211487,4775
3.33501410484,4774
3.33638906479,4773
3.33681511879,4772
3.34019804001,4771
3.34368300438,4770
3.34562397003,4769
3.34709000587,4768
3.34940314293,4767
3.35653614998,4766
3.36043810844,4765
3.36329913139,4764
3.36978816986,4763
3.37371015549,4762
3.37427306175,4761
3.37823104858,4760
3.37972402573,4759
3.38042116165,4758
3.38259506226,4757
3.38291811943,4756
3.38351202011,4755
3.38622713089,4754
3.3888361454,4753
3.38976502419,4752
3.39157104492,4751
3.39231300354,4750
3.39374303818,4749
3.39991497993,4748
3.40558409691,4747
3.40751409531,4746
3.40926504135,4745
3.41002416611,4744
3.41341304779,4743
3.41800999641,4742
3.41861200333,4741
3.42995810509,4740
3.43263411522,4739
3.43683409691,4738
3.43931102753,4737
3.44017601013,4736
3.44493913651,4735
3.44656801224,4734
3.44766402245,4733
3.44814896584,4732
3.44975209236,4731
3.45067405701,4730
3.45171403885,4729
3.45352506638,4728
3.45561814308,4727
3.45703697205,4726
3.45801496506,4725
3.45872497559,4724
3.46356415749,4723
3.46457695961,4722
3.46550416946,4721
3.46791601181,4720
3.47001504898,4719
3.47546815872,4718
3.47880506516,4717
3.47918200493,4716
3.48841810226,4715
3.49152994156,4714
3.49250602722,4713
3.50367999077,4712
3.50479412079,4711
3.50536394119,4710
3.50616717339,4709
3.50759315491,4708
3.51315999031,4707
3.51561307907,4706
3.51765394211,4705
3.52086615562,4704
3.52143716812,4703
3.52291512489,4702
3.52358603477,4701
3.52480602264,4700
3.5252790451,4699
3.52681493759,4698
3.52878499031,4697
3.53458404541,4696
3.53776407242,4695
3.54025912285,4694
3.54055309296,4693
3.5421640873,4692
3.54263401031,4691
3.54449009895,4690
3.54847598076,4689
3.54908704758,4688
3.55094408989,4687
3.55271100998,4686
3.55870509148,4685
3.56131196022,4684
3.56650900841,4683
3.57179117203,4682
3.57343411446,4681
3.5743701458,4680
3.57787299156,4679
3.57947015762,4678
3.57976198196,4677
3.58153915405,4676
3.58177399635,4675
3.58217406273,4674
3.58493804932,4673
3.58609700203,4672
3.58752393723,4671
3.58905506134,4670
3.58937716484,4669
3.5921959877,4668
3.59446501732,4667
3.59665608406,4666
3.59822010994,4665
3.60039615631,4664
3.60475301743,4663
3.60548400879,4662
3.60707712173,4661
3.61125707626,4660
3.61505007744,4659
3.62212896347,4658
3.62417006493,4657
3.62549304962,4656
3.62587594986,4655
3.62655615807,4654
3.62768316269,4653
3.62955999374,4652
3.63021612167,4651
3.63676214218,4650
3.63888502121,4649
3.64046597481,4648
3.64567494392,4647
3.64713907242,4646
3.64771699905,4645
3.64954400063,4644
3.65179109573,4643
3.65295910835,4642
3.65476512909,4641
3.65576601028,4640
3.65688896179,4639
3.66273903847,4638
3.66296195984,4637
3.66581296921,4636
3.66880607605,4635
3.66944813728,4634
3.67548894882,4633
3.67668509483,4632
3.67801809311,4631
3.68000411987,4630
3.68112707138,4629
3.68955993652,4628
3.69237208366,4627
3.69305896759,4626
3.69511008263,4625
3.69648694992,4624
3.69835710526,4623
3.70568108559,4622
3.70595216751,4621
3.70945906639,4620
3.71081209183,4619
3.71491193771,4618
3.71712708473,4617
3.72026205063,4616
3.72168111801,4615
3.72364616394,4614
3.72730207443,4613
3.73220515251,4612
3.73293805122,4611
3.73483705521,4610
3.73671007156,4609
3.74531316757,4608
3.75180196762,4607
3.7527050972,4606
3.75311398506,4605
3.7553961277,4604
3.76023817062,4603
3.76171517372,4602
3.76203107834,4601
3.76369404793,4600
3.76449513435,4599
3.76489496231,4598
3.76527309418,4597
3.7674741745,4596
3.76945614815,4595
3.77138400078,4594
3.77223014832,4593
3.7724480629,4592
3.77485799789,4591
3.77563595772,4590
3.77918410301,4589
3.78470396996,4588
3.78713297844,4587
3.78875494003,4586
3.78932595253,4585
3.79473400116,4584
3.79735302925,4583
3.79798793793,4582
3.79841709137,4581
3.79967713356,4580
3.7999689579,4579
3.80304098129,4578
3.80804109573,4577
3.80891704559,4576
3.8100271225,4575
3.81288194656,4574
3.81485700607,4573
3.81777501106,4572
3.81918001175,4571
3.81993293762,4570
3.82105898857,4569
3.82632493973,4568
3.8267891407,4567
3.8288371563,4566
3.82968115807,4565
3.83160114288,4564
3.83700299263,4563
3.83891105652,4562
3.84616303444,4561
3.84899711609,4560
3.84942007065,4559
3.84994196892,4558
3.85402202606,4557
3.86359500885,4556
3.86403107643,4555
3.86478304863,4554
3.86594605446,4553
3.86663198471,4552
3.86775302887,4551
3.86945605278,4550
3.87328004837,4549
3.8746740818,4548
3.87582612038,4547
3.87913393974,4546
3.8837621212,4545
3.8881020546,4544
3.89083194733,4543
3.89352297783,4542
3.89914298058,4541
3.90115213394,4540
3.90301704407,4539
3.90594410896,4538
3.91039609909,4537
3.91372609138,4536
3.91397809982,4535
3.91478013992,4534
3.91757917404,4533
3.92049217224,4532
3.92158508301,4531
3.92349505424,4530
3.9252281189,4529
3.927257061,4528
3.92769193649,4527
3.92979001999,4526
3.93086910248,4525
3.93374013901,4524
3.9348320961,4523
3.93638896942,4522
3.93782305717,4521
3.94103693962,4520
3.94322299957,4519
3.94357299805,4518
3.94620203972,4517
3.94757795334,4516
3.94785714149,4515
3.94842815399,4514
3.94940114021,4513
3.95167016983,4512
3.95674300194,4511
3.9615149498,4510
3.96235108376,4509
3.96335196495,4508
3.96445894241,4507
3.97490000725,4506
3.97602105141,4505
3.97681999207,4504
3.97764706612,4503
3.98091697693,4502
3.9818611145,4501
3.98595094681,4500
3.98886013031,4499
3.98917198181,4498
3.98980712891,4497
3.99113416672,4496
3.99172711372,4495
3.99208712578,4494
3.99376010895,4493
3.99612998962,4492
4.00506401062,4491
4.00795316696,4490
4.00877594948,4489
4.0095281601,4488
4.0100440979,4487
4.01292610168,4486
4.01479911804,4485
4.01621198654,4484
4.02195000648,4483
4.02485704422,4482
4.02554607391,4481
4.02709007263,4480
4.02766513824,4479
4.02946209908,4478
4.03202104568,4477
4.03654193878,4476
4.04178309441,4475
4.0430829525,4474
4.04815101624,4473
4.04872202873,4472
4.04996299744,4471
4.05466008186,4470
4.05500507355,4469
4.05605006218,4468
4.0573451519,4467
4.0579161644,4466
4.05830717087,4465
4.05914211273,4464
4.06105995178,4463
4.06398200989,4462
4.06478214264,4461
4.06511497498,4460
4.06817412376,4459
4.07087016106,4458
4.07132196426,4457
4.07384800911,4456
4.0792491436,4455
4.08235502243,4454
4.08339905739,4453
4.08446598053,4452
4.08648896217,4451
4.08922195435,4450
4.09043502808,4449
4.09180498123,4448
4.09263801575,4447
4.09330606461,4446
4.09415411949,4445
4.0994720459,4444
4.10256004333,4443
4.10366916656,4442
4.1040289402,4441
4.10599803925,4440
4.10667896271,4439
4.10896110535,4438
4.11098694801,4437
4.11170506477,4436
4.11312699318,4435
4.11342597008,4434
4.11495709419,4433
4.12074804306,4432
4.12222313881,4431
4.12560105324,4430
4.12663197517,4429
4.1270070076,4428
4.12867593765,4427
4.12928915024,4426
4.12964010239,4425
4.13105106354,4424
4.13124895096,4423
4.13249516487,4422
4.13402199745,4421
4.13475012779,4420
4.13507413864,4419
4.13594102859,4418
4.13759112358,4417
4.14640402794,4416
4.14693307877,4415
4.1521589756,4414
4.16279315948,4413
4.16440701485,4412
4.1676299572,4411
4.16825008392,4410
4.16956806183,4409
4.16973495483,4408
4.17281198502,4407
4.17408514023,4406
4.17887401581,4405
4.18002104759,4404
4.18124508858,4403
4.18505501747,4402
4.18804812431,4401
4.19065999985,4400
4.19207406044,4399
4.19531607628,4398
4.19702601433,4397
4.19811415672,4396
4.20131015778,4395
4.21009516716,4394
4.21116399765,4393
4.21206212044,4392
4.21244812012,4391
4.21394300461,4390
4.21413516998,4389
4.21805000305,4388
4.22100496292,4387
4.22386598587,4386
4.22805213928,4385
4.23612308502,4384
4.23802113533,4383
4.24038815498,4382
4.24412608147,4381
4.24643206596,4380
4.25573897362,4379
4.25843715668,4378
4.26010608673,4377
4.27091908455,4376
4.27445816994,4375
4.27572512627,4374
4.27680206299,4373
4.28922009468,4372
4.29011416435,4371
4.29224205017,4370
4.29446315765,4369
4.30224514008,4368
4.30313014984,4367
4.3037750721,4366
4.30716204643,4365
4.30777716637,4364
4.30947303772,4363
4.30981206894,4362
4.31062316895,4361
4.31374406815,4360
4.31453204155,4359
4.31530809402,4358
4.3156440258,4357
4.31886601448,4356
4.32491517067,4355
4.32571911812,4354
4.32810211182,4353
4.33218216896,4352
4.33276200294,4351
4.3333029747,4350
4.33474802971,4349
4.3364470005,4348
4.33741617203,4347
4.34083199501,4346
4.34281802177,4345
4.34483194351,4344
4.34531211853,4343
4.34555411339,4342
4.34799194336,4341
4.34935212135,4340
4.3509759903,4339
4.35320496559,4338
4.35441303253,4337
4.35703015327,4336
4.35798096657,4335
4.36027312279,4334
4.36135697365,4333
4.36214804649,4332
4.36366200447,4331
4.36655902863,4330
4.36884903908,4329
4.37402009964,4328
4.37437200546,4327
4.37554502487,4326
4.38237595558,4325
4.38274908066,4324
4.38497805595,4323
4.38520812988,4322
4.39013409615,4321
4.39154911041,4320
4.39524793625,4319
4.39722704887,4318
4.40017795563,4317
4.40277194977,4316
4.40432906151,4315
4.40577507019,4314
4.40813612938,4313
4.41128516197,4312
4.41243696213,4311
4.41766309738,4310
4.42146515846,4309
4.42242002487,4308
4.42966604233,4307
4.43124008179,4306
4.43264198303,4305
4.4336271286,4304
4.4353621006,4303
4.43773007393,4302
4.4421980381,4301
4.44271397591,4300
4.44603705406,4299
4.45041513443,4298
4.45198297501,4297
4.45277309418,4296
4.45368599892,4295
4.45396900177,4294
4.45519995689,4293
4.45691609383,4292
4.45829701424,4291
4.46137905121,4290
4.46691608429,4289
4.46790313721,4288
4.46903896332,4287
4.46973609924,4286
4.47085404396,4285
4.47442698479,4284
4.47631311417,4283
4.47680807114,4282
4.4785220623,4281
4.48172998428,4280
4.48319816589,4279
4.48918604851,4278
4.49126505852,4277
4.49506807327,4276
4.49578714371,4275
4.49722313881,4274
4.49754905701,4273
4.49895596504,4272
4.49973106384,4271
7.97212505341,4270
7.97544407845,4269
7.97935509682,4268
7.98773407936,4267
8.00381994247,4266
8.00833201408,4265
8.0091919899,4264
8.01670098305,4263
8.02199196815,4262
8.03198504448,4261
8.03830099106,4260
8.05037593842,4259
8.05240607262,4258
8.06134009361,4257
8.09948611259,4256
8.121104002,4255
8.12383294106,4254
8.12498116493,4253
8.12692403793,4252
8.14174699783,4251
8.17840504646,4250
8.18380403519,4249
8.19332695007,4248
8.19601917267,4247
8.19869112968,4246
8.19947195053,4245
8.20859694481,4244
8.21106410027,4243
8.21158909798,4242
8.21647715569,4241
8.21877503395,4240
11.5695800781,4239
11.5790810585,4238
11.5984530449,4237
11.5987939835,4236
11.6009819508,4235
11.6092541218,4234
11.62509799,4233
11.6266551018,4232
11.6514220238,4231
11.6875431538,4230
11.6914319992,4229
11.6966600418,4228
11.7037270069,4227
11.7346141338,4226
11.7529051304,4225
11.7543699741,4224
11.774960041,4223
11.7989270687,4222
11.8017680645,4221
11.8086111546,4220
11.8122451305,4219
11.8132669926,4218
11.8163621426,4217
11.8291220665,4216
11.8389489651,4215
11.846487999,4214
11.8636300564,4213
11.8866801262,4212
11.8969781399,4211
11.9063560963,4210
11.9177529812,4209
11.9195110798,4208
11.9205839634,4207
11.9221031666,4206
11.9287331104,4205
11.9310171604,4204
15.9476130009,4203
15.9517531395,4202
15.9549291134,4201
15.9969389439,4200
16.0153141022,4199
16.019340992,4198
16.024739027,4197
16.0491919518,4196
16.0525100231,4195
16.0568959713,4194
16.0580079556,4193
16.0726251602,4192
16.0732250214,4191
16.0786449909,4190
16.1018731594,4189
16.1199469566,4188
16.1453690529,4187
16.1522209644,4186
16.1620850563,4185
16.1771609783,4184
16.183521986,4183
16.1894650459,4182
16.2074179649,4181
16.2188270092,4180
16.2243919373,4179
16.2368249893,4178
16.2557849884,4177
16.2748060226,4176
16.2835550308,4175
16.2844901085,4174
16.2989461422,4173
16.3047320843,4172
19.637029171,4171
19.6605930328,4170
19.6616439819,4169
19.6632170677,4168
19.6660251617,4167
19.6930761337,4166
19.6938531399,4165
19.7021739483,4164
19.7322940826,4163
19.7378549576,4162
19.7513940334,4161
19.7672891617,4160
19.7897610664,4159
19.7943100929,4158
19.7965209484,4157
19.7980680466,4156
19.7988610268,4155
19.7992191315,4154
19.8110330105,4153
19.8173041344,4152
19.8177189827,4151
19.8214011192,4150
19.8381230831,4149
19.8404800892,4148
19.8418121338,4147
19.859817028,4146
19.8640580177,4145
19.8911049366,4144
19.8950920105,4143
19.8972289562,4142
19.9013950825,4141
19.9064509869,4140
19.9093389511,4139
23.063295126,4138
23.0844650269,4137
23.091189146,4136
23.1035671234,4135
23.112071991,4134
23.1156010628,4133
23.1178641319,4132
23.1256971359,4131
23.1398670673,4130
23.1414310932,4129
23.1536870003,4128
23.1565971375,4127
23.1627020836,4126
23.171792984,4125
23.1741650105,4124
23.1862061024,4123
23.2039051056,4122
23.2130801678,4121
23.2140431404,4120
23.2252030373,4119
23.2353200912,4118
23.2466831207,4117
23.2693719864,4116
23.2704761028,4115
23.2903950214,4114
23.298443079,4113
23.3103830814,4112
23.3152041435,4111
23.3220751286,4110
23.3272371292,4109
23.3730311394,4108
26.7595360279,4107
26.7783851624,4106
26.7846281528,4105
26.8214950562,4104
26.8386199474,4103
26.8410470486,4102
26.8511910439,4101
26.886152029,4100
26.8977241516,4099
26.9094321728,4098
26.9168050289,4097
26.9212470055,4096
26.9604990482,4095
26.9749910831,4094
26.9784221649,4093
26.9853880405,4092
27.0024290085,4091
27.0052101612,4090
27.0129139423,4089
27.0262050629,4088
27.0315239429,4087
30.7769889832,4086
30.7813751698,4085
30.7869420052,4084
30.7949290276,4083
30.8253321648,4082
30.8267271519,4081
34.4711151123,4080
34.4715709686,4079
34.4750609398,4078
34.4891779423,4077
34.4970779419,4076
34.5162169933,4075
34.5201189518,4074
34.5333571434,4073
34.5356090069,4072
34.5384361744,4071
34.5452811718,4070
34.547629118,4069
34.5483250618,4068
34.5508871078,4067
34.5575089455,4066
34.5590910912,4065
34.5835299492,4064
34.5859849453,4063
34.5912401676,4062
34.5969700813,4061
38.0982060432,4060
38.100864172,4059
38.1065840721,4058
38.1121311188,4057
38.1250040531,4056
38.1361119747,4055
38.1407260895,4054
38.1574859619,4053
38.162307024,4052
38.1661441326,4051
38.168915987,4050
38.1952331066,4049
38.2019541264,4048
38.2055020332,4047
38.205892086,4046
38.209800005,4045
38.2312891483,4044
38.2372300625,4043
38.2459859848,4042
42.0853841305,4041
42.0944781303,4040
42.0955650806,4039
42.0989019871,4038
42.1073591709,4037
42.1178109646,4036
42.1247620583,4035
42.1265621185,4034
42.1545000076,4033
42.1602971554,4032
42.162017107,4031
42.1627409458,4030
45.7721910477,4029
45.7732081413,4028
45.8053700924,4027
45.8091111183,4026
45.8219511509,4025
45.823595047,4024
45.8539500237,4023
45.8639221191,4022
45.8717191219,4021
45.8761739731,4020
45.8983430862,4019
45.9053390026,4018
45.942317009,4017
45.943529129,4016
60.887223959,4015
60.8939421177,4014
64.3671860695,4013
64.3790290356,4012
64.3835141659,4011
64.3904349804,4010
64.4197809696,4009
67.7813611031,4008
67.7897291183,4007
67.7925851345,4006
67.8121089935,4005
67.8177881241,4004
67.8272061348,4003
67.8510410786,4002
67.8516521454,4001
67.8698289394,4000
67.8726871014,3999
67.8861651421,3998
67.9343571663,3997
67.9500470161,3996
67.9738819599,3995
67.9964909554,3994
75.0930199623,3993
75.0962870121,3992
75.1017451286,3991
75.1119551659,3990
75.1285750866,3989
75.1349840164,3988
75.1766130924,3987
75.1972689629,3986
75.2000091076,3985
