0.0459830760956,7609
0.0465290546417,7608
0.0468261241913,7607
0.0470979213715,7606
0.0474419593811,7605
0.0477440357208,7604
0.0485899448395,7603
0.0491890907288,7602
0.049467086792,7601
0.0501079559326,7600
0.0506100654602,7599
0.0511920452118,7598
0.051717042923,7597
0.0520620346069,7596
0.0527560710907,7595
0.0533440113068,7594
0.0539939403534,7593
0.0544009208679,7592
0.0549149513245,7591
0.055242061615,7590
0.0558910369873,7589
0.0562601089478,7588
0.0568809509277,7587
0.0576300621033,7586
0.0582740306854,7585
0.0587980747223,7584
0.0593061447144,7583
0.0598640441895,7582
0.0602240562439,7581
0.0606460571289,7580
0.061136007309,7579
0.0614609718323,7578
0.0621259212494,7577
0.062577009201,7576
0.0633039474487,7575
0.0636570453644,7574
0.06427693367,7573
0.0647320747375,7572
0.0652451515198,7571
0.0656759738922,7570
0.0662140846252,7569
0.0668799877167,7568
0.0673811435699,7567
0.0680079460144,7566
0.068391084671,7565
0.0688009262085,7564
0.0692410469055,7563
0.0696520805359,7562
0.0699770450592,7561
0.0704169273376,7560
0.071151971817,7559
0.0715250968933,7558
0.0722100734711,7557
0.0726609230042,7556
0.073233127594,7555
0.0735709667206,7554
0.0741019248962,7553
0.0746359825134,7552
0.0754420757294,7551
0.0765690803528,7550
0.077269077301,7549
0.0778269767761,7548
0.078115940094,7547
0.078635931015,7546
0.0789921283722,7545
0.0796909332275,7544
0.0805871486664,7543
0.0811109542847,7542
0.0816140174866,7541
0.0823299884796,7540
0.0827031135559,7539
0.0830700397491,7538
0.0835869312286,7537
0.0840630531311,7536
0.0845811367035,7535
0.0851149559021,7534
0.0854771137238,7533
0.0858960151672,7532
0.0864150524139,7531
0.0870950222015,7530
0.0876760482788,7529
0.0880739688873,7528
0.0885260105133,7527
0.0897600650787,7526
0.0902900695801,7525
0.0907249450684,7524
0.091136932373,7523
0.0916659832001,7522
0.0921819210052,7521
0.0924820899963,7520
0.0933740139008,7519
0.0939230918884,7518
0.0942749977112,7517
0.0949821472168,7516
0.0955491065979,7515
0.0962400436401,7514
0.0969159603119,7513
0.0974171161652,7512
0.0978300571442,7511
0.0984971523285,7510
0.0987551212311,7509
0.0990700721741,7508
0.0998921394348,7507
0.100446939468,7506
0.100922107697,7505
0.101310968399,7504
0.101661920547,7503
0.10204911232,7502
0.102644920349,7501
0.103057146072,7500
0.103697061539,7499
0.10421204567,7498
0.104696989059,7497
0.104995012283,7496
0.105443954468,7495
0.10592007637,7494
0.106384038925,7493
0.10685801506,7492
0.107227087021,7491
0.107521057129,7490
0.107936143875,7489
0.108247995377,7488
0.108742952347,7487
0.109277963638,7486
0.109908103943,7485
0.110471010208,7484
0.110873937607,7483
0.111248970032,7482
0.111752986908,7481
0.112278938293,7480
0.112585067749,7479
0.113039016724,7478
0.11346912384,7477
0.113947153091,7476
0.114578962326,7475
0.115210056305,7474
0.115510940552,7473
0.116371154785,7472
0.116832017899,7471
0.117509126663,7470
0.117963075638,7469
0.118463039398,7468
0.119183063507,7467
0.119558095932,7466
0.120017051697,7465
0.120552062988,7464
0.120986938477,7463
0.121418952942,7462
0.121730089188,7461
0.122064113617,7460
0.122399091721,7459
0.122806072235,7458
0.123332023621,7457
0.123917102814,7456
0.124326944351,7455
0.124691009521,7454
0.125657081604,7453
0.125925064087,7452
0.126174926758,7451
0.126982927322,7450
0.127264022827,7449
0.127769947052,7448
0.128391027451,7447
0.128943920135,7446
0.129466056824,7445
0.129878997803,7444
0.130344152451,7443
0.130748987198,7442
0.131145954132,7441
0.131758928299,7440
0.132135152817,7439
0.132663011551,7438
0.133077144623,7437
0.133448123932,7436
0.13391494751,7435
0.134202957153,7434
0.134647130966,7433
0.135504007339,7432
0.135872125626,7431
0.136372089386,7430
0.136834144592,7429
0.137220144272,7428
0.137884140015,7427
0.138638019562,7426
0.139300107956,7425
0.140089035034,7424
0.14052605629,7423
0.140851974487,7422
0.141191959381,7421
0.14178109169,7420
0.142435073853,7419
0.142811059952,7418
0.143213033676,7417
0.14365696907,7416
0.144484996796,7415
0.144762039185,7414
0.14528298378,7413
0.145681142807,7412
0.145951986313,7411
0.146291017532,7410
0.146588087082,7409
0.14701294899,7408
0.147434949875,7407
0.147974967957,7406
0.148432970047,7405
0.149055957794,7404
0.149425983429,7403
0.150089979172,7402
0.150514125824,7401
0.150840044022,7400
0.151394128799,7399
0.151961088181,7398
0.152987957001,7397
0.153312921524,7396
0.153689146042,7395
0.154320001602,7394
0.15460896492,7393
0.155076980591,7392
0.155411958694,7391
0.155900001526,7390
0.156212091446,7389
0.156533956528,7388
0.157339096069,7387
0.157731056213,7386
0.158280134201,7385
0.158904075623,7384
0.159431934357,7383
0.159748077393,7382
0.160025119781,7381
0.160813093185,7380
0.16117310524,7379
0.161512136459,7378
0.162105083466,7377
0.162560939789,7376
0.163079977036,7375
0.163594007492,7374
0.163994073868,7373
0.164473056793,7372
0.164878129959,7371
0.165199995041,7370
0.165683984756,7369
0.166378974915,7368
0.166903018951,7367
0.167356967926,7366
0.167720079422,7365
0.168081045151,7364
0.168776988983,7363
0.169122934341,7362
0.169414997101,7361
0.169750928879,7360
0.170175075531,7359
0.17048406601,7358
0.170838117599,7357
0.171782970428,7356
0.172765016556,7355
0.17306804657,7354
0.173485994339,7353
0.174237966537,7352
0.174740076065,7351
0.175205945969,7350
0.175765037537,7349
0.176253080368,7348
0.176774978638,7347
0.17715215683,7346
0.177402973175,7345
0.178056001663,7344
0.178372144699,7343
0.179000139236,7342
0.179916143417,7341
0.180499076843,7340
0.181016921997,7339
0.181394100189,7338
0.182093143463,7337
0.182417154312,7336
0.183018922806,7335
0.183453083038,7334
0.183762073517,7333
0.18404507637,7332
0.184526920319,7331
0.185312986374,7330
0.185750007629,7329
0.186074972153,7328
0.186445951462,7327
0.186767101288,7326
0.187278032303,7325
0.187675952911,7324
0.188163995743,7323
0.189517021179,7322
0.190104007721,7321
0.190817117691,7320
0.191345930099,7319
0.191777944565,7318
0.192644119263,7317
0.194698095322,7316
0.195008993149,7315
0.196394920349,7314
0.19664812088,7313
0.197597980499,7312
0.198156118393,7311
0.198600053787,7310
0.199087142944,7309
0.199764966965,7308
0.200144052505,7307
0.20046710968,7306
0.200755119324,7305
0.201457023621,7304
0.201822042465,7303
0.202759027481,7302
0.203057050705,7301
0.203416109085,7300
0.204071044922,7299
0.204384088516,7298
0.204908132553,7297
0.205230951309,7296
0.205721139908,7295
0.206001996994,7294
0.206432104111,7293
0.206718921661,7292
0.207186937332,7291
0.20760011673,7290
0.208415031433,7289
0.208878040314,7288
0.209316015244,7287
0.210258960724,7286
0.211152076721,7285
0.211496114731,7284
0.212018966675,7283
0.212288141251,7282
0.212840080261,7281
0.21325302124,7280
0.213528156281,7279
0.213829040527,7278
0.214363098145,7277
0.215179920197,7276
0.215553045273,7275
0.215923070908,7274
0.216547966003,7273
0.216958045959,7272
0.217216968536,7271
0.218048095703,7270
0.218719005585,7269
0.219254970551,7268
0.220368146896,7267
0.220725059509,7266
0.220993041992,7265
0.221327066422,7264
0.221858978271,7263
0.222216129303,7262
0.222590923309,7261
0.222847938538,7260
0.223133087158,7259
0.223976135254,7258
0.225479125977,7257
0.225811958313,7256
0.226279973984,7255
0.226922988892,7254
0.227411031723,7253
0.228004932404,7252
0.228821992874,7251
0.229330062866,7250
0.229714155197,7249
0.230057001114,7248
0.231081962585,7247
0.231955051422,7246
0.23299908638,7245
0.233327150345,7244
0.233999013901,7243
0.234328985214,7242
0.235301971436,7241
0.235764026642,7240
0.236748933792,7239
0.237314939499,7238
0.237761974335,7237
0.238404989243,7236
0.238903045654,7235
0.239198923111,7234
0.240180015564,7233
0.240628004074,7232
0.241323947906,7231
0.241771936417,7230
0.242284059525,7229
0.242970943451,7228
0.243381023407,7227
0.244046926498,7226
0.24448800087,7225
0.24529004097,7224
0.245834112167,7223
0.246361970901,7222
0.24710392952,7221
0.247751951218,7220
0.248172044754,7219
0.248600959778,7218
0.248899936676,7217
0.249330043793,7216
0.249680995941,7215
0.250249147415,7214
0.250596046448,7213
0.250987052917,7212
0.25177693367,7211
0.252108097076,7210
0.252651929855,7209
0.253102064133,7208
0.253548145294,7207
0.253977060318,7206
0.254688024521,7205
0.255120038986,7204
0.255563020706,7203
0.256089925766,7202
0.256451129913,7201
0.257121086121,7200
0.257611989975,7199
0.258062124252,7198
0.259071111679,7197
0.25966501236,7196
0.260501146317,7195
0.260936021805,7194
0.261207103729,7193
0.261693954468,7192
0.262521982193,7191
0.263000965118,7190
0.263433933258,7189
0.264028072357,7188
0.264527082443,7187
0.26488494873,7186
0.265250921249,7185
0.265746116638,7184
0.266246080399,7183
0.266624927521,7182
0.267008066177,7181
0.267498970032,7180
0.268001079559,7179
0.268339157104,7178
0.269112110138,7177
0.269465923309,7176
0.2697930336,7175
0.270133972168,7174
0.270818948746,7173
0.27157497406,7172
0.272017002106,7171
0.272392034531,7170
0.273221969604,7169
0.273708105087,7168
0.27401804924,7167
0.274528026581,7166
0.275506019592,7165
0.276199102402,7164
0.2767329216,7163
0.277215003967,7162
0.277704954147,7161
0.278548955917,7160
0.278844118118,7159
0.279272079468,7158
0.280111074448,7157
0.280704021454,7156
0.281299114227,7155
0.281815052032,7154
0.282729148865,7153
0.283196926117,7152
0.283543109894,7151
0.283972024918,7150
0.285205125809,7149
0.28551697731,7148
0.287025928497,7147
0.287563085556,7146
0.288025140762,7145
0.288588047028,7144
0.289196014404,7143
0.289526939392,7142
0.290121078491,7141
0.290508031845,7140
0.290877103806,7139
0.291254997253,7138
0.291746139526,7137
0.29216003418,7136
0.292575120926,7135
0.293223142624,7134
0.293719053268,7133
0.294240951538,7132
0.294624090195,7131
0.295181035995,7130
0.295803070068,7129
0.296528100967,7128
0.297475099564,7127
0.298723936081,7126
0.299648046494,7125
0.299953937531,7124
0.300332069397,7123
0.301120042801,7122
0.301656007767,7121
0.302817106247,7120
0.303509950638,7119
0.303777933121,7118
0.304115056992,7117
0.304511070251,7116
0.305143117905,7115
0.305683135986,7114
0.306390047073,7113
0.306659936905,7112
0.307105064392,7111
0.307589054108,7110
0.308318138123,7109
0.308742046356,7108
0.309319972992,7107
0.309757947922,7106
0.310101032257,7105
0.311190128326,7104
0.311735153198,7103
0.312245130539,7102
0.312682151794,7101
0.3129529953,7100
0.31342792511,7099
0.313945055008,7098
0.314366102219,7097
0.314918041229,7096
0.315443992615,7095
0.315953016281,7094
0.316864967346,7093
0.317487955093,7092
0.318119049072,7091
0.31880402565,7090
0.319108963013,7089
0.319690942764,7088
0.32052898407,7087
0.320985078812,7086
0.321830034256,7085
0.322844982147,7084
0.3231549263,7083
0.32396697998,7082
0.326121091843,7081
0.326601982117,7080
0.326946973801,7079
0.327615976334,7078
0.327924013138,7077
0.328454017639,7076
0.329045057297,7075
0.329616069794,7074
0.330142974854,7073
0.330590963364,7072
0.330966949463,7071
0.332364082336,7070
0.333228111267,7069
0.3336789608,7068
0.334120035172,7067
0.334645032883,7066
0.337103128433,7065
0.337944030762,7064
0.338478088379,7063
0.339321136475,7062
0.33979511261,7061
0.340245962143,7060
0.340846061707,7059
0.341203927994,7058
0.341454982758,7057
0.341727972031,7056
0.34237408638,7055
0.343029975891,7054
0.3435151577,7053
0.344457149506,7052
0.345138072968,7051
0.345520019531,7050
0.345962047577,7049
0.346507072449,7048
0.347692966461,7047
0.348156929016,7046
0.348689079285,7045
0.349282026291,7044
0.34992814064,7043
0.350556135178,7042
0.350928068161,7041
0.351233959198,7040
0.352431058884,7039
0.352973937988,7038
0.353340148926,7037
0.353922128677,7036
0.354969024658,7035
0.355458021164,7034
0.355987071991,7033
0.356692075729,7032
0.357166051865,7031
0.357659101486,7030
0.357963085175,7029
0.358299970627,7028
0.358571052551,7027
0.358855962753,7026
0.359735965729,7025
0.360006093979,7024
0.360561132431,7023
0.361073970795,7022
0.362488031387,7021
0.362865924835,7020
0.363132953644,7019
0.363728046417,7018
0.364372014999,7017
0.365513086319,7016
0.366006135941,7015
0.366557121277,7014
0.367319107056,7013
0.368194103241,7012
0.369151115417,7011
0.37073802948,7010
0.37104010582,7009
0.371603012085,7008
0.371992111206,7007
0.372314929962,7006
0.373657941818,7005
0.374073028564,7004
0.374381065369,7003
0.375075101852,7002
0.375519037247,7001
0.375939130783,7000
0.376708984375,6999
0.37739610672,6998
0.378181934357,6997
0.378540039062,6996
0.379051923752,6995
0.379550933838,6994
0.380083084106,6993
0.3809030056,6992
0.381623029709,6991
0.382061958313,6990
0.382620096207,6989
0.383152008057,6988
0.383569955826,6987
0.38428902626,6986
0.385390043259,6985
0.386203050613,6984
0.386677980423,6983
0.387448072433,6982
0.38796710968,6981
0.38859796524,6980
0.390388965607,6979
0.391826152802,6978
0.392641067505,6977
0.39298415184,6976
0.393623113632,6975
0.394127130508,6974
0.395198106766,6973
0.395514965057,6972
0.395955085754,6971
0.396518945694,6970
0.397088050842,6969
0.397521972656,6968
0.39842915535,6967
0.398884057999,6966
0.399400949478,6965
0.39990901947,6964
0.400222063065,6963
0.401099920273,6962
0.401603937149,6961
0.402158975601,6960
0.402585029602,6959
0.402923107147,6958
0.403640985489,6957
0.404868125916,6956
0.405288934708,6955
0.405902147293,6954
0.40663599968,6953
0.408062934875,6952
0.408394098282,6951
0.409585952759,6950
0.410099983215,6949
0.410470962524,6948
0.410908937454,6947
0.411457061768,6946
0.41175699234,6945
0.41205406189,6944
0.412756919861,6943
0.413078069687,6942
0.413577079773,6941
0.414011955261,6940
0.414899110794,6939
0.415359020233,6938
0.415835142136,6937
0.416120052338,6936
0.416875123978,6935
0.419654130936,6934
0.419971942902,6933
0.420802116394,6932
0.422095060349,6931
0.42258310318,6930
0.423037052155,6929
0.423763990402,6928
0.426106929779,6927
0.42720413208,6926
0.428105115891,6925
0.429182052612,6924
0.429647922516,6923
0.430830001831,6922
0.431257963181,6921
0.432560920715,6920
0.433058023453,6919
0.433421134949,6918
0.434633016586,6917
0.435143947601,6916
0.436993122101,6915
0.437637090683,6914
0.438207149506,6913
0.438868045807,6912
0.440423965454,6911
0.440876960754,6910
0.441328048706,6909
0.441817998886,6908
0.442548036575,6907
0.443201065063,6906
0.443735122681,6905
0.444579124451,6904
0.445037126541,6903
0.445338010788,6902
0.445693016052,6901
0.446156978607,6900
0.446650981903,6899
0.447201013565,6898
0.449979066849,6897
0.450502157211,6896
0.450837135315,6895
0.451159000397,6894
0.451844930649,6893
0.452330112457,6892
0.452737092972,6891
0.453186988831,6890
0.453611135483,6889
0.455253124237,6888
0.455517053604,6887
0.455861091614,6886
0.456486940384,6885
0.457139968872,6884
0.457468032837,6883
0.45818901062,6882
0.459133148193,6881
0.459478139877,6880
0.459743976593,6879
0.46061706543,6878
0.461014986038,6877
0.461728096008,6876
0.462319135666,6875
0.464267015457,6874
0.464822053909,6873
0.465378046036,6872
0.465837955475,6871
0.466269016266,6870
0.467396974564,6869
0.467731952667,6868
0.468667030334,6867
0.469488143921,6866
0.470569133759,6865
0.472168922424,6864
0.473876953125,6863
0.474247932434,6862
0.474780082703,6861
0.4753510952,6860
0.476562023163,6859
0.476993083954,6858
0.478580951691,6857
0.478929042816,6856
0.480401992798,6855
0.480664968491,6854
0.481163024902,6853
0.482664108276,6852
0.483701944351,6851
0.484899044037,6850
0.485639095306,6849
0.48615694046,6848
0.486737012863,6847
0.487285137177,6846
0.487817049026,6845
0.488476991653,6844
0.488950014114,6843
0.489413022995,6842
0.489875078201,6841
0.490370035172,6840
0.491534948349,6839
0.491861104965,6838
0.492156982422,6837
0.492707014084,6836
0.493036985397,6835
0.49335694313,6834
0.493658065796,6833
0.494611978531,6832
0.495579957962,6831
0.495921134949,6830
0.496339082718,6829
0.497086048126,6828
0.497391939163,6827
0.497918128967,6826
0.498976945877,6825
0.499495983124,6824
0.500091075897,6823
0.500402927399,6822
0.500744104385,6821
0.501327037811,6820
0.501876115799,6819
0.502372026443,6818
0.503044128418,6817
0.503813028336,6816
0.504608154297,6815
0.50538110733,6814
0.505877017975,6813
0.506374120712,6812
0.507055997849,6811
0.507471084595,6810
0.508281946182,6809
0.508816957474,6808
0.510668992996,6807
0.511214017868,6806
0.511837005615,6805
0.512135028839,6804
0.512649059296,6803
0.513776063919,6802
0.514837026596,6801
0.515284061432,6800
0.515788078308,6799
0.516433954239,6798
0.516843080521,6797
0.517637014389,6796
0.518274068832,6795
0.518877029419,6794
0.520703077316,6793
0.52100610733,6792
0.522307157516,6791
0.522670030594,6790
0.52522110939,6789
0.525808095932,6788
0.526093006134,6787
0.52659201622,6786
0.527034044266,6785
0.528799057007,6784
0.529263019562,6783
0.529819011688,6782
0.532629966736,6781
0.532966136932,6780
0.53342795372,6779
0.534454107285,6778
0.534965991974,6777
0.535470962524,6776
0.536683082581,6775
0.537137985229,6774
0.538614034653,6773
0.538872003555,6772
0.539338111877,6771
0.539706945419,6770
0.54017496109,6769
0.542688131332,6768
0.543581008911,6767
0.543967008591,6766
0.545017957687,6765
0.545568943024,6764
0.546100139618,6763
0.546808958054,6762
0.547147989273,6761
0.547631025314,6760
0.548406124115,6759
0.549034118652,6758
0.550089120865,6757
0.550624132156,6756
0.55150604248,6755
0.552067041397,6754
0.552937984467,6753
0.553530931473,6752
0.553967952728,6751
0.554399967194,6750
0.55485200882,6749
0.555351018906,6748
0.556262969971,6747
0.557434082031,6746
0.557821989059,6745
0.558329105377,6744
0.558787107468,6743
0.559952020645,6742
0.560547113419,6741
0.561253070831,6740
0.561779975891,6739
0.56415605545,6738
0.564669132233,6737
0.565528154373,6736
0.567080974579,6735
0.567467927933,6734
0.568457126617,6733
0.568856954575,6732
0.570686101913,6731
0.571777105331,6730
0.572211027145,6729
0.572684049606,6728
0.574801921844,6727
0.575268983841,6726
0.575662136078,6725
0.576347112656,6724
0.577414035797,6723
0.577914953232,6722
0.578639984131,6721
0.579118967056,6720
0.579990148544,6719
0.580752134323,6718
0.581073999405,6717
0.581431150436,6716
0.581886053085,6715
0.582625150681,6714
0.583074092865,6713
0.584967136383,6712
0.585730075836,6711
0.586266994476,6710
0.586658000946,6709
0.587185144424,6708
0.588015079498,6707
0.588505983353,6706
0.590091943741,6705
0.590637922287,6704
0.59118103981,6703
0.591716051102,6702
0.592221975327,6701
0.592814922333,6700
0.593336105347,6699
0.593810081482,6698
0.59468793869,6697
0.595118999481,6696
0.595629930496,6695
0.596689939499,6694
0.597833156586,6693
0.598155975342,6692
0.600134134293,6691
0.600980043411,6690
0.601496934891,6689
0.603202104568,6688
0.603873968124,6687
0.604917049408,6686
0.605194091797,6685
0.605533123016,6684
0.606281995773,6683
0.606787919998,6682
0.607051134109,6681
0.607470989227,6680
0.608180999756,6679
0.608638048172,6678
0.608897924423,6677
0.61003613472,6676
0.610600948334,6675
0.611213922501,6674
0.611837148666,6673
0.612514019012,6672
0.612982034683,6671
0.613590955734,6670
0.61449098587,6669
0.614869117737,6668
0.615385055542,6667
0.615719079971,6666
0.615967988968,6665
0.616487979889,6664
0.61699795723,6663
0.617713928223,6662
0.618160009384,6661
0.618551015854,6660
0.619503974915,6659
0.620262145996,6658
0.621068000793,6657
0.622992038727,6656
0.623461008072,6655
0.624220132828,6654
0.624587059021,6653
0.625077962875,6652
0.626889944077,6651
0.627932071686,6650
0.628618001938,6649
0.62971496582,6648
0.630442142487,6647
0.630838155746,6646
0.631085157394,6645
0.632817983627,6644
0.634021997452,6643
0.634824991226,6642
0.635357141495,6641
0.636111021042,6640
0.636800050735,6639
0.637284040451,6638
0.63765001297,6637
0.638095140457,6636
0.638565063477,6635
0.639626026154,6634
0.640483140945,6633
0.641832113266,6632
0.642637968063,6631
0.643041133881,6630
0.643546104431,6629
0.644767999649,6628
0.645246982574,6627
0.645612001419,6626
0.646834135056,6625
0.647752046585,6624
0.648368120193,6623
0.648831129074,6622
0.649560928345,6621
0.650025129318,6620
0.650732040405,6619
0.651242017746,6618
0.651690006256,6617
0.652176141739,6616
0.652763128281,6615
0.653192996979,6614
0.654392957687,6613
0.655174016953,6612
0.656736135483,6611
0.658971071243,6610
0.65953207016,6609
0.659832954407,6608
0.660933017731,6607
0.661761045456,6606
0.662761926651,6605
0.663228034973,6604
0.663588047028,6603
0.664060115814,6602
0.666118144989,6601
0.66724896431,6600
0.668111085892,6599
0.668573141098,6598
0.670036077499,6597
0.670652151108,6596
0.671433925629,6595
0.672805070877,6594
0.673535108566,6593
0.673941135406,6592
0.674373149872,6591
0.67573094368,6590
0.676275014877,6589
0.677873134613,6588
0.67887711525,6587
0.680820941925,6586
0.681272983551,6585
0.681719064713,6584
0.682418107986,6583
0.682769060135,6582
0.68318104744,6581
0.684101104736,6580
0.684507131577,6579
0.685123920441,6578
0.687499046326,6577
0.688072919846,6576
0.69070315361,6575
0.691460132599,6574
0.692811012268,6573
0.693340063095,6572
0.694283008575,6571
0.694733142853,6570
0.695081949234,6569
0.695738077164,6568
0.696807146072,6567
0.697257995605,6566
0.69851398468,6565
0.699558973312,6564
0.700016021729,6563
0.700926065445,6562
0.702204942703,6561
0.702863931656,6560
0.704098939896,6559
0.704520940781,6558
0.705146074295,6557
0.706753969193,6556
0.707847118378,6555
0.708812952042,6554
0.709223031998,6553
0.709730148315,6552
0.71146607399,6551
0.712391138077,6550
0.712738037109,6549
0.713249921799,6548
0.714051008224,6547
0.71474814415,6546
0.715229034424,6545
0.71569108963,6544
0.716175079346,6543
0.717013120651,6542
0.717644929886,6541
0.718153953552,6540
0.718677997589,6539
0.719059944153,6538
0.719834089279,6537
0.721042156219,6536
0.721595048904,6535
0.722006082535,6534
0.722636938095,6533
0.723210096359,6532
0.725574016571,6531
0.727707147598,6530
0.728268146515,6529
0.728996992111,6528
0.730231046677,6527
0.730824947357,6526
0.732130050659,6525
0.732703924179,6524
0.735438108444,6523
0.735846042633,6522
0.737129926682,6521
0.738486051559,6520
0.739742040634,6519
0.742629051208,6518
0.743435144424,6517
0.743945121765,6516
0.744657039642,6515
0.745285987854,6514
0.745825052261,6513
0.74644112587,6512
0.748717069626,6511
0.751143932343,6510
0.753095149994,6509
0.75376200676,6508
0.755358934402,6507
0.756052970886,6506
0.758888959885,6505
0.761000156403,6504
0.761387109756,6503
0.762004137039,6502
0.762385129929,6501
0.763715982437,6500
0.764083147049,6499
0.764588117599,6498
0.764876127243,6497
0.765221118927,6496
0.766493082047,6495
0.767109155655,6494
0.767632961273,6493
0.768003940582,6492
0.769299030304,6491
0.769809007645,6490
0.770164012909,6489
0.770477056503,6488
0.771294116974,6487
0.772202014923,6486
0.77267408371,6485
0.773930072784,6484
0.774717092514,6483
0.775161027908,6482
0.776207923889,6481
0.777162075043,6480
0.777678012848,6479
0.778416156769,6478
0.779375076294,6477
0.779634952545,6476
0.780173063278,6475
0.780949115753,6474
0.781593084335,6473
0.782078027725,6472
0.782348155975,6471
0.782617092133,6470
0.782997131348,6469
0.783528089523,6468
0.784373998642,6467
0.784847974777,6466
0.785895109177,6465
0.78651714325,6464
0.787084102631,6463
0.788126945496,6462
0.788819074631,6461
0.789309024811,6460
0.790486097336,6459
0.7908411026,6458
0.791598081589,6457
0.792312145233,6456
0.792611122131,6455
0.794081926346,6454
0.794589042664,6453
0.796854972839,6452
0.797580957413,6451
0.798671007156,6450
0.799061059952,6449
0.799538135529,6448
0.80012512207,6447
0.800920963287,6446
0.801501989365,6445
0.801973104477,6444
0.802487134933,6443
0.80278301239,6442
0.803655147552,6441
0.80467915535,6440
0.805093050003,6439
0.805371999741,6438
0.805877923965,6437
0.806731939316,6436
0.807127952576,6435
0.807656049728,6434
0.8085501194,6433
0.808915138245,6432
0.809666156769,6431
0.810235977173,6430
0.810680150986,6429
0.811887025833,6428
0.81299996376,6427
0.813812971115,6426
0.814147949219,6425
0.814641952515,6424
0.816694021225,6423
0.817806005478,6422
0.818243026733,6421
0.818839073181,6420
0.819242954254,6419
0.820284128189,6418
0.820701122284,6417
0.822046995163,6416
0.822777986526,6415
0.824042081833,6414
0.824682950974,6413
0.825227975845,6412
0.826231956482,6411
0.826976060867,6410
0.828561067581,6409
0.829113960266,6408
0.831243038177,6407
0.833323001862,6406
0.834733009338,6405
0.835262060165,6404
0.835693120956,6403
0.836045980453,6402
0.83654999733,6401
0.837079048157,6400
0.838716983795,6399
0.839802980423,6398
0.840316057205,6397
0.841220140457,6396
0.842047929764,6395
0.842339038849,6394
0.842774152756,6393
0.843547105789,6392
0.844599962234,6391
0.845198154449,6390
0.846270084381,6389
0.84670996666,6388
0.848312139511,6387
0.848853111267,6386
0.849537134171,6385
0.851393938065,6384
0.852555036545,6383
0.852978944778,6382
0.853238105774,6381
0.855150938034,6380
0.856841087341,6379
0.858691930771,6378
0.859183073044,6377
0.860445976257,6376
0.863014936447,6375
0.863863945007,6374
0.864283084869,6373
0.865419149399,6372
0.865767002106,6371
0.866948127747,6370
0.868097066879,6369
0.868505954742,6368
0.868762969971,6367
0.869285106659,6366
0.869564056396,6365
0.871792078018,6364
0.872256040573,6363
0.872712135315,6362
0.874423027039,6361
0.875164031982,6360
0.875728130341,6359
0.87618803978,6358
0.876789093018,6357
0.877934932709,6356
0.881037950516,6355
0.881428003311,6354
0.882660150528,6353
0.88593506813,6352
0.888257026672,6351
0.889316082001,6350
0.889990091324,6349
0.891819953918,6348
0.893012046814,6347
0.893840074539,6346
0.895733118057,6345
0.896309137344,6344
0.897443056107,6343
0.897902965546,6342
0.898920059204,6341
0.899449110031,6340
0.899806976318,6339
0.900341033936,6338
0.90124797821,6337
0.902082920074,6336
0.903458118439,6335
0.904288053513,6334
0.905164003372,6333
0.905498027802,6332
0.906643152237,6331
0.907017946243,6330
0.907532930374,6329
0.909322977066,6328
0.909816980362,6327
0.910141944885,6326
0.910598993301,6325
0.91117310524,6324
0.911623954773,6323
0.912421941757,6322
0.913167953491,6321
0.913677930832,6320
0.913938045502,6319
0.91427898407,6318
0.915504932404,6317
0.915938138962,6316
0.916501045227,6315
0.917709112167,6314
0.919021129608,6313
0.920483112335,6312
0.92099404335,6311
0.923156023026,6310
0.92364692688,6309
0.924030065536,6308
0.924767971039,6307
0.92518901825,6306
0.925894975662,6305
0.926218032837,6304
0.926520109177,6303
0.927058935165,6302
0.927674055099,6301
0.92843413353,6300
0.928900003433,6299
0.929557085037,6298
0.930562973022,6297
0.931632041931,6296
0.934478998184,6295
0.934756994247,6294
0.936304092407,6293
0.936824083328,6292
0.937297105789,6291
0.937623023987,6290
0.938313007355,6289
0.93913602829,6288
0.939494132996,6287
0.939937114716,6286
0.940778017044,6285
0.941359043121,6284
0.941630125046,6283
0.942147016525,6282
0.943074941635,6281
0.944488048553,6280
0.945461988449,6279
0.945822954178,6278
0.948051929474,6277
0.949324131012,6276
0.951641082764,6275
0.952978134155,6274
0.953299045563,6273
0.954889059067,6272
0.955891132355,6271
0.956459999084,6270
0.957622051239,6269
0.959207057953,6268
0.959711074829,6267
0.960255146027,6266
0.961375951767,6265
0.96192407608,6264
0.963890075684,6263
0.964288949966,6262
0.965305089951,6261
0.965991020203,6260
0.968436956406,6259
0.969033956528,6258
0.969507932663,6257
0.969825983047,6256
0.971256017685,6255
0.971645116806,6254
0.971976995468,6253
0.973562002182,6252
0.973920106888,6251
0.974739074707,6250
0.975197076797,6249
0.9758040905,6248
0.976501941681,6247
0.980023145676,6246
0.980431079865,6245
0.981122970581,6244
0.982705116272,6243
0.983042955399,6242
0.983454942703,6241
0.98463511467,6240
0.985146999359,6239
0.985502958298,6238
0.987980127335,6237
0.988552093506,6236
0.989016056061,6235
0.991595029831,6234
0.99205994606,6233
0.992460012436,6232
0.993176937103,6231
0.993996143341,6230
0.994637012482,6229
0.996678113937,6228
0.998651981354,6227
0.998906135559,6226
1.00021100044,6225
1.00298810005,6224
1.00402402878,6223
1.0053319931,6222
1.00693798065,6221
1.0083360672,6220
1.00884413719,6219
1.00990605354,6218
1.01163101196,6217
1.0126979351,6216
1.01360106468,6215
1.01484894753,6214
1.01566910744,6213
1.0177719593,6212
1.01872706413,6211
1.02009105682,6210
1.02055191994,6209
1.02201199532,6208
1.02320694923,6207
1.02503204346,6206
1.0257589817,6205
1.02918815613,6204
1.03020000458,6203
1.03088498116,6202
1.03143310547,6201
1.03221106529,6200
1.03346705437,6199
1.03498506546,6198
1.03557991982,6197
1.03766012192,6196
1.03918004036,6195
1.04008197784,6194
1.04151892662,6193
1.04259300232,6192
1.04394698143,6191
1.04498410225,6190
1.04567408562,6189
1.04752492905,6188
1.05034613609,6187
1.05093598366,6186
1.05643701553,6185
1.05687093735,6184
1.05925512314,6183
1.06039309502,6182
1.06084012985,6181
1.06418704987,6180
1.06510710716,6179
1.06703996658,6178
1.06752705574,6177
1.0696849823,6176
1.07182192802,6175
1.07229113579,6174
1.07286810875,6173
1.07441210747,6172
1.07580399513,6171
1.07752013206,6170
1.07873010635,6169
1.07961797714,6168
1.08002209663,6167
1.0815320015,6166
1.08203196526,6165
1.08517193794,6164
1.08599996567,6163
1.08635997772,6162
1.08721399307,6161
1.08841013908,6160
1.08942008018,6159
1.08995914459,6158
1.0905790329,6157
1.09173893929,6156
1.09315299988,6155
1.09363603592,6154
1.09416413307,6153
1.09720993042,6152
1.0981400013,6151
1.09911799431,6150
1.1025660038,6149
1.10459804535,6148
1.10770392418,6147
1.10815095901,6146
1.10921001434,6145
1.11032915115,6144
1.11082315445,6143
1.11127495766,6142
1.11177015305,6141
1.11269593239,6140
1.11317515373,6139
1.11444807053,6138
1.1153409481,6137
1.11609196663,6136
1.11707496643,6135
1.11753106117,6134
1.11939096451,6133
1.11978507042,6132
1.12182092667,6131
1.1222641468,6130
1.12310004234,6129
1.12368392944,6128
1.12406110764,6127
1.12639498711,6126
1.12751102448,6125
1.12817597389,6124
1.12848305702,6123
1.12901115417,6122
1.13168311119,6121
1.13271999359,6120
1.133644104,6119
1.13455605507,6118
1.13506197929,6117
1.13561606407,6116
1.13618707657,6115
1.13680100441,6114
1.13846993446,6113
1.13908100128,6112
1.14111113548,6111
1.14188909531,6110
1.14263701439,6109
1.1442899704,6108
1.14709806442,6107
1.15083909035,6106
1.15144705772,6105
1.15380907059,6104
1.15419507027,6103
1.15524792671,6102
1.15557694435,6101
1.15608406067,6100
1.15655493736,6099
1.15893411636,6098
1.15954494476,6097
1.16001105309,6096
1.16110301018,6095
1.16273212433,6094
1.16392493248,6093
1.16476297379,6092
1.16568398476,6091
1.16634011269,6090
1.16733694077,6089
1.16760611534,6088
1.16791200638,6087
1.16911292076,6086
1.16956400871,6085
1.17068314552,6084
1.1715259552,6083
1.1721739769,6082
1.17282605171,6081
1.17369103432,6080
1.17438411713,6079
1.17661309242,6078
1.17778205872,6077
1.1781539917,6076
1.17903614044,6075
1.17936611176,6074
1.17996907234,6073
1.18192505836,6072
1.18281006813,6071
1.18397092819,6070
1.18452000618,6069
1.18487501144,6068
1.18532204628,6067
1.18775105476,6066
1.18823814392,6065
1.19350910187,6064
1.19420695305,6063
1.19487595558,6062
1.19524312019,6061
1.19564604759,6060
1.19621300697,6059
1.19699001312,6058
1.19737195969,6057
1.19797301292,6056
1.19950413704,6055
1.19990301132,6054
1.2007651329,6053
1.20103001595,6052
1.2017121315,6051
1.20228004456,6050
1.20313096046,6049
1.20425915718,6048
1.2045879364,6047
1.20575714111,6046
1.20670008659,6045
1.20703601837,6044
1.20986700058,6043
1.21026802063,6042
1.21077799797,6041
1.21126508713,6040
1.21249699593,6039
1.21415996552,6038
1.21640014648,6037
1.21731495857,6036
1.21873998642,6035
1.21972703934,6034
1.22080802917,6033
1.2213280201,6032
1.2217259407,6031
1.2220389843,6030
1.22280693054,6029
1.22402906418,6028
1.22464108467,6027
1.22570705414,6026
1.22623896599,6025
1.22655415535,6024
1.22695994377,6023
1.2281460762,6022
1.22877693176,6021
1.22955203056,6020
1.22989797592,6019
1.23131513596,6018
1.23257803917,6017
1.23553204536,6016
1.23595499992,6015
1.23728704453,6014
1.23774504662,6013
1.23885893822,6012
1.23918008804,6011
1.23997807503,6010
1.241147995,6009
1.24239993095,6008
1.24345612526,6007
1.24452900887,6006
1.24570798874,6005
1.24741697311,6004
1.2480609417,6003
1.24868702888,6002
1.25426602364,6001
1.25528597832,6000
1.25599598885,5999
1.25696206093,5998
1.25849413872,5997
1.25929498672,5996
1.25968694687,5995
1.26223492622,5994
1.26289010048,5993
1.26334500313,5992
1.26530504227,5991
1.26555514336,5990
1.26738715172,5989
1.26801109314,5988
1.26966500282,5987
1.2705950737,5986
1.27577114105,5985
1.27648210526,5984
1.27789306641,5983
1.27902698517,5982
1.280367136,5981
1.28163599968,5980
1.28259015083,5979
1.28371500969,5978
1.28528404236,5977
1.28665304184,5976
1.28782010078,5975
1.29024100304,5974
1.29085493088,5973
1.291410923,5972
1.29241299629,5971
1.29399013519,5970
1.29609894753,5969
1.29648399353,5968
1.29758501053,5967
1.30098199844,5966
1.30239510536,5965
1.3038649559,5964
1.30547714233,5963
1.30588102341,5962
1.30672597885,5961
1.30847001076,5960
1.30933213234,5959
1.3106970787,5958
1.31138205528,5957
1.31173110008,5956
1.31232595444,5955
1.31386709213,5954
1.31431508064,5953
1.3160610199,5952
1.31709814072,5951
1.31882715225,5950
1.3193860054,5949
1.32109498978,5948
1.32149195671,5947
1.32243609428,5946
1.3232550621,5945
1.32392311096,5944
1.32503008842,5943
1.32543492317,5942
1.32790708542,5941
1.32832694054,5940
1.32960915565,5939
1.33015012741,5938
1.33065104485,5937
1.3317360878,5936
1.33248710632,5935
1.33360505104,5934
1.33618998528,5933
1.33666205406,5932
1.33770108223,5931
1.33812499046,5930
1.34028315544,5929
1.34133410454,5928
1.34213709831,5927
1.34286093712,5926
1.34401297569,5925
1.34459710121,5924
1.34546399117,5923
1.34619903564,5922
1.34668397903,5921
1.34715008736,5920
1.34801602364,5919
1.35168099403,5918
1.35213398933,5917
1.35297608376,5916
1.35365104675,5915
1.35415792465,5914
1.35525798798,5913
1.35677814484,5912
1.35727095604,5911
1.35792613029,5910
1.36028599739,5909
1.36102414131,5908
1.36192393303,5907
1.36233210564,5906
1.36342692375,5905
1.36459302902,5904
1.36510515213,5903
1.36607313156,5902
1.36701393127,5901
1.36752700806,5900
1.36825704575,5899
1.36871314049,5898
1.36923503876,5897
1.37008404732,5896
1.37088704109,5895
1.37174510956,5894
1.37251615524,5893
1.37338709831,5892
1.3736410141,5891
1.37468695641,5890
1.375041008,5889
1.37639212608,5888
1.37708497047,5887
1.37782001495,5886
1.37863993645,5885
1.37979793549,5884
1.38029503822,5883
1.3815331459,5882
1.38420796394,5881
1.38645505905,5880
1.38942193985,5879
1.39126014709,5878
1.39211010933,5877
1.39249706268,5876
1.39451503754,5875
1.39479112625,5874
1.39660692215,5873
1.39701008797,5872
1.39829111099,5871
1.39868497849,5870
1.39901804924,5869
1.40002012253,5868
1.40065097809,5867
1.40205192566,5866
1.40289402008,5865
1.40385007858,5864
1.40478897095,5863
1.40640211105,5862
1.40668511391,5861
1.40820813179,5860
1.40855312347,5859
1.40982413292,5858
1.41103196144,5857
1.41397809982,5856
1.41435694695,5855
1.41514396667,5854
1.41674995422,5853
1.41837096214,5852
1.41934609413,5851
1.42149996758,5850
1.42220211029,5849
1.42376899719,5848
1.42511796951,5847
1.42747807503,5846
1.42803692818,5845
1.43039107323,5844
1.4319190979,5843
1.4324400425,5842
1.43380594254,5841
1.43418693542,5840
1.43526911736,5839
1.43564105034,5838
1.43765711784,5837
1.43811702728,5836
1.43863797188,5835
1.43958115578,5834
1.44027304649,5833
1.44108915329,5832
1.44269108772,5831
1.44495511055,5830
1.4452419281,5829
1.44690704346,5828
1.44849610329,5827
1.44897007942,5826
1.44986200333,5825
1.4506790638,5824
1.45137405396,5823
1.45310807228,5822
1.45390415192,5821
1.45492601395,5820
1.45613694191,5819
1.45677495003,5818
1.45706605911,5817
1.45734810829,5816
1.45831894875,5815
1.45876002312,5814
1.4595720768,5813
1.4602971077,5812
1.46302008629,5811
1.4633769989,5810
1.4639070034,5809
1.4647860527,5808
1.46546196938,5807
1.46722602844,5806
1.46936011314,5805
1.46980905533,5804
1.47173213959,5803
1.47290611267,5802
1.47423315048,5801
1.47494602203,5800
1.47580504417,5799
1.47642207146,5798
1.47811794281,5797
1.47888493538,5796
1.48022794724,5795
1.48065495491,5794
1.48276615143,5793
1.48396205902,5792
1.48448204994,5791
1.48613715172,5790
1.48659992218,5789
1.48722314835,5788
1.48933315277,5787
1.49041104317,5786
1.49133300781,5785
1.49204397202,5784
1.49233698845,5783
1.4935760498,5782
1.49497699738,5781
1.49578714371,5780
1.49922800064,5779
1.50066804886,5778
1.50252699852,5777
1.50377297401,5776
1.50479006767,5775
1.50523614883,5774
1.50582814217,5773
1.50624108315,5772
1.50763297081,5771
1.50842094421,5770
1.50886702538,5769
1.50935912132,5768
1.51060414314,5767
1.51122093201,5766
1.512196064,5765
1.51262497902,5764
1.51340913773,5763
1.51415109634,5762
1.51522111893,5761
1.51748299599,5760
1.51836895943,5759
1.51950597763,5758
1.51988506317,5757
1.52082800865,5756
1.52195596695,5755
1.52287006378,5754
1.52330899239,5753
1.52382493019,5752
1.5248041153,5751
1.52781796455,5750
1.52855110168,5749
1.52987098694,5748
1.53151512146,5747
1.53387999535,5746
1.53465414047,5745
1.53538012505,5744
1.53572511673,5743
1.53626608849,5742
1.53814697266,5741
1.53941893578,5740
1.53977513313,5739
1.54114103317,5738
1.54352593422,5737
1.54507303238,5736
1.54670000076,5735
1.54825496674,5734
1.5488960743,5733
1.55303311348,5732
1.55594706535,5731
1.55769109726,5730
1.55971813202,5729
1.56235694885,5728
1.56560897827,5727
1.56600403786,5726
1.56678295135,5725
1.56722593307,5724
1.56875705719,5723
1.56904506683,5722
1.56959605217,5721
1.57089209557,5720
1.57197499275,5719
1.57234811783,5718
1.5726890564,5717
1.5760140419,5716
1.57641911507,5715
1.57822704315,5714
1.57924413681,5713
1.58018708229,5712
1.5821621418,5711
1.5831861496,5710
1.58363604546,5709
1.58411192894,5708
1.58457493782,5707
1.58788204193,5706
1.59019207954,5705
1.59265494347,5704
1.59315609932,5703
1.59366893768,5702
1.59418511391,5701
1.59624004364,5700
1.59792900085,5699
1.59832596779,5698
1.59876298904,5697
1.5995759964,5696
1.60123705864,5695
1.60206794739,5694
1.60313010216,5693
1.60625314713,5692
1.60711193085,5691
1.60798096657,5690
1.60921597481,5689
1.61014008522,5688
1.61228394508,5687
1.61275315285,5686
1.61352396011,5685
1.61464500427,5684
1.61500406265,5683
1.61609506607,5682
1.61782598495,5681
1.62239694595,5680
1.62295103073,5679
1.62351107597,5678
1.62501692772,5677
1.62542200089,5676
1.62600207329,5675
1.62668514252,5674
1.62706804276,5673
1.62836408615,5672
1.62928104401,5671
1.63001298904,5670
1.63052511215,5669
1.63283705711,5668
1.63324904442,5667
1.63359093666,5666
1.63437914848,5665
1.63607192039,5664
1.63932013512,5663
1.64021706581,5662
1.64087796211,5661
1.64171600342,5660
1.64267396927,5659
1.64313292503,5658
1.64440512657,5657
1.64497113228,5656
1.64601612091,5655
1.64978694916,5654
1.65107107162,5653
1.65159797668,5652
1.65503001213,5651
1.65861392021,5650
1.65961503983,5649
1.66029000282,5648
1.66196203232,5647
1.66375207901,5646
1.6644411087,5645
1.66572904587,5644
1.66687893867,5643
1.66777706146,5642
1.67038297653,5641
1.67118310928,5640
1.67154407501,5639
1.67189407349,5638
1.67224812508,5637
1.67444705963,5636
1.67546415329,5635
1.67647004128,5634
1.67719006538,5633
1.67834711075,5632
1.67865514755,5631
1.6797440052,5630
1.68025708199,5629
1.6822180748,5628
1.68275308609,5627
1.68524503708,5626
1.68682599068,5625
1.68909811974,5624
1.69080400467,5623
1.69125413895,5622
1.69610595703,5621
1.6965379715,5620
1.69720602036,5619
1.69808197021,5618
1.70030808449,5617
1.70191311836,5616
1.70284700394,5615
1.70461392403,5614
1.7050139904,5613
1.70788097382,5612
1.70866107941,5611
1.70913004875,5610
1.70956802368,5609
1.71246814728,5608
1.71310710907,5607
1.71478700638,5606
1.71877098083,5605
1.71932506561,5604
1.72052693367,5603
1.72095894814,5602
1.72197413445,5601
1.72227811813,5600
1.72269892693,5599
1.7231631279,5598
1.72353601456,5597
1.72550797462,5596
1.72644305229,5595
1.72755002975,5594
1.72933006287,5593
1.72985005379,5592
1.73315811157,5591
1.73423194885,5590
1.7348279953,5589
1.73559999466,5588
1.73586797714,5587
1.7366540432,5586
1.74060201645,5585
1.74098992348,5584
1.74195098877,5583
1.74241995811,5582
1.74297308922,5581
1.74403810501,5580
1.74761605263,5579
1.74840211868,5578
1.74878692627,5577
1.74919700623,5576
1.7498281002,5575
1.75045013428,5574
1.75401997566,5573
1.75659012794,5572
1.75688910484,5571
1.75803303719,5570
1.75882911682,5569
1.76565599442,5568
1.76772499084,5567
1.76874613762,5566
1.76921010017,5565
1.77069997787,5564
1.77105402946,5563
1.77195310593,5562
1.7722671032,5561
1.77378606796,5560
1.77415108681,5559
1.77537798882,5558
1.77820396423,5557
1.77855396271,5556
1.7797369957,5555
1.78066706657,5554
1.78100705147,5553
1.7840731144,5552
1.78462696075,5551
1.78508496284,5550
1.78646802902,5549
1.78795099258,5548
1.78822803497,5547
1.78905797005,5546
1.79257202148,5545
1.79314613342,5544
1.79633593559,5543
1.79706692696,5542
1.79737710953,5541
1.7990231514,5540
1.80038094521,5539
1.80111598969,5538
1.80204296112,5537
1.8034529686,5536
1.80485606194,5535
1.80610394478,5534
1.80733513832,5533
1.81167507172,5532
1.81445097923,5531
1.81573605537,5530
1.81634497643,5529
1.81786513329,5528
1.81888794899,5527
1.82084393501,5526
1.82213592529,5525
1.82377815247,5524
1.82559299469,5523
1.8260281086,5522
1.82630395889,5521
1.82683396339,5520
1.82756114006,5519
1.82793807983,5518
1.82831811905,5517
1.82887005806,5516
1.8317501545,5515
1.83240199089,5514
1.8338830471,5513
1.8348839283,5512
1.83784508705,5511
1.83859801292,5510
1.84071111679,5509
1.84247207642,5508
1.84291195869,5507
1.84343504906,5506
1.84462094307,5505
1.84672212601,5504
1.84830403328,5503
1.84978199005,5502
1.85105895996,5501
1.85189604759,5500
1.85386800766,5499
1.85574293137,5498
1.8561899662,5497
1.85863494873,5496
1.86020898819,5495
1.8607609272,5494
1.86164498329,5493
1.8647351265,5492
1.86551403999,5491
1.86624193192,5490
1.86736607552,5489
1.86846399307,5488
1.86925292015,5487
1.87204813957,5486
1.87282514572,5485
1.87455511093,5484
1.87554907799,5483
1.87597107887,5482
1.8779489994,5481
1.87977910042,5480
1.88247704506,5479
1.88316392899,5478
1.88416194916,5477
1.88464307785,5476
1.88701105118,5475
1.88855195045,5474
1.89011406898,5473
1.89170408249,5472
1.89276099205,5471
1.89759898186,5470
1.89813399315,5469
1.89930295944,5468
1.90016293526,5467
1.90058207512,5466
1.90136313438,5465
1.90342402458,5464
1.90541601181,5463
1.90570092201,5462
1.90828895569,5461
1.91230297089,5460
1.91368699074,5459
1.91483902931,5458
1.91516494751,5457
1.91570901871,5456
1.91655611992,5455
1.91739201546,5454
1.91853308678,5453
1.92110109329,5452
1.922093153,5451
1.92273712158,5450
1.92301392555,5449
1.92385911942,5448
1.92620611191,5447
1.92745304108,5446
1.92980504036,5445
1.93313503265,5444
1.93432593346,5443
1.93482995033,5442
1.93508601189,5441
1.93769192696,5440
1.93883800507,5439
1.939702034,5438
1.94025611877,5437
1.94127893448,5436
1.94237709045,5435
1.94396209717,5434
1.94484210014,5433
1.94514298439,5432
1.94557499886,5431
1.94654202461,5430
1.94723892212,5429
1.94763302803,5428
1.94885206223,5427
1.94972205162,5426
1.95051598549,5425
1.95390415192,5424
1.95692706108,5423
1.95727705956,5422
1.95757603645,5421
1.95887303352,5420
1.96127295494,5419
1.96255993843,5418
1.96420502663,5417
1.96519303322,5416
1.96740913391,5415
1.96783208847,5414
1.9686460495,5413
1.97090291977,5412
1.97164797783,5411
1.97401714325,5410
1.97510409355,5409
1.97676515579,5408
1.97778201103,5407
1.97914195061,5406
1.97954297066,5405
1.98024010658,5404
1.98074913025,5403
1.98107099533,5402
1.98271012306,5401
1.98409295082,5400
1.98600912094,5399
1.98789215088,5398
1.98896312714,5397
1.99018406868,5396
1.99047207832,5395
1.99201607704,5394
1.99332594872,5393
1.9943010807,5392
1.99791193008,5391
1.99981999397,5390
2.00113296509,5389
2.00275111198,5388
2.00351715088,5387
2.00467205048,5386
2.00647711754,5385
2.00718402863,5384
2.00754404068,5383
2.00781202316,5382
2.00813293457,5381
2.0086889267,5380
2.00904798508,5379
2.00947713852,5378
2.00983810425,5377
2.01007795334,5376
2.01101207733,5375
2.0134780407,5374
2.01514315605,5373
2.01570105553,5372
2.01616811752,5371
2.01937103271,5370
2.01980614662,5369
2.02172994614,5368
2.02300310135,5367
2.02482414246,5366
2.02529096603,5365
2.02940297127,5364
2.0304069519,5363
2.03156805038,5362
2.0330080986,5361
2.03437304497,5360
2.03802800179,5359
2.03848195076,5358
2.0412800312,5357
2.04242014885,5356
2.04294896126,5355
2.04321599007,5354
2.04431295395,5353
2.04682397842,5352
2.04846310616,5351
2.05230498314,5350
2.05259203911,5349
2.05361104012,5348
2.05599308014,5347
2.05824398994,5346
2.06050801277,5345
2.06226992607,5344
2.06336092949,5343
2.064027071,5342
2.06438994408,5341
2.06496095657,5340
2.06548094749,5339
2.07015013695,5338
2.07090497017,5337
2.07182812691,5336
2.0720911026,5335
2.07238197327,5334
2.07288408279,5333
2.07490992546,5332
2.07642698288,5331
2.07678508759,5330
2.077283144,5329
2.07809901237,5328
2.08114695549,5327
2.08149504662,5326
2.0830719471,5325
2.08493709564,5324
2.08754301071,5323
2.08944010735,5322
2.0905880928,5321
2.09157395363,5320
2.09447193146,5319
2.09983515739,5318
2.10211610794,5317
2.10382509232,5316
2.10519504547,5315
2.10642004013,5314
2.10684204102,5313
2.10990905762,5312
2.11066913605,5311
2.11240506172,5310
2.11279702187,5309
2.11304998398,5308
2.11338496208,5307
2.11532998085,5306
2.11601209641,5305
2.11791300774,5304
2.11836314201,5303
2.12211894989,5302
2.12275099754,5301
2.1231751442,5300
2.1235461235,5299
2.12438106537,5298
2.12470602989,5297
2.12769794464,5296
2.12795495987,5295
2.12888097763,5294
2.13015508652,5293
2.13189101219,5292
2.13252711296,5291
2.13364696503,5290
2.13387203217,5289
2.13434410095,5288
2.13479995728,5287
2.13732504845,5286
2.13868808746,5285
2.14062213898,5284
2.14215302467,5283
2.14285111427,5282
2.14793992043,5281
2.1491689682,5280
2.15051603317,5279
2.1514351368,5278
2.15244007111,5277
2.1529750824,5276
2.15568399429,5275
2.15760993958,5274
2.15794801712,5273
2.16042804718,5272
2.16374897957,5271
2.16407513618,5270
2.16484212875,5269
2.1655459404,5268
2.1662800312,5267
2.16696095467,5266
2.16812801361,5265
2.16987109184,5264
2.17122292519,5263
2.1719250679,5262
2.1723549366,5261
2.17424798012,5260
2.17546892166,5259
2.17620110512,5258
2.17713093758,5257
2.1778459549,5256
2.17826008797,5255
2.17944312096,5254
2.18084096909,5253
2.18245100975,5252
2.18379592896,5251
2.18455314636,5250
2.18717813492,5249
2.18752813339,5248
2.18780994415,5247
2.19017004967,5246
2.19057512283,5245
2.1916270256,5244
2.1927549839,5243
2.19435095787,5242
2.19495296478,5241
2.19553995132,5240
2.19956803322,5239
2.20132803917,5238
2.20271015167,5237
2.20569801331,5236
2.20784306526,5235
2.2102560997,5234
2.21423792839,5233
2.21524095535,5232
2.21650099754,5231
2.21734905243,5230
2.21865797043,5229
2.21929311752,5228
2.22218704224,5227
2.22273802757,5226
2.22428011894,5225
2.22460007668,5224
2.22521114349,5223
2.22756099701,5222
2.22861909866,5221
2.22890210152,5220
2.23360514641,5219
2.23554992676,5218
2.23672699928,5217
2.23712706566,5216
2.23768115044,5215
2.2381811142,5214
2.23877501488,5213
2.23907804489,5212
2.24003505707,5211
2.24159812927,5210
2.24468803406,5209
2.24669098854,5208
2.2485909462,5207
2.24965214729,5206
2.24994707108,5205
2.25030612946,5204
2.25124192238,5203
2.25242400169,5202
2.25346398354,5201
2.25397109985,5200
2.25433802605,5199
2.25655508041,5198
2.25715494156,5197
2.26113915443,5196
2.26280713081,5195
2.26351809502,5194
2.26442313194,5193
2.26506114006,5192
2.26615810394,5191
2.26676106453,5190
2.26767706871,5189
2.26903295517,5188
2.27047014236,5187
2.27091193199,5186
2.27230095863,5185
2.27339100838,5184
2.27375006676,5183
2.27504205704,5182
2.27550411224,5181
2.27664494514,5180
2.27815508842,5179
2.27862215042,5178
2.2798781395,5177
2.2803170681,5176
2.28090810776,5175
2.28227901459,5174
2.28262114525,5173
2.28370308876,5172
2.28559303284,5171
2.28732013702,5170
2.28865695,5169
2.29253911972,5168
2.29319906235,5167
2.29383707047,5166
2.29439115524,5165
2.29645800591,5164
2.2966530323,5163
2.30259799957,5162
2.30329799652,5161
2.30644702911,5160
2.30806303024,5159
2.30937314034,5158
2.31138014793,5157
2.31213712692,5156
2.3139629364,5155
2.31628513336,5154
2.31690502167,5153
2.31905412674,5152
2.31950092316,5151
2.3207859993,5150
2.32226514816,5149
2.32596302032,5148
2.32706093788,5147
2.32860207558,5146
2.33285808563,5145
2.33491396904,5144
2.33563995361,5143
2.33647799492,5142
2.33793115616,5141
2.33916592598,5140
2.33948612213,5139
2.33977198601,5138
2.34053397179,5137
2.34418606758,5136
2.34463000298,5135
2.34607315063,5134
2.34669709206,5133
2.34765505791,5132
2.34854006767,5131
2.35296392441,5130
2.35642814636,5129
2.3567481041,5128
2.35861897469,5127
2.35898995399,5126
2.35999107361,5125
2.36064100266,5124
2.36092805862,5123
2.36170601845,5122
2.36227011681,5121
2.36268401146,5120
2.36568212509,5119
2.36914014816,5118
2.36994314194,5117
2.37169408798,5116
2.37260103226,5115
2.37284612656,5114
2.3738219738,5113
2.37458610535,5112
2.37596011162,5111
2.37646007538,5110
2.37675905228,5109
2.37761807442,5108
2.37822413445,5107
2.37885308266,5106
2.38466215134,5105
2.38597893715,5104
2.38657999039,5103
2.38877892494,5102
2.39086413383,5101
2.39299106598,5100
2.39322805405,5099
2.39414405823,5098
2.39437294006,5097
2.39635396004,5096
2.39669513702,5095
2.3980281353,5094
2.4000389576,5093
2.4005510807,5092
2.40121793747,5091
2.40171408653,5090
2.40222811699,5089
2.40373802185,5088
2.4049270153,5087
2.40535092354,5086
2.40580415726,5085
2.40647912025,5084
2.40688514709,5083
2.40788412094,5082
2.40835595131,5081
2.4122171402,5080
2.4139559269,5079
2.41901993752,5078
2.42034506798,5077
2.42091703415,5076
2.42166113853,5075
2.42191004753,5074
2.42366194725,5073
2.42557096481,5072
2.42584896088,5071
2.42682003975,5070
2.42725992203,5069
2.42788100243,5068
2.42891693115,5067
2.43010306358,5066
2.43109703064,5065
2.43295097351,5064
2.43460011482,5063
2.43527197838,5062
2.43583106995,5061
2.43615794182,5060
2.437073946,5059
2.43770194054,5058
2.43808913231,5057
2.43911504745,5056
2.44069314003,5055
2.44129705429,5054
2.44408011436,5053
2.44850993156,5052
2.45019507408,5051
2.45110702515,5050
2.45573711395,5049
2.45784401894,5048
2.4588561058,5047
2.4619269371,5046
2.46377706528,5045
2.46765112877,5044
2.46786093712,5043
2.47052407265,5042
2.4719209671,5041
2.47290802002,5040
2.47342014313,5039
2.4747569561,5038
2.47864294052,5037
2.4804930687,5036
2.48154497147,5035
2.48201394081,5034
2.48245501518,5033
2.48327112198,5032
2.48401403427,5031
2.48447012901,5030
2.48606204987,5029
2.48652410507,5028
2.48735308647,5027
2.48786211014,5026
2.48954296112,5025
2.49061512947,5024
2.49236297607,5023
2.49291992188,5022
2.49434113503,5021
2.49527692795,5020
2.49739098549,5019
2.49998903275,5018
2.50060296059,5017
2.50212693214,5016
2.50325798988,5015
2.50544595718,5014
2.50669908524,5013
2.50817704201,5012
2.51156115532,5011
2.51232504845,5010
2.51259303093,5009
2.51357507706,5008
2.51396107674,5007
2.51703000069,5006
2.51851415634,5005
2.52017712593,5004
2.5206861496,5003
2.52363014221,5002
2.52430701256,5001
2.52449393272,5000
2.52588891983,4999
2.52620410919,4998
2.52652907372,4997
2.52902793884,4996
2.53108692169,4995
2.53286409378,4994
2.53452014923,4993
2.53486204147,4992
2.53529596329,4991
2.53595614433,4990
2.53691911697,4989
2.53809809685,4988
2.53838300705,4987
2.53938913345,4986
2.54381608963,4985
2.5458791256,4984
2.54744505882,4983
2.5493080616,4982
2.55116009712,4981
2.55220103264,4980
2.55389404297,4979
2.55504107475,4978
2.55719900131,4977
2.55806493759,4976
2.56098294258,4975
2.56321597099,4974
2.56409096718,4973
2.5652859211,4972
2.56591200829,4971
2.56760001183,4970
2.56974315643,4969
2.57155704498,4968
2.57231402397,4967
2.57722592354,4966
2.58150911331,4965
2.58324193954,4964
2.58350515366,4963
2.58417606354,4962
2.58640599251,4961
2.58906793594,4960
2.59233403206,4959
2.59286808968,4958
2.5934650898,4957
2.59813404083,4956
2.5985429287,4955
2.59927511215,4954
2.59951806068,4953
2.60072112083,4952
2.602009058,4951
2.60509395599,4950
2.60625600815,4949
2.60784602165,4948
2.6089360714,4947
2.60943412781,4946
2.61100196838,4945
2.61482310295,4944
2.61864209175,4943
2.61946296692,4942
2.61987709999,4941
2.62039208412,4940
2.62117195129,4939
2.62234210968,4938
2.62330508232,4937
2.62727999687,4936
2.62777709961,4935
2.62865209579,4934
2.62923192978,4933
2.6295671463,4932
2.62995100021,4931
2.63057804108,4930
2.63204503059,4929
2.63563704491,4928
2.63614392281,4927
2.63767910004,4926
2.64309501648,4925
2.64553904533,4924
2.64591598511,4923
2.64659309387,4922
2.64717793465,4921
2.65000104904,4920
2.65029597282,4919
2.65210914612,4918
2.65342593193,4917
2.65425300598,4916
2.65650296211,4915
2.65738511086,4914
2.65885710716,4913
2.65997815132,4912
2.66246700287,4911
2.66395998001,4910
2.66445803642,4909
2.66601896286,4908
2.66632199287,4907
2.6665520668,4906
2.67126607895,4905
2.67346215248,4904
2.67458105087,4903
2.67667102814,4902
2.67698597908,4901
2.68317198753,4900
2.68594908714,4899
2.69166493416,4898
2.69227910042,4897
2.69596815109,4896
2.69638705254,4895
2.69697904587,4894
2.69758200645,4893
2.69876599312,4892
2.70180606842,4891
2.70274996758,4890
2.70520114899,4889
2.70949912071,4888
2.71005892754,4887
2.711810112,4886
2.71285796165,4885
2.71594595909,4884
2.71665215492,4883
2.71900200844,4882
2.72071194649,4881
2.7214910984,4880
2.72273492813,4879
2.72425913811,4878
2.72493004799,4877
2.72548413277,4876
2.72594594955,4875
2.72778201103,4874
2.72881603241,4873
2.73189902306,4872
2.73220205307,4871
2.73371315002,4870
2.73598098755,4869
2.73653292656,4868
2.73689007759,4867
2.73783612251,4866
2.73808693886,4865
2.74525594711,4864
2.7470331192,4863
2.74967193604,4862
2.75003814697,4861
2.75085401535,4860
2.75114393234,4859
2.75329494476,4858
2.7568321228,4857
2.75743103027,4856
2.75884795189,4855
2.7594370842,4854
2.76241493225,4853
2.76276707649,4852
2.76295804977,4851
2.76406598091,4850
2.76440310478,4849
2.76563000679,4848
2.76708602905,4847
2.76884698868,4846
2.76982498169,4845
2.77566409111,4844
2.77695798874,4843
2.78030896187,4842
2.7870490551,4841
2.78747606277,4840
2.7907500267,4839
2.80025696754,4838
2.80227398872,4837
2.80254912376,4836
2.8061709404,4835
2.80785608292,4834
2.81373715401,4833
2.81409406662,4832
2.81670594215,4831
2.81770014763,4830
2.8185479641,4829
2.81872797012,4828
2.82204914093,4827
2.82251811028,4826
2.82284998894,4825
2.82520508766,4824
2.82538795471,4823
2.82879805565,4822
2.82945895195,4821
2.83057594299,4820
2.83157896996,4819
2.83661198616,4818
2.83883810043,4817
2.84024715424,4816
2.84257698059,4815
2.84284806252,4814
2.84557914734,4813
2.85191392899,4812
2.85210514069,4811
2.85430502892,4810
2.85577607155,4809
2.85745692253,4808
2.85802602768,4807
2.85959506035,4806
2.86094093323,4805
2.86765599251,4804
2.87206196785,4803
2.87353992462,4802
2.87478303909,4801
2.87875103951,4800
2.87995815277,4799
2.88037896156,4798
2.88393092155,4797
2.88466095924,4796
2.88573408127,4795
2.88717508316,4794
2.89495015144,4793
2.89674401283,4792
2.89812111855,4791
2.90130400658,4790
2.9037270546,4789
2.90479207039,4788
2.90542912483,4787
2.90975809097,4786
2.91012406349,4785
2.91254496574,4784
2.91293001175,4783
2.91459298134,4782
2.91553997993,4781
2.91850805283,4780
2.92097806931,4779
2.92256093025,4778
2.92298102379,4777
2.92460203171,4776
2.92733192444,4775
2.92955899239,4774
2.93147397041,4773
2.93412303925,4772
2.93657898903,4771
2.937458992,4770
2.94317507744,4769
2.9492931366,4768
2.9504840374,4767
2.95338892937,4766
2.95642209053,4765
2.96050214767,4764
2.96148395538,4763
2.96220993996,4762
2.96596312523,4761
2.96642994881,4760
2.96669912338,4759
2.96850609779,4758
2.9723110199,4757
2.97328901291,4756
2.97393202782,4755
2.97465705872,4754
2.97607898712,4753
2.98213601112,4752
2.9832971096,4751
2.98488593102,4750
2.98663496971,4749
2.98877000809,4748
2.99097800255,4747
2.99410796165,4746
2.99710512161,4745
2.99860095978,4744
3.00050115585,4743
3.0051240921,4742
3.00839710236,4741
3.00929808617,4740
3.01034998894,4739
3.01349401474,4738
3.01530098915,4737
3.0167119503,4736
3.01896500587,4735
3.01986312866,4734
3.02158093452,4733
3.02693009377,4732
3.02815103531,4731
3.02968001366,4730
3.03086209297,4729
3.03314900398,4728
3.03816795349,4727
3.04022598267,4726
3.0411529541,4725
3.04452395439,4724
3.04790210724,4723
3.04827308655,4722
3.04964613914,4721
3.05090713501,4720
3.0513651371,4719
3.0549890995,4718
3.05822014809,4717
3.06075596809,4716
3.06115198135,4715
3.06468701363,4714
3.06624293327,4713
3.06942009926,4712
3.0718460083,4711
3.07376003265,4710
3.07681298256,4709
3.07712602615,4708
3.07756996155,4707
3.07945895195,4706
3.08054614067,4705
3.08122992516,4704
3.0816321373,4703
3.08566093445,4702
3.08625102043,4701
3.08781003952,4700
3.08822202682,4699
3.09016513824,4698
3.09080600739,4697
3.09502005577,4696
3.09643006325,4695
3.09775710106,4694
3.09851908684,4693
3.09979009628,4692
3.10133194923,4691
3.10538315773,4690
3.10628008842,4689
3.10803198814,4688
3.10936307907,4687
3.11127209663,4686
3.11287593842,4685
3.11714911461,4684
3.11749505997,4683
3.11793613434,4682
3.1207420826,4681
3.12393712997,4680
3.12425994873,4679
3.13390398026,4678
3.13738298416,4677
3.14038205147,4676
3.14091014862,4675
3.14236712456,4674
3.14465594292,4673
3.14596009254,4672
3.14669203758,4671
3.14746904373,4670
3.14786696434,4669
3.14831113815,4668
3.1514570713,4667
3.15196800232,4666
3.15234804153,4665
3.1544251442,4664
3.15542411804,4663
3.15636301041,4662
3.15718913078,4661
3.15798902512,4660
3.15886306763,4659
3.16017699242,4658
3.16755700111,4657
3.16917705536,4656
3.17129206657,4655
3.17449808121,4654
3.17635893822,4653
3.17981410027,4652
3.18076705933,4651
3.18157315254,4650
3.18209004402,4649
3.18251609802,4648
3.18704295158,4647
3.18846297264,4646
3.19109201431,4645
3.19191503525,4644
3.1980509758,4643
3.19998693466,4642
3.20043110847,4641
3.20192313194,4640
3.20390892029,4639
3.20648694038,4638
3.21155405045,4637
3.21187496185,4636
3.21596312523,4635
3.21633505821,4634
3.21858215332,4633
3.21985912323,4632
3.2202129364,4631
3.22087693214,4630
3.2221930027,4629
3.22420692444,4628
3.22636914253,4627
3.22701096535,4626
3.22736406326,4625
3.22808909416,4624
3.23379206657,4623
3.23547005653,4622
3.23791313171,4621
3.23820114136,4620
3.24145197868,4619
3.24221110344,4618
3.24316310883,4617
3.25105905533,4616
3.25576615334,4615
3.25691795349,4614
3.25740695,4613
3.25869894028,4612
3.25988912582,4611
3.26107096672,4610
3.26219201088,4609
3.26468515396,4608
3.26592803001,4607
3.26713609695,4606
3.27066707611,4605
3.27122211456,4604
3.27374196053,4603
3.27740502357,4602
3.28140902519,4601
3.28309392929,4600
3.28490996361,4599
3.28573894501,4598
3.28723907471,4597
3.28828215599,4596
3.28900098801,4595
3.29082894325,4594
3.29201793671,4593
3.29545402527,4592
3.29646992683,4591
3.29689598083,4590
3.29769015312,4589
3.30176615715,4588
3.30550694466,4587
3.30901813507,4586
3.30970811844,4585
3.31056594849,4584
3.31150698662,4583
3.31224298477,4582
3.31290602684,4581
3.31740999222,4580
3.31975913048,4579
3.32052993774,4578
3.32348012924,4577
3.32825708389,4576
3.32925415039,4575
3.33041214943,4574
3.33339095116,4573
3.33736014366,4572
3.33825492859,4571
3.34143996239,4570
3.34369492531,4569
3.34667897224,4568
3.34875798225,4567
3.34931492805,4566
3.35109114647,4565
3.35156798363,4564
3.35208797455,4563
3.36085009575,4562
3.36143112183,4561
3.36261796951,4560
3.36445307732,4559
3.36521315575,4558
3.36744093895,4557
3.36868309975,4556
3.3709321022,4555
3.3747150898,4554
3.37804913521,4553
3.37848496437,4552
3.38094997406,4551
3.38220405579,4550
3.38277792931,4549
3.38815498352,4548
3.39244914055,4547
3.39580512047,4546
3.39616107941,4545
3.40026211739,4544
3.4021821022,4543
3.40566706657,4542
3.40612411499,4541
3.40678310394,4540
3.40798807144,4539
3.41010093689,4538
3.41050314903,4537
3.41309499741,4536
3.41432404518,4535
3.41599798203,4534
3.41634392738,4533
3.41760110855,4532
3.4179110527,4531
3.41951012611,4530
3.42025709152,4529
3.42068505287,4528
3.42173194885,4527
3.42475414276,4526
3.42890405655,4525
3.42969512939,4524
3.43213295937,4523
3.4328391552,4522
3.43386793137,4521
3.43669009209,4520
3.43806004524,4519
3.4386780262,4518
3.44171905518,4517
3.44379711151,4516
3.44666194916,4515
3.44832706451,4514
3.44871306419,4513
3.45529794693,4512
3.45621204376,4511
3.45763802528,4510
3.45954012871,4509
3.46129202843,4508
3.46191000938,4507
3.46344900131,4506
3.46466398239,4505
3.46688604355,4504
3.46936511993,4503
3.47125315666,4502
3.47410798073,4501
3.47610592842,4500
3.47645306587,4499
3.47696495056,4498
3.47795701027,4497
3.4785220623,4496
3.47871494293,4495
3.47983813286,4494
3.48190808296,4493
3.48483610153,4492
3.49191308022,4491
3.49593901634,4490
3.49775099754,4489
3.50491094589,4488
3.50599098206,4487
3.50713706017,4486
3.51148509979,4485
3.51449894905,4484
3.51494812965,4483
3.5158560276,4482
3.51706409454,4481
3.52164793015,4480
3.52581000328,4479
3.52946615219,4478
3.53390598297,4477
3.53671193123,4476
3.53721904755,4475
3.5380449295,4474
3.54027414322,4473
3.54462003708,4472
3.54572296143,4471
3.5465760231,4470
3.54781198502,4469
3.54944515228,4468
3.55541706085,4467
3.55593109131,4466
3.56165003777,4465
3.56299805641,4464
3.56339001656,4463
3.56807994843,4462
3.5694770813,4461
3.57173204422,4460
3.57468795776,4459
3.57566213608,4458
3.57863211632,4457
3.57931804657,4456
3.58127713203,4455
3.58468294144,4454
3.58502602577,4453
3.58744192123,4452
3.59015011787,4451
3.59040093422,4450
3.59124493599,4449
3.59223198891,4448
3.59417414665,4447
3.59517502785,4446
3.5962331295,4445
3.59739112854,4444
3.59830403328,4443
3.6030330658,4442
3.60538005829,4441
3.6092031002,4440
3.60949397087,4439
3.61490702629,4438
3.61927199364,4437
3.61967206001,4436
3.62374615669,4435
3.6248691082,4434
3.62672710419,4433
3.63281702995,4432
3.63371896744,4431
3.63573002815,4430
3.64090013504,4429
3.64117693901,4428
3.64296913147,4427
3.64681315422,4426
3.64759206772,4425
3.65003108978,4424
3.65072703362,4423
3.65183806419,4422
3.65693712234,4421
3.66007804871,4420
3.66427493095,4419
3.66588997841,4418
3.66874599457,4417
3.67092609406,4416
3.67115402222,4415
3.67168211937,4414
3.67336702347,4413
3.67683696747,4412
3.68501710892,4411
3.68788003922,4410
3.68994402885,4409
3.69066596031,4408
3.69117999077,4407
3.69208693504,4406
3.69464492798,4405
3.69561505318,4404
3.70103907585,4403
3.7016980648,4402
3.70336413383,4401
3.70569896698,4400
3.70756101608,4399
3.71350908279,4398
3.71721315384,4397
3.71911501884,4396
3.72102808952,4395
3.72151494026,4394
3.72188210487,4393
3.72309613228,4392
3.72527599335,4391
3.7269821167,4390
3.72866296768,4389
3.73042702675,4388
3.7341170311,4387
3.73502707481,4386
3.74105811119,4385
3.74240493774,4384
3.74280500412,4383
3.743694067,4382
3.74488210678,4381
3.74631309509,4380
3.75203609467,4379
3.75840711594,4378
3.76489305496,4377
3.76636004448,4376
3.76965594292,4375
3.77208399773,4374
3.77365803719,4373
3.77522706985,4372
3.77662706375,4371
3.77796697617,4370
3.77915692329,4369
3.77970910072,4368
3.78067111969,4367
3.78229808807,4366
3.78632211685,4365
3.78785204887,4364
3.79121494293,4363
3.79399514198,4362
3.79773497581,4361
3.79800510406,4360
3.80385708809,4359
3.80874300003,4358
3.80936408043,4357
3.81690192223,4356
3.81889510155,4355
3.82256793976,4354
3.82349014282,4353
3.82427501678,4352
3.82658314705,4351
3.8315179348,4350
3.83230614662,4349
3.83666992188,4348
3.83710813522,4347
3.8374080658,4346
3.84009695053,4345
3.84044194221,4344
3.8410680294,4343
3.84142494202,4342
3.84737014771,4341
3.8486289978,4340
3.84909105301,4339
3.85120797157,4338
3.85438513756,4337
3.8560860157,4336
3.85908198357,4335
3.86232805252,4334
3.86297011375,4333
3.86949515343,4332
3.87082099915,4331
3.87195706367,4330
3.87349414825,4329
3.87487101555,4328
3.87525892258,4327
3.87562203407,4326
3.8759970665,4325
3.87647914886,4324
3.87714314461,4323
3.87754702568,4322
3.87789106369,4321
3.88026714325,4320
3.88068413734,4319
3.88252806664,4318
3.88405895233,4317
3.88507008553,4316
3.88568997383,4315
3.88716101646,4314
3.88757205009,4313
3.88815712929,4312
3.88982605934,4311
3.89064502716,4310
3.89259195328,4309
3.89338803291,4308
3.89862895012,4307
3.89927697182,4306
3.90000796318,4305
3.90071511269,4304
3.90608906746,4303
3.91245102882,4302
3.916203022,4301
3.92132306099,4300
3.92568206787,4299
3.92721104622,4298
3.92888307571,4297
3.92948007584,4296
3.93000197411,4295
3.93523406982,4294
3.93552613258,4293
3.93727111816,4292
3.9376039505,4291
3.94124102592,4290
3.94445300102,4289
3.94484710693,4288
3.94552206993,4287
3.94610905647,4286
3.94649100304,4285
3.94715595245,4284
3.94967293739,4283
3.95097208023,4282
3.9550549984,4281
3.95768809319,4280
3.9580950737,4279
3.96145200729,4278
3.96897101402,4277
3.97165298462,4276
3.9723751545,4275
3.97386407852,4274
3.97430706024,4273
3.97519302368,4272
3.97982001305,4271
3.98155999184,4270
3.98281002045,4269
3.98488807678,4268
3.98528909683,4267
3.9883389473,4266
3.98955798149,4265
3.9916601181,4264
3.99407911301,4263
3.99521398544,4262
3.99794507027,4261
3.99886107445,4260
3.99959897995,4259
4.00331711769,4258
4.00544214249,4257
4.00655698776,4256
4.00689697266,4255
4.01052212715,4254
4.01431703568,4253
4.01551508904,4252
4.01832008362,4251
4.02398014069,4250
7.09975004196,4249
7.10835313797,4248
7.11781907082,4247
7.12382698059,4246
7.12446212769,4245
7.12919807434,4244
7.1318731308,4243
7.13220000267,4242
7.13514709473,4241
7.14808392525,4240
7.15756106377,4239
7.1608440876,4238
7.18326401711,4237
7.18881607056,4236
7.18940711021,4235
7.19125103951,4234
7.1996679306,4233
7.20068001747,4232
7.23355293274,4231
7.23503303528,4230
7.24090313911,4229
7.24774312973,4228
7.25786614418,4227
7.26367592812,4226
7.27295708656,4225
7.28008294106,4224
7.28787493706,4223
7.29602193832,4222
7.30708193779,4221
7.31555914879,4220
7.32602214813,4219
7.33380103111,4218
7.33539295197,4217
7.3362929821,4216
7.34103298187,4215
7.34775614738,4214
7.35594415665,4213
10.4794149399,4212
10.4837870598,4211
10.4878790379,4210
10.4886729717,4209
10.4941849709,4208
10.4971780777,4207
10.5177791119,4206
10.5312609673,4205
10.5335659981,4204
10.5400381088,4203
10.5464770794,4202
10.5470089912,4201
10.5578930378,4200
10.5637741089,4199
10.5690851212,4198
10.6015620232,4197
10.6048750877,4196
10.6202130318,4195
10.620593071,4194
10.6359140873,4193
10.6385140419,4192
10.6468379498,4191
10.6537790298,4190
10.6618721485,4189
10.6782460213,4188
10.6856629848,4187
10.7043890953,4186
10.7071959972,4185
10.7119669914,4184
10.7236449718,4183
10.7274930477,4182
10.7437269688,4181
13.8279290199,4180
13.828371048,4179
13.8311219215,4178
13.8314380646,4177
13.8445520401,4176
13.8462340832,4175
13.8481650352,4174
13.8491621017,4173
13.850522995,4172
13.854943037,4171
13.8677561283,4170
13.8750469685,4169
13.8968689442,4168
13.9025859833,4167
13.9067959785,4166
13.9165849686,4165
13.9279119968,4164
13.9415149689,4163
13.9523911476,4162
13.9631919861,4161
13.9655890465,4160
13.9690971375,4159
13.9729139805,4158
13.9834580421,4157
13.9946880341,4156
14.0278861523,4155
14.0364840031,4154
14.0394320488,4153
14.0432260036,4152
14.0495319366,4151
14.0563809872,4150
14.0573401451,4149
14.0657329559,4148
14.0687601566,4147
14.0914440155,4146
14.0918531418,4145
14.1125040054,4144
14.1150960922,4143
14.1661739349,4142
14.1740159988,4141
17.5097129345,4140
17.5144331455,4139
17.5334451199,4138
17.5382590294,4137
17.5441470146,4136
17.5502481461,4135
17.5543279648,4134
17.5604820251,4133
17.5760641098,4132
17.5776669979,4131
17.5786449909,4130
17.5932540894,4129
17.6035749912,4128
17.6108291149,4127
17.6230061054,4126
17.629338026,4125
17.6347129345,4124
17.6451561451,4123
17.6513841152,4122
17.653744936,4121
17.6741189957,4120
20.8416800499,4119
20.842810154,4118
20.844233036,4117
20.862334013,4116
20.8694269657,4115
20.8777530193,4114
20.8886930943,4113
20.8945441246,4112
20.928344965,4111
20.9314129353,4110
20.9578640461,4109
20.9635410309,4108
20.9944000244,4107
21.0023889542,4106
21.0117409229,4105
21.027971983,4104
21.0377500057,4103
21.044328928,4102
21.0501680374,4101
21.0704851151,4100
21.1251699924,4099
24.5038621426,4098
24.5069041252,4097
24.5129549503,4096
24.540831089,4095
24.5519020557,4094
24.5528531075,4093
24.553440094,4092
24.5615260601,4091
24.5657429695,4090
24.5686321259,4089
24.5974149704,4088
27.9557881355,4087
27.9635510445,4086
27.9669649601,4085
27.9744429588,4084
27.9907901287,4083
28.0068559647,4082
28.010007143,4081
28.0179979801,4080
28.0211830139,4079
28.0611050129,4078
28.0699169636,4077
31.582296133,4076
31.5847520828,4075
31.5874419212,4074
31.5975909233,4073
31.6011040211,4072
31.6071331501,4071
35.1155531406,4070
35.1175529957,4069
35.1300661564,4068
35.1318049431,4067
35.1369791031,4066
38.6184380054,4065
38.6229319572,4064
38.6380319595,4063
38.6640000343,4062
38.6691420078,4061
38.678882122,4060
38.6985681057,4059
38.6992070675,4058
38.7228479385,4057
38.7365860939,4056
38.7446091175,4055
38.7610621452,4054
38.7667050362,4053
38.7874820232,4052
42.474930048,4051
42.478315115,4050
42.479694128,4049
42.4862480164,4048
42.4942750931,4047
42.494797945,4046
42.5011179447,4045
42.502589941,4044
42.5136020184,4043
42.5163891315,4042
42.5274069309,4041
42.5309920311,4040
42.5921270847,4039
42.5949840546,4038
46.1535739899,4037
46.1587350368,4036
46.1623549461,4035
46.1630029678,4034
46.1786990166,4033
46.1826059818,4032
49.7925019264,4031
49.7989699841,4030
49.7993459702,4029
49.8113780022,4028
49.8185420036,4027
49.8221781254,4026
49.8237249851,4025
49.8306779861,4024
53.4849770069,4023
53.506029129,4022
53.5309560299,4021
53.5390241146,4020
53.5497350693,4019
53.5567691326,4018
53.5573771,4017
53.558866024,4016
67.6700370312,4015
67.6829810143,4014
67.7190871239,4013
67.7304909229,4012
67.7340321541,4011
67.7363319397,4010
71.3569259644,4009
71.387583971,4008
71.3886110783,4007
