0.0567700862885,7609
0.0572290420532,7608
0.0575640201569,7607
0.0582990646362,7606
0.0587420463562,7605
0.059191942215,7604
0.0595889091492,7603
0.06028008461,7602
0.0608429908752,7601
0.0617260932922,7600
0.0620679855347,7599
0.0625159740448,7598
0.0631349086761,7597
0.0637679100037,7596
0.0643880367279,7595
0.064945936203,7594
0.0654039382935,7593
0.0658099651337,7592
0.0663890838623,7591
0.0670809745789,7590
0.0676760673523,7589
0.0680809020996,7588
0.0688579082489,7587
0.0693669319153,7586
0.0701329708099,7585
0.0707290172577,7584
0.0711090564728,7583
0.0716390609741,7582
0.0721220970154,7581
0.0725600719452,7580
0.0731921195984,7579
0.073755979538,7578
0.0741310119629,7577
0.0746600627899,7576
0.0750601291656,7575
0.0754909515381,7574
0.0762050151825,7573
0.0768280029297,7572
0.0772659778595,7571
0.0777809619904,7570
0.0784630775452,7569
0.078980922699,7568
0.0794160366058,7567
0.0800120830536,7566
0.0808389186859,7565
0.0813801288605,7564
0.0819840431213,7563
0.0826070308685,7562
0.083508014679,7561
0.0840349197388,7560
0.0846009254456,7559
0.0852890014648,7558
0.0859351158142,7557
0.0864269733429,7556
0.086925983429,7555
0.0874400138855,7554
0.087965965271,7553
0.0888059139252,7552
0.0893230438232,7551
0.0899980068207,7550
0.0905599594116,7549
0.0909650325775,7548
0.0914890766144,7547
0.092257976532,7546
0.092885017395,7545
0.0934550762177,7544
0.0938229560852,7543
0.0941770076752,7542
0.0947029590607,7541
0.0954189300537,7540
0.0957450866699,7539
0.0966129302979,7538
0.0970411300659,7537
0.0976710319519,7536
0.0981159210205,7535
0.0987219810486,7534
0.0994820594788,7533
0.100100040436,7532
0.100688934326,7531
0.101136922836,7530
0.101583957672,7529
0.102061986923,7528
0.102839946747,7527
0.103723049164,7526
0.10421705246,7525
0.104777097702,7524
0.105363130569,7523
0.10588312149,7522
0.106653928757,7521
0.107142925262,7520
0.107873916626,7519
0.108451128006,7518
0.109146118164,7517
0.109575986862,7516
0.109949111938,7515
0.110495090485,7514
0.111052036285,7513
0.111819982529,7512
0.112566947937,7511
0.113148927689,7510
0.113591909409,7509
0.113992929459,7508
0.114598035812,7507
0.115262985229,7506
0.115709066391,7505
0.116075992584,7504
0.116676092148,7503
0.117187023163,7502
0.117831945419,7501
0.118256092072,7500
0.118845939636,7499
0.119219064713,7498
0.119796037674,7497
0.12019109726,7496
0.120620965958,7495
0.121047019958,7494
0.122000932693,7493
0.122555971146,7492
0.123244047165,7491
0.12378692627,7490
0.12491607666,7489
0.125550985336,7488
0.12594294548,7487
0.126403093338,7486
0.127378940582,7485
0.128179073334,7484
0.129055976868,7483
0.129329919815,7482
0.129851102829,7481
0.130373001099,7480
0.130985975266,7479
0.13144993782,7478
0.13184094429,7477
0.132169008255,7476
0.133093118668,7475
0.134042024612,7474
0.134351015091,7473
0.134954929352,7472
0.135601997375,7471
0.135982036591,7470
0.136529922485,7469
0.137258052826,7468
0.137821912766,7467
0.138206005096,7466
0.138608932495,7465
0.139009952545,7464
0.139524936676,7463
0.13982796669,7462
0.140345096588,7461
0.140814065933,7460
0.141232013702,7459
0.141498088837,7458
0.142054080963,7457
0.142676115036,7456
0.143244981766,7455
0.143590927124,7454
0.143952131271,7453
0.144496917725,7452
0.145023107529,7451
0.145492076874,7450
0.145952939987,7449
0.146331071854,7448
0.147036075592,7447
0.147494077682,7446
0.148106098175,7445
0.148610115051,7444
0.149179935455,7443
0.149724006653,7442
0.150003910065,7441
0.150919914246,7440
0.151573896408,7439
0.151844978333,7438
0.152226924896,7437
0.152760982513,7436
0.153588056564,7435
0.154063940048,7434
0.154367923737,7433
0.154791116714,7432
0.155237913132,7431
0.155983924866,7430
0.156598091125,7429
0.15699505806,7428
0.157515048981,7427
0.157998085022,7426
0.158551931381,7425
0.159105062485,7424
0.159513950348,7423
0.159939050674,7422
0.160478115082,7421
0.160835027695,7420
0.161169052124,7419
0.161703109741,7418
0.162765979767,7417
0.163093090057,7416
0.164181947708,7415
0.165074110031,7414
0.165750980377,7413
0.166487932205,7412
0.167203903198,7411
0.167546987534,7410
0.168246030807,7409
0.168646097183,7408
0.169378042221,7407
0.170126914978,7406
0.170478105545,7405
0.171107053757,7404
0.17188501358,7403
0.172827005386,7402
0.173284053802,7401
0.174101114273,7400
0.174432039261,7399
0.174827098846,7398
0.175331115723,7397
0.176073074341,7396
0.176456928253,7395
0.177299976349,7394
0.177968025208,7393
0.178344964981,7392
0.179172039032,7391
0.179670095444,7390
0.180104017258,7389
0.181064128876,7388
0.181586027145,7387
0.18213891983,7386
0.183212995529,7385
0.183680057526,7384
0.184030056,7383
0.184416055679,7382
0.185239076614,7381
0.185621023178,7380
0.186266899109,7379
0.186676979065,7378
0.187160968781,7377
0.18764090538,7376
0.188116073608,7375
0.188559055328,7374
0.189024925232,7373
0.189639091492,7372
0.190196037292,7371
0.190629005432,7370
0.1913189888,7369
0.191837072372,7368
0.192177057266,7367
0.19259095192,7366
0.193217992783,7365
0.194029092789,7364
0.194674015045,7363
0.194996118546,7362
0.195375919342,7361
0.195832967758,7360
0.196767091751,7359
0.197341918945,7358
0.198008060455,7357
0.198403120041,7356
0.198933124542,7355
0.199398994446,7354
0.200058937073,7353
0.200433015823,7352
0.200864076614,7351
0.201400995255,7350
0.202270030975,7349
0.202654123306,7348
0.203361988068,7347
0.203845024109,7346
0.204826116562,7345
0.205405950546,7344
0.206073999405,7343
0.206471920013,7342
0.206759929657,7341
0.208075046539,7340
0.208841085434,7339
0.209485054016,7338
0.209939956665,7337
0.211036920547,7336
0.211592912674,7335
0.212105035782,7334
0.212593078613,7333
0.212951898575,7332
0.214024066925,7331
0.21463394165,7330
0.215080022812,7329
0.215569972992,7328
0.21652007103,7327
0.217184066772,7326
0.217549085617,7325
0.217842102051,7324
0.218431949615,7323
0.218905925751,7322
0.219214916229,7321
0.219716072083,7320
0.22029209137,7319
0.220633983612,7318
0.221055984497,7317
0.221558094025,7316
0.222161054611,7315
0.222650051117,7314
0.223149061203,7313
0.223745107651,7312
0.224474906921,7311
0.225039958954,7310
0.225482940674,7309
0.22637295723,7308
0.22670507431,7307
0.227329015732,7306
0.227828025818,7305
0.228186130524,7304
0.228635072708,7303
0.228933095932,7302
0.229538917542,7301
0.230065107346,7300
0.230590105057,7299
0.231106042862,7298
0.231410980225,7297
0.2318379879,7296
0.232250928879,7295
0.233300924301,7294
0.234241008759,7293
0.235589027405,7292
0.23602604866,7291
0.236340999603,7290
0.236901044846,7289
0.237409114838,7288
0.23778796196,7287
0.23944401741,7286
0.240489959717,7285
0.241213083267,7284
0.24161696434,7283
0.242613077164,7282
0.243142127991,7281
0.243746995926,7280
0.244401931763,7279
0.244730949402,7278
0.245323896408,7277
0.24619603157,7276
0.247452020645,7275
0.247992992401,7274
0.248354911804,7273
0.249341964722,7272
0.250267982483,7271
0.250685930252,7270
0.251168966293,7269
0.252222061157,7268
0.252916097641,7267
0.253798007965,7266
0.254374980927,7265
0.255918979645,7264
0.256254911423,7263
0.25701212883,7262
0.257374048233,7261
0.257966041565,7260
0.258701086044,7259
0.259256124496,7258
0.260456085205,7257
0.261130094528,7256
0.261723995209,7255
0.262506008148,7254
0.263071060181,7253
0.26362490654,7252
0.263960123062,7251
0.264642953873,7250
0.265266895294,7249
0.265825033188,7248
0.266700029373,7247
0.267049074173,7246
0.267534971237,7245
0.268239974976,7244
0.269268989563,7243
0.270636081696,7242
0.271239995956,7241
0.271794080734,7240
0.273099899292,7239
0.273983001709,7238
0.274694919586,7237
0.275069952011,7236
0.275531053543,7235
0.276366949081,7234
0.2767329216,7233
0.277486085892,7232
0.277880907059,7231
0.278631925583,7230
0.279100894928,7229
0.279577970505,7228
0.280146121979,7227
0.280752897263,7226
0.281135082245,7225
0.281569957733,7224
0.28196310997,7223
0.282464981079,7222
0.282871961594,7221
0.283356904984,7220
0.283670902252,7219
0.284378051758,7218
0.28466796875,7217
0.285424947739,7216
0.285890102386,7215
0.286708116531,7214
0.287043094635,7213
0.287487983704,7212
0.28787112236,7211
0.288250923157,7210
0.289402961731,7209
0.290400028229,7208
0.290785074234,7207
0.291418075562,7206
0.292150974274,7205
0.292824983597,7204
0.29349398613,7203
0.293918132782,7202
0.294330120087,7201
0.295078992844,7200
0.295460939407,7199
0.296097040176,7198
0.296411037445,7197
0.296716928482,7196
0.297171115875,7195
0.297987937927,7194
0.298406124115,7193
0.29948592186,7192
0.300045967102,7191
0.300503969193,7190
0.301526069641,7189
0.302613973618,7188
0.303375959396,7187
0.303961992264,7186
0.304594039917,7185
0.305030107498,7184
0.305865049362,7183
0.306281089783,7182
0.307735919952,7181
0.308317899704,7180
0.308802127838,7179
0.309700965881,7178
0.310432910919,7177
0.311480998993,7176
0.311866044998,7175
0.312786102295,7174
0.313724040985,7173
0.314085960388,7172
0.314671039581,7171
0.315975904465,7170
0.316590070724,7169
0.31730890274,7168
0.317656040192,7167
0.318092107773,7166
0.320285081863,7165
0.321398973465,7164
0.322017908096,7163
0.322853088379,7162
0.323297977448,7161
0.3238530159,7160
0.324424028397,7159
0.325417995453,7158
0.326245069504,7157
0.326714038849,7156
0.327054023743,7155
0.328257083893,7154
0.328773021698,7153
0.329200029373,7152
0.329658985138,7151
0.331203937531,7150
0.331784963608,7149
0.332273006439,7148
0.332951068878,7147
0.333343982697,7146
0.333921909332,7145
0.334346055984,7144
0.334752082825,7143
0.335307121277,7142
0.336004018784,7141
0.337008953094,7140
0.338391065598,7139
0.338747024536,7138
0.339253902435,7137
0.3396089077,7136
0.340065956116,7135
0.340661048889,7134
0.341197013855,7133
0.341784954071,7132
0.342293024063,7131
0.342966079712,7130
0.34335899353,7129
0.343766927719,7128
0.344079017639,7127
0.344765901566,7126
0.345742940903,7125
0.346277952194,7124
0.346682071686,7123
0.347259044647,7122
0.347798109055,7121
0.348248004913,7120
0.348957061768,7119
0.34951710701,7118
0.35098195076,7117
0.351460933685,7116
0.352155923843,7115
0.352513074875,7114
0.353827953339,7113
0.354326963425,7112
0.35525894165,7111
0.355829000473,7110
0.356705904007,7109
0.358222961426,7108
0.358505964279,7107
0.359174013138,7106
0.360064029694,7105
0.361078023911,7104
0.361728906631,7103
0.36230802536,7102
0.363209962845,7101
0.363685131073,7100
0.364217996597,7099
0.364636898041,7098
0.365039110184,7097
0.36558008194,7096
0.366008996964,7095
0.36682009697,7094
0.367343902588,7093
0.368541955948,7092
0.36958694458,7091
0.370239019394,7090
0.371505975723,7089
0.372278928757,7088
0.37291097641,7087
0.373289108276,7086
0.374886035919,7085
0.375612974167,7084
0.376428127289,7083
0.377015113831,7082
0.377458095551,7081
0.377873897552,7080
0.378363132477,7079
0.378787994385,7078
0.379286050797,7077
0.380120038986,7076
0.380810976028,7075
0.381460905075,7074
0.383409976959,7073
0.383767127991,7072
0.384498119354,7071
0.385046005249,7070
0.385526895523,7069
0.385987997055,7068
0.386415958405,7067
0.387037038803,7066
0.387799024582,7065
0.38823390007,7064
0.388657093048,7063
0.388996124268,7062
0.38937497139,7061
0.389998912811,7060
0.39063000679,7059
0.391106128693,7058
0.391564130783,7057
0.392520904541,7056
0.39314198494,7055
0.393697977066,7054
0.394864082336,7053
0.396238088608,7052
0.39657998085,7051
0.396865129471,7050
0.397346019745,7049
0.398051977158,7048
0.398373126984,7047
0.398901939392,7046
0.399401903152,7045
0.400386095047,7044
0.400942087173,7043
0.401346921921,7042
0.401906967163,7041
0.402377128601,7040
0.402702093124,7039
0.403283119202,7038
0.40497303009,7037
0.406517028809,7036
0.40701508522,7035
0.40744304657,7034
0.408716917038,7033
0.40908408165,7032
0.410308122635,7031
0.41125702858,7030
0.411628961563,7029
0.41218495369,7028
0.412607908249,7027
0.413650989532,7026
0.414956092834,7025
0.416507005692,7024
0.416970968246,7023
0.417436122894,7022
0.418742895126,7021
0.419692993164,7020
0.421126127243,7019
0.42151594162,7018
0.422030925751,7017
0.422451972961,7016
0.422955989838,7015
0.423573970795,7014
0.424056053162,7013
0.424739122391,7012
0.425185918808,7011
0.425775051117,7010
0.427096128464,7009
0.427529096603,7008
0.428258895874,7007
0.428718090057,7006
0.429075956345,7005
0.429487943649,7004
0.430288076401,7003
0.430993080139,7002
0.431699991226,7001
0.432164907455,7000
0.432523012161,6999
0.433267116547,6998
0.433536052704,6997
0.434241056442,6996
0.434849023819,6995
0.435380935669,6994
0.435781002045,6993
0.436165094376,6992
0.437030076981,6991
0.438153028488,6990
0.438714027405,6989
0.439213991165,6988
0.439508914948,6987
0.440145015717,6986
0.441190958023,6985
0.442426919937,6984
0.443284034729,6983
0.443639993668,6982
0.444576978683,6981
0.445228099823,6980
0.445650100708,6979
0.446444988251,6978
0.446861982346,6977
0.448374032974,6976
0.449106931686,6975
0.450289964676,6974
0.450822114944,6973
0.451239109039,6972
0.451632976532,6971
0.452151060104,6970
0.452481985092,6969
0.45276594162,6968
0.453367948532,6967
0.454081058502,6966
0.454792022705,6965
0.456914901733,6964
0.457560062408,6963
0.458378076553,6962
0.45871591568,6961
0.459532976151,6960
0.460124015808,6959
0.461221933365,6958
0.46190404892,6957
0.46244096756,6956
0.463381052017,6955
0.463797092438,6954
0.464411973953,6953
0.464963912964,6952
0.465460062027,6951
0.466165065765,6950
0.467411994934,6949
0.468025922775,6948
0.469259977341,6947
0.470452070236,6946
0.471528053284,6945
0.472960948944,6944
0.47384095192,6943
0.474386930466,6942
0.475708961487,6941
0.4767100811,6940
0.477924108505,6939
0.478795051575,6938
0.47928404808,6937
0.48042011261,6936
0.481169939041,6935
0.482046127319,6934
0.482930898666,6933
0.483817100525,6932
0.484470129013,6931
0.48604798317,6930
0.486366033554,6929
0.487291097641,6928
0.488344907761,6927
0.48903298378,6926
0.489357948303,6925
0.49019908905,6924
0.490675926208,6923
0.491012096405,6922
0.491580963135,6921
0.492713928223,6920
0.49395108223,6919
0.494389057159,6918
0.495321035385,6917
0.49623799324,6916
0.496788978577,6915
0.497601032257,6914
0.497961997986,6913
0.498536109924,6912
0.499915122986,6911
0.500502109528,6910
0.501028060913,6909
0.501554012299,6908
0.501981973648,6907
0.502626895905,6906
0.503107070923,6905
0.503760099411,6904
0.504748106003,6903
0.505140066147,6902
0.505698919296,6901
0.506599903107,6900
0.506987094879,6899
0.507563114166,6898
0.508321046829,6897
0.509316921234,6896
0.509897947311,6895
0.510401010513,6894
0.510791063309,6893
0.512079000473,6892
0.513020038605,6891
0.513482093811,6890
0.515331029892,6889
0.51656794548,6888
0.518460035324,6887
0.519443035126,6886
0.521018028259,6885
0.521450996399,6884
0.521944999695,6883
0.522936105728,6882
0.523344993591,6881
0.523838043213,6880
0.524919986725,6879
0.526086091995,6878
0.526988983154,6877
0.527286052704,6876
0.527803897858,6875
0.528697967529,6874
0.529746055603,6873
0.530215978622,6872
0.530554056168,6871
0.531641960144,6870
0.532067060471,6869
0.532659053802,6868
0.533236026764,6867
0.533807992935,6866
0.534225940704,6865
0.534569978714,6864
0.535609960556,6863
0.536416053772,6862
0.537955999374,6861
0.539629936218,6860
0.540304899216,6859
0.540767908096,6858
0.541194915771,6857
0.541594982147,6856
0.54309797287,6855
0.544888019562,6854
0.545658111572,6853
0.546555995941,6852
0.547181129456,6851
0.548182964325,6850
0.548496007919,6849
0.549746990204,6848
0.550220966339,6847
0.551093101501,6846
0.551728010178,6845
0.552845954895,6844
0.553282976151,6843
0.553637981415,6842
0.554724931717,6841
0.555257081985,6840
0.556828975677,6839
0.558089971542,6838
0.558542013168,6837
0.559058904648,6836
0.560174942017,6835
0.560799121857,6834
0.561186075211,6833
0.561640024185,6832
0.564597129822,6831
0.565609931946,6830
0.566952943802,6829
0.567718982697,6828
0.568788051605,6827
0.569626092911,6826
0.570116043091,6825
0.570503950119,6824
0.570842981339,6823
0.571963071823,6822
0.572474956512,6821
0.573055028915,6820
0.573473930359,6819
0.5741751194,6818
0.574836969376,6817
0.575191020966,6816
0.57603597641,6815
0.57653594017,6814
0.577520132065,6813
0.578042984009,6812
0.578684091568,6811
0.579103946686,6810
0.579615116119,6809
0.581039905548,6808
0.581648111343,6807
0.582242965698,6806
0.583372116089,6805
0.584257125854,6804
0.586040973663,6803
0.586496114731,6802
0.58779001236,6801
0.588258981705,6800
0.589502096176,6799
0.589874982834,6798
0.59110212326,6797
0.591584920883,6796
0.592746019363,6795
0.593662977219,6794
0.594165086746,6793
0.594707012177,6792
0.595077037811,6791
0.595636129379,6790
0.596553087234,6789
0.596961975098,6788
0.59810590744,6787
0.598622083664,6786
0.598971128464,6785
0.599384069443,6784
0.599910974503,6783
0.60120511055,6782
0.601665019989,6781
0.602298974991,6780
0.603713989258,6779
0.604556083679,6778
0.6048579216,6777
0.605608940125,6776
0.606395959854,6775
0.606673002243,6774
0.607677936554,6773
0.608370065689,6772
0.608760118484,6771
0.609678030014,6770
0.610057115555,6769
0.610867977142,6768
0.612185955048,6767
0.613800048828,6766
0.614500045776,6765
0.615013122559,6764
0.615432024002,6763
0.616497039795,6762
0.617744922638,6761
0.618170022964,6760
0.618494987488,6759
0.619024991989,6758
0.61941409111,6757
0.619826078415,6756
0.620768070221,6755
0.621325016022,6754
0.621863126755,6753
0.623253107071,6752
0.623765945435,6751
0.624128103256,6750
0.624701976776,6749
0.625011920929,6748
0.625900030136,6747
0.627362012863,6746
0.627865076065,6745
0.628431081772,6744
0.629683017731,6743
0.630261898041,6742
0.630755901337,6741
0.631259918213,6740
0.631578922272,6739
0.631989002228,6738
0.633305072784,6737
0.633946895599,6736
0.634464979172,6735
0.636138916016,6734
0.637056112289,6733
0.63836312294,6732
0.638938903809,6731
0.639405012131,6730
0.640824079514,6729
0.642158985138,6728
0.644135951996,6727
0.644601106644,6726
0.645190954208,6725
0.647264003754,6724
0.647848129272,6723
0.648998022079,6722
0.649508953094,6721
0.649957895279,6720
0.650959968567,6719
0.651567935944,6718
0.652033090591,6717
0.653722047806,6716
0.654484033585,6715
0.655086994171,6714
0.655514001846,6713
0.65612912178,6712
0.65678191185,6711
0.657963037491,6710
0.658544063568,6709
0.658890008926,6708
0.65966796875,6707
0.660090923309,6706
0.660983085632,6705
0.661570072174,6704
0.662732124329,6703
0.663146018982,6702
0.663558006287,6701
0.664880037308,6700
0.666908979416,6699
0.667454957962,6698
0.668242931366,6697
0.670629024506,6696
0.671938896179,6695
0.672383069992,6694
0.673357009888,6693
0.673924922943,6692
0.67453789711,6691
0.675128936768,6690
0.676055908203,6689
0.67658495903,6688
0.67702293396,6687
0.678483963013,6686
0.679100990295,6685
0.679666996002,6684
0.680344104767,6683
0.681217908859,6682
0.681760072708,6681
0.684134960175,6680
0.685338020325,6679
0.686074972153,6678
0.686485052109,6677
0.687259912491,6676
0.688409090042,6675
0.689017057419,6674
0.689450979233,6673
0.689749956131,6672
0.690717935562,6671
0.691153049469,6670
0.692075967789,6669
0.695209026337,6668
0.695567131042,6667
0.696054935455,6666
0.697338104248,6665
0.697915077209,6664
0.698517084122,6663
0.698837995529,6662
0.69944190979,6661
0.699741125107,6660
0.700273036957,6659
0.700835943222,6658
0.701200962067,6657
0.701537132263,6656
0.70311498642,6655
0.703680038452,6654
0.705181121826,6653
0.705477952957,6652
0.706218004227,6651
0.707155942917,6650
0.707879066467,6649
0.708476066589,6648
0.708965063095,6647
0.709486961365,6646
0.70991396904,6645
0.710436105728,6644
0.710886001587,6643
0.712053060532,6642
0.713141918182,6641
0.713556051254,6640
0.713982105255,6639
0.714522123337,6638
0.715263128281,6637
0.716892004013,6636
0.717240095139,6635
0.717931985855,6634
0.719770908356,6633
0.720390081406,6632
0.72077703476,6631
0.721252918243,6630
0.722141027451,6629
0.723580121994,6628
0.724184036255,6627
0.724838972092,6626
0.725400924683,6625
0.725961923599,6624
0.726922035217,6623
0.727373123169,6622
0.727756977081,6621
0.728138923645,6620
0.728744029999,6619
0.72925901413,6618
0.730180978775,6617
0.730822086334,6616
0.73236989975,6615
0.733418941498,6614
0.734489917755,6613
0.735392093658,6612
0.736083030701,6611
0.73671913147,6610
0.737455129623,6609
0.737818956375,6608
0.738341093063,6607
0.73895406723,6606
0.739984035492,6605
0.740910053253,6604
0.741600036621,6603
0.742489099503,6602
0.742831945419,6601
0.743482112885,6600
0.743897914886,6599
0.744349956512,6598
0.745188951492,6597
0.745563030243,6596
0.745903015137,6595
0.746225118637,6594
0.746876001358,6593
0.747313976288,6592
0.747585058212,6591
0.750782966614,6590
0.751459121704,6589
0.752451896667,6588
0.752931118011,6587
0.753377914429,6586
0.753960132599,6585
0.754846096039,6584
0.755510091782,6583
0.756781101227,6582
0.758682012558,6581
0.759064912796,6580
0.759449005127,6579
0.759790897369,6578
0.760528087616,6577
0.760924100876,6576
0.761842012405,6575
0.762425899506,6574
0.762982130051,6573
0.764303922653,6572
0.76599407196,6571
0.76811504364,6570
0.76861000061,6569
0.769364118576,6568
0.769794940948,6567
0.772680997849,6566
0.773360013962,6565
0.774065971375,6564
0.774365901947,6563
0.774836063385,6562
0.775417089462,6561
0.776005983353,6560
0.776976108551,6559
0.778065919876,6558
0.780174970627,6557
0.78125500679,6556
0.781697034836,6555
0.782184123993,6554
0.783378124237,6553
0.785542964935,6552
0.786375999451,6551
0.788516998291,6550
0.788847923279,6549
0.789777040482,6548
0.790277957916,6547
0.791806936264,6546
0.792783021927,6545
0.794274091721,6544
0.79513502121,6543
0.795552015305,6542
0.797413110733,6541
0.798106908798,6540
0.799335002899,6539
0.799968004227,6538
0.801284074783,6537
0.802098989487,6536
0.802691936493,6535
0.803569078445,6534
0.804533004761,6533
0.804979085922,6532
0.807043075562,6531
0.808135032654,6530
0.810311079025,6529
0.810863018036,6528
0.811500072479,6527
0.8120200634,6526
0.812699079514,6525
0.813167095184,6524
0.814100027084,6523
0.816123008728,6522
0.817404985428,6521
0.818540096283,6520
0.821562051773,6519
0.822071075439,6518
0.822631120682,6517
0.823182106018,6516
0.825520992279,6515
0.825949907303,6514
0.826440095901,6513
0.827306985855,6512
0.827740907669,6511
0.828939914703,6510
0.82969212532,6509
0.831924915314,6508
0.832339048386,6507
0.83277797699,6506
0.833318948746,6505
0.833990097046,6504
0.834543943405,6503
0.836403131485,6502
0.836988925934,6501
0.837402105331,6500
0.83894109726,6499
0.839839935303,6498
0.840316057205,6497
0.842309951782,6496
0.843130111694,6495
0.843683958054,6494
0.844259977341,6493
0.844708919525,6492
0.845281124115,6491
0.846134901047,6490
0.847170114517,6489
0.84845495224,6488
0.851979970932,6487
0.852493047714,6486
0.854469060898,6485
0.855555057526,6484
0.856199026108,6483
0.856630086899,6482
0.857562065125,6481
0.857976913452,6480
0.858740091324,6479
0.860326051712,6478
0.860865116119,6477
0.862107992172,6476
0.8626101017,6475
0.863130092621,6474
0.864011049271,6473
0.864614963531,6472
0.865298986435,6471
0.865993022919,6470
0.869053125381,6469
0.870395898819,6468
0.871093988419,6467
0.872987985611,6466
0.873558998108,6465
0.873985052109,6464
0.875189065933,6463
0.876153945923,6462
0.877461910248,6461
0.878401041031,6460
0.879374980927,6459
0.880192041397,6458
0.881304979324,6457
0.881839990616,6456
0.882410049438,6455
0.882919073105,6454
0.884387969971,6453
0.88497209549,6452
0.885324954987,6451
0.887521982193,6450
0.889733076096,6449
0.891228914261,6448
0.891719102859,6447
0.892091035843,6446
0.892627000809,6445
0.893199920654,6444
0.893707036972,6443
0.895020961761,6442
0.896703004837,6441
0.897272109985,6440
0.898406982422,6439
0.899863958359,6438
0.900262117386,6437
0.901391983032,6436
0.90199303627,6435
0.903772115707,6434
0.904246091843,6433
0.904815912247,6432
0.905261039734,6431
0.906342983246,6430
0.907270908356,6429
0.908478975296,6428
0.910449981689,6427
0.911013126373,6426
0.91246509552,6425
0.913993120193,6424
0.914840936661,6423
0.915251016617,6422
0.917438983917,6421
0.919840097427,6420
0.920342922211,6419
0.922264099121,6418
0.923485040665,6417
0.923892974854,6416
0.924999952316,6415
0.926642894745,6414
0.929021120071,6413
0.929404020309,6412
0.929832935333,6411
0.93017911911,6410
0.930723905563,6409
0.931560993195,6408
0.932027101517,6407
0.933006048203,6406
0.933577060699,6405
0.936207056046,6404
0.936850070953,6403
0.937701940536,6402
0.93879699707,6401
0.939671993256,6400
0.940767049789,6399
0.941354990005,6398
0.941978931427,6397
0.942533016205,6396
0.943547964096,6395
0.944008111954,6394
0.945624113083,6393
0.946124076843,6392
0.946974992752,6391
0.947796106339,6390
0.948189020157,6389
0.949428081512,6388
0.950954914093,6387
0.951649904251,6386
0.952088117599,6385
0.952692985535,6384
0.954179048538,6383
0.955411911011,6382
0.956263065338,6381
0.957363128662,6380
0.958328008652,6379
0.959136009216,6378
0.959979057312,6377
0.961682081223,6376
0.962493896484,6375
0.962794065475,6374
0.963540077209,6373
0.965486049652,6372
0.966485023499,6371
0.967298984528,6370
0.967653036118,6369
0.968538999557,6368
0.969393968582,6367
0.9700319767,6366
0.972122907639,6365
0.973076105118,6364
0.973797082901,6363
0.97412610054,6362
0.975687980652,6361
0.976201057434,6360
0.977221012115,6359
0.978657960892,6358
0.979208946228,6357
0.97957110405,6356
0.980017900467,6355
0.980511903763,6354
0.980955123901,6353
0.981945991516,6352
0.982347011566,6351
0.984745025635,6350
0.985424995422,6349
0.986109972,6348
0.986805915833,6347
0.987282991409,6346
0.988584041595,6345
0.990718126297,6344
0.991466999054,6343
0.991940021515,6342
0.992593050003,6341
0.993547916412,6340
0.994915962219,6339
0.995579957962,6338
0.996299028397,6337
0.997836112976,6336
0.999555110931,6335
0.999959945679,6334
1.0002989769,6333
1.00111699104,6332
1.0028989315,6331
1.00331902504,6330
1.0036649704,6329
1.00443696976,6328
1.00519609451,6327
1.00668907166,6326
1.00736808777,6325
1.00823092461,6324
1.00863289833,6323
1.00990509987,6322
1.01040101051,6321
1.01094198227,6320
1.01159310341,6319
1.01244211197,6318
1.01321005821,6317
1.01584410667,6316
1.01642990112,6315
1.01785206795,6314
1.01907396317,6313
1.02010011673,6312
1.02117109299,6311
1.02171397209,6310
1.02262496948,6309
1.02346992493,6308
1.0249080658,6307
1.02535390854,6306
1.02582597733,6305
1.0261619091,6304
1.02697992325,6303
1.02736496925,6302
1.02893400192,6301
1.02953910828,6300
1.03002309799,6299
1.03149700165,6298
1.03176903725,6297
1.03352403641,6296
1.03447508812,6295
1.03509998322,6294
1.03577303886,6293
1.03623604774,6292
1.03667211533,6291
1.03750801086,6290
1.03879189491,6289
1.03932309151,6288
1.03979706764,6287
1.04035592079,6286
1.04161095619,6285
1.04214906693,6284
1.04292798042,6283
1.04321503639,6282
1.04359698296,6281
1.04487705231,6280
1.04554200172,6279
1.04677009583,6278
1.04853892326,6277
1.04927396774,6276
1.05040597916,6275
1.05172395706,6274
1.05270504951,6273
1.05346703529,6272
1.05425405502,6271
1.05525112152,6270
1.05564308167,6269
1.05609297752,6268
1.05674910545,6267
1.05774402618,6266
1.05866408348,6265
1.05975389481,6264
1.06019592285,6263
1.06135892868,6262
1.0621740818,6261
1.06300997734,6260
1.06341695786,6259
1.06389713287,6258
1.06417989731,6257
1.06470012665,6256
1.06681203842,6255
1.06710195541,6254
1.06801390648,6253
1.06881213188,6252
1.07067799568,6251
1.07121706009,6250
1.0720949173,6249
1.07373809814,6248
1.07500100136,6247
1.07565402985,6246
1.07607698441,6245
1.0769610405,6244
1.07771110535,6243
1.0789680481,6242
1.07951712608,6241
1.08346700668,6240
1.08445596695,6239
1.08608698845,6238
1.08657813072,6237
1.08843612671,6236
1.08904004097,6235
1.09057497978,6234
1.09099197388,6233
1.09162712097,6232
1.09285902977,6231
1.09388113022,6230
1.094383955,6229
1.09484410286,6228
1.09561300278,6227
1.09643602371,6226
1.09763407707,6225
1.09808397293,6224
1.09859704971,6223
1.09908008575,6222
1.10023903847,6221
1.10065293312,6220
1.10123205185,6219
1.10403704643,6218
1.10477089882,6217
1.10543704033,6216
1.10629892349,6215
1.10660910606,6214
1.10711312294,6213
1.10946798325,6212
1.11089301109,6211
1.11161208153,6210
1.11220598221,6209
1.11330294609,6208
1.11392998695,6207
1.11577701569,6206
1.11720705032,6205
1.11971998215,6204
1.12026000023,6203
1.12197399139,6202
1.12271094322,6201
1.12493395805,6200
1.12756609917,6199
1.12917494774,6198
1.13043308258,6197
1.13094997406,6196
1.1317679882,6195
1.13244700432,6194
1.1337389946,6193
1.13519096375,6192
1.13605904579,6191
1.13814711571,6190
1.13930106163,6189
1.14005112648,6188
1.14099407196,6187
1.14289212227,6186
1.14332604408,6185
1.14411711693,6184
1.1456489563,6183
1.14784002304,6182
1.14818501472,6181
1.14848899841,6180
1.14891791344,6179
1.15054106712,6178
1.15107703209,6177
1.15135502815,6176
1.15259099007,6175
1.15359401703,6174
1.15408110619,6173
1.15441608429,6172
1.15492892265,6171
1.15689992905,6170
1.15774893761,6169
1.15824508667,6168
1.15913891792,6167
1.15951800346,6166
1.16094112396,6165
1.16163897514,6164
1.16385293007,6163
1.16435909271,6162
1.1649119854,6161
1.16568613052,6160
1.16701292992,6159
1.16842889786,6158
1.16921591759,6157
1.17046689987,6156
1.17187404633,6155
1.17223191261,6154
1.17271900177,6153
1.17488002777,6152
1.17537808418,6151
1.17723703384,6150
1.17810511589,6149
1.17859101295,6148
1.17905712128,6147
1.17994809151,6146
1.18060898781,6145
1.1810131073,6144
1.18183302879,6143
1.18258094788,6142
1.18395709991,6141
1.18447589874,6140
1.18484711647,6139
1.1854789257,6138
1.18627905846,6137
1.18704509735,6136
1.18798804283,6135
1.18974089622,6134
1.19161391258,6133
1.192704916,6132
1.19335007668,6131
1.19482111931,6130
1.19559502602,6129
1.19642806053,6128
1.19768309593,6127
1.198554039,6126
1.19891905785,6125
1.20025205612,6124
1.20072507858,6123
1.20108604431,6122
1.20149898529,6121
1.20219302177,6120
1.20262002945,6119
1.20334196091,6118
1.20387792587,6117
1.20419502258,6116
1.204611063,6115
1.20603990555,6114
1.20956802368,6113
1.21058797836,6112
1.21191310883,6111
1.21342611313,6110
1.21386408806,6109
1.21523094177,6108
1.21594810486,6107
1.21688389778,6106
1.21772003174,6105
1.21953201294,6104
1.22033500671,6103
1.22273802757,6102
1.22418308258,6101
1.22621107101,6100
1.22669100761,6099
1.22816491127,6098
1.22896504402,6097
1.2293510437,6096
1.2313439846,6095
1.23194098473,6094
1.23346590996,6093
1.23656892776,6092
1.23706912994,6091
1.23819994926,6090
1.23954701424,6089
1.23997092247,6088
1.2404229641,6087
1.2408490181,6086
1.24216604233,6085
1.24486398697,6084
1.24689602852,6083
1.2478621006,6082
1.25125193596,6081
1.25267505646,6080
1.25319504738,6079
1.25414299965,6078
1.25459003448,6077
1.25552010536,6076
1.25726604462,6075
1.25838303566,6074
1.26046204567,6073
1.26196312904,6072
1.26257109642,6071
1.26432609558,6070
1.2655570507,6069
1.2668530941,6068
1.26943707466,6067
1.27134013176,6066
1.27574491501,6065
1.27628111839,6064
1.27780008316,6063
1.27827310562,6062
1.27874708176,6061
1.27932906151,6060
1.28157997131,6059
1.28245902061,6058
1.2828130722,6057
1.28384995461,6056
1.28439807892,6055
1.28484606743,6054
1.28649902344,6053
1.28697800636,6052
1.28761506081,6051
1.287981987,6050
1.28884196281,6049
1.28963589668,6048
1.29052591324,6047
1.29177689552,6046
1.2928609848,6045
1.29378199577,6044
1.29457998276,6043
1.29691910744,6042
1.29748797417,6041
1.29794192314,6040
1.29922699928,6039
1.30157709122,6038
1.30201911926,6037
1.30263710022,6036
1.30300211906,6035
1.30623292923,6034
1.30772709846,6033
1.30956697464,6032
1.31005096436,6031
1.31061601639,6030
1.31178593636,6029
1.31260991096,6028
1.31472396851,6027
1.31823897362,6026
1.31895709038,6025
1.32260704041,6024
1.32693195343,6023
1.3273639679,6022
1.32945489883,6021
1.33011507988,6020
1.33098697662,6019
1.33144211769,6018
1.33359909058,6017
1.33443903923,6016
1.33610296249,6015
1.33658099174,6014
1.33697295189,6013
1.33826589584,6012
1.3398411274,6011
1.34029102325,6010
1.34182596207,6009
1.34400606155,6008
1.34548902512,6007
1.34821891785,6006
1.34859800339,6005
1.34938406944,6004
1.34966397285,6003
1.35002708435,6002
1.35170006752,6001
1.35225391388,6000
1.3534219265,5999
1.3537979126,5998
1.35508203506,5997
1.35614395142,5996
1.35718011856,5995
1.35904192924,5994
1.35945892334,5993
1.3598690033,5992
1.36041307449,5991
1.36079502106,5990
1.36268401146,5989
1.36418890953,5988
1.36491703987,5987
1.36611509323,5986
1.36726212502,5985
1.36774992943,5984
1.36884403229,5983
1.36987090111,5982
1.37198400497,5981
1.37249493599,5980
1.37422013283,5979
1.37729597092,5978
1.37774610519,5977
1.37829995155,5976
1.37870192528,5975
1.3792450428,5974
1.37999010086,5973
1.38039708138,5972
1.38071107864,5971
1.38331699371,5970
1.38388991356,5969
1.3867559433,5968
1.38720798492,5967
1.38808703423,5966
1.38941693306,5965
1.39017391205,5964
1.39044094086,5963
1.39203691483,5962
1.39352107048,5961
1.39484906197,5960
1.39592909813,5959
1.39690804482,5958
1.3983540535,5957
1.40007209778,5956
1.40052008629,5955
1.401045084,5954
1.40191793442,5953
1.40262508392,5952
1.40303707123,5951
1.40392398834,5950
1.40576696396,5949
1.40699100494,5948
1.40980792046,5947
1.41010403633,5946
1.41233897209,5945
1.41260790825,5944
1.41310405731,5943
1.4136300087,5942
1.41526007652,5941
1.41632795334,5940
1.42052006721,5939
1.42201805115,5938
1.42343997955,5937
1.42405295372,5936
1.42470192909,5935
1.42542290688,5934
1.42600011826,5933
1.43021512032,5932
1.43257689476,5931
1.43409800529,5930
1.43714499474,5929
1.43770503998,5928
1.43816900253,5927
1.43887209892,5926
1.4402680397,5925
1.44337010384,5924
1.44404006004,5923
1.44465899467,5922
1.44566607475,5921
1.44799995422,5920
1.44934511185,5919
1.44996094704,5918
1.45039796829,5917
1.45087409019,5916
1.45132994652,5915
1.45232796669,5914
1.45311307907,5913
1.45436000824,5912
1.45509505272,5911
1.45682811737,5910
1.45855212212,5909
1.45932197571,5908
1.46041798592,5907
1.46108198166,5906
1.46282911301,5905
1.46378207207,5904
1.46515107155,5903
1.46867895126,5902
1.47014212608,5901
1.47061300278,5900
1.47148609161,5899
1.47187495232,5898
1.47304606438,5897
1.47395396233,5896
1.47438693047,5895
1.47544503212,5894
1.4762160778,5893
1.47872591019,5892
1.48011898994,5891
1.48054289818,5890
1.48102402687,5889
1.48341608047,5888
1.4843609333,5887
1.48479700089,5886
1.48576402664,5885
1.48672699928,5884
1.48757910728,5883
1.49546194077,5882
1.49634408951,5881
1.49935293198,5880
1.50285601616,5879
1.50347709656,5878
1.50400710106,5877
1.50441098213,5876
1.50488591194,5875
1.50558996201,5874
1.50756192207,5873
1.50902509689,5872
1.51370692253,5871
1.51434993744,5870
1.51607203484,5869
1.51658201218,5868
1.51759004593,5867
1.52069497108,5866
1.5211250782,5865
1.52390694618,5864
1.52555394173,5863
1.52629113197,5862
1.52771806717,5861
1.52974295616,5860
1.53227496147,5859
1.53417396545,5858
1.53614091873,5857
1.53699493408,5856
1.53846001625,5855
1.53906202316,5854
1.54042196274,5853
1.54165697098,5852
1.54382300377,5851
1.54599690437,5850
1.54858708382,5849
1.55249094963,5848
1.55331611633,5847
1.55368995667,5846
1.55445694923,5845
1.55546212196,5844
1.55648303032,5843
1.55701994896,5842
1.55884099007,5841
1.56047201157,5840
1.5608549118,5839
1.5632019043,5838
1.56680703163,5837
1.56739902496,5836
1.56798911095,5835
1.57310700417,5834
1.57402896881,5833
1.5757689476,5832
1.57629203796,5831
1.57735109329,5830
1.57809901237,5829
1.57964611053,5828
1.58074903488,5827
1.58267593384,5826
1.58357095718,5825
1.58620405197,5824
1.58728408813,5823
1.59065794945,5822
1.59149694443,5821
1.59193110466,5820
1.59361791611,5819
1.59410691261,5818
1.59489011765,5817
1.59592890739,5816
1.59733200073,5815
1.59848213196,5814
1.59932494164,5813
1.59960889816,5812
1.6000430584,5811
1.6019859314,5810
1.60427594185,5809
1.60594701767,5808
1.60875606537,5807
1.60958504677,5806
1.61337900162,5805
1.61509394646,5804
1.62065005302,5803
1.6249089241,5802
1.62520313263,5801
1.62572193146,5800
1.62841510773,5799
1.62916207314,5798
1.63102602959,5797
1.63263010979,5796
1.63461399078,5795
1.63523006439,5794
1.63646006584,5793
1.63805603981,5792
1.63895010948,5791
1.63964390755,5790
1.64036393166,5789
1.64170908928,5788
1.64545798302,5787
1.64606809616,5786
1.64785909653,5785
1.64920711517,5784
1.65046811104,5783
1.65182900429,5782
1.65250110626,5781
1.65353512764,5780
1.65669393539,5779
1.65700411797,5778
1.65814709663,5777
1.65959310532,5776
1.66005897522,5775
1.66044902802,5774
1.66108298302,5773
1.66310405731,5772
1.66453504562,5771
1.66749095917,5770
1.66838407516,5769
1.6692841053,5768
1.6710319519,5767
1.67183804512,5766
1.67415499687,5765
1.67580795288,5764
1.6772749424,5763
1.67769503593,5762
1.68073511124,5761
1.68258094788,5760
1.68855595589,5759
1.68929600716,5758
1.69036602974,5757
1.69107198715,5756
1.69228696823,5755
1.69338798523,5754
1.69673895836,5753
1.69826698303,5752
1.69873309135,5751
1.70053696632,5750
1.70297598839,5749
1.70338511467,5748
1.70467400551,5747
1.70572304726,5746
1.70639300346,5745
1.70731902122,5744
1.71046900749,5743
1.71104311943,5742
1.71228909492,5741
1.71758890152,5740
1.719217062,5739
1.72084212303,5738
1.72225689888,5737
1.72297406197,5736
1.72382903099,5735
1.72432804108,5734
1.72477912903,5733
1.72684001923,5732
1.72728490829,5731
1.73166704178,5730
1.73441505432,5729
1.73535299301,5728
1.73577404022,5727
1.73606300354,5726
1.73749399185,5725
1.73794603348,5724
1.73832297325,5723
1.73956298828,5722
1.73985004425,5721
1.74174594879,5720
1.74232602119,5719
1.74432492256,5718
1.74475598335,5717
1.74527096748,5716
1.74596691132,5715
1.75135612488,5714
1.75501203537,5713
1.75649690628,5712
1.75872707367,5711
1.75926589966,5710
1.75977993011,5709
1.76200199127,5708
1.76243805885,5707
1.76340508461,5706
1.76563811302,5705
1.76965999603,5704
1.77057790756,5703
1.77369594574,5702
1.77407693863,5701
1.77453398705,5700
1.77587199211,5699
1.77865409851,5698
1.78118491173,5697
1.78290891647,5696
1.7844889164,5695
1.78548812866,5694
1.7860929966,5693
1.79035592079,5692
1.79144906998,5691
1.79203891754,5690
1.79250812531,5689
1.79397892952,5688
1.79524707794,5687
1.79619407654,5686
1.7991039753,5685
1.80072307587,5684
1.80153203011,5683
1.80258512497,5682
1.80520009995,5681
1.80913901329,5680
1.81017994881,5679
1.8106110096,5678
1.81233906746,5677
1.81412792206,5676
1.81514406204,5675
1.81608104706,5674
1.8169131279,5673
1.81798195839,5672
1.81846499443,5671
1.82026910782,5670
1.82288789749,5669
1.82420706749,5668
1.82510709763,5667
1.82748007774,5666
1.829433918,5665
1.83186006546,5664
1.833507061,5663
1.83467507362,5662
1.83692908287,5661
1.84067511559,5660
1.84173893929,5659
1.84200501442,5658
1.84267902374,5657
1.84340500832,5656
1.84535598755,5655
1.84563708305,5654
1.84668898582,5653
1.84704995155,5652
1.84892702103,5651
1.84960508347,5650
1.85124111176,5649
1.85601711273,5648
1.85677790642,5647
1.85724306107,5646
1.8575720787,5645
1.8579750061,5644
1.85827898979,5643
1.86003994942,5642
1.86076307297,5641
1.86204195023,5640
1.86314892769,5639
1.86507606506,5638
1.86592912674,5637
1.86642599106,5636
1.86743092537,5635
1.86991691589,5634
1.87022209167,5633
1.87048697472,5632
1.87123799324,5631
1.8720741272,5630
1.8723950386,5629
1.87285804749,5628
1.87338995934,5627
1.87422299385,5626
1.87517309189,5625
1.87583994865,5624
1.87626504898,5623
1.87669706345,5622
1.87998008728,5621
1.88162207603,5620
1.88237500191,5619
1.88345909119,5618
1.88424706459,5617
1.88580107689,5616
1.88607192039,5615
1.88675403595,5614
1.88711810112,5613
1.88752293587,5612
1.88810491562,5611
1.89043998718,5610
1.89217305183,5609
1.8931210041,5608
1.89506793022,5607
1.89655995369,5606
1.89969205856,5605
1.90021705627,5604
1.90054106712,5603
1.9012761116,5602
1.90259790421,5601
1.90383410454,5600
1.90425205231,5599
1.9049448967,5598
1.9058110714,5597
1.90754508972,5596
1.90810203552,5595
1.90974998474,5594
1.91114902496,5593
1.91289901733,5592
1.91437792778,5591
1.91481089592,5590
1.91527891159,5589
1.9160130024,5588
1.9194419384,5587
1.92088413239,5586
1.92214202881,5585
1.92386198044,5584
1.9247610569,5583
1.92564797401,5582
1.92662906647,5581
1.92702412605,5580
1.92744493484,5579
1.92862296104,5578
1.93015098572,5577
1.9328110218,5576
1.93359494209,5575
1.93401694298,5574
1.93526291847,5573
1.93934202194,5572
1.9402449131,5571
1.9409430027,5570
1.94179701805,5569
1.94206690788,5568
1.9451239109,5567
1.9471321106,5566
1.94760107994,5565
1.94803094864,5564
1.94989299774,5563
1.95108604431,5562
1.95213198662,5561
1.95312905312,5560
1.95417404175,5559
1.95452904701,5558
1.95645594597,5557
1.95701313019,5556
1.96092009544,5555
1.96168398857,5554
1.96211791039,5553
1.96745204926,5552
1.96780395508,5551
1.96936106682,5550
1.97016191483,5549
1.97146606445,5548
1.97576498985,5547
1.97690606117,5546
1.97748708725,5545
1.97824001312,5544
1.97871112823,5543
1.98098492622,5542
1.98146104813,5541
1.98249912262,5540
1.98358392715,5539
1.9840760231,5538
1.98506402969,5537
1.98927903175,5536
1.99068808556,5535
1.99113607407,5534
1.99215912819,5533
1.99529790878,5532
1.99564194679,5531
1.99669504166,5530
1.99719500542,5529
1.99833512306,5528
2.00104594231,5527
2.00559902191,5526
2.00772595406,5525
2.01065611839,5524
2.01372003555,5523
2.01749706268,5522
2.01963305473,5521
2.02056694031,5520
2.02281212807,5519
2.02329707146,5518
2.02377605438,5517
2.02428007126,5516
2.02533793449,5515
2.02615404129,5514
2.02987098694,5513
2.03265309334,5512
2.03487992287,5511
2.03604698181,5510
2.0370619297,5509
2.03966593742,5508
2.04004812241,5507
2.04449510574,5506
2.04584908485,5505
2.04642796516,5504
2.04822397232,5503
2.05495095253,5502
2.05556607246,5501
2.05627608299,5500
2.06299304962,5499
2.06469511986,5498
2.06654596329,5497
2.06746697426,5496
2.06908106804,5495
2.07003998756,5494
2.07083201408,5493
2.07237291336,5492
2.07380604744,5491
2.07521295547,5490
2.07651305199,5489
2.08129501343,5488
2.08175611496,5487
2.08320903778,5486
2.0838470459,5485
2.08522391319,5484
2.08568096161,5483
2.08714103699,5482
2.08764195442,5481
2.08919405937,5480
2.08981895447,5479
2.09013700485,5478
2.09136199951,5477
2.09177708626,5476
2.0927259922,5475
2.09322810173,5474
2.09530901909,5473
2.09704589844,5472
2.0975561142,5471
2.0985519886,5470
2.09970402718,5469
2.10486197472,5468
2.10796904564,5467
2.10938811302,5466
2.11088705063,5465
2.11124706268,5464
2.11198806763,5463
2.11323904991,5462
2.11392593384,5461
2.11613893509,5460
2.11693191528,5459
2.11853694916,5458
2.1196770668,5457
2.1211540699,5456
2.122205019,5455
2.12655305862,5454
2.12791705132,5453
2.12843894958,5452
2.12871193886,5451
2.12976312637,5450
2.13003110886,5449
2.13147306442,5448
2.13275289536,5447
2.13477301598,5446
2.13525104523,5445
2.13971090317,5444
2.14411902428,5443
2.14507508278,5442
2.14783096313,5441
2.14978694916,5440
2.150192976,5439
2.1511220932,5438
2.15145993233,5437
2.15457606316,5436
2.1561820507,5435
2.15704798698,5434
2.16108608246,5433
2.16339802742,5432
2.16527605057,5431
2.16552495956,5430
2.16607904434,5429
2.16846895218,5428
2.16963410378,5427
2.17096590996,5426
2.17137908936,5425
2.17176294327,5424
2.17443108559,5423
2.17520499229,5422
2.17547607422,5421
2.17912197113,5420
2.17975997925,5419
2.18079996109,5418
2.18220591545,5417
2.1830470562,5416
2.18631505966,5415
2.18666005135,5414
2.18698191643,5413
2.18881797791,5412
2.19002795219,5411
2.19145393372,5410
2.19212293625,5409
2.19305109978,5408
2.19498991966,5407
2.19573092461,5406
2.19619512558,5405
2.1970770359,5404
2.20320606232,5403
2.20710897446,5402
2.208081007,5401
2.21170306206,5400
2.21215391159,5399
2.2157599926,5398
2.21627092361,5397
2.21977591515,5396
2.22124409676,5395
2.22211098671,5394
2.22267198563,5393
2.2238099575,5392
2.22541594505,5391
2.22585105896,5390
2.22661209106,5389
2.22761702538,5388
2.22951412201,5387
2.23087692261,5386
2.23181891441,5385
2.2326529026,5384
2.23414111137,5383
2.23566412926,5382
2.23650693893,5381
2.23706102371,5380
2.239331007,5379
2.24039196968,5378
2.2418179512,5377
2.24208307266,5376
2.24247598648,5375
2.24311995506,5374
2.244161129,5373
2.2447309494,5372
2.24597191811,5371
2.24673008919,5370
2.24866509438,5369
2.2495341301,5368
2.25042700768,5367
2.25119805336,5366
2.25474095345,5365
2.25518894196,5364
2.25551700592,5363
2.2566781044,5362
2.25803112984,5361
2.25862407684,5360
2.26027393341,5359
2.26083707809,5358
2.26122307777,5357
2.26147794724,5356
2.26189303398,5355
2.26396393776,5354
2.26577210426,5353
2.26683592796,5352
2.26732301712,5351
2.26786899567,5350
2.26852107048,5349
2.27118492126,5348
2.27137804031,5347
2.27224206924,5346
2.27453398705,5345
2.27603793144,5344
2.27964901924,5343
2.28311991692,5342
2.28895998001,5341
2.29075193405,5340
2.29127407074,5339
2.29152011871,5338
2.29218506813,5337
2.29336094856,5336
2.2951259613,5335
2.29578495026,5334
2.29717493057,5333
2.29843401909,5332
2.29866790771,5331
2.29941511154,5330
2.30146002769,5329
2.30172300339,5328
2.30222392082,5327
2.3038790226,5326
2.30453205109,5325
2.30596113205,5324
2.30804204941,5323
2.30970692635,5322
2.31243395805,5321
2.31707596779,5320
2.32049798965,5319
2.32177710533,5318
2.32279801369,5317
2.32319307327,5316
2.3239710331,5315
2.32466101646,5314
2.32555794716,5313
2.32961702347,5312
2.33084201813,5311
2.33170700073,5310
2.332447052,5309
2.33352398872,5308
2.33428692818,5307
2.33501291275,5306
2.33691310883,5305
2.33777689934,5304
2.3384809494,5303
2.338752985,5302
2.33955001831,5301
2.3418700695,5300
2.34264492989,5299
2.34304404259,5298
2.34787392616,5297
2.34855389595,5296
2.34902000427,5295
2.3499341011,5294
2.35159897804,5293
2.35207104683,5292
2.35409903526,5291
2.35799813271,5290
2.36088299751,5289
2.36182808876,5288
2.36301708221,5287
2.36448097229,5286
2.36574006081,5285
2.36634802818,5284
2.366574049,5283
2.36728096008,5282
2.36790204048,5281
2.36913895607,5280
2.37006902695,5279
2.37073898315,5278
2.37241911888,5277
2.37287712097,5276
2.37337803841,5275
2.37625193596,5274
2.3765809536,5273
2.37798309326,5272
2.37858891487,5271
2.37993001938,5270
2.38138604164,5269
2.38175201416,5268
2.3825109005,5267
2.38519597054,5266
2.38553500175,5265
2.38747406006,5264
2.38786697388,5263
2.38945698738,5262
2.39067912102,5261
2.39303708076,5260
2.39430999756,5259
2.39456510544,5258
2.39557790756,5257
2.39668893814,5256
2.39854693413,5255
2.40073299408,5254
2.40161108971,5253
2.40506005287,5252
2.40578889847,5251
2.40807294846,5250
2.40844511986,5249
2.4106400013,5248
2.4113099575,5247
2.41174197197,5246
2.41214895248,5245
2.41246891022,5244
2.41379189491,5243
2.41466808319,5242
2.41663408279,5241
2.41725993156,5240
2.41813206673,5239
2.42110800743,5238
2.42420506477,5237
2.4247879982,5236
2.42543506622,5235
2.42863202095,5234
2.4293050766,5233
2.43091106415,5232
2.43121194839,5231
2.43288111687,5230
2.43331599236,5229
2.43400001526,5228
2.43420600891,5227
2.43549704552,5226
2.43603610992,5225
2.43728590012,5224
2.43830299377,5223
2.44057202339,5222
2.44134092331,5221
2.44265890121,5220
2.44305801392,5219
2.44334793091,5218
2.444699049,5217
2.4453189373,5216
2.44608902931,5215
2.44658303261,5214
2.45078206062,5213
2.45143699646,5212
2.4534330368,5211
2.45522809029,5210
2.45587706566,5209
2.45632600784,5208
2.45759391785,5207
2.45880293846,5206
2.46006512642,5205
2.46203994751,5204
2.46238803864,5203
2.46345090866,5202
2.46429109573,5201
2.46474790573,5200
2.46659612656,5199
2.46926307678,5198
2.46998596191,5197
2.47078108788,5196
2.47203207016,5195
2.47322010994,5194
2.47466111183,5193
2.47691297531,5192
2.47811412811,5191
2.48017406464,5190
2.48104095459,5189
2.48232007027,5188
2.48369193077,5187
2.48435497284,5186
2.48473000526,5185
2.48602104187,5184
2.48981308937,5183
2.4965159893,5182
2.49718308449,5181
2.49774599075,5180
2.49914312363,5179
2.49956703186,5178
2.50285410881,5177
2.50356793404,5176
2.50439095497,5175
2.50494790077,5174
2.50656700134,5173
2.50813102722,5172
2.50901293755,5171
2.50964999199,5170
2.50990509987,5169
2.51051902771,5168
2.51079893112,5167
2.51315593719,5166
2.51525402069,5165
2.51687598228,5164
2.51869106293,5163
2.51970410347,5162
2.52173995972,5161
2.52319502831,5160
2.52608799934,5159
2.52700209618,5158
2.52758407593,5157
2.52817702293,5156
2.5292570591,5155
2.52993893623,5154
2.53247189522,5153
2.53311610222,5152
2.53463506699,5151
2.5349419117,5150
2.53625798225,5149
2.53740000725,5148
2.53876709938,5147
2.53918504715,5146
2.54128789902,5145
2.54281902313,5144
2.5432870388,5143
2.54377412796,5142
2.54527497292,5141
2.54582595825,5140
2.54727101326,5139
2.55241513252,5138
2.55347490311,5137
2.55523490906,5136
2.55650496483,5135
2.55889296532,5134
2.56042408943,5133
2.5610370636,5132
2.56185102463,5131
2.56337404251,5130
2.56385207176,5129
2.56443500519,5128
2.56516098976,5127
2.56568598747,5126
2.56616902351,5125
2.5675508976,5124
2.56793212891,5123
2.57378005981,5122
2.57452702522,5121
2.57490301132,5120
2.57584810257,5119
2.5768699646,5118
2.57733201981,5117
2.57886910439,5116
2.586165905,5115
2.59014606476,5114
2.59077191353,5113
2.59182810783,5112
2.59622693062,5111
2.59807300568,5110
2.59847903252,5109
2.59972190857,5108
2.60312199593,5107
2.60421991348,5106
2.60613203049,5105
2.60762500763,5104
2.60782909393,5103
2.60818195343,5102
2.60844612122,5101
2.61059308052,5100
2.61140203476,5099
2.61195898056,5098
2.61232995987,5097
2.61379408836,5096
2.61519598961,5095
2.61556005478,5094
2.61860704422,5093
2.61928892136,5092
2.62081003189,5091
2.62152194977,5090
2.62217712402,5089
2.62398910522,5088
2.62480306625,5087
2.62543606758,5086
2.62780308723,5085
2.62919402122,5084
2.63115310669,5083
2.63205695152,5082
2.63496804237,5081
2.63643503189,5080
2.63785099983,5079
2.63970708847,5078
2.64215612411,5077
2.64391207695,5076
2.64422702789,5075
2.64566993713,5074
2.64700889587,5073
2.64991211891,5072
2.65071201324,5071
2.65546512604,5070
2.65615606308,5069
2.65722107887,5068
2.65777492523,5067
2.66097998619,5066
2.66504693031,5065
2.66725492477,5064
2.66923093796,5063
2.67014598846,5062
2.67176008224,5061
2.67494606972,5060
2.67520403862,5059
2.67555308342,5058
2.67622113228,5057
2.67645192146,5056
2.67774701118,5055
2.68023705482,5054
2.68189311028,5053
2.68432092667,5052
2.68486404419,5051
2.68512296677,5050
2.68609189987,5049
2.68736410141,5048
2.68834996223,5047
2.69028806686,5046
2.69057202339,5045
2.69162297249,5044
2.69296097755,5043
2.6934299469,5042
2.69449710846,5041
2.69786095619,5040
2.69952011108,5039
2.70017504692,5038
2.70248889923,5037
2.70278191566,5036
2.70408201218,5035
2.70428800583,5034
2.70512390137,5033
2.70667099953,5032
2.70724201202,5031
2.70886802673,5030
2.71186208725,5029
2.71293401718,5028
2.7149450779,5027
2.71531510353,5026
2.71685600281,5025
2.71754312515,5024
2.71784996986,5023
2.72002601624,5022
2.72063493729,5021
2.72222208977,5020
2.72266411781,5019
2.72596311569,5018
2.72681498528,5017
2.72718405724,5016
2.73173213005,5015
2.73504805565,5014
2.7353849411,5013
2.7365090847,5012
2.73710298538,5011
2.74121403694,5010
2.74154901505,5009
2.74185204506,5008
2.74223804474,5007
2.74488711357,5006
2.74533891678,5005
2.74797201157,5004
2.74992704391,5003
2.75123310089,5002
2.75247311592,5001
2.75282597542,5000
2.75361204147,4999
2.75486111641,4998
2.75693893433,4997
2.75850296021,4996
2.7621679306,4995
2.76403093338,4994
2.7654569149,4993
2.76598000526,4992
2.76688504219,4991
2.76772999763,4990
2.76812291145,4989
2.76838493347,4988
2.77087497711,4987
2.77114892006,4986
2.77174592018,4985
2.77488207817,4984
2.77581095695,4983
2.7772769928,4982
2.77758693695,4981
2.77977705002,4980
2.78023695946,4979
2.78067708015,4978
2.78479194641,4977
2.78581690788,4976
2.78668093681,4975
2.78804898262,4974
2.78847908974,4973
2.78895902634,4972
2.79246997833,4971
2.79284596443,4970
2.79419994354,4969
2.79615998268,4968
2.79779195786,4967
2.79913306236,4966
2.80074810982,4965
2.80195307732,4964
2.80237293243,4963
2.802724123,4962
2.80494093895,4961
2.80710506439,4960
2.80784797668,4959
2.81151795387,4958
2.81307911873,4957
2.81430101395,4956
2.81643104553,4955
2.81710910797,4954
2.81763291359,4953
2.81941795349,4952
2.82084608078,4951
2.82140994072,4950
2.82251000404,4949
2.8231010437,4948
2.82423996925,4947
2.83052396774,4946
2.83088612556,4945
2.83230996132,4944
2.83316397667,4943
2.83659410477,4942
2.83731603622,4941
2.8401389122,4940
2.84083890915,4939
2.84187102318,4938
2.84220409393,4937
2.84301304817,4936
2.84439301491,4935
2.84503698349,4934
2.84870195389,4933
2.8522310257,4932
2.85514092445,4931
2.8566930294,4930
2.85797905922,4929
2.85891294479,4928
2.85982298851,4927
2.8600859642,4926
2.86109900475,4925
2.86202192307,4924
2.86332011223,4923
2.86421203613,4922
2.86872196198,4921
2.86921596527,4920
2.86984205246,4919
2.87279391289,4918
2.87322402,4917
2.87519598007,4916
2.87593603134,4915
2.87880110741,4914
2.88327598572,4913
2.88359594345,4912
2.88503503799,4911
2.88741993904,4910
2.89179706573,4909
2.89412498474,4908
2.89483094215,4907
2.89561009407,4906
2.90012812614,4905
2.90239810944,4904
2.90261507034,4903
2.90528798103,4902
2.90977406502,4901
2.91241192818,4900
2.9153881073,4899
2.91687011719,4898
2.91782808304,4897
2.92147898674,4896
2.92414712906,4895
2.92504811287,4894
2.92539906502,4893
2.92589497566,4892
2.92838907242,4891
2.92930912971,4890
2.93324899673,4889
2.93432593346,4888
2.93504309654,4887
2.94254899025,4886
2.94332909584,4885
2.94743990898,4884
2.94809007645,4883
2.94946193695,4882
2.95002794266,4881
2.95088005066,4880
2.95368099213,4879
2.954226017,4878
2.95598697662,4877
2.95883893967,4876
2.96234607697,4875
2.96505999565,4874
2.96594190598,4873
2.96766209602,4872
2.96868300438,4871
2.97803211212,4870
2.97966599464,4869
2.98119807243,4868
2.98151612282,4867
2.98311400414,4866
2.98346209526,4865
2.98422598839,4864
2.98791694641,4863
2.98991990089,4862
2.99065995216,4861
2.99247002602,4860
2.99410891533,4859
2.99443006516,4858
2.99938797951,4857
2.99990296364,4856
3.00132012367,4855
3.00315594673,4854
3.0092689991,4853
3.00990104675,4852
3.0104060173,4851
3.01102089882,4850
3.0124630928,4849
3.0128569603,4848
3.01323509216,4847
3.01557803154,4846
3.01769900322,4845
3.02200508118,4844
3.02320790291,4843
3.02409601212,4842
3.02517795563,4841
3.02555608749,4840
3.02816295624,4839
3.03136205673,4838
3.03316497803,4837
3.03387093544,4836
3.03450298309,4835
3.03746891022,4834
3.03780698776,4833
3.03974890709,4832
3.04120397568,4831
3.04297494888,4830
3.04336905479,4829
3.04722189903,4828
3.04888010025,4827
3.05172395706,4826
3.05399990082,4825
3.05529403687,4824
3.05629897118,4823
3.05721902847,4822
3.05770611763,4821
3.05826091766,4820
3.05852603912,4819
3.05886507034,4818
3.0604391098,4817
3.06233692169,4816
3.06607198715,4815
3.06813001633,4814
3.06886410713,4813
3.06991100311,4812
3.07031607628,4811
3.07065701485,4810
3.07092094421,4809
3.07274603844,4808
3.07503795624,4807
3.07637810707,4806
3.07680606842,4805
3.07778501511,4804
3.07816910744,4803
3.07886600494,4802
3.07942008972,4801
3.08063411713,4800
3.08140802383,4799
3.08292412758,4798
3.08382511139,4797
3.08583593369,4796
3.09049296379,4795
3.09173202515,4794
3.0943210125,4793
3.09621310234,4792
3.10098910332,4791
3.10227108002,4790
3.10532307625,4789
3.10654497147,4788
3.10715103149,4787
3.10779190063,4786
3.10811805725,4785
3.11076712608,4784
3.11112093925,4783
3.11218190193,4782
3.12042999268,4781
3.12261795998,4780
3.12481093407,4779
3.1261780262,4778
3.12667798996,4777
3.12901902199,4776
3.13257098198,4775
3.13324308395,4774
3.13461494446,4773
3.13706302643,4772
3.13932394981,4771
3.14020705223,4770
3.14080095291,4769
3.14111995697,4768
3.14199304581,4767
3.14265108109,4766
3.14536690712,4765
3.14760899544,4764
3.1486890316,4763
3.15074706078,4762
3.15392494202,4761
3.15737009048,4760
3.16231799126,4759
3.1634759903,4758
3.16407990456,4757
3.16655397415,4756
3.16887807846,4755
3.17437410355,4754
3.1769630909,4753
3.18855810165,4752
3.19163513184,4751
3.19302511215,4750
3.19353199005,4749
3.19462895393,4748
3.19539093971,4747
3.19758296013,4746
3.19868206978,4745
3.19919490814,4744
3.20154690742,4743
3.20321011543,4742
3.20595192909,4741
3.20674991608,4740
3.20777702332,4739
3.20813798904,4738
3.20838809013,4737
3.20958805084,4736
3.20989012718,4735
3.21134710312,4734
3.21548199654,4733
3.21831297874,4732
3.21933794022,4731
3.22130513191,4730
3.22165608406,4729
3.22328710556,4728
3.22349190712,4727
3.2264149189,4726
3.22681212425,4725
3.22847890854,4724
3.22891712189,4723
3.23119902611,4722
3.23348498344,4721
3.23399090767,4720
3.23458790779,4719
3.23646092415,4718
3.23713207245,4717
3.23911809921,4716
3.24006104469,4715
3.24083089828,4714
3.24364089966,4713
3.24990296364,4712
3.2503080368,4711
3.25267791748,4710
3.25390291214,4709
3.25420689583,4708
3.25542998314,4707
3.25579595566,4706
3.25753593445,4705
3.2601890564,4704
3.26186394691,4703
3.26397204399,4702
3.2664399147,4701
3.26751494408,4700
3.26887607574,4699
3.26955890656,4698
3.27291607857,4697
3.27766394615,4696
3.27820801735,4695
3.27988100052,4694
3.280782938,4693
3.28184700012,4692
3.28354692459,4691
3.28696107864,4690
3.28890299797,4689
3.29078698158,4688
3.2962949276,4687
3.29887700081,4686
3.3007080555,4685
3.3009660244,4684
3.30325603485,4683
3.30391597748,4682
3.30737996101,4681
3.30779409409,4680
3.31233501434,4679
3.31667804718,4678
3.31830811501,4677
3.32817196846,4676
3.33033704758,4675
3.33082699776,4674
3.33509802818,4673
3.33538198471,4672
3.3392970562,4671
3.33965110779,4670
3.34073591232,4669
3.34538006783,4668
3.34772992134,4667
3.34988307953,4666
3.35416007042,4665
3.35604906082,4664
3.35834693909,4663
3.35878705978,4662
3.36091899872,4661
3.36225605011,4660
3.36280798912,4659
3.36396694183,4658
3.36529994011,4657
3.36882710457,4656
3.37536501884,4655
3.37750506401,4654
3.38029503822,4653
3.38272500038,4652
3.3860449791,4651
3.38688707352,4650
3.3889811039,4649
3.38960194588,4648
3.39126706123,4647
3.39288806915,4646
3.39634108543,4645
3.39915800095,4644
3.39998793602,4643
3.40618109703,4642
3.40739893913,4641
3.41368794441,4640
3.41461706161,4639
3.41664195061,4638
3.42117810249,4637
3.42147302628,4636
3.42396402359,4635
3.42839598656,4634
3.43161702156,4633
3.43355512619,4632
3.4353120327,4631
3.43642401695,4630
3.43944811821,4629
3.44220805168,4628
3.44552111626,4627
3.44602704048,4626
3.44681596756,4625
3.44996905327,4624
3.45085811615,4623
3.45181202888,4622
3.4563999176,4621
3.45991396904,4620
3.46135807037,4619
3.46445512772,4618
3.46656703949,4617
3.47633910179,4616
3.47723293304,4615
3.47894310951,4614
3.48187589645,4613
3.48217797279,4612
3.48262810707,4611
3.48308396339,4610
3.48578596115,4609
3.48614311218,4608
3.48809599876,4607
3.48849797249,4606
3.49089694023,4605
3.4919860363,4604
3.49361896515,4603
3.49613404274,4602
3.50123310089,4601
3.50220394135,4600
3.50424098969,4599
3.50749802589,4598
3.50902104378,4597
3.51082491875,4596
3.5117020607,4595
3.51682901382,4594
3.51987504959,4593
3.52066206932,4592
3.52855610847,4591
3.53148794174,4590
3.53490805626,4589
3.53610897064,4588
3.53926110268,4587
3.54239392281,4586
3.54509210587,4585
3.54712796211,4584
3.54972410202,4583
3.55388092995,4582
3.55714511871,4581
3.55777192116,4580
3.56216311455,4579
3.56418395042,4578
3.56487107277,4577
3.56585693359,4576
3.56630110741,4575
3.5682849884,4574
3.57017111778,4573
3.57273507118,4572
3.57317090034,4571
3.57404708862,4570
3.57617807388,4569
3.57705712318,4568
3.5787460804,4567
3.58018803596,4566
3.58339500427,4565
3.58501195908,4564
3.58617591858,4563
3.5878970623,4562
3.5893471241,4561
3.58984398842,4560
3.59036111832,4559
3.59084892273,4558
3.59450411797,4557
3.60173106194,4556
3.60321092606,4555
3.60358810425,4554
3.60471892357,4553
3.60584211349,4552
3.60755395889,4551
3.60988306999,4550
3.61203408241,4549
3.61379504204,4548
3.61506009102,4547
3.61564612389,4546
3.61752605438,4545
3.62608599663,4544
3.62871599197,4543
3.62893509865,4542
3.63140296936,4541
3.63222312927,4540
3.63797998428,4539
3.63879799843,4538
3.64248895645,4537
3.64355301857,4536
3.64435911179,4535
3.64890003204,4534
3.65173792839,4533
3.65214705467,4532
3.65324997902,4531
3.65357208252,4530
3.65391397476,4529
3.65474796295,4528
3.65812706947,4527
3.66132903099,4526
3.66188812256,4525
3.66227793694,4524
3.66407012939,4523
3.66764712334,4522
3.66788101196,4521
3.67149806023,4520
3.67374610901,4519
3.67474508286,4518
3.67529606819,4517
3.67612409592,4516
3.67884993553,4515
3.68310809135,4514
3.68342995644,4513
3.68470907211,4512
3.68664908409,4511
3.68702101707,4510
3.69512605667,4509
3.6975710392,4508
3.69919610023,4507
3.70318198204,4506
3.70609498024,4505
3.70647192001,4504
3.70998597145,4503
3.71040701866,4502
3.71194195747,4501
3.71305298805,4500
3.71364712715,4499
3.71516013145,4498
3.71709108353,4497
3.71744608879,4496
3.71794199944,4495
3.71950507164,4494
3.7254319191,4493
3.72638297081,4492
3.7269051075,4491
3.72732806206,4490
3.72931909561,4489
3.7309589386,4488
3.73178100586,4487
3.73218512535,4486
3.73256206512,4485
3.74193096161,4484
3.74281597137,4483
3.7466840744,4482
3.747590065,4481
3.74995708466,4480
3.7505209446,4479
3.75443100929,4478
3.75790190697,4477
3.76135802269,4476
3.76455402374,4475
3.76865196228,4474
3.76946997643,4473
3.77020812035,4472
3.77051901817,4471
3.77261304855,4470
3.77347612381,4469
3.77652692795,4468
3.77980113029,4467
3.78175401688,4466
3.78290700912,4465
3.78385210037,4464
3.78460597992,4463
3.78546905518,4462
3.78655409813,4461
3.78848099709,4460
3.79326701164,4459
3.79404401779,4458
3.79873108864,4457
3.79952692986,4456
3.80310106277,4455
3.80560302734,4454
3.81188011169,4453
3.81396603584,4452
3.8181989193,4451
3.82105398178,4450
3.82611298561,4449
3.82913208008,4448
3.83303689957,4447
3.83445310593,4446
3.8370950222,4445
3.84051990509,4444
3.84398889542,4443
3.84473896027,4442
3.84560990334,4441
3.848498106,4440
3.84898400307,4439
3.85144400597,4438
3.85231089592,4437
3.85470104218,4436
3.85647511482,4435
3.8582470417,4434
3.86350107193,4433
3.86571311951,4432
3.87075090408,4431
3.87505292892,4430
3.87555193901,4429
3.87770104408,4428
3.87843894958,4427
3.87878894806,4426
3.88023900986,4425
3.88185095787,4424
3.88603591919,4423
3.88858890533,4422
3.89010596275,4421
3.89987707138,4420
3.90366911888,4419
3.90393400192,4418
3.90448212624,4417
3.90730905533,4416
3.91433811188,4415
3.92060303688,4414
3.92707109451,4413
3.92772293091,4412
3.92943310738,4411
3.93734312057,4410
3.9382519722,4409
3.93980813026,4408
3.94201207161,4407
3.94851398468,4406
3.95043301582,4405
3.95904397964,4404
3.95978403091,4403
3.9646999836,4402
3.96614003181,4401
3.96679210663,4400
3.96768808365,4399
3.97079801559,4398
3.9710919857,4397
3.97128891945,4396
3.97198796272,4395
3.97240710258,4394
3.97445011139,4393
3.97526907921,4392
3.9792330265,4391
3.97974395752,4390
3.98161292076,4389
3.98233890533,4388
3.9888010025,4387
3.98928809166,4386
3.99299407005,4385
3.99817895889,4384
3.99997997284,4383
4.00034213066,4382
4.00103807449,4381
4.00166511536,4380
4.00270295143,4379
4.00426912308,4378
4.00460600853,4377
4.00545597076,4376
4.00805306435,4375
4.00849604607,4374
4.01135706902,4373
4.01386904716,4372
4.01833891869,4371
4.02074790001,4370
4.02330994606,4369
4.02580094337,4368
4.0261759758,4367
4.02889609337,4366
4.03103709221,4365
4.03356695175,4364
4.03487992287,4363
4.03966999054,4362
4.04063105583,4361
4.04231500626,4360
4.04300689697,4359
4.04386591911,4358
4.04554891586,4357
4.04759097099,4356
4.04849600792,4355
4.04897689819,4354
4.04957008362,4353
4.0506169796,4352
4.05098795891,4351
4.05545401573,4350
4.06161308289,4349
4.06457710266,4348
4.06518507004,4347
4.06846404076,4346
4.07341098785,4345
4.07904911041,4344
4.08025693893,4343
4.08249092102,4342
4.08352208138,4341
4.08490896225,4340
4.08529400826,4339
4.08962798119,4338
4.09151506424,4337
4.0957710743,4336
4.10200810432,4335
4.10669708252,4334
4.11037802696,4333
4.11488509178,4332
4.12011289597,4331
4.12712407112,4330
4.12797093391,4329
4.1302280426,4328
4.13238811493,4327
4.1333770752,4326
4.1368830204,4325
4.14288902283,4324
4.14501404762,4323
4.14555597305,4322
4.14611411095,4321
4.14952397346,4320
4.153455019,4319
4.15483999252,4318
4.15771412849,4317
4.15804195404,4316
4.16025090218,4315
4.16376900673,4314
4.16745996475,4313
4.17118501663,4312
4.17512106895,4311
4.17784810066,4310
4.17904400826,4309
4.18261504173,4308
4.18439292908,4307
4.18784999847,4306
4.18856501579,4305
4.19091010094,4304
4.19208192825,4303
4.19315600395,4302
4.19398713112,4301
4.19494509697,4300
4.19608211517,4299
4.19698905945,4298
4.20006108284,4297
4.20137810707,4296
4.2025821209,4295
4.20671105385,4294
4.21190810204,4293
4.21426606178,4292
4.21965312958,4291
4.22416806221,4290
4.23014497757,4289
4.23840093613,4288
4.23946595192,4287
4.24202394485,4286
4.24484395981,4285
4.24739599228,4284
4.25104594231,4283
4.2540640831,4282
4.25466609001,4281
4.25600099564,4280
4.25674295425,4279
4.25841093063,4278
4.26055192947,4277
4.2663500309,4276
4.27083396912,4275
4.27210211754,4274
4.27628803253,4273
4.28136897087,4272
4.28407502174,4271
4.28579497337,4270
4.29188489914,4269
4.29469490051,4268
4.2957110405,4267
4.29644393921,4266
4.29721307755,4265
4.29767894745,4264
4.29931497574,4263
4.30002593994,4262
4.30303311348,4261
4.30372095108,4260
4.30717396736,4259
4.3076570034,4258
4.30847811699,4257
4.3093650341,4256
4.31094789505,4255
4.31144809723,4254
7.83837890625,4253
7.84323811531,4252
7.85029506683,4251
7.8509581089,4250
7.85328912735,4249
7.85459113121,4248
7.8592209816,4247
7.86573791504,4246
7.87175607681,4245
7.87831997871,4244
7.88850593567,4243
7.90605807304,4242
7.9166738987,4241
7.93323898315,4240
7.93717193604,4239
7.93763208389,4238
7.93849205971,4237
7.9616420269,4236
7.96819496155,4235
7.97609400749,4234
7.97976899147,4233
7.98012399673,4232
8.00354099274,4231
8.00801491737,4230
8.02111005783,4229
8.02469992638,4228
11.3562300205,4227
11.3575599194,4226
11.3698611259,4225
11.3792359829,4224
11.3806579113,4223
11.3833620548,4222
11.3839468956,4221
11.3868060112,4220
11.4034540653,4219
11.4202940464,4218
11.4211781025,4217
11.4285809994,4216
11.434360981,4215
11.4370670319,4214
11.4458680153,4213
11.4555330276,4212
11.4595730305,4211
11.4681699276,4210
11.4846229553,4209
11.4894890785,4208
11.4923579693,4207
11.5071239471,4206
11.5139100552,4205
11.5162339211,4204
11.5260009766,4203
11.5266759396,4202
11.5332510471,4201
11.5644140244,4200
11.5827739239,4199
11.5914120674,4198
11.5962231159,4197
11.6085340977,4196
11.6095440388,4195
11.6149110794,4194
11.6156959534,4193
11.6267120838,4192
11.6418609619,4191
11.651499033,4190
11.6609749794,4189
11.6653549671,4188
11.669367075,4187
11.6699690819,4186
11.6744129658,4185
11.675483942,4184
15.0360660553,4183
15.0662848949,4182
15.070125103,4181
15.0907859802,4180
15.098553896,4179
15.1031119823,4178
15.1177361012,4177
15.1525850296,4176
15.1555418968,4175
15.1640510559,4174
15.1701021194,4173
15.1877799034,4172
15.1902489662,4171
15.1938769817,4170
15.1991961002,4169
15.2077200413,4168
15.2102849483,4167
15.2129130363,4166
15.2266180515,4165
15.2439990044,4164
15.2447268963,4163
15.2464261055,4162
15.2506561279,4161
15.2545619011,4160
15.2782618999,4159
15.2826669216,4158
15.2881240845,4157
15.2939479351,4156
15.2971229553,4155
15.3148200512,4154
18.8010349274,4153
18.8180351257,4152
18.8251059055,4151
18.8261530399,4150
18.8333261013,4149
18.8514449596,4148
18.8553469181,4147
18.8588900566,4146
18.8657081127,4145
18.8710911274,4144
18.8786621094,4143
18.8916149139,4142
18.9189760685,4141
18.9380230904,4140
18.9390349388,4139
18.960627079,4138
18.9632000923,4137
18.9644999504,4136
18.9847779274,4135
18.9882369041,4134
19.011095047,4133
19.0121910572,4132
19.0397119522,4131
19.0421500206,4130
19.0491070747,4129
22.6374709606,4128
22.6470320225,4127
22.654458046,4126
22.6714069843,4125
22.6777729988,4124
22.6792099476,4123
22.6958301067,4122
22.7069721222,4121
22.7194509506,4120
22.7224419117,4119
22.7278289795,4118
22.734787941,4117
22.766397953,4116
22.7894260883,4115
22.7943599224,4114
22.7947061062,4113
22.8054850101,4112
22.8218989372,4111
26.1741800308,4110
26.1881279945,4109
26.1907010078,4108
26.1996610165,4107
26.2559549809,4106
26.2568569183,4105
26.2598719597,4104
26.2661530972,4103
26.2862040997,4102
26.3076441288,4101
26.3342111111,4100
26.3409221172,4099
26.3538970947,4098
26.3554389477,4097
26.3642170429,4096
26.3707170486,4095
26.3723919392,4094
26.3799231052,4093
26.4320909977,4092
26.4489760399,4091
26.4499120712,4090
26.4630980492,4089
26.4635128975,4088
26.4707350731,4087
26.4913461208,4086
29.9137709141,4085
29.9167969227,4084
29.9222791195,4083
29.9364690781,4082
29.93800807,4081
29.9451069832,4080
29.9510059357,4079
29.9546201229,4078
29.9562931061,4077
29.9569540024,4076
29.9596381187,4075
29.9819049835,4074
29.9837110043,4073
29.9940879345,4072
30.0361990929,4071
30.0489690304,4070
30.055685997,4069
30.0683450699,4068
30.0850250721,4067
30.1073169708,4066
30.1151850224,4065
30.1233899593,4064
30.1254870892,4063
30.1258471012,4062
30.1397740841,4061
30.1414110661,4060
30.1448879242,4059
33.7079339027,4058
33.710119009,4057
33.7299120426,4056
33.7471690178,4055
33.7506740093,4054
33.7574150562,4053
33.7587931156,4052
33.7592039108,4051
33.766397953,4050
37.5139560699,4049
37.5197410583,4048
37.5280380249,4047
37.5290501118,4046
37.5404419899,4045
37.5632560253,4044
41.1055419445,4043
41.1170799732,4042
41.1268689632,4041
41.1377959251,4040
41.1397910118,4039
41.1426529884,4038
41.1436719894,4037
41.1454880238,4036
41.1603620052,4035
41.1610989571,4034
41.1871349812,4033
44.8894939423,4032
48.4740660191,4031
48.4815859795,4030
48.4844341278,4029
52.1056771278,4028
52.1206800938,4027
52.1214809418,4026
52.1434350014,4025
52.149212122,4024
55.8556170464,4023
55.8769159317,4022
55.8830358982,4021
55.8842220306,4020
55.8858060837,4019
55.8977999687,4018
55.9087569714,4017
55.9150938988,4016
55.9268050194,4015
55.9425001144,4014
59.592787981,4013
59.6042051315,4012
59.6061449051,4011
70.4830439091,4010
74.1323990822,4009
74.1348979473,4008
74.1374330521,4007
