0.0212459564209,7609
0.0221140384674,7608
0.0229930877686,7607
0.0236299037933,7606
0.0240790843964,7605
0.0247030258179,7604
0.0251860618591,7603
0.0256531238556,7602
0.0259890556335,7601
0.0266449451447,7600
0.0272440910339,7599
0.0278849601746,7598
0.0283780097961,7597
0.028813123703,7596
0.0294029712677,7595
0.0300359725952,7594
0.0304601192474,7593
0.0309200286865,7592
0.0312781333923,7591
0.0319530963898,7590
0.0326569080353,7589
0.0331001281738,7588
0.0336890220642,7587
0.0341229438782,7586
0.0347919464111,7585
0.0353779792786,7584
0.0360269546509,7583
0.0364570617676,7582
0.0369291305542,7581
0.0373229980469,7580
0.0380229949951,7579
0.0396111011505,7578
0.0404779911041,7577
0.0413239002228,7576
0.0418479442596,7575
0.0425670146942,7574
0.043112039566,7573
0.0436050891876,7572
0.0440030097961,7571
0.0446619987488,7570
0.045077085495,7569
0.0455651283264,7568
0.0459160804749,7567
0.046560049057,7566
0.0472540855408,7565
0.0477149486542,7564
0.048269033432,7563
0.0490210056305,7562
0.0496060848236,7561
0.050313949585,7560
0.05060505867,7559
0.0510950088501,7558
0.0516591072083,7557
0.0521740913391,7556
0.0527379512787,7555
0.0532460212708,7554
0.0535778999329,7553
0.0539190769196,7552
0.0544540882111,7551
0.0553679466248,7550
0.0557339191437,7549
0.0561640262604,7548
0.0565400123596,7547
0.0570430755615,7546
0.0574719905853,7545
0.0579969882965,7544
0.0583100318909,7543
0.0588579177856,7542
0.0592920780182,7541
0.0596361160278,7540
0.0600531101227,7539
0.0605099201202,7538
0.0608649253845,7537
0.0611491203308,7536
0.0618851184845,7535
0.0624051094055,7534
0.0630979537964,7533
0.0633931159973,7532
0.0639119148254,7531
0.0644121170044,7530
0.0648920536041,7529
0.0659890174866,7528
0.0665209293365,7527
0.0669510364532,7526
0.0673079490662,7525
0.0677211284637,7524
0.0685820579529,7523
0.0688860416412,7522
0.0692069530487,7521
0.069757938385,7520
0.0700249671936,7519
0.0703749656677,7518
0.071300983429,7517
0.0725378990173,7516
0.0732359886169,7515
0.07386302948,7514
0.074784040451,7513
0.0753231048584,7512
0.0756189823151,7511
0.0760810375214,7510
0.0767359733582,7509
0.0777010917664,7508
0.0780649185181,7507
0.0787041187286,7506
0.0795629024506,7505
0.0802280902863,7504
0.0812621116638,7503
0.0817980766296,7502
0.082179069519,7501
0.0827851295471,7500
0.0833299160004,7499
0.0836660861969,7498
0.084095954895,7497
0.0846021175385,7496
0.0850479602814,7495
0.0856211185455,7494
0.0860629081726,7493
0.0866630077362,7492
0.0874669551849,7491
0.0882890224457,7490
0.0892310142517,7489
0.0900619029999,7488
0.0907130241394,7487
0.0911180973053,7486
0.0917329788208,7485
0.0929780006409,7484
0.0937390327454,7483
0.0944221019745,7482
0.095183134079,7481
0.0956408977509,7480
0.0961320400238,7479
0.0966320037842,7478
0.0972521305084,7477
0.0975980758667,7476
0.0982229709625,7475
0.0986740589142,7474
0.0991249084473,7473
0.0995860099792,7472
0.10001707077,7471
0.100939035416,7470
0.10125207901,7469
0.10176897049,7468
0.102375984192,7467
0.10270190239,7466
0.103485107422,7465
0.104739904404,7464
0.105246067047,7463
0.105684995651,7462
0.106286048889,7461
0.106700897217,7460
0.107181072235,7459
0.107796907425,7458
0.108374118805,7457
0.109405040741,7456
0.109857082367,7455
0.11061000824,7454
0.111046075821,7453
0.111783981323,7452
0.112128973007,7451
0.112469911575,7450
0.113675117493,7449
0.114401102066,7448
0.114774942398,7447
0.115077972412,7446
0.115802049637,7445
0.116759061813,7444
0.117161035538,7443
0.117774963379,7442
0.118623971939,7441
0.119194030762,7440
0.119851112366,7439
0.120424032211,7438
0.120973110199,7437
0.121704101562,7436
0.122508049011,7435
0.123042106628,7434
0.123538017273,7433
0.12410402298,7432
0.124872922897,7431
0.125987052917,7430
0.126560926437,7429
0.12699508667,7428
0.12762594223,7427
0.12837600708,7426
0.128703117371,7425
0.129175901413,7424
0.129471063614,7423
0.130089044571,7422
0.130427122116,7421
0.130892038345,7420
0.131428956985,7419
0.132067918777,7418
0.1325070858,7417
0.13303399086,7416
0.13343501091,7415
0.133887052536,7414
0.134205102921,7413
0.134659051895,7412
0.135015010834,7411
0.135375976562,7410
0.136364936829,7409
0.136914014816,7408
0.137625932693,7407
0.137949943542,7406
0.138376951218,7405
0.138839006424,7404
0.13981795311,7403
0.14023399353,7402
0.140866041183,7401
0.141956090927,7400
0.142540931702,7399
0.143043994904,7398
0.144195079803,7397
0.144536972046,7396
0.145067930222,7395
0.145370006561,7394
0.145692110062,7393
0.14649105072,7392
0.146971940994,7391
0.14740896225,7390
0.147910118103,7389
0.148426055908,7388
0.148819923401,7387
0.149260997772,7386
0.151031017303,7385
0.152327060699,7384
0.1538169384,7383
0.154313087463,7382
0.154865980148,7381
0.155725002289,7380
0.156188011169,7379
0.156518936157,7378
0.157696008682,7377
0.158041000366,7376
0.158716917038,7375
0.159585952759,7374
0.159964084625,7373
0.16031908989,7372
0.161153078079,7371
0.162037134171,7370
0.163099050522,7369
0.163779973984,7368
0.164137125015,7367
0.164617061615,7366
0.165220975876,7365
0.166023015976,7364
0.166381120682,7363
0.166770935059,7362
0.167151927948,7361
0.167953968048,7360
0.168455123901,7359
0.168787956238,7358
0.169129133224,7357
0.169626951218,7356
0.170063972473,7355
0.170757055283,7354
0.171170949936,7353
0.171618938446,7352
0.172024965286,7351
0.172383069992,7350
0.173388957977,7349
0.173820972443,7348
0.174103021622,7347
0.174746990204,7346
0.176007986069,7345
0.176322937012,7344
0.1769490242,7343
0.178878068924,7342
0.179313898087,7341
0.179709911346,7340
0.180629014969,7339
0.181020975113,7338
0.181454896927,7337
0.181814908981,7336
0.182287931442,7335
0.183485031128,7334
0.184391975403,7333
0.184924125671,7332
0.185385942459,7331
0.185980081558,7330
0.186342954636,7329
0.186764001846,7328
0.187077999115,7327
0.187582015991,7326
0.188295125961,7325
0.188751935959,7324
0.190227031708,7323
0.190625905991,7322
0.191457033157,7321
0.192047119141,7320
0.192479133606,7319
0.193078041077,7318
0.193522930145,7317
0.193862915039,7316
0.194437026978,7315
0.195173025131,7314
0.195569992065,7313
0.196021080017,7312
0.196587085724,7311
0.198348999023,7310
0.198956012726,7309
0.199949979782,7308
0.200382947922,7307
0.200762987137,7306
0.201314926147,7305
0.201939105988,7304
0.202726125717,7303
0.203315019608,7302
0.203784942627,7301
0.204370975494,7300
0.204663038254,7299
0.205034971237,7298
0.205545902252,7297
0.206331014633,7296
0.206881999969,7295
0.207343101501,7294
0.207997083664,7293
0.208820104599,7292
0.210160970688,7291
0.210488080978,7290
0.211026906967,7289
0.212383031845,7288
0.212650060654,7287
0.213038921356,7286
0.213494062424,7285
0.213958024979,7284
0.21440911293,7283
0.214668035507,7282
0.215057134628,7281
0.215456008911,7280
0.215852022171,7279
0.216917037964,7278
0.217415094376,7277
0.217751026154,7276
0.218178033829,7275
0.218446969986,7274
0.219232082367,7273
0.219537973404,7272
0.22004199028,7271
0.220503091812,7270
0.221359014511,7269
0.221914052963,7268
0.222309112549,7267
0.222781896591,7266
0.223346948624,7265
0.223762989044,7264
0.224050998688,7263
0.224797010422,7262
0.225337982178,7261
0.22563290596,7260
0.225965023041,7259
0.226431131363,7258
0.227958917618,7257
0.22852396965,7256
0.228787899017,7255
0.229208946228,7254
0.229465961456,7253
0.229871034622,7252
0.230428934097,7251
0.230734109879,7250
0.231271028519,7249
0.231607913971,7248
0.232177972794,7247
0.232450008392,7246
0.233417987823,7245
0.233856916428,7244
0.234470129013,7243
0.234833955765,7242
0.235660076141,7241
0.236231088638,7240
0.236566066742,7239
0.236962080002,7238
0.237323999405,7237
0.238940954208,7236
0.239531040192,7235
0.240566015244,7234
0.241034030914,7233
0.241482019424,7232
0.241787910461,7231
0.242094993591,7230
0.24251294136,7229
0.242928028107,7228
0.243633031845,7227
0.244111061096,7226
0.244620084763,7225
0.245192050934,7224
0.245495080948,7223
0.246164083481,7222
0.246541976929,7221
0.246838092804,7220
0.247168064117,7219
0.247472047806,7218
0.247976064682,7217
0.24845790863,7216
0.249041080475,7215
0.24960899353,7214
0.250310897827,7213
0.250608921051,7212
0.251060962677,7211
0.25163602829,7210
0.252183914185,7209
0.252696037292,7208
0.253132104874,7207
0.253639936447,7206
0.253942012787,7205
0.254494905472,7204
0.254856109619,7203
0.255444049835,7202
0.25589799881,7201
0.256498098373,7200
0.25706410408,7199
0.257539987564,7198
0.258116006851,7197
0.259108066559,7196
0.259400129318,7195
0.25976896286,7194
0.260323047638,7193
0.260862112045,7192
0.261369943619,7191
0.261985063553,7190
0.262269973755,7189
0.263231992722,7188
0.263510942459,7187
0.264012098312,7186
0.264286994934,7185
0.264604091644,7184
0.265058994293,7183
0.265448093414,7182
0.266715049744,7181
0.267087936401,7180
0.267452001572,7179
0.268069982529,7178
0.268472909927,7177
0.269222974777,7176
0.269915103912,7175
0.270427942276,7174
0.271137952805,7173
0.271683931351,7172
0.272052049637,7171
0.272324085236,7170
0.273168087006,7169
0.273617982864,7168
0.274142980576,7167
0.274843931198,7166
0.275314092636,7165
0.275742053986,7164
0.276252985001,7163
0.277694940567,7162
0.278906106949,7161
0.279351949692,7160
0.279670953751,7159
0.280303001404,7158
0.280955076218,7157
0.281459093094,7156
0.282023906708,7155
0.282516956329,7154
0.282926082611,7153
0.283325910568,7152
0.283905982971,7151
0.284353017807,7150
0.284735918045,7149
0.285313129425,7148
0.285737991333,7147
0.287151098251,7146
0.287725925446,7145
0.28825211525,7144
0.288583040237,7143
0.289345026016,7142
0.290110111237,7141
0.290518045425,7140
0.290959119797,7139
0.291239023209,7138
0.291597127914,7137
0.291960954666,7136
0.292366981506,7135
0.292949914932,7134
0.293479919434,7133
0.2939889431,7132
0.294515132904,7131
0.295090913773,7130
0.295643091202,7129
0.296020030975,7128
0.296458005905,7127
0.296937942505,7126
0.298372030258,7125
0.298968076706,7124
0.299448013306,7123
0.300099134445,7122
0.300597906113,7121
0.301343917847,7120
0.30220413208,7119
0.302649974823,7118
0.303040027618,7117
0.303674936295,7116
0.304035902023,7115
0.305094957352,7114
0.30540895462,7113
0.305850028992,7112
0.308912038803,7111
0.309850931168,7110
0.310352087021,7109
0.310894012451,7108
0.311429023743,7107
0.312582969666,7106
0.313581943512,7105
0.314363956451,7104
0.314872980118,7103
0.315268993378,7102
0.315943956375,7101
0.316790103912,7100
0.318344116211,7099
0.319256067276,7098
0.319514989853,7097
0.319917917252,7096
0.321386098862,7095
0.321727991104,7094
0.322248935699,7093
0.322608947754,7092
0.323000907898,7091
0.323825120926,7090
0.324434995651,7089
0.324950933456,7088
0.325488090515,7087
0.326196908951,7086
0.326687097549,7085
0.327059030533,7084
0.327399015427,7083
0.327659130096,7082
0.328174114227,7081
0.328426122665,7080
0.329282045364,7079
0.329689979553,7078
0.330061912537,7077
0.330882072449,7076
0.332927942276,7075
0.333405971527,7074
0.334041118622,7073
0.334628105164,7072
0.335335969925,7071
0.3364610672,7070
0.336874961853,7069
0.338145017624,7068
0.339263916016,7067
0.339766025543,7066
0.340161085129,7065
0.340719938278,7064
0.341408014297,7063
0.342123031616,7062
0.342972993851,7061
0.343384027481,7060
0.343701124191,7059
0.344788074493,7058
0.345989942551,7057
0.346791982651,7056
0.347315073013,7055
0.347896099091,7054
0.348773002625,7053
0.349241018295,7052
0.350284099579,7051
0.350682973862,7050
0.352381944656,7049
0.352926015854,7048
0.353662014008,7047
0.354551076889,7046
0.356195926666,7045
0.356982946396,7044
0.358658075333,7043
0.359080076218,7042
0.359713077545,7041
0.360100984573,7040
0.361028909683,7039
0.361526012421,7038
0.36205291748,7037
0.362926959991,7036
0.363411903381,7035
0.363919019699,7034
0.364277124405,7033
0.3649559021,7032
0.365373134613,7031
0.365765094757,7030
0.36637711525,7029
0.366775035858,7028
0.367509126663,7027
0.368113994598,7026
0.368616104126,7025
0.369024038315,7024
0.36975812912,7023
0.370333909988,7022
0.371104001999,7021
0.37156701088,7020
0.372085094452,7019
0.373006105423,7018
0.373862981796,7017
0.37423992157,7016
0.375482082367,7015
0.376461982727,7014
0.37708902359,7013
0.377780914307,7012
0.378952980042,7011
0.380480051041,7010
0.38289809227,7009
0.383610010147,7008
0.38413310051,7007
0.385365009308,7006
0.385725021362,7005
0.386404037476,7004
0.386974096298,7003
0.387567996979,7002
0.389194011688,7001
0.38987493515,7000
0.390566110611,6999
0.391087055206,6998
0.391757965088,6997
0.392102003098,6996
0.392494916916,6995
0.393341064453,6994
0.393858909607,6993
0.394407987595,6992
0.39484000206,6991
0.396475076675,6990
0.397785902023,6989
0.398376941681,6988
0.399281024933,6987
0.400933027267,6986
0.401528120041,6985
0.402072906494,6984
0.404722929001,6983
0.40540599823,6982
0.406726121902,6981
0.40825510025,6980
0.409153938293,6979
0.40968298912,6978
0.409981012344,6977
0.410507917404,6976
0.410881996155,6975
0.411480903625,6974
0.411889076233,6973
0.412261962891,6972
0.412744045258,6971
0.414496898651,6970
0.414973020554,6969
0.416021108627,6968
0.416486978531,6967
0.41724896431,6966
0.417918920517,6965
0.41845202446,6964
0.418921947479,6963
0.419621944427,6962
0.420192956924,6961
0.422008991241,6960
0.422485113144,6959
0.423326015472,6958
0.424122095108,6957
0.424688100815,6956
0.425684928894,6955
0.426333904266,6954
0.426906108856,6953
0.427415132523,6952
0.428640127182,6951
0.432501077652,6950
0.433036088943,6949
0.433447122574,6948
0.434031009674,6947
0.435344934464,6946
0.435637950897,6945
0.436850070953,6944
0.437758922577,6943
0.438178062439,6942
0.439291954041,6941
0.440304994583,6940
0.44081902504,6939
0.441565036774,6938
0.442044019699,6937
0.443608999252,6936
0.443905115128,6935
0.444211959839,6934
0.444761037827,6933
0.445152044296,6932
0.445636034012,6931
0.446587085724,6930
0.446979045868,6929
0.448544025421,6928
0.449445009232,6927
0.450021028519,6926
0.450537919998,6925
0.451920986176,6924
0.452685117722,6923
0.453414916992,6922
0.454216957092,6921
0.454731941223,6920
0.455517053604,6919
0.456315994263,6918
0.456815004349,6917
0.458343982697,6916
0.459002017975,6915
0.459482908249,6914
0.459922075272,6913
0.460549116135,6912
0.460959911346,6911
0.4614610672,6910
0.461889028549,6909
0.462369918823,6908
0.462975025177,6907
0.464298963547,6906
0.464754104614,6905
0.465348958969,6904
0.465783119202,6903
0.466289997101,6902
0.46661400795,6901
0.469126939774,6900
0.469702959061,6899
0.470098972321,6898
0.471615076065,6897
0.472465991974,6896
0.473707914352,6895
0.474518060684,6894
0.47501206398,6893
0.47635602951,6892
0.476943969727,6891
0.477495908737,6890
0.478251934052,6889
0.479480028152,6888
0.480225086212,6887
0.480832099915,6886
0.481583118439,6885
0.482913970947,6884
0.483293056488,6883
0.483901977539,6882
0.484293937683,6881
0.48467206955,6880
0.485386133194,6879
0.486125946045,6878
0.48665189743,6877
0.488219022751,6876
0.488550901413,6875
0.489071130753,6874
0.48969912529,6873
0.490890026093,6872
0.491369962692,6871
0.492036104202,6870
0.492394924164,6869
0.492842912674,6868
0.493290901184,6867
0.494096040726,6866
0.494545936584,6865
0.495177984238,6864
0.495745897293,6863
0.496109008789,6862
0.497008085251,6861
0.497335910797,6860
0.49795293808,6859
0.499866008759,6858
0.500319004059,6857
0.50071811676,6856
0.50178694725,6855
0.502243995667,6854
0.503084897995,6853
0.503675937653,6852
0.503981113434,6851
0.504514932632,6850
0.505023002625,6849
0.506191968918,6848
0.506865024567,6847
0.507311105728,6846
0.510525941849,6845
0.511116027832,6844
0.512079000473,6843
0.512392997742,6842
0.512879133224,6841
0.513164043427,6840
0.514950990677,6839
0.516153097153,6838
0.516621112823,6837
0.51727604866,6836
0.517638921738,6835
0.518239974976,6834
0.51850605011,6833
0.520416975021,6832
0.520929098129,6831
0.521609067917,6830
0.522228002548,6829
0.522947072983,6828
0.523636102676,6827
0.52420592308,6826
0.524816989899,6825
0.525249958038,6824
0.525909900665,6823
0.526657104492,6822
0.526911020279,6821
0.528208971024,6820
0.529217004776,6819
0.529557943344,6818
0.529880046844,6817
0.530884981155,6816
0.53172492981,6815
0.532421112061,6814
0.533024072647,6813
0.533695936203,6812
0.534286022186,6811
0.534733057022,6810
0.535413980484,6809
0.536802053452,6808
0.53716802597,6807
0.53754401207,6806
0.538379907608,6805
0.539927005768,6804
0.5457239151,6803
0.546652078629,6802
0.546984910965,6801
0.548195123672,6800
0.549001932144,6799
0.549648046494,6798
0.550770044327,6797
0.55179309845,6796
0.553225040436,6795
0.553776979446,6794
0.554306030273,6793
0.554650068283,6792
0.555028915405,6791
0.555633068085,6790
0.556035995483,6789
0.556296110153,6788
0.556688070297,6787
0.558156013489,6786
0.558424949646,6785
0.559958934784,6784
0.560849905014,6783
0.561581134796,6782
0.562659025192,6781
0.563252925873,6780
0.564327001572,6779
0.564712047577,6778
0.565294027328,6777
0.567177057266,6776
0.567768096924,6775
0.568326950073,6774
0.568870067596,6773
0.570588111877,6772
0.571079969406,6771
0.571681022644,6770
0.572791099548,6769
0.573255062103,6768
0.574624061584,6767
0.575031995773,6766
0.575298070908,6765
0.575951099396,6764
0.576507091522,6763
0.577038049698,6762
0.577565908432,6761
0.579546928406,6760
0.579885005951,6759
0.580282926559,6758
0.581062078476,6757
0.581452131271,6756
0.582109928131,6755
0.582839012146,6754
0.583239078522,6753
0.583784103394,6752
0.584767103195,6751
0.58517408371,6750
0.586194038391,6749
0.586673974991,6748
0.587237119675,6747
0.587690114975,6746
0.58811712265,6745
0.588865995407,6744
0.589374065399,6743
0.590673923492,6742
0.591584920883,6741
0.59236907959,6740
0.592951059341,6739
0.593383073807,6738
0.593909025192,6737
0.594702005386,6736
0.595072984695,6735
0.595497131348,6734
0.595967054367,6733
0.596359968185,6732
0.596853971481,6731
0.597223997116,6730
0.598098993301,6729
0.59840798378,6728
0.59894990921,6727
0.599462032318,6726
0.599797964096,6725
0.600459098816,6724
0.601453065872,6723
0.602900028229,6722
0.603431940079,6721
0.603886127472,6720
0.604475021362,6719
0.605237007141,6718
0.605665922165,6717
0.606131076813,6716
0.606596946716,6715
0.606923103333,6714
0.607329130173,6713
0.607959032059,6712
0.609211921692,6711
0.609620094299,6710
0.609964132309,6709
0.61021399498,6708
0.61058306694,6707
0.611779928207,6706
0.612083911896,6705
0.612555027008,6704
0.61289191246,6703
0.613231897354,6702
0.613936901093,6701
0.615068912506,6700
0.615464925766,6699
0.616750955582,6698
0.617633104324,6697
0.618705034256,6696
0.619691133499,6695
0.620265007019,6694
0.620743989944,6693
0.621604919434,6692
0.623618125916,6691
0.624130010605,6690
0.625092983246,6689
0.625528097153,6688
0.625931024551,6687
0.626405954361,6686
0.62677192688,6685
0.627135038376,6684
0.627686977386,6683
0.628494024277,6682
0.628989934921,6681
0.630238056183,6680
0.63081908226,6679
0.631583929062,6678
0.631941080093,6677
0.632263898849,6676
0.632570028305,6675
0.633182048798,6674
0.633991956711,6673
0.634442090988,6672
0.634905099869,6671
0.635358095169,6670
0.636780023575,6669
0.637404918671,6668
0.638106107712,6667
0.638963937759,6666
0.64223408699,6665
0.642785072327,6664
0.643800973892,6663
0.644493103027,6662
0.645822048187,6661
0.646246910095,6660
0.646723985672,6659
0.647658109665,6658
0.648912906647,6657
0.649871110916,6656
0.65043091774,6655
0.653306007385,6654
0.653633117676,6653
0.654175043106,6652
0.655188083649,6651
0.656659126282,6650
0.657843112946,6649
0.658299922943,6648
0.659133911133,6647
0.659478902817,6646
0.660273075104,6645
0.662239074707,6644
0.662902116776,6643
0.663466930389,6642
0.664611101151,6641
0.6651699543,6640
0.665561914444,6639
0.666085004807,6638
0.667140007019,6637
0.667684078217,6636
0.668745040894,6635
0.669305086136,6634
0.670238018036,6633
0.670531988144,6632
0.671878099442,6631
0.672662973404,6630
0.673125982285,6629
0.673434019089,6628
0.674230098724,6627
0.674717903137,6626
0.675575017929,6625
0.676240921021,6624
0.676697969437,6623
0.677592039108,6622
0.677977085114,6621
0.678278923035,6620
0.678735017776,6619
0.679574966431,6618
0.680449962616,6617
0.680948019028,6616
0.682754993439,6615
0.683294057846,6614
0.684859991074,6613
0.685387134552,6612
0.686470985413,6611
0.687005996704,6610
0.687696933746,6609
0.688209056854,6608
0.689301013947,6607
0.690262079239,6606
0.690721035004,6605
0.692945957184,6604
0.693675994873,6603
0.694787025452,6602
0.695292949677,6601
0.695753097534,6600
0.696362018585,6599
0.6970911026,6598
0.697659015656,6597
0.698137044907,6596
0.698673963547,6595
0.699535131454,6594
0.700129985809,6593
0.701013088226,6592
0.701362133026,6591
0.702019929886,6590
0.702933073044,6589
0.70433306694,6588
0.705569982529,6587
0.706043958664,6586
0.707957983017,6585
0.708337068558,6584
0.70872092247,6583
0.709376096725,6582
0.70991897583,6581
0.711358070374,6580
0.712136030197,6579
0.712451934814,6578
0.713684082031,6577
0.714513063431,6576
0.716284990311,6575
0.717967033386,6574
0.718846082687,6573
0.720032930374,6572
0.721456050873,6571
0.721794128418,6570
0.722599983215,6569
0.723119020462,6568
0.724570989609,6567
0.72665810585,6566
0.727283000946,6565
0.727572917938,6564
0.728059053421,6563
0.729192018509,6562
0.729748010635,6561
0.731671094894,6560
0.732110023499,6559
0.733516931534,6558
0.733899116516,6557
0.734456062317,6556
0.736381053925,6555
0.736866950989,6554
0.737208127975,6553
0.737555027008,6552
0.738358974457,6551
0.738801002502,6550
0.739228010178,6549
0.74023103714,6548
0.74093413353,6547
0.741965055466,6546
0.742305994034,6545
0.742769002914,6544
0.744333028793,6543
0.745342969894,6542
0.746136903763,6541
0.747236967087,6540
0.748215913773,6539
0.748541116714,6538
0.748860120773,6537
0.749835014343,6536
0.750525951385,6535
0.752895116806,6534
0.753633022308,6533
0.754128932953,6532
0.754791975021,6531
0.755172967911,6530
0.756088972092,6529
0.757280111313,6528
0.757788896561,6527
0.758840084076,6526
0.760457038879,6525
0.760962963104,6524
0.761496067047,6523
0.761888980865,6522
0.762560129166,6521
0.763483047485,6520
0.764209985733,6519
0.764862060547,6518
0.765393018723,6517
0.765892982483,6516
0.766946077347,6515
0.767468929291,6514
0.768112897873,6513
0.768481016159,6512
0.769926071167,6511
0.770286083221,6510
0.770786046982,6509
0.771078109741,6508
0.771771907806,6507
0.772398948669,6506
0.773283004761,6505
0.773754119873,6504
0.774545907974,6503
0.775108098984,6502
0.776168107986,6501
0.776746988297,6500
0.777657032013,6499
0.77860212326,6498
0.779513120651,6497
0.780025959015,6496
0.780601024628,6495
0.781529903412,6494
0.782386064529,6493
0.783531904221,6492
0.784826993942,6491
0.786118984222,6490
0.787226915359,6489
0.788199901581,6488
0.788970947266,6487
0.7895591259,6486
0.789865970612,6485
0.790340900421,6484
0.790982961655,6483
0.792011976242,6482
0.792340993881,6481
0.79558801651,6480
0.796484947205,6479
0.797382116318,6478
0.798192977905,6477
0.799093961716,6476
0.79966711998,6475
0.800446987152,6474
0.801306009293,6473
0.802243947983,6472
0.802640914917,6471
0.802994012833,6470
0.803323984146,6469
0.803703069687,6468
0.806665897369,6467
0.807483911514,6466
0.809612989426,6465
0.810144901276,6464
0.812213897705,6463
0.812710046768,6462
0.813180923462,6461
0.813822031021,6460
0.814214944839,6459
0.814721107483,6458
0.815763950348,6457
0.816553115845,6456
0.81845998764,6455
0.818963050842,6454
0.819355010986,6453
0.819802045822,6452
0.820593118668,6451
0.822394132614,6450
0.82354593277,6449
0.825453042984,6448
0.82658290863,6447
0.827111959457,6446
0.827665090561,6445
0.829246997833,6444
0.830179929733,6443
0.830496072769,6442
0.833017110825,6441
0.833315134048,6440
0.833884000778,6439
0.834702014923,6438
0.835518121719,6437
0.837090969086,6436
0.837496995926,6435
0.838252067566,6434
0.841175079346,6433
0.842325925827,6432
0.843683004379,6431
0.845978975296,6430
0.846596956253,6429
0.84886598587,6428
0.849318027496,6427
0.850382089615,6426
0.851032018661,6425
0.851404905319,6424
0.851826906204,6423
0.853042125702,6422
0.856343984604,6421
0.85765004158,6420
0.858034133911,6419
0.858469963074,6418
0.858912944794,6417
0.860422134399,6416
0.861746072769,6415
0.862426042557,6414
0.863070011139,6413
0.863802909851,6412
0.864299058914,6411
0.865989923477,6410
0.866441011429,6409
0.867823123932,6408
0.868340015411,6407
0.869127988815,6406
0.869575977325,6405
0.870085954666,6404
0.870402097702,6403
0.871513128281,6402
0.872116088867,6401
0.873153924942,6400
0.873842954636,6399
0.875391960144,6398
0.87579202652,6397
0.876893043518,6396
0.87877702713,6395
0.879502058029,6394
0.879947900772,6393
0.880476951599,6392
0.880938053131,6391
0.881458044052,6390
0.882316112518,6389
0.882694005966,6388
0.883100986481,6387
0.885062932968,6386
0.886302947998,6385
0.887241125107,6384
0.888752937317,6383
0.889641046524,6382
0.890743970871,6381
0.891788959503,6380
0.892776012421,6379
0.893165111542,6378
0.893748998642,6377
0.894510984421,6376
0.8972260952,6375
0.899560928345,6374
0.900504112244,6373
0.902561903,6372
0.902990102768,6371
0.903563022614,6370
0.903980016708,6369
0.904719114304,6368
0.905673980713,6367
0.906070947647,6366
0.911190986633,6365
0.913751125336,6364
0.914254903793,6363
0.914946079254,6362
0.915488004684,6361
0.91605591774,6360
0.917794942856,6359
0.918260097504,6358
0.920391082764,6357
0.921659946442,6356
0.922195911407,6355
0.922749996185,6354
0.923233032227,6353
0.923614025116,6352
0.923999071121,6351
0.924478054047,6350
0.926680088043,6349
0.927663087845,6348
0.928088903427,6347
0.929218053818,6346
0.929728031158,6345
0.930634975433,6344
0.93110704422,6343
0.931415081024,6342
0.93189907074,6341
0.932445049286,6340
0.933393001556,6339
0.934257984161,6338
0.935375928879,6337
0.936379909515,6336
0.938376903534,6335
0.93886590004,6334
0.939351081848,6333
0.93997502327,6332
0.941522121429,6331
0.942774057388,6330
0.94454407692,6329
0.945786952972,6328
0.946203947067,6327
0.946887969971,6326
0.947387933731,6325
0.948442935944,6324
0.94889998436,6323
0.949646949768,6322
0.950829029083,6321
0.95148897171,6320
0.952949047089,6319
0.953402996063,6318
0.95468711853,6317
0.957365036011,6316
0.959779977798,6315
0.960253953934,6314
0.962388038635,6313
0.963653087616,6312
0.964627027512,6311
0.965111970901,6310
0.966869115829,6309
0.968590974808,6308
0.969049930573,6307
0.97132396698,6306
0.972439050674,6305
0.973515033722,6304
0.975811004639,6303
0.977029085159,6302
0.977814912796,6301
0.978411912918,6300
0.978755950928,6299
0.97976899147,6298
0.980230093002,6297
0.980586051941,6296
0.981852054596,6295
0.982971906662,6294
0.983810901642,6293
0.985126972198,6292
0.986468076706,6291
0.987225055695,6290
0.987915992737,6289
0.988569021225,6288
0.99186205864,6287
0.992458105087,6286
0.993716955185,6285
0.994307994843,6284
0.995089054108,6283
0.995795965195,6282
0.996728897095,6281
0.997370958328,6280
0.998341083527,6279
0.998783111572,6278
0.999758958817,6277
1.0002579689,6276
1.00067710876,6275
1.00119709969,6274
1.00222706795,6273
1.00288105011,6272
1.00379109383,6271
1.00451803207,6270
1.00587511063,6269
1.00698804855,6268
1.00837397575,6267
1.01039004326,6266
1.01143503189,6265
1.01314401627,6264
1.01360297203,6263
1.01435899734,6262
1.01487493515,6261
1.01630997658,6260
1.01697707176,6259
1.02031993866,6258
1.02072691917,6257
1.02102398872,6256
1.02202510834,6255
1.02246999741,6254
1.02330303192,6253
1.02435493469,6252
1.02501106262,6251
1.02665996552,6250
1.02769994736,6249
1.02855300903,6248
1.02958893776,6247
1.02997112274,6246
1.03170394897,6245
1.03227305412,6244
1.03273010254,6243
1.03420710564,6242
1.03669691086,6241
1.04032611847,6240
1.0409219265,6239
1.04235601425,6238
1.04384303093,6237
1.04462003708,6236
1.04591798782,6235
1.04785108566,6234
1.04842710495,6233
1.0501909256,6232
1.05061292648,6231
1.05293512344,6230
1.0534799099,6229
1.0551071167,6228
1.05586504936,6227
1.05634403229,6226
1.05764198303,6225
1.05840706825,6224
1.05885410309,6223
1.05985713005,6222
1.06075191498,6221
1.06212210655,6220
1.06267094612,6219
1.0632519722,6218
1.06397509575,6217
1.06478595734,6216
1.06571507454,6215
1.06689190865,6214
1.06813192368,6213
1.06963396072,6212
1.07120490074,6211
1.07371592522,6210
1.07421898842,6209
1.07488894463,6208
1.07558512688,6207
1.077064991,6206
1.07793903351,6205
1.07843708992,6204
1.07891201973,6203
1.07961010933,6202
1.08005309105,6201
1.08033299446,6200
1.08120894432,6199
1.08169913292,6198
1.08275294304,6197
1.08312606812,6196
1.08428692818,6195
1.0846350193,6194
1.08690190315,6193
1.08754611015,6192
1.08794593811,6191
1.08851003647,6190
1.08934807777,6189
1.08980512619,6188
1.0906419754,6187
1.09156513214,6186
1.09374904633,6185
1.09432792664,6184
1.09508490562,6183
1.09560012817,6182
1.09632611275,6181
1.10040402412,6180
1.10078501701,6179
1.10202813148,6178
1.10251498222,6177
1.10330200195,6176
1.10392594337,6175
1.10538911819,6174
1.10631299019,6173
1.10714912415,6172
1.10853600502,6171
1.11081790924,6170
1.11177110672,6169
1.11221790314,6168
1.11259913445,6167
1.1133351326,6166
1.11395001411,6165
1.1147711277,6164
1.11591696739,6163
1.1163918972,6162
1.11756896973,6161
1.11842989922,6160
1.12000894547,6159
1.12071013451,6158
1.1222910881,6157
1.12407493591,6156
1.12465405464,6155
1.12582206726,6154
1.12724900246,6153
1.12767195702,6152
1.12847304344,6151
1.12951993942,6150
1.13210892677,6149
1.13246107101,6148
1.1328561306,6147
1.13422393799,6146
1.13467502594,6145
1.13552713394,6144
1.13720297813,6143
1.13846206665,6142
1.1389529705,6141
1.13927197456,6140
1.13977193832,6139
1.1401309967,6138
1.14057397842,6137
1.14095211029,6136
1.14146590233,6135
1.14282298088,6134
1.14463090897,6133
1.14523005486,6132
1.14569211006,6131
1.14653611183,6130
1.14686512947,6129
1.14776206017,6128
1.14897012711,6127
1.14978504181,6126
1.1505689621,6125
1.15141296387,6124
1.15235710144,6123
1.1535949707,6122
1.1538670063,6121
1.15433502197,6120
1.15474104881,6119
1.1550590992,6118
1.15687990189,6117
1.15843701363,6116
1.15891504288,6115
1.16017007828,6114
1.16142296791,6113
1.16265797615,6112
1.16320896149,6111
1.16570711136,6110
1.16609692574,6109
1.16678905487,6108
1.16806292534,6107
1.16966795921,6106
1.17024803162,6105
1.1715760231,6104
1.17251801491,6103
1.17453312874,6102
1.17525291443,6101
1.17610311508,6100
1.17648410797,6099
1.17701601982,6098
1.17754912376,6097
1.17798995972,6096
1.17856502533,6095
1.17915511131,6094
1.17950296402,6093
1.18004798889,6092
1.18052506447,6091
1.18281006813,6090
1.18327999115,6089
1.18796300888,6088
1.18894910812,6087
1.1897110939,6086
1.19068312645,6085
1.1910879612,6084
1.19200801849,6083
1.19243693352,6082
1.19299602509,6081
1.19387698174,6080
1.19488596916,6079
1.19534397125,6078
1.19581413269,6077
1.19685602188,6076
1.19734597206,6075
1.20133090019,6074
1.20188713074,6073
1.20278692245,6072
1.20334196091,6071
1.20420312881,6070
1.20453095436,6069
1.20568394661,6068
1.20679211617,6067
1.208122015,6066
1.20888400078,6065
1.21104598045,6064
1.21155595779,6063
1.21245503426,6062
1.21372890472,6061
1.21433210373,6060
1.21460795403,6059
1.21502304077,6058
1.21542191505,6057
1.21744894981,6056
1.21839094162,6055
1.21929311752,6054
1.22085905075,6053
1.22158694267,6052
1.22236990929,6051
1.22446393967,6050
1.22612094879,6049
1.22786712646,6048
1.22859311104,6047
1.22926712036,6046
1.22984099388,6045
1.23030090332,6044
1.2312810421,6043
1.23361206055,6042
1.23449397087,6041
1.23497509956,6040
1.23540711403,6039
1.23650693893,6038
1.2373111248,6037
1.23882198334,6036
1.23932695389,6035
1.23967909813,6034
1.24175691605,6033
1.24264192581,6032
1.24305891991,6031
1.24504113197,6030
1.24553012848,6029
1.24617791176,6028
1.24917292595,6027
1.24969911575,6026
1.25271606445,6025
1.25303411484,6024
1.25976204872,6023
1.26138305664,6022
1.26517796516,6021
1.2657790184,6020
1.26735401154,6019
1.26806807518,6018
1.2684879303,6017
1.26912307739,6016
1.2698700428,6015
1.2703640461,6014
1.27162504196,6013
1.27214097977,6012
1.27245306969,6011
1.2734811306,6010
1.27435708046,6009
1.2753341198,6008
1.27907395363,6007
1.2814180851,6006
1.28225302696,6005
1.28285598755,6004
1.28379607201,6003
1.28419709206,6002
1.28564095497,6001
1.28751301765,6000
1.28864693642,5999
1.28909397125,5998
1.28961205482,5997
1.29037594795,5996
1.29170608521,5995
1.29326510429,5994
1.29357409477,5993
1.29410409927,5992
1.29479908943,5991
1.29594492912,5990
1.29621100426,5989
1.29919695854,5988
1.3027510643,5987
1.30428290367,5986
1.30702900887,5985
1.30999898911,5984
1.31052613258,5983
1.31222605705,5982
1.31285190582,5981
1.3133430481,5980
1.31438112259,5979
1.31514000893,5978
1.31598496437,5977
1.31750202179,5976
1.31896495819,5975
1.32130599022,5974
1.32168698311,5973
1.32241106033,5972
1.32309103012,5971
1.32618713379,5970
1.3266119957,5969
1.33030295372,5968
1.33171391487,5967
1.33211493492,5966
1.33345890045,5965
1.33392310143,5964
1.33465790749,5963
1.33597612381,5962
1.33711290359,5961
1.33760809898,5960
1.34234905243,5959
1.34284591675,5958
1.34397006035,5957
1.34717106819,5956
1.34882807732,5955
1.35423994064,5954
1.35465312004,5953
1.35853695869,5952
1.3598139286,5951
1.36023306847,5950
1.36065793037,5949
1.36149191856,5948
1.36177492142,5947
1.36252999306,5946
1.36348009109,5945
1.36399793625,5944
1.36541509628,5943
1.36623096466,5942
1.36722493172,5941
1.36773991585,5940
1.36824607849,5939
1.36911892891,5938
1.36995601654,5937
1.37081003189,5936
1.37127399445,5935
1.37188410759,5934
1.37333512306,5933
1.37431406975,5932
1.37486004829,5931
1.3769929409,5930
1.37732505798,5929
1.37907004356,5928
1.37993001938,5927
1.38085508347,5926
1.38172101974,5925
1.38341712952,5924
1.38379502296,5923
1.38424396515,5922
1.38592004776,5921
1.38761091232,5920
1.38902711868,5919
1.39156007767,5918
1.39204406738,5917
1.39277100563,5916
1.39390611649,5915
1.3953139782,5914
1.39584112167,5913
1.39631295204,5912
1.39688301086,5911
1.39803600311,5910
1.39947605133,5909
1.39988803864,5908
1.4003739357,5907
1.40249609947,5906
1.40382289886,5905
1.4046459198,5904
1.40580511093,5903
1.40761113167,5902
1.40943908691,5901
1.41195893288,5900
1.41441202164,5899
1.41549611092,5898
1.41649413109,5897
1.41728210449,5896
1.42014193535,5895
1.42069911957,5894
1.42250704765,5893
1.42424201965,5892
1.42472910881,5891
1.42673397064,5890
1.42712593079,5889
1.42893695831,5888
1.43024396896,5887
1.43164205551,5886
1.43391609192,5885
1.43424701691,5884
1.43657803535,5883
1.43781495094,5882
1.4391579628,5881
1.4400510788,5880
1.44034910202,5879
1.44372296333,5878
1.44428896904,5877
1.44680094719,5876
1.44720196724,5875
1.44814896584,5874
1.44871592522,5873
1.45062708855,5872
1.45216012001,5871
1.45309591293,5870
1.4543159008,5869
1.45462393761,5868
1.45725512505,5867
1.45797300339,5866
1.45939302444,5865
1.45993590355,5864
1.46154499054,5863
1.46317410469,5862
1.46361708641,5861
1.46425008774,5860
1.4656829834,5859
1.46618390083,5858
1.46710395813,5857
1.46823692322,5856
1.46981906891,5855
1.4704310894,5854
1.47178912163,5853
1.47271299362,5852
1.4748249054,5851
1.47596311569,5850
1.47894692421,5849
1.4795999527,5848
1.47997307777,5847
1.48062896729,5846
1.48136401176,5845
1.4824860096,5844
1.48335409164,5843
1.48400497437,5842
1.4844250679,5841
1.48816895485,5840
1.48857212067,5839
1.49014997482,5838
1.49069309235,5837
1.49138402939,5836
1.4925069809,5835
1.49299407005,5834
1.49421906471,5833
1.4957909584,5832
1.49625396729,5831
1.49738192558,5830
1.49993109703,5829
1.50044202805,5828
1.50091600418,5827
1.50135493279,5826
1.50179409981,5825
1.50508213043,5824
1.50675201416,5823
1.50781702995,5822
1.50982809067,5821
1.51239895821,5820
1.5128929615,5819
1.5138130188,5818
1.51496505737,5817
1.51610302925,5816
1.51653695107,5815
1.51694393158,5814
1.51791596413,5813
1.52031207085,5812
1.52093410492,5811
1.52163505554,5810
1.5259950161,5809
1.52851295471,5808
1.52900695801,5807
1.53039908409,5806
1.53087592125,5805
1.53256106377,5804
1.5336689949,5803
1.53428196907,5802
1.53468894958,5801
1.5362830162,5800
1.53974199295,5799
1.54178595543,5798
1.54250502586,5797
1.54397797585,5796
1.54476594925,5795
1.54518294334,5794
1.54650092125,5793
1.546916008,5792
1.54884004593,5791
1.55078101158,5790
1.55387091637,5789
1.55428409576,5788
1.55641508102,5787
1.55789899826,5786
1.55837106705,5785
1.55905508995,5784
1.56113195419,5783
1.5648651123,5782
1.56539607048,5781
1.56727409363,5780
1.56802201271,5779
1.56852698326,5778
1.56886100769,5777
1.56994700432,5776
1.57033991814,5775
1.57241296768,5774
1.57334589958,5773
1.57429003716,5772
1.5751991272,5771
1.57563304901,5770
1.57620406151,5769
1.57818198204,5768
1.58069610596,5767
1.58122301102,5766
1.58260393143,5765
1.58292102814,5764
1.58340191841,5763
1.58420205116,5762
1.58528900146,5761
1.58623194695,5760
1.58849310875,5759
1.58979296684,5758
1.59333896637,5757
1.59410905838,5756
1.59461903572,5755
1.59560489655,5754
1.59631609917,5753
1.59845209122,5752
1.5996530056,5751
1.6005449295,5750
1.60206890106,5749
1.60253190994,5748
1.60330104828,5747
1.60453891754,5746
1.60586690903,5745
1.60680413246,5744
1.60890412331,5743
1.6105890274,5742
1.61273312569,5741
1.61353993416,5740
1.6139819622,5739
1.61487412453,5738
1.61512994766,5737
1.61599612236,5736
1.61637210846,5735
1.61797809601,5734
1.62139606476,5733
1.62236690521,5732
1.62380194664,5731
1.62428092957,5730
1.62499809265,5729
1.6268119812,5728
1.62796998024,5727
1.62832999229,5726
1.62871909142,5725
1.62947201729,5724
1.63099312782,5723
1.63219094276,5722
1.63273096085,5721
1.63311696053,5720
1.6334400177,5719
1.6339828968,5718
1.63464593887,5717
1.63545513153,5716
1.63669610023,5715
1.63872504234,5714
1.63948893547,5713
1.64000105858,5712
1.64111804962,5711
1.64151191711,5710
1.64369392395,5709
1.64412593842,5708
1.64691996574,5707
1.64732599258,5706
1.64763212204,5705
1.64833307266,5704
1.64994692802,5703
1.65117311478,5702
1.6538670063,5701
1.65443491936,5700
1.65490412712,5699
1.65665006638,5698
1.65765595436,5697
1.66015291214,5696
1.66049790382,5695
1.66137194633,5694
1.66304302216,5693
1.66517710686,5692
1.66567111015,5691
1.66651701927,5690
1.6670460701,5689
1.66754293442,5688
1.66792607307,5687
1.66870903969,5686
1.67040205002,5685
1.671667099,5684
1.67219305038,5683
1.67264509201,5682
1.67307400703,5681
1.67357707024,5680
1.67611694336,5679
1.67900395393,5678
1.67993998528,5677
1.68190813065,5676
1.68234610558,5675
1.68358397484,5674
1.6855430603,5673
1.68790102005,5672
1.68884706497,5671
1.69013094902,5670
1.69044995308,5669
1.69115209579,5668
1.6933259964,5667
1.69719696045,5666
1.69904208183,5665
1.70179390907,5664
1.70387196541,5663
1.70485711098,5662
1.70519208908,5661
1.70588207245,5660
1.70967698097,5659
1.71053910255,5658
1.71208405495,5657
1.71239805222,5656
1.71281099319,5655
1.71361804008,5654
1.71481609344,5653
1.71511292458,5652
1.71561098099,5651
1.71918797493,5650
1.71977901459,5649
1.72019600868,5648
1.72098493576,5647
1.72239589691,5646
1.7229321003,5645
1.72457289696,5644
1.72490096092,5643
1.72521495819,5642
1.72582602501,5641
1.72951793671,5640
1.73084902763,5639
1.73328495026,5638
1.73490095139,5637
1.73548412323,5636
1.7371981144,5635
1.73812794685,5634
1.738697052,5633
1.74120306969,5632
1.74253606796,5631
1.74402689934,5630
1.7452609539,5629
1.74608206749,5628
1.74873399734,5627
1.74948906898,5626
1.75106096268,5625
1.75371313095,5624
1.75594711304,5623
1.75677490234,5622
1.75734400749,5621
1.75778508186,5620
1.75853610039,5619
1.75944900513,5618
1.76250600815,5617
1.76406502724,5616
1.76650094986,5615
1.76753997803,5614
1.76849889755,5613
1.77028608322,5612
1.77119207382,5611
1.77205395699,5610
1.77263092995,5609
1.77431106567,5608
1.77481102943,5607
1.77613592148,5606
1.77983212471,5605
1.7805480957,5604
1.78128194809,5603
1.78184199333,5602
1.78231501579,5601
1.78551101685,5600
1.78920793533,5599
1.79121398926,5598
1.79270792007,5597
1.79403400421,5596
1.79479312897,5595
1.79618597031,5594
1.79666209221,5593
1.79724407196,5592
1.79793596268,5591
1.79944801331,5590
1.8017821312,5589
1.80276012421,5588
1.80312490463,5587
1.80440711975,5586
1.8070499897,5585
1.80845808983,5584
1.80906891823,5583
1.81020593643,5582
1.81211209297,5581
1.81414413452,5580
1.81464600563,5579
1.81536412239,5578
1.81573605537,5577
1.81692004204,5576
1.81821990013,5575
1.81908392906,5574
1.82090497017,5573
1.82260107994,5572
1.82747101784,5571
1.82939195633,5570
1.83049798012,5569
1.83172512054,5568
1.83216404915,5567
1.83653593063,5566
1.8370320797,5565
1.8374569416,5564
1.83860397339,5563
1.83918595314,5562
1.84200596809,5561
1.84246110916,5560
1.84330010414,5559
1.84421491623,5558
1.84528303146,5557
1.84679889679,5556
1.84724593163,5555
1.84827709198,5554
1.84939098358,5553
1.84983706474,5552
1.85104012489,5551
1.85526990891,5550
1.85640597343,5549
1.85856795311,5548
1.85941696167,5547
1.86084198952,5546
1.86127710342,5545
1.86162590981,5544
1.86719799042,5543
1.86844611168,5542
1.86926293373,5541
1.86979794502,5540
1.87176990509,5539
1.87812805176,5538
1.87919902802,5537
1.87958407402,5536
1.88198399544,5535
1.88240504265,5534
1.88384699821,5533
1.884141922,5532
1.88928699493,5531
1.89073801041,5530
1.89183211327,5529
1.89524507523,5528
1.89567112923,5527
1.89773607254,5526
1.89945912361,5525
1.90130996704,5524
1.9041519165,5523
1.90812897682,5522
1.91007304192,5521
1.91124391556,5520
1.91245794296,5519
1.91485404968,5518
1.91554903984,5517
1.91717600822,5516
1.91831493378,5515
1.91965293884,5514
1.92008090019,5513
1.92243599892,5512
1.92505812645,5511
1.92559289932,5510
1.9261329174,5509
1.9294219017,5508
1.93163990974,5507
1.93190193176,5506
1.93576407433,5505
1.93651008606,5504
1.93783211708,5503
1.9387691021,5502
1.93932294846,5501
1.94004702568,5500
1.94271993637,5499
1.94377708435,5498
1.94423508644,5497
1.94549512863,5496
1.94705700874,5495
1.94800591469,5494
1.9491341114,5493
1.9524769783,5492
1.95504593849,5491
1.95595002174,5490
1.95640897751,5489
1.95675706863,5488
1.95777511597,5487
1.9583261013,5486
1.96119999886,5485
1.96321296692,5484
1.96355009079,5483
1.96546792984,5482
1.96619105339,5481
1.967689991,5480
1.97084307671,5479
1.97155809402,5478
1.97235393524,5477
1.97299289703,5476
1.97458600998,5475
1.97581291199,5474
1.97746706009,5473
1.98279500008,5472
1.98424291611,5471
1.9847369194,5470
1.98650097847,5469
1.98692107201,5468
1.9872200489,5467
1.98982310295,5466
1.99135708809,5465
1.99174308777,5464
1.99307203293,5463
1.99430799484,5462
1.99542212486,5461
1.99613499641,5460
1.99662208557,5459
1.99702095985,5458
1.99856495857,5457
1.99911403656,5456
2.00153207779,5455
2.00348091125,5454
2.00386190414,5453
2.00501704216,5452
2.00547790527,5451
2.00716900826,5450
2.0088660717,5449
2.01075410843,5448
2.01133298874,5447
2.01241207123,5446
2.01298308372,5445
2.01377511024,5444
2.01442313194,5443
2.01522493362,5442
2.01571893692,5441
2.01724004745,5440
2.019354105,5439
2.01971697807,5438
2.02406001091,5437
2.02510309219,5436
2.02702212334,5435
2.02760195732,5434
2.02849292755,5433
2.02933692932,5432
2.02995300293,5431
2.03105306625,5430
2.03130793571,5429
2.03232192993,5428
2.03325605392,5427
2.03535699844,5426
2.03690505028,5425
2.04058504105,5424
2.04095292091,5423
2.04125905037,5422
2.04436707497,5421
2.04579591751,5420
2.0467710495,5419
2.04813194275,5418
2.04885601997,5417
2.0498020649,5416
2.05033612251,5415
2.05218505859,5414
2.05360794067,5413
2.05421090126,5412
2.0554459095,5411
2.05872011185,5410
2.05950713158,5409
2.06004500389,5408
2.06344604492,5407
2.06399393082,5406
2.06583595276,5405
2.067882061,5404
2.06866312027,5403
2.06883907318,5402
2.06992793083,5401
2.07077312469,5400
2.07154893875,5399
2.07269310951,5398
2.07372713089,5397
2.07409596443,5396
2.07484412193,5395
2.07591295242,5394
2.07870006561,5393
2.08073997498,5392
2.08202791214,5391
2.08239006996,5390
2.08287000656,5389
2.08486008644,5388
2.085958004,5387
2.08693289757,5386
2.08760809898,5385
2.0881729126,5384
2.08881092072,5383
2.08938312531,5382
2.09098100662,5381
2.09248590469,5380
2.09336209297,5379
2.0951769352,5378
2.09730792046,5377
2.09866094589,5376
2.0989420414,5375
2.09916305542,5374
2.1009759903,5373
2.10133910179,5372
2.10206699371,5371
2.10352993011,5370
2.10556912422,5369
2.1074950695,5368
2.10787892342,5367
2.10893392563,5366
2.11070489883,5365
2.11300897598,5364
2.11481404305,5363
2.11616492271,5362
2.11800789833,5361
2.12041711807,5360
2.12073993683,5359
2.12313294411,5358
2.12633299828,5357
2.12668204308,5356
2.12721395493,5355
2.12773799896,5354
2.12887692451,5353
2.12958598137,5352
2.13103699684,5351
2.13140201569,5350
2.13197994232,5349
2.13382601738,5348
2.13509893417,5347
2.13605999947,5346
2.13772296906,5345
2.13921093941,5344
2.13953590393,5343
2.14054608345,5342
2.14171695709,5341
2.14216589928,5340
2.1433660984,5339
2.14426803589,5338
2.14727210999,5337
2.14823293686,5336
2.14911794662,5335
2.14952206612,5334
2.15006494522,5333
2.15160989761,5332
2.15442609787,5331
2.15553092957,5330
2.15681195259,5329
2.15736699104,5328
2.15808391571,5327
2.15849494934,5326
2.15889310837,5325
2.15945410728,5324
2.1612610817,5323
2.16214203835,5322
2.16380810738,5321
2.16549801826,5320
2.16987109184,5319
2.17017912865,5318
2.17491292953,5317
2.17638111115,5316
2.1783850193,5315
2.17898392677,5314
2.17926311493,5313
2.18059802055,5312
2.18098211288,5311
2.18135690689,5310
2.18213701248,5309
2.18367409706,5308
2.18441796303,5307
2.18832802773,5306
2.19079899788,5305
2.19108009338,5304
2.19234991074,5303
2.19344210625,5302
2.19408512115,5301
2.19450306892,5300
2.19538402557,5299
2.19858813286,5298
2.20100212097,5297
2.20138001442,5296
2.20339798927,5295
2.20418190956,5294
2.20668411255,5293
2.20808911324,5292
2.20952010155,5291
2.20972204208,5290
2.21020412445,5289
2.21053409576,5288
2.21147108078,5287
2.21198105812,5286
2.21379995346,5285
2.21521711349,5284
2.21574997902,5283
2.21641111374,5282
2.21960997581,5281
2.22110795975,5280
2.22290992737,5279
2.22356009483,5278
2.22377991676,5277
2.22492313385,5276
2.22555804253,5275
2.22595000267,5274
2.22647809982,5273
2.22895002365,5272
2.22930598259,5271
2.23043513298,5270
2.23114395142,5269
2.23234891891,5268
2.23280000687,5267
2.23421001434,5266
2.23529791832,5265
2.23704695702,5264
2.23803806305,5263
2.23863005638,5262
2.24178409576,5261
2.2427110672,5260
2.24374294281,5259
2.24402809143,5258
2.24767994881,5257
2.25024294853,5256
2.25242209435,5255
2.25287795067,5254
2.25491809845,5253
2.25530195236,5252
2.25625896454,5251
2.25647306442,5250
2.25738096237,5249
2.25770401955,5248
2.2586979866,5247
2.25921797752,5246
2.25985503197,5245
2.26045513153,5244
2.26094412804,5243
2.26127505302,5242
2.26151704788,5241
2.26180505753,5240
2.26327705383,5239
2.26402997971,5238
2.26688909531,5237
2.26837301254,5236
2.27223205566,5235
2.273416996,5234
2.27595496178,5233
2.27630901337,5232
2.27663397789,5231
2.27698898315,5230
2.27837491035,5229
2.27876806259,5228
2.27906990051,5227
2.27976894379,5226
2.28146004677,5225
2.28205609322,5224
2.28389310837,5223
2.28520107269,5222
2.28567004204,5221
2.28632903099,5220
2.2870631218,5219
2.28913092613,5218
2.29023194313,5217
2.29149007797,5216
2.29472112656,5215
2.29553103447,5214
2.2978811264,5213
2.29941797256,5212
2.30085611343,5211
2.30106902122,5210
2.30262112617,5209
2.30356001854,5208
2.30389595032,5207
2.30547595024,5206
2.30614900589,5205
2.30693697929,5204
2.30921912193,5203
2.31017208099,5202
2.31092190742,5201
2.31125092506,5200
2.31913995743,5199
2.32112693787,5198
2.32234692574,5197
2.32334589958,5196
2.32487797737,5195
2.32557702065,5194
2.32662701607,5193
2.32767295837,5192
2.32816791534,5191
2.32853007317,5190
2.32885694504,5189
2.32923412323,5188
2.32995796204,5187
2.33041095734,5186
2.3305850029,5185
2.33100104332,5184
2.33232092857,5183
2.3346259594,5182
2.33595299721,5181
2.3375620842,5180
2.33896303177,5179
2.33981394768,5178
2.34044194221,5177
2.34097003937,5176
2.34160494804,5175
2.34360790253,5174
2.34598994255,5173
2.34742498398,5172
2.34927201271,5171
2.35275697708,5170
2.35309100151,5169
2.35481309891,5168
2.3556470871,5167
2.35668611526,5166
2.35849499702,5165
2.35890603065,5164
2.36019992828,5163
2.36834692955,5162
2.36878705025,5161
2.37013697624,5160
2.3723320961,5159
2.37717604637,5158
2.37758111954,5157
2.37923812866,5156
2.37962007523,5155
2.38119912148,5154
2.38223004341,5153
2.38429498672,5152
2.38506102562,5151
2.38631892204,5150
2.38688111305,5149
2.3880341053,5148
2.38917613029,5147
2.38975405693,5146
2.39004302025,5145
2.39251208305,5144
2.39291596413,5143
2.39319491386,5142
2.39362812042,5141
2.39403891563,5140
2.39582800865,5139
2.3963329792,5138
2.39886212349,5137
2.40108108521,5136
2.40230607986,5135
2.40429401398,5134
2.40493106842,5133
2.40553092957,5132
2.40744495392,5131
2.4100420475,5130
2.41080594063,5129
2.41319894791,5128
2.41442990303,5127
2.41679692268,5126
2.42115497589,5125
2.42379713058,5124
2.42430305481,5123
2.42735505104,5122
2.42808389664,5121
2.43190693855,5120
2.43632602692,5119
2.43690490723,5118
2.43894410133,5117
2.4438431263,5116
2.44536495209,5115
2.44658994675,5114
2.44706201553,5113
2.44850993156,5112
2.44958901405,5111
2.45077705383,5110
2.45153307915,5109
2.45238113403,5108
2.45467495918,5107
2.45547008514,5106
2.45586705208,5105
2.45694494247,5104
2.45887207985,5103
2.45936512947,5102
2.4598441124,5101
2.46075391769,5100
2.46135497093,5099
2.46228003502,5098
2.4651889801,5097
2.46604299545,5096
2.46840810776,5095
2.47336792946,5094
2.47561597824,5093
2.47669005394,5092
2.4780049324,5091
2.47989010811,5090
2.48224210739,5089
2.48361611366,5088
2.48418092728,5087
2.48502206802,5086
2.48672509193,5085
2.48851895332,5084
2.49108409882,5083
2.49424791336,5082
2.49621510506,5081
2.50106406212,5080
2.50343990326,5079
2.50492310524,5078
2.50633907318,5077
2.50984811783,5076
2.51013803482,5075
2.51106905937,5074
2.51382493973,5073
2.51576805115,5072
2.51723790169,5071
2.51882791519,5070
2.51989793777,5069
2.52039599419,5068
2.52134108543,5067
2.52176213264,5066
2.52255892754,5065
2.52311110497,5064
2.52425312996,5063
2.52478909492,5062
2.52583789825,5061
2.52695393562,5060
2.52765393257,5059
2.52973008156,5058
2.53066396713,5057
2.53096389771,5056
2.53199505806,5055
2.53255701065,5054
2.53425002098,5053
2.53472709656,5052
2.53533101082,5051
2.53859210014,5050
2.53919291496,5049
2.5424349308,5048
2.54324603081,5047
2.54455304146,5046
2.54516792297,5045
2.54907393456,5044
2.55454897881,5043
2.55540990829,5042
2.55590510368,5041
2.55630898476,5040
2.55695605278,5039
2.55743908882,5038
2.56219696999,5037
2.5630979538,5036
2.56352210045,5035
2.56377696991,5034
2.56460404396,5033
2.56535792351,5032
2.56696009636,5031
2.56946492195,5030
2.56980991364,5029
2.57861995697,5028
2.57946205139,5027
2.58014702797,5026
2.58182311058,5025
2.58315896988,5024
2.58805704117,5023
2.58847999573,5022
2.59006309509,5021
2.59297990799,5020
2.59503698349,5019
2.59540009499,5018
2.59603190422,5017
2.59669399261,5016
2.59817695618,5015
2.60011911392,5014
2.60255002975,5013
2.60391497612,5012
2.60429906845,5011
2.60657596588,5010
2.60866689682,5009
2.60928106308,5008
2.61061811447,5007
2.61202096939,5006
2.61326098442,5005
2.61361098289,5004
2.61497497559,5003
2.61662197113,5002
2.61769509315,5001
2.61970305443,5000
2.62049102783,4999
2.62086200714,4998
2.62423300743,4997
2.6253259182,4996
2.62839007378,4995
2.62951111794,4994
2.62981700897,4993
2.63011693954,4992
2.63072395325,4991
2.63184094429,4990
2.63281798363,4989
2.63316297531,4988
2.63361907005,4987
2.63386011124,4986
2.6370639801,4985
2.64102005959,4984
2.6413230896,4983
2.64225292206,4982
2.64260005951,4981
2.6470489502,4980
2.64744591713,4979
2.65168809891,4978
2.65222096443,4977
2.65299296379,4976
2.6557469368,4975
2.65685296059,4974
2.66181898117,4973
2.66909909248,4972
2.67094898224,4971
2.67134690285,4970
2.67246699333,4969
2.67439413071,4968
2.6746571064,4967
2.67567110062,4966
2.67646002769,4965
2.67673206329,4964
2.68050909042,4963
2.68068790436,4962
2.68190312386,4961
2.68469500542,4960
2.68753409386,4959
2.68988013268,4958
2.69109106064,4957
2.69202399254,4956
2.69384908676,4955
2.69570803642,4954
2.69611406326,4953
2.6968331337,4952
2.69787406921,4951
2.69906592369,4950
2.69935798645,4949
2.69964790344,4948
2.70120191574,4947
2.70300507545,4946
2.70366096497,4945
2.70582008362,4944
2.70889806747,4943
2.70936799049,4942
2.70959997177,4941
2.71019411087,4940
2.71047997475,4939
2.71079993248,4938
2.7114470005,4937
2.71392798424,4936
2.71431994438,4935
2.71648097038,4934
2.72698402405,4933
2.73017907143,4932
2.73136997223,4931
2.73313999176,4930
2.73391890526,4929
2.73432302475,4928
2.73576712608,4927
2.73664402962,4926
2.73747110367,4925
2.73827600479,4924
2.74114704132,4923
2.74405407906,4922
2.75173306465,4921
2.75204205513,4920
2.75550508499,4919
2.75590801239,4918
2.75615310669,4917
2.75722694397,4916
2.75759601593,4915
2.75969004631,4914
2.75993800163,4913
2.76141500473,4912
2.76620912552,4911
2.7667529583,4910
2.77201700211,4909
2.7763941288,4908
2.77768397331,4907
2.77911496162,4906
2.77991008759,4905
2.7810959816,4904
2.78352093697,4903
2.78517699242,4902
2.78535604477,4901
2.78587603569,4900
2.78802204132,4899
2.79533100128,4898
2.79653000832,4897
2.79687094688,4896
2.7973959446,4895
2.79831695557,4894
2.79980301857,4893
2.80142903328,4892
2.80207705498,4891
2.80228304863,4890
2.80448102951,4889
2.80774211884,4888
2.8080470562,4887
2.8105840683,4886
2.81105399132,4885
2.81311798096,4884
2.81461405754,4883
2.81516098976,4882
2.81623101234,4881
2.81976604462,4880
2.8251979351,4879
2.82732391357,4878
2.82864403725,4877
2.82968902588,4876
2.83310699463,4875
2.83351802826,4874
2.83390808105,4873
2.83464407921,4872
2.83496689796,4871
2.8354511261,4870
2.83684301376,4869
2.83785104752,4868
2.83995389938,4867
2.84035396576,4866
2.84081697464,4865
2.84114193916,4864
2.84241390228,4863
2.84892010689,4862
2.85358405113,4861
2.85517191887,4860
2.85734605789,4859
2.85825705528,4858
2.85932302475,4857
2.86136507988,4856
2.86242103577,4855
2.86416912079,4854
2.86441898346,4853
2.86525201797,4852
2.86862611771,4851
2.87002801895,4850
2.87075591087,4849
2.87149095535,4848
2.87284994125,4847
2.87486290932,4846
2.87541508675,4845
2.87840390205,4844
2.88075494766,4843
2.88101506233,4842
2.88277506828,4841
2.88426494598,4840
2.88545298576,4839
2.88592290878,4838
2.88702893257,4837
2.88735294342,4836
2.88795208931,4835
2.88954401016,4834
2.89395594597,4833
2.89791297913,4832
2.90015006065,4831
2.90181207657,4830
2.90592598915,4829
2.90649795532,4828
2.90730190277,4827
2.91132998466,4826
2.91180896759,4825
2.91252613068,4824
2.91312503815,4823
2.91531205177,4822
2.92128300667,4821
2.92249298096,4820
2.92290091515,4819
2.92443108559,4818
2.92464995384,4817
2.92693209648,4816
2.92750000954,4815
2.92964792252,4814
2.93190693855,4813
2.93250012398,4812
2.93319606781,4811
2.93391704559,4810
2.93654608727,4809
2.93727898598,4808
2.93870592117,4807
2.94103598595,4806
2.94140100479,4805
2.94386792183,4804
2.94432210922,4803
2.94603800774,4802
2.94668793678,4801
2.94784498215,4800
2.94968390465,4799
2.9544570446,4798
2.9553899765,4797
2.95591497421,4796
2.95692491531,4795
2.95748806,4794
2.96057009697,4793
2.96142506599,4792
2.96410894394,4791
2.96502304077,4790
2.96593809128,4789
2.96643710136,4788
2.96695113182,4787
2.96887612343,4786
2.97124505043,4785
2.97308897972,4784
2.97579193115,4783
2.9789249897,4782
2.98156189919,4781
2.9857609272,4780
2.98945713043,4779
2.99048995972,4778
2.9936671257,4777
2.99405193329,4776
2.99536395073,4775
2.99844408035,4774
2.998691082,4773
2.99919700623,4772
3.00149798393,4771
3.00280213356,4770
3.00529789925,4769
3.00609111786,4768
3.00826692581,4767
3.00892591476,4766
3.01133012772,4765
3.0123500824,4764
3.01592302322,4763
3.01684212685,4762
3.01909208298,4761
3.02128601074,4760
3.02618789673,4759
3.0292570591,4758
3.03105306625,4757
3.03647994995,4756
3.03941512108,4755
3.04028296471,4754
3.04541492462,4753
3.04626512527,4752
3.04862999916,4751
3.0489730835,4750
3.05005812645,4749
3.05041599274,4748
3.0514190197,4747
3.05448102951,4746
3.0569601059,4745
3.0571911335,4744
3.05780291557,4743
3.06048703194,4742
3.06336712837,4741
3.06392192841,4740
3.0673661232,4739
3.06997704506,4738
3.07019495964,4737
3.07183909416,4736
3.07266306877,4735
3.07535505295,4734
3.07622003555,4733
3.07841706276,4732
3.08198809624,4731
3.08364391327,4730
3.08415007591,4729
3.08465695381,4728
3.08512306213,4727
3.08815813065,4726
3.08973813057,4725
3.09039306641,4724
3.09830403328,4723
3.1001970768,4722
3.10070300102,4721
3.10122704506,4720
3.10446405411,4719
3.10767197609,4718
3.11624193192,4717
3.11781001091,4716
3.12408208847,4715
3.12464594841,4714
3.12623906136,4713
3.12723207474,4712
3.12751603127,4711
3.12888407707,4710
3.12964391708,4709
3.13115000725,4708
3.13570904732,4707
3.13632011414,4706
3.13663911819,4705
3.13684511185,4704
3.13798093796,4703
3.13914299011,4702
3.14426398277,4701
3.14458203316,4700
3.14859700203,4699
3.15474700928,4698
3.15496301651,4697
3.15547704697,4696
3.15780806541,4695
3.15931892395,4694
3.16205596924,4693
3.16321706772,4692
3.16450810432,4691
3.16493201256,4690
3.16734194756,4689
3.1679289341,4688
3.16940712929,4687
3.17323303223,4686
3.17682290077,4685
3.17779302597,4684
3.17940092087,4683
3.17971205711,4682
3.18133401871,4681
3.1847820282,4680
3.185806036,4679
3.18632698059,4678
3.18686389923,4677
3.18753290176,4676
3.19343996048,4675
3.19449400902,4674
3.19570207596,4673
3.19707298279,4672
3.19815802574,4671
3.1985309124,4670
3.20008802414,4669
3.20203399658,4668
3.20487689972,4667
3.20546603203,4666
3.20656013489,4665
3.20705604553,4664
3.21171998978,4663
3.21264600754,4662
3.21806812286,4661
3.21869492531,4660
3.21999502182,4659
3.22173404694,4658
3.22481107712,4657
3.22512412071,4656
3.22538495064,4655
3.22728705406,4654
3.2287709713,4653
3.22913193703,4652
3.23026108742,4651
3.23197698593,4650
3.23499894142,4649
3.23692107201,4648
3.23870897293,4647
3.2414290905,4646
3.24185299873,4645
3.24252510071,4644
3.24352407455,4643
3.24443912506,4642
3.25026512146,4641
3.25238013268,4640
3.25267601013,4639
3.25387406349,4638
3.25585198402,4637
3.25663495064,4636
3.26316189766,4635
3.26589393616,4634
3.26726698875,4633
3.27117490768,4632
3.27346110344,4631
3.27384305,4630
3.27446699142,4629
3.2769780159,4628
3.27770090103,4627
3.27849292755,4626
3.27891898155,4625
3.28027796745,4624
3.28080296516,4623
3.2817029953,4622
3.28201699257,4621
3.28370094299,4620
3.28583407402,4619
3.2864921093,4618
3.28694200516,4617
3.28760004044,4616
3.28903508186,4615
3.29085302353,4614
3.29173612595,4613
3.29358005524,4612
3.29593491554,4611
3.29749011993,4610
3.29845905304,4609
3.30099201202,4608
3.30127191544,4607
3.30153799057,4606
3.30373501778,4605
3.30468297005,4604
3.30514001846,4603
3.30548810959,4602
3.30928301811,4601
3.31036496162,4600
3.31178593636,4599
3.31526207924,4598
3.31650090218,4597
3.31805801392,4596
3.31878590584,4595
3.32078909874,4594
3.32814693451,4593
3.32872891426,4592
3.33330106735,4591
3.33786511421,4590
3.34094309807,4589
3.3417930603,4588
3.34430003166,4587
3.35031795502,4586
3.3525891304,4585
3.35341000557,4584
3.35387301445,4583
3.35658192635,4582
3.35951209068,4581
3.36194205284,4580
3.36444807053,4579
3.36495399475,4578
3.37086701393,4577
3.37130999565,4576
3.37186408043,4575
3.37591195107,4574
3.37685489655,4573
3.37735700607,4572
3.37836503983,4571
3.37913298607,4570
3.3812019825,4569
3.38149499893,4568
3.38555693626,4567
3.39097309113,4566
3.39321494102,4565
3.39455199242,4564
3.39490389824,4563
3.39603996277,4562
3.39675712585,4561
3.3996360302,4560
3.40349602699,4559
3.40675091743,4558
3.41050004959,4557
3.41567111015,4556
3.41863703728,4555
3.42212200165,4554
3.43388390541,4553
3.43472409248,4552
3.44280290604,4551
3.44804000854,4550
3.44962692261,4549
3.45009708405,4548
3.45077490807,4547
3.45722007751,4546
3.45994901657,4545
3.46159505844,4544
3.46335601807,4543
3.47017097473,4542
3.47463393211,4541
3.47521901131,4540
3.48088812828,4539
3.48125505447,4538
3.48401904106,4537
3.48844408989,4536
3.4896531105,4535
3.49541306496,4534
3.49715995789,4533
3.49869203568,4532
3.50082612038,4531
3.50127410889,4530
3.50517892838,4529
3.51216506958,4528
3.51269102097,4527
3.51422810555,4526
3.51573991776,4525
3.51619696617,4524
3.51667690277,4523
3.51695394516,4522
3.51747202873,4521
3.52623009682,4520
3.52903199196,4519
3.52929902077,4518
3.53364300728,4517
3.5359480381,4516
3.53620004654,4515
3.53768396378,4514
3.53806805611,4513
3.54413509369,4512
3.54507493973,4511
3.54586195946,4510
3.5471971035,4509
3.54856610298,4508
3.55001497269,4507
3.55271792412,4506
3.55505895615,4505
3.55820298195,4504
3.55870103836,4503
3.56028008461,4502
3.56204509735,4501
3.56323504448,4500
3.56535792351,4499
3.56601691246,4498
3.56719112396,4497
3.57268500328,4496
3.57778000832,4495
3.5788090229,4494
3.57967495918,4493
3.58223295212,4492
3.58331513405,4491
3.58486294746,4490
3.58621001244,4489
3.58657002449,4488
3.58823490143,4487
3.59571695328,4486
3.5984890461,4485
3.5998249054,4484
3.60044002533,4483
3.6007540226,4482
3.6016190052,4481
3.60556602478,4480
3.60695099831,4479
3.60732913017,4478
3.6081829071,4477
3.60904502869,4476
3.61438894272,4475
3.6190199852,4474
3.61946392059,4473
3.61999702454,4472
3.62604808807,4471
3.63149094582,4470
3.63481807709,4469
3.63504099846,4468
3.63733792305,4467
3.63978004456,4466
3.6449971199,4465
3.64535999298,4464
3.64563012123,4463
3.64883899689,4462
3.66026711464,4461
3.66141605377,4460
3.6629550457,4459
3.66491603851,4458
3.66684794426,4457
3.66998410225,4456
3.67538905144,4455
3.67820191383,4454
3.6797580719,4453
3.68034291267,4452
3.68096494675,4451
3.68171691895,4450
3.68397307396,4449
3.68749594688,4448
3.69640493393,4447
3.69829010963,4446
3.69855594635,4445
3.70087695122,4444
3.70353412628,4443
3.71272301674,4442
3.71425700188,4441
3.71483397484,4440
3.71568703651,4439
3.71755099297,4438
3.72966003418,4437
3.73168802261,4436
3.73208999634,4435
3.73548197746,4434
3.73751497269,4433
3.73880290985,4432
3.74101996422,4431
3.74212312698,4430
3.74504804611,4429
3.74562692642,4428
3.74954199791,4427
3.75173091888,4426
3.75204801559,4425
3.75520706177,4424
3.75631999969,4423
3.75675201416,4422
3.75730609894,4421
3.76006793976,4420
3.76129198074,4419
3.76352310181,4418
3.76853990555,4417
3.7702460289,4416
3.771089077,4415
3.77297902107,4414
3.77344608307,4413
3.77460408211,4412
3.77508997917,4411
3.77552390099,4410
3.77964711189,4409
3.78460097313,4408
3.7894089222,4407
3.7918920517,4406
3.79261112213,4405
3.79452204704,4404
3.79719996452,4403
3.79771113396,4402
3.79999995232,4401
3.80400705338,4400
3.80483007431,4399
3.80555200577,4398
3.80660796165,4397
3.80818390846,4396
3.81612205505,4395
3.81722807884,4394
3.82246804237,4393
3.82289600372,4392
3.8243060112,4391
3.82576799393,4390
3.82894802094,4389
3.82931113243,4388
3.83003497124,4387
3.83041596413,4386
3.83314108849,4385
3.83370399475,4384
3.83442902565,4383
3.83789992332,4382
3.83996295929,4381
3.84271502495,4380
3.84332704544,4379
3.84454393387,4378
3.84637403488,4377
3.84740209579,4376
3.84788393974,4375
3.84834003448,4374
3.84994912148,4373
3.85078501701,4372
3.85298991203,4371
3.85576796532,4370
3.85639309883,4369
3.85793089867,4368
3.86293792725,4367
3.86477208138,4366
3.86858510971,4365
3.87475895882,4364
3.87900710106,4363
3.87964296341,4362
3.88019299507,4361
3.8803961277,4360
3.88128089905,4359
3.88316202164,4358
3.8837621212,4357
3.88443613052,4356
3.88844299316,4355
3.89046597481,4354
3.89370203018,4353
3.89554595947,4352
3.89695692062,4351
3.89741301537,4350
3.90653610229,4349
3.90759301186,4348
3.90826511383,4347
3.91028308868,4346
3.91168498993,4345
3.91470503807,4344
3.91661000252,4343
3.91938996315,4342
3.92237401009,4341
3.92277908325,4340
3.92419505119,4339
3.92820596695,4338
3.93121409416,4337
3.9351079464,4336
3.93925404549,4335
3.93985509872,4334
3.9402859211,4333
3.94271802902,4332
3.94408202171,4331
3.94678997993,4330
3.9475440979,4329
3.9514439106,4328
3.95322608948,4327
3.95600891113,4326
3.95800709724,4325
3.95876312256,4324
3.96030592918,4323
3.96349191666,4322
3.96496105194,4321
3.96580290794,4320
3.97366499901,4319
3.97726011276,4318
3.98102998734,4317
3.98267912865,4316
3.98328304291,4315
3.98989892006,4314
3.99054694176,4313
3.99188113213,4312
3.99575591087,4311
3.99690294266,4310
3.99900507927,4309
3.99976992607,4308
4.00700497627,4307
4.01064300537,4306
4.01156497002,4305
4.01582407951,4304
4.01867389679,4303
4.02089095116,4302
4.02225995064,4301
4.02495312691,4300
4.02598690987,4299
4.02777290344,4298
4.02878808975,4297
4.03037691116,4296
4.03087091446,4295
7.02014708519,4294
7.03835391998,4293
7.0409040451,4292
7.04151892662,4291
7.04279303551,4290
7.05754494667,4289
7.06670808792,4288
7.07484006882,4287
7.07622909546,4286
7.08980512619,4285
7.09498596191,4284
7.11477994919,4283
7.11727309227,4282
7.13267493248,4281
7.13801503181,4280
7.1410279274,4279
7.16544294357,4278
7.16646289825,4277
7.17200112343,4276
7.17451405525,4275
7.17616891861,4274
7.18382406235,4273
7.19711995125,4272
7.19970607758,4271
7.22770690918,4270
7.23378109932,4269
7.26076698303,4268
7.26179289818,4267
7.27309298515,4266
7.27637004852,4265
7.28582501411,4264
7.28818297386,4263
7.29596710205,4262
7.30028605461,4261
7.33093190193,4260
7.33535289764,4259
7.34042811394,4258
7.38114595413,4257
7.38450908661,4256
7.38553905487,4255
7.39100909233,4254
7.40267705917,4253
7.42592692375,4252
7.43177890778,4251
7.43615007401,4250
7.43947601318,4249
7.46264910698,4248
7.46412801743,4247
7.49356293678,4246
7.50204801559,4245
10.5990829468,4244
10.6057970524,4243
10.6086061001,4242
10.6120750904,4241
10.6233379841,4240
10.6345880032,4239
10.6361379623,4238
10.641340971,4237
10.6559309959,4236
10.6650359631,4235
10.6847379208,4234
10.6896119118,4233
10.7154939175,4232
10.7164559364,4231
10.7255690098,4230
10.7267189026,4229
10.7324850559,4228
10.7427151203,4227
10.7434449196,4226
10.7502000332,4225
10.7554690838,4224
10.765034914,4223
10.7658669949,4222
10.7665369511,4221
10.782998085,4220
10.8038749695,4219
10.8145589828,4218
10.8340229988,4217
10.8457520008,4216
10.849230051,4215
10.8514959812,4214
10.8577420712,4213
10.8595340252,4212
10.8713951111,4211
10.8808679581,4210
10.8836579323,4209
10.8859829903,4208
10.9018270969,4207
10.9069769382,4206
10.9201290607,4205
10.9230499268,4204
10.9338140488,4203
10.9421551228,4202
10.9726650715,4201
10.9745509624,4200
11.0337889194,4199
11.0399780273,4198
11.0431029797,4197
11.0624349117,4196
11.0724380016,4195
14.2913269997,4194
14.2940011024,4193
14.3033750057,4192
14.3138000965,4191
14.3194959164,4190
14.3219609261,4189
14.3244159222,4188
14.3485319614,4187
14.3559420109,4186
14.3836779594,4185
14.388051033,4184
14.3916509151,4183
14.4061839581,4182
14.4084141254,4181
14.4174590111,4180
14.4518630505,4179
14.4603528976,4178
14.4728240967,4177
14.4737179279,4176
14.4782290459,4175
14.4797229767,4174
14.4869840145,4173
14.5088961124,4172
14.5213799477,4171
14.5240039825,4170
14.5279150009,4169
14.5360689163,4168
14.5402090549,4167
14.5595109463,4166
14.5689640045,4165
14.5719709396,4164
14.5757219791,4163
14.5813109875,4162
14.5835421085,4161
18.1041460037,4160
18.1073930264,4159
18.1201939583,4158
18.1211409569,4157
18.1279330254,4156
18.1308820248,4155
18.1372270584,4154
18.1406550407,4153
18.1447000504,4152
18.1467580795,4151
18.1482291222,4150
18.1541221142,4149
18.1550149918,4148
18.1747670174,4147
18.1776590347,4146
18.2088260651,4145
18.2095301151,4144
18.210547924,4143
18.2126629353,4142
18.2239480019,4141
18.2372801304,4140
18.2436580658,4139
18.2515640259,4138
21.6918709278,4137
21.6959989071,4136
21.748196125,4135
21.7569870949,4134
21.7644150257,4133
21.766190052,4132
21.7686550617,4131
21.7932269573,4130
21.8024890423,4129
21.818128109,4128
21.8315320015,4127
21.8361299038,4126
21.8408648968,4125
21.8508009911,4124
21.8535490036,4123
21.8579130173,4122
21.8639431,4121
21.8656599522,4120
21.875494957,4119
21.8812479973,4118
21.889300108,4117
25.3208429813,4116
25.3296489716,4115
25.3455140591,4114
25.3474009037,4113
25.3641741276,4112
25.3732469082,4111
25.3746070862,4110
25.3788249493,4109
25.3978769779,4108
25.4126911163,4107
25.4185039997,4106
25.419919014,4105
25.4389801025,4104
28.8330800533,4103
28.8364450932,4102
28.842787981,4101
28.8571150303,4100
28.8767790794,4099
28.8833959103,4098
28.8863220215,4097
28.8991689682,4096
28.9126880169,4095
28.9133551121,4094
32.339867115,4093
32.3402209282,4092
32.3429119587,4091
35.6438040733,4090
35.6455039978,4089
35.6522130966,4088
35.6781330109,4087
35.6878669262,4086
35.6930570602,4085
35.6951138973,4084
35.6992259026,4083
35.7179989815,4082
35.7351489067,4081
35.7509760857,4080
35.7550160885,4079
35.7753269672,4078
35.7768630981,4077
35.7838139534,4076
35.8047709465,4075
39.3074440956,4074
39.3094570637,4073
39.3154671192,4072
39.3165419102,4071
39.3177790642,4070
39.3334009647,4069
39.3342421055,4068
39.3371460438,4067
39.3410351276,4066
39.3560400009,4065
42.8056919575,4064
42.8122220039,4063
42.8192760944,4062
42.8277220726,4061
46.494713068,4060
46.4958479404,4059
46.5047500134,4058
46.5115249157,4057
46.5121979713,4056
46.5179789066,4055
46.5232961178,4054
46.5250880718,4053
46.5318279266,4052
46.5424721241,4051
46.5472149849,4050
46.5526099205,4049
49.8576190472,4048
49.8631629944,4047
49.8708539009,4046
49.884663105,4045
49.8875370026,4044
49.8896811008,4043
49.8949649334,4042
49.9423909187,4041
49.9498970509,4040
49.993792057,4039
49.9943981171,4038
50.015417099,4037
50.0396809578,4036
50.0621080399,4035
50.0793850422,4034
50.0918669701,4033
50.1181480885,4032
50.1230530739,4031
50.1263489723,4030
50.1399888992,4029
50.1432030201,4028
50.1482520103,4027
75.1328189373,4026
75.1416599751,4025
