0.0192830562592,7609
0.0199069976807,7608
0.0202598571777,7607
0.0206768512726,7606
0.0210919380188,7605
0.0218069553375,7604
0.0225698947906,7603
0.0231530666351,7602
0.0235159397125,7601
0.0239770412445,7600
0.0243229866028,7599
0.0246798992157,7598
0.0251848697662,7597
0.0257439613342,7596
0.0262460708618,7595
0.0267798900604,7594
0.0272529125214,7593
0.0276429653168,7592
0.0280709266663,7591
0.0284459590912,7590
0.0287299156189,7589
0.0291140079498,7588
0.0296618938446,7587
0.0299508571625,7586
0.0304758548737,7585
0.0309910774231,7584
0.0314290523529,7583
0.0319859981537,7582
0.0323820114136,7581
0.03338098526,7580
0.0338270664215,7579
0.0341699123383,7578
0.034795999527,7577
0.0352940559387,7576
0.0355949401855,7575
0.0360050201416,7574
0.0364830493927,7573
0.0369579792023,7572
0.0374639034271,7571
0.0381190776825,7570
0.0384180545807,7569
0.0389668941498,7568
0.039351940155,7567
0.0400459766388,7566
0.0404050350189,7565
0.0408389568329,7564
0.0413439273834,7563
0.0416960716248,7562
0.0421769618988,7561
0.0427930355072,7560
0.0431439876556,7559
0.0434830188751,7558
0.0440449714661,7557
0.0447719097137,7556
0.0454430580139,7555
0.0462560653687,7554
0.0467209815979,7553
0.0470390319824,7552
0.0474359989166,7551
0.0481128692627,7550
0.048476934433,7549
0.0488550662994,7548
0.0495150089264,7547
0.0499079227448,7546
0.0502848625183,7545
0.0506188869476,7544
0.0510239601135,7543
0.0515730381012,7542
0.0521049499512,7541
0.0525529384613,7540
0.0533590316772,7539
0.0537559986115,7538
0.0542738437653,7537
0.0547008514404,7536
0.0553998947144,7535
0.0559659004211,7534
0.0564148426056,7533
0.0569939613342,7532
0.0573329925537,7531
0.0578420162201,7530
0.0586490631104,7529
0.0590689182281,7528
0.0594229698181,7527
0.059690952301,7526
0.0602509975433,7525
0.0609409809113,7524
0.0613720417023,7523
0.0620470046997,7522
0.0627210140228,7521
0.0630919933319,7520
0.0633790493011,7519
0.063873052597,7518
0.0643708705902,7517
0.0647230148315,7516
0.065260887146,7515
0.0656750202179,7514
0.0661668777466,7513
0.0666260719299,7512
0.0669138431549,7511
0.0674350261688,7510
0.0679979324341,7509
0.0682940483093,7508
0.0686850547791,7507
0.0690710544586,7506
0.0696949958801,7505
0.0702030658722,7504
0.0707099437714,7503
0.0710759162903,7502
0.0713720321655,7501
0.0719540119171,7500
0.0724790096283,7499
0.0729310512543,7498
0.0733778476715,7497
0.0736649036407,7496
0.0742299556732,7495
0.0751130580902,7494
0.0754380226135,7493
0.0757598876953,7492
0.076367855072,7491
0.0766689777374,7490
0.0774898529053,7489
0.0778138637543,7488
0.0783410072327,7487
0.0787279605865,7486
0.0790600776672,7485
0.0794479846954,7484
0.0797839164734,7483
0.0805180072784,7482
0.0811738967896,7481
0.0816159248352,7480
0.081934928894,7479
0.0823500156403,7478
0.0826618671417,7477
0.0831670761108,7476
0.0837519168854,7475
0.0843579769135,7474
0.0848739147186,7473
0.085275888443,7472
0.0855798721313,7471
0.0859620571136,7470
0.0867228507996,7469
0.0871829986572,7468
0.0876979827881,7467
0.088093996048,7466
0.0885469913483,7465
0.0890049934387,7464
0.0901410579681,7463
0.0907299518585,7462
0.0912730693817,7461
0.091737985611,7460
0.0926258563995,7459
0.0931589603424,7458
0.0942080020905,7457
0.0946829319,7456
0.0955059528351,7455
0.0969848632812,7454
0.0977609157562,7453
0.0984239578247,7452
0.0991020202637,7451
0.0997860431671,7450
0.10039305687,7449
0.10111284256,7448
0.101794958115,7447
0.102128982544,7446
0.102797985077,7445
0.10320186615,7444
0.103692054749,7443
0.104276895523,7442
0.10475897789,7441
0.105282068253,7440
0.106492042542,7439
0.106860876083,7438
0.107909917831,7437
0.108487844467,7436
0.109025001526,7435
0.109984874725,7434
0.110571861267,7433
0.111011981964,7432
0.111665010452,7431
0.112604856491,7430
0.113657951355,7429
0.114493846893,7428
0.114953041077,7427
0.115386962891,7426
0.116029024124,7425
0.117107868195,7424
0.117687940598,7423
0.118063926697,7422
0.118432998657,7421
0.118839025497,7420
0.11917591095,7419
0.119562864304,7418
0.120250940323,7417
0.120795965195,7416
0.121324062347,7415
0.121639966965,7414
0.12211894989,7413
0.123261928558,7412
0.123714923859,7411
0.124486923218,7410
0.124927043915,7409
0.125602006912,7408
0.126066923141,7407
0.126510858536,7406
0.127284049988,7405
0.127773046494,7404
0.128164052963,7403
0.128857851028,7402
0.129462003708,7401
0.130527019501,7400
0.131026029587,7399
0.131737947464,7398
0.132423877716,7397
0.132811069489,7396
0.133400917053,7395
0.13383603096,7394
0.134616851807,7393
0.135210037231,7392
0.135750055313,7391
0.136155843735,7390
0.136770963669,7389
0.137289047241,7388
0.13775396347,7387
0.138141870499,7386
0.138628005981,7385
0.138923883438,7384
0.139317035675,7383
0.139700889587,7382
0.140246868134,7381
0.140673875809,7380
0.141309976578,7379
0.141654014587,7378
0.14228105545,7377
0.142750024796,7376
0.143342018127,7375
0.144182920456,7374
0.144674062729,7373
0.145070075989,7372
0.145577907562,7371
0.145982980728,7370
0.146533966064,7369
0.146988868713,7368
0.147644996643,7367
0.148401975632,7366
0.14922785759,7365
0.149597883224,7364
0.15030503273,7363
0.1507999897,7362
0.151228904724,7361
0.151640892029,7360
0.152014017105,7359
0.152559995651,7358
0.153262853622,7357
0.153832912445,7356
0.15420293808,7355
0.154788970947,7354
0.155190944672,7353
0.155565977097,7352
0.156002998352,7351
0.156553983688,7350
0.157582998276,7349
0.157973051071,7348
0.158448934555,7347
0.158998966217,7346
0.15965294838,7345
0.160398960114,7344
0.161248922348,7343
0.16185092926,7342
0.162327051163,7341
0.162870883942,7340
0.16345000267,7339
0.163982868195,7338
0.164401054382,7337
0.164721012115,7336
0.165513038635,7335
0.166034936905,7334
0.166543960571,7333
0.167188882828,7332
0.167582035065,7331
0.168042898178,7330
0.168412923813,7329
0.169021844864,7328
0.169409990311,7327
0.170255899429,7326
0.17093205452,7325
0.171444892883,7324
0.172581911087,7323
0.173399925232,7322
0.17394900322,7321
0.17474603653,7320
0.175059080124,7319
0.175484895706,7318
0.17587685585,7317
0.176825046539,7316
0.177357912064,7315
0.178098917007,7314
0.17861199379,7313
0.179622888565,7312
0.180165052414,7311
0.181094884872,7310
0.18160200119,7309
0.182148933411,7308
0.182522058487,7307
0.183048009872,7306
0.18408203125,7305
0.184752941132,7304
0.185139894485,7303
0.185488939285,7302
0.185914993286,7301
0.186630964279,7300
0.1875,7299
0.187874078751,7298
0.188843011856,7297
0.189203977585,7296
0.189851999283,7295
0.190856933594,7294
0.191226005554,7293
0.191689968109,7292
0.193078041077,7291
0.193974018097,7290
0.194474935532,7289
0.194972991943,7288
0.195554971695,7287
0.195931911469,7286
0.196598052979,7285
0.197641849518,7284
0.198638916016,7283
0.199495077133,7282
0.199893951416,7281
0.200762987137,7280
0.201362848282,7279
0.201817035675,7278
0.202260017395,7277
0.202836036682,7276
0.203310966492,7275
0.203768014908,7274
0.204225063324,7273
0.205318927765,7272
0.205775976181,7271
0.207231044769,7270
0.207752943039,7269
0.208557844162,7268
0.209007978439,7267
0.209524869919,7266
0.21045088768,7265
0.210902929306,7264
0.211415052414,7263
0.211793899536,7262
0.212182044983,7261
0.21247792244,7260
0.212862968445,7259
0.213423013687,7258
0.213916063309,7257
0.21502995491,7256
0.215523004532,7255
0.215842962265,7254
0.216364860535,7253
0.217262983322,7252
0.217545032501,7251
0.218109846115,7250
0.219284057617,7249
0.220671892166,7248
0.221060037613,7247
0.222262859344,7246
0.222660064697,7245
0.222960948944,7244
0.223392009735,7243
0.223823070526,7242
0.224214076996,7241
0.224792957306,7240
0.225468873978,7239
0.22637295723,7238
0.226875066757,7237
0.227381944656,7236
0.227675914764,7235
0.228209018707,7234
0.228543043137,7233
0.228886842728,7232
0.229291915894,7231
0.229688882828,7230
0.230150938034,7229
0.230725049973,7228
0.231083869934,7227
0.231507062912,7226
0.233350992203,7225
0.233783960342,7224
0.234350919724,7223
0.234978914261,7222
0.235319852829,7221
0.236495018005,7220
0.237015008926,7219
0.237890958786,7218
0.23828291893,7217
0.239093065262,7216
0.240473031998,7215
0.241092920303,7214
0.241837024689,7213
0.242238044739,7212
0.24304485321,7211
0.243690013885,7210
0.244241952896,7209
0.244709014893,7208
0.245378017426,7207
0.24581694603,7206
0.246223926544,7205
0.246975898743,7204
0.247498989105,7203
0.248626947403,7202
0.248905897141,7201
0.2491979599,7200
0.249813079834,7199
0.250457048416,7198
0.250899076462,7197
0.252321004868,7196
0.252790927887,7195
0.253207921982,7194
0.253741979599,7193
0.254281997681,7192
0.255621910095,7191
0.256079912186,7190
0.257506847382,7189
0.258102893829,7188
0.258641958237,7187
0.259075880051,7186
0.259667873383,7185
0.260427951813,7184
0.260838031769,7183
0.262479066849,7182
0.262917995453,7181
0.263334989548,7180
0.264335870743,7179
0.264858007431,7178
0.265352964401,7177
0.265786886215,7176
0.266140937805,7175
0.266632080078,7174
0.266964912415,7173
0.268136024475,7172
0.269288063049,7171
0.269815921783,7170
0.27037191391,7169
0.270808935165,7168
0.271172046661,7167
0.271823883057,7166
0.273259878159,7165
0.273818969727,7164
0.274406909943,7163
0.275447845459,7162
0.275755882263,7161
0.277230024338,7160
0.278239965439,7159
0.278851032257,7158
0.279396057129,7157
0.279891014099,7156
0.280472040176,7155
0.281527042389,7154
0.282173871994,7153
0.282655954361,7152
0.283066987991,7151
0.283556938171,7150
0.284108877182,7149
0.284736871719,7148
0.285156965256,7147
0.286062955856,7146
0.286539077759,7145
0.286942958832,7144
0.287821054459,7143
0.288236856461,7142
0.288609981537,7141
0.28998208046,7140
0.290278911591,7139
0.291171073914,7138
0.291830062866,7137
0.293079853058,7136
0.293513059616,7135
0.294250011444,7134
0.294821977615,7133
0.295212984085,7132
0.295851945877,7131
0.296521902084,7130
0.29717206955,7129
0.297601938248,7128
0.298061847687,7127
0.298614025116,7126
0.299640893936,7125
0.300379991531,7124
0.300945043564,7123
0.30159497261,7122
0.302295923233,7121
0.302855014801,7120
0.303184986115,7119
0.303879022598,7118
0.304444074631,7117
0.305113077164,7116
0.305660963058,7115
0.305990934372,7114
0.307059049606,7113
0.307632923126,7112
0.307927846909,7111
0.308354854584,7110
0.308956861496,7109
0.309355020523,7108
0.310525894165,7107
0.31091594696,7106
0.311866044998,7105
0.312911987305,7104
0.313555955887,7103
0.315774917603,7102
0.316477060318,7101
0.316946029663,7100
0.317410945892,7099
0.31785607338,7098
0.318856954575,7097
0.319525003433,7096
0.320405006409,7095
0.320728063583,7094
0.321213960648,7093
0.321532011032,7092
0.322109937668,7091
0.32306098938,7090
0.323579072952,7089
0.324058055878,7088
0.324779033661,7087
0.325809955597,7086
0.326925992966,7085
0.327596902847,7084
0.328072071075,7083
0.329385042191,7082
0.329998016357,7081
0.330554008484,7080
0.331490039825,7079
0.331888914108,7078
0.332468986511,7077
0.332859039307,7076
0.333298921585,7075
0.334542036057,7074
0.334922075272,7073
0.336010932922,7072
0.336678981781,7071
0.337774038315,7070
0.338105916977,7069
0.338767051697,7068
0.340401887894,7067
0.341006994247,7066
0.34157705307,7065
0.342587947845,7064
0.344137907028,7063
0.344740867615,7062
0.345262050629,7061
0.345963954926,7060
0.347061872482,7059
0.347483873367,7058
0.348057031631,7057
0.348541975021,7056
0.349182844162,7055
0.349708080292,7054
0.350787878036,7053
0.351350069046,7052
0.351702928543,7051
0.352208852768,7050
0.352727890015,7049
0.353054046631,7048
0.355375051498,7047
0.357367992401,7046
0.357867002487,7045
0.358505010605,7044
0.359919071198,7043
0.360404014587,7042
0.361154079437,7041
0.362586021423,7040
0.363456964493,7039
0.364073991776,7038
0.365141868591,7037
0.365555047989,7036
0.366009950638,7035
0.36655497551,7034
0.366898059845,7033
0.367267847061,7032
0.367745876312,7031
0.368233919144,7030
0.368538856506,7029
0.369809865952,7028
0.370951890945,7027
0.371480941772,7026
0.372907876968,7025
0.37340092659,7024
0.374309062958,7023
0.375231981277,7022
0.375720024109,7021
0.376007080078,7020
0.37669801712,7019
0.377091884613,7018
0.3775370121,7017
0.37805891037,7016
0.379093885422,7015
0.380616903305,7014
0.381156921387,7013
0.381547927856,7012
0.381968021393,7011
0.383069992065,7010
0.383926868439,7009
0.384490013123,7008
0.385232925415,7007
0.385864019394,7006
0.387099027634,7005
0.387836933136,7004
0.388534069061,7003
0.389364004135,7002
0.390511989594,7001
0.391068935394,7000
0.391463041306,6999
0.39185500145,6998
0.392705917358,6997
0.393908977509,6996
0.39443898201,6995
0.394950866699,6994
0.395384073257,6993
0.395916938782,6992
0.396326065063,6991
0.397161960602,6990
0.397599935532,6989
0.398557901382,6988
0.398844957352,6987
0.399796962738,6986
0.400171041489,6985
0.400678873062,6984
0.401010036469,6983
0.401392936707,6982
0.402422904968,6981
0.402770996094,6980
0.403743982315,6979
0.405076980591,6978
0.405663967133,6977
0.406210899353,6976
0.406691074371,6975
0.407400846481,6974
0.407957077026,6973
0.408885955811,6972
0.409575939178,6971
0.410409927368,6970
0.411279916763,6969
0.412080049515,6968
0.412634849548,6967
0.413058996201,6966
0.414135932922,6965
0.415042877197,6964
0.41596198082,6963
0.416298866272,6962
0.416990995407,6961
0.417402982712,6960
0.417988061905,6959
0.419620037079,6958
0.420091867447,6957
0.421475887299,6956
0.422086000443,6955
0.422616958618,6954
0.42311501503,6953
0.423759937286,6952
0.424242019653,6951
0.424767971039,6950
0.425163030624,6949
0.426049947739,6948
0.426707029343,6947
0.427228927612,6946
0.428088903427,6945
0.428690910339,6944
0.430867910385,6943
0.431148052216,6942
0.431746006012,6941
0.432097911835,6940
0.432837963104,6939
0.433362960815,6938
0.433982849121,6937
0.434509992599,6936
0.435041904449,6935
0.43581199646,6934
0.43664598465,6933
0.437128067017,6932
0.437681913376,6931
0.438122034073,6930
0.438413858414,6929
0.439043045044,6928
0.440691947937,6927
0.441588878632,6926
0.441953897476,6925
0.443269968033,6924
0.443780899048,6923
0.444370985031,6922
0.445510864258,6921
0.446861982346,6920
0.4475710392,6919
0.448122024536,6918
0.448590993881,6917
0.448899030685,6916
0.449846982956,6915
0.45024895668,6914
0.45111489296,6913
0.451703071594,6912
0.452066898346,6911
0.452897071838,6910
0.455677986145,6909
0.45793390274,6908
0.459070920944,6907
0.459631919861,6906
0.460247039795,6905
0.46073102951,6904
0.462027072906,6903
0.463258981705,6902
0.463850975037,6901
0.464318037033,6900
0.46568107605,6899
0.466367006302,6898
0.467383861542,6897
0.467818975449,6896
0.468431949615,6895
0.468842029572,6894
0.471596956253,6893
0.4718708992,6892
0.472501039505,6891
0.472941875458,6890
0.473422050476,6889
0.474181890488,6888
0.474789857864,6887
0.475432872772,6886
0.476135015488,6885
0.47646188736,6884
0.476781845093,6883
0.478067874908,6882
0.478568077087,6881
0.479120016098,6880
0.479402065277,6879
0.479887008667,6878
0.480427980423,6877
0.480913877487,6876
0.481714010239,6875
0.482233047485,6874
0.48268699646,6873
0.48322892189,6872
0.484053850174,6871
0.484509944916,6870
0.485136032104,6869
0.485931873322,6868
0.486202955246,6867
0.487937927246,6866
0.489065885544,6865
0.490010023117,6864
0.490937948227,6863
0.491435050964,6862
0.492761850357,6861
0.49334692955,6860
0.493830919266,6859
0.494189977646,6858
0.494756937027,6857
0.495265960693,6856
0.496557950974,6855
0.497094869614,6854
0.499031066895,6853
0.500376939774,6852
0.500999927521,6851
0.502133846283,6850
0.502671003342,6849
0.503036975861,6848
0.503664016724,6847
0.505446910858,6846
0.506404876709,6845
0.507209062576,6844
0.507586956024,6843
0.50821185112,6842
0.509358882904,6841
0.510190963745,6840
0.511990070343,6839
0.512372016907,6838
0.512912034988,6837
0.513459920883,6836
0.514045000076,6835
0.515625,6834
0.516242980957,6833
0.517158031464,6832
0.517421960831,6831
0.518059015274,6830
0.518751859665,6829
0.519439935684,6828
0.520619869232,6827
0.52113699913,6826
0.521937847137,6825
0.52237200737,6824
0.524034976959,6823
0.524435997009,6822
0.525912046432,6821
0.526548862457,6820
0.527353048325,6819
0.528218984604,6818
0.529029846191,6817
0.529587030411,6816
0.530223846436,6815
0.531108856201,6814
0.531416893005,6813
0.53188085556,6812
0.533458948135,6811
0.534705877304,6810
0.535202026367,6809
0.536167860031,6808
0.536517858505,6807
0.538975000381,6806
0.539481878281,6805
0.540408849716,6804
0.541231870651,6803
0.542173862457,6802
0.54277586937,6801
0.543240070343,6800
0.543762922287,6799
0.544607877731,6798
0.545083045959,6797
0.54599905014,6796
0.546627998352,6795
0.547175884247,6794
0.54806303978,6793
0.548959970474,6792
0.549637079239,6791
0.550129890442,6790
0.551040887833,6789
0.551460981369,6788
0.551848888397,6787
0.552336931229,6786
0.552854061127,6785
0.553325891495,6784
0.553829908371,6783
0.554378986359,6782
0.555155038834,6781
0.555813074112,6780
0.556674957275,6779
0.557090044022,6778
0.558134078979,6777
0.559064865112,6776
0.559805870056,6775
0.560153961182,6774
0.561282873154,6773
0.562002897263,6772
0.563155889511,6771
0.565001964569,6770
0.565407037735,6769
0.566328048706,6768
0.566582918167,6767
0.567021846771,6766
0.567728996277,6765
0.569536924362,6764
0.570011854172,6763
0.570499897003,6762
0.570936918259,6761
0.571380853653,6760
0.571822881699,6759
0.572464942932,6758
0.574054002762,6757
0.574590921402,6756
0.575052976608,6755
0.575389862061,6754
0.575919866562,6753
0.577614068985,6752
0.57896900177,6751
0.579504966736,6750
0.580636978149,6749
0.582705974579,6748
0.583811044693,6747
0.584876060486,6746
0.585988044739,6745
0.586809873581,6744
0.587391853333,6743
0.58827495575,6742
0.589223861694,6741
0.58957195282,6740
0.59002494812,6739
0.590344905853,6738
0.590656042099,6737
0.591595888138,6736
0.591975927353,6735
0.592354059219,6734
0.592638969421,6733
0.593153953552,6732
0.593981027603,6731
0.594907999039,6730
0.595813989639,6729
0.596680879593,6728
0.598435878754,6727
0.599274873734,6726
0.59955406189,6725
0.600399971008,6724
0.601096868515,6723
0.601402044296,6722
0.601701974869,6721
0.602966070175,6720
0.603862047195,6719
0.604304075241,6718
0.605032920837,6717
0.605911016464,6716
0.60644197464,6715
0.607032060623,6714
0.60737490654,6713
0.607846975327,6712
0.608638048172,6711
0.608921051025,6710
0.609431028366,6709
0.610976934433,6708
0.611768007278,6707
0.612088918686,6706
0.612488985062,6705
0.61368894577,6704
0.614502906799,6703
0.615047931671,6702
0.615504980087,6701
0.617218971252,6700
0.617558956146,6699
0.618010997772,6698
0.61828494072,6697
0.62024307251,6696
0.620735883713,6695
0.621989011765,6694
0.624013900757,6693
0.624633073807,6692
0.625025987625,6691
0.625582933426,6690
0.626251935959,6689
0.627038955688,6688
0.627447843552,6687
0.62849187851,6686
0.629581928253,6685
0.630893945694,6684
0.631455898285,6683
0.632061004639,6682
0.63304400444,6681
0.63426399231,6680
0.635432958603,6679
0.636319875717,6678
0.636756896973,6677
0.637704849243,6676
0.639556884766,6675
0.640174865723,6674
0.640796899796,6673
0.641914844513,6672
0.642524957657,6671
0.643692970276,6670
0.644378900528,6669
0.644705057144,6668
0.645797014236,6667
0.647407054901,6666
0.647665023804,6665
0.648030042648,6664
0.650043010712,6663
0.650805950165,6662
0.651304006577,6661
0.65345788002,6660
0.654798984528,6659
0.655143976212,6658
0.655595064163,6657
0.656924962997,6656
0.658383846283,6655
0.658876895905,6654
0.659163951874,6653
0.659571886063,6652
0.660475969315,6651
0.660934925079,6650
0.662172079086,6649
0.662890911102,6648
0.663717031479,6647
0.664406061172,6646
0.665783882141,6645
0.666472911835,6644
0.667403936386,6643
0.669170856476,6642
0.669625997543,6641
0.670090913773,6640
0.671225070953,6639
0.671994924545,6638
0.672942876816,6637
0.67386507988,6636
0.674383878708,6635
0.675009012222,6634
0.675432920456,6633
0.676156997681,6632
0.676506996155,6631
0.678396940231,6630
0.680779933929,6629
0.681885004044,6628
0.683210849762,6627
0.684328079224,6626
0.685651063919,6625
0.686527967453,6624
0.687016963959,6623
0.68745803833,6622
0.687804937363,6621
0.689781904221,6620
0.690180063248,6619
0.690623044968,6618
0.691010951996,6617
0.691429853439,6616
0.692018032074,6615
0.692389011383,6614
0.692811012268,6613
0.693373918533,6612
0.694289922714,6611
0.694984912872,6610
0.697151899338,6609
0.697746038437,6608
0.698169946671,6607
0.6986348629,6606
0.700281858444,6605
0.701566934586,6604
0.702046871185,6603
0.704211950302,6602
0.705101966858,6601
0.706122875214,6600
0.707542896271,6599
0.707885980606,6598
0.7088098526,6597
0.709395885468,6596
0.709795951843,6595
0.710586071014,6594
0.711312055588,6593
0.712130069733,6592
0.712530851364,6591
0.713046073914,6590
0.713500022888,6589
0.713881969452,6588
0.714344978333,6587
0.715152978897,6586
0.716557979584,6585
0.717004060745,6584
0.717653036118,6583
0.718276977539,6582
0.72048997879,6581
0.720968961716,6580
0.72137594223,6579
0.722226858139,6578
0.723363876343,6577
0.723975896835,6576
0.724406957626,6575
0.726629018784,6574
0.727051973343,6573
0.727342844009,6572
0.72775888443,6571
0.728498935699,6570
0.730268001556,6569
0.730666875839,6568
0.7310359478,6567
0.732097864151,6566
0.732560873032,6565
0.734338998795,6564
0.734977960587,6563
0.735970973969,6562
0.736363887787,6561
0.736974000931,6560
0.7374958992,6559
0.737894058228,6558
0.738355875015,6557
0.739296913147,6556
0.740229845047,6555
0.740660905838,6554
0.742296934128,6553
0.743090867996,6552
0.743494987488,6551
0.744945049286,6550
0.745307922363,6549
0.746078968048,6548
0.746479988098,6547
0.747225999832,6546
0.747735977173,6545
0.74832701683,6544
0.748579978943,6543
0.74919295311,6542
0.750418901443,6541
0.751554965973,6540
0.751941919327,6539
0.75292801857,6538
0.753426074982,6537
0.755008935928,6536
0.755883932114,6535
0.757359981537,6534
0.758482933044,6533
0.758949995041,6532
0.75933098793,6531
0.760484933853,6530
0.761566877365,6529
0.762647867203,6528
0.765351057053,6527
0.765846014023,6526
0.767078876495,6525
0.768005847931,6524
0.771883964539,6523
0.77232003212,6522
0.772916078568,6521
0.773876905441,6520
0.774220943451,6519
0.775511980057,6518
0.776733875275,6517
0.777495861053,6516
0.778794050217,6515
0.7798640728,6514
0.780585050583,6513
0.781383991241,6512
0.781831979752,6511
0.782432079315,6510
0.783387899399,6509
0.783886909485,6508
0.784587860107,6507
0.785357952118,6506
0.785676956177,6505
0.786328077316,6504
0.787811040878,6503
0.788393974304,6502
0.78883600235,6501
0.789352893829,6500
0.790708065033,6499
0.791832923889,6498
0.792476892471,6497
0.794105052948,6496
0.794565916061,6495
0.794909000397,6494
0.795500040054,6493
0.796387910843,6492
0.797425031662,6491
0.798099040985,6490
0.798791885376,6489
0.799248933792,6488
0.799625873566,6487
0.800132989883,6486
0.800646066666,6485
0.80150604248,6484
0.801987886429,6483
0.803025960922,6482
0.804831981659,6481
0.805994987488,6480
0.807698011398,6479
0.810898065567,6478
0.812017917633,6477
0.812824964523,6476
0.813293933868,6475
0.813647985458,6474
0.815314054489,6473
0.816293001175,6472
0.816815853119,6471
0.817281007767,6470
0.817664861679,6469
0.818806886673,6468
0.819630861282,6467
0.820548057556,6466
0.820860862732,6465
0.821269035339,6464
0.822252035141,6463
0.823109865189,6462
0.823901891708,6461
0.825072050095,6460
0.825464963913,6459
0.827728033066,6458
0.828325033188,6457
0.828660964966,6456
0.829020023346,6455
0.829902887344,6454
0.830817937851,6453
0.831233024597,6452
0.831548929214,6451
0.832962989807,6450
0.833472967148,6449
0.834080934525,6448
0.836469888687,6447
0.837640047073,6446
0.838068008423,6445
0.838755846024,6444
0.839364051819,6443
0.839812994003,6442
0.840095043182,6441
0.840826034546,6440
0.842293024063,6439
0.843334913254,6438
0.844316959381,6437
0.844655990601,6436
0.845103025436,6435
0.845587015152,6434
0.846884965897,6433
0.847768068314,6432
0.848299026489,6431
0.848794937134,6430
0.849485874176,6429
0.849899053574,6428
0.851501941681,6427
0.851822853088,6426
0.852239847183,6425
0.852695941925,6424
0.853074073792,6423
0.853564023972,6422
0.854029893875,6421
0.854376077652,6420
0.855427980423,6419
0.857792854309,6418
0.858371019363,6417
0.858712911606,6416
0.861170053482,6415
0.861679077148,6414
0.862262964249,6413
0.862791061401,6412
0.864063024521,6411
0.864951848984,6410
0.86572098732,6409
0.866180896759,6408
0.866659879684,6407
0.867599964142,6406
0.868306875229,6405
0.868880987167,6404
0.870347976685,6403
0.870627880096,6402
0.871407985687,6401
0.872431993484,6400
0.874882936478,6399
0.876060009003,6398
0.877862930298,6397
0.878691911697,6396
0.880220890045,6395
0.880769014359,6394
0.881964921951,6393
0.882760047913,6392
0.884227991104,6391
0.88551902771,6390
0.88606095314,6389
0.887320995331,6388
0.887748003006,6387
0.888016939163,6386
0.889456987381,6385
0.890109062195,6384
0.891480922699,6383
0.891847848892,6382
0.892711877823,6381
0.892986059189,6380
0.894005060196,6379
0.894356966019,6378
0.89485001564,6377
0.895117044449,6376
0.895683050156,6375
0.896162986755,6374
0.89693903923,6373
0.898222923279,6372
0.900217056274,6371
0.901676893234,6370
0.902056932449,6369
0.903653860092,6368
0.904501914978,6367
0.904919862747,6366
0.905416965485,6365
0.906154870987,6364
0.90660405159,6363
0.907728910446,6362
0.907999038696,6361
0.908540964127,6360
0.909302949905,6359
0.909965991974,6358
0.91088104248,6357
0.91140794754,6356
0.913017034531,6355
0.913454055786,6354
0.913979053497,6353
0.914777040482,6352
0.915761947632,6351
0.916172981262,6350
0.918501853943,6349
0.919121980667,6348
0.920254945755,6347
0.921833992004,6346
0.92233300209,6345
0.926020860672,6344
0.926969051361,6343
0.928441047668,6342
0.928870916367,6341
0.930116891861,6340
0.932366847992,6339
0.93329000473,6338
0.935253858566,6337
0.935523986816,6336
0.937198877335,6335
0.93851685524,6334
0.939096927643,6333
0.940819978714,6332
0.9412150383,6331
0.942539930344,6330
0.943037033081,6329
0.944058895111,6328
0.944337844849,6327
0.945194959641,6326
0.946405887604,6325
0.94766497612,6324
0.949553012848,6323
0.949864864349,6322
0.950742006302,6321
0.951154947281,6320
0.952574968338,6319
0.953425884247,6318
0.956358909607,6317
0.956827878952,6316
0.958580970764,6315
0.959055900574,6314
0.960123062134,6313
0.96161699295,6312
0.96243596077,6311
0.96298789978,6310
0.965273857117,6309
0.967285871506,6308
0.967548847198,6307
0.968472003937,6306
0.969068050385,6305
0.969614028931,6304
0.970322847366,6303
0.972203016281,6302
0.973197937012,6301
0.973453044891,6300
0.973832845688,6299
0.974992036819,6298
0.975918054581,6297
0.97676897049,6296
0.978837966919,6295
0.979939937592,6294
0.980210065842,6293
0.982146024704,6292
0.983314990997,6291
0.9845058918,6290
0.98494887352,6289
0.985353946686,6288
0.988318920135,6287
0.98911690712,6286
0.989428043365,6285
0.989716053009,6284
0.990244865417,6283
0.992347955704,6282
0.99383187294,6281
0.995307922363,6280
0.997355937958,6279
0.998720884323,6278
0.99918794632,6277
1.00009799004,6276
1.00078606606,6275
1.00142097473,6274
1.00197196007,6273
1.00268888474,6272
1.00489497185,6271
1.00546503067,6270
1.00578999519,6269
1.00734996796,6268
1.0078690052,6267
1.00842285156,6266
1.00873804092,6265
1.01070594788,6264
1.01145887375,6263
1.01192188263,6262
1.01334095001,6261
1.01414299011,6260
1.01456093788,6259
1.01515698433,6258
1.01638102531,6257
1.01752901077,6256
1.01805686951,6255
1.0200510025,6254
1.02132892609,6253
1.0233528614,6252
1.02619385719,6251
1.02789902687,6250
1.02877306938,6249
1.0299038887,6248
1.03104305267,6247
1.03163695335,6246
1.03364300728,6245
1.03580904007,6244
1.03639888763,6243
1.03732895851,6242
1.03815603256,6241
1.0389008522,6240
1.03949785233,6239
1.04016685486,6238
1.04422402382,6237
1.04592585564,6236
1.04703807831,6235
1.04779291153,6234
1.04828691483,6233
1.04866600037,6232
1.04922795296,6231
1.04962491989,6230
1.05149388313,6229
1.05178904533,6228
1.05212903023,6227
1.0541870594,6226
1.05748605728,6225
1.05796599388,6224
1.05893206596,6223
1.05927395821,6222
1.06035494804,6221
1.06181001663,6220
1.06223607063,6219
1.06275606155,6218
1.06536388397,6217
1.06617188454,6216
1.06729698181,6215
1.06863093376,6214
1.06955099106,6213
1.07023406029,6212
1.07160806656,6211
1.07259202003,6210
1.07299494743,6209
1.07382893562,6208
1.07468295097,6207
1.07709789276,6206
1.07794189453,6205
1.07837700844,6204
1.080286026,6203
1.08113193512,6202
1.08197498322,6201
1.08262896538,6200
1.08317089081,6199
1.08365797997,6198
1.0855679512,6197
1.08697295189,6196
1.08830499649,6195
1.08921599388,6194
1.09113097191,6193
1.09166002274,6192
1.09207487106,6191
1.09270596504,6190
1.09367585182,6189
1.09401893616,6188
1.09501600266,6187
1.09771299362,6186
1.09816098213,6185
1.0998749733,6184
1.10032296181,6183
1.10109305382,6182
1.1023440361,6181
1.10377693176,6180
1.10454487801,6179
1.10540103912,6178
1.10645198822,6177
1.10986185074,6176
1.11062693596,6175
1.11206007004,6174
1.11336088181,6173
1.11380195618,6172
1.11500692368,6171
1.11555290222,6170
1.1159529686,6169
1.11763691902,6168
1.11806201935,6167
1.11904096603,6166
1.11943888664,6165
1.11990189552,6164
1.12044405937,6163
1.12123298645,6162
1.12159585953,6161
1.12205004692,6160
1.12358999252,6159
1.12646198273,6158
1.1268799305,6157
1.127368927,6156
1.12766504288,6155
1.12852692604,6154
1.12951898575,6153
1.12991690636,6152
1.13124799728,6151
1.13175487518,6150
1.13344693184,6149
1.1342549324,6148
1.13529706001,6147
1.13589406013,6146
1.13885903358,6145
1.14098501205,6144
1.1414399147,6143
1.14221596718,6142
1.1433570385,6141
1.14411592484,6140
1.14480996132,6139
1.14636588097,6138
1.14820098877,6137
1.14875388145,6136
1.14963698387,6135
1.15041184425,6134
1.15120506287,6133
1.15202903748,6132
1.15352892876,6131
1.15493893623,6130
1.15695405006,6129
1.15736198425,6128
1.16049003601,6127
1.16099691391,6126
1.16203904152,6125
1.16323590279,6124
1.16399407387,6123
1.16449999809,6122
1.1664378643,6121
1.16804385185,6120
1.1690299511,6119
1.16962695122,6118
1.17106199265,6117
1.17355895042,6116
1.17470788956,6115
1.17532992363,6114
1.17717695236,6113
1.17749285698,6112
1.17801189423,6111
1.17862701416,6110
1.17904996872,6109
1.1797580719,6108
1.18217396736,6107
1.18267202377,6106
1.18542599678,6105
1.18705201149,6104
1.18865203857,6103
1.19022107124,6102
1.1909558773,6101
1.19166707993,6100
1.19283795357,6099
1.19331288338,6098
1.1936340332,6097
1.19431495667,6096
1.19514298439,6095
1.19560098648,6094
1.19638895988,6093
1.19684100151,6092
1.19834089279,6091
1.19903588295,6090
1.20042490959,6089
1.2036550045,6088
1.20403504372,6087
1.20717787743,6086
1.2087469101,6085
1.20981788635,6084
1.21030092239,6083
1.21245789528,6082
1.21330404282,6081
1.21383500099,6080
1.21560192108,6079
1.21773386002,6078
1.21828794479,6077
1.21961092949,6076
1.22048807144,6075
1.22124695778,6074
1.22200489044,6073
1.22250986099,6072
1.2230348587,6071
1.22359895706,6070
1.22427988052,6069
1.22700285912,6068
1.22743105888,6067
1.22955203056,6066
1.23016691208,6065
1.23055291176,6064
1.23101305962,6063
1.23133802414,6062
1.23246884346,6061
1.23324084282,6060
1.23422694206,6059
1.23567986488,6058
1.23641204834,6057
1.23728704453,6056
1.2377409935,6055
1.23837590218,6054
1.23887395859,6053
1.23927807808,6052
1.23974990845,6051
1.24048686028,6050
1.24087500572,6049
1.24243497849,6048
1.24298501015,6047
1.24477005005,6046
1.24528598785,6045
1.24569487572,6044
1.24678587914,6043
1.24714207649,6042
1.24760890007,6041
1.24965786934,6040
1.25050997734,6039
1.25169301033,6038
1.25232195854,6037
1.25287103653,6036
1.25492501259,6035
1.25561285019,6034
1.25826597214,6033
1.25939893723,6032
1.2600569725,6031
1.26068496704,6030
1.26200294495,6029
1.26263904572,6028
1.26313185692,6027
1.2645418644,6026
1.26618289948,6025
1.26650691032,6024
1.26933693886,6023
1.27010893822,6022
1.27211403847,6021
1.27425789833,6020
1.27465987206,6019
1.27593398094,6018
1.27632904053,6017
1.27676701546,6016
1.27738785744,6015
1.27819085121,6014
1.28103590012,6013
1.28145098686,6012
1.28324985504,6011
1.28375196457,6010
1.28437185287,6009
1.28473997116,6008
1.28519892693,6007
1.28600096703,6006
1.28679704666,6005
1.2891330719,6004
1.2903649807,6003
1.29261994362,6002
1.29355287552,6001
1.29488396645,6000
1.29552197456,5999
1.29625988007,5998
1.29675602913,5997
1.29789495468,5996
1.29869604111,5995
1.29952287674,5994
1.30087304115,5993
1.30332589149,5992
1.30513191223,5991
1.30695390701,5990
1.31068491936,5989
1.31143307686,5988
1.31186795235,5987
1.31238007545,5986
1.312926054,5985
1.31378698349,5984
1.31427502632,5983
1.31530284882,5982
1.31643390656,5981
1.31673598289,5980
1.31730484962,5979
1.31846785545,5978
1.31954789162,5977
1.3204190731,5976
1.32353997231,5975
1.32416892052,5974
1.32507991791,5973
1.32586288452,5972
1.32746601105,5971
1.32864189148,5970
1.32995796204,5969
1.33062005043,5968
1.33222389221,5967
1.33323407173,5966
1.33435797691,5965
1.33545088768,5964
1.33623886108,5963
1.34037804604,5962
1.34081292152,5961
1.34271287918,5960
1.34482693672,5959
1.34515285492,5958
1.34573101997,5957
1.34675788879,5956
1.3507900238,5955
1.35169005394,5954
1.35561704636,5953
1.3559949398,5952
1.35638284683,5951
1.35843801498,5950
1.35918593407,5949
1.35952687263,5948
1.36033606529,5947
1.3607339859,5946
1.36478090286,5945
1.36544084549,5944
1.36602401733,5943
1.36734700203,5942
1.36952900887,5941
1.37011003494,5940
1.37088704109,5939
1.37219500542,5938
1.37320184708,5937
1.37364292145,5936
1.37640285492,5935
1.37910699844,5934
1.38005185127,5933
1.38044786453,5932
1.38252186775,5931
1.38545703888,5930
1.38659095764,5929
1.38713407516,5928
1.3882598877,5927
1.38913393021,5926
1.39173793793,5925
1.39473199844,5924
1.39540100098,5923
1.3961160183,5922
1.39649701118,5921
1.39710187912,5920
1.39744901657,5919
1.39960193634,5918
1.4041659832,5917
1.404515028,5916
1.40506792068,5915
1.40583992004,5914
1.40700507164,5913
1.40855693817,5912
1.41059994698,5911
1.41249394417,5910
1.41289687157,5909
1.41478586197,5908
1.41567206383,5907
1.41701292992,5906
1.41773700714,5905
1.41861486435,5904
1.41924905777,5903
1.42388486862,5902
1.4243850708,5901
1.42501306534,5900
1.42581796646,5899
1.42656207085,5898
1.42711091042,5897
1.42758893967,5896
1.42811799049,5895
1.42880487442,5894
1.42958593369,5893
1.43040704727,5892
1.43082594872,5891
1.43134403229,5890
1.43312907219,5889
1.43346905708,5888
1.43385100365,5887
1.43504786491,5886
1.43632292747,5885
1.4366209507,5884
1.43703889847,5883
1.43899202347,5882
1.43945097923,5881
1.44050884247,5880
1.4423148632,5879
1.4430038929,5878
1.44491004944,5877
1.44627690315,5876
1.44946789742,5875
1.45217299461,5874
1.45278501511,5873
1.45384693146,5872
1.45590686798,5871
1.45765399933,5870
1.45807290077,5869
1.45889186859,5868
1.45917391777,5867
1.46033406258,5866
1.46128702164,5865
1.46185803413,5864
1.46309089661,5863
1.46376991272,5862
1.46707201004,5861
1.4675090313,5860
1.47213602066,5859
1.47456598282,5858
1.47507095337,5857
1.47642707825,5856
1.47687101364,5855
1.47815489769,5854
1.48086905479,5853
1.48157000542,5852
1.48619294167,5851
1.48662900925,5850
1.48726701736,5849
1.48789787292,5848
1.48874592781,5847
1.48931598663,5846
1.48978996277,5845
1.49271988869,5844
1.49317789078,5843
1.49386906624,5842
1.49764084816,5841
1.49865102768,5840
1.4994790554,5839
1.50055003166,5838
1.5022649765,5837
1.50288105011,5836
1.50410985947,5835
1.50750899315,5834
1.50827598572,5833
1.50872588158,5832
1.50996685028,5831
1.5106549263,5830
1.51252794266,5829
1.51604199409,5828
1.51991701126,5827
1.52062487602,5826
1.52288293839,5825
1.52381801605,5824
1.52466988564,5823
1.5252020359,5822
1.52616906166,5821
1.52652001381,5820
1.5280380249,5819
1.5287759304,5818
1.52966499329,5817
1.53030586243,5816
1.53078985214,5815
1.53304600716,5814
1.5333070755,5813
1.53446388245,5812
1.53621387482,5811
1.54320502281,5810
1.54412603378,5809
1.54568886757,5808
1.54718089104,5807
1.54752588272,5806
1.5479490757,5805
1.54926490784,5804
1.55232787132,5803
1.55408906937,5802
1.55545806885,5801
1.55765604973,5800
1.55813407898,5799
1.55900096893,5798
1.55986404419,5797
1.56143403053,5796
1.56296992302,5795
1.56453299522,5794
1.56538105011,5793
1.56799387932,5792
1.56839203835,5791
1.57081007957,5790
1.57277488708,5789
1.57562589645,5788
1.57624793053,5787
1.57761597633,5786
1.57979106903,5785
1.58022403717,5784
1.58262395859,5783
1.58405089378,5782
1.58487892151,5781
1.58756184578,5780
1.58811903,5779
1.58863091469,5778
1.58970403671,5777
1.59049201012,5776
1.59239888191,5775
1.59343791008,5774
1.59469103813,5773
1.59592986107,5772
1.59908485413,5771
1.60184001923,5770
1.60233902931,5769
1.60328507423,5768
1.60511994362,5767
1.60766601562,5766
1.60868406296,5765
1.61133503914,5764
1.61384987831,5763
1.61468887329,5762
1.61532592773,5761
1.61694192886,5760
1.61729693413,5759
1.61873292923,5758
1.61939406395,5757
1.61978793144,5756
1.62030100822,5755
1.62073493004,5754
1.62161207199,5753
1.62422084808,5752
1.62501907349,5751
1.62551999092,5750
1.62667584419,5749
1.62773394585,5748
1.62844800949,5747
1.63066601753,5746
1.63611984253,5745
1.63686203957,5744
1.63816404343,5743
1.63862085342,5742
1.64120793343,5741
1.64156293869,5740
1.64209389687,5739
1.64262795448,5738
1.64309000969,5737
1.64453291893,5736
1.64523506165,5735
1.64562797546,5734
1.64685297012,5733
1.64799189568,5732
1.65078091621,5731
1.65209794044,5730
1.6546459198,5729
1.65610098839,5728
1.65672302246,5727
1.65802192688,5726
1.65896296501,5725
1.65980005264,5724
1.66073298454,5723
1.66147303581,5722
1.66223502159,5721
1.66283893585,5720
1.6631269455,5719
1.66396093369,5718
1.66425895691,5717
1.66507601738,5716
1.66571903229,5715
1.66664099693,5714
1.66766905785,5713
1.66938495636,5712
1.6703350544,5711
1.67075896263,5710
1.67109584808,5709
1.67275190353,5708
1.67453789711,5707
1.67500400543,5706
1.67549991608,5705
1.67811107635,5704
1.67878389359,5703
1.67931985855,5702
1.68002891541,5701
1.68084287643,5700
1.68217992783,5699
1.68262696266,5698
1.68313789368,5697
1.68363785744,5696
1.68417286873,5695
1.68545794487,5694
1.68584299088,5693
1.68705487251,5692
1.68812894821,5691
1.6898560524,5690
1.69067597389,5689
1.6910200119,5688
1.69136595726,5687
1.69165802002,5686
1.69219994545,5685
1.69265794754,5684
1.69317984581,5683
1.69467496872,5682
1.69832086563,5681
1.69944000244,5680
1.70141506195,5679
1.70422387123,5678
1.70493984222,5677
1.70559000969,5676
1.70611906052,5675
1.70655107498,5674
1.7093129158,5673
1.70963001251,5672
1.71027898788,5671
1.71175003052,5670
1.71398305893,5669
1.71499991417,5668
1.71669387817,5667
1.71863889694,5666
1.719383955,5665
1.72156095505,5664
1.72347903252,5663
1.72534584999,5662
1.72577691078,5661
1.72612595558,5660
1.72659087181,5659
1.72688698769,5658
1.72719287872,5657
1.72877502441,5656
1.72943592072,5655
1.73002696037,5654
1.73076105118,5653
1.73110198975,5652
1.73146104813,5651
1.73207998276,5650
1.73245096207,5649
1.73637485504,5648
1.73794102669,5647
1.74269795418,5646
1.74347686768,5645
1.74396395683,5644
1.74478387833,5643
1.74620699883,5642
1.74724602699,5641
1.74803495407,5640
1.74955201149,5639
1.74992990494,5638
1.7504940033,5637
1.75222706795,5636
1.75254106522,5635
1.75481796265,5634
1.75609588623,5633
1.75741696358,5632
1.75782799721,5631
1.75875496864,5630
1.75967001915,5629
1.76008296013,5628
1.76101207733,5627
1.76257395744,5626
1.76403689384,5625
1.76453995705,5624
1.76694607735,5623
1.76737689972,5622
1.76832103729,5621
1.77209806442,5620
1.77300000191,5619
1.77520704269,5618
1.77659893036,5617
1.78194499016,5616
1.78630185127,5615
1.78675103188,5614
1.78742790222,5613
1.78871297836,5612
1.79169797897,5611
1.79227805138,5610
1.79262185097,5609
1.79377102852,5608
1.79422593117,5607
1.79495096207,5606
1.79654884338,5605
1.79706692696,5604
1.8000638485,5603
1.80069303513,5602
1.80138492584,5601
1.80238890648,5600
1.80424690247,5599
1.80472588539,5598
1.80526995659,5597
1.81020402908,5596
1.81317806244,5595
1.81467103958,5594
1.81540799141,5593
1.81605005264,5592
1.81732606888,5591
1.82284402847,5590
1.82469391823,5589
1.82514190674,5588
1.82848286629,5587
1.83004593849,5586
1.83049607277,5585
1.83248996735,5584
1.83732104301,5583
1.83816599846,5582
1.83906793594,5581
1.8396589756,5580
1.83996200562,5579
1.84057092667,5578
1.84206104279,5577
1.84257888794,5576
1.8431198597,5575
1.84346485138,5574
1.8439450264,5573
1.84528207779,5572
1.84657907486,5571
1.84853291512,5570
1.85058903694,5569
1.85133504868,5568
1.85206198692,5567
1.85351991653,5566
1.854585886,5565
1.85539698601,5564
1.85593390465,5563
1.85715794563,5562
1.85829806328,5561
1.8613409996,5560
1.86215591431,5559
1.8631298542,5558
1.86626005173,5557
1.86693906784,5556
1.86735606194,5555
1.86861300468,5554
1.86938095093,5553
1.86992192268,5552
1.87041306496,5551
1.873005867,5550
1.87369394302,5549
1.87589597702,5548
1.87641906738,5547
1.87693285942,5546
1.87732791901,5545
1.87772798538,5544
1.87893486023,5543
1.87939596176,5542
1.87993502617,5541
1.88721704483,5540
1.89098596573,5539
1.89233398438,5538
1.89376807213,5537
1.89455199242,5536
1.89539694786,5535
1.89706087112,5534
1.89828896523,5533
1.89984107018,5532
1.90104198456,5531
1.90228891373,5530
1.90377902985,5529
1.90533685684,5528
1.90617084503,5527
1.90671896935,5526
1.9071419239,5525
1.90801405907,5524
1.9092900753,5523
1.91048598289,5522
1.91229605675,5521
1.91286706924,5520
1.91336798668,5519
1.91423892975,5518
1.91556406021,5517
1.91951799393,5516
1.92260599136,5515
1.92338395119,5514
1.92446398735,5513
1.92550802231,5512
1.92591404915,5511
1.92667984962,5510
1.92939400673,5509
1.93130397797,5508
1.93191385269,5507
1.93245792389,5506
1.93290901184,5505
1.93340396881,5504
1.93406295776,5503
1.93626785278,5502
1.93775391579,5501
1.93826699257,5500
1.93909192085,5499
1.93948507309,5498
1.94024300575,5497
1.94188404083,5496
1.94705104828,5495
1.94838404655,5494
1.94882798195,5493
1.94917201996,5492
1.95151901245,5491
1.95303893089,5490
1.95371699333,5489
1.95455002785,5488
1.9552359581,5487
1.95877599716,5486
1.95939707756,5485
1.96229505539,5484
1.96418595314,5483
1.96530199051,5482
1.96690201759,5481
1.96901702881,5480
1.9693748951,5479
1.96973991394,5478
1.97249388695,5477
1.97288894653,5476
1.97330403328,5475
1.97800397873,5474
1.97840189934,5473
1.98130106926,5472
1.98174405098,5471
1.98268890381,5470
1.9835460186,5469
1.98614192009,5468
1.9875459671,5467
1.99382090569,5466
1.99451804161,5465
1.99492001534,5464
1.99837684631,5463
2.00429987907,5462
2.00551199913,5461
2.00638389587,5460
2.00657701492,5459
2.00742888451,5458
2.00773191452,5457
2.00928497314,5456
2.01015305519,5455
2.01187705994,5454
2.0134780407,5453
2.01584887505,5452
2.01627802849,5451
2.01692891121,5450
2.0192630291,5449
2.01999306679,5448
2.02069807053,5447
2.0211379528,5446
2.0215959549,5445
2.02378988266,5444
2.02571892738,5443
2.0267059803,5442
2.02829194069,5441
2.02998304367,5440
2.03193092346,5439
2.03624892235,5438
2.03850698471,5437
2.04007387161,5436
2.04041695595,5435
2.04221391678,5434
2.04341697693,5433
2.04399299622,5432
2.04445695877,5431
2.04676198959,5430
2.04830384254,5429
2.04897904396,5428
2.04954600334,5427
2.052546978,5426
2.05642485619,5425
2.0589029789,5424
2.05957603455,5423
2.06115794182,5422
2.06282186508,5421
2.06655907631,5420
2.06691789627,5419
2.06785798073,5418
2.07102799416,5417
2.07251787186,5416
2.07483100891,5415
2.07581305504,5414
2.07665300369,5413
2.07736992836,5412
2.0798099041,5411
2.0823328495,5410
2.0830309391,5409
2.08347892761,5408
2.08493685722,5407
2.08586597443,5406
2.08674097061,5405
2.0873708725,5404
2.08765506744,5403
2.08855485916,5402
2.08907389641,5401
2.0895409584,5400
2.09191393852,5399
2.09442591667,5398
2.09472894669,5397
2.09610700607,5396
2.09706091881,5395
2.1006538868,5394
2.1019718647,5393
2.1025788784,5392
2.10293507576,5391
2.10343694687,5390
2.10516285896,5389
2.11027002335,5388
2.1110868454,5387
2.11153292656,5386
2.11246085167,5385
2.11352992058,5384
2.1140639782,5383
2.11546707153,5382
2.11766195297,5381
2.1186170578,5380
2.11958789825,5379
2.12070584297,5378
2.12120604515,5377
2.12320184708,5376
2.12600207329,5375
2.12733387947,5374
2.12959694862,5373
2.13046097755,5372
2.13086605072,5371
2.13202500343,5370
2.13299202919,5369
2.1333899498,5368
2.13616085052,5367
2.1380879879,5366
2.13869190216,5365
2.13975286484,5364
2.14071989059,5363
2.14210486412,5362
2.14280605316,5361
2.14487695694,5360
2.14528894424,5359
2.14802598953,5358
2.14823889732,5357
2.14916300774,5356
2.15013098717,5355
2.15190291405,5354
2.15231990814,5353
2.15384507179,5352
2.15451788902,5351
2.15495085716,5350
2.15534687042,5349
2.15580606461,5348
2.15646886826,5347
2.15700793266,5346
2.15734291077,5345
2.1585650444,5344
2.16047787666,5343
2.16195392609,5342
2.16264295578,5341
2.16368198395,5340
2.16649484634,5339
2.16796088219,5338
2.16958284378,5337
2.17095994949,5336
2.17172884941,5335
2.17321586609,5334
2.17393398285,5333
2.17810988426,5332
2.17882585526,5331
2.17911505699,5330
2.18206906319,5329
2.18313598633,5328
2.18380284309,5327
2.18544602394,5326
2.18583893776,5325
2.18773698807,5324
2.18917989731,5323
2.1899960041,5322
2.19084906578,5321
2.19419407845,5320
2.19497084618,5319
2.19549393654,5318
2.19642686844,5317
2.19954705238,5316
2.20058703423,5315
2.20122599602,5314
2.20173406601,5313
2.20248389244,5312
2.20343089104,5311
2.20384788513,5310
2.20484185219,5309
2.20546102524,5308
2.20577192307,5307
2.20608401299,5306
2.20698785782,5305
2.20903205872,5304
2.2109439373,5303
2.2114470005,5302
2.21216487885,5301
2.21310591698,5300
2.21403503418,5299
2.21449398994,5298
2.21589994431,5297
2.21639585495,5296
2.2168340683,5295
2.21770906448,5294
2.22028303146,5293
2.22076702118,5292
2.22359085083,5291
2.22436285019,5290
2.22509002686,5289
2.22708487511,5288
2.22744202614,5287
2.22914099693,5286
2.22990703583,5285
2.23059391975,5284
2.23186993599,5283
2.23796987534,5282
2.24151206017,5281
2.24240207672,5280
2.24280786514,5279
2.2442150116,5278
2.24490690231,5277
2.24511504173,5276
2.24608492851,5275
2.24671292305,5274
2.24968886375,5273
2.25083398819,5272
2.25171589851,5271
2.2530310154,5270
2.25584888458,5269
2.25717592239,5268
2.25792193413,5267
2.25966000557,5266
2.26009893417,5265
2.26127099991,5264
2.26230096817,5263
2.26340985298,5262
2.26381206512,5261
2.26404094696,5260
2.26609802246,5259
2.26677703857,5258
2.26704692841,5257
2.26756906509,5256
2.26800107956,5255
2.26850199699,5254
2.2690808773,5253
2.27025604248,5252
2.27204489708,5251
2.27421402931,5250
2.27483797073,5249
2.28272485733,5248
2.28607606888,5247
2.28660392761,5246
2.28717899323,5245
2.28774905205,5244
2.29215097427,5243
2.29429101944,5242
2.29463887215,5241
2.29716897011,5240
2.29856085777,5239
2.29884004593,5238
2.29992794991,5237
2.30204987526,5236
2.30251693726,5235
2.30298686028,5234
2.30373597145,5233
2.30450105667,5232
2.30489706993,5231
2.30651187897,5230
2.30743694305,5229
2.30845999718,5228
2.30878591537,5227
2.30957007408,5226
2.30995297432,5225
2.31199097633,5224
2.31293487549,5223
2.31359386444,5222
2.31561493874,5221
2.32027792931,5220
2.32257604599,5219
2.32297205925,5218
2.32336497307,5217
2.32376790047,5216
2.32497286797,5215
2.32668995857,5214
2.32692790031,5213
2.32829999924,5212
2.33060097694,5211
2.3337199688,5210
2.33488798141,5209
2.33632302284,5208
2.336977005,5207
2.33788704872,5206
2.34021687508,5205
2.34333491325,5204
2.34550094604,5203
2.3469388485,5202
2.34737086296,5201
2.35021305084,5200
2.35077691078,5199
2.35336303711,5198
2.35443997383,5197
2.3550889492,5196
2.35599303246,5195
2.35761904716,5194
2.35901093483,5193
2.35987687111,5192
2.36119198799,5191
2.36541604996,5190
2.37012290955,5189
2.37062501907,5188
2.37241601944,5187
2.37310099602,5186
2.37400794029,5185
2.37503099442,5184
2.37556695938,5183
2.3768658638,5182
2.38022685051,5181
2.38054704666,5180
2.38107705116,5179
2.38413095474,5178
2.38496494293,5177
2.38547205925,5176
2.38575601578,5175
2.38611292839,5174
2.38686299324,5173
2.38750290871,5172
2.38851094246,5171
2.39421701431,5170
2.39454698563,5169
2.39515805244,5168
2.39619588852,5167
2.39709496498,5166
2.39860701561,5165
2.39911985397,5164
2.40035605431,5163
2.40096092224,5162
2.40282702446,5161
2.40304398537,5160
2.40570187569,5159
2.40682888031,5158
2.40739989281,5157
2.40861392021,5156
2.40983295441,5155
2.41092705727,5154
2.41210103035,5153
2.41574001312,5152
2.41648697853,5151
2.41871190071,5150
2.42130994797,5149
2.42201590538,5148
2.42445588112,5147
2.42471790314,5146
2.42503190041,5145
2.42615485191,5144
2.42691993713,5143
2.43051099777,5142
2.43188500404,5141
2.43208789825,5140
2.4341750145,5139
2.43754506111,5138
2.43903589249,5137
2.440335989,5136
2.44165587425,5135
2.44333600998,5134
2.44377088547,5133
2.44432902336,5132
2.44520306587,5131
2.44554400444,5130
2.44598507881,5129
2.44669103622,5128
2.44714307785,5127
2.44831895828,5126
2.44877696037,5125
2.45111489296,5124
2.45156598091,5123
2.4531519413,5122
2.45366692543,5121
2.45554804802,5120
2.45656991005,5119
2.45893788338,5118
2.46187996864,5117
2.46308684349,5116
2.46337985992,5115
2.46478199959,5114
2.46540307999,5113
2.46566796303,5112
2.46629595757,5111
2.46719408035,5110
2.46845889091,5109
2.46966600418,5108
2.47161006927,5107
2.47809791565,5106
2.48284888268,5105
2.48311591148,5104
2.4837770462,5103
2.48621892929,5102
2.48713803291,5101
2.4937479496,5100
2.49617791176,5099
2.49682593346,5098
2.49813604355,5097
2.4993159771,5096
2.50027799606,5095
2.50098705292,5094
2.50160288811,5093
2.50216603279,5092
2.50313591957,5091
2.50412607193,5090
2.50645184517,5089
2.50715088844,5088
2.5083758831,5087
2.50986385345,5086
2.51142191887,5085
2.51320385933,5084
2.5144200325,5083
2.51462888718,5082
2.516051054,5081
2.5191950798,5080
2.52383303642,5079
2.52952289581,5078
2.53217887878,5077
2.53774285316,5076
2.54002189636,5075
2.54078197479,5074
2.54219603539,5073
2.54417800903,5072
2.5476808548,5071
2.54882788658,5070
2.54967093468,5069
2.55102992058,5068
2.55163598061,5067
2.55216193199,5066
2.5530860424,5065
2.55540990829,5064
2.55581593513,5063
2.55618095398,5062
2.55990886688,5061
2.56383705139,5060
2.56455492973,5059
2.56551504135,5058
2.56759691238,5057
2.56822896004,5056
2.57032299042,5055
2.57101988792,5054
2.57142496109,5053
2.57162284851,5052
2.57277297974,5051
2.57322597504,5050
2.57360100746,5049
2.57381796837,5048
2.57620692253,5047
2.58149695396,5046
2.58202505112,5045
2.58277988434,5044
2.58346986771,5043
2.58433294296,5042
2.5850789547,5041
2.58934497833,5040
2.59847903252,5039
2.59984588623,5038
2.60648202896,5037
2.60736393929,5036
2.60800290108,5035
2.60915589333,5034
2.60949993134,5033
2.61125087738,5032
2.61161494255,5031
2.61206293106,5030
2.61453986168,5029
2.61532592773,5028
2.61655807495,5027
2.61727499962,5026
2.6179318428,5025
2.61973404884,5024
2.62046003342,5023
2.62167406082,5022
2.62232589722,5021
2.62300395966,5020
2.62333106995,5019
2.62500095367,5018
2.62642097473,5017
2.62857985497,5016
2.63000297546,5015
2.63075399399,5014
2.6342689991,5013
2.63458395004,5012
2.63488793373,5011
2.63568997383,5010
2.63696098328,5009
2.64447903633,5008
2.64489507675,5007
2.64513707161,5006
2.64622092247,5005
2.64684891701,5004
2.64781785011,5003
2.65448784828,5002
2.65601706505,5001
2.65838503838,5000
2.66196894646,4999
2.66350293159,4998
2.66478204727,4997
2.66532993317,4996
2.66726994514,4995
2.66802787781,4994
2.66836595535,4993
2.67465186119,4992
2.67550802231,4991
2.67898702621,4990
2.68222689629,4989
2.68315291405,4988
2.68589401245,4987
2.68670988083,4986
2.6891040802,4985
2.68995904922,4984
2.69207692146,4983
2.69793701172,4982
2.69849801064,4981
2.70030784607,4980
2.70292401314,4979
2.70325493813,4978
2.70389986038,4977
2.70530295372,4976
2.70565199852,4975
2.70600390434,4974
2.70628190041,4973
2.70880484581,4972
2.70899987221,4971
2.71007585526,4970
2.7150080204,4969
2.71675086021,4968
2.7179069519,4967
2.71825098991,4966
2.71888184547,4965
2.72328805923,4964
2.72375893593,4963
2.72457289696,4962
2.72507405281,4961
2.72579407692,4960
2.72727298737,4959
2.72913885117,4958
2.73372793198,4957
2.73553395271,4956
2.73583102226,4955
2.73657798767,4954
2.74511194229,4953
2.74567294121,4952
2.74699687958,4951
2.74843406677,4950
2.74976706505,4949
2.7512049675,4948
2.75370287895,4947
2.75800991058,4946
2.75929093361,4945
2.76000285149,4944
2.76039099693,4943
2.7627260685,4942
2.76427102089,4941
2.76456189156,4940
2.76533389091,4939
2.7662498951,4938
2.76785993576,4937
2.76833200455,4936
2.76936197281,4935
2.77084898949,4934
2.77141904831,4933
2.77249288559,4932
2.77411198616,4931
2.77726793289,4930
2.78005385399,4929
2.78076004982,4928
2.78251886368,4927
2.78276705742,4926
2.78422999382,4925
2.78959393501,4924
2.79014897346,4923
2.79074406624,4922
2.79208707809,4921
2.79393386841,4920
2.79475688934,4919
2.79632592201,4918
2.79659485817,4917
2.79887104034,4916
2.80189990997,4915
2.80253601074,4914
2.80522894859,4913
2.80698084831,4912
2.80979394913,4911
2.81036186218,4910
2.8139538765,4909
2.81650185585,4908
2.8176548481,4907
2.81863307953,4906
2.821215868,4905
2.82173991203,4904
2.82277107239,4903
2.82341885567,4902
2.82459187508,4901
2.8256149292,4900
2.83346986771,4899
2.83420491219,4898
2.83492994308,4897
2.83590102196,4896
2.83632087708,4895
2.83710193634,4894
2.83883595467,4893
2.8397090435,4892
2.84080004692,4891
2.84152889252,4890
2.84304189682,4889
2.84786391258,4888
2.84842705727,4887
2.8504319191,4886
2.85120606422,4885
2.85158085823,4884
2.85251903534,4883
2.85520100594,4882
2.85577392578,4881
2.85878396034,4880
2.85914087296,4879
2.86018586159,4878
2.86412286758,4877
2.866492033,4876
2.8676738739,4875
2.86842894554,4874
2.86929988861,4873
2.87511301041,4872
2.87659192085,4871
2.88041591644,4870
2.88143706322,4869
2.88420987129,4868
2.88543200493,4867
2.88716697693,4866
2.88775396347,4865
2.88833498955,4864
2.89066791534,4863
2.89273786545,4862
2.89417600632,4861
2.89459204674,4860
2.8970310688,4859
2.89769887924,4858
2.89854598045,4857
2.89993000031,4856
2.9007589817,4855
2.90101695061,4854
2.90459704399,4853
2.90684103966,4852
2.90744400024,4851
2.90775489807,4850
2.90801596642,4849
2.91110706329,4848
2.91286993027,4847
2.91584801674,4846
2.91846895218,4845
2.91954994202,4844
2.92366600037,4843
2.92560505867,4842
2.93682289124,4841
2.93805193901,4840
2.93866086006,4839
2.94032597542,4838
2.94105696678,4837
2.94138407707,4836
2.94209194183,4835
2.94268894196,4834
2.94332385063,4833
2.94395804405,4832
2.94441986084,4831
2.94523286819,4830
2.94611787796,4829
2.94692492485,4828
2.94883298874,4827
2.95117092133,4826
2.95151495934,4825
2.95235300064,4824
2.95495390892,4823
2.95578503609,4822
2.95951795578,4821
2.96055197716,4820
2.9608669281,4819
2.96155285835,4818
2.96399497986,4817
2.96589684486,4816
2.97064089775,4815
2.97140598297,4814
2.97318887711,4813
2.97526502609,4812
2.97588396072,4811
2.97860002518,4810
2.9809589386,4809
2.98166298866,4808
2.98319888115,4807
2.98469305038,4806
2.98697686195,4805
2.9880669117,4804
2.99749398232,4803
2.99944806099,4802
2.99997591972,4801
3.00464200974,4800
3.00710606575,4799
3.00979399681,4798
3.01033902168,4797
3.01126194,4796
3.01232385635,4795
3.01389694214,4794
3.01452207565,4793
3.01493787766,4792
3.01705384254,4791
3.019094944,4790
3.02228498459,4789
3.02373099327,4788
3.02770090103,4787
3.02865505219,4786
3.02938604355,4785
3.02980494499,4784
3.03334999084,4783
3.03432202339,4782
3.03712892532,4781
3.03866791725,4780
3.039675951,4779
3.04096007347,4778
3.04263091087,4777
3.04375505447,4776
3.04440903664,4775
3.04647803307,4774
3.04735398293,4773
3.05097985268,4772
3.05131196976,4771
3.05156087875,4770
3.05345892906,4769
3.05796194077,4768
3.05838990211,4767
3.06688284874,4766
3.07040405273,4765
3.07359099388,4764
3.07429790497,4763
3.07458496094,4762
3.0748770237,4761
3.07739305496,4760
3.07773399353,4759
3.0792388916,4758
3.08089900017,4757
3.08243203163,4756
3.08408904076,4755
3.08785104752,4754
3.09100699425,4753
3.09142684937,4752
3.0931289196,4751
3.09679293633,4750
3.09917402267,4749
3.09959292412,4748
3.10164904594,4747
3.10339903831,4746
3.11038398743,4745
3.1126408577,4744
3.11334991455,4743
3.11362099648,4742
3.11702489853,4741
3.11906194687,4740
3.12024903297,4739
3.12241101265,4738
3.12534284592,4737
3.1272418499,4736
3.12943696976,4735
3.13100886345,4734
3.1332950592,4733
3.13361692429,4732
3.13419795036,4731
3.13706898689,4730
3.13803005219,4729
3.13849687576,4728
3.13872289658,4727
3.14069104195,4726
3.14346194267,4725
3.14443087578,4724
3.14657306671,4723
3.15095305443,4722
3.15114498138,4721
3.15312695503,4720
3.15364599228,4719
3.15431404114,4718
3.15464305878,4717
3.15789890289,4716
3.15945601463,4715
3.16148495674,4714
3.16210198402,4713
3.16321897507,4712
3.17078995705,4711
3.17161202431,4710
3.17208886147,4709
3.17744898796,4708
3.1779589653,4707
3.18201994896,4706
3.18233299255,4705
3.18617606163,4704
3.18814301491,4703
3.18957591057,4702
3.19031596184,4701
3.19313406944,4700
3.19654488564,4699
3.1975569725,4698
3.19793486595,4697
3.20304989815,4696
3.20562386513,4695
3.20588088036,4694
3.20927286148,4693
3.21004390717,4692
3.21101593971,4691
3.21512103081,4690
3.2190618515,4689
3.22052907944,4688
3.22288203239,4687
3.22396302223,4686
3.22462296486,4685
3.2254178524,4684
3.22572588921,4683
3.22631692886,4682
3.22758102417,4681
3.23027086258,4680
3.23476290703,4679
3.236784935,4678
3.23905706406,4677
3.23944091797,4676
3.23992800713,4675
3.24124503136,4674
3.24289894104,4673
3.24379587173,4672
3.24513888359,4671
3.24827599525,4670
3.2503528595,4669
3.25212788582,4668
3.25306200981,4667
3.25359797478,4666
3.25400900841,4665
3.25569200516,4664
3.25623703003,4663
3.25831985474,4662
3.25901699066,4661
3.25971198082,4660
3.26105690002,4659
3.26162099838,4658
3.26367902756,4657
3.26908302307,4656
3.27210307121,4655
3.2736120224,4654
3.27521800995,4653
3.27723693848,4652
3.27862691879,4651
3.28207588196,4650
3.28728294373,4649
3.28787994385,4648
3.29421401024,4647
3.29777503014,4646
3.30087995529,4645
3.30149388313,4644
3.30295395851,4643
3.30607295036,4642
3.30714702606,4641
3.3074798584,4640
3.30988001823,4639
3.31046390533,4638
3.3144800663,4637
3.31476187706,4636
3.31584596634,4635
3.31781506538,4634
3.32296395302,4633
3.32350087166,4632
3.32482385635,4631
3.32697892189,4630
3.33307695389,4629
3.33479094505,4628
3.33582091331,4627
3.34389901161,4626
3.34755587578,4625
3.34859395027,4624
3.34981107712,4623
3.35051393509,4622
3.35089898109,4621
3.35342907906,4620
3.35470986366,4619
3.35502791405,4618
3.35657787323,4617
3.35850691795,4616
3.36124587059,4615
3.36161398888,4614
3.36241388321,4613
3.36309504509,4612
3.36734604836,4611
3.36765384674,4610
3.37182092667,4609
3.37441205978,4608
3.37552285194,4607
3.37580990791,4606
3.37682890892,4605
3.38029289246,4604
3.38107800484,4603
3.38166594505,4602
3.38427901268,4601
3.38608002663,4600
3.38797998428,4599
3.38966798782,4598
3.39066100121,4597
3.39394402504,4596
3.3965280056,4595
3.39779996872,4594
3.3981449604,4593
3.3984348774,4592
3.40214896202,4591
3.40259194374,4590
3.40302085876,4589
3.40557599068,4588
3.40653085709,4587
3.40684890747,4586
3.41218185425,4585
3.41276502609,4584
3.41382193565,4583
3.41425800323,4582
3.41476798058,4581
3.41679596901,4580
3.41950297356,4579
3.42429494858,4578
3.42537093163,4577
3.42839193344,4576
3.42876887321,4575
3.43134188652,4574
3.43180799484,4573
3.43455696106,4572
3.4348359108,4571
3.43881392479,4570
3.44259190559,4569
3.44343185425,4568
3.44421005249,4567
3.44567084312,4566
3.44673204422,4565
3.45019888878,4564
3.45774888992,4563
3.45820093155,4562
3.46262288094,4561
3.46549201012,4560
3.46587204933,4559
3.46678495407,4558
3.47118902206,4557
3.47226285934,4556
3.47311496735,4555
3.47454786301,4554
3.47491788864,4553
3.47564697266,4552
3.4770629406,4551
3.47863507271,4550
3.48354387283,4549
3.48596286774,4548
3.4863409996,4547
3.48735499382,4546
3.48893404007,4545
3.4892539978,4544
3.49122905731,4543
3.49540185928,4542
3.49708104134,4541
3.49887704849,4540
3.5026409626,4539
3.50580596924,4538
3.50672698021,4537
3.50766897202,4536
3.50862002373,4535
3.5109360218,4534
3.51194906235,4533
3.51519107819,4532
3.51931905746,4531
3.52428603172,4530
3.52572989464,4529
3.52639389038,4528
3.52729892731,4527
3.52794599533,4526
3.52828097343,4525
3.52933502197,4524
3.5313770771,4523
3.5324640274,4522
3.5427339077,4521
3.54312705994,4520
3.54476594925,4519
3.54541897774,4518
3.54675006866,4517
3.54716801643,4516
3.55044007301,4515
3.55447697639,4514
3.55729699135,4513
3.55919694901,4512
3.56306385994,4511
3.56715607643,4510
3.56904888153,4509
3.57016205788,4508
3.57234787941,4507
3.57326292992,4506
3.57556605339,4505
3.57593798637,4504
3.57735300064,4503
3.58061885834,4502
3.5812458992,4501
3.58304595947,4500
3.58610892296,4499
3.58661293983,4498
3.59188199043,4497
3.59882497787,4496
3.60188889503,4495
3.60222887993,4494
3.60326504707,4493
3.60647106171,4492
3.60938405991,4491
3.60964393616,4490
3.61115002632,4489
3.61260604858,4488
3.61433601379,4487
3.61724305153,4486
3.61884093285,4485
3.62025403976,4484
3.62176990509,4483
3.62232494354,4482
3.62358999252,4481
3.62397193909,4480
3.62926793098,4479
3.6295170784,4478
3.63188290596,4477
3.63543486595,4476
3.63611102104,4475
3.63641285896,4474
3.63970088959,4473
3.64769291878,4472
3.64943194389,4471
3.65253090858,4470
3.65706205368,4469
3.6615049839,4468
3.66198706627,4467
3.66270089149,4466
3.66474986076,4465
3.66501307487,4464
3.66571807861,4463
3.66658997536,4462
3.66697692871,4461
3.67768788338,4460
3.68243694305,4459
3.68415689468,4458
3.6856110096,4457
3.68925595284,4456
3.69267201424,4455
3.69556999207,4454
3.70417284966,4453
3.7050280571,4452
3.70543599129,4451
3.7061419487,4450
3.70772504807,4449
3.70946288109,4448
3.70977401733,4447
3.71213889122,4446
3.71657204628,4445
3.72435307503,4444
3.72484207153,4443
3.72595000267,4442
3.72651195526,4441
3.72878503799,4440
3.73218393326,4439
3.73490786552,4438
3.73543787003,4437
3.73812484741,4436
3.73931002617,4435
3.74943494797,4434
3.75028705597,4433
3.75101304054,4432
3.75375294685,4431
3.75596189499,4430
3.75696587563,4429
3.75966691971,4428
3.75990986824,4427
3.76029205322,4426
3.76412987709,4425
3.7651219368,4424
3.76658987999,4423
3.76702690125,4422
3.76744794846,4421
3.76812791824,4420
3.76914596558,4419
3.76965689659,4418
3.77162289619,4417
3.77576184273,4416
3.77698206902,4415
3.77734303474,4414
3.77779507637,4413
3.77925801277,4412
3.78058004379,4411
3.78178906441,4410
3.78367495537,4409
3.79188299179,4408
3.79234004021,4407
3.7928340435,4406
3.7968108654,4405
3.80080604553,4404
3.8016409874,4403
3.80259490013,4402
3.80409407616,4401
3.80632185936,4400
3.81257891655,4399
3.81965684891,4398
3.82335495949,4397
3.8237888813,4396
3.82423686981,4395
3.82842302322,4394
3.82943797112,4393
3.83148407936,4392
3.83264803886,4391
3.83697104454,4390
3.83831095695,4389
3.83954691887,4388
3.83997607231,4387
3.84096884727,4386
3.84264707565,4385
3.84746384621,4384
3.86142086983,4383
3.86185693741,4382
3.86739397049,4381
3.86930394173,4380
3.86970591545,4379
3.87368106842,4378
3.88756489754,4377
3.88882803917,4376
3.89039707184,4375
3.89858794212,4374
3.89899396896,4373
3.90240907669,4372
3.90371584892,4371
3.90579295158,4370
3.90793895721,4369
3.91086506844,4368
3.91467404366,4367
3.91530394554,4366
3.91577506065,4365
3.91655993462,4364
3.91891002655,4363
3.92999792099,4362
3.93061494827,4361
3.93256592751,4360
3.93426084518,4359
3.93496489525,4358
3.9383919239,4357
3.94543099403,4356
3.94920396805,4355
3.95003294945,4354
3.96354198456,4353
3.96415495872,4352
3.96515893936,4351
3.96701407433,4350
3.96739602089,4349
3.96935987473,4348
3.97115898132,4347
3.97185707092,4346
3.97247195244,4345
3.97358989716,4344
3.9788608551,4343
3.98325991631,4342
3.9848279953,4341
3.98721790314,4340
3.99368691444,4339
3.99470090866,4338
3.99982690811,4337
4.00059485435,4336
4.00124907494,4335
4.00161886215,4334
4.00219392776,4333
4.00376486778,4332
4.00498890877,4331
4.00648403168,4330
4.00883388519,4329
4.01281094551,4328
4.01301002502,4327
4.01429796219,4326
4.01486206055,4325
4.01537895203,4324
4.02160787582,4323
4.02241301537,4322
4.022742033,4321
4.02364706993,4320
4.02393007278,4319
4.0271229744,4318
4.02960801125,4317
4.03102588654,4316
4.03150486946,4315
4.03272199631,4314
4.03387403488,4313
4.04054999352,4312
4.04089403152,4311
4.04631304741,4310
4.04832601547,4309
4.05038189888,4308
4.05204391479,4307
4.05835390091,4306
4.06037092209,4305
4.06196904182,4304
4.06340384483,4303
4.06372904778,4302
4.06764388084,4301
4.06940889359,4300
4.07065296173,4299
4.07084989548,4298
4.07112407684,4297
4.07240986824,4296
4.07410097122,4295
4.07497191429,4294
4.07740688324,4293
4.07832098007,4292
4.07918787003,4291
4.0801949501,4290
4.08135795593,4289
4.08353185654,4288
4.08466291428,4287
4.08825802803,4286
4.09093499184,4285
4.09850597382,4284
4.10121798515,4283
4.10287690163,4282
4.10325503349,4281
4.10452890396,4280
4.10621786118,4279
4.10665297508,4278
4.10829091072,4277
4.11394691467,4276
4.11626887321,4275
4.11745095253,4274
4.11790800095,4273
4.12156891823,4272
4.12198185921,4271
4.12670707703,4270
4.12910199165,4269
4.13185191154,4268
4.13452506065,4267
4.13603687286,4266
4.13700604439,4265
4.145403862,4264
4.14681792259,4263
4.14741396904,4262
4.14766407013,4261
7.37772798538,4260
7.39131307602,4259
7.39272594452,4258
7.40925192833,4257
7.41148996353,4256
7.41426587105,4255
7.42425489426,4254
7.42585802078,4253
7.43507790565,4252
7.4588599205,4251
7.45945692062,4250
7.46382689476,4249
7.47241902351,4248
7.4773979187,4247
7.48936486244,4246
7.49173998833,4245
7.50089597702,4244
7.53092694283,4243
7.54021787643,4242
7.54225897789,4241
7.54752588272,4240
7.55272006989,4239
7.55792689323,4238
7.56617689133,4237
7.58905887604,4236
7.59111905098,4235
7.59665393829,4234
7.60444188118,4233
7.61575484276,4232
7.61982393265,4231
7.62143993378,4230
7.64161896706,4229
7.64465594292,4228
7.67122387886,4227
7.6782169342,4226
7.6865260601,4225
7.71052503586,4224
7.71449589729,4223
7.7308318615,4222
7.7349460125,4221
7.74862003326,4220
7.75222587585,4219
7.75277495384,4218
11.2640368938,4217
11.272495985,4216
11.2737350464,4215
11.2844069004,4214
11.2917699814,4213
11.3030879498,4212
11.3038249016,4211
11.3072938919,4210
11.3077380657,4209
11.3099339008,4208
11.314563036,4207
11.3185999393,4206
11.3197898865,4205
11.3270878792,4204
11.3331849575,4203
11.3360979557,4202
11.3455319405,4201
11.3710210323,4200
11.3856189251,4199
11.4091658592,4198
11.4125459194,4197
11.4194250107,4196
14.8794898987,4195
14.8998579979,4194
14.9147779942,4193
14.9196679592,4192
14.9223098755,4191
14.9304318428,4190
14.9373340607,4189
14.9412469864,4188
14.9453389645,4187
14.9690258503,4186
14.9709639549,4185
14.984377861,4184
14.9848630428,4183
14.9868319035,4182
14.991435051,4181
14.9935648441,4180
15.005398035,4179
15.0266349316,4178
15.0507080555,4177
15.0589299202,4176
15.0605640411,4175
15.0762329102,4174
15.0876569748,4173
15.0951089859,4172
15.096339941,4171
15.0973649025,4170
15.1299688816,4169
15.1303510666,4168
15.1325969696,4167
15.141078949,4166
15.1676340103,4165
15.1707189083,4164
15.173979044,4163
15.178178072,4162
15.1789319515,4161
15.1794118881,4160
15.194879055,4159
15.2063269615,4158
15.2139799595,4157
15.2212150097,4156
18.4013588428,4155
18.4408960342,4154
18.4420030117,4153
18.4519360065,4152
18.4539248943,4151
18.4619269371,4150
18.4684460163,4149
18.469630003,4148
18.4806039333,4147
18.4917919636,4146
18.4949810505,4145
18.4966289997,4144
18.5139069557,4143
18.5154240131,4142
18.5164179802,4141
18.5446479321,4140
18.5828208923,4139
18.5868639946,4138
18.5972459316,4137
18.6088829041,4136
18.6211988926,4135
18.6368348598,4134
18.6550209522,4133
18.6770699024,4132
18.6873939037,4131
18.6883368492,4130
18.6887218952,4129
18.692440033,4128
18.6928448677,4127
18.7086160183,4126
18.7147169113,4125
18.7215480804,4124
18.734183073,4123
18.740334034,4122
22.4689519405,4121
22.4745779037,4120
22.4840760231,4119
22.4872000217,4118
22.491904974,4117
22.5062098503,4116
22.5137729645,4115
22.5227189064,4114
22.5324258804,4113
22.5877900124,4112
22.596875906,4111
22.6028530598,4110
22.6077179909,4109
22.6178529263,4108
22.6207940578,4107
22.6279039383,4106
26.1476259232,4105
26.1595509052,4104
26.1830790043,4103
26.1847598553,4102
26.2034568787,4101
26.2153880596,4100
26.220197916,4099
26.2249720097,4098
26.2268929482,4097
26.2328209877,4096
26.2422630787,4095
26.2475209236,4094
29.733643055,4093
29.7341070175,4092
29.7345700264,4091
29.7391450405,4090
29.7478208542,4089
29.7568700314,4088
29.786231041,4087
33.2274029255,4086
33.2286069393,4085
33.2359669209,4084
33.2825908661,4083
33.2942118645,4082
33.3045659065,4081
33.3129060268,4080
33.3194499016,4079
33.3229088783,4078
33.3261139393,4077
33.3273439407,4076
33.3405320644,4075
33.3421318531,4074
33.3429088593,4073
33.3483810425,4072
33.3813889027,4071
36.8623790741,4070
36.8653609753,4069
36.8675458431,4068
36.9424939156,4067
36.9706480503,4066
36.9711899757,4065
36.9812350273,4064
36.9960188866,4063
37.0048558712,4062
37.0065419674,4061
37.0116460323,4060
40.4347410202,4059
40.4368889332,4058
40.4421548843,4057
40.4425849915,4056
40.4485218525,4055
40.4567959309,4054
40.476323843,4053
40.4796149731,4052
40.4855010509,4051
40.4956290722,4050
40.4976530075,4049
40.5120959282,4048
40.5206079483,4047
40.5384259224,4046
44.0985479355,4045
44.1086030006,4044
44.1216790676,4043
44.1429989338,4042
44.1584188938,4041
44.1622459888,4040
44.1633570194,4039
47.737169981,4038
47.7580459118,4037
47.7641909122,4036
47.7779870033,4035
51.4470219612,4034
51.4542379379,4033
51.4635338783,4032
51.4716899395,4031
51.4784650803,4030
51.4936618805,4029
51.4986898899,4028
55.2626240253,4027
55.2716219425,4026
55.2775409222,4025
59.1822760105,4024
59.1939878464,4023
63.0091629028,4022
63.0177140236,4021
63.0203108788,4020
63.0311880112,4019
63.0329089165,4018
77.9138100147,4017
77.9281480312,4016
77.9334368706,4015
77.9349989891,4014
