0.00197982788086,197
0.00200390815735,196
0.00202703475952,195
0.00204300880432,194
0.00208592414856,193
0.00210499763489,192
0.00212287902832,191
0.00217795372009,190
0.00220489501953,189
0.00227785110474,188
0.0023398399353,187
0.00241088867188,186
0.00253200531006,185
0.00280785560608,184
0.00292086601257,183
0.00295996665955,182
0.00297904014587,181
0.00307083129883,180
0.00346684455872,179
0.00365591049194,178
0.00370192527771,177
0.00417184829712,176
0.00435400009155,175
0.00571990013123,174
0.00663185119629,173
0.00676989555359,172
0.00879883766174,171
0.00893783569336,170
0.0098569393158,169
0.0153820514679,168
0.0173628330231,167
0.0230679512024,166
0.0234370231628,165
0.0251870155334,164
0.0401668548584,163
0.0406639575958,162
0.0745668411255,161
0.552671909332,160
0.554960012436,159
0.781806945801,158
