0.00197005271912,197
0.00199294090271,196
0.00201916694641,195
0.00204014778137,194
0.00208401679993,193
0.00215816497803,192
0.00223398208618,191
0.00236916542053,190
0.00241804122925,189
0.00246000289917,188
0.00250911712646,187
0.00260400772095,186
0.00287199020386,185
0.00293207168579,184
0.00310516357422,183
0.00316715240479,182
0.00318813323975,181
0.00346207618713,180
0.00350308418274,179
0.00378608703613,178
0.00402498245239,177
0.00465512275696,176
0.00632309913635,175
0.00646495819092,174
0.0065381526947,173
0.00712013244629,172
0.00794911384583,171
0.0102350711823,170
0.0169360637665,169
0.0200591087341,168
0.0241811275482,167
0.0310430526733,166
0.0310831069946,165
0.0334730148315,164
0.188066959381,163
0.192389011383,162
0.24474811554,161
