0.00223994255066,197
0.00226497650146,196
0.00230503082275,195
0.00232791900635,194
0.00236892700195,193
0.00241494178772,192
0.00251197814941,191
0.00259804725647,190
0.00282382965088,189
0.00291585922241,188
0.00321388244629,187
0.00325584411621,186
0.00329089164734,185
0.00332093238831,184
0.0034019947052,183
0.00352501869202,182
0.0036518573761,181
0.00437092781067,180
0.00456190109253,179
0.00467085838318,178
0.00534391403198,177
0.00693583488464,176
0.00964498519897,175
0.0104730129242,174
0.011293888092,173
0.0162470340729,172
0.0187339782715,171
0.0195178985596,170
0.0227899551392,169
0.0348229408264,168
0.0357508659363,167
0.0757398605347,166
0.10430598259,165
0.129127025604,164
0.350481033325,163
0.547518014908,162
0.61720085144,161
0.638679981232,160
0.675264835358,159
0.679384946823,158
