0.00232315063477,197
0.00234699249268,196
0.00237202644348,195
0.00239610671997,194
0.00244116783142,193
0.00249814987183,192
0.0025520324707,191
0.0026171207428,190
0.00265502929688,189
0.00267314910889,188
0.00305199623108,187
0.00309419631958,186
0.00314998626709,185
0.00345301628113,184
0.00346803665161,183
0.00359702110291,182
0.00368499755859,181
0.00382208824158,180
0.00387907028198,179
0.00435304641724,178
0.00438404083252,177
0.00445318222046,176
0.0045599937439,175
0.00745010375977,174
0.00778412818909,173
0.00892114639282,172
0.0101141929626,171
0.0129241943359,170
0.0138041973114,169
0.0182321071625,168
0.0215311050415,167
0.0341620445251,166
0.0380671024323,165
0.108352184296,164
0.214722156525,163
