0.00564408302307,1460
0.00581002235413,1459
0.00599002838135,1458
0.00612711906433,1457
0.00625109672546,1456
0.00635600090027,1455
0.00651717185974,1454
0.00664710998535,1453
0.0068621635437,1452
0.00700712203979,1451
0.00713515281677,1450
0.0073139667511,1449
0.00753211975098,1448
0.00778412818909,1447
0.00794196128845,1446
0.00801301002502,1445
0.00810217857361,1444
0.00821113586426,1443
0.00832295417786,1442
0.00843596458435,1441
0.00850510597229,1440
0.00863409042358,1439
0.00883007049561,1438
0.00891518592834,1437
0.0090160369873,1436
0.00912404060364,1435
0.00924301147461,1434
0.00956416130066,1433
0.00970315933228,1432
0.00992012023926,1431
0.0100510120392,1430
0.0101711750031,1429
0.0102860927582,1428
0.010792016983,1427
0.0109701156616,1426
0.011087179184,1425
0.0112149715424,1424
0.0112919807434,1423
0.0113761425018,1422
0.0115070343018,1421
0.0115921497345,1420
0.0116491317749,1419
0.0117380619049,1418
0.0119240283966,1417
0.0120530128479,1416
0.0122010707855,1415
0.0123121738434,1414
0.0123891830444,1413
0.0125710964203,1412
0.0127320289612,1411
0.0128400325775,1410
0.0129280090332,1409
0.0130431652069,1408
0.0133280754089,1407
0.0134470462799,1406
0.0135390758514,1405
0.0136640071869,1404
0.013729095459,1403
0.0138339996338,1402
0.0139529705048,1401
0.0140850543976,1400
0.0143041610718,1399
0.0143980979919,1398
0.014554977417,1397
0.0147080421448,1396
0.0148241519928,1395
0.0148980617523,1394
0.0149681568146,1393
0.0150580406189,1392
0.0151720046997,1391
0.0152959823608,1390
0.0153901576996,1389
0.015468120575,1388
0.0155391693115,1387
0.0156199932098,1386
0.0157210826874,1385
0.0158431529999,1384
0.0159809589386,1383
0.0161349773407,1382
0.0162401199341,1381
0.0163049697876,1380
0.0164151191711,1379
0.0165820121765,1378
0.0168681144714,1377
0.0169570446014,1376
0.0170249938965,1375
0.0171501636505,1374
0.0173280239105,1373
0.0174491405487,1372
0.0175349712372,1371
0.0177121162415,1370
0.0180439949036,1369
0.0182480812073,1368
0.0183420181274,1367
0.018413066864,1366
0.0184760093689,1365
0.0186440944672,1364
0.018874168396,1363
0.018951177597,1362
0.0191130638123,1361
0.0192430019379,1360
0.0193481445312,1359
0.0194051265717,1358
0.0194680690765,1357
0.0196170806885,1356
0.0199370384216,1355
0.0202221870422,1354
0.0203680992126,1353
0.0206730365753,1352
0.0207381248474,1351
0.0207979679108,1350
0.0208821296692,1349
0.0209629535675,1348
0.0210189819336,1347
0.0211110115051,1346
0.0214140415192,1345
0.0215899944305,1344
0.021665096283,1343
0.0217521190643,1342
0.021852016449,1341
0.0219631195068,1340
0.0221841335297,1339
0.022274017334,1338
0.022392988205,1337
0.0225381851196,1336
0.0226500034332,1335
0.022744178772,1334
0.0228099822998,1333
0.0229740142822,1332
0.0231001377106,1331
0.0231809616089,1330
0.0232501029968,1329
0.0233111381531,1328
0.0234851837158,1327
0.0236880779266,1326
0.023745059967,1325
0.0239880084991,1324
0.0240480899811,1323
0.0241570472717,1322
0.0242559909821,1321
0.024405002594,1320
0.0244500637054,1319
0.0245270729065,1318
0.0246210098267,1317
0.0247001647949,1316
0.0247809886932,1315
0.0248301029205,1314
0.0252380371094,1313
0.0253150463104,1312
0.0253751277924,1311
0.0254731178284,1310
0.0255420207977,1309
0.0256559848785,1308
0.0257651805878,1307
0.0258750915527,1306
0.025985956192,1305
0.0260989665985,1304
0.0261399745941,1303
0.0262110233307,1302
0.0264329910278,1301
0.0264930725098,1300
0.0267040729523,1299
0.0275490283966,1298
0.0275931358337,1297
0.0277020931244,1296
0.0278391838074,1295
0.0279171466827,1294
0.0279800891876,1293
0.0281310081482,1292
0.0282289981842,1291
0.0282940864563,1290
0.0283370018005,1289
0.0284180641174,1288
0.028470993042,1287
0.0285840034485,1286
0.0288729667664,1285
0.0291330814362,1284
0.029247045517,1283
0.0293509960175,1282
0.0294630527496,1281
0.0295450687408,1280
0.0296421051025,1279
0.0297181606293,1278
0.0298390388489,1277
0.0299849510193,1276
0.0300710201263,1275
0.030168056488,1274
0.0302181243896,1273
0.0303380489349,1272
0.0304510593414,1271
0.0304980278015,1270
0.0308129787445,1269
0.0309519767761,1268
0.0312170982361,1267
0.0313410758972,1266
0.0314180850983,1265
0.0315129756927,1264
0.0315749645233,1263
0.0318670272827,1262
0.031975030899,1261
0.0320491790771,1260
0.0321781635284,1259
0.0322229862213,1258
0.0323281288147,1257
0.0324189662933,1256
0.0324881076813,1255
0.0327770709991,1254
0.0329830646515,1253
0.0333871841431,1252
0.0334839820862,1251
0.0342211723328,1250
0.0346710681915,1249
0.0350711345673,1248
0.0352230072021,1247
0.0353100299835,1246
0.0357270240784,1245
0.0359201431274,1244
0.036062002182,1243
0.0363049507141,1242
0.0364370346069,1241
0.0366570949554,1240
0.036749124527,1239
0.037052154541,1238
0.0372161865234,1237
0.0373470783234,1236
0.0374331474304,1235
0.0375180244446,1234
0.0376491546631,1233
0.0377509593964,1232
0.03781914711,1231
0.0379140377045,1230
0.0380420684814,1229
0.0382490158081,1228
0.0384700298309,1227
0.0386221408844,1226
0.038861989975,1225
0.0390801429749,1224
0.0392670631409,1223
0.0393831729889,1222
0.0394520759583,1221
0.03950715065,1220
0.0395810604095,1219
0.0396239757538,1218
0.0396790504456,1217
0.0402381420135,1216
0.0402979850769,1215
0.0405011177063,1214
0.0405521392822,1213
0.0407791137695,1212
0.040874004364,1211
0.0409140586853,1210
0.0409891605377,1209
0.0411469936371,1208
0.041650056839,1207
0.0419011116028,1206
0.0420000553131,1205
0.0420680046082,1204
0.0423181056976,1203
0.0423560142517,1202
0.0424761772156,1201
0.0425779819489,1200
0.042708158493,1199
0.0428030490875,1198
0.0430290699005,1197
0.0431611537933,1196
0.0433630943298,1195
0.0435409545898,1194
0.0437960624695,1193
0.0439300537109,1192
0.0441670417786,1191
0.044233083725,1190
0.0443570613861,1189
0.044517993927,1188
0.0448451042175,1187
0.0449140071869,1186
0.0449759960175,1185
0.0451881885529,1184
0.0454001426697,1183
0.0455341339111,1182
0.0456051826477,1181
0.045746088028,1180
0.0462400913239,1179
0.0463070869446,1178
0.0466310977936,1177
0.047149181366,1176
0.0472130775452,1175
0.047562122345,1174
0.0477120876312,1173
0.0477981567383,1172
0.0478570461273,1171
0.0479459762573,1170
0.0483009815216,1169
0.048376083374,1168
0.0484349727631,1167
0.0486600399017,1166
0.048751115799,1165
0.0489549636841,1164
0.0490670204163,1163
0.049143075943,1162
0.0494351387024,1161
0.0497231483459,1160
0.0498039722443,1159
0.0499401092529,1158
0.0501019954681,1157
0.0503311157227,1156
0.0505290031433,1155
0.0505800247192,1154
0.0511929988861,1153
0.0512371063232,1152
0.0513241291046,1151
0.0514640808105,1150
0.0521321296692,1149
0.0525510311127,1148
0.0526821613312,1147
0.0528700351715,1146
0.0531980991364,1145
0.0532870292664,1144
0.0533430576324,1143
0.053572177887,1142
0.0539100170135,1141
0.0544350147247,1140
0.0548470020294,1139
0.0550811290741,1138
0.0554809570312,1137
0.0555701255798,1136
0.0556111335754,1135
0.0558240413666,1134
0.0559079647064,1133
0.0562131404877,1132
0.0568091869354,1131
0.0568900108337,1130
0.0569930076599,1129
0.0570471286774,1128
0.0582671165466,1127
0.0583040714264,1126
0.0584151744843,1125
0.0588891506195,1124
0.058974981308,1123
0.0593531131744,1122
0.0596871376038,1121
0.0600121021271,1120
0.0604050159454,1119
0.0608279705048,1118
0.0612440109253,1117
0.0613119602203,1116
0.0616760253906,1115
0.062224149704,1114
0.0623571872711,1113
0.0625240802765,1112
0.0630769729614,1111
0.0631160736084,1110
0.063728094101,1109
0.0638911724091,1108
0.0639510154724,1107
0.0643181800842,1106
0.0647940635681,1105
0.0651950836182,1104
0.0654771327972,1103
0.065633058548,1102
0.065826177597,1101
0.0661020278931,1100
0.0665550231934,1099
0.0668270587921,1098
0.0671470165253,1097
0.0673890113831,1096
0.0675191879272,1095
0.0677990913391,1094
0.0681731700897,1093
0.0682141780853,1092
0.0682711601257,1091
0.0685131549835,1090
0.0686521530151,1089
0.0689461231232,1088
0.0691859722137,1087
0.0701141357422,1086
0.0702660083771,1085
0.0705671310425,1084
0.0713839530945,1083
0.0719611644745,1082
0.0720191001892,1081
0.0720841884613,1080
0.0721461772919,1079
0.0727391242981,1078
0.0728499889374,1077
0.0728919506073,1076
0.0731310844421,1075
0.0732080936432,1074
0.0732960700989,1073
0.0734250545502,1072
0.0735771656036,1071
0.0739650726318,1070
0.0740990638733,1069
0.074156999588,1068
0.0743961334229,1067
0.0748569965363,1066
0.0752141475677,1065
0.0755460262299,1064
0.0760591030121,1063
0.0761351585388,1062
0.0766041278839,1061
0.076954126358,1060
0.0774970054626,1059
0.0775389671326,1058
0.077644109726,1057
0.0779280662537,1056
0.0785031318665,1055
0.0787200927734,1054
0.079530954361,1053
0.0798060894012,1052
0.0800340175629,1051
0.0800759792328,1050
0.0806629657745,1049
0.081139087677,1048
0.0811901092529,1047
0.082494020462,1046
0.083261013031,1045
0.0841600894928,1044
0.0843100547791,1043
0.0846390724182,1042
0.0846910476685,1041
0.0847330093384,1040
0.0847980976105,1039
0.0851941108704,1038
0.0853929519653,1037
0.0860800743103,1036
0.0861711502075,1035
0.0864479541779,1034
0.0866091251373,1033
0.0867881774902,1032
0.0873231887817,1031
0.08766913414,1030
0.0881700515747,1029
0.0882341861725,1028
0.0892181396484,1027
0.0895199775696,1026
0.0896961688995,1025
0.0897781848907,1024
0.0910661220551,1023
0.0913350582123,1022
0.0917081832886,1021
0.0930800437927,1020
0.0935871601105,1019
0.0937471389771,1018
0.0944840908051,1017
0.0951840877533,1016
0.0955381393433,1015
0.0958499908447,1014
0.0961601734161,1013
0.096419095993,1012
0.0964741706848,1011
0.0966610908508,1010
0.0967330932617,1009
0.0970041751862,1008
0.0971331596375,1007
0.0972921848297,1006
0.0973391532898,1005
0.0976300239563,1004
0.0977439880371,1003
0.0981919765472,1002
0.0984320640564,1001
0.0986430644989,1000
0.0987811088562,999
0.0999031066895,998
0.100384950638,997
0.101022005081,996
0.101550102234,995
0.102586984634,994
0.102676153183,993
0.102775096893,992
0.103203058243,991
0.10325717926,990
0.103312969208,989
0.104470014572,988
0.104585170746,987
0.104688167572,986
0.105664014816,985
0.105736970901,984
0.105870008469,983
0.106233119965,982
0.106729984283,981
0.106822967529,980
0.107084035873,979
0.10720205307,978
0.108200073242,977
0.109308004379,976
0.109436988831,975
0.109812021255,974
0.110620975494,973
0.111106157303,972
0.1125831604,971
0.113578081131,970
0.113882064819,969
0.114258050919,968
0.114607095718,967
0.114797115326,966
0.114986181259,965
0.115059137344,964
0.116201162338,963
0.117027044296,962
0.117331981659,961
0.117904186249,960
0.118703126907,959
0.119253158569,958
0.11948299408,957
0.120722055435,956
0.121026039124,955
0.121270179749,954
0.121924161911,953
0.12199306488,952
0.122047185898,951
0.122517108917,950
0.123793125153,949
0.124509096146,948
0.125919103622,947
0.126306056976,946
0.126633167267,945
0.126715183258,944
0.126870155334,943
0.127110958099,942
0.128468990326,941
0.12867808342,940
0.128873109818,939
0.129002094269,938
0.129397153854,937
0.129992961884,936
0.131689071655,935
0.13300204277,934
0.133193016052,933
0.133555173874,932
0.133738994598,931
0.136825084686,930
0.137187004089,929
0.137582063675,928
0.138426065445,927
0.138493061066,926
0.138655185699,925
0.138952970505,924
0.139242172241,923
0.140469074249,922
0.141201972961,921
0.142292022705,920
0.142639160156,919
0.143049955368,918
0.267544031143,917
0.270698070526,916
0.524718999863,915
0.526268005371,914
0.5282330513,913
0.530444145203,912
0.656788110733,911
0.659569978714,910
1.05253696442,909
1.18280911446,908
2.54979705811,907
