0.00606608390808,1460
0.0061559677124,1459
0.00629496574402,1458
0.00639009475708,1457
0.00647902488708,1456
0.00659608840942,1455
0.00667715072632,1454
0.00677609443665,1453
0.00689697265625,1452
0.00702214241028,1451
0.00713300704956,1450
0.00723814964294,1449
0.0073881149292,1448
0.00746703147888,1447
0.0076150894165,1446
0.00769710540771,1445
0.007807970047,1444
0.00790905952454,1443
0.00802898406982,1442
0.0081570148468,1441
0.00827407836914,1440
0.00837206840515,1439
0.00847411155701,1438
0.00860714912415,1437
0.00870394706726,1436
0.00882315635681,1435
0.0089590549469,1434
0.00904893875122,1433
0.00917196273804,1432
0.0092670917511,1431
0.00934410095215,1430
0.00956797599792,1429
0.00963807106018,1428
0.00980401039124,1427
0.00992798805237,1426
0.0100991725922,1425
0.0101931095123,1424
0.0103499889374,1423
0.0104131698608,1422
0.0107100009918,1421
0.0108060836792,1420
0.0109720230103,1419
0.0110280513763,1418
0.0110881328583,1417
0.0112020969391,1416
0.0113289356232,1415
0.0114009380341,1414
0.0115640163422,1413
0.0116450786591,1412
0.011775970459,1411
0.0118401050568,1410
0.0119750499725,1409
0.0121340751648,1408
0.0121910572052,1407
0.0123269557953,1406
0.01251912117,1405
0.0125939846039,1404
0.0126531124115,1403
0.0127241611481,1402
0.0128569602966,1401
0.0130231380463,1400
0.0131051540375,1399
0.0132060050964,1398
0.013384103775,1397
0.0134570598602,1396
0.0136361122131,1395
0.0139570236206,1394
0.0141201019287,1393
0.0142340660095,1392
0.0143580436707,1391
0.0144889354706,1390
0.014575958252,1389
0.0147211551666,1388
0.0148279666901,1387
0.0150029659271,1386
0.0151090621948,1385
0.0151829719543,1384
0.0153670310974,1383
0.0154600143433,1382
0.0155930519104,1381
0.0157661437988,1380
0.0158400535583,1379
0.0160710811615,1378
0.016165971756,1377
0.0163280963898,1376
0.0165269374847,1375
0.0166280269623,1374
0.0167140960693,1373
0.0167860984802,1372
0.0169100761414,1371
0.0170350074768,1370
0.0171339511871,1369
0.0174510478973,1368
0.0175199508667,1367
0.0176160335541,1366
0.0177021026611,1365
0.0179150104523,1364
0.017972946167,1363
0.0180680751801,1362
0.0181210041046,1361
0.0182521343231,1360
0.0183491706848,1359
0.0184061527252,1358
0.0184869766235,1357
0.0185470581055,1356
0.018609046936,1355
0.0187001228333,1354
0.0187890529633,1353
0.0189170837402,1352
0.0190241336823,1351
0.0191071033478,1350
0.0191690921783,1349
0.0192439556122,1348
0.0193240642548,1347
0.0193791389465,1346
0.0196430683136,1345
0.0197360515594,1344
0.0199060440063,1343
0.0202050209045,1342
0.0202729701996,1341
0.0203199386597,1340
0.0204610824585,1339
0.0206141471863,1338
0.0211181640625,1337
0.0212249755859,1336
0.0215809345245,1335
0.0216889381409,1334
0.0217659473419,1333
0.0218510627747,1332
0.0219960212708,1331
0.0220789909363,1330
0.0222070217133,1329
0.0222549438477,1328
0.0224521160126,1327
0.022607088089,1326
0.0227010250092,1325
0.0228469371796,1324
0.022989988327,1323
0.0232119560242,1322
0.0233161449432,1321
0.0234019756317,1320
0.0235259532928,1319
0.0235919952393,1318
0.023805141449,1317
0.0238561630249,1316
0.0239939689636,1315
0.0241429805756,1314
0.0243239402771,1313
0.0244810581207,1312
0.0245850086212,1311
0.0247361660004,1310
0.0248551368713,1309
0.0249259471893,1308
0.0255351066589,1307
0.0257959365845,1306
0.0261671543121,1305
0.0262560844421,1304
0.0264821052551,1303
0.0267200469971,1302
0.0268199443817,1301
0.0268919467926,1300
0.0270760059357,1299
0.027272939682,1298
0.027379989624,1297
0.0274391174316,1296
0.027529001236,1295
0.0276911258698,1294
0.0278100967407,1293
0.0278611183167,1292
0.027948141098,1291
0.0281720161438,1290
0.0282480716705,1289
0.0283770561218,1288
0.0284631252289,1287
0.0285980701447,1286
0.0287520885468,1285
0.0288150310516,1284
0.0289649963379,1283
0.0290689468384,1282
0.0291709899902,1281
0.0293719768524,1280
0.0295381546021,1279
0.0296490192413,1278
0.0300030708313,1277
0.0301439762115,1276
0.0302090644836,1275
0.0302741527557,1274
0.0303609371185,1273
0.0309059619904,1272
0.0310969352722,1271
0.0312600135803,1270
0.0314221382141,1269
0.0314960479736,1268
0.0315430164337,1267
0.0318920612335,1266
0.0320320129395,1265
0.0323269367218,1264
0.0325901508331,1263
0.0327560901642,1262
0.0329740047455,1261
0.0330879688263,1260
0.0332770347595,1259
0.0334451198578,1258
0.0335161685944,1257
0.0335841178894,1256
0.0338971614838,1255
0.0342290401459,1254
0.0343849658966,1253
0.0345251560211,1252
0.0346281528473,1251
0.034695148468,1250
0.0348041057587,1249
0.0348711013794,1248
0.0351519584656,1247
0.0352339744568,1246
0.0357060432434,1245
0.0359570980072,1244
0.0363111495972,1243
0.0364291667938,1242
0.0367090702057,1241
0.0368001461029,1240
0.0368831157684,1239
0.0372879505157,1238
0.0376391410828,1237
0.0379230976105,1236
0.0379960536957,1235
0.0381600856781,1234
0.0384500026703,1233
0.0393130779266,1232
0.039519071579,1231
0.0396959781647,1230
0.0399560928345,1229
0.0399961471558,1228
0.0401830673218,1227
0.0404109954834,1226
0.0406141281128,1225
0.040675163269,1224
0.0408730506897,1223
0.0409560203552,1222
0.0411231517792,1221
0.041218996048,1220
0.0414209365845,1219
0.0415279865265,1218
0.0415790081024,1217
0.0416541099548,1216
0.0419590473175,1215
0.0421810150146,1214
0.042328119278,1213
0.04243516922,1212
0.042603969574,1211
0.0427050590515,1210
0.0430071353912,1209
0.0434150695801,1208
0.0435950756073,1207
0.0438289642334,1206
0.0440311431885,1205
0.0442969799042,1204
0.0447010993958,1203
0.0447690486908,1202
0.0449090003967,1201
0.044949054718,1200
0.0450320243835,1199
0.0451819896698,1198
0.0452311038971,1197
0.045333147049,1196
0.0454571247101,1195
0.0455329418182,1194
0.0457861423492,1193
0.0458660125732,1192
0.0463500022888,1191
0.0468611717224,1190
0.0473070144653,1189
0.0473530292511,1188
0.0480110645294,1187
0.0483331680298,1186
0.0487451553345,1185
0.0488741397858,1184
0.0490469932556,1183
0.0491790771484,1182
0.0492191314697,1181
0.0494999885559,1180
0.0496129989624,1179
0.0497930049896,1178
0.0499420166016,1177
0.0505340099335,1176
0.0505909919739,1175
0.0506529808044,1174
0.0507180690765,1173
0.0516350269318,1172
0.0519139766693,1171
0.0519831180573,1170
0.0525231361389,1169
0.0530920028687,1168
0.0533430576324,1167
0.0534210205078,1166
0.0535650253296,1165
0.0538411140442,1164
0.0541000366211,1163
0.0551180839539,1162
0.0552339553833,1161
0.0556390285492,1160
0.0558021068573,1159
0.0558481216431,1158
0.0560719966888,1157
0.0569889545441,1156
0.05735206604,1155
0.0583851337433,1154
0.058746099472,1153
0.0588879585266,1152
0.0590920448303,1151
0.0592050552368,1150
0.0593020915985,1149
0.0594911575317,1148
0.0607120990753,1147
0.0608880519867,1146
0.0613131523132,1145
0.0613989830017,1144
0.0615930557251,1143
0.0621869564056,1142
0.0622489452362,1141
0.0622961521149,1140
0.0627100467682,1139
0.0627629756927,1138
0.0628180503845,1137
0.0630190372467,1136
0.063264131546,1135
0.0639560222626,1134
0.0641040802002,1133
0.0644900798798,1132
0.0646271705627,1131
0.0654010772705,1130
0.0657560825348,1129
0.0659730434418,1128
0.0661361217499,1127
0.0662369728088,1126
0.0666589736938,1125
0.0671701431274,1124
0.0672590732574,1123
0.0674040317535,1122
0.0674891471863,1121
0.0676760673523,1120
0.0677630901337,1119
0.068176984787,1118
0.0683181285858,1117
0.0689430236816,1116
0.0690779685974,1115
0.0692479610443,1114
0.0693261623383,1113
0.0693781375885,1112
0.0695099830627,1111
0.0698001384735,1110
0.0699429512024,1109
0.0701169967651,1108
0.0702979564667,1107
0.0704770088196,1106
0.0708050727844,1105
0.0711071491241,1104
0.0714199542999,1103
0.0716071128845,1102
0.0718610286713,1101
0.0719039440155,1100
0.0720300674438,1099
0.0725359916687,1098
0.0728380680084,1097
0.0729689598083,1096
0.0740489959717,1095
0.0742571353912,1094
0.0744259357452,1093
0.0746891498566,1092
0.0747520923615,1091
0.0747890472412,1090
0.0748889446259,1089
0.0753140449524,1088
0.0760080814362,1087
0.0763471126556,1086
0.076807975769,1085
0.0768549442291,1084
0.078113079071,1083
0.078446149826,1082
0.0785961151123,1081
0.0787069797516,1080
0.0789160728455,1079
0.0795090198517,1078
0.079833984375,1077
0.0803849697113,1076
0.0809020996094,1075
0.081267118454,1074
0.081326007843,1073
0.0814759731293,1072
0.0815601348877,1071
0.0819020271301,1070
0.0825099945068,1069
0.0826370716095,1068
0.0827181339264,1067
0.0830750465393,1066
0.0831530094147,1065
0.0833301544189,1064
0.083456993103,1063
0.0837831497192,1062
0.0856609344482,1061
0.0857131481171,1060
0.0858061313629,1059
0.0860760211945,1058
0.0862009525299,1057
0.0863540172577,1056
0.0866420269012,1055
0.0867381095886,1054
0.0873630046844,1053
0.0874300003052,1052
0.0877420902252,1051
0.0878031253815,1050
0.0879230499268,1049
0.0881550312042,1048
0.0885951519012,1047
0.0888440608978,1046
0.0889329910278,1045
0.0892369747162,1044
0.0893290042877,1043
0.0898480415344,1042
0.0903120040894,1041
0.0907700061798,1040
0.0919461250305,1039
0.0919959545135,1038
0.0930750370026,1037
0.0932650566101,1036
0.0939910411835,1035
0.0948600769043,1034
0.0950419902802,1033
0.095232963562,1032
0.0953230857849,1031
0.0954251289368,1030
0.0960421562195,1029
0.0961401462555,1028
0.0965240001678,1027
0.0967020988464,1026
0.0973241329193,1025
0.0974900722504,1024
0.0979881286621,1023
0.0982110500336,1022
0.0982961654663,1021
0.0986449718475,1020
0.0986821651459,1019
0.0993180274963,1018
0.0997340679169,1017
0.10060095787,1016
0.100723981857,1015
0.101123094559,1014
0.10135102272,1013
0.102328062057,1012
0.102702140808,1011
0.103515148163,1010
0.103590965271,1009
0.103914022446,1008
0.104928016663,1007
0.105035066605,1006
0.105180025101,1005
0.105353116989,1004
0.105715990067,1003
0.105926990509,1002
0.105985164642,1001
0.1067070961,1000
0.106843948364,999
0.107051134109,998
0.107781171799,997
0.109711170197,996
0.110218048096,995
0.111021995544,994
0.111255168915,993
0.1117811203,992
0.111905097961,991
0.112586975098,990
0.112745046616,989
0.11448597908,988
0.116194009781,987
0.116364002228,986
0.11742401123,985
0.117954969406,984
0.11814904213,983
0.118342161179,982
0.118689060211,981
0.118798017502,980
0.119421958923,979
0.119827032089,978
0.120682954788,977
0.121340990067,976
0.121607065201,975
0.122226953506,974
0.122596979141,973
0.123887062073,972
0.124588012695,971
0.125111103058,970
0.125292062759,969
0.125704050064,968
0.126642942429,967
0.126863956451,966
0.12729716301,965
0.127375125885,964
0.127783060074,963
0.127989053726,962
0.128090143204,961
0.128556966782,960
0.128863096237,959
0.129244089127,958
0.129279136658,957
0.129512071609,956
0.130103111267,955
0.130182981491,954
0.130706071854,953
0.131122112274,952
0.131813049316,951
0.132724046707,950
0.132997989655,949
0.133389949799,948
0.13374710083,947
0.133859157562,946
0.134205102921,945
0.134366035461,944
0.135791063309,943
0.136204957962,942
0.136651992798,941
0.136813163757,940
0.136919021606,939
0.137943029404,938
0.138242006302,937
0.13841509819,936
0.138628959656,935
0.138741970062,934
0.139942169189,933
0.139986991882,932
0.140244960785,931
0.14130616188,930
0.141694068909,929
0.142106056213,928
0.142900943756,927
0.142976999283,926
0.143551111221,925
0.14360499382,924
0.265026092529,923
0.265716075897,922
0.265964984894,921
0.273743152618,920
0.391561985016,919
0.39232301712,918
0.39285993576,917
0.398350954056,916
0.399276018143,915
0.40060210228,914
0.402786970139,913
0.405215024948,912
0.406167984009,911
0.5386531353,910
0.539556980133,909
0.539926052094,908
0.814700126648,907
0.946134090424,906
1.07648515701,905
1.87467813492,904
1.88028812408,903
2.01275014877,902
2.14142394066,901
