0.00494694709778,1460
0.00514578819275,1459
0.00536298751831,1458
0.00551295280457,1457
0.00563883781433,1456
0.00578689575195,1455
0.00594091415405,1454
0.0060818195343,1453
0.0063169002533,1452
0.00645279884338,1451
0.00663995742798,1450
0.00677299499512,1449
0.00700283050537,1448
0.00720691680908,1447
0.00740885734558,1446
0.00754499435425,1445
0.00767683982849,1444
0.00783085823059,1443
0.00803589820862,1442
0.00816679000854,1441
0.00835084915161,1440
0.00859498977661,1439
0.00879502296448,1438
0.00920081138611,1437
0.00938200950623,1436
0.00963187217712,1435
0.00970983505249,1434
0.00981283187866,1433
0.00999093055725,1432
0.0100739002228,1431
0.0102980136871,1430
0.0103709697723,1429
0.0104758739471,1428
0.01060795784,1427
0.0106999874115,1426
0.0108299255371,1425
0.010978937149,1424
0.0110428333282,1423
0.0111558437347,1422
0.0113677978516,1421
0.0114829540253,1420
0.0115439891815,1419
0.0116767883301,1418
0.0117399692535,1417
0.0118517875671,1416
0.0119190216064,1415
0.0120568275452,1414
0.0121347904205,1413
0.0122299194336,1412
0.0123000144958,1411
0.0124759674072,1410
0.012592792511,1409
0.0126509666443,1408
0.012717962265,1407
0.0127940177917,1406
0.0128929615021,1405
0.0129888057709,1404
0.0130598545074,1403
0.013151884079,1402
0.0133619308472,1401
0.013571023941,1400
0.0136649608612,1399
0.0138318538666,1398
0.0139307975769,1397
0.0140368938446,1396
0.0141069889069,1395
0.0141618251801,1394
0.0142788887024,1393
0.0143599510193,1392
0.0145468711853,1391
0.014652967453,1390
0.0147697925568,1389
0.0148818492889,1388
0.0150029659271,1387
0.0152328014374,1386
0.0153529644012,1385
0.0155158042908,1384
0.0156598091125,1383
0.0158629417419,1382
0.016019821167,1381
0.0161149501801,1380
0.0162270069122,1379
0.0163879394531,1378
0.0165967941284,1377
0.0167739391327,1376
0.0170679092407,1375
0.0171549320221,1374
0.0172319412231,1373
0.0173590183258,1372
0.0175569057465,1371
0.0176420211792,1370
0.017728805542,1369
0.0178217887878,1368
0.0179209709167,1367
0.0181548595428,1366
0.0182650089264,1365
0.0184237957001,1364
0.0185298919678,1363
0.0185878276825,1362
0.0186758041382,1361
0.0187900066376,1360
0.0189068317413,1359
0.0190308094025,1358
0.0191969871521,1357
0.0193250179291,1356
0.0194418430328,1355
0.0196318626404,1354
0.0197329521179,1353
0.0200309753418,1352
0.0203168392181,1351
0.0203700065613,1350
0.0204808712006,1349
0.0208837985992,1348
0.0209939479828,1347
0.0211470127106,1346
0.0214738845825,1345
0.0215339660645,1344
0.0217549800873,1343
0.0218708515167,1342
0.021919965744,1341
0.0219659805298,1340
0.022097826004,1339
0.0221688747406,1338
0.0222299098969,1337
0.0225658416748,1336
0.0226550102234,1335
0.0227298736572,1334
0.0229179859161,1333
0.0230159759521,1332
0.0231099128723,1331
0.0232539176941,1330
0.0236799716949,1329
0.0238349437714,1328
0.0239658355713,1327
0.0240859985352,1326
0.0242438316345,1325
0.0244569778442,1324
0.0245440006256,1323
0.0246269702911,1322
0.0248329639435,1321
0.0249619483948,1320
0.0250489711761,1319
0.0251469612122,1318
0.0254390239716,1317
0.025682926178,1316
0.0257768630981,1315
0.0258688926697,1314
0.026015996933,1313
0.0260758399963,1312
0.0261750221252,1311
0.0264458656311,1310
0.0266427993774,1309
0.0268039703369,1308
0.0268778800964,1307
0.0271430015564,1306
0.0272128582001,1305
0.0273108482361,1304
0.0275018215179,1303
0.0275838375092,1302
0.027774810791,1301
0.0280609130859,1300
0.0283088684082,1299
0.0284349918365,1298
0.02854180336,1297
0.0286169052124,1296
0.0289537906647,1295
0.029040813446,1294
0.0291309356689,1293
0.0293538570404,1292
0.0295419692993,1291
0.0297298431396,1290
0.0299320220947,1289
0.0301718711853,1288
0.0303769111633,1287
0.0304520130157,1286
0.0307369232178,1285
0.0308809280396,1284
0.0313098430634,1283
0.0314128398895,1282
0.031760931015,1281
0.0318939685822,1280
0.0322329998016,1279
0.032411813736,1278
0.0326700210571,1277
0.0329298973083,1276
0.0329899787903,1275
0.0332479476929,1274
0.0333378314972,1273
0.0335259437561,1272
0.0336098670959,1271
0.0338618755341,1270
0.0339729785919,1269
0.0340390205383,1268
0.0341699123383,1267
0.0343239307404,1266
0.034726858139,1265
0.0348258018494,1264
0.0349140167236,1263
0.0350029468536,1262
0.0350499153137,1261
0.0351438522339,1260
0.0352919101715,1259
0.0353939533234,1258
0.0356268882751,1257
0.0359389781952,1256
0.0362288951874,1255
0.0363299846649,1254
0.0363957881927,1253
0.0364789962769,1252
0.0365478992462,1251
0.0365879535675,1250
0.0366477966309,1249
0.0367629528046,1248
0.0368008613586,1247
0.0368869304657,1246
0.0371088981628,1245
0.0371649265289,1244
0.0372848510742,1243
0.0375149250031,1242
0.0376229286194,1241
0.0384910106659,1240
0.0385849475861,1239
0.0387868881226,1238
0.0389947891235,1237
0.0390899181366,1236
0.0391638278961,1235
0.0393400192261,1234
0.0395998954773,1233
0.0397129058838,1232
0.0397908687592,1231
0.03990483284,1230
0.040130853653,1229
0.0405550003052,1228
0.040736913681,1227
0.0409979820251,1226
0.0412309169769,1225
0.0415079593658,1224
0.0419228076935,1223
0.0421779155731,1222
0.0426278114319,1221
0.0427458286285,1220
0.0428597927094,1219
0.0429649353027,1218
0.0430209636688,1217
0.0430958271027,1216
0.043289899826,1215
0.0434579849243,1214
0.0438718795776,1213
0.0441060066223,1212
0.0447008609772,1211
0.0447759628296,1210
0.0452909469604,1209
0.0453538894653,1208
0.0456697940826,1207
0.0459139347076,1206
0.0461218357086,1205
0.0461668968201,1204
0.046257019043,1203
0.0463879108429,1202
0.0464489459991,1201
0.0466799736023,1200
0.0468230247498,1199
0.0469069480896,1198
0.0469589233398,1197
0.0471270084381,1196
0.0472238063812,1195
0.0474429130554,1194
0.0475158691406,1193
0.0477359294891,1192
0.0479969978333,1191
0.0484828948975,1190
0.0486118793488,1189
0.048928976059,1188
0.0491628646851,1187
0.0494728088379,1186
0.0495510101318,1185
0.0496978759766,1184
0.0497889518738,1183
0.0498518943787,1182
0.049929857254,1181
0.0500109195709,1180
0.0501849651337,1179
0.0502679347992,1178
0.050589799881,1177
0.0507988929749,1176
0.0513110160828,1175
0.0513808727264,1174
0.05166888237,1173
0.0517108440399,1172
0.051992893219,1171
0.0521409511566,1170
0.0522589683533,1169
0.052533864975,1168
0.05260181427,1167
0.0529198646545,1166
0.053053855896,1165
0.0532479286194,1164
0.0535578727722,1163
0.053689956665,1162
0.0542027950287,1161
0.0543978214264,1160
0.0545098781586,1159
0.0548667907715,1158
0.0550768375397,1157
0.0552690029144,1156
0.0553948879242,1155
0.0554828643799,1154
0.0557088851929,1153
0.055820941925,1152
0.0559318065643,1151
0.0561408996582,1150
0.0565578937531,1149
0.0568549633026,1148
0.0577628612518,1147
0.0578649044037,1146
0.0579109191895,1145
0.0580530166626,1144
0.0582098960876,1143
0.0585198402405,1142
0.058828830719,1141
0.0589468479156,1140
0.0590097904205,1139
0.0596499443054,1138
0.059720993042,1137
0.0598030090332,1136
0.0605328083038,1135
0.0607559680939,1134
0.0609579086304,1133
0.0612080097198,1132
0.0612568855286,1131
0.0613830089569,1130
0.0615348815918,1129
0.0620038509369,1128
0.0627958774567,1127
0.0629630088806,1126
0.0630028247833,1125
0.0632479190826,1124
0.0633938312531,1123
0.0636219978333,1122
0.0638659000397,1121
0.0640258789062,1120
0.0640819072723,1119
0.0641219615936,1118
0.0651688575745,1117
0.0654458999634,1116
0.06591796875,1115
0.0662369728088,1114
0.0668878555298,1113
0.0669939517975,1112
0.0673739910126,1111
0.0674138069153,1110
0.0678868293762,1109
0.0681819915771,1108
0.0682809352875,1107
0.0685088634491,1106
0.0686287879944,1105
0.0688087940216,1104
0.0690248012543,1103
0.0692639350891,1102
0.0693249702454,1101
0.0698277950287,1100
0.0704820156097,1099
0.0708079338074,1098
0.0712788105011,1097
0.0713448524475,1096
0.0713968276978,1095
0.0717098712921,1094
0.0719997882843,1093
0.0721378326416,1092
0.0723628997803,1091
0.0724878311157,1090
0.0730829238892,1089
0.0732579231262,1088
0.0739209651947,1087
0.0741539001465,1086
0.0747978687286,1085
0.0748648643494,1084
0.0752358436584,1083
0.0753948688507,1082
0.0762519836426,1081
0.0765159130096,1080
0.0769128799438,1079
0.0770878791809,1078
0.0772778987885,1077
0.07781291008,1076
0.0781848430634,1075
0.0786008834839,1074
0.0788497924805,1073
0.0792620182037,1072
0.0806360244751,1071
0.0808408260345,1070
0.0811297893524,1069
0.0826349258423,1068
0.0829768180847,1067
0.08318400383,1066
0.0832648277283,1065
0.083958864212,1064
0.0840039253235,1063
0.0842578411102,1062
0.0844979286194,1061
0.0847868919373,1060
0.0848319530487,1059
0.0852768421173,1058
0.0858948230743,1057
0.0859558582306,1056
0.0860137939453,1055
0.0861878395081,1054
0.0864379405975,1053
0.0864949226379,1052
0.087014913559,1051
0.0876059532166,1050
0.0882768630981,1049
0.0888369083405,1048
0.0891389846802,1047
0.0895409584045,1046
0.0899729728699,1045
0.0904169082642,1044
0.0904908180237,1043
0.0911328792572,1042
0.091668844223,1041
0.0920917987823,1040
0.092700958252,1039
0.0929529666901,1038
0.0938529968262,1037
0.0939548015594,1036
0.0942149162292,1035
0.0942618846893,1034
0.0950028896332,1033
0.0956039428711,1032
0.0957479476929,1031
0.0962488651276,1030
0.0963089466095,1029
0.0973579883575,1028
0.0976870059967,1027
0.0980508327484,1026
0.0982639789581,1025
0.0983848571777,1024
0.0986709594727,1023
0.0987219810486,1022
0.0996069908142,1021
0.0997447967529,1020
0.100455999374,1019
0.100974798203,1018
0.101058959961,1017
0.10146188736,1016
0.102302789688,1015
0.102735996246,1014
0.103133916855,1013
0.103863954544,1012
0.104182958603,1011
0.104659795761,1010
0.105353832245,1009
0.105458021164,1008
0.105816841125,1007
0.105917930603,1006
0.106789827347,1005
0.107360839844,1004
0.108085870743,1003
0.109030008316,1002
0.109174013138,1001
0.109991788864,1000
0.110116958618,999
0.110342979431,998
0.110410928726,997
0.110764980316,996
0.112035989761,995
0.112489938736,994
0.112974882126,993
0.114872932434,992
0.115326881409,991
0.115686893463,990
0.116159915924,989
0.116460800171,988
0.116753816605,987
0.116828918457,986
0.117088794708,985
0.118296861649,984
0.118503808975,983
0.119045972824,982
0.119781970978,981
0.120174884796,980
0.120410919189,979
0.121140956879,978
0.122490882874,977
0.123179912567,976
0.123567819595,975
0.124033927917,974
0.124360799789,973
0.124753952026,972
0.125055789948,971
0.125411987305,970
0.125698804855,969
0.125842809677,968
0.126137971878,967
0.126928806305,966
0.127054929733,965
0.127403974533,964
0.127986907959,963
0.128351926804,962
0.128507852554,961
0.130887985229,960
0.131984949112,959
0.132891893387,958
0.13312292099,957
0.135228872299,956
0.135370969772,955
0.13564491272,954
0.136927843094,953
0.13765001297,952
0.138689994812,951
0.138883829117,950
0.139122962952,949
0.139349937439,948
0.140069961548,947
0.140461921692,946
0.141032934189,945
0.14134979248,944
0.141445875168,943
0.141762971878,942
0.141835927963,941
0.142107963562,940
0.143115997314,939
0.143239974976,938
0.143419981003,937
0.143577814102,936
0.143813848495,935
0.143900871277,934
0.144060850143,933
0.288689851761,932
0.29280090332,931
0.293256998062,930
0.414110898972,929
0.419440984726,928
0.422675848007,927
0.425301790237,926
0.711095809937,925
0.711772918701,924
0.714610815048,923
0.852433919907,922
0.855281829834,921
0.856164932251,920
0.857547998428,919
0.860350847244,918
1.00582480431,917
1.00717592239,916
1.01014280319,915
1.01450896263,914
1.16542291641,913
1.30451798439,912
1.30861496925,911
1.30896902084,910
1.69213891029,909
1.69296383858,908
1.69417691231,907
1.69599795341,906
1.69638395309,905
1.69662189484,904
1.69719099998,903
