0.00645208358765,1460
0.00655603408813,1459
0.00669407844543,1458
0.00682711601257,1457
0.00694608688354,1456
0.00700902938843,1455
0.00710201263428,1454
0.00717401504517,1453
0.00723695755005,1452
0.00729489326477,1451
0.0074291229248,1450
0.0074999332428,1449
0.00761008262634,1448
0.00771808624268,1447
0.0078558921814,1446
0.00795006752014,1445
0.00804305076599,1444
0.0081250667572,1443
0.00821495056152,1442
0.00830292701721,1441
0.00838398933411,1440
0.00852108001709,1439
0.00863695144653,1438
0.00875210762024,1437
0.00884008407593,1436
0.00895810127258,1435
0.00908303260803,1434
0.00921702384949,1433
0.00933790206909,1432
0.00949001312256,1431
0.00960493087769,1430
0.00973105430603,1429
0.00985503196716,1428
0.00996994972229,1427
0.0101408958435,1426
0.0103220939636,1425
0.01043009758,1424
0.0105679035187,1423
0.0106611251831,1422
0.0107629299164,1421
0.0109550952911,1420
0.0110709667206,1419
0.0113110542297,1418
0.0114150047302,1417
0.0114850997925,1416
0.0115849971771,1415
0.0116879940033,1414
0.0117950439453,1413
0.0118849277496,1412
0.0119469165802,1411
0.0120260715485,1410
0.0122339725494,1409
0.0122969150543,1408
0.0123610496521,1407
0.0124659538269,1406
0.0125501155853,1405
0.0126519203186,1404
0.0127470493317,1403
0.0128788948059,1402
0.0129899978638,1401
0.0130670070648,1400
0.0131831169128,1399
0.0132579803467,1398
0.0133481025696,1397
0.0134170055389,1396
0.0134711265564,1395
0.0135381221771,1394
0.0137240886688,1393
0.0139000415802,1392
0.0144650936127,1391
0.0146639347076,1390
0.0148150920868,1389
0.0149059295654,1388
0.0149619579315,1387
0.0151019096375,1386
0.0154359340668,1385
0.0156219005585,1384
0.0157880783081,1383
0.015909910202,1382
0.0160250663757,1381
0.0161249637604,1380
0.0163559913635,1379
0.0164561271667,1378
0.0166749954224,1377
0.0167489051819,1376
0.0168209075928,1375
0.0172579288483,1374
0.0174760818481,1373
0.0175380706787,1372
0.0176908969879,1371
0.017786026001,1370
0.0178549289703,1369
0.0179209709167,1368
0.0180959701538,1367
0.0182280540466,1366
0.0182909965515,1365
0.018532037735,1364
0.0186100006104,1363
0.0186970233917,1362
0.0188620090485,1361
0.0189049243927,1360
0.0193209648132,1359
0.0194230079651,1358
0.0198829174042,1357
0.0199649333954,1356
0.0201001167297,1355
0.0203061103821,1354
0.0203521251678,1353
0.0205099582672,1352
0.0205569267273,1351
0.0206470489502,1350
0.0207509994507,1349
0.0208270549774,1348
0.0209209918976,1347
0.0209789276123,1346
0.0211009979248,1345
0.0211849212646,1344
0.0213639736176,1343
0.0214910507202,1342
0.0215899944305,1341
0.0216600894928,1340
0.0217089653015,1339
0.0218551158905,1338
0.0219359397888,1337
0.0220060348511,1336
0.0221040248871,1335
0.0222189426422,1334
0.0223250389099,1333
0.0224509239197,1332
0.0227909088135,1331
0.0230860710144,1330
0.0233030319214,1329
0.023432970047,1328
0.0235660076141,1327
0.0237350463867,1326
0.0238819122314,1325
0.0239820480347,1324
0.0240840911865,1323
0.0241899490356,1322
0.0243940353394,1321
0.0246710777283,1320
0.0247468948364,1319
0.024943113327,1318
0.0251688957214,1317
0.0252599716187,1316
0.0255539417267,1315
0.0256450176239,1314
0.02570104599,1313
0.0260438919067,1312
0.0261158943176,1311
0.0261900424957,1310
0.0262780189514,1309
0.0263199806213,1308
0.0264101028442,1307
0.026477098465,1306
0.0265579223633,1305
0.026643037796,1304
0.0267970561981,1303
0.0268790721893,1302
0.026957988739,1301
0.0272469520569,1300
0.0273220539093,1299
0.0275630950928,1298
0.0277290344238,1297
0.0283861160278,1296
0.0286769866943,1295
0.0287339687347,1294
0.0290679931641,1293
0.0291509628296,1292
0.0292909145355,1291
0.0295610427856,1290
0.0297560691833,1289
0.0299639701843,1288
0.0302081108093,1287
0.0302619934082,1286
0.0303509235382,1285
0.0305609703064,1284
0.0306949615479,1283
0.0308089256287,1282
0.0308558940887,1281
0.0309150218964,1280
0.0309770107269,1279
0.0310909748077,1278
0.0312900543213,1277
0.0313808917999,1276
0.0314559936523,1275
0.0315549373627,1274
0.03160405159,1273
0.0316591262817,1272
0.0318219661713,1271
0.0319240093231,1270
0.0319900512695,1269
0.0320761203766,1268
0.0322749614716,1267
0.0324070453644,1266
0.0325560569763,1265
0.0326240062714,1264
0.0327100753784,1263
0.0329449176788,1262
0.0330319404602,1261
0.0331110954285,1260
0.033173084259,1259
0.0333530902863,1258
0.0334749221802,1257
0.0336151123047,1256
0.03373503685,1255
0.0338499546051,1254
0.0340158939362,1253
0.0340800285339,1252
0.0341720581055,1251
0.0342569351196,1250
0.0344429016113,1249
0.0345818996429,1248
0.0346751213074,1247
0.0347630977631,1246
0.0348379611969,1245
0.0349519252777,1244
0.0350589752197,1243
0.0352759361267,1242
0.0356130599976,1241
0.0356709957123,1240
0.0358490943909,1239
0.0359220504761,1238
0.0360400676727,1237
0.0362119674683,1236
0.036406993866,1235
0.036493062973,1234
0.0365600585938,1233
0.0366349220276,1232
0.0368309020996,1231
0.0370121002197,1230
0.0370819568634,1229
0.0371580123901,1228
0.0373020172119,1227
0.0374550819397,1226
0.0375270843506,1225
0.0376350879669,1224
0.0378561019897,1223
0.0380220413208,1222
0.0380790233612,1221
0.0381519794464,1220
0.03830909729,1219
0.0384109020233,1218
0.0387759208679,1217
0.0388979911804,1216
0.0392649173737,1215
0.0393590927124,1214
0.0394780635834,1213
0.0396349430084,1212
0.0398230552673,1211
0.0401511192322,1210
0.04039311409,1209
0.0404939651489,1208
0.0406401157379,1207
0.0409479141235,1206
0.0410249233246,1205
0.0413720607758,1204
0.0415060520172,1203
0.0418109893799,1202
0.0419039726257,1201
0.0423390865326,1200
0.0428149700165,1199
0.0433030128479,1198
0.043515920639,1197
0.0439040660858,1196
0.0439529418945,1195
0.0440189838409,1194
0.0441040992737,1193
0.0441648960114,1192
0.0442819595337,1191
0.0444090366364,1190
0.0446529388428,1189
0.0447070598602,1188
0.0447750091553,1187
0.0449368953705,1186
0.0450389385223,1185
0.0452079772949,1184
0.0452680587769,1183
0.0453879833221,1182
0.0454499721527,1181
0.0455129146576,1180
0.0456681251526,1179
0.0457711219788,1178
0.0459980964661,1177
0.0461111068726,1176
0.0462119579315,1175
0.0463600158691,1174
0.0464549064636,1173
0.0470249652863,1172
0.0472209453583,1171
0.0473051071167,1170
0.0474638938904,1169
0.0475580692291,1168
0.0479159355164,1167
0.0483050346375,1166
0.0484519004822,1165
0.0485439300537,1164
0.0485858917236,1163
0.0487370491028,1162
0.0489590167999,1161
0.0490310192108,1160
0.049418926239,1159
0.049497127533,1158
0.0497000217438,1157
0.0498099327087,1156
0.0501289367676,1155
0.0504701137543,1154
0.0505700111389,1153
0.0507221221924,1152
0.0507709980011,1151
0.0508959293365,1150
0.0509750843048,1149
0.0516200065613,1148
0.0518169403076,1147
0.0520050525665,1146
0.0528249740601,1145
0.053081035614,1144
0.053591966629,1143
0.0537021160126,1142
0.0538010597229,1141
0.0538530349731,1140
0.0539300441742,1139
0.0544550418854,1138
0.0545189380646,1137
0.0548119544983,1136
0.0549719333649,1135
0.0552339553833,1134
0.0557730197906,1133
0.0564970970154,1132
0.056706905365,1131
0.0573179721832,1130
0.0574560165405,1129
0.0578079223633,1128
0.057904958725,1127
0.0580079555511,1126
0.0585069656372,1125
0.0587570667267,1124
0.0589709281921,1123
0.0591471195221,1122
0.059583902359,1121
0.0600230693817,1120
0.0602729320526,1119
0.0605630874634,1118
0.0610349178314,1117
0.061399936676,1116
0.0617001056671,1115
0.0619230270386,1114
0.0620019435883,1113
0.0621469020844,1112
0.0623760223389,1111
0.0624260902405,1110
0.0626809597015,1109
0.0627880096436,1108
0.0630049705505,1107
0.0634970664978,1106
0.0635890960693,1105
0.0636880397797,1104
0.0638511180878,1103
0.0639281272888,1102
0.0641560554504,1101
0.0643289089203,1100
0.0643699169159,1099
0.0647420883179,1098
0.064934015274,1097
0.0649878978729,1096
0.0652360916138,1095
0.0655839443207,1094
0.0660510063171,1093
0.0661249160767,1092
0.0669140815735,1091
0.0670990943909,1090
0.0674650669098,1089
0.0675160884857,1088
0.0678761005402,1087
0.0682120323181,1086
0.0688560009003,1085
0.0691590309143,1084
0.0704860687256,1083
0.0705490112305,1082
0.0708270072937,1081
0.0709481239319,1080
0.0711150169373,1079
0.0713319778442,1078
0.0714490413666,1077
0.0717890262604,1076
0.0718491077423,1075
0.0723929405212,1074
0.072566986084,1073
0.0726380348206,1072
0.0737879276276,1071
0.0741150379181,1070
0.0749449729919,1069
0.075366973877,1068
0.0756759643555,1067
0.0757420063019,1066
0.076339006424,1065
0.0765841007233,1064
0.076651096344,1063
0.0768210887909,1062
0.0769550800323,1061
0.077810049057,1060
0.0793170928955,1059
0.0795059204102,1058
0.0798890590668,1057
0.0801079273224,1056
0.0802268981934,1055
0.0804541110992,1054
0.0805349349976,1053
0.0811469554901,1052
0.081237077713,1051
0.0823979377747,1050
0.0825979709625,1049
0.0831980705261,1048
0.0833101272583,1047
0.083573102951,1046
0.0837070941925,1045
0.0842969417572,1044
0.0849161148071,1043
0.0854680538177,1042
0.0855638980865,1041
0.0856819152832,1040
0.0858819484711,1039
0.0865330696106,1038
0.0872259140015,1037
0.087562084198,1036
0.0876529216766,1035
0.0889949798584,1034
0.0892550945282,1033
0.0912981033325,1032
0.0914380550385,1031
0.0915360450745,1030
0.0930440425873,1029
0.093523979187,1028
0.0936291217804,1027
0.0937159061432,1026
0.0938060283661,1025
0.0938839912415,1024
0.0939490795135,1023
0.0942349433899,1022
0.0951390266418,1021
0.0952439308167,1020
0.0957729816437,1019
0.0964438915253,1018
0.0967581272125,1017
0.0970048904419,1016
0.097109079361,1015
0.0973041057587,1014
0.0976240634918,1013
0.0977880954742,1012
0.0995960235596,1011
0.100555896759,1010
0.101264953613,1009
0.101468086243,1008
0.101931095123,1007
0.102179050446,1006
0.103492021561,1005
0.103739023209,1004
0.103792905807,1003
0.104234933853,1002
0.104814052582,1001
0.105540037155,1000
0.105741977692,999
0.105981111526,998
0.106596946716,997
0.107053041458,996
0.107135057449,995
0.107579946518,994
0.107737064362,993
0.10847401619,992
0.108675003052,991
0.108953952789,990
0.109069108963,989
0.109920024872,988
0.110347986221,987
0.110727071762,986
0.111067056656,985
0.111294031143,984
0.111615896225,983
0.111860990524,982
0.112123966217,981
0.112656116486,980
0.11323094368,979
0.113389015198,978
0.114367008209,977
0.115185976028,976
0.115367889404,975
0.115422010422,974
0.115788936615,973
0.116540908813,972
0.116704940796,971
0.117713928223,970
0.118631124496,969
0.119021892548,968
0.11909198761,967
0.119889974594,966
0.120620012283,965
0.120700120926,964
0.121459960938,963
0.122396945953,962
0.122483968735,961
0.123107910156,960
0.123558998108,959
0.123719930649,958
0.124639034271,957
0.125154972076,956
0.125220060349,955
0.125610113144,954
0.1258289814,953
0.126760005951,952
0.126955986023,951
0.127136945724,950
0.127378940582,949
0.128268003464,948
0.128369092941,947
0.128535032272,946
0.128709077835,945
0.129663944244,944
0.130537986755,943
0.130615949631,942
0.13397192955,941
0.134236097336,940
0.134485006332,939
0.13453912735,938
0.134707927704,937
0.13571190834,936
0.135840892792,935
0.135890960693,934
0.136426925659,933
0.136935949326,932
0.13800406456,931
0.138185024261,930
0.138952970505,929
0.139802932739,928
0.141205072403,927
0.141367912292,926
0.142046928406,925
0.267838001251,924
0.268090009689,923
0.26939201355,922
0.26975107193,921
0.274954080582,920
0.401499032974,919
0.402151107788,918
0.403698921204,917
0.404069900513,916
0.799319982529,915
0.803232908249,914
0.805021047592,913
0.953386068344,912
0.954806089401,911
1.10560703278,910
1.10649704933,909
1.10848999023,908
1.2400970459,907
1.24247789383,906
1.24258804321,905
1.37417006493,904
2.02806806564,903
2.20113897324,902
