0.00585985183716,1460
0.00605082511902,1459
0.00616002082825,1458
0.00627493858337,1457
0.00638794898987,1456
0.00647783279419,1455
0.00661182403564,1454
0.00670504570007,1453
0.00676703453064,1452
0.00687289237976,1451
0.00698590278625,1450
0.00709295272827,1449
0.00723099708557,1448
0.00736093521118,1447
0.00744891166687,1446
0.00755405426025,1445
0.00766897201538,1444
0.00780701637268,1443
0.00788903236389,1442
0.0080099105835,1441
0.0081729888916,1440
0.00828790664673,1439
0.00846791267395,1438
0.00852704048157,1437
0.00858497619629,1436
0.00874900817871,1435
0.00882482528687,1434
0.00908803939819,1433
0.00918292999268,1432
0.00935101509094,1431
0.00958490371704,1430
0.00973296165466,1429
0.0098659992218,1428
0.00996899604797,1427
0.0100288391113,1426
0.0101149082184,1425
0.0102870464325,1424
0.0104188919067,1423
0.0104990005493,1422
0.0106189250946,1421
0.0107359886169,1420
0.0108559131622,1419
0.0110669136047,1418
0.0111320018768,1417
0.0112218856812,1416
0.0113589763641,1415
0.0116438865662,1414
0.011745929718,1413
0.0118169784546,1412
0.0119228363037,1411
0.0120389461517,1410
0.0122249126434,1409
0.0123419761658,1408
0.0124049186707,1407
0.0126619338989,1406
0.0127489566803,1405
0.0128259658813,1404
0.0129690170288,1403
0.0131738185883,1402
0.0132448673248,1401
0.0133059024811,1400
0.0135078430176,1399
0.0135998725891,1398
0.0137078762054,1397
0.0138909816742,1396
0.0140190124512,1395
0.0140998363495,1394
0.0141940116882,1393
0.0144529342651,1392
0.0146629810333,1391
0.0147440433502,1390
0.0150308609009,1389
0.0151689052582,1388
0.0154550075531,1387
0.0155339241028,1386
0.0156259536743,1385
0.0157799720764,1384
0.0158529281616,1383
0.0159828662872,1382
0.0160548686981,1381
0.0161988735199,1380
0.016263961792,1379
0.0164778232574,1378
0.0166380405426,1377
0.0167698860168,1376
0.0168929100037,1375
0.017009973526,1374
0.0170798301697,1373
0.0171458721161,1372
0.0172049999237,1371
0.0172688961029,1370
0.0173349380493,1369
0.0173900127411,1368
0.0175180435181,1367
0.0176589488983,1366
0.0177810192108,1365
0.0179200172424,1364
0.0180079936981,1363
0.0181579589844,1362
0.0183348655701,1361
0.0184509754181,1360
0.0185370445251,1359
0.018816947937,1358
0.0188899040222,1357
0.0189669132233,1356
0.0190768241882,1355
0.019278049469,1354
0.0194799900055,1353
0.0195398330688,1352
0.0196540355682,1351
0.0196979045868,1350
0.0198459625244,1349
0.0199680328369,1348
0.0202708244324,1347
0.0205478668213,1346
0.0206179618835,1345
0.0207159519196,1344
0.0209329128265,1343
0.0210258960724,1342
0.0212318897247,1341
0.0212738513947,1340
0.0213370323181,1339
0.0215668678284,1338
0.0217978954315,1337
0.0218629837036,1336
0.0221049785614,1335
0.0222799777985,1334
0.0223679542542,1333
0.0226898193359,1332
0.0228419303894,1331
0.0229349136353,1330
0.0230100154877,1329
0.023097038269,1328
0.0231850147247,1327
0.0232558250427,1326
0.0234098434448,1325
0.023640871048,1324
0.0237648487091,1323
0.0239248275757,1322
0.0239708423615,1321
0.0240390300751,1320
0.0241479873657,1319
0.0242059230804,1318
0.0243978500366,1317
0.024463891983,1316
0.0246329307556,1315
0.0247409343719,1314
0.0252928733826,1313
0.0253608226776,1312
0.0254468917847,1311
0.0255069732666,1310
0.025622844696,1309
0.025682926178,1308
0.0258829593658,1307
0.0259628295898,1306
0.0260238647461,1305
0.0263438224792,1304
0.0263879299164,1303
0.026487827301,1302
0.0265958309174,1301
0.026664018631,1300
0.026713848114,1299
0.0268290042877,1298
0.026967048645,1297
0.0270228385925,1296
0.0271890163422,1295
0.0272438526154,1294
0.0273258686066,1293
0.0274348258972,1292
0.0275089740753,1291
0.0276098251343,1290
0.0277719497681,1289
0.0278859138489,1288
0.0279660224915,1287
0.0280380249023,1286
0.0282289981842,1285
0.0283679962158,1284
0.0284090042114,1283
0.0285558700562,1282
0.0286190509796,1281
0.0287199020386,1280
0.0289509296417,1279
0.0290479660034,1278
0.0291390419006,1277
0.0292029380798,1276
0.0293998718262,1275
0.0295808315277,1274
0.0296468734741,1273
0.0297889709473,1272
0.0299479961395,1271
0.0302460193634,1270
0.0303330421448,1269
0.030613899231,1268
0.0306768417358,1267
0.0307228565216,1266
0.0309338569641,1265
0.0311579704285,1264
0.0312588214874,1263
0.0313239097595,1262
0.0316228866577,1261
0.0317139625549,1260
0.031769990921,1259
0.0319490432739,1258
0.0320219993591,1257
0.0320808887482,1256
0.0322070121765,1255
0.0326449871063,1254
0.032693862915,1253
0.0328009128571,1252
0.0328860282898,1251
0.0329899787903,1250
0.0330519676208,1249
0.0331170558929,1248
0.0332038402557,1247
0.0332798957825,1246
0.0335469245911,1245
0.0337488651276,1244
0.033812046051,1243
0.0340468883514,1242
0.0342090129852,1241
0.0349669456482,1240
0.035178899765,1239
0.0355758666992,1238
0.0356228351593,1237
0.0357480049133,1236
0.0359728336334,1235
0.0363168716431,1234
0.0364699363708,1233
0.0365550518036,1232
0.0366940498352,1231
0.0367739200592,1230
0.037220954895,1229
0.0373518466949,1228
0.0374610424042,1227
0.0379049777985,1226
0.0380229949951,1225
0.0382490158081,1224
0.0384728908539,1223
0.0385420322418,1222
0.0386860370636,1221
0.0391089916229,1220
0.0395720005035,1219
0.0396549701691,1218
0.0398440361023,1217
0.0399148464203,1216
0.0400140285492,1215
0.0401408672333,1214
0.0402138233185,1213
0.0404329299927,1212
0.0405669212341,1211
0.0407450199127,1210
0.0411598682404,1209
0.041200876236,1208
0.0414688587189,1207
0.04159283638,1206
0.0418608188629,1205
0.0421030521393,1204
0.0423049926758,1203
0.042543888092,1202
0.042769908905,1201
0.043417930603,1200
0.0436599254608,1199
0.0438089370728,1198
0.0441410541534,1197
0.0442910194397,1196
0.0443530082703,1195
0.0445909500122,1194
0.0448989868164,1193
0.0449879169464,1192
0.0451028347015,1191
0.0452208518982,1190
0.0453238487244,1189
0.0454080104828,1188
0.0455088615417,1187
0.0455858707428,1186
0.0457570552826,1185
0.0458698272705,1184
0.0459640026093,1183
0.0464398860931,1182
0.0466899871826,1181
0.046758890152,1180
0.0470449924469,1179
0.0472128391266,1178
0.0473330020905,1177
0.0478529930115,1176
0.0479488372803,1175
0.0482578277588,1174
0.0486669540405,1173
0.0488209724426,1172
0.0494129657745,1171
0.0495109558105,1170
0.0497930049896,1169
0.0499749183655,1168
0.050078868866,1167
0.0504379272461,1166
0.0505359172821,1165
0.0508248806,1164
0.0511889457703,1163
0.051332950592,1162
0.0516369342804,1161
0.0517220497131,1160
0.0521619319916,1159
0.0524120330811,1158
0.052453994751,1157
0.0527029037476,1156
0.0528140068054,1155
0.0534739494324,1154
0.0535759925842,1153
0.0536539554596,1152
0.0538029670715,1151
0.0539448261261,1150
0.0541429519653,1149
0.0549108982086,1148
0.0551760196686,1147
0.0555109977722,1146
0.0555520057678,1145
0.0562288761139,1144
0.056352853775,1143
0.056519985199,1142
0.056921005249,1141
0.0572049617767,1140
0.0573649406433,1139
0.0580580234528,1138
0.0582540035248,1137
0.0583610534668,1136
0.0584859848022,1135
0.0585958957672,1134
0.0587530136108,1133
0.0588159561157,1132
0.0592019557953,1131
0.0594308376312,1130
0.0599138736725,1129
0.060448884964,1128
0.0611689090729,1127
0.0614199638367,1126
0.0615139007568,1125
0.0616040229797,1124
0.0616798400879,1123
0.0618238449097,1122
0.0620310306549,1121
0.0624029636383,1120
0.0625200271606,1119
0.0630369186401,1118
0.0631349086761,1117
0.063570022583,1116
0.0638539791107,1115
0.0639638900757,1114
0.0640408992767,1113
0.0642349720001,1112
0.0644669532776,1111
0.0647850036621,1110
0.0648539066315,1109
0.0650570392609,1108
0.0651159286499,1107
0.0652029514313,1106
0.0652630329132,1105
0.0654819011688,1104
0.0655629634857,1103
0.0658550262451,1102
0.0660488605499,1101
0.0661468505859,1100
0.0669188499451,1099
0.0670158863068,1098
0.0671539306641,1097
0.0680890083313,1096
0.0683059692383,1095
0.0688378810883,1094
0.0692739486694,1093
0.0698618888855,1092
0.0701079368591,1091
0.0703320503235,1090
0.070396900177,1089
0.0713198184967,1088
0.0714089870453,1087
0.071506023407,1086
0.0717539787292,1085
0.072135925293,1084
0.0722908973694,1083
0.0733389854431,1082
0.0737178325653,1081
0.0745978355408,1080
0.0747268199921,1079
0.0748138427734,1078
0.074991941452,1077
0.0753128528595,1076
0.0754089355469,1075
0.0758628845215,1074
0.0760378837585,1073
0.0763740539551,1072
0.0776040554047,1071
0.0779099464417,1070
0.0783679485321,1069
0.0785019397736,1068
0.0792059898376,1067
0.0793099403381,1066
0.0799338817596,1065
0.0802838802338,1064
0.080540895462,1063
0.081337928772,1062
0.081750869751,1061
0.0822720527649,1060
0.0824890136719,1059
0.0828330516815,1058
0.0835978984833,1057
0.0838160514832,1056
0.0840220451355,1055
0.0846118927002,1054
0.0846979618073,1053
0.0848648548126,1052
0.0852599143982,1051
0.0860159397125,1050
0.0860939025879,1049
0.0861718654633,1048
0.0872719287872,1047
0.087317943573,1046
0.0874488353729,1045
0.0875189304352,1044
0.087730884552,1043
0.0878338813782,1042
0.0878930091858,1041
0.088348865509,1040
0.0885679721832,1039
0.0888359546661,1038
0.0889918804169,1037
0.0892050266266,1036
0.0896830558777,1035
0.0905029773712,1034
0.0909328460693,1033
0.0911729335785,1032
0.0912129878998,1031
0.0914928913116,1030
0.0915999412537,1029
0.0916559696198,1028
0.091737985611,1027
0.0926380157471,1026
0.0929439067841,1025
0.0932219028473,1024
0.0935418605804,1023
0.0938248634338,1022
0.0938999652863,1021
0.0945389270782,1020
0.0952138900757,1019
0.0953068733215,1018
0.095803976059,1017
0.0959279537201,1016
0.0961639881134,1015
0.0962958335876,1014
0.096559047699,1013
0.0970759391785,1012
0.0980529785156,1011
0.0982348918915,1010
0.0985388755798,1009
0.0986499786377,1008
0.0990760326385,1007
0.0992279052734,1006
0.099545955658,1005
0.0998129844666,1004
0.100124835968,1003
0.100978851318,1002
0.101366043091,1001
0.101541996002,1000
0.101699829102,999
0.102246046066,998
0.102628946304,997
0.102762937546,996
0.102808952332,995
0.10302901268,994
0.103171825409,993
0.103456020355,992
0.104600906372,991
0.105167865753,990
0.105684995651,989
0.105980873108,988
0.106571912766,987
0.106935977936,986
0.107480049133,985
0.107802867889,984
0.10803103447,983
0.10980796814,982
0.110328912735,981
0.110430002213,980
0.111042976379,979
0.111385822296,978
0.111522912979,977
0.112220048904,976
0.113849878311,975
0.114882946014,974
0.115031003952,973
0.115210056305,972
0.115849971771,971
0.115996837616,970
0.119225025177,969
0.119772911072,968
0.120389938354,967
0.120786905289,966
0.121428966522,965
0.121728897095,964
0.121795892715,963
0.122151851654,962
0.122225999832,961
0.122490882874,960
0.123070001602,959
0.123111963272,958
0.123217821121,957
0.123342990875,956
0.123664855957,955
0.124126911163,954
0.124752998352,953
0.125254869461,952
0.125663042068,951
0.126349925995,950
0.126395940781,949
0.126451969147,948
0.126739025116,947
0.126883983612,946
0.12969994545,945
0.129856824875,944
0.130172967911,943
0.130954027176,942
0.131052017212,941
0.13182091713,940
0.13262796402,939
0.132767915726,938
0.133280992508,937
0.134474039078,936
0.134544849396,935
0.134918928146,934
0.135237932205,933
0.135887861252,932
0.137135028839,931
0.137547969818,930
0.137766838074,929
0.137821912766,928
0.138470888138,927
0.139706850052,926
0.140944957733,925
0.141154050827,924
0.141311883926,923
0.141556978226,922
0.141764879227,921
0.14191198349,920
0.142246961594,919
0.142827987671,918
0.143095016479,917
0.267631053925,916
0.270752906799,915
0.392407894135,914
0.396193981171,913
0.400959014893,912
0.404829025269,911
0.4113240242,910
0.553360939026,909
0.554446935654,908
0.554875850677,907
0.713549852371,906
0.847513914108,905
1.50094604492,904
1.77908682823,903
1.92632484436,902
