0.0269470214844,1460
0.0270810127258,1459
0.0271520614624,1458
0.0272331237793,1457
0.0273089408875,1456
0.0273871421814,1455
0.0275070667267,1454
0.0275840759277,1453
0.0276429653168,1452
0.0277519226074,1451
0.0278840065002,1450
0.0280389785767,1449
0.028167963028,1448
0.0282649993896,1447
0.0283629894257,1446
0.0284569263458,1445
0.0286440849304,1444
0.0287449359894,1443
0.0288090705872,1442
0.0289130210876,1441
0.0289721488953,1440
0.0290341377258,1439
0.0290970802307,1438
0.0291719436646,1437
0.0292401313782,1436
0.0293130874634,1435
0.0294260978699,1434
0.0295391082764,1433
0.0296580791473,1432
0.0297651290894,1431
0.0298471450806,1430
0.0300710201263,1429
0.0301649570465,1428
0.0302979946136,1427
0.0303781032562,1426
0.03049492836,1425
0.0305619239807,1424
0.0306439399719,1423
0.0308201313019,1422
0.0309391021729,1421
0.0310361385345,1420
0.0311241149902,1419
0.0312211513519,1418
0.0313110351562,1417
0.0315251350403,1416
0.0315990447998,1415
0.0318219661713,1414
0.031888961792,1413
0.0321481227875,1412
0.0322079658508,1411
0.0322780609131,1410
0.0324840545654,1409
0.0326309204102,1408
0.0327241420746,1407
0.0328330993652,1406
0.0329790115356,1405
0.033075094223,1404
0.0332639217377,1403
0.0333769321442,1402
0.0334920883179,1401
0.0335600376129,1400
0.0336670875549,1399
0.0337390899658,1398
0.033793926239,1397
0.0338759422302,1396
0.0339560508728,1395
0.0340549945831,1394
0.0341241359711,1393
0.0342829227448,1392
0.0343811511993,1391
0.0345630645752,1390
0.0346341133118,1389
0.0346901416779,1388
0.0348610877991,1387
0.0349309444427,1386
0.0351419448853,1385
0.035227060318,1384
0.0353209972382,1383
0.0354270935059,1382
0.0355169773102,1381
0.0355970859528,1380
0.0357511043549,1379
0.035875082016,1378
0.0359990596771,1377
0.0362470149994,1376
0.0363440513611,1375
0.0364661216736,1374
0.0365641117096,1373
0.036651134491,1372
0.0367469787598,1371
0.0368361473083,1370
0.0369939804077,1369
0.0370919704437,1368
0.0371949672699,1367
0.0372841358185,1366
0.0374660491943,1365
0.0375890731812,1364
0.0376710891724,1363
0.0377421379089,1362
0.0377929210663,1361
0.0379729270935,1360
0.0380980968475,1359
0.0381569862366,1358
0.0382521152496,1357
0.0384330749512,1356
0.0384790897369,1355
0.0386159420013,1354
0.0386681556702,1353
0.0387251377106,1352
0.0388331413269,1351
0.0389180183411,1350
0.0389959812164,1349
0.0391049385071,1348
0.0392451286316,1347
0.0393741130829,1346
0.0394361019135,1345
0.0398011207581,1344
0.0400590896606,1343
0.040146112442,1342
0.0403461456299,1341
0.0404450893402,1340
0.0406799316406,1339
0.0407829284668,1338
0.0408720970154,1337
0.0410079956055,1336
0.0411510467529,1335
0.0412950515747,1334
0.0414490699768,1333
0.0415499210358,1332
0.0417881011963,1331
0.042072057724,1330
0.0421669483185,1329
0.0423290729523,1328
0.042407989502,1327
0.0425140857697,1326
0.0425550937653,1325
0.0426270961761,1324
0.0427920818329,1323
0.0428490638733,1322
0.0429980754852,1321
0.0430769920349,1320
0.0433320999146,1319
0.043478012085,1318
0.0435199737549,1317
0.0437660217285,1316
0.04381108284,1315
0.0438749790192,1314
0.0439960956573,1313
0.0441539287567,1312
0.0443420410156,1311
0.0444419384003,1310
0.0446219444275,1309
0.0447750091553,1308
0.0448751449585,1307
0.0451059341431,1306
0.0452029705048,1305
0.0453259944916,1304
0.0454111099243,1303
0.0455329418182,1302
0.0456130504608,1301
0.0457000732422,1300
0.0457870960236,1299
0.0460360050201,1298
0.0461750030518,1297
0.0462610721588,1296
0.0463931560516,1295
0.0464820861816,1294
0.046581029892,1293
0.0466940402985,1292
0.0467851161957,1291
0.0469989776611,1290
0.0471000671387,1289
0.0471699237823,1288
0.0474820137024,1287
0.0477089881897,1286
0.0478410720825,1285
0.0480229854584,1284
0.0481269359589,1283
0.0482289791107,1282
0.048406124115,1281
0.0485270023346,1280
0.0486099720001,1279
0.0486960411072,1278
0.0487871170044,1277
0.0489699840546,1276
0.0490591526031,1275
0.0491299629211,1274
0.0492861270905,1273
0.0493359565735,1272
0.0494120121002,1271
0.049467086792,1270
0.0498850345612,1269
0.0500061511993,1268
0.0500609874725,1267
0.0506761074066,1266
0.0507819652557,1265
0.0511720180511,1264
0.0516440868378,1263
0.0519149303436,1262
0.052001953125,1261
0.0523290634155,1260
0.0525860786438,1259
0.0527341365814,1258
0.0529389381409,1257
0.0530941486359,1256
0.0531740188599,1255
0.0532820224762,1254
0.053416967392,1253
0.0535180568695,1252
0.0538430213928,1251
0.0539081096649,1250
0.0539691448212,1249
0.0541350841522,1248
0.0542349815369,1247
0.0544891357422,1246
0.0545921325684,1245
0.0549221038818,1244
0.0550119876862,1243
0.0552899837494,1242
0.0553820133209,1241
0.0554871559143,1240
0.0557341575623,1239
0.0562009811401,1238
0.0562880039215,1237
0.0564000606537,1236
0.0564551353455,1235
0.0565359592438,1234
0.0566320419312,1233
0.0567889213562,1232
0.0568640232086,1231
0.0569190979004,1230
0.0572350025177,1229
0.0573580265045,1228
0.0575261116028,1227
0.0577321052551,1226
0.0578320026398,1225
0.0579891204834,1224
0.0581710338593,1223
0.0584700107574,1222
0.0587470531464,1221
0.0589439868927,1220
0.0591061115265,1219
0.0592219829559,1218
0.0593340396881,1217
0.0602090358734,1216
0.060359954834,1215
0.060595035553,1214
0.0607011318207,1213
0.0608260631561,1212
0.0610771179199,1211
0.0614681243896,1210
0.0617589950562,1209
0.0618600845337,1208
0.0619361400604,1207
0.0621409416199,1206
0.0623500347137,1205
0.0624079704285,1204
0.0625460147858,1203
0.0632219314575,1202
0.0633499622345,1201
0.0634560585022,1200
0.0635919570923,1199
0.0637099742889,1198
0.0640249252319,1197
0.0641610622406,1196
0.0644199848175,1195
0.0646171569824,1194
0.0647389888763,1193
0.0654010772705,1192
0.065572977066,1191
0.0657320022583,1190
0.0659849643707,1189
0.0662801265717,1188
0.0663549900055,1187
0.0664350986481,1186
0.0664811134338,1185
0.0665400028229,1184
0.0667560100555,1183
0.0671939849854,1182
0.0673201084137,1181
0.0676081180573,1180
0.0677559375763,1179
0.0684449672699,1178
0.0687870979309,1177
0.0689311027527,1176
0.069146156311,1175
0.0696139335632,1174
0.0706789493561,1173
0.0709459781647,1172
0.0710380077362,1171
0.0711960792542,1170
0.0713429450989,1169
0.0717921257019,1168
0.0719339847565,1167
0.0721080303192,1166
0.0721800327301,1165
0.0724790096283,1164
0.0725250244141,1163
0.0730209350586,1162
0.0735001564026,1161
0.0737190246582,1160
0.0737791061401,1159
0.0739419460297,1158
0.0741701126099,1157
0.0742111206055,1156
0.0743010044098,1155
0.0745949745178,1154
0.0748870372772,1153
0.0750300884247,1152
0.075345993042,1151
0.0754940509796,1150
0.0756311416626,1149
0.0759060382843,1148
0.076611995697,1147
0.0766830444336,1146
0.0767869949341,1145
0.076975107193,1144
0.0777940750122,1143
0.0781049728394,1142
0.0788519382477,1141
0.0793399810791,1140
0.0796239376068,1139
0.0798239707947,1138
0.079931974411,1137
0.0802450180054,1136
0.0803451538086,1135
0.0806379318237,1134
0.080775976181,1133
0.0815000534058,1132
0.0816049575806,1131
0.081876039505,1130
0.0823540687561,1129
0.0825181007385,1128
0.0826139450073,1127
0.083261013031,1126
0.0836019515991,1125
0.0843851566315,1124
0.0844640731812,1123
0.0847611427307,1122
0.084892988205,1121
0.0849900245667,1120
0.0850720405579,1119
0.0852880477905,1118
0.0854201316833,1117
0.085911989212,1116
0.0870499610901,1115
0.0875380039215,1114
0.0876159667969,1113
0.088406085968,1112
0.0886449813843,1111
0.0893869400024,1110
0.0894320011139,1109
0.0896940231323,1108
0.0897841453552,1107
0.089851140976,1106
0.0900530815125,1105
0.0902450084686,1104
0.0903460979462,1103
0.090842962265,1102
0.0920059680939,1101
0.0924780368805,1100
0.0929851531982,1099
0.0938680171967,1098
0.094006061554,1097
0.0942010879517,1096
0.0943441390991,1095
0.0944340229034,1094
0.09450507164,1093
0.0947561264038,1092
0.0948841571808,1091
0.0950500965118,1090
0.0952270030975,1089
0.095822095871,1088
0.0960829257965,1087
0.0970470905304,1086
0.0974159240723,1085
0.0980241298676,1084
0.0986411571503,1083
0.0988669395447,1082
0.099641084671,1081
0.0997259616852,1080
0.100852966309,1079
0.101470947266,1078
0.101722002029,1077
0.101809978485,1076
0.102900028229,1075
0.103073120117,1074
0.103554010391,1073
0.103626966476,1072
0.103718996048,1071
0.104277133942,1070
0.104573965073,1069
0.104778051376,1068
0.1051030159,1067
0.105906009674,1066
0.106298923492,1065
0.106373071671,1064
0.106596946716,1063
0.106676101685,1062
0.106845140457,1061
0.107306957245,1060
0.108029127121,1059
0.108469963074,1058
0.108603954315,1057
0.108737945557,1056
0.109097957611,1055
0.110556125641,1054
0.11076593399,1053
0.111372947693,1052
0.111602067947,1051
0.112703084946,1050
0.113448143005,1049
0.114653110504,1048
0.11741399765,1047
0.117476940155,1046
0.117843151093,1045
0.117974996567,1044
0.118402957916,1043
0.1186439991,1042
0.118731975555,1041
0.119225025177,1040
0.119771957397,1039
0.120022058487,1038
0.121365070343,1037
0.121636152267,1036
0.122529983521,1035
0.122697114944,1034
0.122776031494,1033
0.123507022858,1032
0.123821973801,1031
0.125146150589,1030
0.125950098038,1029
0.126191139221,1028
0.126708984375,1027
0.127108097076,1026
0.127305030823,1025
0.128837108612,1024
0.128937959671,1023
0.129182100296,1022
0.129580020905,1021
0.129747152328,1020
0.130169153214,1019
0.130223989487,1018
0.130764961243,1017
0.131070137024,1016
0.131325960159,1015
0.131576061249,1014
0.131745100021,1013
0.133661985397,1012
0.134144067764,1011
0.134282112122,1010
0.134721040726,1009
0.135235071182,1008
0.136004924774,1007
0.136239051819,1006
0.136485099792,1005
0.136552095413,1004
0.136943101883,1003
0.137181997299,1002
0.137975931168,1001
0.138031005859,1000
0.138126134872,999
0.138844966888,998
0.139631032944,997
0.139863967896,996
0.140144109726,995
0.140587091446,994
0.140828132629,993
0.14111495018,992
0.141539096832,991
0.141741991043,990
0.141793966293,989
0.141886949539,988
0.142992973328,987
0.143190145493,986
0.143387079239,985
0.143531084061,984
0.144464969635,983
0.145168066025,982
0.146019935608,981
0.146572113037,980
0.14691400528,979
0.14745593071,978
0.147706031799,977
0.148328065872,976
0.149479150772,975
0.149877071381,974
0.150738954544,973
0.150829076767,972
0.151047945023,971
0.151134967804,970
0.151371002197,969
0.151551008224,968
0.151801109314,967
0.152141094208,966
0.152181148529,965
0.153655052185,964
0.153896093369,963
0.154320001602,962
0.154396057129,961
0.155502080917,960
0.155581951141,959
0.156579017639,958
0.156649112701,957
0.157037973404,956
0.157371997833,955
0.157449960709,954
0.158168077469,953
0.15860414505,952
0.158982992172,951
0.159950971603,950
0.160668134689,949
0.161229133606,948
0.161271095276,947
0.161376953125,946
0.161575078964,945
0.162068128586,944
0.162260055542,943
0.162436008453,942
0.162563085556,941
0.162855148315,940
0.164052009583,939
0.164090156555,938
0.165391921997,937
0.165461063385,936
0.166418075562,935
0.16686797142,934
0.167832136154,933
0.167943954468,932
0.168009996414,931
0.168231964111,930
0.168627977371,929
0.168810129166,928
0.170979976654,927
0.171900987625,926
0.17259311676,925
0.174582004547,924
0.174873113632,923
0.17507815361,922
0.175259113312,921
0.303344011307,920
0.435315132141,919
0.435451030731,918
0.679681062698,917
0.686594963074,916
0.690891981125,915
0.696295022964,914
0.829798936844,913
0.960320949554,912
1.22743010521,911
1.22992396355,910
1.23098301888,909
1.23135614395,908
1.23267197609,907
1.49756097794,906
1.49957513809,905
2.75559711456,904
