0.00775790214539,1460
0.00787591934204,1459
0.0079939365387,1458
0.00805902481079,1457
0.00821399688721,1456
0.00831389427185,1455
0.00844097137451,1454
0.00856685638428,1453
0.0086829662323,1452
0.00878000259399,1451
0.00890207290649,1450
0.00899386405945,1449
0.00914692878723,1448
0.00927901268005,1447
0.00934886932373,1446
0.00943088531494,1445
0.00954484939575,1444
0.00961089134216,1443
0.00973391532898,1442
0.00980997085571,1441
0.00992894172668,1440
0.0100519657135,1439
0.0101180076599,1438
0.010204076767,1437
0.010390996933,1436
0.0104548931122,1435
0.0105249881744,1434
0.0106818675995,1433
0.0107669830322,1432
0.0108258724213,1431
0.0108878612518,1430
0.0109560489655,1429
0.0110120773315,1428
0.0111179351807,1427
0.0112419128418,1426
0.0113248825073,1425
0.0114450454712,1424
0.0115220546722,1423
0.0116589069366,1422
0.0117728710175,1421
0.0118520259857,1420
0.0119149684906,1419
0.0121178627014,1418
0.0122380256653,1417
0.0123469829559,1416
0.0125510692596,1415
0.0127160549164,1414
0.0128848552704,1413
0.0130350589752,1412
0.0131170749664,1411
0.0132348537445,1410
0.0133049488068,1409
0.0134348869324,1408
0.0135178565979,1407
0.0135869979858,1406
0.0137078762054,1405
0.0137829780579,1404
0.0138959884644,1403
0.0140080451965,1402
0.0141408443451,1401
0.0142078399658,1400
0.014328956604,1399
0.0144150257111,1398
0.0145559310913,1397
0.0146279335022,1396
0.0149509906769,1395
0.0150740146637,1394
0.0151569843292,1393
0.015212059021,1392
0.0153028964996,1391
0.0153770446777,1390
0.0154809951782,1389
0.015585899353,1388
0.0157089233398,1387
0.0159149169922,1386
0.0161218643188,1385
0.0162229537964,1384
0.016480922699,1383
0.0165839195251,1382
0.0168099403381,1381
0.0169188976288,1380
0.0170018672943,1379
0.0172009468079,1378
0.0172710418701,1377
0.0175030231476,1376
0.0176169872284,1375
0.0177400112152,1374
0.0178618431091,1373
0.0179779529572,1372
0.0182430744171,1371
0.0186438560486,1370
0.0188660621643,1369
0.0192849636078,1368
0.0194890499115,1367
0.0196778774261,1366
0.0197849273682,1365
0.0198829174042,1364
0.0201230049133,1363
0.0203418731689,1362
0.0204429626465,1361
0.0206029415131,1360
0.0206849575043,1359
0.0207679271698,1358
0.0208969116211,1357
0.021054983139,1356
0.0211410522461,1355
0.0213930606842,1354
0.0214939117432,1353
0.0216789245605,1352
0.0218629837036,1351
0.0220930576324,1350
0.0221660137177,1349
0.0222668647766,1348
0.0224080085754,1347
0.0225348472595,1346
0.0226418972015,1345
0.0227210521698,1344
0.0228688716888,1343
0.0229170322418,1342
0.0230619907379,1341
0.0232388973236,1340
0.0234458446503,1339
0.0236189365387,1338
0.0237028598785,1337
0.0238039493561,1336
0.0239670276642,1335
0.0240440368652,1334
0.0241589546204,1333
0.0242509841919,1332
0.0243299007416,1331
0.0244119167328,1330
0.0246188640594,1329
0.0247700214386,1328
0.0248370170593,1327
0.0249059200287,1326
0.0251560211182,1325
0.0252668857574,1324
0.025377035141,1323
0.0255100727081,1322
0.0256278514862,1321
0.0256750583649,1320
0.0258638858795,1319
0.0259189605713,1318
0.0263688564301,1317
0.0267388820648,1316
0.0269460678101,1315
0.0270829200745,1314
0.0271389484406,1313
0.0274569988251,1312
0.027508020401,1311
0.0276498794556,1310
0.0278289318085,1309
0.027902841568,1308
0.0279760360718,1307
0.0280649662018,1306
0.028205871582,1305
0.0282549858093,1304
0.0284469127655,1303
0.0285530090332,1302
0.0287539958954,1301
0.0289099216461,1300
0.0289669036865,1299
0.0292370319366,1298
0.0293319225311,1297
0.0294189453125,1296
0.0294849872589,1295
0.0295579433441,1294
0.0297679901123,1293
0.0299370288849,1292
0.0300209522247,1291
0.0301508903503,1290
0.0301940441132,1289
0.0302710533142,1288
0.0303928852081,1287
0.0306298732758,1286
0.0308599472046,1285
0.0310189723969,1284
0.0311329364777,1283
0.0312418937683,1282
0.0313339233398,1281
0.0314309597015,1280
0.0315029621124,1279
0.0316519737244,1278
0.0317399501801,1277
0.0319550037384,1276
0.0321218967438,1275
0.032212972641,1274
0.0323069095612,1273
0.0324048995972,1272
0.0325100421906,1271
0.0331680774689,1270
0.0333709716797,1269
0.0334599018097,1268
0.0337388515472,1267
0.0338819026947,1266
0.0341420173645,1265
0.0341968536377,1264
0.034726858139,1263
0.0348460674286,1262
0.0349638462067,1261
0.0350639820099,1260
0.0354058742523,1259
0.0354869365692,1258
0.0357708930969,1257
0.0358200073242,1256
0.0360898971558,1255
0.0362658500671,1254
0.0363669395447,1253
0.0367639064789,1252
0.0369389057159,1251
0.0369830131531,1250
0.0372979640961,1249
0.0376369953156,1248
0.0379989147186,1247
0.0381109714508,1246
0.0383050441742,1245
0.0384080410004,1244
0.0387790203094,1243
0.0389518737793,1242
0.0395419597626,1241
0.03972697258,1240
0.0399630069733,1239
0.0406320095062,1238
0.0407619476318,1237
0.040864944458,1236
0.0410840511322,1235
0.0411670207977,1234
0.0412380695343,1233
0.0416970252991,1232
0.0418410301208,1231
0.0430560112,1230
0.043319940567,1229
0.043536901474,1228
0.0438480377197,1227
0.0438978672028,1226
0.0440368652344,1225
0.0441389083862,1224
0.0442259311676,1223
0.0446379184723,1222
0.0448019504547,1221
0.044951915741,1220
0.0450348854065,1219
0.0451400279999,1218
0.0454540252686,1217
0.045608997345,1216
0.0456829071045,1215
0.0457739830017,1214
0.0458459854126,1213
0.0459759235382,1212
0.0460870265961,1211
0.0461719036102,1210
0.0464298725128,1209
0.0465168952942,1208
0.0466170310974,1207
0.0468158721924,1206
0.0468759536743,1205
0.0470190048218,1204
0.0471658706665,1203
0.047385931015,1202
0.0475568771362,1201
0.0480818748474,1200
0.0482630729675,1199
0.048572063446,1198
0.0488948822021,1197
0.0490019321442,1196
0.0491690635681,1195
0.049252986908,1194
0.0493309497833,1193
0.0495429039001,1192
0.0496389865875,1191
0.0499720573425,1190
0.0500800609589,1189
0.0503890514374,1188
0.0504858493805,1187
0.0511338710785,1186
0.0512099266052,1185
0.0514688491821,1184
0.051589012146,1183
0.0524759292603,1182
0.0526239871979,1181
0.0527119636536,1180
0.052864074707,1179
0.0529098510742,1178
0.052962064743,1177
0.0530560016632,1176
0.0530979633331,1175
0.0533020496368,1174
0.0537168979645,1173
0.0537738800049,1172
0.053827047348,1171
0.0539219379425,1170
0.0540180206299,1169
0.0541279315948,1168
0.0541679859161,1167
0.0543558597565,1166
0.0546128749847,1165
0.0547440052032,1164
0.0548179149628,1163
0.055645942688,1162
0.0558500289917,1161
0.0561408996582,1160
0.0562529563904,1159
0.0564248561859,1158
0.0568819046021,1157
0.0569438934326,1156
0.0570969581604,1155
0.0571758747101,1154
0.0572979450226,1153
0.0574810504913,1152
0.0575640201569,1151
0.0576310157776,1150
0.057767868042,1149
0.0580379962921,1148
0.0584259033203,1147
0.0585248470306,1146
0.0588610172272,1145
0.0591299533844,1144
0.0594758987427,1143
0.0597338676453,1142
0.059818983078,1141
0.0600969791412,1140
0.0601620674133,1139
0.0603270530701,1138
0.0605158805847,1137
0.0606298446655,1136
0.0610389709473,1135
0.061331987381,1134
0.0614819526672,1133
0.0616488456726,1132
0.061812877655,1131
0.0620028972626,1130
0.0622658729553,1129
0.0623290538788,1128
0.0625419616699,1127
0.0629539489746,1126
0.0631308555603,1125
0.0631768703461,1124
0.0635859966278,1123
0.0638589859009,1122
0.064444065094,1121
0.065484046936,1120
0.0655469894409,1119
0.0656819343567,1118
0.0657820701599,1117
0.0658719539642,1116
0.0659890174866,1115
0.0660610198975,1114
0.066123008728,1113
0.0662438869476,1112
0.0664029121399,1111
0.0666160583496,1110
0.0668120384216,1109
0.0669438838959,1108
0.0670800209045,1107
0.0675270557404,1106
0.0677449703217,1105
0.0681259632111,1104
0.068587064743,1103
0.0688509941101,1102
0.0689158439636,1101
0.069228887558,1100
0.0699460506439,1099
0.0700979232788,1098
0.0703589916229,1097
0.0705409049988,1096
0.0708770751953,1095
0.0716829299927,1094
0.0717890262604,1093
0.0718388557434,1092
0.0721800327301,1091
0.0723659992218,1090
0.0724489688873,1089
0.0727689266205,1088
0.0729808807373,1087
0.0737619400024,1086
0.0740990638733,1085
0.0741858482361,1084
0.0742259025574,1083
0.0745189189911,1082
0.0748040676117,1081
0.0758249759674,1080
0.075886964798,1079
0.0761108398438,1078
0.0761618614197,1077
0.076297044754,1076
0.0763890743256,1075
0.0765769481659,1074
0.0766608715057,1073
0.0768089294434,1072
0.0771820545197,1071
0.0775580406189,1070
0.0778059959412,1069
0.0786669254303,1068
0.0787780284882,1067
0.0789110660553,1066
0.0793449878693,1065
0.079381942749,1064
0.0795059204102,1063
0.0798399448395,1062
0.0799629688263,1061
0.0800230503082,1060
0.0805990695953,1059
0.0808138847351,1058
0.082023859024,1057
0.0823199748993,1056
0.0824718475342,1055
0.0827760696411,1054
0.0831210613251,1053
0.0832240581512,1052
0.0833420753479,1051
0.0835149288177,1050
0.0836269855499,1049
0.0837030410767,1048
0.084007024765,1047
0.0841569900513,1046
0.0844910144806,1045
0.0855779647827,1044
0.0865199565887,1043
0.0865578651428,1042
0.0866949558258,1041
0.0874669551849,1040
0.088348865509,1039
0.0884220600128,1038
0.0885050296783,1037
0.0891308784485,1036
0.0892548561096,1035
0.0894649028778,1034
0.0897400379181,1033
0.0900559425354,1032
0.0904359817505,1031
0.092090845108,1030
0.0926558971405,1029
0.0927360057831,1028
0.0934760570526,1027
0.0940690040588,1026
0.0943930149078,1025
0.0947120189667,1024
0.0949459075928,1023
0.0950200557709,1022
0.0954780578613,1021
0.0965390205383,1020
0.0969748497009,1019
0.0976819992065,1018
0.0977709293365,1017
0.0980889797211,1016
0.0983870029449,1015
0.0985238552094,1014
0.0987889766693,1013
0.0988669395447,1012
0.0990059375763,1011
0.0999009609222,1010
0.10002207756,1009
0.10022187233,1008
0.101063013077,1007
0.101855039597,1006
0.102400064468,1005
0.103052854538,1004
0.10320687294,1003
0.103739976883,1002
0.103957891464,1001
0.105134963989,1000
0.106152057648,999
0.1063580513,998
0.107002019882,997
0.107348918915,996
0.10805106163,995
0.10816192627,994
0.108824968338,993
0.108938932419,992
0.109277009964,991
0.109524965286,990
0.109745979309,989
0.109819889069,988
0.109959840775,987
0.110338926315,986
0.110517978668,985
0.11074090004,984
0.112200975418,983
0.112799882889,982
0.113270044327,981
0.114443063736,980
0.114992856979,979
0.115359067917,978
0.115747928619,977
0.115803003311,976
0.115912914276,975
0.116662025452,974
0.118983983994,973
0.11906003952,972
0.119585037231,971
0.119746923447,970
0.120810031891,969
0.12101984024,968
0.121840000153,967
0.122648954391,966
0.124085903168,965
0.124168872833,964
0.124228954315,963
0.124315023422,962
0.125916957855,961
0.126132011414,960
0.126256942749,959
0.12639093399,958
0.127014875412,957
0.127467870712,956
0.128218889236,955
0.12837600708,954
0.128484010696,953
0.129138946533,952
0.129802942276,951
0.129934072495,950
0.130615949631,949
0.131521940231,948
0.132745027542,947
0.135529994965,946
0.135805845261,945
0.136183023453,944
0.136245012283,943
0.136770963669,942
0.137176036835,941
0.137269020081,940
0.137630939484,939
0.138654947281,938
0.139576911926,937
0.139850854874,936
0.140100955963,935
0.142016887665,934
0.142595052719,933
0.14293384552,932
0.143295049667,931
0.144603967667,930
0.144927978516,929
0.145626068115,928
0.145923852921,927
0.14682507515,926
0.146935939789,925
0.146972894669,924
0.147047042847,923
0.260611057281,922
0.261201858521,921
0.266135931015,920
0.267132043839,919
0.268199920654,918
0.268419027328,917
0.271729946136,916
0.401840925217,915
0.403364896774,914
0.534151077271,913
0.671371936798,912
0.675197839737,911
0.804239988327,910
0.805372953415,909
0.806594848633,908
1.06382584572,907
1.20137906075,906
1.33380484581,905
1.89635491371,904
1.89816498756,903
