0.00875091552734,4940
0.00904703140259,4939
0.0092408657074,4938
0.00947690010071,4937
0.00969290733337,4936
0.00983095169067,4935
0.0100469589233,4934
0.0102310180664,4933
0.0106399059296,4932
0.010880947113,4931
0.0111680030823,4930
0.0113699436188,4929
0.0115609169006,4928
0.0117700099945,4927
0.0120520591736,4926
0.0123229026794,4925
0.0126969814301,4924
0.0129599571228,4923
0.0131070613861,4922
0.0132670402527,4921
0.0136029720306,4920
0.0139398574829,4919
0.0141298770905,4918
0.0143718719482,4917
0.014641046524,4916
0.015007019043,4915
0.0152869224548,4914
0.0157599449158,4913
0.0161218643188,4912
0.0164210796356,4911
0.0166480541229,4910
0.016872882843,4909
0.0171639919281,4908
0.0174329280853,4907
0.0176639556885,4906
0.0179550647736,4905
0.0183169841766,4904
0.0185539722443,4903
0.0186920166016,4902
0.0188920497894,4901
0.019257068634,4900
0.0195710659027,4899
0.0199749469757,4898
0.0203280448914,4897
0.0207269191742,4896
0.0209639072418,4895
0.0213170051575,4894
0.0216109752655,4893
0.0218119621277,4892
0.0221140384674,4891
0.0224008560181,4890
0.0226469039917,4889
0.0228629112244,4888
0.0230979919434,4887
0.0233209133148,4886
0.0235249996185,4885
0.0238170623779,4884
0.0240249633789,4883
0.0244250297546,4882
0.0247159004211,4881
0.0250070095062,4880
0.0251820087433,4879
0.0254230499268,4878
0.0256059169769,4877
0.0259759426117,4876
0.0262248516083,4875
0.0264499187469,4874
0.0266849994659,4873
0.0270760059357,4872
0.0272998809814,4871
0.0276188850403,4870
0.0280029773712,4869
0.028223991394,4868
0.0286030769348,4867
0.0288269519806,4866
0.0292029380798,4865
0.0295438766479,4864
0.0298049449921,4863
0.0303678512573,4862
0.0305218696594,4861
0.030816078186,4860
0.0310199260712,4859
0.0314390659332,4858
0.0316870212555,4857
0.0320069789886,4856
0.0321888923645,4855
0.032546043396,4854
0.0328788757324,4853
0.0330259799957,4852
0.0333619117737,4851
0.0336668491364,4850
0.0340569019318,4849
0.0342628955841,4848
0.0345668792725,4847
0.0348608493805,4846
0.0350730419159,4845
0.0352799892426,4844
0.0355560779572,4843
0.0357999801636,4842
0.0361709594727,4841
0.0363190174103,4840
0.0366060733795,4839
0.0368268489838,4838
0.0371980667114,4837
0.0375158786774,4836
0.0377039909363,4835
0.0379049777985,4834
0.0380959510803,4833
0.0383219718933,4832
0.0385389328003,4831
0.0387160778046,4830
0.03892993927,4829
0.0392608642578,4828
0.0394020080566,4827
0.0395438671112,4826
0.039764881134,4825
0.0401349067688,4824
0.040335893631,4823
0.0405399799347,4822
0.0409140586853,4821
0.0414869785309,4820
0.041650056839,4819
0.0420410633087,4818
0.0422480106354,4817
0.0425410270691,4816
0.0429320335388,4815
0.0432109832764,4814
0.0434968471527,4813
0.0436768531799,4812
0.0438849925995,4811
0.0442299842834,4810
0.0444228649139,4809
0.0446400642395,4808
0.044998884201,4807
0.0451650619507,4806
0.0454828739166,4805
0.0458719730377,4804
0.0462310314178,4803
0.0464749336243,4802
0.046863079071,4801
0.0472369194031,4800
0.0474960803986,4799
0.0476989746094,4798
0.0478868484497,4797
0.0482149124146,4796
0.0485889911652,4795
0.0487668514252,4794
0.0490698814392,4793
0.049213886261,4792
0.0494999885559,4791
0.0496590137482,4790
0.0500059127808,4789
0.0502200126648,4788
0.0504949092865,4787
0.0507760047913,4786
0.0510048866272,4785
0.0513758659363,4784
0.0517618656158,4783
0.0522239208221,4782
0.0525288581848,4781
0.0529298782349,4780
0.0533840656281,4779
0.0537259578705,4778
0.0539500713348,4777
0.0541520118713,4776
0.0545079708099,4775
0.0548729896545,4774
0.0552470684052,4773
0.0555438995361,4772
0.0559449195862,4771
0.0561058521271,4770
0.0563130378723,4769
0.0566840171814,4768
0.0568418502808,4767
0.0570199489594,4766
0.0573740005493,4765
0.0577590465546,4764
0.0581068992615,4763
0.058436870575,4762
0.0587589740753,4761
0.0590319633484,4760
0.0592029094696,4759
0.0595140457153,4758
0.059807062149,4757
0.0599730014801,4756
0.0601918697357,4755
0.0603878498077,4754
0.0605409145355,4753
0.0609588623047,4752
0.0613360404968,4751
0.0617170333862,4750
0.0620200634003,4749
0.0625009536743,4748
0.0627310276031,4747
0.063010931015,4746
0.0632569789886,4745
0.0635070800781,4744
0.063649892807,4743
0.0639848709106,4742
0.0642960071564,4741
0.0644669532776,4740
0.0647449493408,4739
0.0651068687439,4738
0.0652749538422,4737
0.0655720233917,4736
0.065929889679,4735
0.0660710334778,4734
0.0668339729309,4733
0.0671780109406,4732
0.067412853241,4731
0.0678129196167,4730
0.0679678916931,4729
0.0682668685913,4728
0.0685889720917,4727
0.0688319206238,4726
0.0692088603973,4725
0.0693938732147,4724
0.0696840286255,4723
0.069953918457,4722
0.070426940918,4721
0.0708079338074,4720
0.0711779594421,4719
0.0715179443359,4718
0.071722984314,4717
0.0720238685608,4716
0.0723030567169,4715
0.0726869106293,4714
0.0729870796204,4713
0.0733380317688,4712
0.0735528469086,4711
0.0737590789795,4710
0.0739729404449,4709
0.0741720199585,4708
0.0743799209595,4707
0.0746788978577,4706
0.0749988555908,4705
0.0752160549164,4704
0.0754859447479,4703
0.075690984726,4702
0.0759990215302,4701
0.0762338638306,4700
0.0764188766479,4699
0.0767290592194,4698
0.0770120620728,4697
0.0773389339447,4696
0.0776889324188,4695
0.0779869556427,4694
0.0782990455627,4693
0.0786788463593,4692
0.0789768695831,4691
0.0791430473328,4690
0.0794179439545,4689
0.0797889232635,4688
0.0800168514252,4687
0.0803289413452,4686
0.0806169509888,4685
0.0807740688324,4684
0.0810980796814,4683
0.0813050270081,4682
0.0819549560547,4681
0.0823578834534,4680
0.0825290679932,4679
0.082731962204,4678
0.082957983017,4677
0.0834989547729,4676
0.0838408470154,4675
0.0840809345245,4674
0.0843949317932,4673
0.0847749710083,4672
0.0850389003754,4671
0.0853109359741,4670
0.0857019424438,4669
0.0858728885651,4668
0.0862059593201,4667
0.0864100456238,4666
0.0865559577942,4665
0.0868148803711,4664
0.0870790481567,4663
0.0872828960419,4662
0.0874888896942,4661
0.0877768993378,4660
0.0879800319672,4659
0.0881240367889,4658
0.0884699821472,4657
0.0887980461121,4656
0.0890200138092,4655
0.0893659591675,4654
0.0894989967346,4653
0.0897960662842,4652
0.089998960495,4651
0.090381860733,4650
0.0906748771667,4649
0.0908238887787,4648
0.0912508964539,4647
0.091423034668,4646
0.091775894165,4645
0.0919289588928,4644
0.0922648906708,4643
0.0924248695374,4642
0.0928070545197,4641
0.093024969101,4640
0.0935080051422,4639
0.0938589572906,4638
0.0941798686981,4637
0.0943250656128,4636
0.0946879386902,4635
0.0949029922485,4634
0.0952789783478,4633
0.0954899787903,4632
0.0956718921661,4631
0.0962100028992,4630
0.0964970588684,4629
0.0967938899994,4628
0.0970048904419,4627
0.0975880622864,4626
0.0978090763092,4625
0.0983409881592,4624
0.0985350608826,4623
0.0988459587097,4622
0.0990979671478,4621
0.0992770195007,4620
0.0994498729706,4619
0.0998539924622,4618
0.100203037262,4617
0.100487947464,4616
0.100759983063,4615
0.101193904877,4614
0.101674079895,4613
0.102468967438,4612
0.102849960327,4611
0.103235006332,4610
0.103505849838,4609
0.10391998291,4608
0.104089975357,4607
0.104315042496,4606
0.104649066925,4605
0.105053901672,4604
0.105431079865,4603
0.105715036392,4602
0.105881929398,4601
0.10619187355,4600
0.10657787323,4599
0.106806993484,4598
0.106977939606,4597
0.107318878174,4596
0.107532978058,4595
0.107840061188,4594
0.108188867569,4593
0.108464956284,4592
0.108633041382,4591
0.108955860138,4590
0.10945892334,4589
0.109713077545,4588
0.109879970551,4587
0.110019922256,4586
0.110235929489,4585
0.110502958298,4584
0.110723018646,4583
0.110967874527,4582
0.111499071121,4581
0.112016916275,4580
0.112328052521,4579
0.112623929977,4578
0.112906932831,4577
0.113273859024,4576
0.11350107193,4575
0.113713979721,4574
0.11399102211,4573
0.114156961441,4572
0.114422082901,4571
0.114568948746,4570
0.114835977554,4569
0.115078926086,4568
0.115443944931,4567
0.11567401886,4566
0.116024017334,4565
0.116255044937,4564
0.116447925568,4563
0.116826057434,4562
0.11732006073,4561
0.117673873901,4560
0.117944002151,4559
0.118318080902,4558
0.118601083755,4557
0.118746042252,4556
0.119081020355,4555
0.119307994843,4554
0.119796991348,4553
0.120127916336,4552
0.120429039001,4551
0.12070608139,4550
0.121016025543,4549
0.121407985687,4548
0.12162399292,4547
0.121829032898,4546
0.12211894989,4545
0.12242603302,4544
0.122555971146,4543
0.122863054276,4542
0.12322306633,4541
0.123358011246,4540
0.123620033264,4539
0.123913049698,4538
0.124130010605,4537
0.124490976334,4536
0.124778985977,4535
0.125160932541,4534
0.125355005264,4533
0.125824928284,4532
0.12602686882,4531
0.126322031021,4530
0.126581907272,4529
0.126919984818,4528
0.127181053162,4527
0.127866983414,4526
0.128135919571,4525
0.128355026245,4524
0.128504991531,4523
0.128818035126,4522
0.129112005234,4521
0.129289865494,4520
0.129824876785,4519
0.129993915558,4518
0.130255937576,4517
0.130606889725,4516
0.130853891373,4515
0.130998849869,4514
0.131211042404,4513
0.131731033325,4512
0.131953001022,4511
0.132328033447,4510
0.132521867752,4509
0.132879972458,4508
0.133255004883,4507
0.133425951004,4506
0.133648872375,4505
0.133822917938,4504
0.134083986282,4503
0.134412050247,4502
0.134549856186,4501
0.134726047516,4500
0.135000944138,4499
0.135626077652,4498
0.135786056519,4497
0.135949850082,4496
0.136771917343,4495
0.137004852295,4494
0.13726401329,4493
0.137549877167,4492
0.137773036957,4491
0.138076066971,4490
0.138284921646,4489
0.13853096962,4488
0.138701915741,4487
0.138854026794,4486
0.139052867889,4485
0.139302015305,4484
0.139522075653,4483
0.139663934708,4482
0.139950990677,4481
0.140202045441,4480
0.140373945236,4479
0.140512943268,4478
0.140820026398,4477
0.140960931778,4476
0.141337871552,4475
0.141615867615,4474
0.14183306694,4473
0.141974925995,4472
0.142210960388,4471
0.142392873764,4470
0.142663002014,4469
0.14285993576,4468
0.143048048019,4467
0.143481016159,4466
0.143679857254,4465
0.144017934799,4464
0.14417886734,4463
0.144398927689,4462
0.144743919373,4461
0.145211935043,4460
0.145443916321,4459
0.145721912384,4458
0.145879983902,4457
0.146113872528,4456
0.146349906921,4455
0.146728992462,4454
0.146959066391,4453
0.147289991379,4452
0.147697925568,4451
0.148150920868,4450
0.148366928101,4449
0.148578882217,4448
0.149184942245,4447
0.149649858475,4446
0.149779081345,4445
0.150127887726,4444
0.150380849838,4443
0.150917053223,4442
0.151042938232,4441
0.151437997818,4440
0.151771068573,4439
0.151927947998,4438
0.152104854584,4437
0.152616977692,4436
0.152871847153,4435
0.153011083603,4434
0.153202056885,4433
0.15344285965,4432
0.15368103981,4431
0.154155015945,4430
0.154382944107,4429
0.154533863068,4428
0.154805898666,4427
0.154941082001,4426
0.155267000198,4425
0.155616044998,4424
0.155771017075,4423
0.156024932861,4422
0.156317949295,4421
0.156466007233,4420
0.156743049622,4419
0.156951904297,4418
0.157407999039,4417
0.157943964005,4416
0.158280849457,4415
0.158767938614,4414
0.159138917923,4413
0.159358978271,4412
0.159666061401,4411
0.159904956818,4410
0.160130977631,4409
0.160505056381,4408
0.160744905472,4407
0.16092300415,4406
0.161148071289,4405
0.161395072937,4404
0.161675930023,4403
0.16185593605,4402
0.162030935287,4401
0.162168979645,4400
0.162999868393,4399
0.163317918777,4398
0.16348195076,4397
0.16375207901,4396
0.164051055908,4395
0.164391994476,4394
0.164754867554,4393
0.165051937103,4392
0.165375947952,4391
0.165637016296,4390
0.165786981583,4389
0.16598200798,4388
0.166141986847,4387
0.16660284996,4386
0.166835069656,4385
0.167213916779,4384
0.167518854141,4383
0.167737960815,4382
0.167976856232,4381
0.168166875839,4380
0.168526887894,4379
0.168722867966,4378
0.168853998184,4377
0.169161081314,4376
0.169318914413,4375
0.16970705986,4374
0.170042991638,4373
0.17037987709,4372
0.170742034912,4371
0.171020030975,4370
0.171374082565,4369
0.171639919281,4368
0.171849966049,4367
0.172384977341,4366
0.172576904297,4365
0.173151016235,4364
0.173579931259,4363
0.173817873001,4362
0.174002885818,4361
0.174175977707,4360
0.174345016479,4359
0.174815893173,4358
0.175011873245,4357
0.175225973129,4356
0.175652980804,4355
0.175932884216,4354
0.176075935364,4353
0.176331996918,4352
0.176552057266,4351
0.177160978317,4350
0.1773250103,4349
0.177653074265,4348
0.177875995636,4347
0.178025960922,4346
0.17826795578,4345
0.17862200737,4344
0.178956031799,4343
0.179193973541,4342
0.179650068283,4341
0.179941892624,4340
0.180239915848,4339
0.180577993393,4338
0.180712938309,4337
0.181925058365,4336
0.182276964188,4335
0.182434082031,4334
0.182610988617,4333
0.182823896408,4332
0.183142900467,4331
0.183343887329,4330
0.183610916138,4329
0.183923006058,4328
0.184220075607,4327
0.184402942657,4326
0.184666872025,4325
0.184933900833,4324
0.185204029083,4323
0.185383081436,4322
0.185591936111,4321
0.185971975327,4320
0.186563968658,4319
0.186840057373,4318
0.187335014343,4317
0.187572002411,4316
0.187839984894,4315
0.188098907471,4314
0.188413858414,4313
0.188680887222,4312
0.189001083374,4311
0.189296960831,4310
0.189550876617,4309
0.189965963364,4308
0.190178871155,4307
0.19056391716,4306
0.191078901291,4305
0.191295862198,4304
0.191613912582,4303
0.19186091423,4302
0.192306995392,4301
0.19264793396,4300
0.193423032761,4299
0.193738937378,4298
0.193883895874,4297
0.194275856018,4296
0.194524049759,4295
0.194870948792,4294
0.195405960083,4293
0.195620059967,4292
0.195935964584,4291
0.196441888809,4290
0.196588993073,4289
0.197206020355,4288
0.197926998138,4287
0.198052883148,4286
0.198355913162,4285
0.198652982712,4284
0.19886302948,4283
0.199218034744,4282
0.199373006821,4281
0.199713945389,4280
0.199949026108,4279
0.200134038925,4278
0.200478076935,4277
0.200819969177,4276
0.201109886169,4275
0.201364040375,4274
0.201601028442,4273
0.201766967773,4272
0.202028036118,4271
0.202216863632,4270
0.202513933182,4269
0.202897071838,4268
0.203132867813,4267
0.203453063965,4266
0.203801870346,4265
0.204082965851,4264
0.204447031021,4263
0.204796075821,4262
0.205030918121,4261
0.205286026001,4260
0.205713033676,4259
0.205970048904,4258
0.206137895584,4257
0.206657886505,4256
0.207026004791,4255
0.207176923752,4254
0.207429885864,4253
0.207789897919,4252
0.208044052124,4251
0.208383083344,4250
0.208575963974,4249
0.208844900131,4248
0.209199905396,4247
0.209531068802,4246
0.209753036499,4245
0.210618019104,4244
0.210963964462,4243
0.211319923401,4242
0.211585044861,4241
0.211868047714,4240
0.212401866913,4239
0.212646961212,4238
0.213011980057,4237
0.213630914688,4236
0.213901996613,4235
0.214289903641,4234
0.214639902115,4233
0.214891910553,4232
0.21510386467,4231
0.215486049652,4230
0.215626001358,4229
0.215926885605,4228
0.216273069382,4227
0.216597080231,4226
0.217103004456,4225
0.21724486351,4224
0.217831850052,4223
0.218010902405,4222
0.218347072601,4221
0.21849489212,4220
0.219017982483,4219
0.219523906708,4218
0.219783067703,4217
0.220143079758,4216
0.22043800354,4215
0.220752954483,4214
0.22126698494,4213
0.221826076508,4212
0.221953868866,4211
0.22215795517,4210
0.222393989563,4209
0.222544908524,4208
0.22293806076,4207
0.223249912262,4206
0.223569869995,4205
0.223963022232,4204
0.224102020264,4203
0.224318981171,4202
0.224919080734,4201
0.225169897079,4200
0.225482940674,4199
0.22585606575,4198
0.226105928421,4197
0.226234912872,4196
0.226456880569,4195
0.226644039154,4194
0.226847887039,4193
0.227114915848,4192
0.227279901505,4191
0.227488040924,4190
0.227778911591,4189
0.228240013123,4188
0.22838306427,4187
0.228677988052,4186
0.228976011276,4185
0.229233026505,4184
0.229382038116,4183
0.229544878006,4182
0.229817867279,4181
0.229965925217,4180
0.230296850204,4179
0.230419874191,4178
0.230618000031,4177
0.230908870697,4176
0.231256961823,4175
0.231613874435,4174
0.231955051422,4173
0.232182025909,4172
0.232532024384,4171
0.232850074768,4170
0.233245849609,4169
0.233417034149,4168
0.234017848969,4167
0.234456062317,4166
0.234834909439,4165
0.235131025314,4164
0.235458850861,4163
0.235975980759,4162
0.236307859421,4161
0.236516952515,4160
0.236783981323,4159
0.237145900726,4158
0.237408876419,4157
0.237611055374,4156
0.237917900085,4155
0.2383248806,4154
0.238842010498,4153
0.239273071289,4152
0.239660024643,4151
0.239915847778,4150
0.240046024323,4149
0.240267038345,4148
0.240519046783,4147
0.241098880768,4146
0.241437911987,4145
0.241636037827,4144
0.242397069931,4143
0.242657899857,4142
0.243078947067,4141
0.243319988251,4140
0.243700027466,4139
0.243896961212,4138
0.244019031525,4137
0.244389057159,4136
0.244519948959,4135
0.244823932648,4134
0.245379924774,4133
0.245687007904,4132
0.246213912964,4131
0.246872901917,4130
0.24748301506,4129
0.247825860977,4128
0.247961997986,4127
0.248467922211,4126
0.248708963394,4125
0.248925924301,4124
0.249243974686,4123
0.249589920044,4122
0.250360965729,4121
0.250597000122,4120
0.250882863998,4119
0.251038074493,4118
0.251359939575,4117
0.25181889534,4116
0.251996994019,4115
0.252372026443,4114
0.252640962601,4113
0.252906084061,4112
0.253166913986,4111
0.253411054611,4110
0.253825902939,4109
0.253975868225,4108
0.254292011261,4107
0.254848003387,4106
0.255239963531,4105
0.255680084229,4104
0.256114959717,4103
0.256435871124,4102
0.256696939468,4101
0.256995916367,4100
0.257356882095,4099
0.257675886154,4098
0.25813293457,4097
0.258728027344,4096
0.259091854095,4095
0.259243011475,4094
0.259609937668,4093
0.25981092453,4092
0.260227918625,4091
0.261048078537,4090
0.261301994324,4089
0.261563062668,4088
0.262145996094,4087
0.262418031693,4086
0.262843847275,4085
0.263150930405,4084
0.26345705986,4083
0.264009952545,4082
0.264518976212,4081
0.264881849289,4080
0.265090942383,4079
0.265259027481,4078
0.26553606987,4077
0.265856981277,4076
0.266205072403,4075
0.266543865204,4074
0.266668081284,4073
0.266949892044,4072
0.267189979553,4071
0.267499923706,4070
0.267778873444,4069
0.268113851547,4068
0.268481016159,4067
0.26861000061,4066
0.268748044968,4065
0.268979072571,4064
0.26916885376,4063
0.269332885742,4062
0.269847869873,4061
0.270035982132,4060
0.270317077637,4059
0.270637989044,4058
0.271664857864,4057
0.271941900253,4056
0.272192955017,4055
0.272784948349,4054
0.273105859756,4053
0.273455858231,4052
0.273782968521,4051
0.273988962173,4050
0.274369001389,4049
0.274599075317,4048
0.274857997894,4047
0.275285005569,4046
0.275624990463,4045
0.275886058807,4044
0.276200056076,4043
0.276342868805,4042
0.276846885681,4041
0.277373075485,4040
0.277658939362,4039
0.277924060822,4038
0.278090000153,4037
0.278570890427,4036
0.279144048691,4035
0.279479026794,4034
0.279779911041,4033
0.280252933502,4032
0.280390024185,4031
0.28059387207,4030
0.280964851379,4029
0.281233072281,4028
0.281424045563,4027
0.281832933426,4026
0.281974077225,4025
0.282232046127,4024
0.282459974289,4023
0.282711982727,4022
0.283190011978,4021
0.283447027206,4020
0.28373003006,4019
0.283931016922,4018
0.284271001816,4017
0.284419059753,4016
0.28469991684,4015
0.284892082214,4014
0.28559088707,4013
0.286136865616,4012
0.28706407547,4011
0.287348985672,4010
0.287757873535,4009
0.288068056107,4008
0.288563013077,4007
0.288822889328,4006
0.289047956467,4005
0.289493083954,4004
0.289834976196,4003
0.290549993515,4002
0.291152954102,4001
0.291369915009,4000
0.291574001312,3999
0.291801929474,3998
0.291952848434,3997
0.292270898819,3996
0.292541027069,3995
0.29307103157,3994
0.293207883835,3993
0.293532848358,3992
0.293709993362,3991
0.294312000275,3990
0.294492006302,3989
0.294724941254,3988
0.295783042908,3987
0.296086072922,3986
0.296396970749,3985
0.296539068222,3984
0.296784877777,3983
0.296992063522,3982
0.2973549366,3981
0.297842979431,3980
0.298058986664,3979
0.298191070557,3978
0.298367977142,3977
0.298701047897,3976
0.298928976059,3975
0.299129962921,3974
0.299570083618,3973
0.300549030304,3972
0.300795078278,3971
0.300934076309,3970
0.301275014877,3969
0.301548957825,3968
0.301740884781,3967
0.302264928818,3966
0.302751064301,3965
0.303483963013,3964
0.303744077682,3963
0.303977966309,3962
0.304214000702,3961
0.304432868958,3960
0.304615974426,3959
0.305176019669,3958
0.305715084076,3957
0.30612206459,3956
0.306393861771,3955
0.307050943375,3954
0.307195901871,3953
0.307445049286,3952
0.307643890381,3951
0.308047056198,3950
0.308408021927,3949
0.308713912964,3948
0.309117078781,3947
0.30926990509,3946
0.309472084045,3945
0.310081005096,3944
0.310312986374,3943
0.310486078262,3942
0.310729026794,3941
0.311018943787,3940
0.311581850052,3939
0.311874866486,3938
0.312397956848,3937
0.312651872635,3936
0.312985897064,3935
0.313145875931,3934
0.313423871994,3933
0.313561916351,3932
0.313747882843,3931
0.314291954041,3930
0.315491914749,3929
0.315937042236,3928
0.316077947617,3927
0.317038059235,3926
0.317200899124,3925
0.317501068115,3924
0.317750930786,3923
0.318243026733,3922
0.318670034409,3921
0.318922996521,3920
0.319061994553,3919
0.319514036179,3918
0.32005906105,3917
0.320884943008,3916
0.321204900742,3915
0.321670055389,3914
0.321833848953,3913
0.322040081024,3912
0.322372913361,3911
0.32266497612,3910
0.322915077209,3909
0.323317050934,3908
0.323556900024,3907
0.323915958405,3906
0.324838876724,3905
0.325206041336,3904
0.325864076614,3903
0.326127052307,3902
0.326438903809,3901
0.326592922211,3900
0.326966047287,3899
0.327188014984,3898
0.327328920364,3897
0.327507019043,3896
0.32771396637,3895
0.327914953232,3894
0.328122854233,3893
0.328461885452,3892
0.32861995697,3891
0.328785896301,3890
0.328930854797,3889
0.329184055328,3888
0.32976603508,3887
0.33024096489,3886
0.330368995667,3885
0.330549001694,3884
0.330885887146,3883
0.331409931183,3882
0.331714868546,3881
0.332429885864,3880
0.33268404007,3879
0.332934856415,3878
0.333430051804,3877
0.333746910095,3876
0.333875894547,3875
0.334472894669,3874
0.334656000137,3873
0.335383892059,3872
0.335726976395,3871
0.336463928223,3870
0.336683034897,3869
0.3369140625,3868
0.33710694313,3867
0.338073968887,3866
0.338252067566,3865
0.338759899139,3864
0.339148044586,3863
0.339457035065,3862
0.339762926102,3861
0.340358018875,3860
0.340981006622,3859
0.341122865677,3858
0.34152507782,3857
0.341991901398,3856
0.342143058777,3855
0.342521905899,3854
0.343002080917,3853
0.343636989594,3852
0.344115018845,3851
0.344312906265,3850
0.34496307373,3849
0.34517788887,3848
0.345372915268,3847
0.345680952072,3846
0.345831871033,3845
0.346148014069,3844
0.346565008163,3843
0.346968889236,3842
0.347356081009,3841
0.347776889801,3840
0.348236083984,3839
0.348371982574,3838
0.348504066467,3837
0.348657846451,3836
0.348793983459,3835
0.349027872086,3834
0.34934592247,3833
0.349598884583,3832
0.350014925003,3831
0.350554943085,3830
0.350873947144,3829
0.35103392601,3828
0.351176977158,3827
0.351415872574,3826
0.351794958115,3825
0.352272033691,3824
0.352623939514,3823
0.352889060974,3822
0.354544878006,3821
0.354783058167,3820
0.355207920074,3819
0.355481863022,3818
0.355666875839,3817
0.355965852737,3816
0.356198072433,3815
0.357264041901,3814
0.357420921326,3813
0.357711076736,3812
0.357835054398,3811
0.358067989349,3810
0.358290910721,3809
0.358484983444,3808
0.358756065369,3807
0.35894203186,3806
0.359376907349,3805
0.359556913376,3804
0.360096931458,3803
0.360485076904,3802
0.360785007477,3801
0.361111879349,3800
0.36140203476,3799
0.361625909805,3798
0.361897945404,3797
0.36242890358,3796
0.362729072571,3795
0.362895011902,3794
0.363214969635,3793
0.363368988037,3792
0.364331960678,3791
0.364639997482,3790
0.364806890488,3789
0.365077018738,3788
0.365515947342,3787
0.365746021271,3786
0.366482019424,3785
0.366842985153,3784
0.367092847824,3783
0.367420911789,3782
0.367819070816,3781
0.368808031082,3780
0.369097948074,3779
0.369368076324,3778
0.369519948959,3777
0.369706869125,3776
0.371029853821,3775
0.371352910995,3774
0.372286081314,3773
0.373026847839,3772
0.373344898224,3771
0.373483896255,3770
0.373802900314,3769
0.374304056168,3768
0.374569892883,3767
0.374742984772,3766
0.374940872192,3765
0.375334024429,3764
0.375813007355,3763
0.376230955124,3762
0.37686085701,3761
0.377081871033,3760
0.377413988113,3759
0.3775639534,3758
0.378051042557,3757
0.378365039825,3756
0.378604888916,3755
0.378903865814,3754
0.379135847092,3753
0.379353046417,3752
0.379680871964,3751
0.379837036133,3750
0.380919933319,3749
0.381250858307,3748
0.38148188591,3747
0.38214802742,3746
0.382508039474,3745
0.382802963257,3744
0.382953882217,3743
0.383168935776,3742
0.383290052414,3741
0.38351392746,3740
0.384337902069,3739
0.38467502594,3738
0.385004997253,3737
0.385426998138,3736
0.385699987411,3735
0.385943889618,3734
0.386211872101,3733
0.386409044266,3732
0.386657953262,3731
0.387670993805,3730
0.388097047806,3729
0.388789892197,3728
0.38901591301,3727
0.389196872711,3726
0.389430046082,3725
0.389728069305,3724
0.389962911606,3723
0.390496969223,3722
0.390758991241,3721
0.391391038895,3720
0.391520023346,3719
0.391811847687,3718
0.392022848129,3717
0.392345905304,3716
0.39280295372,3715
0.393332004547,3714
0.39350605011,3713
0.393810033798,3712
0.394157886505,3711
0.394478082657,3710
0.394796848297,3709
0.395025014877,3708
0.39520406723,3707
0.395468950272,3706
0.395727872849,3705
0.395990848541,3704
0.396579027176,3703
0.396813869476,3702
0.397104024887,3701
0.397405862808,3700
0.397990942001,3699
0.398298978806,3698
0.398416996002,3697
0.398597955704,3696
0.398727893829,3695
0.399050951004,3694
0.399353981018,3693
0.400143861771,3692
0.400479078293,3691
0.400829076767,3690
0.400980949402,3689
0.401432991028,3688
0.401833057404,3687
0.401979923248,3686
0.402579069138,3685
0.403256893158,3684
0.403380870819,3683
0.403523921967,3682
0.403831958771,3681
0.403985977173,3680
0.404635906219,3679
0.404834032059,3678
0.405148029327,3677
0.405505895615,3676
0.405767917633,3675
0.405962944031,3674
0.406522989273,3673
0.40665602684,3672
0.407444953918,3671
0.407698869705,3670
0.407974004745,3669
0.408428907394,3668
0.408993005753,3667
0.409575939178,3666
0.409787893295,3665
0.410017967224,3664
0.410506010056,3663
0.410664081573,3662
0.410888910294,3661
0.411285877228,3660
0.411406040192,3659
0.411733865738,3658
0.412181854248,3657
0.412464857101,3656
0.412587881088,3655
0.412847995758,3654
0.413227081299,3653
0.413347005844,3652
0.413503885269,3651
0.413805007935,3650
0.414067983627,3649
0.414339065552,3648
0.414573907852,3647
0.415055990219,3646
0.415200948715,3645
0.415720939636,3644
0.416202068329,3643
0.416457891464,3642
0.416954040527,3641
0.417994022369,3640
0.418652057648,3639
0.41907286644,3638
0.41993689537,3637
0.420490980148,3636
0.420866012573,3635
0.421041965485,3634
0.421342849731,3633
0.421499013901,3632
0.422301054001,3631
0.422473907471,3630
0.422743082047,3629
0.422884941101,3628
0.423157930374,3627
0.42346906662,3626
0.423820018768,3625
0.423989057541,3624
0.424385070801,3623
0.425174951553,3622
0.42606306076,3621
0.426303863525,3620
0.426451921463,3619
0.426573038101,3618
0.42688202858,3617
0.427073955536,3616
0.427414894104,3615
0.427818059921,3614
0.428333997726,3613
0.42876291275,3612
0.428915977478,3611
0.429183006287,3610
0.429463863373,3609
0.429828882217,3608
0.429995059967,3607
0.430163860321,3606
0.4311439991,3605
0.431577920914,3604
0.431832075119,3603
0.432142019272,3602
0.432318925858,3601
0.43256187439,3600
0.432858943939,3599
0.4330098629,3598
0.433357954025,3597
0.433588027954,3596
0.434005975723,3595
0.434310913086,3594
0.434858083725,3593
0.435121059418,3592
0.435404062271,3591
0.435679912567,3590
0.436002969742,3589
0.436461925507,3588
0.436743974686,3587
0.437190055847,3586
0.437701940536,3585
0.438006877899,3584
0.438268899918,3583
0.438948869705,3582
0.439224004745,3581
0.439504861832,3580
0.439817905426,3579
0.440001964569,3578
0.440276861191,3577
0.440465927124,3576
0.441362857819,3575
0.441667079926,3574
0.441899061203,3573
0.442190885544,3572
0.442360877991,3571
0.442877054214,3570
0.443412065506,3569
0.443584918976,3568
0.444300889969,3567
0.445401906967,3566
0.445908069611,3565
0.446702003479,3564
0.447201967239,3563
0.447452068329,3562
0.447602033615,3561
0.447917938232,3560
0.448210954666,3559
0.448795080185,3558
0.449054002762,3557
0.449282884598,3556
0.450065851212,3555
0.45019698143,3554
0.45063495636,3553
0.450950860977,3552
0.451216936111,3551
0.452272891998,3550
0.452440023422,3549
0.452643871307,3548
0.4534740448,3547
0.453867912292,3546
0.454325914383,3545
0.454463005066,3544
0.454879999161,3543
0.45515704155,3542
0.455532073975,3541
0.456042051315,3540
0.456280946732,3539
0.456742048264,3538
0.457242012024,3537
0.457514047623,3536
0.457974910736,3535
0.458232879639,3534
0.458631038666,3533
0.458940029144,3532
0.459120988846,3531
0.459722042084,3530
0.45992898941,3529
0.460217952728,3528
0.460358858109,3527
0.460553884506,3526
0.460778951645,3525
0.46130490303,3524
0.461672067642,3523
0.461979866028,3522
0.462369918823,3521
0.462707042694,3520
0.463007926941,3519
0.463686943054,3518
0.463922977448,3517
0.464195013046,3516
0.464364051819,3515
0.465376853943,3514
0.465548992157,3513
0.465975999832,3512
0.466330051422,3511
0.466613054276,3510
0.466934919357,3509
0.46749997139,3508
0.467652082443,3507
0.468085050583,3506
0.468276023865,3505
0.468649864197,3504
0.468886852264,3503
0.469310998917,3502
0.470018863678,3501
0.470717906952,3500
0.471015930176,3499
0.471221923828,3498
0.471415996552,3497
0.471567869186,3496
0.471927881241,3495
0.472218036652,3494
0.472766876221,3493
0.473515987396,3492
0.474364042282,3491
0.474647045135,3490
0.474881887436,3489
0.47509598732,3488
0.475559949875,3487
0.475858926773,3486
0.476045846939,3485
0.476317882538,3484
0.476644039154,3483
0.47683095932,3482
0.477035045624,3481
0.477530002594,3480
0.477674007416,3479
0.478010892868,3478
0.478241920471,3477
0.478734016418,3476
0.479343891144,3475
0.479564905167,3474
0.479719877243,3473
0.479984998703,3472
0.48029589653,3471
0.480937004089,3470
0.481108903885,3469
0.481268882751,3468
0.481395959854,3467
0.482126951218,3466
0.482439994812,3465
0.482699871063,3464
0.483090877533,3463
0.483515977859,3462
0.485141992569,3461
0.485347986221,3460
0.485514879227,3459
0.485800981522,3458
0.485970973969,3457
0.486461877823,3456
0.486742973328,3455
0.487107992172,3454
0.487752914429,3453
0.487983942032,3452
0.48850607872,3451
0.488789081573,3450
0.489294052124,3449
0.489440917969,3448
0.489609956741,3447
0.48985004425,3446
0.490083932877,3445
0.490259885788,3444
0.490565061569,3443
0.491338014603,3442
0.491749048233,3441
0.492822885513,3440
0.493048906326,3439
0.493417024612,3438
0.493895053864,3437
0.494557857513,3436
0.494688987732,3435
0.494804859161,3434
0.494945049286,3433
0.495085954666,3432
0.495318889618,3431
0.495636940002,3430
0.496135950089,3429
0.496413946152,3428
0.496991872787,3427
0.497555017471,3426
0.497675895691,3425
0.497892856598,3424
0.498259067535,3423
0.498902082443,3422
0.499158859253,3421
0.499294996262,3420
0.49951505661,3419
0.499965906143,3418
0.50018286705,3417
0.500518083572,3416
0.500791072845,3415
0.501034021378,3414
0.501180887222,3413
0.501386880875,3412
0.503324985504,3411
0.503709077835,3410
0.50417804718,3409
0.504306077957,3408
0.504663944244,3407
0.505321025848,3406
0.505910873413,3405
0.50608086586,3404
0.506248950958,3403
0.506664991379,3402
0.506932020187,3401
0.50812292099,3400
0.508703947067,3399
0.509073972702,3398
0.509691953659,3397
0.509938001633,3396
0.510473966599,3395
0.510709047318,3394
0.510897874832,3393
0.511223077774,3392
0.511400938034,3391
0.511595010757,3390
0.51269698143,3389
0.512933015823,3388
0.513601064682,3387
0.514092922211,3386
0.514328956604,3385
0.514563083649,3384
0.514711856842,3383
0.515194892883,3382
0.515385866165,3381
0.515512943268,3380
0.516349077225,3379
0.516808986664,3378
0.517103910446,3377
0.517397880554,3376
0.517628908157,3375
0.517862081528,3374
0.517981052399,3373
0.518908977509,3372
0.519460916519,3371
0.519682884216,3370
0.519898891449,3369
0.520133018494,3368
0.520478963852,3367
0.521218061447,3366
0.521867990494,3365
0.522310972214,3364
0.522446870804,3363
0.522583961487,3362
0.522840023041,3361
0.523134946823,3360
0.523509025574,3359
0.523931026459,3358
0.524236917496,3357
0.524415016174,3356
0.525667905807,3355
0.525892972946,3354
0.52615904808,3353
0.527097940445,3352
0.527855873108,3351
0.528146028519,3350
0.528377056122,3349
0.529144048691,3348
0.529406070709,3347
0.530318021774,3346
0.530642986298,3345
0.53130197525,3344
0.531660079956,3343
0.531908035278,3342
0.532373905182,3341
0.533638000488,3340
0.533756971359,3339
0.534157037735,3338
0.534832000732,3337
0.536237001419,3336
0.536485910416,3335
0.537312984467,3334
0.537571907043,3333
0.537805080414,3332
0.538079977036,3331
0.538389921188,3330
0.538840055466,3329
0.53898692131,3328
0.539169073105,3327
0.53937292099,3326
0.539605855942,3325
0.540278911591,3324
0.541827917099,3323
0.542371988297,3322
0.54275894165,3321
0.543138980865,3320
0.543267965317,3319
0.543606042862,3318
0.54386305809,3317
0.544429063797,3316
0.544617891312,3315
0.545237064362,3314
0.545831918716,3313
0.546020030975,3312
0.546717882156,3311
0.547054052353,3310
0.547304868698,3309
0.547766923904,3308
0.548050880432,3307
0.548351049423,3306
0.548604011536,3305
0.549300909042,3304
0.549455881119,3303
0.550626039505,3302
0.550832033157,3301
0.551432847977,3300
0.552165985107,3299
0.552312850952,3298
0.552487850189,3297
0.552733898163,3296
0.553238868713,3295
0.553535938263,3294
0.553828001022,3293
0.553988933563,3292
0.554264068604,3291
0.554588079453,3290
0.554811954498,3289
0.555078029633,3288
0.555491924286,3287
0.555811882019,3286
0.556673049927,3285
0.557283878326,3284
0.557700872421,3283
0.558007955551,3282
0.558140993118,3281
0.558381080627,3280
0.558794975281,3279
0.558970928192,3278
0.559404850006,3277
0.559705972672,3276
0.560343980789,3275
0.561402082443,3274
0.562078952789,3273
0.562442064285,3272
0.562716007233,3271
0.563559055328,3270
0.563868045807,3269
0.564279079437,3268
0.564648866653,3267
0.564923048019,3266
0.565433979034,3265
0.56592798233,3264
0.566202878952,3263
0.566712856293,3262
0.567010879517,3261
0.567936897278,3260
0.568108081818,3259
0.568676948547,3258
0.568979978561,3257
0.569851875305,3256
0.570260047913,3255
0.570684909821,3254
0.570963859558,3253
0.571510076523,3252
0.571657896042,3251
0.571874856949,3250
0.572298049927,3249
0.572546005249,3248
0.572849988937,3247
0.573345899582,3246
0.574023962021,3245
0.574298858643,3244
0.574550867081,3243
0.575125932693,3242
0.575531959534,3241
0.576356887817,3240
0.57691192627,3239
0.577684879303,3238
0.577975034714,3237
0.578445911407,3236
0.57875585556,3235
0.579061031342,3234
0.579988002777,3233
0.580487966537,3232
0.581320047379,3231
0.58164691925,3230
0.581764936447,3229
0.582015037537,3228
0.582145929337,3227
0.582990884781,3226
0.583148956299,3225
0.583288908005,3224
0.583656072617,3223
0.583793878555,3222
0.584049940109,3221
0.584671020508,3220
0.585136890411,3219
0.585488080978,3218
0.586096048355,3217
0.586314916611,3216
0.586541891098,3215
0.586686849594,3214
0.586952924728,3213
0.587213993073,3212
0.587406873703,3211
0.587662935257,3210
0.589582920074,3209
0.589854955673,3208
0.59005689621,3207
0.590189933777,3206
0.590579986572,3205
0.591652870178,3204
0.591974020004,3203
0.592386007309,3202
0.592627048492,3201
0.593019008636,3200
0.594358921051,3199
0.594523906708,3198
0.59495806694,3197
0.595154047012,3196
0.595843076706,3195
0.596284866333,3194
0.596533060074,3193
0.597389936447,3192
0.598289966583,3191
0.59841799736,3190
0.599560976028,3189
0.599946022034,3188
0.60024189949,3187
0.600470066071,3186
0.601752996445,3185
0.602066040039,3184
0.602756023407,3183
0.603020906448,3182
0.603362083435,3181
0.60385799408,3180
0.604261875153,3179
0.605823040009,3178
0.606457948685,3177
0.606621026993,3176
0.607120037079,3175
0.607514858246,3174
0.608033895493,3173
0.608237981796,3172
0.608377933502,3171
0.608685970306,3170
0.608923912048,3169
0.609156847,3168
0.609324932098,3167
0.609947919846,3166
0.610380887985,3165
0.610790014267,3164
0.611010074615,3163
0.611248016357,3162
0.611533880234,3161
0.612024068832,3160
0.612236022949,3159
0.612602949142,3158
0.612753868103,3157
0.613034963608,3156
0.613185882568,3155
0.613404035568,3154
0.614103078842,3153
0.614547014236,3152
0.614976882935,3151
0.615848064423,3150
0.616211891174,3149
0.616461038589,3148
0.6171438694,3147
0.618145942688,3146
0.6187748909,3145
0.619287014008,3144
0.620224952698,3143
0.620661973953,3142
0.620780944824,3141
0.621125936508,3140
0.621381998062,3139
0.621559858322,3138
0.621960878372,3137
0.622747898102,3136
0.623182058334,3135
0.623695850372,3134
0.623867034912,3133
0.624211072922,3132
0.624852895737,3131
0.62503194809,3130
0.625218868256,3129
0.625414848328,3128
0.625881910324,3127
0.626349925995,3126
0.62646985054,3125
0.627369880676,3124
0.627755880356,3123
0.628848075867,3122
0.629494905472,3121
0.629633903503,3120
0.629813909531,3119
0.630626916885,3118
0.631248950958,3117
0.631456851959,3116
0.631680011749,3115
0.632242918015,3114
0.632539987564,3113
0.632706880569,3112
0.632951974869,3111
0.633121013641,3110
0.633843898773,3109
0.634054899216,3108
0.63423705101,3107
0.634631872177,3106
0.634757041931,3105
0.634937047958,3104
0.635460853577,3103
0.635665893555,3102
0.636064052582,3101
0.636426925659,3100
0.636708974838,3099
0.63693189621,3098
0.637536048889,3097
0.638131856918,3096
0.638633012772,3095
0.638874053955,3094
0.639227867126,3093
0.63951086998,3092
0.640357017517,3091
0.640636920929,3090
0.640821933746,3089
0.641064882278,3088
0.641840934753,3087
0.642976045609,3086
0.643517971039,3085
0.643810033798,3084
0.644100904465,3083
0.644325971603,3082
0.644459962845,3081
0.644811868668,3080
0.645092964172,3079
0.645444869995,3078
0.64565205574,3077
0.645923852921,3076
0.646327018738,3075
0.646470069885,3074
0.646667957306,3073
0.647191047668,3072
0.647705078125,3071
0.647892951965,3070
0.648105859756,3069
0.648382902145,3068
0.648629903793,3067
0.649353981018,3066
0.649662971497,3065
0.649852991104,3064
0.650070905685,3063
0.650729894638,3062
0.651150941849,3061
0.651639938354,3060
0.651880979538,3059
0.652380943298,3058
0.652911901474,3057
0.654293060303,3056
0.655637979507,3055
0.656020879745,3054
0.656266927719,3053
0.656596899033,3052
0.656741857529,3051
0.657072067261,3050
0.658293008804,3049
0.658503055573,3048
0.659082889557,3047
0.659684896469,3046
0.660244941711,3045
0.66049695015,3044
0.660877943039,3043
0.661238908768,3042
0.662776947021,3041
0.663199901581,3040
0.663455963135,3039
0.663584947586,3038
0.664453029633,3037
0.664916038513,3036
0.665214061737,3035
0.665698051453,3034
0.666509866714,3033
0.666857004166,3032
0.66767001152,3031
0.667988061905,3030
0.668129920959,3029
0.66840004921,3028
0.668794870377,3027
0.668982982635,3026
0.669404029846,3025
0.669839859009,3024
0.669986963272,3023
0.670256853104,3022
0.670480966568,3021
0.670743942261,3020
0.670893907547,3019
0.671231985092,3018
0.671496868134,3017
0.671905994415,3016
0.672152042389,3015
0.672780990601,3014
0.673112869263,3013
0.673476934433,3012
0.673811912537,3011
0.673958063126,3010
0.674078941345,3009
0.674453020096,3008
0.67481303215,3007
0.675085067749,3006
0.675411939621,3005
0.675950050354,3004
0.67712688446,3003
0.678091049194,3002
0.678552865982,3001
0.678828954697,3000
0.679213047028,2999
0.679656982422,2998
0.680630922318,2997
0.681006908417,2996
0.681467056274,2995
0.681709051132,2994
0.682523012161,2993
0.682661056519,2992
0.683013916016,2991
0.683274030685,2990
0.683754920959,2989
0.683980941772,2988
0.684117078781,2987
0.685024023056,2986
0.686048030853,2985
0.687174081802,2984
0.687824010849,2983
0.688055992126,2982
0.688313961029,2981
0.688560009003,2980
0.688715934753,2979
0.690357923508,2978
0.690783977509,2977
0.690917015076,2976
0.691441059113,2975
0.691726922989,2974
0.692216873169,2973
0.692898035049,2972
0.693145990372,2971
0.693382024765,2970
0.693640947342,2969
0.694133043289,2968
0.694782972336,2967
0.695251941681,2966
0.695736885071,2965
0.696297883987,2964
0.696519851685,2963
0.697232961655,2962
0.697756052017,2961
0.698907852173,2960
0.699146986008,2959
0.699681043625,2958
0.699799060822,2957
0.700223922729,2956
0.700924873352,2955
0.701174020767,2954
0.701452970505,2953
0.702215909958,2952
0.703902006149,2951
0.704362869263,2950
0.705513000488,2949
0.705924034119,2948
0.706424951553,2947
0.706686973572,2946
0.706908941269,2945
0.707154035568,2944
0.707468986511,2943
0.707705974579,2942
0.70791888237,2941
0.70813703537,2940
0.708322048187,2939
0.71026301384,2938
0.710610866547,2937
0.710964918137,2936
0.711119890213,2935
0.712801933289,2934
0.713187932968,2933
0.713582992554,2932
0.713935852051,2931
0.715044021606,2930
0.715273857117,2929
0.715754985809,2928
0.716402053833,2927
0.717700004578,2926
0.718019962311,2925
0.719254016876,2924
0.719661951065,2923
0.720290899277,2922
0.720510005951,2921
0.720756053925,2920
0.721186876297,2919
0.721359014511,2918
0.72211098671,2917
0.722590923309,2916
0.72340297699,2915
0.723681926727,2914
0.723984956741,2913
0.725193977356,2912
0.726245880127,2911
0.726423025131,2910
0.726991891861,2909
0.727393865585,2908
0.727550983429,2907
0.728394985199,2906
0.728760004044,2905
0.729039907455,2904
0.730627059937,2903
0.730754852295,2902
0.730887889862,2901
0.731297969818,2900
0.733207941055,2899
0.73353600502,2898
0.734309911728,2897
0.734559059143,2896
0.735723972321,2895
0.737253904343,2894
0.737774848938,2893
0.737966060638,2892
0.738180875778,2891
0.738379001617,2890
0.739552021027,2889
0.74041390419,2888
0.740761041641,2887
0.741225004196,2886
0.741436958313,2885
0.74446105957,2884
0.745708942413,2883
0.746536970139,2882
0.746720075607,2881
0.747182846069,2880
0.747587919235,2879
0.747779846191,2878
0.748019933701,2877
0.748331069946,2876
0.749096870422,2875
0.749732017517,2874
0.750057935715,2873
0.751143932343,2872
0.751810073853,2871
0.75222992897,2870
0.753489017487,2869
0.753665924072,2868
0.754176855087,2867
0.755259990692,2866
0.75642490387,2865
0.756675958633,2864
0.757215976715,2863
0.757997989655,2862
0.758317947388,2861
0.759053945541,2860
0.759192943573,2859
0.759413003922,2858
0.759907007217,2857
0.76012301445,2856
0.760448932648,2855
0.760848045349,2854
0.761484861374,2853
0.761910915375,2852
0.762157917023,2851
0.762397050858,2850
0.762654066086,2849
0.763669967651,2848
0.764508008957,2847
0.765343904495,2846
0.765831947327,2845
0.766059875488,2844
0.766176939011,2843
0.766475915909,2842
0.767204046249,2841
0.767587900162,2840
0.767858982086,2839
0.768077850342,2838
0.769463062286,2837
0.769599914551,2836
0.770895957947,2835
0.77109503746,2834
0.772044897079,2833
0.77253985405,2832
0.773205041885,2831
0.77334690094,2830
0.774405002594,2829
0.775014877319,2828
0.775969982147,2827
0.776346921921,2826
0.776813030243,2825
0.77837896347,2824
0.778967857361,2823
0.77934885025,2822
0.78054189682,2821
0.781831979752,2820
0.78257393837,2819
0.783081054688,2818
0.78323507309,2817
0.783918857574,2816
0.784472942352,2815
0.784824848175,2814
0.785534858704,2813
0.785861968994,2812
0.786728858948,2811
0.78711104393,2810
0.788151979446,2809
0.789488077164,2808
0.789934873581,2807
0.790152072906,2806
0.790374994278,2805
0.790740966797,2804
0.791179895401,2803
0.791296005249,2802
0.791612863541,2801
0.792039871216,2800
0.793042898178,2799
0.794076919556,2798
0.794461965561,2797
0.795173883438,2796
0.79594707489,2795
0.798223972321,2794
0.798389911652,2793
0.798690080643,2792
0.799304962158,2791
0.799699068069,2790
0.799871921539,2789
0.80083990097,2788
0.801080942154,2787
0.801568984985,2786
0.801948070526,2785
0.802383899689,2784
0.802546024323,2783
0.803500890732,2782
0.804343938828,2781
0.807224035263,2780
0.807447910309,2779
0.807694911957,2778
0.808379888535,2777
0.808891057968,2776
0.80902504921,2775
0.809205055237,2774
0.810935974121,2773
0.811167955399,2772
0.812250852585,2771
0.812624931335,2770
0.813622951508,2769
0.814693927765,2768
0.814902067184,2767
0.815655946732,2766
0.817385911942,2765
0.817807912827,2764
0.81805896759,2763
0.818289995193,2762
0.818844079971,2761
0.819081068039,2760
0.819478988647,2759
0.819597005844,2758
0.820488929749,2757
0.820719003677,2756
0.821181058884,2755
0.821564912796,2754
0.822249889374,2753
0.822630882263,2752
0.822829961777,2751
0.823308944702,2750
0.823512077332,2749
0.824073076248,2748
0.824506044388,2747
0.825126886368,2746
0.826607942581,2745
0.826784849167,2744
0.8274538517,2743
0.827594995499,2742
0.828631877899,2741
0.829243898392,2740
0.829535007477,2739
0.83035993576,2738
0.830805063248,2737
0.830991983414,2736
0.831194877625,2735
0.831596851349,2734
0.832058906555,2733
0.832411050797,2732
0.833098888397,2731
0.833567857742,2730
0.83368396759,2729
0.836916923523,2728
0.837094068527,2727
0.837653875351,2726
0.838332891464,2725
0.838541984558,2724
0.838773012161,2723
0.838950872421,2722
0.839921951294,2721
0.840760946274,2720
0.841382980347,2719
0.841630935669,2718
0.84216094017,2717
0.842659950256,2716
0.843548059464,2715
0.844443082809,2714
0.84464597702,2713
0.845419883728,2712
0.84602689743,2711
0.846382856369,2710
0.846940994263,2709
0.84720492363,2708
0.847378969193,2707
0.847804069519,2706
0.847953081131,2705
0.848087072372,2704
0.848942995071,2703
0.849375009537,2702
0.849735975266,2701
0.850079059601,2700
0.850574016571,2699
0.851189851761,2698
0.851883888245,2697
0.853096961975,2696
0.853596925735,2695
0.854533910751,2694
0.855418920517,2693
0.85617184639,2692
0.856417894363,2691
0.857022047043,2690
0.857393026352,2689
0.857560873032,2688
0.857799053192,2687
0.858214855194,2686
0.858613967896,2685
0.858839035034,2684
0.859073877335,2683
0.860121011734,2682
0.860365867615,2681
0.860687017441,2680
0.86102604866,2679
0.86142706871,2678
0.862112045288,2677
0.862640857697,2676
0.862993001938,2675
0.863204956055,2674
0.863534927368,2673
0.864646911621,2672
0.865268945694,2671
0.865716934204,2670
0.867577075958,2669
0.868109941483,2668
0.868541002274,2667
0.869281053543,2666
0.870565891266,2665
0.870756864548,2664
0.871131896973,2663
0.871381998062,2662
0.871521949768,2661
0.871645927429,2660
0.871870040894,2659
0.872855901718,2658
0.873914003372,2657
0.874145030975,2656
0.874593019485,2655
0.874950885773,2654
0.875357866287,2653
0.875549077988,2652
0.876268863678,2651
0.876576900482,2650
0.877740859985,2649
0.878285884857,2648
0.878841876984,2647
0.879036903381,2646
0.880323886871,2645
0.880529880524,2644
0.880759954453,2643
0.880964040756,2642
0.881384849548,2641
0.882422924042,2640
0.883589029312,2639
0.884270906448,2638
0.884518861771,2637
0.884701013565,2636
0.88502407074,2635
0.886301994324,2634
0.886785030365,2633
0.887706041336,2632
0.889447927475,2631
0.889670848846,2630
0.890105962753,2629
0.89032793045,2628
0.890537023544,2627
0.890909910202,2626
0.891167879105,2625
0.89143204689,2624
0.891799926758,2623
0.892199993134,2622
0.892379045486,2621
0.892545938492,2620
0.893133878708,2619
0.896440029144,2618
0.898215055466,2617
0.898869991302,2616
0.899083852768,2615
0.899873971939,2614
0.900182008743,2613
0.901180028915,2612
0.90171790123,2611
0.903203964233,2610
0.903534889221,2609
0.903724908829,2608
0.904411077499,2607
0.905194044113,2606
0.905935049057,2605
0.90624499321,2604
0.906903028488,2603
0.907126903534,2602
0.907541036606,2601
0.908509016037,2600
0.908901929855,2599
0.90979886055,2598
0.910212993622,2597
0.911237955093,2596
0.911401033401,2595
0.91314291954,2594
0.913753986359,2593
0.914123058319,2592
0.915469884872,2591
0.917835950851,2590
0.91800403595,2589
0.918324947357,2588
0.919602870941,2587
0.919971942902,2586
0.920465946198,2585
0.921092987061,2584
0.921417951584,2583
0.922352075577,2582
0.923553943634,2581
0.924300909042,2580
0.924556016922,2579
0.925124883652,2578
0.925901889801,2577
0.926847934723,2576
0.92746591568,2575
0.928761959076,2574
0.930011987686,2573
0.930801868439,2572
0.93177485466,2571
0.933628082275,2570
0.934098958969,2569
0.936673879623,2568
0.9383289814,2567
0.938621044159,2566
0.941508054733,2565
0.942183971405,2564
0.942630052567,2563
0.943233966827,2562
0.943858861923,2561
0.944673061371,2560
0.945232868195,2559
0.945527076721,2558
0.946017980576,2557
0.947813987732,2556
0.948615074158,2555
0.949861049652,2554
0.950672864914,2553
0.951032876968,2552
0.95157790184,2551
0.952621936798,2550
0.953818082809,2549
0.954412937164,2548
0.955165863037,2547
0.955664873123,2546
0.955858945847,2545
0.956163883209,2544
0.956707000732,2543
0.95734500885,2542
0.958200931549,2541
0.959405899048,2540
0.962804079056,2539
0.963041067123,2538
0.963219881058,2537
0.964092969894,2536
0.964415073395,2535
0.964537858963,2534
0.967800855637,2533
0.969984054565,2532
0.970272064209,2531
0.970598936081,2530
0.970727920532,2529
0.971076011658,2528
0.972038030624,2527
0.972326040268,2526
0.973370075226,2525
0.974667072296,2524
0.97584104538,2523
0.976096868515,2522
0.976465940475,2521
0.97692489624,2520
0.97770690918,2519
0.978083848953,2518
0.978296995163,2517
0.978674888611,2516
0.9792740345,2515
0.982768058777,2514
0.983376026154,2513
0.983505010605,2512
0.984390974045,2511
0.984647989273,2510
0.985557079315,2509
0.985943078995,2508
0.986495018005,2507
0.987122058868,2506
0.988101959229,2505
0.988237857819,2504
0.988622903824,2503
0.989950895309,2502
0.991517066956,2501
0.992074966431,2500
0.992235898972,2499
0.992619991302,2498
0.993052005768,2497
0.9932949543,2496
0.993646860123,2495
0.994150876999,2494
0.994792938232,2493
0.995539903641,2492
0.996182918549,2491
0.996511936188,2490
0.997945070267,2489
0.998439073563,2488
1.00008797646,2487
1.00085997581,2486
1.00116896629,2485
1.00177788734,2484
1.00197792053,2483
1.00238704681,2482
1.00307893753,2481
1.00477790833,2480
1.00629901886,2479
1.00646591187,2478
1.00724005699,2477
1.00804591179,2476
1.0082359314,2475
1.00879788399,2474
1.01026701927,2473
1.01082491875,2472
1.01138806343,2471
1.01337099075,2470
1.01358795166,2469
1.01421093941,2468
1.01447701454,2467
1.014950037,2466
1.01517987251,2465
1.01718592644,2464
1.01738095284,2463
1.01822590828,2462
1.01846003532,2461
1.01882386208,2460
1.01928591728,2459
1.01985502243,2458
1.020195961,2457
1.02062988281,2456
1.02137589455,2455
1.02205896378,2454
1.02237892151,2453
1.0228228569,2452
1.02370405197,2451
1.02406001091,2450
1.02423191071,2449
1.02448892593,2448
1.02482199669,2447
1.02532601357,2446
1.0261349678,2445
1.02659606934,2444
1.0268509388,2443
1.03059887886,2442
1.03098201752,2441
1.03137803078,2440
1.03165006638,2439
1.03189492226,2438
1.03236198425,2437
1.03281402588,2436
1.03310203552,2435
1.03410792351,2434
1.03430199623,2433
1.03584003448,2432
1.03596305847,2431
1.03727388382,2430
1.87737798691,2429
1.87930393219,2428
1.87954592705,2427
1.88202595711,2426
1.88243603706,2425
1.88643288612,2424
1.88689088821,2423
1.88956999779,2422
1.89057993889,2421
1.89195394516,2420
1.89444684982,2419
1.89538693428,2418
1.8980588913,2417
1.89918398857,2416
1.90087890625,2415
1.90168595314,2414
1.90435695648,2413
1.9091899395,2412
1.90963196754,2411
1.91124486923,2410
1.91167998314,2409
1.91264796257,2408
2.80471205711,2407
2.80532193184,2406
2.80711388588,2405
2.81207799911,2404
2.81264185905,2403
2.81536793709,2402
2.8181810379,2401
2.81944990158,2400
2.82226800919,2399
2.83221197128,2398
2.83312892914,2397
2.83466386795,2396
2.83507704735,2395
2.84643602371,2394
2.84723687172,2393
2.8522799015,2392
2.85350108147,2391
2.85538196564,2390
2.85721707344,2389
3.70640993118,2388
3.70720100403,2387
3.70996785164,2386
3.71423697472,2385
3.71740102768,2384
3.72849106789,2383
3.72972607613,2382
3.73082184792,2381
3.73164200783,2380
3.73323202133,2379
3.73376393318,2378
3.7349550724,2377
3.73849797249,2376
3.74174690247,2375
3.74397706985,2374
4.5931198597,2373
4.59856987,2372
4.60019898415,2371
4.60185790062,2370
4.60431289673,2369
4.60773205757,2368
4.61218690872,2367
4.61241197586,2366
4.61825489998,2365
4.62093091011,2364
4.62392497063,2363
4.6250140667,2362
4.62608790398,2361
4.6267478466,2360
4.62971186638,2359
5.54581904411,2358
5.54609107971,2357
5.54717707634,2356
5.55198788643,2355
5.55434989929,2354
5.55597186089,2353
5.56021499634,2352
5.56056690216,2351
5.56170105934,2350
5.57009005547,2349
5.57240796089,2348
5.57435393333,2347
6.49885201454,2346
6.50206589699,2345
6.50259184837,2344
6.50399303436,2343
6.51043105125,2342
6.51327705383,2341
6.5142660141,2340
6.51458287239,2339
6.51497507095,2338
6.51769590378,2337
6.51880908012,2336
6.52079391479,2335
6.52152585983,2334
8.35294604301,2333
8.35342502594,2332
8.35383200645,2331
8.35449385643,2330
8.35632801056,2329
8.35828590393,2328
8.36124992371,2327
8.36656188965,2326
8.36678695679,2325
8.37035107613,2324
8.37122106552,2323
9.23747706413,2322
9.24090600014,2321
9.24705386162,2320
9.24902296066,2319
9.24924087524,2318
9.25130295753,2317
9.25328087807,2316
9.25437188148,2315
9.25758004189,2314
9.25863003731,2313
9.25902199745,2312
10.1970119476,2311
10.19728899,2310
10.1977889538,2309
10.1990659237,2308
10.2001729012,2307
11.0826330185,2306
11.0832228661,2305
11.0845720768,2304
12.0316810608,2303
12.0358459949,2302
12.0371499062,2301
12.0394508839,2300
12.0402209759,2299
12.9275319576,2298
13.8854439259,2297
13.8875110149,2296
14.7768230438,2295
16.6813929081,2294
16.6823980808,2293
16.683770895,2292
16.6843140125,2291
16.6852090359,2290
18.5564169884,2289
19.4993860722,2288
19.5007550716,2287
19.5025990009,2286
