0.0335237979889,4940
0.0337069034576,4939
0.0340828895569,4938
0.0344438552856,4937
0.0346968173981,4936
0.034952878952,4935
0.0352377891541,4934
0.0354359149933,4933
0.0357909202576,4932
0.036022901535,4931
0.0363709926605,4930
0.0367658138275,4929
0.0370299816132,4928
0.0371878147125,4927
0.0374720096588,4926
0.0377910137177,4925
0.0379979610443,4924
0.038388967514,4923
0.0385580062866,4922
0.0387818813324,4921
0.0391190052032,4920
0.0396449565887,4919
0.0400269031525,4918
0.0403180122375,4917
0.0406308174133,4916
0.0408179759979,4915
0.0410978794098,4914
0.0414278507233,4913
0.0416839122772,4912
0.0418798923492,4911
0.042121887207,4910
0.0424108505249,4909
0.042778968811,4908
0.0431759357452,4907
0.0433959960938,4906
0.0436108112335,4905
0.0438740253448,4904
0.0442368984222,4903
0.0446310043335,4902
0.044793844223,4901
0.0449688434601,4900
0.0451447963715,4899
0.0457248687744,4898
0.0460338592529,4897
0.0463809967041,4896
0.0466837882996,4895
0.047022819519,4894
0.047394990921,4893
0.0476298332214,4892
0.0479619503021,4891
0.0481038093567,4890
0.0484848022461,4889
0.0486319065094,4888
0.0489568710327,4887
0.0492658615112,4886
0.0494740009308,4885
0.0498518943787,4884
0.0500798225403,4883
0.0504260063171,4882
0.0507209300995,4881
0.0511238574982,4880
0.0512998104095,4879
0.0517067909241,4878
0.0520279407501,4877
0.0522849559784,4876
0.0526459217072,4875
0.0528199672699,4874
0.052973985672,4873
0.0531508922577,4872
0.0535459518433,4871
0.0537548065186,4870
0.0540030002594,4869
0.054328918457,4868
0.054673910141,4867
0.0549848079681,4866
0.0553679466248,4865
0.0555169582367,4864
0.0556898117065,4863
0.0559070110321,4862
0.0561988353729,4861
0.0563948154449,4860
0.056736946106,4859
0.0568988323212,4858
0.057137966156,4857
0.0575459003448,4856
0.0576939582825,4855
0.0579919815063,4854
0.0582458972931,4853
0.0585548877716,4852
0.0589599609375,4851
0.0591938495636,4850
0.0594329833984,4849
0.0596609115601,4848
0.0601089000702,4847
0.0604858398438,4846
0.0607769489288,4845
0.0609397888184,4844
0.0611479282379,4843
0.0614809989929,4842
0.0617098808289,4841
0.0619909763336,4840
0.0622019767761,4839
0.0624749660492,4838
0.0628509521484,4837
0.0630810260773,4836
0.0633959770203,4835
0.0636649131775,4834
0.064062833786,4833
0.0644309520721,4832
0.0646629333496,4831
0.0650269985199,4830
0.0653209686279,4829
0.0655348300934,4828
0.0658450126648,4827
0.066143989563,4826
0.0664927959442,4825
0.0668799877167,4824
0.0670828819275,4823
0.0674488544464,4822
0.0677390098572,4821
0.0679519176483,4820
0.0683279037476,4819
0.0685908794403,4818
0.0689837932587,4817
0.0692119598389,4816
0.0693778991699,4815
0.0695359706879,4814
0.0698459148407,4813
0.070084810257,4812
0.0704510211945,4811
0.0707008838654,4810
0.0710937976837,4809
0.0712399482727,4808
0.0715079307556,4807
0.0718989372253,4806
0.0721349716187,4805
0.0724499225616,4804
0.0726108551025,4803
0.0727939605713,4802
0.072979927063,4801
0.0732169151306,4800
0.0734469890594,4799
0.0738418102264,4798
0.0742158889771,4797
0.0745489597321,4796
0.0748558044434,4795
0.075052022934,4794
0.0754778385162,4793
0.0758910179138,4792
0.0761740207672,4791
0.0766108036041,4790
0.0769138336182,4789
0.0770809650421,4788
0.077271938324,4787
0.0774459838867,4786
0.077773809433,4785
0.0779819488525,4784
0.0782079696655,4783
0.0784180164337,4782
0.0787489414215,4781
0.0789139270782,4780
0.0791218280792,4779
0.079293012619,4778
0.0795359611511,4777
0.0798778533936,4776
0.0801329612732,4775
0.0804359912872,4774
0.0807638168335,4773
0.0809829235077,4772
0.0812458992004,4771
0.0814847946167,4770
0.0817189216614,4769
0.0820188522339,4768
0.0822789669037,4767
0.0825819969177,4766
0.0828788280487,4765
0.0831668376923,4764
0.0833208560944,4763
0.0836608409882,4762
0.0838739871979,4761
0.0842339992523,4760
0.0843739509583,4759
0.0847389698029,4758
0.0849719047546,4757
0.08531498909,4756
0.0854878425598,4755
0.0858340263367,4754
0.0860199928284,4753
0.0863468647003,4752
0.0865778923035,4751
0.086767911911,4750
0.087014913559,4749
0.0872387886047,4748
0.0874810218811,4747
0.0877559185028,4746
0.0879538059235,4745
0.0882079601288,4744
0.0885369777679,4743
0.0888578891754,4742
0.0891180038452,4741
0.0894448757172,4740
0.0897488594055,4739
0.0899388790131,4738
0.0903379917145,4737
0.0907208919525,4736
0.0909328460693,4735
0.0914149284363,4734
0.0917768478394,4733
0.0920538902283,4732
0.0924468040466,4731
0.0927867889404,4730
0.0934689044952,4729
0.0936138629913,4728
0.0939388275146,4727
0.0943169593811,4726
0.0946419239044,4725
0.0950260162354,4724
0.0953528881073,4723
0.095636844635,4722
0.0960059165955,4721
0.0962657928467,4720
0.0965340137482,4719
0.0968868732452,4718
0.0970869064331,4717
0.0974049568176,4716
0.0977079868317,4715
0.0980498790741,4714
0.0983309745789,4713
0.0986638069153,4712
0.099063873291,4711
0.0993359088898,4710
0.0997219085693,4709
0.100045919418,4708
0.100436925888,4707
0.101030826569,4706
0.101391792297,4705
0.101632833481,4704
0.102097988129,4703
0.102237939835,4702
0.102564811707,4701
0.102729797363,4700
0.103009939194,4699
0.103268861771,4698
0.103460788727,4697
0.103779792786,4696
0.104068994522,4695
0.104445934296,4694
0.104762792587,4693
0.105082988739,4692
0.105320930481,4691
0.105652809143,4690
0.105940818787,4689
0.106231927872,4688
0.106589794159,4687
0.106779813766,4686
0.107437849045,4685
0.107664823532,4684
0.10791182518,4683
0.108194828033,4682
0.10858798027,4681
0.108762979507,4680
0.109349012375,4679
0.109694957733,4678
0.110097885132,4677
0.110424995422,4676
0.110821962357,4675
0.111192941666,4674
0.111477851868,4673
0.111737012863,4672
0.112082004547,4671
0.112226963043,4670
0.112761974335,4669
0.113145828247,4668
0.113543987274,4667
0.113711833954,4666
0.113997936249,4665
0.114301919937,4664
0.11453294754,4663
0.114758014679,4662
0.115099906921,4661
0.115357875824,4660
0.115640878677,4659
0.115909814835,4658
0.116118907928,4657
0.116407871246,4656
0.116611003876,4655
0.116766929626,4654
0.11709690094,4653
0.117299795151,4652
0.117489814758,4651
0.117640018463,4650
0.117792844772,4649
0.118006944656,4648
0.118246793747,4647
0.118461847305,4646
0.119005918503,4645
0.119396924973,4644
0.119683980942,4643
0.119903802872,4642
0.120183944702,4641
0.120548009872,4640
0.120729923248,4639
0.121069908142,4638
0.121295928955,4637
0.121644020081,4636
0.122298955917,4635
0.122716903687,4634
0.122996807098,4633
0.123176813126,4632
0.123545885086,4631
0.123721837997,4630
0.123891830444,4629
0.124183893204,4628
0.124327898026,4627
0.124655008316,4626
0.124971866608,4625
0.125494003296,4624
0.125701904297,4623
0.125954866409,4622
0.12611079216,4621
0.12646985054,4620
0.126703977585,4619
0.126997947693,4618
0.127384901047,4617
0.127646923065,4616
0.127869844437,4615
0.128108024597,4614
0.128366947174,4613
0.128706932068,4612
0.128929853439,4611
0.129063844681,4610
0.129405021667,4609
0.129678010941,4608
0.129813909531,4607
0.130114793777,4606
0.130405902863,4605
0.130748987198,4604
0.130889892578,4603
0.131121873856,4602
0.131368875504,4601
0.131894826889,4600
0.132236003876,4599
0.132495880127,4598
0.132699966431,4597
0.132946968079,4596
0.133257865906,4595
0.133561849594,4594
0.133767843246,4593
0.134138822556,4592
0.134349822998,4591
0.134948015213,4590
0.135126829147,4589
0.135312795639,4588
0.135522842407,4587
0.135917901993,4586
0.136104822159,4585
0.136448860168,4584
0.136731863022,4583
0.136916875839,4582
0.137079000473,4581
0.13733291626,4580
0.137717962265,4579
0.138070821762,4578
0.138350963593,4577
0.138635873795,4576
0.138916015625,4575
0.139307022095,4574
0.139722824097,4573
0.139873981476,4572
0.140108823776,4571
0.140256881714,4570
0.140644788742,4569
0.140823841095,4568
0.141131877899,4567
0.141465902328,4566
0.141821861267,4565
0.142189025879,4564
0.142477989197,4563
0.142821788788,4562
0.142984867096,4561
0.143365859985,4560
0.143556833267,4559
0.143831014633,4558
0.144190788269,4557
0.144516944885,4556
0.144999980927,4555
0.145438909531,4554
0.145663022995,4553
0.145900964737,4552
0.146273851395,4551
0.146421909332,4550
0.146765947342,4549
0.146968841553,4548
0.147265911102,4547
0.147702932358,4546
0.147902011871,4545
0.148118019104,4544
0.148335933685,4543
0.148504972458,4542
0.148772954941,4541
0.148952007294,4540
0.149183988571,4539
0.149501800537,4538
0.149873018265,4537
0.150046825409,4536
0.150235891342,4535
0.15038895607,4534
0.150710821152,4533
0.151057958603,4532
0.151260852814,4531
0.151459932327,4530
0.151791810989,4529
0.152064800262,4528
0.152314901352,4527
0.152464866638,4526
0.152875900269,4525
0.153239011765,4524
0.153456926346,4523
0.153640985489,4522
0.153929948807,4521
0.15417098999,4520
0.154421806335,4519
0.15457201004,4518
0.154932975769,4517
0.155406951904,4516
0.155725002289,4515
0.156085014343,4514
0.156252861023,4513
0.156617879868,4512
0.156811952591,4511
0.157156944275,4510
0.157383918762,4509
0.157593011856,4508
0.157783985138,4507
0.158084869385,4506
0.158303022385,4505
0.158466815948,4504
0.158622980118,4503
0.15900182724,4502
0.159165859222,4501
0.159575939178,4500
0.159906864166,4499
0.160291910172,4498
0.160611867905,4497
0.160833835602,4496
0.161063909531,4495
0.161242008209,4494
0.161443948746,4493
0.161581993103,4492
0.161964893341,4491
0.162406921387,4490
0.162717819214,4489
0.162894010544,4488
0.163153886795,4487
0.163661003113,4486
0.163925886154,4485
0.164243936539,4484
0.164616823196,4483
0.164886951447,4482
0.165157794952,4481
0.165493011475,4480
0.165781021118,4479
0.166548013687,4478
0.166720867157,4477
0.167074918747,4476
0.16765999794,4475
0.167881965637,4474
0.168203830719,4473
0.168423891068,4472
0.168618917465,4471
0.168762922287,4470
0.169014930725,4469
0.169301986694,4468
0.169797897339,4467
0.170087814331,4466
0.170259952545,4465
0.17045879364,4464
0.170764923096,4463
0.171029806137,4462
0.171443939209,4461
0.171662807465,4460
0.171800851822,4459
0.172075986862,4458
0.172257900238,4457
0.172779798508,4456
0.172976016998,4455
0.173474788666,4454
0.173802852631,4453
0.174294948578,4452
0.174529790878,4451
0.174692869186,4450
0.17506480217,4449
0.175236940384,4448
0.175457000732,4447
0.175628900528,4446
0.175933837891,4445
0.17610502243,4444
0.176283836365,4443
0.176513910294,4442
0.176941871643,4441
0.177363872528,4440
0.17778801918,4439
0.177979946136,4438
0.178233861923,4437
0.178567886353,4436
0.17888379097,4435
0.179132938385,4434
0.179476976395,4433
0.180004835129,4432
0.180174827576,4431
0.180509805679,4430
0.180966854095,4429
0.181365966797,4428
0.181562900543,4427
0.18169593811,4426
0.181926965714,4425
0.18212389946,4424
0.18227481842,4423
0.182646989822,4422
0.182827949524,4421
0.183031797409,4420
0.183355808258,4419
0.183496952057,4418
0.1837849617,4417
0.184095859528,4416
0.184341907501,4415
0.184562921524,4414
0.184890985489,4413
0.185235023499,4412
0.18559885025,4411
0.185878992081,4410
0.186157941818,4409
0.186367988586,4408
0.186571836472,4407
0.186934947968,4406
0.187105894089,4405
0.187457799911,4404
0.187822818756,4403
0.188107967377,4402
0.188426017761,4401
0.188798904419,4400
0.189297914505,4399
0.189621925354,4398
0.189979791641,4397
0.190213918686,4396
0.190376996994,4395
0.190685987473,4394
0.191023826599,4393
0.19136595726,4392
0.191591978073,4391
0.191915988922,4390
0.192291975021,4389
0.19268488884,4388
0.192915916443,4387
0.19318985939,4386
0.193369865417,4385
0.193655014038,4384
0.193987846375,4383
0.194156885147,4382
0.194302797318,4381
0.194674968719,4380
0.194981813431,4379
0.195173025131,4378
0.195387840271,4377
0.195861816406,4376
0.196172952652,4375
0.196458816528,4374
0.196728944778,4373
0.196990966797,4372
0.197276830673,4371
0.197558879852,4370
0.197732925415,4369
0.19807600975,4368
0.198421955109,4367
0.198894023895,4366
0.199028015137,4365
0.199225902557,4364
0.199553012848,4363
0.199690818787,4362
0.19996380806,4361
0.200167894363,4360
0.200456857681,4359
0.20076584816,4358
0.201053857803,4357
0.201478004456,4356
0.201995849609,4355
0.202368974686,4354
0.202584981918,4353
0.20289683342,4352
0.203106880188,4351
0.203533887863,4350
0.203779935837,4349
0.204250812531,4348
0.204489946365,4347
0.204859018326,4346
0.205075025558,4345
0.205434799194,4344
0.20565700531,4343
0.206012964249,4342
0.206353902817,4341
0.206537008286,4340
0.206805944443,4339
0.207323789597,4338
0.207607984543,4337
0.207774877548,4336
0.20796585083,4335
0.208263874054,4334
0.210041999817,4333
0.210192918777,4332
0.210392951965,4331
0.21135187149,4330
0.211704969406,4329
0.212003946304,4328
0.212490797043,4327
0.212810993195,4326
0.213176012039,4325
0.213476896286,4324
0.213786840439,4323
0.214195013046,4322
0.214639902115,4321
0.214969873428,4320
0.215560913086,4319
0.216100931168,4318
0.216292858124,4317
0.216958999634,4316
0.217240810394,4315
0.217411994934,4314
0.217555999756,4313
0.217757940292,4312
0.218075990677,4311
0.218420982361,4310
0.218567848206,4309
0.218852996826,4308
0.219210863113,4307
0.219401836395,4306
0.219684839249,4305
0.22014093399,4304
0.220468997955,4303
0.220775842667,4302
0.221129894257,4301
0.221307992935,4300
0.221611976624,4299
0.222283840179,4298
0.22261595726,4297
0.223028898239,4296
0.223248958588,4295
0.223521947861,4294
0.223779916763,4293
0.224460840225,4292
0.224932909012,4291
0.225113868713,4290
0.225364923477,4289
0.225878953934,4288
0.226207017899,4287
0.227266788483,4286
0.227465867996,4285
0.228138923645,4284
0.228281021118,4283
0.22856593132,4282
0.228814840317,4281
0.229453802109,4280
0.229789972305,4279
0.230050802231,4278
0.230500936508,4277
0.230702877045,4276
0.231413841248,4275
0.232013940811,4274
0.232152938843,4273
0.232628822327,4272
0.232805967331,4271
0.233193874359,4270
0.233434915543,4269
0.23370885849,4268
0.234097957611,4267
0.23439002037,4266
0.234658002853,4265
0.235196828842,4264
0.235340833664,4263
0.23632979393,4262
0.236656904221,4261
0.236953020096,4260
0.237162828445,4259
0.237403869629,4258
0.237762928009,4257
0.238104820251,4256
0.238739013672,4255
0.2391269207,4254
0.239404916763,4253
0.240073919296,4252
0.24032998085,4251
0.240686893463,4250
0.24084186554,4249
0.241046905518,4248
0.241235971451,4247
0.241541862488,4246
0.241875886917,4245
0.242169857025,4244
0.242494821548,4243
0.242631912231,4242
0.242831945419,4241
0.243397951126,4240
0.243670940399,4239
0.24382185936,4238
0.244099855423,4237
0.244467973709,4236
0.245136022568,4235
0.245283842087,4234
0.245553970337,4233
0.245896816254,4232
0.246148824692,4231
0.246375799179,4230
0.246527910233,4229
0.246723890305,4228
0.24714589119,4227
0.247313976288,4226
0.247469902039,4225
0.247638940811,4224
0.247821807861,4223
0.248133897781,4222
0.248736858368,4221
0.249001979828,4220
0.249353885651,4219
0.24959397316,4218
0.250038862228,4217
0.250597953796,4216
0.250747919083,4215
0.25094294548,4214
0.25123000145,4213
0.251483917236,4212
0.251924991608,4211
0.252193927765,4210
0.252468824387,4209
0.252826929092,4208
0.25346493721,4207
0.253804922104,4206
0.254114866257,4205
0.254395961761,4204
0.254524946213,4203
0.254729986191,4202
0.255006790161,4201
0.255218982697,4200
0.255760908127,4199
0.25598692894,4198
0.25617980957,4197
0.256630897522,4196
0.257243871689,4195
0.257413864136,4194
0.25762796402,4193
0.257955789566,4192
0.258288860321,4191
0.258662939072,4190
0.258900880814,4189
0.259198904037,4188
0.259538888931,4187
0.259846925735,4186
0.260192871094,4185
0.260458946228,4184
0.260746955872,4183
0.261042833328,4182
0.261339902878,4181
0.26153588295,4180
0.261901855469,4179
0.262210845947,4178
0.262552976608,4177
0.262697935104,4176
0.263000965118,4175
0.263360023499,4174
0.264297962189,4173
0.26446890831,4172
0.264830827713,4171
0.265031814575,4170
0.265285968781,4169
0.265585899353,4168
0.26579284668,4167
0.265933990479,4166
0.26660990715,4165
0.266973018646,4164
0.26748085022,4163
0.267653942108,4162
0.267902851105,4161
0.268051862717,4160
0.268810987473,4159
0.269591808319,4158
0.269826889038,4157
0.270373821259,4156
0.270637989044,4155
0.271432876587,4154
0.271667003632,4153
0.272114992142,4152
0.272440910339,4151
0.272652864456,4150
0.273068904877,4149
0.273494005203,4148
0.273974895477,4147
0.27424287796,4146
0.274500846863,4145
0.275269985199,4144
0.275584936142,4143
0.275844812393,4142
0.27601981163,4141
0.276352882385,4140
0.27755689621,4139
0.277722835541,4138
0.278028964996,4137
0.278338909149,4136
0.278606891632,4135
0.278738021851,4134
0.278966903687,4133
0.279179811478,4132
0.279335021973,4131
0.279489994049,4130
0.279901981354,4129
0.280249834061,4128
0.280550003052,4127
0.280741930008,4126
0.281231880188,4125
0.281873941422,4124
0.282209873199,4123
0.282469987869,4122
0.282735824585,4121
0.28299498558,4120
0.283547878265,4119
0.283844947815,4118
0.284031867981,4117
0.284493923187,4116
0.284657001495,4115
0.285003900528,4114
0.285342931747,4113
0.285692930222,4112
0.286039829254,4111
0.286180019379,4110
0.286415815353,4109
0.28675699234,4108
0.287160873413,4107
0.287425994873,4106
0.287648916245,4105
0.28794002533,4104
0.288128852844,4103
0.288308858871,4102
0.28858089447,4101
0.288813829422,4100
0.289444923401,4099
0.289604902267,4098
0.290165901184,4097
0.290682792664,4096
0.291014909744,4095
0.291169881821,4094
0.291304826736,4093
0.291615962982,4092
0.291801929474,4091
0.2920358181,4090
0.292615890503,4089
0.292967796326,4088
0.293237924576,4087
0.293578863144,4086
0.293746948242,4085
0.294912815094,4084
0.295053005219,4083
0.295262813568,4082
0.295615911484,4081
0.295777797699,4080
0.29612994194,4079
0.296381950378,4078
0.296844959259,4077
0.297181844711,4076
0.297442913055,4075
0.29772400856,4074
0.297918796539,4073
0.298090934753,4072
0.298321962357,4071
0.29859995842,4070
0.299237012863,4069
0.299707889557,4068
0.299979925156,4067
0.300298929214,4066
0.300859928131,4065
0.301029920578,4064
0.301493883133,4063
0.30170083046,4062
0.301959991455,4061
0.302228927612,4060
0.302402019501,4059
0.302730798721,4058
0.302999019623,4057
0.303219795227,4056
0.303383827209,4055
0.303584814072,4054
0.303833007812,4053
0.304865837097,4052
0.305359840393,4051
0.305546998978,4050
0.306131839752,4049
0.306440830231,4048
0.306571960449,4047
0.306891918182,4046
0.307043790817,4045
0.307364940643,4044
0.307799816132,4043
0.308257818222,4042
0.308605909348,4041
0.30877995491,4040
0.309050798416,4039
0.309386968613,4038
0.30969285965,4037
0.309958934784,4036
0.31044793129,4035
0.310894012451,4034
0.311316013336,4033
0.311539888382,4032
0.311841964722,4031
0.312086820602,4030
0.312294006348,4029
0.312601804733,4028
0.313151836395,4027
0.313305854797,4026
0.313517808914,4025
0.313905000687,4024
0.314306974411,4023
0.314905881882,4022
0.315475940704,4021
0.315737962723,4020
0.316062927246,4019
0.316337823868,4018
0.316653013229,4017
0.316980838776,4016
0.317342996597,4015
0.317556858063,4014
0.318125963211,4013
0.318331003189,4012
0.318866014481,4011
0.319242954254,4010
0.319388866425,4009
0.319818019867,4008
0.319995880127,4007
0.320199966431,4006
0.320361852646,4005
0.320937871933,4004
0.32138299942,4003
0.321798801422,4002
0.322291851044,4001
0.322533845901,4000
0.323309898376,3999
0.323898792267,3998
0.324046850204,3997
0.324401855469,3996
0.324613809586,3995
0.324929952621,3994
0.325409889221,3993
0.325708866119,3992
0.325917005539,3991
0.326100826263,3990
0.326284885406,3989
0.326465845108,3988
0.326643943787,3987
0.327044010162,3986
0.327214002609,3985
0.32786989212,3984
0.328055858612,3983
0.328579902649,3982
0.328738927841,3981
0.328866958618,3980
0.329016923904,3979
0.329573869705,3978
0.329970836639,3977
0.330173015594,3976
0.330326795578,3975
0.330468893051,3974
0.330632925034,3973
0.331295013428,3972
0.332117795944,3971
0.332684993744,3970
0.33287191391,3969
0.333060979843,3968
0.333362817764,3967
0.333810806274,3966
0.334125995636,3965
0.334253787994,3964
0.334650993347,3963
0.334797859192,3962
0.33501791954,3961
0.335163831711,3960
0.335516929626,3959
0.335706949234,3958
0.335928916931,3957
0.336201906204,3956
0.336478948593,3955
0.336686849594,3954
0.336980819702,3953
0.337191820145,3952
0.337364912033,3951
0.338078975677,3950
0.338254928589,3949
0.338833808899,3948
0.339627981186,3947
0.340515851974,3946
0.341007947922,3945
0.34125494957,3944
0.342042922974,3943
0.342236995697,3942
0.342716932297,3941
0.343741893768,3940
0.343926906586,3939
0.344091892242,3938
0.344376802444,3937
0.34478187561,3936
0.344983816147,3935
0.345801830292,3934
0.346097946167,3933
0.346335887909,3932
0.346799850464,3931
0.347213983536,3930
0.348388910294,3929
0.348999023438,3928
0.349126815796,3927
0.34935092926,3926
0.349599838257,3925
0.3502368927,3924
0.350535869598,3923
0.350967884064,3922
0.351243972778,3921
0.351594924927,3920
0.35218000412,3919
0.352379798889,3918
0.352676868439,3917
0.353026866913,3916
0.353304862976,3915
0.353627920151,3914
0.353869915009,3913
0.354122877121,3912
0.35444688797,3911
0.354990005493,3910
0.355283021927,3909
0.355593919754,3908
0.355731010437,3907
0.355873823166,3906
0.357186794281,3905
0.357898950577,3904
0.358197927475,3903
0.358747959137,3902
0.358961820602,3901
0.359496831894,3900
0.359895944595,3899
0.360440969467,3898
0.361132860184,3897
0.361353874207,3896
0.361666917801,3895
0.362279891968,3894
0.362645864487,3893
0.363111972809,3892
0.363416910172,3891
0.363890886307,3890
0.364147901535,3889
0.36486697197,3888
0.365145921707,3887
0.365358829498,3886
0.365727901459,3885
0.365858793259,3884
0.366181850433,3883
0.366348981857,3882
0.366594791412,3881
0.36715388298,3880
0.367682933807,3879
0.367896795273,3878
0.36832690239,3877
0.369046926498,3876
0.369268894196,3875
0.369575977325,3874
0.370185852051,3873
0.370404958725,3872
0.370611906052,3871
0.370737791061,3870
0.371443986893,3869
0.371609926224,3868
0.37180685997,3867
0.372146844864,3866
0.372368812561,3865
0.37269282341,3864
0.373003959656,3863
0.373147964478,3862
0.3737180233,3861
0.374780893326,3860
0.374957799911,3859
0.375129938126,3858
0.375646829605,3857
0.375827789307,3856
0.376001834869,3855
0.376248836517,3854
0.376524925232,3853
0.376914978027,3852
0.377210855484,3851
0.377570867538,3850
0.377895832062,3849
0.378148794174,3848
0.378395795822,3847
0.378566980362,3846
0.378819942474,3845
0.379106998444,3844
0.379405021667,3843
0.380057811737,3842
0.380180835724,3841
0.380442857742,3840
0.380800008774,3839
0.380998849869,3838
0.381603002548,3837
0.381897926331,3836
0.382359981537,3835
0.3829870224,3834
0.383695840836,3833
0.384233951569,3832
0.385054826736,3831
0.385613918304,3830
0.385933876038,3829
0.38618683815,3828
0.386344909668,3827
0.386590957642,3826
0.38695192337,3825
0.387205839157,3824
0.387640953064,3823
0.388243913651,3822
0.388417005539,3821
0.388738870621,3820
0.388938903809,3819
0.389196872711,3818
0.389613866806,3817
0.390072822571,3816
0.390398025513,3815
0.390704870224,3814
0.390961885452,3813
0.392153024673,3812
0.39258480072,3811
0.39342880249,3810
0.394112825394,3809
0.394654989243,3808
0.394903898239,3807
0.395212888718,3806
0.395582914352,3805
0.396245002747,3804
0.396559000015,3803
0.396870851517,3802
0.397048950195,3801
0.397230863571,3800
0.397506952286,3799
0.398152828217,3798
0.398337841034,3797
0.398494005203,3796
0.399169921875,3795
0.399330854416,3794
0.399549007416,3793
0.399828910828,3792
0.400156974792,3791
0.400669813156,3790
0.400936841965,3789
0.40118098259,3788
0.401525020599,3787
0.401812791824,3786
0.401970863342,3785
0.402205944061,3784
0.4024310112,3783
0.402971982956,3782
0.403268814087,3781
0.403487920761,3780
0.404016971588,3779
0.40434384346,3778
0.405260801315,3777
0.405562877655,3776
0.407080888748,3775
0.407665967941,3774
0.407871007919,3773
0.408161878586,3772
0.40847992897,3771
0.408681869507,3770
0.4088139534,3769
0.409278869629,3768
0.40990281105,3767
0.41045999527,3766
0.410753965378,3765
0.411010980606,3764
0.411628961563,3763
0.411952972412,3762
0.412240982056,3761
0.412560939789,3760
0.412693977356,3759
0.413239955902,3758
0.41362786293,3757
0.413793802261,3756
0.414111852646,3755
0.414942026138,3754
0.415236949921,3753
0.415693998337,3752
0.415915966034,3751
0.416476964951,3750
0.416647911072,3749
0.417065858841,3748
0.417220830917,3747
0.417742967606,3746
0.418084859848,3745
0.418277025223,3744
0.418926954269,3743
0.419547796249,3742
0.419742822647,3741
0.420082807541,3740
0.420495986938,3739
0.420819997787,3738
0.421205997467,3737
0.421393871307,3736
0.421962022781,3735
0.422105789185,3734
0.422242879868,3733
0.422528982162,3732
0.422816991806,3731
0.423043966293,3730
0.423288822174,3729
0.423508882523,3728
0.424085855484,3727
0.424576997757,3726
0.424904823303,3725
0.425189971924,3724
0.425523996353,3723
0.426190853119,3722
0.426573991776,3721
0.426890850067,3720
0.427273988724,3719
0.427594900131,3718
0.427958965302,3717
0.428264856339,3716
0.428778886795,3715
0.428993940353,3714
0.429138898849,3713
0.42946100235,3712
0.429637908936,3711
0.430099964142,3710
0.430406808853,3709
0.43082690239,3708
0.430981874466,3707
0.431298971176,3706
0.431612968445,3705
0.431741952896,3704
0.43226480484,3703
0.432794809341,3702
0.432988882065,3701
0.433239936829,3700
0.433672904968,3699
0.434303998947,3698
0.434805870056,3697
0.435395956039,3696
0.435544967651,3695
0.43585896492,3694
0.436141014099,3693
0.43631696701,3692
0.436596870422,3691
0.437075853348,3690
0.437289953232,3689
0.43772482872,3688
0.438158988953,3687
0.438688993454,3686
0.439075946808,3685
0.43964099884,3684
0.439950942993,3683
0.440154790878,3682
0.440596818924,3681
0.440815925598,3680
0.440958023071,3679
0.441195964813,3678
0.441823005676,3677
0.442603826523,3676
0.442947864532,3675
0.443395853043,3674
0.443797826767,3673
0.444266796112,3672
0.444440841675,3671
0.444591999054,3670
0.445299863815,3669
0.445535898209,3668
0.445803880692,3667
0.446236848831,3666
0.446676015854,3665
0.446985960007,3664
0.447242975235,3663
0.447489976883,3662
0.4476749897,3661
0.448364019394,3660
0.4486079216,3659
0.448963880539,3658
0.449423789978,3657
0.449976921082,3656
0.450169801712,3655
0.450825929642,3654
0.450968980789,3653
0.451236009598,3652
0.451447963715,3651
0.451772928238,3650
0.451970815659,3649
0.452155828476,3648
0.452477931976,3647
0.453320980072,3646
0.453444004059,3645
0.453817844391,3644
0.454110860825,3643
0.454671859741,3642
0.454988956451,3641
0.455296993256,3640
0.455569982529,3639
0.456207990646,3638
0.456722974777,3637
0.457101821899,3636
0.457372903824,3635
0.457556009293,3634
0.458154916763,3633
0.458280801773,3632
0.458564996719,3631
0.458948850632,3630
0.459328889847,3629
0.459640026093,3628
0.459969997406,3627
0.460214853287,3626
0.460858821869,3625
0.461157798767,3624
0.461500883102,3623
0.461958885193,3622
0.462234020233,3621
0.462376832962,3620
0.46254491806,3619
0.462771892548,3618
0.463153839111,3617
0.463408946991,3616
0.463972806931,3615
0.464231967926,3614
0.464552879333,3613
0.464926958084,3612
0.46578001976,3611
0.466219902039,3610
0.46634888649,3609
0.466495990753,3608
0.466802835464,3607
0.467042922974,3606
0.467389822006,3605
0.46769285202,3604
0.467959880829,3603
0.468230962753,3602
0.468832969666,3601
0.469560861588,3600
0.469846963882,3599
0.470293998718,3598
0.470609903336,3597
0.471102952957,3596
0.471453905106,3595
0.471721887589,3594
0.472292900085,3593
0.472553014755,3592
0.472687005997,3591
0.472937822342,3590
0.473057985306,3589
0.4733979702,3588
0.473708868027,3587
0.473895788193,3586
0.474238872528,3585
0.474548816681,3584
0.474852800369,3583
0.475034952164,3582
0.475291967392,3581
0.475441932678,3580
0.475822925568,3579
0.475963830948,3578
0.476916790009,3577
0.477093935013,3576
0.477308988571,3575
0.477520942688,3574
0.477804899216,3573
0.477934837341,3572
0.478464841843,3571
0.478714942932,3570
0.479099988937,3569
0.479288816452,3568
0.479524850845,3567
0.480075836182,3566
0.480352878571,3565
0.48065495491,3564
0.480861902237,3563
0.481095790863,3562
0.481234788895,3561
0.4823179245,3560
0.482739925385,3559
0.483170986176,3558
0.484002828598,3557
0.484356880188,3556
0.48454284668,3555
0.484947919846,3554
0.485538959503,3553
0.486014842987,3552
0.486553907394,3551
0.486957788467,3550
0.48707985878,3549
0.487330913544,3548
0.487506866455,3547
0.487684965134,3546
0.487972974777,3545
0.488452911377,3544
0.489394903183,3543
0.490336894989,3542
0.490681886673,3541
0.490939855576,3540
0.491115808487,3539
0.491349935532,3538
0.491626024246,3537
0.491842985153,3536
0.491983890533,3535
0.492808818817,3534
0.493714809418,3533
0.494001865387,3532
0.494467973709,3531
0.494701862335,3530
0.494835853577,3529
0.495366811752,3528
0.496174812317,3527
0.496781826019,3526
0.497356891632,3525
0.497709989548,3524
0.497886896133,3523
0.498055934906,3522
0.498282909393,3521
0.498544931412,3520
0.499223947525,3519
0.499516963959,3518
0.50091791153,3517
0.501382827759,3516
0.502456903458,3515
0.50260591507,3514
0.502938985825,3513
0.503294944763,3512
0.503481864929,3511
0.503722906113,3510
0.503906965256,3509
0.504093885422,3508
0.504501819611,3507
0.504946947098,3506
0.505403995514,3505
0.505784988403,3504
0.505916833878,3503
0.506274938583,3502
0.506467819214,3501
0.506656885147,3500
0.507056951523,3499
0.507243871689,3498
0.508621931076,3497
0.509114980698,3496
0.509400844574,3495
0.509914875031,3494
0.510250806808,3493
0.510473966599,3492
0.51062297821,3491
0.510859966278,3490
0.511091947556,3489
0.51162981987,3488
0.5118060112,3487
0.512036800385,3486
0.512226819992,3485
0.512359857559,3484
0.512544870377,3483
0.513239860535,3482
0.51349902153,3481
0.513844013214,3480
0.514297008514,3479
0.5147960186,3478
0.515016794205,3477
0.515367984772,3476
0.515729904175,3475
0.516371011734,3474
0.516518831253,3473
0.516702890396,3472
0.516942024231,3471
0.517271995544,3470
0.517441987991,3469
0.517712831497,3468
0.517857789993,3467
0.519135951996,3466
0.519608020782,3465
0.520015001297,3464
0.520720005035,3463
0.521096944809,3462
0.52140378952,3461
0.521544933319,3460
0.521888017654,3459
0.522294998169,3458
0.522681951523,3457
0.523132801056,3456
0.523268938065,3455
0.524173974991,3454
0.524351835251,3453
0.52542591095,3452
0.525568962097,3451
0.526342868805,3450
0.526695966721,3449
0.527056932449,3448
0.52795791626,3447
0.528213024139,3446
0.528356790543,3445
0.528502941132,3444
0.52899479866,3443
0.529163837433,3442
0.529595851898,3441
0.530013799667,3440
0.53023481369,3439
0.530894994736,3438
0.531636953354,3437
0.532238006592,3436
0.53248500824,3435
0.533084869385,3434
0.533921957016,3433
0.534148931503,3432
0.53436088562,3431
0.535586833954,3430
0.536257982254,3429
0.536458969116,3428
0.536989927292,3427
0.537465810776,3426
0.53848695755,3425
0.539030790329,3424
0.53928899765,3423
0.539881944656,3422
0.540274858475,3421
0.540440797806,3420
0.540920972824,3419
0.541379928589,3418
0.542464971542,3417
0.543008804321,3416
0.543427944183,3415
0.543844938278,3414
0.543990850449,3413
0.544222831726,3412
0.544404983521,3411
0.544871807098,3410
0.54527592659,3409
0.546270847321,3408
0.546554803848,3407
0.547060012817,3406
0.547336816788,3405
0.547649860382,3404
0.547981977463,3403
0.5485060215,3402
0.548811912537,3401
0.549043893814,3400
0.549667835236,3399
0.550014972687,3398
0.550230026245,3397
0.550542831421,3396
0.551198959351,3395
0.551606893539,3394
0.552129983902,3393
0.552423000336,3392
0.552730798721,3391
0.553107976913,3390
0.553490877151,3389
0.553927898407,3388
0.555269956589,3387
0.555420875549,3386
0.556285858154,3385
0.556865930557,3384
0.55725979805,3383
0.557580947876,3382
0.557971954346,3381
0.558513879776,3380
0.559606790543,3379
0.560070991516,3378
0.560986995697,3377
0.561539888382,3376
0.561874866486,3375
0.562747001648,3374
0.563783884048,3373
0.564231872559,3372
0.565176010132,3371
0.565737962723,3370
0.566180944443,3369
0.567296981812,3368
0.567480802536,3367
0.567948818207,3366
0.568699836731,3365
0.569576025009,3364
0.570628881454,3363
0.571408987045,3362
0.571543931961,3361
0.572336912155,3360
0.572772026062,3359
0.572958946228,3358
0.573449850082,3357
0.57484793663,3356
0.575459957123,3355
0.575692892075,3354
0.576128959656,3353
0.576675891876,3352
0.577785968781,3351
0.577989816666,3350
0.578655958176,3349
0.578992843628,3348
0.579418897629,3347
0.579704999924,3346
0.579986810684,3345
0.580461978912,3344
0.580889940262,3343
0.581187963486,3342
0.581448793411,3341
0.582271814346,3340
0.582720994949,3339
0.582966804504,3338
0.583962917328,3337
0.584851980209,3336
0.584994792938,3335
0.585155010223,3334
0.58536696434,3333
0.585716962814,3332
0.585915803909,3331
0.586272954941,3330
0.586833000183,3329
0.58698797226,3328
0.587653875351,3327
0.588361024857,3326
0.588506937027,3325
0.588822841644,3324
0.588963985443,3323
0.589393854141,3322
0.590740919113,3321
0.591662883759,3320
0.591830015182,3319
0.592077970505,3318
0.59228682518,3317
0.592590808868,3316
0.592808008194,3315
0.59297990799,3314
0.593492984772,3313
0.594203948975,3312
0.594746828079,3311
0.595171928406,3310
0.59562587738,3309
0.596344947815,3308
0.596512794495,3307
0.596685886383,3306
0.598334789276,3305
0.599383831024,3304
0.599780797958,3303
0.600361824036,3302
0.60059595108,3301
0.600800991058,3300
0.60200381279,3299
0.602600812912,3298
0.602957963943,3297
0.603996992111,3296
0.604947805405,3295
0.605731964111,3294
0.60608792305,3293
0.606544971466,3292
0.606897830963,3291
0.607044935226,3290
0.607205867767,3289
0.607414007187,3288
0.607784986496,3287
0.608101844788,3286
0.608254909515,3285
0.608476877213,3284
0.609313964844,3283
0.609942913055,3282
0.610109806061,3281
0.61039185524,3280
0.610720872879,3279
0.611255884171,3278
0.611421823502,3277
0.611635923386,3276
0.611922025681,3275
0.612221002579,3274
0.612624883652,3273
0.612898826599,3272
0.613745927811,3271
0.613999843597,3270
0.61431479454,3269
0.614467859268,3268
0.61497092247,3267
0.615419864655,3266
0.615561962128,3265
0.61581993103,3264
0.616233825684,3263
0.616499900818,3262
0.616675853729,3261
0.616986989975,3260
0.61740899086,3259
0.617616891861,3258
0.61798286438,3257
0.618218898773,3256
0.618575811386,3255
0.619029998779,3254
0.619417905807,3253
0.619979858398,3252
0.620601892471,3251
0.621333837509,3250
0.621650934219,3249
0.621793985367,3248
0.622474908829,3247
0.624140024185,3246
0.625067949295,3245
0.625650882721,3244
0.626149892807,3243
0.62651181221,3242
0.627035856247,3241
0.627883911133,3240
0.628148794174,3239
0.628834009171,3238
0.629362821579,3237
0.629500865936,3236
0.629876852036,3235
0.630486011505,3234
0.631052970886,3233
0.631884813309,3232
0.632025003433,3231
0.632516860962,3230
0.632819890976,3229
0.633260965347,3228
0.633563995361,3227
0.633795976639,3226
0.634225845337,3225
0.634907007217,3224
0.635586977005,3223
0.635860919952,3222
0.636596918106,3221
0.636934995651,3220
0.637286901474,3219
0.637799024582,3218
0.638757944107,3217
0.639060974121,3216
0.640688896179,3215
0.6412358284,3214
0.641564846039,3213
0.642236948013,3212
0.6428399086,3211
0.64368391037,3210
0.643831014633,3209
0.644164800644,3208
0.644958019257,3207
0.645476818085,3206
0.645761013031,3205
0.646040916443,3204
0.646386861801,3203
0.646662950516,3202
0.647320985794,3201
0.647604942322,3200
0.647753953934,3199
0.648286819458,3198
0.648903846741,3197
0.649420022964,3196
0.649590969086,3195
0.649749994278,3194
0.649918794632,3193
0.650103807449,3192
0.650578975677,3191
0.651609897614,3190
0.651841878891,3189
0.6520819664,3188
0.65261888504,3187
0.653075933456,3186
0.653450965881,3185
0.653710842133,3184
0.653951883316,3183
0.65439081192,3182
0.654546022415,3181
0.65468788147,3180
0.654922962189,3179
0.655928850174,3178
0.656527996063,3177
0.656824827194,3176
0.657016992569,3175
0.657557964325,3174
0.658216953278,3173
0.658573865891,3172
0.659055948257,3171
0.65931391716,3170
0.659572839737,3169
0.660139799118,3168
0.660481929779,3167
0.660710811615,3166
0.660934925079,3165
0.661363840103,3164
0.661573886871,3163
0.661975860596,3162
0.662094831467,3161
0.66234087944,3160
0.662519931793,3159
0.663458824158,3158
0.663667917252,3157
0.66384601593,3156
0.664187908173,3155
0.664371013641,3154
0.664623022079,3153
0.66485285759,3152
0.665050983429,3151
0.666082859039,3150
0.666595935822,3149
0.666849851608,3148
0.668084859848,3147
0.668263912201,3146
0.668515920639,3145
0.668959856033,3144
0.669199943542,3143
0.669933795929,3142
0.670349836349,3141
0.671645879745,3140
0.672247886658,3139
0.67288684845,3138
0.673156023026,3137
0.673367023468,3136
0.673635005951,3135
0.674209833145,3134
0.674409866333,3133
0.676038980484,3132
0.6763048172,3131
0.677461862564,3130
0.677755832672,3129
0.677875995636,3128
0.678490877151,3127
0.678740024567,3126
0.678913831711,3125
0.679130792618,3124
0.679370880127,3123
0.680009841919,3122
0.680481910706,3121
0.680912971497,3120
0.681398868561,3119
0.682098865509,3118
0.68222284317,3117
0.682681798935,3116
0.682892799377,3115
0.683562994003,3114
0.683990001678,3113
0.68425488472,3112
0.684741020203,3111
0.68500995636,3110
0.685189008713,3109
0.686342000961,3108
0.687599897385,3107
0.687803983688,3106
0.688089847565,3105
0.689208984375,3104
0.69015789032,3103
0.690331935883,3102
0.690686941147,3101
0.691020011902,3100
0.691222906113,3099
0.691471815109,3098
0.691964864731,3097
0.692720890045,3096
0.693264007568,3095
0.693858861923,3094
0.694813966751,3093
0.695057868958,3092
0.695695877075,3091
0.695813894272,3090
0.69599199295,3089
0.696300983429,3088
0.696557998657,3087
0.69694185257,3086
0.697124004364,3085
0.697301864624,3084
0.697834968567,3083
0.698623895645,3082
0.699495792389,3081
0.700711965561,3080
0.701658964157,3079
0.701946973801,3078
0.702214002609,3077
0.702630996704,3076
0.703505992889,3075
0.704168796539,3074
0.704365968704,3073
0.704487800598,3072
0.705174922943,3071
0.705953836441,3070
0.70619392395,3069
0.706444978714,3068
0.707296848297,3067
0.707505941391,3066
0.708897829056,3065
0.709211826324,3064
0.709967851639,3063
0.710233926773,3062
0.710387945175,3061
0.710966825485,3060
0.711869955063,3059
0.712095975876,3058
0.712432861328,3057
0.712790966034,3056
0.713027000427,3055
0.713511943817,3054
0.713815927505,3053
0.71412396431,3052
0.714526891708,3051
0.714766025543,3050
0.715008020401,3049
0.715154886246,3048
0.715301990509,3047
0.715505838394,3046
0.715759992599,3045
0.716072797775,3044
0.716586828232,3043
0.717794895172,3042
0.718005895615,3041
0.718199968338,3040
0.718941926956,3039
0.719142913818,3038
0.719450950623,3037
0.719990968704,3036
0.720291852951,3035
0.720770835876,3034
0.721801996231,3033
0.722548961639,3032
0.723074913025,3031
0.723726987839,3030
0.724118947983,3029
0.724247932434,3028
0.724467992783,3027
0.724701881409,3026
0.724900960922,3025
0.725235939026,3024
0.72599697113,3023
0.726276874542,3022
0.726852893829,3021
0.727417945862,3020
0.727799892426,3019
0.728042840958,3018
0.728718996048,3017
0.729091882706,3016
0.729791879654,3015
0.730046987534,3014
0.730268955231,3013
0.73122882843,3012
0.731400966644,3011
0.732160806656,3010
0.732316017151,3009
0.732651948929,3008
0.732771873474,3007
0.733150959015,3006
0.733551979065,3005
0.73396897316,3004
0.734278917313,3003
0.735085964203,3002
0.735324859619,3001
0.735514879227,3000
0.735696792603,2999
0.73584985733,2998
0.736001014709,2997
0.736223936081,2996
0.736979007721,2995
0.737851858139,2994
0.738032817841,2993
0.739002943039,2992
0.739516019821,2991
0.739781856537,2990
0.74035692215,2989
0.740563869476,2988
0.74111700058,2987
0.742118835449,2986
0.742362976074,2985
0.742568016052,2984
0.743458986282,2983
0.74408698082,2982
0.74428486824,2981
0.744553804398,2980
0.74510884285,2979
0.745530843735,2978
0.745773792267,2977
0.746459007263,2976
0.746684789658,2975
0.747772932053,2974
0.748111963272,2973
0.74840593338,2972
0.748966932297,2971
0.749917984009,2970
0.7502348423,2969
0.751533985138,2968
0.751857995987,2967
0.752316951752,2966
0.752558946609,2965
0.752806901932,2964
0.75305891037,2963
0.75390791893,2962
0.754248857498,2961
0.754856824875,2960
0.755163908005,2959
0.755421876907,2958
0.755603790283,2957
0.755870819092,2956
0.756772994995,2955
0.757175922394,2954
0.757462978363,2953
0.758323907852,2952
0.759285926819,2951
0.760469913483,2950
0.76108288765,2949
0.761363983154,2948
0.762157917023,2947
0.76234793663,2946
0.762524843216,2945
0.763029813766,2944
0.763291835785,2943
0.763705968857,2942
0.764000892639,2941
0.764257907867,2940
0.765393018723,2939
0.767035007477,2938
0.767609834671,2937
0.768034934998,2936
0.768582820892,2935
0.768899917603,2934
0.770191907883,2933
0.770453929901,2932
0.77067399025,2931
0.770984888077,2930
0.771953821182,2929
0.772323846817,2928
0.772578001022,2927
0.772756814957,2926
0.773295879364,2925
0.773907899857,2924
0.774142980576,2923
0.776036977768,2922
0.776551961899,2921
0.776859998703,2920
0.77730679512,2919
0.777601957321,2918
0.778131961823,2917
0.77837896347,2916
0.77893280983,2915
0.779115915298,2914
0.780284881592,2913
0.780545949936,2912
0.781088829041,2911
0.781209945679,2910
0.782019853592,2909
0.782471895218,2908
0.782949924469,2907
0.783298015594,2906
0.78354382515,2905
0.783861875534,2904
0.784143924713,2903
0.784503936768,2902
0.785264968872,2901
0.785597801208,2900
0.78647685051,2899
0.786720991135,2898
0.787205934525,2897
0.78732585907,2896
0.787592887878,2895
0.787808895111,2894
0.787952899933,2893
0.788317918777,2892
0.789228916168,2891
0.790013790131,2890
0.790331840515,2889
0.79105591774,2888
0.791700839996,2887
0.792403936386,2886
0.792927980423,2885
0.793247938156,2884
0.793667793274,2883
0.794013023376,2882
0.794591903687,2881
0.794798851013,2880
0.795310974121,2879
0.795568943024,2878
0.796185970306,2877
0.796391963959,2876
0.79737496376,2875
0.798021793365,2874
0.798935890198,2873
0.799283981323,2872
0.80006980896,2871
0.800390958786,2870
0.800519943237,2869
0.801430940628,2868
0.802811861038,2867
0.803843021393,2866
0.80580496788,2865
0.807634830475,2864
0.808038949966,2863
0.808298826218,2862
0.808531999588,2861
0.808934926987,2860
0.809686899185,2859
0.810148954391,2858
0.81035399437,2857
0.811187982559,2856
0.81144785881,2855
0.811906814575,2854
0.812881946564,2853
0.813235998154,2852
0.814512968063,2851
0.815159797668,2850
0.815289974213,2849
0.81545996666,2848
0.815727949142,2847
0.815984964371,2846
0.816455841064,2845
0.817220926285,2844
0.817704916,2843
0.818008899689,2842
0.818604946136,2841
0.818807840347,2840
0.819177865982,2839
0.819666862488,2838
0.819852828979,2837
0.820573806763,2836
0.821093797684,2835
0.82133102417,2834
0.822328805923,2833
0.822650909424,2832
0.822794914246,2831
0.823863983154,2830
0.824122905731,2829
0.824284791946,2828
0.824522018433,2827
0.824848890305,2826
0.82537484169,2825
0.825977802277,2824
0.826717853546,2823
0.826947927475,2822
0.827843904495,2821
0.828091859818,2820
0.82840180397,2819
0.828589916229,2818
0.829479932785,2817
0.830019950867,2816
0.830816984177,2815
0.831061840057,2814
0.831520795822,2813
0.831754922867,2812
0.833311796188,2811
0.833694934845,2810
0.834396839142,2809
0.83486199379,2808
0.835496902466,2807
0.835686922073,2806
0.835803985596,2805
0.836035966873,2804
0.836520910263,2803
0.83767580986,2802
0.838003873825,2801
0.838692903519,2800
0.839838981628,2799
0.83997797966,2798
0.840206861496,2797
0.840906858444,2796
0.841485977173,2795
0.841887950897,2794
0.842042922974,2793
0.845210790634,2792
0.845463991165,2791
0.845816850662,2790
0.846171855927,2789
0.846494913101,2788
0.847229957581,2787
0.847643852234,2786
0.847836971283,2785
0.8481798172,2784
0.848429918289,2783
0.848945856094,2782
0.849326848984,2781
0.849600791931,2780
0.850710868835,2779
0.851037979126,2778
0.851401805878,2777
0.851632833481,2776
0.852132797241,2775
0.852792978287,2774
0.852962970734,2773
0.853273868561,2772
0.853434801102,2771
0.854203939438,2770
0.854342937469,2769
0.854779958725,2768
0.854915857315,2767
0.8569688797,2766
0.857758998871,2765
0.858386993408,2764
0.858999013901,2763
0.859258890152,2762
0.86003279686,2761
0.861496925354,2760
0.862150907516,2759
0.862442016602,2758
0.862895965576,2757
0.863096952438,2756
0.863884925842,2755
0.864018917084,2754
0.864421844482,2753
0.864956855774,2752
0.865268945694,2751
0.865681886673,2750
0.866566896439,2749
0.866717815399,2748
0.869789838791,2747
0.869915962219,2746
0.870600938797,2745
0.871445894241,2744
0.871788978577,2743
0.872051000595,2742
0.873042821884,2741
0.873303890228,2740
0.875036001205,2739
0.875695943832,2738
0.875867843628,2737
0.87601685524,2736
0.876891851425,2735
0.877668857574,2734
0.877868890762,2733
0.878635883331,2732
0.87931394577,2731
0.879891872406,2730
0.880419969559,2729
0.880658864975,2728
0.881150007248,2727
0.881766796112,2726
0.882489919662,2725
0.883116006851,2724
0.883724927902,2723
0.884568929672,2722
0.88484787941,2721
0.885435819626,2720
0.885703802109,2719
0.886221885681,2718
0.886428833008,2717
0.886689901352,2716
0.887359857559,2715
0.888417005539,2714
0.888546943665,2713
0.88938999176,2712
0.889591932297,2711
0.889902830124,2710
0.890029907227,2709
0.890216827393,2708
0.89090681076,2707
0.891535997391,2706
0.891680002213,2705
0.892191886902,2704
0.89244389534,2703
0.895457983017,2702
0.895692825317,2701
0.896437883377,2700
0.896678924561,2699
0.898022890091,2698
0.898308992386,2697
0.898576974869,2696
0.898911952972,2695
0.900120973587,2694
0.900733947754,2693
0.901031017303,2692
0.901845932007,2691
0.903940916061,2690
0.904470920563,2689
0.905241966248,2688
0.905820846558,2687
0.906898021698,2686
0.907073974609,2685
0.907351016998,2684
0.907616853714,2683
0.908650875092,2682
0.908972978592,2681
0.909341812134,2680
0.910024881363,2679
0.910216808319,2678
0.911226987839,2677
0.912130832672,2676
0.912397861481,2675
0.912575006485,2674
0.913427829742,2673
0.914038896561,2672
0.914757013321,2671
0.915596008301,2670
0.915863990784,2669
0.91854095459,2668
0.918674945831,2667
0.918800830841,2666
0.918987989426,2665
0.91916680336,2664
0.919857025146,2663
0.92185997963,2662
0.922837018967,2661
0.923461914062,2660
0.924633979797,2659
0.925182819366,2658
0.925683021545,2657
0.926780939102,2656
0.927145957947,2655
0.927407979965,2654
0.927618980408,2653
0.928095817566,2652
0.929208993912,2651
0.930991888046,2650
0.931504011154,2649
0.932875871658,2648
0.934204816818,2647
0.934585809708,2646
0.935169935226,2645
0.935290813446,2644
0.936424970627,2643
0.936807870865,2642
0.937136888504,2641
0.937372922897,2640
0.938279867172,2639
0.938529968262,2638
0.938750982285,2637
0.939245939255,2636
0.940023899078,2635
0.940279006958,2634
0.940461874008,2633
0.940905809402,2632
0.941099882126,2631
0.942255020142,2630
0.942505836487,2629
0.943039894104,2628
0.944308996201,2627
0.945271015167,2626
0.94637298584,2625
0.946848869324,2624
0.947323799133,2623
0.947567939758,2622
0.947940826416,2621
0.948771953583,2620
0.949491977692,2619
0.949911832809,2618
0.950176954269,2617
0.950959920883,2616
0.951545953751,2615
0.952121019363,2614
0.953131914139,2613
0.953472852707,2612
0.95439696312,2611
0.954739809036,2610
0.956687927246,2609
0.956957817078,2608
0.957572937012,2607
0.957703828812,2606
0.958247900009,2605
0.959335803986,2604
0.95959186554,2603
0.960323810577,2602
0.960577964783,2601
0.96070599556,2600
0.961188793182,2599
0.961634874344,2598
0.961946964264,2597
0.962203979492,2596
0.962595939636,2595
0.962868928909,2594
0.963419914246,2593
0.964656829834,2592
0.965341806412,2591
0.96558380127,2590
0.966751813889,2589
0.967012882233,2588
0.96715593338,2587
0.967890024185,2586
0.96800994873,2585
0.968683004379,2584
0.968889951706,2583
0.969293832779,2582
0.969515800476,2581
0.969924926758,2580
0.971463918686,2579
0.971793889999,2578
0.972764968872,2577
0.973753929138,2576
0.974008798599,2575
0.974232912064,2574
0.974860906601,2573
0.975313901901,2572
0.97563791275,2571
0.975888967514,2570
0.976405858994,2569
0.978418827057,2568
0.979307889938,2567
0.979555845261,2566
0.980613946915,2565
0.980990886688,2564
0.983829975128,2563
0.984084844589,2562
0.984429836273,2561
0.986549854279,2560
0.986752986908,2559
0.986993789673,2558
0.987207889557,2557
0.988417863846,2556
0.988659858704,2555
0.989985942841,2554
0.991456985474,2553
0.99253988266,2552
0.993286848068,2551
0.994035959244,2550
0.994282960892,2549
0.994463920593,2548
0.994829893112,2547
0.995213985443,2546
0.995528936386,2545
0.997104883194,2544
0.997381925583,2543
0.997717857361,2542
0.99785399437,2541
0.999498844147,2540
1.00032997131,2539
1.00125384331,2538
1.00159883499,2537
1.00367879868,2536
1.00396680832,2535
1.00456094742,2534
1.005204916,2533
1.00627088547,2532
1.00754594803,2531
1.00796985626,2530
1.00898981094,2529
1.00946688652,2528
1.01147985458,2527
1.01202583313,2526
1.01226592064,2525
1.01455497742,2524
1.01491999626,2523
1.01667284966,2522
1.01689100266,2521
1.01714992523,2520
1.01749181747,2519
1.01814293861,2518
1.01860594749,2517
1.01954579353,2516
1.02065181732,2515
1.02153992653,2514
1.02348089218,2513
1.02385497093,2512
1.02398896217,2511
1.02496695518,2510
1.02537894249,2509
1.02745580673,2508
1.0286898613,2507
1.02890300751,2506
1.02913379669,2505
1.02988696098,2504
1.03033590317,2503
1.03199481964,2502
1.03262686729,2501
1.03463983536,2500
1.03542494774,2499
1.03724098206,2498
1.03761482239,2497
1.03966093063,2496
1.03978991508,2495
1.04055190086,2494
1.04082489014,2493
1.04100584984,2492
1.04203701019,2491
1.04223799706,2490
1.04274988174,2489
1.04312396049,2488
1.04345083237,2487
1.04367494583,2486
1.04480290413,2485
1.0456969738,2484
1.04647898674,2483
1.0467748642,2482
1.04717087746,2481
1.04765701294,2480
1.0491437912,2479
1.04947400093,2478
1.04991483688,2477
1.05201482773,2476
1.05299687386,2475
1.0533759594,2474
1.05405497551,2473
1.05424499512,2472
1.05458688736,2471
1.05517101288,2470
1.05615282059,2469
1.05648493767,2468
1.05707192421,2467
1.05727481842,2466
1.0575709343,2465
1.05863380432,2464
1.0604019165,2463
1.06065297127,2462
1.0609858036,2461
1.06156587601,2460
1.06263494492,2459
1.0628528595,2458
1.06305384636,2457
1.06477499008,2456
1.06563401222,2455
1.06612181664,2454
1.06749987602,2453
1.06793689728,2452
1.06973481178,2451
1.06998181343,2450
1.07030797005,2449
1.07074689865,2448
1.07261490822,2447
1.07325291634,2446
1.07366085052,2445
1.07478690147,2444
1.07637786865,2443
1.07690787315,2442
1.07801580429,2441
1.07823801041,2440
1.07946181297,2439
1.08021783829,2438
1.08217000961,2437
1.08308696747,2436
1.08383488655,2435
1.08410286903,2434
1.08432984352,2433
1.08453583717,2432
1.08531785011,2431
1.08640384674,2430
1.08687901497,2429
1.08722281456,2428
1.08772587776,2427
1.08792281151,2426
1.95890593529,2425
1.96195101738,2424
1.96392083168,2423
1.96554493904,2422
1.96598792076,2421
1.96647787094,2420
1.96710586548,2419
1.96991586685,2418
1.97026586533,2417
1.97103691101,2416
1.97169494629,2415
1.97213101387,2414
1.97568798065,2413
1.97659182549,2412
1.98163986206,2411
1.98668479919,2410
1.99034190178,2409
1.99210691452,2408
1.99419879913,2407
1.99485397339,2406
1.99549078941,2405
1.99602389336,2404
1.99694895744,2403
1.99960279465,2402
2.00257182121,2401
2.00388884544,2400
2.92825078964,2399
2.92957901955,2398
2.93022894859,2397
2.93084001541,2396
2.93261098862,2395
2.93420696259,2394
2.9351940155,2393
2.94475388527,2392
2.94703197479,2391
2.94758296013,2390
2.94949102402,2389
2.95332479477,2388
2.9536318779,2387
2.95517492294,2386
2.95575380325,2385
2.95724201202,2384
2.95758795738,2383
2.95871090889,2382
2.96138381958,2381
3.88077783585,2380
3.88731479645,2379
3.88964390755,2378
3.89079189301,2377
3.8913128376,2376
3.89531683922,2375
3.89866995811,2374
3.89950489998,2373
3.90243196487,2372
3.9030008316,2371
3.90363788605,2370
3.90400195122,2369
3.9066388607,2368
3.90785384178,2367
3.90880084038,2366
3.91010689735,2365
3.91100096703,2364
4.76137399673,2363
4.76389098167,2362
4.76727795601,2361
4.7715909481,2360
4.77206802368,2359
4.77876591682,2358
4.78904485703,2357
4.78950381279,2356
4.79162788391,2355
4.80361199379,2354
4.80502486229,2353
5.73637580872,2352
5.7373418808,2351
5.73817181587,2350
6.61620187759,2349
6.61647391319,2348
6.61942696571,2347
6.62006878853,2346
6.62089681625,2345
6.6220729351,2344
6.62813901901,2343
6.63470292091,2342
6.63809990883,2341
6.63856697083,2340
6.64320683479,2339
6.64348196983,2338
6.65023589134,2337
7.56705188751,2336
7.56798100471,2335
7.5721309185,2334
7.57243895531,2333
7.57289195061,2332
7.5751760006,2331
7.57874584198,2330
7.57957196236,2329
7.58435082436,2328
7.58554697037,2327
7.58838391304,2326
7.59385490417,2325
8.42790484428,2324
8.43142580986,2323
8.43485784531,2322
8.44563484192,2321
8.44804883003,2320
8.45148491859,2319
8.45379590988,2318
8.4676527977,2317
8.47347187996,2316
8.47429895401,2315
9.4142370224,2314
9.41540384293,2313
9.41846680641,2312
9.41911792755,2311
9.42037200928,2310
9.4206969738,2309
10.3235359192,2308
10.325909853,2307
10.3275659084,2306
10.3298289776,2305
10.3304288387,2304
11.2860488892,2303
11.2870409489,2302
11.2872908115,2301
11.2888557911,2300
13.0649728775,2299
13.0655369759,2298
13.066783905,2297
13.0681579113,2296
13.0687448978,2295
13.0705399513,2294
13.0756518841,2293
14.0175988674,2292
14.0182118416,2291
14.021750927,2290
14.0223078728,2289
14.9784939289,2288
19.6726438999,2287
