0.00952410697937,4940
0.00980520248413,4939
0.0100209712982,4938
0.0104169845581,4937
0.0106060504913,4936
0.0107891559601,4935
0.0111651420593,4934
0.0113961696625,4933
0.0117521286011,4932
0.0121359825134,4931
0.0125250816345,4930
0.0127401351929,4929
0.0130040645599,4928
0.0132460594177,4927
0.0134520530701,4926
0.0136370658875,4925
0.0138821601868,4924
0.0142390727997,4923
0.0144691467285,4922
0.0146090984344,4921
0.0148541927338,4920
0.0151560306549,4919
0.0155069828033,4918
0.0159020423889,4917
0.0161411762238,4916
0.0163311958313,4915
0.0165631771088,4914
0.0168421268463,4913
0.0170540809631,4912
0.017462015152,4911
0.0177710056305,4910
0.0180771350861,4909
0.0182831287384,4908
0.0184261798859,4907
0.0187861919403,4906
0.0191810131073,4905
0.0195729732513,4904
0.0198550224304,4903
0.0201230049133,4902
0.0203549861908,4901
0.0206251144409,4900
0.0209770202637,4899
0.0212061405182,4898
0.0214421749115,4897
0.0217261314392,4896
0.0220820903778,4895
0.0222849845886,4894
0.0225780010223,4893
0.0229580402374,4892
0.0231280326843,4891
0.0233700275421,4890
0.0236461162567,4889
0.0239629745483,4888
0.0241270065308,4887
0.0244040489197,4886
0.0246350765228,4885
0.0249409675598,4884
0.0251331329346,4883
0.0253930091858,4882
0.025722026825,4881
0.0259389877319,4880
0.0262451171875,4879
0.0264279842377,4878
0.0267779827118,4877
0.0271179676056,4876
0.0273311138153,4875
0.0276260375977,4874
0.0279550552368,4873
0.0281631946564,4872
0.0283780097961,4871
0.0285761356354,4870
0.0292730331421,4869
0.0294561386108,4868
0.0296711921692,4867
0.0299520492554,4866
0.0301711559296,4865
0.0303890705109,4864
0.0306000709534,4863
0.030837059021,4862
0.0311341285706,4861
0.0314331054688,4860
0.0318150520325,4859
0.0320420265198,4858
0.032338142395,4857
0.0325620174408,4856
0.0327191352844,4855
0.0328760147095,4854
0.0332221984863,4853
0.0334980487823,4852
0.0339632034302,4851
0.0342900753021,4850
0.0346710681915,4849
0.0348360538483,4848
0.0351390838623,4847
0.0354931354523,4846
0.0357329845428,4845
0.0360500812531,4844
0.0364542007446,4843
0.0368461608887,4842
0.0371720790863,4841
0.0374660491943,4840
0.0376391410828,4839
0.0380811691284,4838
0.0384140014648,4837
0.0387630462646,4836
0.0390861034393,4835
0.0393099784851,4834
0.0396990776062,4833
0.0400650501251,4832
0.040452003479,4831
0.0406560897827,4830
0.0410010814667,4829
0.0413930416107,4828
0.0416190624237,4827
0.0418701171875,4826
0.0422220230103,4825
0.0425209999084,4824
0.0428581237793,4823
0.043154001236,4822
0.0434491634369,4821
0.0438010692596,4820
0.0441310405731,4819
0.0445191860199,4818
0.0448031425476,4817
0.0450870990753,4816
0.0452580451965,4815
0.0454711914062,4814
0.0456740856171,4813
0.0460631847382,4812
0.0464150905609,4811
0.0467221736908,4810
0.0469501018524,4809
0.0472671985626,4808
0.0475640296936,4807
0.047835111618,4806
0.0480360984802,4805
0.0484051704407,4804
0.04856300354,4803
0.048947095871,4802
0.0492479801178,4801
0.0495162010193,4800
0.0496790409088,4799
0.0499541759491,4798
0.0503270626068,4797
0.0507111549377,4796
0.0511291027069,4795
0.0514130592346,4794
0.0516121387482,4793
0.0518870353699,4792
0.0522501468658,4791
0.0524361133575,4790
0.052775144577,4789
0.0534369945526,4788
0.0537741184235,4787
0.0540452003479,4786
0.0542550086975,4785
0.054682970047,4784
0.0549921989441,4783
0.0552880764008,4782
0.0555059909821,4781
0.0558362007141,4780
0.0561211109161,4779
0.0563390254974,4778
0.0565800666809,4777
0.0567741394043,4776
0.0571501255035,4775
0.0574421882629,4774
0.0577890872955,4773
0.0581481456757,4772
0.058562040329,4771
0.0589370727539,4770
0.0593061447144,4769
0.0595271587372,4768
0.0598390102386,4767
0.0602831840515,4766
0.060515165329,4765
0.0607211589813,4764
0.0610029697418,4763
0.0612170696259,4762
0.0615561008453,4761
0.0617990493774,4760
0.0621860027313,4759
0.0624580383301,4758
0.0630991458893,4757
0.0634951591492,4756
0.0637450218201,4755
0.0640530586243,4754
0.0644261837006,4753
0.0645890235901,4752
0.0648729801178,4751
0.0651919841766,4750
0.0653510093689,4749
0.0655841827393,4748
0.0657641887665,4747
0.0659961700439,4746
0.0661590099335,4745
0.066477060318,4744
0.0667560100555,4743
0.0671770572662,4742
0.067526102066,4741
0.0677170753479,4740
0.0679821968079,4739
0.0682601928711,4738
0.0685200691223,4737
0.0687601566315,4736
0.0690631866455,4735
0.0693171024323,4734
0.0699470043182,4733
0.0701150894165,4732
0.0704951286316,4731
0.0709211826324,4730
0.0713400840759,4729
0.0716750621796,4728
0.0723969936371,4727
0.0727381706238,4726
0.0730211734772,4725
0.0734181404114,4724
0.0737102031708,4723
0.0739431381226,4722
0.0741710662842,4721
0.074422121048,4720
0.0751531124115,4719
0.0753121376038,4718
0.0755209922791,4717
0.0758790969849,4716
0.0762419700623,4715
0.0765151977539,4714
0.0769011974335,4713
0.0770971775055,4712
0.0772571563721,4711
0.0774221420288,4710
0.0777451992035,4709
0.0781540870667,4708
0.0786612033844,4707
0.0792171955109,4706
0.0794160366058,4705
0.0795741081238,4704
0.0798490047455,4703
0.0802099704742,4702
0.0808939933777,4701
0.0812191963196,4700
0.0815351009369,4699
0.0819680690765,4698
0.0823411941528,4697
0.0827779769897,4696
0.0830221176147,4695
0.0834641456604,4694
0.0836751461029,4693
0.0841271877289,4692
0.0844461917877,4691
0.0848829746246,4690
0.0850760936737,4689
0.0854680538177,4688
0.0857350826263,4687
0.0860950946808,4686
0.0867171287537,4685
0.0870840549469,4684
0.0875010490417,4683
0.0877130031586,4682
0.0878791809082,4681
0.0882720947266,4680
0.0884521007538,4679
0.0886590480804,4678
0.0888671875,4677
0.089231967926,4676
0.0896501541138,4675
0.0898051261902,4674
0.090133190155,4673
0.0903880596161,4672
0.0905640125275,4671
0.0909171104431,4670
0.0913469791412,4669
0.0917730331421,4668
0.0920910835266,4667
0.0922501087189,4666
0.092737197876,4665
0.0931780338287,4664
0.0934960842133,4663
0.0937421321869,4662
0.0939409732819,4661
0.0942599773407,4660
0.0944809913635,4659
0.0949611663818,4658
0.095192193985,4657
0.0957870483398,4656
0.096253156662,4655
0.0964541435242,4654
0.0974051952362,4653
0.0977010726929,4652
0.0979561805725,4651
0.0983240604401,4650
0.0986831188202,4649
0.0990030765533,4648
0.0991539955139,4647
0.0994670391083,4646
0.0998811721802,4645
0.100535154343,4644
0.100914001465,4643
0.101263046265,4642
0.101629972458,4641
0.101915121078,4640
0.102730035782,4639
0.103137969971,4638
0.103348016739,4637
0.103739976883,4636
0.103893041611,4635
0.104246139526,4634
0.1046230793,4633
0.105005025864,4632
0.105431079865,4631
0.105715990067,4630
0.105947971344,4629
0.106346130371,4628
0.106579065323,4627
0.106747150421,4626
0.106927156448,4625
0.107231140137,4624
0.107769012451,4623
0.10799908638,4622
0.10854101181,4621
0.108997106552,4620
0.10932803154,4619
0.109721183777,4618
0.110074043274,4617
0.110316991806,4616
0.110680103302,4615
0.111077070236,4614
0.111253976822,4613
0.111455202103,4612
0.111683130264,4611
0.112030029297,4610
0.112429141998,4609
0.112677097321,4608
0.113007068634,4607
0.113416194916,4606
0.113707065582,4605
0.113931179047,4604
0.114336013794,4603
0.114637136459,4602
0.114799022675,4601
0.115236997604,4600
0.115586996078,4599
0.115885972977,4598
0.116145133972,4597
0.116546154022,4596
0.116953134537,4595
0.117336034775,4594
0.117665052414,4593
0.118283033371,4592
0.118698120117,4591
0.119048118591,4590
0.119302034378,4589
0.119817018509,4588
0.119990110397,4587
0.12030506134,4586
0.120694160461,4585
0.120997190475,4584
0.121604204178,4583
0.12199306488,4582
0.122299194336,4581
0.122657060623,4580
0.123042106628,4579
0.123484134674,4578
0.123867034912,4577
0.124204158783,4576
0.124511003494,4575
0.124839067459,4574
0.125212192535,4573
0.125509023666,4572
0.125694990158,4571
0.12601017952,4570
0.126577138901,4569
0.126821041107,4568
0.127066135406,4567
0.127274990082,4566
0.127658128738,4565
0.128071069717,4564
0.128303050995,4563
0.128612995148,4562
0.128937005997,4561
0.129149198532,4560
0.129367113113,4559
0.129650115967,4558
0.129969120026,4557
0.13042807579,4556
0.130692005157,4555
0.13107419014,4554
0.131299972534,4553
0.131772994995,4552
0.13247013092,4551
0.132829189301,4550
0.133186101913,4549
0.133543014526,4548
0.13369011879,4547
0.134505987167,4546
0.134833097458,4545
0.13533115387,4544
0.135622024536,4543
0.135807037354,4542
0.136438131332,4541
0.136792182922,4540
0.137026071548,4539
0.13770198822,4538
0.138132095337,4537
0.138314008713,4536
0.138656139374,4535
0.139014005661,4534
0.139302015305,4533
0.139535188675,4532
0.139964103699,4531
0.140288114548,4530
0.140643119812,4529
0.14081120491,4528
0.140995979309,4527
0.14128613472,4526
0.141532182693,4525
0.141963005066,4524
0.142158985138,4523
0.142575979233,4522
0.142795085907,4521
0.143010139465,4520
0.143198013306,4519
0.143608093262,4518
0.14392209053,4517
0.144180059433,4516
0.144376993179,4515
0.144811153412,4514
0.145025014877,4513
0.145411014557,4512
0.145799160004,4511
0.146237134933,4510
0.146672010422,4509
0.147068023682,4508
0.147381067276,4507
0.147755146027,4506
0.147958040237,4505
0.148358106613,4504
0.148581981659,4503
0.148962974548,4502
0.149135112762,4501
0.149296045303,4500
0.149675130844,4499
0.149845123291,4498
0.150391101837,4497
0.150767087936,4496
0.151110172272,4495
0.151318073273,4494
0.151736974716,4493
0.15204501152,4492
0.152395009995,4491
0.152887105942,4490
0.153150081635,4489
0.153308153152,4488
0.153611183167,4487
0.153840065002,4486
0.154142141342,4485
0.154437065125,4484
0.154851198196,4483
0.155385971069,4482
0.155811071396,4481
0.156050205231,4480
0.156414985657,4479
0.156776189804,4478
0.157066106796,4477
0.157262086868,4476
0.157446146011,4475
0.157791137695,4474
0.158018112183,4473
0.158241033554,4472
0.158543109894,4471
0.158778190613,4470
0.159774065018,4469
0.160089969635,4468
0.160520076752,4467
0.160844087601,4466
0.161274194717,4465
0.161612987518,4464
0.161908149719,4463
0.162477016449,4462
0.162887096405,4461
0.163300991058,4460
0.163490056992,4459
0.163684129715,4458
0.164103984833,4457
0.164298057556,4456
0.164617061615,4455
0.165076971054,4454
0.165561199188,4453
0.165960073471,4452
0.166156053543,4451
0.166458129883,4450
0.166782140732,4449
0.167028188705,4448
0.167258024216,4447
0.167536973953,4446
0.16792011261,4445
0.16842007637,4444
0.168682098389,4443
0.169183969498,4442
0.169588088989,4441
0.169876098633,4440
0.170231103897,4439
0.170850992203,4438
0.171048164368,4437
0.172033071518,4436
0.172528982162,4435
0.172680139542,4434
0.172976016998,4433
0.173367977142,4432
0.173591136932,4431
0.173794984818,4430
0.174023151398,4429
0.174373149872,4428
0.174772024155,4427
0.175563097,4426
0.176168203354,4425
0.176369190216,4424
0.176732063293,4423
0.177108049393,4422
0.177286148071,4421
0.177779197693,4420
0.17800617218,4419
0.178158044815,4418
0.178630113602,4417
0.178910970688,4416
0.179255008698,4415
0.179594039917,4414
0.179975032806,4413
0.180304050446,4412
0.180558204651,4411
0.180977106094,4410
0.181279182434,4409
0.181625127792,4408
0.181881189346,4407
0.182415008545,4406
0.182702064514,4405
0.182976007462,4404
0.183170080185,4403
0.183530092239,4402
0.183704137802,4401
0.184046983719,4400
0.184410095215,4399
0.184703111649,4398
0.185101985931,4397
0.185419082642,4396
0.185794115067,4395
0.186110019684,4394
0.186313152313,4393
0.186703205109,4392
0.187397003174,4391
0.187734127045,4390
0.187927007675,4389
0.188783168793,4388
0.189172029495,4387
0.189382076263,4386
0.189805984497,4385
0.190220117569,4384
0.190471172333,4383
0.190754175186,4382
0.190921068192,4381
0.191162109375,4380
0.191557168961,4379
0.192012071609,4378
0.192486047745,4377
0.192900180817,4376
0.193430185318,4375
0.193606138229,4374
0.194095134735,4373
0.194426059723,4372
0.19474697113,4371
0.195353031158,4370
0.195577144623,4369
0.195890188217,4368
0.196040153503,4367
0.19624209404,4366
0.19681596756,4365
0.197139024734,4364
0.197381973267,4363
0.197683095932,4362
0.198173999786,4361
0.198487997055,4360
0.198976993561,4359
0.199119091034,4358
0.199290990829,4357
0.19967508316,4356
0.199890136719,4355
0.200105190277,4354
0.200318098068,4353
0.200725078583,4352
0.201075077057,4351
0.201441049576,4350
0.201708078384,4349
0.201948165894,4348
0.202339172363,4347
0.202924013138,4346
0.203308105469,4345
0.203674077988,4344
0.204017162323,4343
0.204433202744,4342
0.204814195633,4341
0.205060005188,4340
0.205430030823,4339
0.205677032471,4338
0.205888986588,4337
0.206133127213,4336
0.206500053406,4335
0.207024097443,4334
0.2073969841,4333
0.207645177841,4332
0.208173036575,4331
0.208458185196,4330
0.209254980087,4329
0.209891080856,4328
0.210138082504,4327
0.210504055023,4326
0.210863113403,4325
0.211438179016,4324
0.211682081223,4323
0.212028026581,4322
0.212540149689,4321
0.212783098221,4320
0.213140010834,4319
0.213356971741,4318
0.213509082794,4317
0.213926076889,4316
0.214221000671,4315
0.214991092682,4314
0.215181112289,4313
0.215536117554,4312
0.21581697464,4311
0.21682715416,4310
0.21723818779,4309
0.217475175858,4308
0.217808008194,4307
0.2181661129,4306
0.218420982361,4305
0.218832015991,4304
0.219137191772,4303
0.219367980957,4302
0.219622135162,4301
0.219866991043,4300
0.220473051071,4299
0.220700025558,4298
0.221191167831,4297
0.221575975418,4296
0.221732139587,4295
0.221889019012,4294
0.222666025162,4293
0.222964048386,4292
0.223276138306,4291
0.223515987396,4290
0.2237200737,4289
0.22401714325,4288
0.22457909584,4287
0.225252151489,4286
0.225593090057,4285
0.225788116455,4284
0.226082086563,4283
0.226762056351,4282
0.227281093597,4281
0.227423191071,4280
0.227585077286,4279
0.22781920433,4278
0.228209018707,4277
0.228767156601,4276
0.229302167892,4275
0.229449033737,4274
0.229838132858,4273
0.230094194412,4272
0.230543136597,4271
0.230704069138,4270
0.231010198593,4269
0.231204032898,4268
0.231921195984,4267
0.232067108154,4266
0.232443094254,4265
0.233167171478,4264
0.233666181564,4263
0.233874082565,4262
0.234163045883,4261
0.234572172165,4260
0.234968185425,4259
0.235273122787,4258
0.235557079315,4257
0.235715150833,4256
0.235989093781,4255
0.236219167709,4254
0.236544132233,4253
0.236767053604,4252
0.237126111984,4251
0.237436056137,4250
0.237837076187,4249
0.238181114197,4248
0.238363027573,4247
0.238880157471,4246
0.239097118378,4245
0.239336967468,4244
0.239677190781,4243
0.239935159683,4242
0.24019908905,4241
0.240404129028,4240
0.240810155869,4239
0.241188049316,4238
0.241422176361,4237
0.241760969162,4236
0.242048978806,4235
0.242374181747,4234
0.242964029312,4233
0.243266105652,4232
0.243635177612,4231
0.244043111801,4230
0.244240045547,4229
0.244382143021,4228
0.244662046432,4227
0.244960069656,4226
0.245347976685,4225
0.245730161667,4224
0.246460199356,4223
0.246675014496,4222
0.246832132339,4221
0.247256994247,4220
0.247545003891,4219
0.247766017914,4218
0.2481341362,4217
0.248517990112,4216
0.249149084091,4215
0.24952507019,4214
0.250091075897,4213
0.250437021255,4212
0.250775098801,4211
0.250925064087,4210
0.251236200333,4209
0.251775979996,4208
0.252170085907,4207
0.252466201782,4206
0.252748012543,4205
0.252993106842,4204
0.253643989563,4203
0.254304170609,4202
0.254551172256,4201
0.254789113998,4200
0.255148172379,4199
0.255614995956,4198
0.256021976471,4197
0.256425142288,4196
0.256797075272,4195
0.257125139236,4194
0.257534980774,4193
0.258089065552,4192
0.258412122726,4191
0.258702039719,4190
0.25955915451,4189
0.259767055511,4188
0.260663032532,4187
0.260949134827,4186
0.261402130127,4185
0.261851072311,4184
0.26210808754,4183
0.262478113174,4182
0.26268696785,4181
0.263017177582,4180
0.263355016708,4179
0.263743162155,4178
0.264037132263,4177
0.264317989349,4176
0.264788150787,4175
0.2651450634,4174
0.265545129776,4173
0.265700101852,4172
0.266118049622,4171
0.266489028931,4170
0.267153024673,4169
0.267827033997,4168
0.268033027649,4167
0.268306970596,4166
0.268687009811,4165
0.268874168396,4164
0.269034147263,4163
0.269263982773,4162
0.269546031952,4161
0.269837141037,4160
0.27023601532,4159
0.270802021027,4158
0.271224975586,4157
0.271464109421,4156
0.271726131439,4155
0.272030115128,4154
0.272387981415,4153
0.272682189941,4152
0.272861003876,4151
0.273161172867,4150
0.273416042328,4149
0.273814201355,4148
0.274137973785,4147
0.274338006973,4146
0.274599075317,4145
0.275269031525,4144
0.275535106659,4143
0.275677204132,4142
0.275882005692,4141
0.276214122772,4140
0.276679039001,4139
0.277143001556,4138
0.277703046799,4137
0.277923107147,4136
0.278262138367,4135
0.278776168823,4134
0.279162168503,4133
0.27956199646,4132
0.279991149902,4131
0.280377149582,4130
0.280740022659,4129
0.281116008759,4128
0.281295061111,4127
0.281447172165,4126
0.281622171402,4125
0.281913995743,4124
0.282282114029,4123
0.282449007034,4122
0.282688140869,4121
0.283027172089,4120
0.28332901001,4119
0.283650159836,4118
0.284124135971,4117
0.284449100494,4116
0.284862041473,4115
0.285204172134,4114
0.28536605835,4113
0.2856361866,4112
0.285840988159,4111
0.286262989044,4110
0.28652715683,4109
0.286744117737,4108
0.287127017975,4107
0.287338018417,4106
0.287568092346,4105
0.287801980972,4104
0.288076162338,4103
0.288423061371,4102
0.28856420517,4101
0.28916311264,4100
0.289456129074,4099
0.289753198624,4098
0.290059089661,4097
0.290404081345,4096
0.290726184845,4095
0.291201114655,4094
0.291851043701,4093
0.292225122452,4092
0.292415142059,4091
0.292678117752,4090
0.293370008469,4089
0.293691158295,4088
0.293843984604,4087
0.294437170029,4086
0.294649124146,4085
0.295337200165,4084
0.295685052872,4083
0.29595708847,4082
0.296543121338,4081
0.296704053879,4080
0.297095060349,4079
0.297413110733,4078
0.297701120377,4077
0.297935009003,4076
0.298456192017,4075
0.298681974411,4074
0.298897027969,4073
0.299107074738,4072
0.299482107162,4071
0.300290107727,4070
0.300487041473,4069
0.300711154938,4068
0.301275014877,4067
0.301867008209,4066
0.302517175674,4065
0.302859067917,4064
0.30304813385,4063
0.303524971008,4062
0.303891181946,4061
0.304185152054,4060
0.304579973221,4059
0.305093050003,4058
0.305257081985,4057
0.305648088455,4056
0.305956125259,4055
0.306357145309,4054
0.306928157806,4053
0.307313203812,4052
0.307468175888,4051
0.308331012726,4050
0.308669090271,4049
0.308843135834,4048
0.309348106384,4047
0.310072183609,4046
0.310227155685,4045
0.310841083527,4044
0.311774969101,4043
0.31205701828,4042
0.312252044678,4041
0.312940120697,4040
0.313105106354,4039
0.313635110855,4038
0.314309120178,4037
0.314566135406,4036
0.314776182175,4035
0.315113067627,4034
0.315318107605,4033
0.315546989441,4032
0.316301107407,4031
0.316560983658,4030
0.316757202148,4029
0.317190170288,4028
0.3177921772,4027
0.318091154099,4026
0.318603038788,4025
0.318850040436,4024
0.319169044495,4023
0.319313049316,4022
0.31996512413,4021
0.320330142975,4020
0.320640087128,4019
0.320791006088,4018
0.321019172668,4017
0.321537971497,4016
0.321676969528,4015
0.322016000748,4014
0.322513103485,4013
0.322900056839,4012
0.323199987411,4011
0.323552131653,4010
0.323778152466,4009
0.323983192444,4008
0.325412988663,4007
0.325675010681,4006
0.325958013535,4005
0.326318979263,4004
0.326883077621,4003
0.327259063721,4002
0.327484130859,4001
0.32764005661,4000
0.328197002411,3999
0.329629182816,3998
0.330024003983,3997
0.330188035965,3996
0.330423116684,3995
0.330644130707,3994
0.33081817627,3993
0.331164121628,3992
0.332525014877,3991
0.333213090897,3990
0.333420038223,3989
0.333780050278,3988
0.334017038345,3987
0.334787130356,3986
0.335015058517,3985
0.335416078568,3984
0.335733175278,3983
0.335914134979,3982
0.3361120224,3981
0.336398124695,3980
0.336533069611,3979
0.336762189865,3978
0.337035179138,3977
0.337301015854,3976
0.337620973587,3975
0.337965011597,3974
0.338278055191,3973
0.338477134705,3972
0.338821172714,3971
0.338965177536,3970
0.339184999466,3969
0.339502096176,3968
0.339831113815,3967
0.340135097504,3966
0.340270996094,3965
0.34056520462,3964
0.340839147568,3963
0.341016054153,3962
0.341310024261,3961
0.342204093933,3960
0.342471122742,3959
0.343011140823,3958
0.343301057816,3957
0.343675136566,3956
0.344017982483,3955
0.344212055206,3954
0.34438419342,3953
0.344870090485,3952
0.345080137253,3951
0.345246076584,3950
0.345452070236,3949
0.345707178116,3948
0.346409082413,3947
0.346651077271,3946
0.34691619873,3945
0.347557067871,3944
0.347762107849,3943
0.348134994507,3942
0.348299980164,3941
0.348543167114,3940
0.34885597229,3939
0.349241018295,3938
0.349835157394,3937
0.350018024445,3936
0.350300073624,3935
0.350788116455,3934
0.351119995117,3933
0.351346969604,3932
0.351931095123,3931
0.352246999741,3930
0.352409124374,3929
0.352761983871,3928
0.35303902626,3927
0.353672981262,3926
0.353814125061,3925
0.354261159897,3924
0.354833126068,3923
0.355606079102,3922
0.355899095535,3921
0.356129169464,3920
0.356517076492,3919
0.357707023621,3918
0.357887029648,3917
0.358060121536,3916
0.35884308815,3915
0.359121084213,3914
0.359305143356,3913
0.360370159149,3912
0.361045122147,3911
0.361679077148,3910
0.361867189407,3909
0.362958192825,3908
0.363483190536,3907
0.363744974136,3906
0.364024162292,3905
0.36464214325,3904
0.365216970444,3903
0.365643024445,3902
0.366021156311,3901
0.366252183914,3900
0.366661071777,3899
0.367038011551,3898
0.368378162384,3897
0.368545055389,3896
0.368725061417,3895
0.369019985199,3894
0.369153022766,3893
0.36946105957,3892
0.369812011719,3891
0.370623111725,3890
0.371049165726,3889
0.371276140213,3888
0.371615171432,3887
0.371901988983,3886
0.372272968292,3885
0.372663974762,3884
0.37283706665,3883
0.373444080353,3882
0.373631000519,3881
0.373954057693,3880
0.374310016632,3879
0.374511003494,3878
0.37485408783,3877
0.37501502037,3876
0.375300168991,3875
0.375523090363,3874
0.375884056091,3873
0.37729716301,3872
0.378053188324,3871
0.37825512886,3870
0.378882169724,3869
0.379038095474,3868
0.379355192184,3867
0.379688978195,3866
0.380388021469,3865
0.380768060684,3864
0.381534099579,3863
0.381778001785,3862
0.382155179977,3861
0.382572174072,3860
0.382779121399,3859
0.383007049561,3858
0.383285045624,3857
0.383457183838,3856
0.383741140366,3855
0.384006023407,3854
0.384320020676,3853
0.384803056717,3852
0.38512301445,3851
0.385833024979,3850
0.38619017601,3849
0.386512041092,3848
0.387188196182,3847
0.38810300827,3846
0.388699054718,3845
0.389059066772,3844
0.389298200607,3843
0.389541149139,3842
0.390058040619,3841
0.390275001526,3840
0.390618085861,3839
0.390777111053,3838
0.391210079193,3837
0.391422986984,3836
0.39178109169,3835
0.39227604866,3834
0.392482042313,3833
0.393367052078,3832
0.393584012985,3831
0.393872022629,3830
0.39426612854,3829
0.394884109497,3828
0.395019054413,3827
0.3954641819,3826
0.395627975464,3825
0.395807981491,3824
0.395975112915,3823
0.396460056305,3822
0.396872997284,3821
0.397135972977,3820
0.397562980652,3819
0.398380041122,3818
0.398679018021,3817
0.398881196976,3816
0.399031162262,3815
0.39949798584,3814
0.399801015854,3813
0.400269985199,3812
0.400640010834,3811
0.400784015656,3810
0.401014089584,3809
0.401314020157,3808
0.402354001999,3807
0.402883052826,3806
0.403207063675,3805
0.404038190842,3804
0.40441608429,3803
0.405151128769,3802
0.405544042587,3801
0.405912160873,3800
0.406517982483,3799
0.40700006485,3798
0.407286167145,3797
0.407915115356,3796
0.408162117004,3795
0.40859413147,3794
0.408987998962,3793
0.409671068192,3792
0.40988111496,3791
0.410062074661,3790
0.410228013992,3789
0.411003112793,3788
0.411406040192,3787
0.411843061447,3786
0.412330150604,3785
0.413110017776,3784
0.413479089737,3783
0.41364812851,3782
0.414016008377,3781
0.414682149887,3780
0.414841175079,3779
0.415173053741,3778
0.415734052658,3777
0.416098117828,3776
0.416360139847,3775
0.416719198227,3774
0.417085170746,3773
0.417411088943,3772
0.417688131332,3771
0.418002128601,3770
0.418330192566,3769
0.418598175049,3768
0.418745040894,3767
0.418927192688,3766
0.41928601265,3765
0.419737100601,3764
0.420350074768,3763
0.421418190002,3762
0.421714067459,3761
0.421936988831,3760
0.422125101089,3759
0.422481060028,3758
0.423057079315,3757
0.423293113708,3756
0.423631191254,3755
0.424297094345,3754
0.424561977386,3753
0.424699068069,3752
0.424899101257,3751
0.425659179688,3750
0.42588019371,3749
0.426820039749,3748
0.427719116211,3747
0.42801117897,3746
0.42843914032,3745
0.428745031357,3744
0.428925037384,3743
0.42928314209,3742
0.42942905426,3741
0.429769992828,3740
0.430134057999,3739
0.430432081223,3738
0.430965185165,3737
0.431216001511,3736
0.431431055069,3735
0.431761980057,3734
0.432121038437,3733
0.432383060455,3732
0.432712078094,3731
0.432984113693,3730
0.433303117752,3729
0.433459997177,3728
0.43362903595,3727
0.43407201767,3726
0.434373140335,3725
0.435641050339,3724
0.435907125473,3723
0.436285972595,3722
0.43656206131,3721
0.43709897995,3720
0.437412977219,3719
0.437801122665,3718
0.437978029251,3717
0.438338041306,3716
0.438608169556,3715
0.439211130142,3714
0.440320968628,3713
0.440521001816,3712
0.440778970718,3711
0.441632032394,3710
0.441912174225,3709
0.442139148712,3708
0.442761182785,3707
0.443039178848,3706
0.443674087524,3705
0.443924188614,3704
0.444135189056,3703
0.44429898262,3702
0.444698095322,3701
0.445015192032,3700
0.445161104202,3699
0.445479154587,3698
0.445763111115,3697
0.44610619545,3696
0.447333097458,3695
0.447808980942,3694
0.448108196259,3693
0.448285102844,3692
0.448503017426,3691
0.448924064636,3690
0.449693202972,3689
0.44993019104,3688
0.450822114944,3687
0.451030015945,3686
0.451243162155,3685
0.451678991318,3684
0.45259308815,3683
0.453019142151,3682
0.453409194946,3681
0.454102993011,3680
0.454586982727,3679
0.454879045486,3678
0.455219984055,3677
0.455546140671,3676
0.456694126129,3675
0.457597970963,3674
0.457921981812,3673
0.458348035812,3672
0.458536148071,3671
0.458754062653,3670
0.459021091461,3669
0.459212064743,3668
0.459467172623,3667
0.4598300457,3666
0.460036039352,3665
0.460234165192,3664
0.460564136505,3663
0.461007118225,3662
0.461493015289,3661
0.461639165878,3660
0.46190905571,3659
0.462687969208,3658
0.463297128677,3657
0.463445186615,3656
0.463606119156,3655
0.464720010757,3654
0.46498298645,3653
0.465200185776,3652
0.465455055237,3651
0.465697050095,3650
0.466471195221,3649
0.466890096664,3648
0.467477083206,3647
0.467975139618,3646
0.46811413765,3645
0.468826055527,3644
0.469149112701,3643
0.469313144684,3642
0.470033168793,3641
0.470400094986,3640
0.471217155457,3639
0.472144126892,3638
0.472753047943,3637
0.473107099533,3636
0.473311185837,3635
0.473740100861,3634
0.47422003746,3633
0.474390029907,3632
0.474642038345,3631
0.474879980087,3630
0.475244045258,3629
0.475615024567,3628
0.47581410408,3627
0.476756095886,3626
0.477362155914,3625
0.477594137192,3624
0.477939128876,3623
0.478514194489,3622
0.478734970093,3621
0.479212999344,3620
0.479744195938,3619
0.480370044708,3618
0.48088312149,3617
0.481028079987,3616
0.481341123581,3615
0.481881141663,3614
0.48208117485,3613
0.482688188553,3612
0.482897996902,3611
0.483273029327,3610
0.483424186707,3609
0.483581066132,3608
0.483893156052,3607
0.484664201736,3606
0.484893083572,3605
0.485555171967,3604
0.486143112183,3603
0.486392974854,3602
0.486602067947,3601
0.48682308197,3600
0.487487077713,3599
0.487796068192,3598
0.488185167313,3597
0.488801002502,3596
0.489284038544,3595
0.489533185959,3594
0.490455150604,3593
0.490785121918,3592
0.491095066071,3591
0.491490125656,3590
0.492151975632,3589
0.492668151855,3588
0.493245124817,3587
0.493743181229,3586
0.493957042694,3585
0.494240045547,3584
0.494569063187,3583
0.494701147079,3582
0.495030164719,3581
0.495377063751,3580
0.496237039566,3579
0.496484994888,3578
0.496787071228,3577
0.496963024139,3576
0.497241020203,3575
0.497735023499,3574
0.499236106873,3573
0.499456167221,3572
0.499641180038,3571
0.499818086624,3570
0.500581979752,3569
0.500796079636,3568
0.50125002861,3567
0.501573085785,3566
0.501842975616,3565
0.502125024796,3564
0.502429008484,3563
0.502757072449,3562
0.503317117691,3561
0.503816127777,3560
0.504002094269,3559
0.504329204559,3558
0.504917144775,3557
0.505323171616,3556
0.505779027939,3555
0.506236076355,3554
0.506376981735,3553
0.506731033325,3552
0.506963968277,3551
0.507260084152,3550
0.50791311264,3549
0.508470058441,3548
0.508646011353,3547
0.508951187134,3546
0.510038137436,3545
0.510195970535,3544
0.510432004929,3543
0.511046171188,3542
0.511376142502,3541
0.511617183685,3540
0.511960029602,3539
0.512799024582,3538
0.513131141663,3537
0.513972997665,3536
0.514248132706,3535
0.514804124832,3534
0.515069007874,3533
0.515706062317,3532
0.51597905159,3531
0.516225099564,3530
0.516489982605,3529
0.516748189926,3528
0.517035007477,3527
0.517305135727,3526
0.517629146576,3525
0.518059968948,3524
0.518619060516,3523
0.518827199936,3522
0.519139051437,3521
0.519330024719,3520
0.519695997238,3519
0.520171165466,3518
0.520583152771,3517
0.520781040192,3516
0.520995140076,3515
0.521287202835,3514
0.52180314064,3513
0.522253990173,3512
0.522667169571,3511
0.523879051208,3510
0.524082183838,3509
0.52436709404,3508
0.525093078613,3507
0.525246143341,3506
0.52546620369,3505
0.525774002075,3504
0.526358127594,3503
0.526668071747,3502
0.526978969574,3501
0.527836084366,3500
0.528189182281,3499
0.528481006622,3498
0.529353141785,3497
0.530225992203,3496
0.530821084976,3495
0.531368017197,3494
0.531592130661,3493
0.531932115555,3492
0.532183170319,3491
0.53244805336,3490
0.532970190048,3489
0.533732175827,3488
0.534676074982,3487
0.534926176071,3486
0.535953044891,3485
0.536306142807,3484
0.53661108017,3483
0.537185192108,3482
0.538010120392,3481
0.538390159607,3480
0.538670063019,3479
0.539184093475,3478
0.539348125458,3477
0.53984618187,3476
0.540169000626,3475
0.540633201599,3474
0.54087805748,3473
0.541332006454,3472
0.541635036469,3471
0.542162179947,3470
0.542505979538,3469
0.542901992798,3468
0.543523073196,3467
0.543867111206,3466
0.544706106186,3465
0.545122146606,3464
0.545361042023,3463
0.545732975006,3462
0.546215057373,3461
0.546564102173,3460
0.547789096832,3459
0.548032999039,3458
0.548883199692,3457
0.549095153809,3456
0.549367189407,3455
0.549607992172,3454
0.54984498024,3453
0.550158023834,3452
0.550584077835,3451
0.550894975662,3450
0.551687002182,3449
0.552291154861,3448
0.552762031555,3447
0.553138017654,3446
0.554036140442,3445
0.554347038269,3444
0.555368185043,3443
0.55591917038,3442
0.556693077087,3441
0.557132005692,3440
0.558251142502,3439
0.55873799324,3438
0.558953046799,3437
0.559147119522,3436
0.559403181076,3435
0.560091972351,3434
0.560300111771,3433
0.560749053955,3432
0.561001062393,3431
0.561264038086,3430
0.56160402298,3429
0.562017202377,3428
0.562162160873,3427
0.56242609024,3426
0.562577009201,3425
0.56311416626,3424
0.563313007355,3423
0.563692092896,3422
0.564030170441,3421
0.564279079437,3420
0.564565181732,3419
0.564910173416,3418
0.565711021423,3417
0.566196203232,3416
0.566409111023,3415
0.566748142242,3414
0.567068099976,3413
0.567634105682,3412
0.567784070969,3411
0.567922115326,3410
0.568181037903,3409
0.568315029144,3408
0.568940162659,3407
0.569207191467,3406
0.569714069366,3405
0.570281028748,3404
0.570550203323,3403
0.570947170258,3402
0.571272134781,3401
0.572448968887,3400
0.572659015656,3399
0.572999000549,3398
0.573840141296,3397
0.574872970581,3396
0.575443029404,3395
0.575574159622,3394
0.576716184616,3393
0.57711315155,3392
0.577692985535,3391
0.578116178513,3390
0.578289985657,3389
0.578889131546,3388
0.579607009888,3387
0.58003616333,3386
0.580171108246,3385
0.580636978149,3384
0.58229804039,3383
0.582602024078,3382
0.582782030106,3381
0.58310008049,3380
0.583434104919,3379
0.583885192871,3378
0.584176063538,3377
0.584570169449,3376
0.584722042084,3375
0.584892988205,3374
0.585223197937,3373
0.585441112518,3372
0.5856320858,3371
0.586670160294,3370
0.587455034256,3369
0.58841919899,3368
0.589020013809,3367
0.589616060257,3366
0.590264081955,3365
0.590660095215,3364
0.591413974762,3363
0.591687202454,3362
0.592533111572,3361
0.592781066895,3360
0.593387126923,3359
0.594016075134,3358
0.594156980515,3357
0.594288110733,3356
0.595007181168,3355
0.595163106918,3354
0.595322132111,3353
0.595611095428,3352
0.595955133438,3351
0.596608161926,3350
0.597692012787,3349
0.597860097885,3348
0.598951101303,3347
0.599379062653,3346
0.599685192108,3345
0.599894046783,3344
0.600417137146,3343
0.601745128632,3342
0.602022171021,3341
0.602336168289,3340
0.602498054504,3339
0.602820158005,3338
0.603149175644,3337
0.603568077087,3336
0.604407072067,3335
0.604691028595,3334
0.605174064636,3333
0.605751037598,3332
0.606198072433,3331
0.606431007385,3330
0.606758117676,3329
0.607797145844,3328
0.608227014542,3327
0.608365058899,3326
0.608575105667,3325
0.609232187271,3324
0.609719991684,3323
0.609912157059,3322
0.610085010529,3321
0.610289096832,3320
0.61048913002,3319
0.61078119278,3318
0.611473083496,3317
0.612109184265,3316
0.612451076508,3315
0.613438129425,3314
0.613703012466,3313
0.613909006119,3312
0.614282131195,3311
0.614706993103,3310
0.615071058273,3309
0.615646123886,3308
0.616449117661,3307
0.616875171661,3306
0.617381095886,3305
0.618252038956,3304
0.618684053421,3303
0.619103193283,3302
0.619359016418,3301
0.619916200638,3300
0.620416164398,3299
0.622016191483,3298
0.622227191925,3297
0.622587203979,3296
0.622940063477,3295
0.623397111893,3294
0.623553991318,3293
0.623808145523,3292
0.624150037766,3291
0.624408006668,3290
0.624684095383,3289
0.626047134399,3288
0.626538038254,3287
0.627249002457,3286
0.627885103226,3285
0.628072023392,3284
0.628448009491,3283
0.628852128983,3282
0.629202127457,3281
0.630303144455,3280
0.6312251091,3279
0.631839990616,3278
0.631999015808,3277
0.632261037827,3276
0.633138179779,3275
0.633366107941,3274
0.633696079254,3273
0.633957147598,3272
0.634473085403,3271
0.634871006012,3270
0.635215044022,3269
0.635923147202,3268
0.636342048645,3267
0.636620044708,3266
0.63751411438,3265
0.63842010498,3264
0.638605117798,3263
0.639101982117,3262
0.639378070831,3261
0.639788150787,3260
0.640460968018,3259
0.641250133514,3258
0.642778158188,3257
0.643930196762,3256
0.644757032394,3255
0.64523100853,3254
0.645915985107,3253
0.646215200424,3252
0.646498203278,3251
0.646638154984,3250
0.646994113922,3249
0.64718413353,3248
0.647745132446,3247
0.647907972336,3246
0.648555040359,3245
0.649204015732,3244
0.64935708046,3243
0.649912118912,3242
0.650108098984,3241
0.650293111801,3240
0.652067184448,3239
0.652280092239,3238
0.652616024017,3237
0.652917146683,3236
0.653165102005,3235
0.653335094452,3234
0.654684066772,3233
0.655616998672,3232
0.65586400032,3231
0.656165122986,3230
0.656300067902,3229
0.656445980072,3228
0.656913995743,3227
0.657484054565,3226
0.65793299675,3225
0.658143997192,3224
0.658290147781,3223
0.65855717659,3222
0.659747123718,3221
0.660401105881,3220
0.660825967789,3219
0.661573171616,3218
0.662316083908,3217
0.662963151932,3216
0.663665056229,3215
0.663890123367,3214
0.664232969284,3213
0.664374113083,3212
0.66460108757,3211
0.665125131607,3210
0.665654182434,3209
0.66663813591,3208
0.667943000793,3207
0.668691158295,3206
0.669011116028,3205
0.669193983078,3204
0.669325113297,3203
0.669932126999,3202
0.670201063156,3201
0.671102046967,3200
0.6713950634,3199
0.671601057053,3198
0.672449111938,3197
0.673061132431,3196
0.673346042633,3195
0.673936128616,3194
0.674539089203,3193
0.674962043762,3192
0.675286054611,3191
0.676390171051,3190
0.676701068878,3189
0.677026987076,3188
0.678582191467,3187
0.679071187973,3186
0.679754972458,3185
0.680550098419,3184
0.680875062943,3183
0.681177139282,3182
0.682156085968,3181
0.682936191559,3180
0.683457136154,3179
0.684075117111,3178
0.684400081635,3177
0.684628009796,3176
0.685158967972,3175
0.68571305275,3174
0.685885190964,3173
0.686621189117,3172
0.6873960495,3171
0.688049077988,3170
0.688187122345,3169
0.688407182693,3168
0.688695192337,3167
0.689252138138,3166
0.689489126205,3165
0.690738201141,3164
0.691028118134,3163
0.691430091858,3162
0.69170498848,3161
0.691868066788,3160
0.692031145096,3159
0.692241191864,3158
0.693004131317,3157
0.693514108658,3156
0.693880081177,3155
0.694179058075,3154
0.694760084152,3153
0.695132017136,3152
0.695755004883,3151
0.696312189102,3150
0.697339057922,3149
0.698041200638,3148
0.698489189148,3147
0.698736190796,3146
0.699268102646,3145
0.699414014816,3144
0.700525999069,3143
0.700793027878,3142
0.701912164688,3141
0.703503131866,3140
0.703752994537,3139
0.704071044922,3138
0.704250097275,3137
0.704539060593,3136
0.704849004745,3135
0.705018043518,3134
0.705283164978,3133
0.705698013306,3132
0.706225156784,3131
0.706606149673,3130
0.707046985626,3129
0.707305192947,3128
0.707509994507,3127
0.708755016327,3126
0.709544181824,3125
0.709762096405,3124
0.710462093353,3123
0.710928201675,3122
0.711220979691,3121
0.711574077606,3120
0.711743116379,3119
0.712218999863,3118
0.712683200836,3117
0.713718175888,3116
0.714384078979,3115
0.714991092682,3114
0.71520614624,3113
0.715484142303,3112
0.715922117233,3111
0.716922998428,3110
0.71707201004,3109
0.717365980148,3108
0.717784166336,3107
0.718115091324,3106
0.718929052353,3105
0.719272136688,3104
0.719949007034,3103
0.72026014328,3102
0.720678091049,3101
0.720967054367,3100
0.721255064011,3099
0.721467018127,3098
0.721662044525,3097
0.722150087357,3096
0.722982168198,3095
0.723158121109,3094
0.724758148193,3093
0.725260019302,3092
0.725421190262,3091
0.726343154907,3090
0.727220058441,3089
0.728324174881,3088
0.728537082672,3087
0.728677988052,3086
0.728849172592,3085
0.729200124741,3084
0.729470968246,3083
0.729684114456,3082
0.730229139328,3081
0.730594158173,3080
0.730859994888,3079
0.732069969177,3078
0.732493162155,3077
0.733297109604,3076
0.733498096466,3075
0.733726024628,3074
0.73388004303,3073
0.734172105789,3072
0.734785079956,3071
0.735952138901,3070
0.737296104431,3069
0.73766708374,3068
0.737859010696,3067
0.739471197128,3066
0.740463972092,3065
0.741441011429,3064
0.74191904068,3063
0.742478132248,3062
0.742866039276,3061
0.743827104568,3060
0.744424104691,3059
0.744742155075,3058
0.744945049286,3057
0.745239019394,3056
0.745604991913,3055
0.745813131332,3054
0.746229171753,3053
0.746633052826,3052
0.746954202652,3051
0.74728512764,3050
0.748296976089,3049
0.748538970947,3048
0.749713182449,3047
0.750478982925,3046
0.750741004944,3045
0.751558065414,3044
0.751957178116,3043
0.753182172775,3042
0.753550052643,3041
0.753705024719,3040
0.755280017853,3039
0.755421161652,3038
0.756424188614,3037
0.756836175919,3036
0.758254051208,3035
0.759033203125,3034
0.759948015213,3033
0.760281085968,3032
0.760524988174,3031
0.761142969131,3030
0.761276006699,3029
0.76206612587,3028
0.762339115143,3027
0.762545108795,3026
0.763669013977,3025
0.764019012451,3024
0.765174150467,3023
0.765678167343,3022
0.766142129898,3021
0.76643204689,3020
0.767634153366,3019
0.768462181091,3018
0.768814086914,3017
0.769165992737,3016
0.769400119781,3015
0.769707202911,3014
0.770390987396,3013
0.770878076553,3012
0.771390199661,3011
0.771692991257,3010
0.772186994553,3009
0.773240089417,3008
0.773485183716,3007
0.773869991302,3006
0.774552106857,3005
0.77516913414,3004
0.775475025177,3003
0.776090145111,3002
0.776403188705,3001
0.777173995972,3000
0.77804517746,2999
0.778246164322,2998
0.778527021408,2997
0.778870105743,2996
0.779360055923,2995
0.780125141144,2994
0.780292987823,2993
0.780603170395,2992
0.780820131302,2991
0.781189203262,2990
0.781915187836,2989
0.782085180283,2988
0.78230214119,2987
0.783284187317,2986
0.783637046814,2985
0.783825159073,2984
0.784936189651,2983
0.785375118256,2982
0.785839080811,2981
0.786139011383,2980
0.786471128464,2979
0.78662610054,2978
0.78697514534,2977
0.787298202515,2976
0.787444114685,2975
0.787579059601,2974
0.787854194641,2973
0.788493156433,2972
0.788791179657,2971
0.789057016373,2970
0.78991317749,2969
0.790171146393,2968
0.790494203568,2967
0.790734052658,2966
0.791380167007,2965
0.79181098938,2964
0.792201042175,2963
0.792668104172,2962
0.792890071869,2961
0.793262004852,2960
0.793812036514,2959
0.794404983521,2958
0.794709205627,2957
0.794929981232,2956
0.795248985291,2955
0.796580076218,2954
0.797033071518,2953
0.797521114349,2952
0.797716140747,2951
0.79807806015,2950
0.798981189728,2949
0.79975605011,2948
0.799954175949,2947
0.800803184509,2946
0.801302194595,2945
0.801540136337,2944
0.802487134933,2943
0.802635192871,2942
0.803084135056,2941
0.803234100342,2940
0.803420066833,2939
0.803584098816,2938
0.804095983505,2937
0.804399013519,2936
0.804636001587,2935
0.804891109467,2934
0.805423021317,2933
0.805691003799,2932
0.805905103683,2931
0.807394981384,2930
0.807605981827,2929
0.807757139206,2928
0.808386087418,2927
0.809077978134,2926
0.809309005737,2925
0.810326099396,2924
0.811575174332,2923
0.812225103378,2922
0.812906980515,2921
0.813387155533,2920
0.81365609169,2919
0.814934015274,2918
0.81539106369,2917
0.815798044205,2916
0.816040992737,2915
0.816987037659,2914
0.817269086838,2913
0.818000078201,2912
0.818288087845,2911
0.818822145462,2910
0.819449186325,2909
0.81981420517,2908
0.821070194244,2907
0.821303129196,2906
0.822067022324,2905
0.822318077087,2904
0.822834014893,2903
0.823184013367,2902
0.823616981506,2901
0.824010133743,2900
0.825059175491,2899
0.825875997543,2898
0.826416969299,2897
0.827340126038,2896
0.82750916481,2895
0.828942060471,2894
0.829126119614,2893
0.82967710495,2892
0.830582141876,2891
0.83135008812,2890
0.831562042236,2889
0.83177614212,2888
0.832628011703,2887
0.832923173904,2886
0.833414077759,2885
0.833734035492,2884
0.834131002426,2883
0.834824085236,2882
0.835168123245,2881
0.835424184799,2880
0.83661198616,2879
0.836764097214,2878
0.837175130844,2877
0.837377071381,2876
0.837755203247,2875
0.839099168777,2874
0.839508056641,2873
0.841349124908,2872
0.84193611145,2871
0.843698978424,2870
0.844480991364,2869
0.844673156738,2868
0.845362186432,2867
0.845535039902,2866
0.846040010452,2865
0.84623503685,2864
0.847418069839,2863
0.847619056702,2862
0.847892045975,2861
0.848129034042,2860
0.848514080048,2859
0.848795175552,2858
0.849724054337,2857
0.850089073181,2856
0.850359201431,2855
0.850815057755,2854
0.850941181183,2853
0.85116815567,2852
0.851659059525,2851
0.851875066757,2850
0.852006196976,2849
0.852326154709,2848
0.853339195251,2847
0.853527069092,2846
0.854115009308,2845
0.854610204697,2844
0.855041027069,2843
0.85536813736,2842
0.857248067856,2841
0.85746216774,2840
0.857968091965,2839
0.858162164688,2838
0.858350038528,2837
0.858577013016,2836
0.858761072159,2835
0.858999967575,2834
0.859336137772,2833
0.860136032104,2832
0.860359191895,2831
0.860486030579,2830
0.860655069351,2829
0.860800981522,2828
0.862514019012,2827
0.862691164017,2826
0.863406181335,2825
0.863684177399,2824
0.864336013794,2823
0.865396022797,2822
0.866132974625,2821
0.866649150848,2820
0.867383003235,2819
0.867541074753,2818
0.867841005325,2817
0.868549108505,2816
0.868677139282,2815
0.871423006058,2814
0.871716976166,2813
0.871989011765,2812
0.872261047363,2811
0.8726541996,2810
0.873972177505,2809
0.875044107437,2808
0.875243186951,2807
0.875576019287,2806
0.875938177109,2805
0.876190185547,2804
0.876413106918,2803
0.876942157745,2802
0.878477096558,2801
0.87862610817,2800
0.878890037537,2799
0.879268169403,2798
0.879724979401,2797
0.880486011505,2796
0.881177186966,2795
0.881463050842,2794
0.881745100021,2793
0.882662057877,2792
0.882795095444,2791
0.884008169174,2790
0.884657144547,2789
0.885197162628,2788
0.885461091995,2787
0.885673999786,2786
0.886389970779,2785
0.886626005173,2784
0.886949062347,2783
0.88720703125,2782
0.887395143509,2781
0.887948989868,2780
0.888173103333,2779
0.889739990234,2778
0.890218019485,2777
0.890413045883,2776
0.892515182495,2775
0.892781972885,2774
0.893352031708,2773
0.893573045731,2772
0.894083023071,2771
0.894539117813,2770
0.895013093948,2769
0.896270990372,2768
0.896497011185,2767
0.89696598053,2766
0.897090196609,2765
0.898993015289,2764
0.89938211441,2763
0.899515151978,2762
0.90035700798,2761
0.900595188141,2760
0.901921033859,2759
0.902121067047,2758
0.903801202774,2757
0.904314041138,2756
0.905667066574,2755
0.905892133713,2754
0.907433986664,2753
0.909157037735,2752
0.909964084625,2751
0.91036605835,2750
0.910516023636,2749
0.910900115967,2748
0.911159038544,2747
0.911595106125,2746
0.911874055862,2745
0.912132978439,2744
0.913962125778,2743
0.915619134903,2742
0.915889024734,2741
0.916437149048,2740
0.91831612587,2739
0.919039011002,2738
0.919224977493,2737
0.920211076736,2736
0.921573162079,2735
0.921797037125,2734
0.923192977905,2733
0.923478126526,2732
0.923849105835,2731
0.924036979675,2730
0.924463033676,2729
0.924816131592,2728
0.925328016281,2727
0.926836967468,2726
0.926957130432,2725
0.927097082138,2724
0.927234172821,2723
0.92767906189,2722
0.928656101227,2721
0.928942203522,2720
0.929519176483,2719
0.930741071701,2718
0.930965185165,2717
0.931764125824,2716
0.931922197342,2715
0.93402504921,2714
0.934466123581,2713
0.934722185135,2712
0.93637919426,2711
0.936845064163,2710
0.940455198288,2709
0.940850019455,2708
0.94154214859,2707
0.941728115082,2706
0.942592144012,2705
0.943588972092,2704
0.943842172623,2703
0.944845199585,2702
0.946541070938,2701
0.946709156036,2700
0.946851015091,2699
0.94783616066,2698
0.948600053787,2697
0.950249195099,2696
0.950829982758,2695
0.951076984406,2694
0.951478004456,2693
0.951611995697,2692
0.952373027802,2691
0.953728199005,2690
0.953945159912,2689
0.954180002213,2688
0.954414129257,2687
0.954864025116,2686
0.955808162689,2685
0.956222057343,2684
0.957524061203,2683
0.957961082458,2682
0.958261013031,2681
0.958597183228,2680
0.959017038345,2679
0.959721088409,2678
0.960129022598,2677
0.961308002472,2676
0.961901187897,2675
0.962164163589,2674
0.962646007538,2673
0.963157176971,2672
0.963855981827,2671
0.964281082153,2670
0.964537143707,2669
0.965627193451,2668
0.966554164886,2667
0.96706199646,2666
0.967307090759,2665
0.969383001328,2664
0.970216989517,2663
0.97114610672,2662
0.973258972168,2661
0.973747014999,2660
0.973939180374,2659
0.974164009094,2658
0.974492073059,2657
0.975138187408,2656
0.975349187851,2655
0.97595000267,2654
0.976135015488,2653
0.976776123047,2652
0.977108001709,2651
0.977594137192,2650
0.97828912735,2649
0.978543043137,2648
0.979295969009,2647
0.980485200882,2646
0.980846166611,2645
0.98178601265,2644
0.982270002365,2643
0.982465028763,2642
0.982767105103,2641
0.98300909996,2640
0.983807086945,2639
0.983968019485,2638
0.985321998596,2637
0.986492156982,2636
0.988085031509,2635
0.988492012024,2634
0.988754034042,2633
0.989258050919,2632
0.989893198013,2631
0.990140199661,2630
0.990315198898,2629
0.990513086319,2628
0.991600036621,2627
0.991739034653,2626
0.992146968842,2625
0.99259018898,2624
0.992845058441,2623
0.993097066879,2622
0.995294094086,2621
0.996531009674,2620
0.996984004974,2619
0.99742102623,2618
0.998589038849,2617
0.998826026917,2616
0.999479055405,2615
1.00023913383,2614
1.00093507767,2613
1.00168418884,2612
1.00223302841,2611
1.00255417824,2610
1.0032889843,2609
1.00411915779,2608
1.00542712212,2607
1.00568318367,2606
1.00613903999,2605
1.00666499138,2604
1.00716710091,2603
1.00786399841,2602
1.00809216499,2601
1.00875210762,2600
1.00918507576,2599
1.00972104073,2598
1.01103520393,2597
1.01138901711,2596
1.01228308678,2595
1.01287817955,2594
1.01460719109,2593
1.0152361393,2592
1.0155980587,2591
1.01596307755,2590
1.01646018028,2589
1.01683402061,2588
1.01708197594,2587
1.01756000519,2586
1.01884412766,2585
1.01962518692,2584
1.01991009712,2583
1.02021098137,2582
1.02058410645,2581
1.02168917656,2580
1.02201199532,2579
1.02245211601,2578
1.02287197113,2577
1.02366304398,2576
1.02394104004,2575
1.02460098267,2574
1.02472400665,2573
1.02527618408,2572
1.02648806572,2571
1.02737808228,2570
1.02810001373,2569
1.02885317802,2568
1.02903199196,2567
1.03017616272,2566
1.03219509125,2565
1.03251099586,2564
1.03395009041,2563
1.03461408615,2562
1.03541517258,2561
1.03570008278,2560
1.03674006462,2559
1.03708410263,2558
1.038667202,2557
1.03891515732,2556
1.04020309448,2555
1.04084801674,2554
1.04118919373,2553
1.0419421196,2552
1.04214406013,2551
1.04251217842,2550
1.04270005226,2549
1.04324507713,2548
1.04461812973,2547
1.04484415054,2546
1.04532814026,2545
1.04558205605,2544
1.04653310776,2543
1.04685306549,2542
1.04898619652,2541
1.04938197136,2540
1.0501730442,2539
1.05042099953,2538
1.05245399475,2537
1.05286216736,2536
1.05504608154,2535
1.05548810959,2534
1.05567312241,2533
1.05579018593,2532
1.05660605431,2531
1.05682110786,2530
1.05880403519,2529
1.05899000168,2528
1.05922818184,2527
1.05974197388,2526
1.06039500237,2525
1.06065106392,2524
1.06110811234,2523
1.06140613556,2522
1.06197619438,2521
1.06277513504,2520
1.06376719475,2519
1.06500411034,2518
1.06558704376,2517
1.06643819809,2516
1.06658005714,2515
1.06699299812,2514
1.06824612617,2513
1.07030200958,2512
1.07099914551,2511
1.07204699516,2510
1.07230615616,2509
1.07435917854,2508
1.07503509521,2507
1.07552409172,2506
1.07575011253,2505
1.07622504234,2504
1.07644510269,2503
1.07686400414,2502
1.07743310928,2501
1.07773518562,2500
1.07792305946,2499
1.07885909081,2498
1.07918310165,2497
1.07994818687,2496
1.08173012733,2495
1.08193016052,2494
1.08224105835,2493
1.08244109154,2492
1.08284807205,2491
1.08423399925,2490
1.0843629837,2489
1.08506298065,2488
1.08619213104,2487
1.08773708344,2486
1.08793902397,2485
1.08887314796,2484
1.08923816681,2483
1.09020113945,2482
1.09056997299,2481
1.09111809731,2480
1.09207510948,2479
1.09252715111,2478
1.09292912483,2477
1.09350609779,2476
1.094643116,2475
1.09506607056,2474
1.09550118446,2473
1.0956761837,2472
1.09605717659,2471
1.09703207016,2470
1.09855508804,2469
1.09963512421,2468
1.09980201721,2467
1.10012316704,2466
1.10069513321,2465
1.10106301308,2464
1.10179018974,2463
1.10200405121,2462
1.10219407082,2461
1.10256099701,2460
1.10416412354,2459
1.1046500206,2458
1.10643696785,2457
1.10707807541,2456
1.10739612579,2455
1.10870814323,2454
1.10950517654,2453
1.10968518257,2452
1.11110520363,2451
1.11269807816,2450
1.11281204224,2449
1.11353898048,2448
1.11400914192,2447
1.11617517471,2446
1.11658811569,2445
1.11690497398,2444
1.11714601517,2443
1.11747503281,2442
1.11777710915,2441
1.1180100441,2440
1.12018013,2439
1.12091207504,2438
1.12120199203,2437
1.12160420418,2436
1.12246203423,2435
1.12264513969,2434
1.12391710281,2433
1.95482516289,2432
1.95512700081,2431
1.95735907555,2430
1.96271800995,2429
1.96319699287,2428
1.96474504471,2427
1.96661019325,2426
1.96688818932,2425
1.97016310692,2424
1.97375106812,2423
1.97820711136,2422
1.98278212547,2421
1.99299097061,2420
1.99740505219,2419
2.00309205055,2418
2.0055949688,2417
2.00717711449,2416
2.00785398483,2415
2.00890898705,2414
2.01193213463,2413
2.01261210442,2412
2.01327800751,2411
2.8249771595,2410
2.82529020309,2409
2.82581400871,2408
2.83201503754,2407
2.83634901047,2406
2.83769416809,2405
2.84104013443,2404
2.84298014641,2403
2.84577298164,2402
2.84612202644,2401
2.84642004967,2400
2.84717607498,2399
2.84746813774,2398
2.85383701324,2397
2.85626411438,2396
2.86005115509,2395
2.8630001545,2394
2.86445808411,2393
2.86548018456,2392
2.87376713753,2391
2.87672805786,2390
2.87860202789,2389
2.87916207314,2388
2.88540697098,2387
2.88592219353,2386
2.88619613647,2385
2.88663697243,2384
2.89068317413,2383
2.89369606972,2382
3.77823114395,2381
3.78130102158,2380
3.7878279686,2379
3.78971505165,2378
3.79025697708,2377
3.79190897942,2376
3.79448413849,2375
3.79631710052,2374
3.79679107666,2373
3.79806208611,2372
3.80048108101,2371
3.80071306229,2370
3.80691814423,2369
3.81293416023,2368
3.81694507599,2367
3.82330799103,2366
3.82487297058,2365
4.68073010445,2364
4.68238902092,2363
4.68274116516,2362
4.68374609947,2361
4.68641519547,2360
4.68686699867,2359
4.68824005127,2358
4.68926405907,2357
4.69067215919,2356
4.69338917732,2355
4.69430017471,2354
4.69801497459,2353
5.55447006226,2352
5.55567502975,2351
5.55705118179,2350
5.5593521595,2349
5.55955815315,2348
5.56114602089,2347
5.56207919121,2346
5.5654540062,2345
5.5671441555,2344
5.5698890686,2343
5.57093501091,2342
5.57272720337,2341
5.58039808273,2340
6.49412202835,2339
6.49558115005,2338
6.49720597267,2337
6.49879407883,2336
6.5064740181,2335
7.45541620255,2334
7.45698618889,2333
7.45730113983,2332
7.45774102211,2331
7.45926499367,2330
7.46132898331,2329
7.46168398857,2328
7.46258115768,2327
7.46284508705,2326
7.46556806564,2325
7.46615004539,2324
7.46935105324,2323
8.34638214111,2322
8.34742116928,2321
8.34889411926,2320
8.34932613373,2319
9.28414416313,2318
9.28456115723,2317
9.29260015488,2316
9.29361701012,2315
9.29576206207,2314
10.1781761646,2313
10.1787981987,2312
11.119136095,2311
11.1200921535,2310
11.1222670078,2309
11.1249110699,2308
11.1262671947,2307
12.0578250885,2306
12.0620911121,2305
12.0626029968,2304
12.0636100769,2303
12.0656611919,2302
12.0679900646,2301
12.069560051,2300
12.0726191998,2299
12.0737700462,2298
12.962911129,2297
12.9649641514,2296
15.8129851818,2295
15.8148770332,2294
16.7175991535,2293
16.7180969715,2292
16.7194449902,2291
16.7265570164,2290
16.7274520397,2289
