0.00871300697327,4940
0.00885701179504,4939
0.00916004180908,4938
0.00939106941223,4937
0.00969004631042,4936
0.00983810424805,4935
0.0101721286774,4934
0.0103840827942,4933
0.0107700824738,4932
0.0111110210419,4931
0.011302947998,4930
0.0116591453552,4929
0.01189494133,4928
0.0122730731964,4927
0.0124559402466,4926
0.0128309726715,4925
0.0130729675293,4924
0.0134191513062,4923
0.0136950016022,4922
0.0138380527496,4921
0.0142221450806,4920
0.0145130157471,4919
0.0147030353546,4918
0.01486992836,4917
0.0152781009674,4916
0.0155730247498,4915
0.0157890319824,4914
0.0160210132599,4913
0.0162091255188,4912
0.0164139270782,4911
0.0166571140289,4910
0.0170459747314,4909
0.0172989368439,4908
0.017450094223,4907
0.017599105835,4906
0.0177869796753,4905
0.0179579257965,4904
0.0181679725647,4903
0.0183291435242,4902
0.0185301303864,4901
0.0188391208649,4900
0.0191941261292,4899
0.0194051265717,4898
0.0196809768677,4897
0.0199201107025,4896
0.0201489925385,4895
0.0203671455383,4894
0.0206921100616,4893
0.0210149288177,4892
0.0214149951935,4891
0.0217771530151,4890
0.0219459533691,4889
0.0222339630127,4888
0.0224559307098,4887
0.0227949619293,4886
0.0230691432953,4885
0.0234091281891,4884
0.0237109661102,4883
0.0241129398346,4882
0.0243270397186,4881
0.0246601104736,4880
0.0250189304352,4879
0.0252439975739,4878
0.0253999233246,4877
0.0256991386414,4876
0.0259900093079,4875
0.0262320041656,4874
0.0265030860901,4873
0.0267980098724,4872
0.0270750522614,4871
0.0274560451508,4870
0.0276069641113,4869
0.0279049873352,4868
0.0282759666443,4867
0.0285160541534,4866
0.0288510322571,4865
0.0293309688568,4864
0.0297050476074,4863
0.0300431251526,4862
0.0303299427032,4861
0.0307281017303,4860
0.0310869216919,4859
0.0314021110535,4858
0.031662940979,4857
0.0319011211395,4856
0.032429933548,4855
0.0326910018921,4854
0.03284907341,4853
0.033164024353,4852
0.0334630012512,4851
0.0336000919342,4850
0.0339450836182,4849
0.0343401432037,4848
0.0345940589905,4847
0.0348260402679,4846
0.0350639820099,4845
0.0352320671082,4844
0.0353851318359,4843
0.0355250835419,4842
0.0359010696411,4841
0.0361320972443,4840
0.0362889766693,4839
0.0366959571838,4838
0.0369830131531,4837
0.0373389720917,4836
0.037572145462,4835
0.0379309654236,4834
0.0381851196289,4833
0.038458108902,4832
0.0387489795685,4831
0.0389771461487,4830
0.0393280982971,4829
0.0396349430084,4828
0.0398581027985,4827
0.0400249958038,4826
0.0403499603271,4825
0.0405621528625,4824
0.0409181118011,4823
0.0411450862885,4822
0.041286945343,4821
0.041533946991,4820
0.0418610572815,4819
0.04225897789,4818
0.0424859523773,4817
0.0426621437073,4816
0.0428440570831,4815
0.0431909561157,4814
0.043340921402,4813
0.043564081192,4812
0.0437259674072,4811
0.0441200733185,4810
0.044429063797,4809
0.0447940826416,4808
0.0450830459595,4807
0.0452320575714,4806
0.0456991195679,4805
0.0460231304169,4804
0.0462880134583,4803
0.0469119548798,4802
0.047101020813,4801
0.0473990440369,4800
0.047611951828,4799
0.047935962677,4798
0.0483109951019,4797
0.0488121509552,4796
0.0491600036621,4795
0.0493891239166,4794
0.049633026123,4793
0.0498049259186,4792
0.0501301288605,4791
0.050498008728,4790
0.0506789684296,4789
0.0508201122284,4788
0.0511591434479,4787
0.0515229701996,4786
0.0517520904541,4785
0.0521259307861,4784
0.0524771213531,4783
0.0529410839081,4782
0.0533311367035,4781
0.0535690784454,4780
0.0538620948792,4779
0.0540170669556,4778
0.0541830062866,4777
0.0543520450592,4776
0.0546960830688,4775
0.0549800395966,4774
0.0551581382751,4773
0.0554630756378,4772
0.0558369159698,4771
0.0561261177063,4770
0.0564670562744,4769
0.0566971302032,4768
0.0570220947266,4767
0.0572500228882,4766
0.0576429367065,4765
0.0578999519348,4764
0.0581700801849,4763
0.058452129364,4762
0.0586750507355,4761
0.05899310112,4760
0.0591940879822,4759
0.0595641136169,4758
0.0598361492157,4757
0.0599999427795,4756
0.0602779388428,4755
0.0606200695038,4754
0.0608460903168,4753
0.061017036438,4752
0.0613751411438,4751
0.0615789890289,4750
0.0620551109314,4749
0.0624420642853,4748
0.0626130104065,4747
0.0628390312195,4746
0.0631339550018,4745
0.0633890628815,4744
0.0637631416321,4743
0.0639600753784,4742
0.0640940666199,4741
0.0644929409027,4740
0.064875125885,4739
0.065150976181,4738
0.0655241012573,4737
0.0659990310669,4736
0.0662100315094,4735
0.0665431022644,4734
0.0667979717255,4733
0.0671489238739,4732
0.0673990249634,4731
0.0676081180573,4730
0.0679531097412,4729
0.068088054657,4728
0.0684180259705,4727
0.0685551166534,4726
0.0687539577484,4725
0.0691869258881,4724
0.0694580078125,4723
0.0696909427643,4722
0.0698609352112,4721
0.0701370239258,4720
0.0704410076141,4719
0.0707421302795,4718
0.0710690021515,4717
0.071417093277,4716
0.0715811252594,4715
0.0721530914307,4714
0.0723719596863,4713
0.0727009773254,4712
0.072998046875,4711
0.0732841491699,4710
0.0736210346222,4709
0.0738010406494,4708
0.0740211009979,4707
0.0743961334229,4706
0.0748190879822,4705
0.0751960277557,4704
0.0754799842834,4703
0.0756320953369,4702
0.0758380889893,4701
0.0762000083923,4700
0.0767819881439,4699
0.0772171020508,4698
0.0774440765381,4697
0.0777831077576,4696
0.0779800415039,4695
0.0781860351562,4694
0.0783541202545,4693
0.0786499977112,4692
0.0788590908051,4691
0.07923412323,4690
0.0796570777893,4689
0.0798230171204,4688
0.0800960063934,4687
0.0804460048676,4686
0.0809321403503,4685
0.0812289714813,4684
0.0814490318298,4683
0.0816140174866,4682
0.0817711353302,4681
0.0820980072021,4680
0.0822329521179,4679
0.0826151371002,4678
0.0829110145569,4677
0.0832920074463,4676
0.0835199356079,4675
0.0836961269379,4674
0.0841310024261,4673
0.0843091011047,4672
0.084676027298,4671
0.0851140022278,4670
0.0853559970856,4669
0.0857779979706,4668
0.0859980583191,4667
0.086394071579,4666
0.0867221355438,4665
0.0869150161743,4664
0.0874381065369,4663
0.0876920223236,4662
0.0879249572754,4661
0.0880620479584,4660
0.0884101390839,4659
0.0887780189514,4658
0.0890679359436,4657
0.0893199443817,4656
0.0896790027618,4655
0.0899019241333,4654
0.0901689529419,4653
0.0903930664062,4652
0.0906789302826,4651
0.0910239219666,4650
0.0913510322571,4649
0.0916810035706,4648
0.0920560359955,4647
0.0922780036926,4646
0.0925920009613,4645
0.0929720401764,4644
0.0933399200439,4643
0.0935389995575,4642
0.0941400527954,4641
0.0943119525909,4640
0.0946891307831,4639
0.0948851108551,4638
0.0952670574188,4637
0.0956029891968,4636
0.0959680080414,4635
0.0962841510773,4634
0.0966670513153,4633
0.0969841480255,4632
0.0971870422363,4631
0.0974409580231,4630
0.0977129936218,4629
0.0980041027069,4628
0.098258972168,4627
0.0985260009766,4626
0.098895072937,4625
0.0990340709686,4624
0.0992910861969,4623
0.099858045578,4622
0.100247144699,4621
0.100499153137,4620
0.100743055344,4619
0.100964069366,4618
0.10132598877,4617
0.101470947266,4616
0.10164308548,4615
0.101918935776,4614
0.102235078812,4613
0.102467060089,4612
0.102751970291,4611
0.103327035904,4610
0.103675127029,4609
0.103873968124,4608
0.104145050049,4607
0.104450941086,4606
0.104726076126,4605
0.10510802269,4604
0.105325937271,4603
0.10558795929,4602
0.105783939362,4601
0.106148004532,4600
0.106384992599,4599
0.106734037399,4598
0.107005119324,4597
0.107381105423,4596
0.107537031174,4595
0.107886075974,4594
0.108174085617,4593
0.108446121216,4592
0.108775138855,4591
0.109097003937,4590
0.109401941299,4589
0.109693050385,4588
0.110002994537,4587
0.11025595665,4586
0.110603094101,4585
0.110960006714,4584
0.111181974411,4583
0.111588001251,4582
0.111927032471,4581
0.11220407486,4580
0.112493991852,4579
0.112626075745,4578
0.112818956375,4577
0.113003969193,4576
0.113222122192,4575
0.113583087921,4574
0.113861083984,4573
0.114449977875,4572
0.114820957184,4571
0.115102052689,4570
0.115417957306,4569
0.115822076797,4568
0.116127967834,4567
0.116321086884,4566
0.116517066956,4565
0.116791009903,4564
0.117066144943,4563
0.117285966873,4562
0.117557048798,4561
0.117836952209,4560
0.118200063705,4559
0.118384122849,4558
0.11874294281,4557
0.118955135345,4556
0.119157075882,4555
0.119499921799,4554
0.11981010437,4553
0.120178937912,4552
0.120522975922,4551
0.120801925659,4550
0.121191978455,4549
0.121392965317,4548
0.121544122696,4547
0.121801137924,4546
0.121963977814,4545
0.122164011002,4544
0.122304916382,4543
0.122553110123,4542
0.122996091843,4541
0.123177051544,4540
0.123569011688,4539
0.123822927475,4538
0.124169111252,4537
0.124344110489,4536
0.124545097351,4535
0.124719142914,4534
0.125066995621,4533
0.1254529953,4532
0.125582933426,4531
0.125913143158,4530
0.126210927963,4529
0.126940965652,4528
0.12716293335,4527
0.127444982529,4526
0.127726078033,4525
0.127990007401,4524
0.128168106079,4523
0.128503084183,4522
0.128849029541,4521
0.129101037979,4520
0.129465103149,4519
0.129595041275,4518
0.129878997803,4517
0.130239963531,4516
0.130525112152,4515
0.130962133408,4514
0.1312520504,4513
0.131628036499,4512
0.131873130798,4511
0.132291078568,4510
0.132513046265,4509
0.132997989655,4508
0.1333360672,4507
0.133717060089,4506
0.133949995041,4505
0.134279966354,4504
0.134491920471,4503
0.134644985199,4502
0.135010004044,4501
0.13519692421,4500
0.135523080826,4499
0.135822057724,4498
0.136106967926,4497
0.136474132538,4496
0.136666059494,4495
0.136891126633,4494
0.137062072754,4493
0.137346029282,4492
0.137727022171,4491
0.13809299469,4490
0.138386011124,4489
0.138554096222,4488
0.138839006424,4487
0.13896894455,4486
0.139274120331,4485
0.139604091644,4484
0.139850139618,4483
0.140185117722,4482
0.14032793045,4481
0.14067196846,4480
0.140807151794,4479
0.141144990921,4478
0.141353130341,4477
0.141690969467,4476
0.141936063766,4475
0.142301082611,4474
0.142779111862,4473
0.143079996109,4472
0.143446922302,4471
0.143598079681,4470
0.143947124481,4469
0.144309043884,4468
0.144526958466,4467
0.144874095917,4466
0.14559006691,4465
0.145813941956,4464
0.14609003067,4463
0.146943092346,4462
0.147207975388,4461
0.147536993027,4460
0.147797107697,4459
0.148061037064,4458
0.148394107819,4457
0.148675918579,4456
0.148854017258,4455
0.149130105972,4454
0.149501085281,4453
0.149755954742,4452
0.150012969971,4451
0.1505651474,4450
0.150840044022,4449
0.151129007339,4448
0.151448011398,4447
0.151734113693,4446
0.152107000351,4445
0.15238404274,4444
0.152626991272,4443
0.15322804451,4442
0.153381109238,4441
0.153528928757,4440
0.153681993484,4439
0.153898954391,4438
0.15477013588,4437
0.155013084412,4436
0.155318975449,4435
0.155547142029,4434
0.156167030334,4433
0.156379938126,4432
0.156747102737,4431
0.156955003738,4430
0.157096147537,4429
0.157464981079,4428
0.157632112503,4427
0.157905101776,4426
0.1584379673,4425
0.158705949783,4424
0.158946990967,4423
0.159209012985,4422
0.159363031387,4421
0.159511089325,4420
0.159734964371,4419
0.159942150116,4418
0.16016793251,4417
0.160449981689,4416
0.16067814827,4415
0.160830974579,4414
0.161044120789,4413
0.16118311882,4412
0.161669969559,4411
0.162156105042,4410
0.162333011627,4409
0.162672042847,4408
0.162830114365,4407
0.163032054901,4406
0.163305997849,4405
0.163713932037,4404
0.164114952087,4403
0.164291143417,4402
0.164482116699,4401
0.16476392746,4400
0.16517996788,4399
0.165436029434,4398
0.166012048721,4397
0.166214942932,4396
0.166429042816,4395
0.166728019714,4394
0.166939973831,4393
0.167361021042,4392
0.167525053024,4391
0.167882919312,4390
0.168431043625,4389
0.168710947037,4388
0.168980121613,4387
0.16934299469,4386
0.169651031494,4385
0.169826984406,4384
0.170273065567,4383
0.170417070389,4382
0.170764923096,4381
0.171221017838,4380
0.171452999115,4379
0.171822071075,4378
0.172233104706,4377
0.172434091568,4376
0.172754049301,4375
0.172986984253,4374
0.173578977585,4373
0.174060106277,4372
0.174562931061,4371
0.175065040588,4370
0.175428152084,4369
0.176343917847,4368
0.176666021347,4367
0.177118062973,4366
0.177520036697,4365
0.177832126617,4364
0.178179979324,4363
0.178389072418,4362
0.17872595787,4361
0.179032087326,4360
0.179312944412,4359
0.179980993271,4358
0.180168151855,4357
0.180496931076,4356
0.180927991867,4355
0.181285142899,4354
0.181455135345,4353
0.1822681427,4352
0.182522058487,4351
0.182754039764,4350
0.183120965958,4349
0.183835983276,4348
0.184136152267,4347
0.184467077255,4346
0.185259103775,4345
0.18547296524,4344
0.185800075531,4343
0.185986995697,4342
0.186228990555,4341
0.186412096024,4340
0.186767101288,4339
0.187087059021,4338
0.187286138535,4337
0.187587976456,4336
0.187722921371,4335
0.188039064407,4334
0.188197135925,4333
0.18855714798,4332
0.188769102097,4331
0.188977003098,4330
0.189234972,4329
0.18957901001,4328
0.189743041992,4327
0.190032958984,4326
0.190176963806,4325
0.19042801857,4324
0.190761089325,4323
0.190911054611,4322
0.191229104996,4321
0.191546916962,4320
0.191718101501,4319
0.191987037659,4318
0.192378997803,4317
0.192570924759,4316
0.192930936813,4315
0.19309592247,4314
0.193567037582,4313
0.193871974945,4312
0.195058107376,4311
0.195415973663,4310
0.196135997772,4309
0.196499109268,4308
0.196943998337,4307
0.197237014771,4306
0.197410106659,4305
0.197585105896,4304
0.198135137558,4303
0.198327064514,4302
0.198754072189,4301
0.198967933655,4300
0.199300050735,4299
0.199443101883,4298
0.199757099152,4297
0.200078010559,4296
0.200377941132,4295
0.200695037842,4294
0.200953960419,4293
0.201271057129,4292
0.201621055603,4291
0.201892137527,4290
0.202261924744,4289
0.202731132507,4288
0.20299911499,4287
0.203450918198,4286
0.2036049366,4285
0.203869104385,4284
0.204415082932,4283
0.204601049423,4282
0.205070972443,4281
0.205367088318,4280
0.205565929413,4279
0.205920934677,4278
0.206226110458,4277
0.206707954407,4276
0.207008123398,4275
0.207387924194,4274
0.207685947418,4273
0.20800614357,4272
0.208323955536,4271
0.208689928055,4270
0.208876132965,4269
0.209494113922,4268
0.209859132767,4267
0.210133075714,4266
0.210394144058,4265
0.210534095764,4264
0.21072101593,4263
0.210993051529,4262
0.2115650177,4261
0.211724996567,4260
0.212059020996,4259
0.21244096756,4258
0.212630987167,4257
0.213194131851,4256
0.213371038437,4255
0.213532924652,4254
0.214102983475,4253
0.214419126511,4252
0.214558124542,4251
0.214919090271,4250
0.215222120285,4249
0.215570926666,4248
0.215778112411,4247
0.216068983078,4246
0.216362953186,4245
0.216516971588,4244
0.216731071472,4243
0.217046976089,4242
0.217175960541,4241
0.217535018921,4240
0.217889070511,4239
0.218162059784,4238
0.218430995941,4237
0.218693971634,4236
0.219143152237,4235
0.219423055649,4234
0.219632148743,4233
0.21995306015,4232
0.220226049423,4231
0.220504045486,4230
0.220798969269,4229
0.221127986908,4228
0.221491098404,4227
0.221817970276,4226
0.222043037415,4225
0.222650051117,4224
0.222914934158,4223
0.223251104355,4222
0.223843097687,4221
0.223982095718,4220
0.224229097366,4219
0.224718093872,4218
0.225178003311,4217
0.225506067276,4216
0.226086139679,4215
0.226378917694,4214
0.226530075073,4213
0.226699113846,4212
0.226998090744,4211
0.22771191597,4210
0.227843046188,4209
0.228132963181,4208
0.228270053864,4207
0.228492975235,4206
0.228775024414,4205
0.229052066803,4204
0.229459047318,4203
0.22959113121,4202
0.229907989502,4201
0.230390071869,4200
0.230726003647,4199
0.231287956238,4198
0.231538057327,4197
0.231729984283,4196
0.232131958008,4195
0.2326130867,4194
0.232779979706,4193
0.232950925827,4192
0.233294010162,4191
0.233708143234,4190
0.233865022659,4189
0.234045982361,4188
0.234183073044,4187
0.234544992447,4186
0.234699010849,4185
0.235048055649,4184
0.235381126404,4183
0.235566139221,4182
0.236042022705,4181
0.236309051514,4180
0.23655295372,4179
0.23678612709,4178
0.237061023712,4177
0.237277984619,4176
0.237523078918,4175
0.237813949585,4174
0.237972974777,4173
0.23818397522,4172
0.238461017609,4171
0.238763093948,4170
0.238899946213,4169
0.239086151123,4168
0.239846944809,4167
0.240498065948,4166
0.240760087967,4165
0.24102807045,4164
0.241276979446,4163
0.241466999054,4162
0.241810083389,4161
0.242105960846,4160
0.242259979248,4159
0.243267059326,4158
0.244168996811,4157
0.24437212944,4156
0.244532108307,4155
0.245105981827,4154
0.245237112045,4153
0.245530128479,4152
0.245674133301,4151
0.246365070343,4150
0.246701002121,4149
0.247291088104,4148
0.247542142868,4147
0.247955083847,4146
0.248713970184,4145
0.248898983002,4144
0.24960899353,4143
0.249876022339,4142
0.250124931335,4141
0.250332117081,4140
0.250548124313,4139
0.250762939453,4138
0.251007080078,4137
0.251528978348,4136
0.252293109894,4135
0.252718925476,4134
0.252967119217,4133
0.253397941589,4132
0.253838062286,4131
0.254109144211,4130
0.254586935043,4129
0.254791975021,4128
0.25492310524,4127
0.255162000656,4126
0.255736112595,4125
0.255867004395,4124
0.256264925003,4123
0.256484985352,4122
0.256808042526,4121
0.256991147995,4120
0.257298946381,4119
0.257550954819,4118
0.25803899765,4117
0.258291006088,4116
0.258582115173,4115
0.258849143982,4114
0.259196043015,4113
0.259400129318,4112
0.259829044342,4111
0.259969949722,4110
0.260282993317,4109
0.261068105698,4108
0.261273145676,4107
0.261563062668,4106
0.261755943298,4105
0.261903047562,4104
0.26215004921,4103
0.262611150742,4102
0.26274895668,4101
0.262978076935,4100
0.263313055038,4099
0.264153957367,4098
0.264843940735,4097
0.265193939209,4096
0.265535116196,4095
0.265721082687,4094
0.26596903801,4093
0.266173124313,4092
0.266457080841,4091
0.266725063324,4090
0.267019033432,4089
0.267143964767,4088
0.267269134521,4087
0.267606973648,4086
0.267858982086,4085
0.268059015274,4084
0.268461942673,4083
0.268814086914,4082
0.269114017487,4081
0.269372940063,4080
0.269554138184,4079
0.26970911026,4078
0.269940137863,4077
0.270198106766,4076
0.270471096039,4075
0.271039009094,4074
0.271713972092,4073
0.271871089935,4072
0.272213935852,4071
0.272563934326,4070
0.272889137268,4069
0.273210048676,4068
0.273428916931,4067
0.274194955826,4066
0.274474143982,4065
0.274678945541,4064
0.274903059006,4063
0.275252103806,4062
0.275506019592,4061
0.275762081146,4060
0.275967121124,4059
0.276230096817,4058
0.276612997055,4057
0.276854991913,4056
0.277187108994,4055
0.277569055557,4054
0.277864933014,4053
0.278052091599,4052
0.27837395668,4051
0.278586149216,4050
0.278893947601,4049
0.279956102371,4048
0.280267953873,4047
0.281032085419,4046
0.281227111816,4045
0.281592130661,4044
0.281783103943,4043
0.28214097023,4042
0.282611131668,4041
0.282947063446,4040
0.283107995987,4039
0.283338069916,4038
0.283496141434,4037
0.283680915833,4036
0.284003973007,4035
0.284301996231,4034
0.284628152847,4033
0.284780025482,4032
0.285126924515,4031
0.285326004028,4030
0.285592079163,4029
0.285779953003,4028
0.285952091217,4027
0.286085128784,4026
0.28634095192,4025
0.286627054214,4024
0.286944150925,4023
0.287708044052,4022
0.28790307045,4021
0.288043022156,4020
0.28874707222,4019
0.288881063461,4018
0.289649009705,4017
0.289776086807,4016
0.289968967438,4015
0.290199995041,4014
0.290565013885,4013
0.290838956833,4012
0.291078090668,4011
0.29213809967,4010
0.292421102524,4009
0.29265499115,4008
0.293216943741,4007
0.293504953384,4006
0.293828964233,4005
0.294031143188,4004
0.294343948364,4003
0.294651031494,4002
0.294793128967,4001
0.295047044754,4000
0.295201063156,3999
0.295493125916,3998
0.295877933502,3997
0.296045064926,3996
0.296335935593,3995
0.296869039536,3994
0.297068119049,3993
0.297328948975,3992
0.297523021698,3991
0.297670125961,3990
0.297930955887,3989
0.298238992691,3988
0.299116134644,3987
0.299489974976,3986
0.299624919891,3985
0.299935102463,3984
0.300343990326,3983
0.30066204071,3982
0.301209926605,3981
0.301490068436,3980
0.301828145981,3979
0.30236697197,3978
0.30260014534,3977
0.302922964096,3976
0.303168058395,3975
0.303425073624,3974
0.303631067276,3973
0.303909063339,3972
0.304105043411,3971
0.304594993591,3970
0.304949998856,3969
0.305294036865,3968
0.305563926697,3967
0.305696964264,3966
0.305935144424,3965
0.306448936462,3964
0.306782960892,3963
0.307002067566,3962
0.307161092758,3961
0.307585954666,3960
0.307718038559,3959
0.30809211731,3958
0.308851003647,3957
0.309032917023,3956
0.309351921082,3955
0.309713125229,3954
0.30987906456,3953
0.310424089432,3952
0.310828924179,3951
0.311154127121,3950
0.311398029327,3949
0.311653137207,3948
0.311941146851,3947
0.312179088593,3946
0.312629938126,3945
0.313027143478,3944
0.313441038132,3943
0.31368803978,3942
0.314033031464,3941
0.314242124557,3940
0.314429998398,3939
0.314705133438,3938
0.315096139908,3937
0.315673112869,3936
0.315947055817,3935
0.316414117813,3934
0.316702127457,3933
0.317098140717,3932
0.317445993423,3931
0.317610025406,3930
0.31791305542,3929
0.318670034409,3928
0.318953990936,3927
0.319498062134,3926
0.319653987885,3925
0.319807052612,3924
0.320013999939,3923
0.320176124573,3922
0.320493936539,3921
0.320821046829,3920
0.321021080017,3919
0.321166992188,3918
0.321308135986,3917
0.321607112885,3916
0.322108030319,3915
0.322442054749,3914
0.323001146317,3913
0.323249101639,3912
0.324089050293,3911
0.32426905632,3910
0.324476957321,3909
0.324787139893,3908
0.32519197464,3907
0.325469017029,3906
0.325778961182,3905
0.325966119766,3904
0.326370954514,3903
0.326671123505,3902
0.32683300972,3901
0.326977014542,3900
0.327388048172,3899
0.32763004303,3898
0.327929973602,3897
0.328257083893,3896
0.328499078751,3895
0.328654050827,3894
0.329273939133,3893
0.329493999481,3892
0.329618930817,3891
0.330013036728,3890
0.330423116684,3889
0.33071398735,3888
0.330901145935,3887
0.33108496666,3886
0.331696033478,3885
0.331857919693,3884
0.33215713501,3883
0.33230304718,3882
0.332528114319,3881
0.332710981369,3880
0.333298921585,3879
0.333424091339,3878
0.333862066269,3877
0.334087133408,3876
0.334247112274,3875
0.334546089172,3874
0.334844112396,3873
0.335369110107,3872
0.335649967194,3871
0.335845947266,3870
0.336117982864,3869
0.336440086365,3868
0.336580038071,3867
0.336895942688,3866
0.33710694313,3865
0.337465047836,3864
0.33775305748,3863
0.337944984436,3862
0.338135957718,3861
0.338287115097,3860
0.338562965393,3859
0.338886022568,3858
0.339268922806,3857
0.339584112167,3856
0.339822053909,3855
0.340136051178,3854
0.340435028076,3853
0.340558052063,3852
0.340775966644,3851
0.341031074524,3850
0.341357946396,3849
0.341546058655,3848
0.3418841362,3847
0.342196941376,3846
0.34238910675,3845
0.34256196022,3844
0.34277510643,3843
0.343070030212,3842
0.343394994736,3841
0.343702077866,3840
0.344098091125,3839
0.344347000122,3838
0.344804048538,3837
0.345391988754,3836
0.345731019974,3835
0.345998048782,3834
0.346378087997,3833
0.346789121628,3832
0.347072124481,3831
0.347440958023,3830
0.347739934921,3829
0.348221063614,3828
0.348488092422,3827
0.348802089691,3826
0.349040031433,3825
0.349364042282,3824
0.349692106247,3823
0.35046005249,3822
0.350708961487,3821
0.350888967514,3820
0.351239919662,3819
0.352458953857,3818
0.352853059769,3817
0.353627920151,3816
0.353847980499,3815
0.354072093964,3814
0.354887008667,3813
0.355329990387,3812
0.355591058731,3811
0.355832099915,3810
0.356706142426,3809
0.356827020645,3808
0.357836961746,3807
0.358098983765,3806
0.358659982681,3805
0.3587911129,3804
0.359138011932,3803
0.359287977219,3802
0.359919071198,3801
0.360316991806,3800
0.360551118851,3799
0.360768079758,3798
0.361069917679,3797
0.361788988113,3796
0.362215995789,3795
0.362980127335,3794
0.363258123398,3793
0.363820075989,3792
0.364249944687,3791
0.364385128021,3790
0.364531993866,3789
0.364757061005,3788
0.365056991577,3787
0.365267038345,3786
0.365987062454,3785
0.366532087326,3784
0.366935014725,3783
0.367190122604,3782
0.367417097092,3781
0.367784023285,3780
0.368005990982,3779
0.368277072906,3778
0.368724107742,3777
0.368943929672,3776
0.36914396286,3775
0.369791030884,3774
0.370161056519,3773
0.370531082153,3772
0.371145963669,3771
0.37212896347,3770
0.372507095337,3769
0.372916936874,3768
0.373126983643,3767
0.373381137848,3766
0.373562097549,3765
0.374083995819,3764
0.374519109726,3763
0.3748691082,3762
0.375427961349,3761
0.375628948212,3760
0.375924110413,3759
0.376100063324,3758
0.37627196312,3757
0.377118110657,3756
0.377363920212,3755
0.377501964569,3754
0.377687931061,3753
0.378051042557,3752
0.378520965576,3751
0.378715991974,3750
0.379338979721,3749
0.379912137985,3748
0.380303144455,3747
0.380588054657,3746
0.380800962448,3745
0.381214141846,3744
0.381395101547,3743
0.381688117981,3742
0.381999969482,3741
0.382276058197,3740
0.382477998734,3739
0.38260102272,3738
0.383189916611,3737
0.383753061295,3736
0.383919000626,3735
0.384145021439,3734
0.384766101837,3733
0.384995937347,3732
0.385564088821,3731
0.385847091675,3730
0.386115074158,3729
0.386430978775,3728
0.387247085571,3727
0.387598991394,3726
0.387943983078,3725
0.38808298111,3724
0.388374090195,3723
0.388741970062,3722
0.388971090317,3721
0.38926410675,3720
0.390861034393,3719
0.391077041626,3718
0.391425132751,3717
0.391754150391,3716
0.391891956329,3715
0.39217710495,3714
0.392368078232,3713
0.392888069153,3712
0.393362045288,3711
0.393608093262,3710
0.393904924393,3709
0.394443035126,3708
0.394870042801,3707
0.395045042038,3706
0.39549612999,3705
0.395802974701,3704
0.396206140518,3703
0.396515130997,3702
0.396971940994,3701
0.397306919098,3700
0.397587060928,3699
0.397831916809,3698
0.39824795723,3697
0.398906946182,3696
0.399430990219,3695
0.399646997452,3694
0.39991402626,3693
0.400186061859,3692
0.40065407753,3691
0.401077032089,3690
0.401258945465,3689
0.401533126831,3688
0.402121067047,3687
0.402311086655,3686
0.402542114258,3685
0.402727127075,3684
0.402930021286,3683
0.403378009796,3682
0.403945922852,3681
0.404231071472,3680
0.404523134232,3679
0.404925107956,3678
0.405702114105,3677
0.405980110168,3676
0.406631946564,3675
0.406889915466,3674
0.407277107239,3673
0.407474040985,3672
0.40781211853,3671
0.408080101013,3670
0.408360004425,3669
0.408534049988,3668
0.408807039261,3667
0.409776926041,3666
0.410092115402,3665
0.410701036453,3664
0.411005020142,3663
0.411443948746,3662
0.412183046341,3661
0.412534952164,3660
0.412878036499,3659
0.413006067276,3658
0.413197994232,3657
0.413964986801,3656
0.414426088333,3655
0.414757966995,3654
0.415061950684,3653
0.415180921555,3652
0.41544008255,3651
0.415791034698,3650
0.416069984436,3649
0.416423082352,3648
0.416955947876,3647
0.417253017426,3646
0.417458057404,3645
0.417684078217,3644
0.418070077896,3643
0.418240070343,3642
0.41855597496,3641
0.418872117996,3640
0.419166088104,3639
0.419394016266,3638
0.419582128525,3637
0.419829130173,3636
0.419992923737,3635
0.420483112335,3634
0.42084813118,3633
0.421074151993,3632
0.421227931976,3631
0.421838998795,3630
0.422743082047,3629
0.423004150391,3628
0.423382997513,3627
0.423803091049,3626
0.424198150635,3625
0.424587965012,3624
0.424808979034,3623
0.424992084503,3622
0.425306081772,3621
0.425549983978,3620
0.425678014755,3619
0.426049947739,3618
0.426289081573,3617
0.426568984985,3616
0.426856040955,3615
0.427562952042,3614
0.427794933319,3613
0.428503036499,3612
0.428694009781,3611
0.429167032242,3610
0.429292917252,3609
0.429703950882,3608
0.430022954941,3607
0.430367946625,3606
0.430716991425,3605
0.430896043777,3604
0.431106090546,3603
0.43141913414,3602
0.432295084,3601
0.432562112808,3600
0.43293595314,3599
0.433413028717,3598
0.433887004852,3597
0.434298992157,3596
0.43452501297,3595
0.434931993484,3594
0.435663938522,3593
0.435867071152,3592
0.436000108719,3591
0.436159133911,3590
0.436667919159,3589
0.436835050583,3588
0.43715596199,3587
0.437602043152,3586
0.438178062439,3585
0.438369035721,3584
0.43864607811,3583
0.439001083374,3582
0.43995308876,3581
0.440140962601,3580
0.440547943115,3579
0.440812110901,3578
0.441057920456,3577
0.44117808342,3576
0.44136595726,3575
0.441797018051,3574
0.442183017731,3573
0.442448139191,3572
0.442825078964,3571
0.443129062653,3570
0.44343996048,3569
0.443624019623,3568
0.443927049637,3567
0.444302082062,3566
0.444770097733,3565
0.444947004318,3564
0.445344924927,3563
0.445574998856,3562
0.445745944977,3561
0.445976018906,3560
0.44620513916,3559
0.446403026581,3558
0.446887969971,3557
0.447276115417,3556
0.447504997253,3555
0.44770693779,3554
0.448339939117,3553
0.448521137238,3552
0.448848962784,3551
0.449002981186,3550
0.449595928192,3549
0.450386047363,3548
0.450684070587,3547
0.451066017151,3546
0.451487064362,3545
0.451705932617,3544
0.451944112778,3543
0.452477931976,3542
0.452651977539,3541
0.452795982361,3540
0.453067064285,3539
0.4534471035,3538
0.453736066818,3537
0.454092979431,3536
0.454214096069,3535
0.455069065094,3534
0.455357074738,3533
0.45565199852,3532
0.455909013748,3531
0.456098079681,3530
0.45677113533,3529
0.457104921341,3528
0.457327127457,3527
0.45782995224,3526
0.458056926727,3525
0.45850110054,3524
0.458784103394,3523
0.459088087082,3522
0.459573030472,3521
0.459905147552,3520
0.46036195755,3519
0.460793018341,3518
0.461103916168,3517
0.461457967758,3516
0.461585998535,3515
0.462201118469,3514
0.462429046631,3513
0.46272611618,3512
0.46355009079,3511
0.463751077652,3510
0.463971138,3509
0.464510917664,3508
0.46488404274,3507
0.465003967285,3506
0.465282917023,3505
0.465729951859,3504
0.465989112854,3503
0.466367959976,3502
0.466556072235,3501
0.466925144196,3500
0.467131137848,3499
0.467381000519,3498
0.467630147934,3497
0.468034982681,3496
0.468784093857,3495
0.469155073166,3494
0.46940612793,3493
0.470396995544,3492
0.47219991684,3491
0.472330093384,3490
0.472509145737,3489
0.472733020782,3488
0.473041057587,3487
0.47335600853,3486
0.473654985428,3485
0.474092960358,3484
0.474576950073,3483
0.474735021591,3482
0.475008964539,3481
0.475517988205,3480
0.47576713562,3479
0.476809024811,3478
0.477183103561,3477
0.477318048477,3476
0.47744512558,3475
0.477618932724,3474
0.477844953537,3473
0.47856092453,3472
0.479161977768,3471
0.47952413559,3470
0.479643106461,3469
0.479871034622,3468
0.480175018311,3467
0.480540037155,3466
0.480931997299,3465
0.481411933899,3464
0.481544017792,3463
0.481771945953,3462
0.482172012329,3461
0.482511043549,3460
0.482769966125,3459
0.483075141907,3458
0.483310937881,3457
0.483531951904,3456
0.483829975128,3455
0.484069108963,3454
0.484341144562,3453
0.484534978867,3452
0.484755039215,3451
0.485584020615,3450
0.485888957977,3449
0.486030101776,3448
0.486773967743,3447
0.487086057663,3446
0.487309932709,3445
0.487503051758,3444
0.487663030624,3443
0.48796415329,3442
0.48859500885,3441
0.489319086075,3440
0.490416049957,3439
0.49102306366,3438
0.491177082062,3437
0.491344928741,3436
0.491873979568,3435
0.492141962051,3434
0.492432117462,3433
0.493189096451,3432
0.493485927582,3431
0.493721008301,3430
0.494092941284,3429
0.494297027588,3428
0.495653152466,3427
0.495934009552,3426
0.496187925339,3425
0.496501922607,3424
0.496958017349,3423
0.497272968292,3422
0.497545003891,3421
0.497811079025,3420
0.498168945312,3419
0.498351097107,3418
0.49863409996,3417
0.499242067337,3416
0.499670028687,3415
0.499866008759,3414
0.500205993652,3413
0.500414133072,3412
0.500669956207,3411
0.501482963562,3410
0.501753091812,3409
0.502156019211,3408
0.502485990524,3407
0.502710103989,3406
0.503263950348,3405
0.503633975983,3404
0.503824949265,3403
0.504454135895,3402
0.504742145538,3401
0.505245923996,3400
0.5055539608,3399
0.506641149521,3398
0.507131099701,3397
0.507528066635,3396
0.508273124695,3395
0.508469104767,3394
0.508955001831,3393
0.509103059769,3392
0.50923204422,3391
0.509382009506,3390
0.509999990463,3389
0.510620117188,3388
0.512393951416,3387
0.512812137604,3386
0.513095140457,3385
0.513616085052,3384
0.513910055161,3383
0.514105081558,3382
0.514358043671,3381
0.51521396637,3380
0.515741109848,3379
0.5159740448,3378
0.516310930252,3377
0.516516923904,3376
0.51721405983,3375
0.517476081848,3374
0.517786979675,3373
0.517908096313,3372
0.518466949463,3371
0.518667936325,3370
0.519025087357,3369
0.519367933273,3368
0.519909143448,3367
0.520300149918,3366
0.520864963531,3365
0.520988941193,3364
0.521495103836,3363
0.521739006042,3362
0.522172927856,3361
0.522795915604,3360
0.523049116135,3359
0.523330926895,3358
0.523663043976,3357
0.524121046066,3356
0.524855136871,3355
0.52534198761,3354
0.52562713623,3353
0.526308059692,3352
0.52644610405,3351
0.526803016663,3350
0.527051925659,3349
0.528703927994,3348
0.529628038406,3347
0.530025005341,3346
0.530274152756,3345
0.530677080154,3344
0.531048059464,3343
0.531538009644,3342
0.532212018967,3341
0.532442092896,3340
0.53294801712,3339
0.533124923706,3338
0.533689975739,3337
0.535335063934,3336
0.535584926605,3335
0.535946130753,3334
0.536160945892,3333
0.536350011826,3332
0.536543130875,3331
0.536832094193,3330
0.537050962448,3329
0.537476062775,3328
0.537708997726,3327
0.537943124771,3326
0.538200139999,3325
0.538555145264,3324
0.5387840271,3323
0.539175033569,3322
0.53960108757,3321
0.539996147156,3320
0.540233135223,3319
0.540698051453,3318
0.540952920914,3317
0.541230916977,3316
0.541616916656,3315
0.541903972626,3314
0.542067050934,3313
0.542530059814,3312
0.54297709465,3311
0.54353094101,3310
0.54394698143,3309
0.54470205307,3308
0.5450091362,3307
0.545167922974,3306
0.545730113983,3305
0.545917034149,3304
0.546307086945,3303
0.547389984131,3302
0.547778129578,3301
0.548475980759,3300
0.548721075058,3299
0.548882961273,3298
0.54909992218,3297
0.549427986145,3296
0.549700975418,3295
0.549965143204,3294
0.550149917603,3293
0.550746917725,3292
0.550872087479,3291
0.551116943359,3290
0.551337957382,3289
0.551705121994,3288
0.552254915237,3287
0.552928924561,3286
0.55398106575,3285
0.554266929626,3284
0.554557085037,3283
0.555551052094,3282
0.555866956711,3281
0.55614900589,3280
0.55658197403,3279
0.556806087494,3278
0.557066917419,3277
0.557754039764,3276
0.558046102524,3275
0.558807134628,3274
0.559262037277,3273
0.559654951096,3272
0.56026506424,3271
0.560512065887,3270
0.561573982239,3269
0.561892032623,3268
0.5621509552,3267
0.562660932541,3266
0.562778949738,3265
0.563704013824,3264
0.564166069031,3263
0.564669132233,3262
0.564821958542,3261
0.565068006516,3260
0.565195083618,3259
0.565465927124,3258
0.56668305397,3257
0.567431926727,3256
0.56792807579,3255
0.568959951401,3254
0.569221019745,3253
0.569491147995,3252
0.570564031601,3251
0.5709400177,3250
0.571529150009,3249
0.5720911026,3248
0.572330951691,3247
0.572462081909,3246
0.572896957397,3245
0.573184013367,3244
0.573573112488,3243
0.574516057968,3242
0.575055122375,3241
0.576123952866,3240
0.576303958893,3239
0.576481103897,3238
0.576600074768,3237
0.576877117157,3236
0.577106952667,3235
0.577321052551,3234
0.577543020248,3233
0.577867984772,3232
0.578330993652,3231
0.57857298851,3230
0.578928947449,3229
0.579343080521,3228
0.580042123795,3227
0.580565929413,3226
0.581274986267,3225
0.58152794838,3224
0.58177614212,3223
0.581974029541,3222
0.582535028458,3221
0.582934141159,3220
0.583306074142,3219
0.583734989166,3218
0.58390212059,3217
0.584485054016,3216
0.58568406105,3215
0.586246013641,3214
0.587379932404,3213
0.588006019592,3212
0.588484048843,3211
0.588685035706,3210
0.589798927307,3209
0.590027093887,3208
0.590847969055,3207
0.590986967087,3206
0.591428041458,3205
0.591654062271,3204
0.592117071152,3203
0.592244148254,3202
0.59238409996,3201
0.592623949051,3200
0.593178987503,3199
0.593955039978,3198
0.59416103363,3197
0.594537973404,3196
0.594957113266,3195
0.595247030258,3194
0.596176147461,3193
0.596900939941,3192
0.598525047302,3191
0.598729133606,3190
0.598984003067,3189
0.599231004715,3188
0.599785089493,3187
0.599961996078,3186
0.60018992424,3185
0.601176977158,3184
0.602880954742,3183
0.60312795639,3182
0.603819131851,3181
0.603985071182,3180
0.6051030159,3179
0.605621099472,3178
0.605903148651,3177
0.606593132019,3176
0.606750011444,3175
0.607185125351,3174
0.607615947723,3173
0.607869148254,3172
0.609380960464,3171
0.609624147415,3170
0.61064696312,3169
0.611071109772,3168
0.611691951752,3167
0.612525939941,3166
0.613148927689,3165
0.613358974457,3164
0.61398601532,3163
0.614223003387,3162
0.614434957504,3161
0.615155935287,3160
0.615348100662,3159
0.616172075272,3158
0.616703033447,3157
0.616950035095,3156
0.617892026901,3155
0.618152141571,3154
0.61879992485,3153
0.619239091873,3152
0.619673013687,3151
0.619849920273,3150
0.620095014572,3149
0.620476961136,3148
0.620682001114,3147
0.620981931686,3146
0.621247053146,3145
0.621912956238,3144
0.622272014618,3143
0.622447013855,3142
0.623198986053,3141
0.623445987701,3140
0.624063968658,3139
0.625482082367,3138
0.625796079636,3137
0.626050949097,3136
0.626279115677,3135
0.62705206871,3134
0.62744307518,3133
0.627613067627,3132
0.627979040146,3131
0.628426074982,3130
0.629400968552,3129
0.630264997482,3128
0.630537986755,3127
0.630867958069,3126
0.631484031677,3125
0.631641149521,3124
0.632172107697,3123
0.632393121719,3122
0.632676124573,3121
0.632956981659,3120
0.633661031723,3119
0.633969068527,3118
0.634700059891,3117
0.635148048401,3116
0.635522127151,3115
0.635684013367,3114
0.636174917221,3113
0.636961936951,3112
0.637262105942,3111
0.638522148132,3110
0.639985084534,3109
0.64012503624,3108
0.640332937241,3107
0.640655994415,3106
0.641593933105,3105
0.642312049866,3104
0.642430067062,3103
0.643535137177,3102
0.643676042557,3101
0.644215106964,3100
0.644757986069,3099
0.645267963409,3098
0.645609140396,3097
0.645889043808,3096
0.647270917892,3095
0.647508144379,3094
0.647850990295,3093
0.649043083191,3092
0.649420022964,3091
0.649640083313,3090
0.650089979172,3089
0.650229930878,3088
0.651204109192,3087
0.651616096497,3086
0.651855945587,3085
0.652230978012,3084
0.652503967285,3083
0.652662038803,3082
0.653216123581,3081
0.653578996658,3080
0.655130147934,3079
0.655434131622,3078
0.655946969986,3077
0.656120061874,3076
0.656418085098,3075
0.657580137253,3074
0.658430099487,3073
0.65928196907,3072
0.65959405899,3071
0.659790039062,3070
0.660599946976,3069
0.661029100418,3068
0.661629915237,3067
0.661865949631,3066
0.662279129028,3065
0.663074970245,3064
0.663234949112,3063
0.664214134216,3062
0.664556980133,3061
0.665432929993,3060
0.665599107742,3059
0.666362047195,3058
0.666635036469,3057
0.667046070099,3056
0.667407989502,3055
0.667526960373,3054
0.668234109879,3053
0.668568134308,3052
0.668781042099,3051
0.669245958328,3050
0.669515132904,3049
0.67107796669,3048
0.671602010727,3047
0.671730995178,3046
0.672029972076,3045
0.672207117081,3044
0.67242193222,3043
0.672842979431,3042
0.673113107681,3041
0.673326015472,3040
0.673565149307,3039
0.674880027771,3038
0.675303936005,3037
0.676049947739,3036
0.676331043243,3035
0.67649102211,3034
0.676686048508,3033
0.676913022995,3032
0.677407979965,3031
0.678215026855,3030
0.678779125214,3029
0.679126977921,3028
0.680486917496,3027
0.681760072708,3026
0.682505130768,3025
0.68311715126,3024
0.684508085251,3023
0.684798955917,3022
0.685034036636,3021
0.68540096283,3020
0.685688972473,3019
0.685907125473,3018
0.686666965485,3017
0.687933921814,3016
0.688220024109,3015
0.688581943512,3014
0.689608097076,3013
0.690102100372,3012
0.690346002579,3011
0.690732002258,3010
0.691875934601,3009
0.69339799881,3008
0.693778991699,3007
0.694503068924,3006
0.694636106491,3005
0.694910049438,3004
0.695438146591,3003
0.695574045181,3002
0.69574713707,3001
0.696179151535,3000
0.696583986282,2999
0.697322130203,2998
0.697468996048,2997
0.697802066803,2996
0.697948932648,2995
0.698404073715,2994
0.698662042618,2993
0.698848962784,2992
0.699167966843,2991
0.699517011642,2990
0.699769973755,2989
0.700268030167,2988
0.70053601265,2987
0.701066970825,2986
0.701719999313,2985
0.702338933945,2984
0.702990055084,2983
0.703148126602,2982
0.703724145889,2981
0.703869104385,2980
0.7043800354,2979
0.707122087479,2978
0.707242012024,2977
0.707534074783,2976
0.708114147186,2975
0.708364009857,2974
0.708775043488,2973
0.709336996078,2972
0.709733963013,2971
0.710361003876,2970
0.710510015488,2969
0.710873126984,2968
0.711970090866,2967
0.712672948837,2966
0.712926149368,2965
0.713449001312,2964
0.713705062866,2963
0.71436715126,2962
0.714627027512,2961
0.714750051498,2960
0.71513915062,2959
0.715493917465,2958
0.716405153275,2957
0.717088937759,2956
0.717347145081,2955
0.71756196022,2954
0.71800994873,2953
0.71838593483,2952
0.71855711937,2951
0.719167947769,2950
0.720247983932,2949
0.720631122589,2948
0.720878124237,2947
0.721158981323,2946
0.722190141678,2945
0.722718000412,2944
0.723134040833,2943
0.723613977432,2942
0.723853111267,2941
0.723972082138,2940
0.724235057831,2939
0.724370002747,2938
0.72451710701,2937
0.725065946579,2936
0.725223064423,2935
0.726446151733,2934
0.727437019348,2933
0.727636098862,2932
0.728007078171,2931
0.728492021561,2930
0.728626012802,2929
0.729016065598,2928
0.72997713089,2927
0.730345010757,2926
0.730782985687,2925
0.731284141541,2924
0.732836961746,2923
0.733196020126,2922
0.735111951828,2921
0.735347032547,2920
0.73570394516,2919
0.736526966095,2918
0.737385988235,2917
0.737545013428,2916
0.739030122757,2915
0.739218950272,2914
0.741171121597,2913
0.741421937943,2912
0.741672039032,2911
0.742514133453,2910
0.742691040039,2909
0.743274927139,2908
0.743884086609,2907
0.744174003601,2906
0.744426012039,2905
0.744645118713,2904
0.745331048965,2903
0.746815919876,2902
0.747074127197,2901
0.747507095337,2900
0.74822807312,2899
0.748446941376,2898
0.749164104462,2897
0.750121116638,2896
0.752813100815,2895
0.75327706337,2894
0.753768920898,2893
0.753942012787,2892
0.754414081573,2891
0.754773139954,2890
0.755171060562,2889
0.755458116531,2888
0.755703926086,2887
0.756156921387,2886
0.756973981857,2885
0.757287025452,2884
0.757523059845,2883
0.757658004761,2882
0.75789308548,2881
0.758458137512,2880
0.758790016174,2879
0.759125947952,2878
0.759333133698,2877
0.760123968124,2876
0.760463953018,2875
0.762125015259,2874
0.763335943222,2873
0.764596939087,2872
0.765337944031,2871
0.765608072281,2870
0.765732049942,2869
0.766504049301,2868
0.766957044601,2867
0.767399072647,2866
0.767599105835,2865
0.768238067627,2864
0.768758058548,2863
0.769000053406,2862
0.770300149918,2861
0.770615100861,2860
0.771353960037,2859
0.772351980209,2858
0.772915124893,2857
0.773195981979,2856
0.773911952972,2855
0.774515151978,2854
0.774749994278,2853
0.77525305748,2852
0.776091098785,2851
0.77664399147,2850
0.776839971542,2849
0.777070045471,2848
0.777272939682,2847
0.777657032013,2846
0.778183937073,2845
0.778393030167,2844
0.778614997864,2843
0.778958082199,2842
0.779736042023,2841
0.779860019684,2840
0.78086400032,2839
0.781865119934,2838
0.78235411644,2837
0.782623052597,2836
0.783883094788,2835
0.784140110016,2834
0.784373044968,2833
0.784588098526,2832
0.784762144089,2831
0.784910917282,2830
0.785668134689,2829
0.787128925323,2828
0.787486076355,2827
0.787630081177,2826
0.787878990173,2825
0.788349151611,2824
0.788789987564,2823
0.789509057999,2822
0.789870977402,2821
0.790455102921,2820
0.79101896286,2819
0.791397094727,2818
0.791676998138,2817
0.791861057281,2816
0.792354106903,2815
0.7924721241,2814
0.792779922485,2813
0.793236970901,2812
0.793915987015,2811
0.794392108917,2810
0.794606924057,2809
0.79554104805,2808
0.795980930328,2807
0.796494007111,2806
0.79727602005,2805
0.797498941422,2804
0.797656059265,2803
0.798318147659,2802
0.800177097321,2801
0.800457954407,2800
0.80070400238,2799
0.801319122314,2798
0.80163192749,2797
0.801887989044,2796
0.802577972412,2795
0.803041934967,2794
0.803395986557,2793
0.803571939468,2792
0.804042100906,2791
0.806014060974,2790
0.806679964066,2789
0.807246923447,2788
0.808984994888,2787
0.809788942337,2786
0.809926986694,2785
0.810342073441,2784
0.811075925827,2783
0.811504125595,2782
0.811627149582,2781
0.812592983246,2780
0.815065145493,2779
0.815518140793,2778
0.816339015961,2777
0.817132949829,2776
0.817439079285,2775
0.817644119263,2774
0.820227146149,2773
0.82079911232,2772
0.821728944778,2771
0.821931123734,2770
0.822236061096,2769
0.822603940964,2768
0.823926925659,2767
0.824099063873,2766
0.825185060501,2765
0.825741052628,2764
0.82586812973,2763
0.826745033264,2762
0.827080965042,2761
0.827981948853,2760
0.828490972519,2759
0.829803943634,2758
0.830742120743,2757
0.830879926682,2756
0.832170963287,2755
0.832749128342,2754
0.833186149597,2753
0.833624124527,2752
0.833943128586,2751
0.834177017212,2750
0.834466934204,2749
0.835015058517,2748
0.835343122482,2747
0.835883140564,2746
0.836499929428,2745
0.837181091309,2744
0.837827920914,2743
0.838329076767,2742
0.839124917984,2741
0.839406967163,2740
0.839798927307,2739
0.840049028397,2738
0.840224027634,2737
0.841012954712,2736
0.842137098312,2735
0.842339992523,2734
0.842796087265,2733
0.843050956726,2732
0.843289136887,2731
0.843622922897,2730
0.844105958939,2729
0.845102071762,2728
0.845372915268,2727
0.846324920654,2726
0.846570014954,2725
0.846883058548,2724
0.848222017288,2723
0.848695993423,2722
0.848863124847,2721
0.849030971527,2720
0.849368095398,2719
0.849703073502,2718
0.850552082062,2717
0.851393938065,2716
0.851582050323,2715
0.851828098297,2714
0.852318048477,2713
0.85337305069,2712
0.85435795784,2711
0.855093002319,2710
0.855412006378,2709
0.855653047562,2708
0.857869148254,2707
0.858226060867,2706
0.858736038208,2705
0.859616041183,2704
0.860029935837,2703
0.861024141312,2702
0.861243963242,2701
0.86221408844,2700
0.862642049789,2699
0.863013029099,2698
0.863199949265,2697
0.863676071167,2696
0.864347934723,2695
0.864628076553,2694
0.865419149399,2693
0.865978002548,2692
0.866438150406,2691
0.866699934006,2690
0.86700296402,2689
0.868848085403,2688
0.870521068573,2687
0.871279001236,2686
0.87242102623,2685
0.872890949249,2684
0.873011112213,2683
0.873232126236,2682
0.873599052429,2681
0.876012086868,2680
0.876338005066,2679
0.877550125122,2678
0.877810955048,2677
0.878324985504,2676
0.878942966461,2675
0.879430055618,2674
0.879678964615,2673
0.880656957626,2672
0.882091999054,2671
0.882837057114,2670
0.883095026016,2669
0.88369512558,2668
0.883939027786,2667
0.884217977524,2666
0.88435792923,2665
0.885704994202,2664
0.887315034866,2663
0.88779091835,2662
0.88845705986,2661
0.888654947281,2660
0.888890981674,2659
0.889162063599,2658
0.889387130737,2657
0.892372131348,2656
0.893973112106,2655
0.894160985947,2654
0.894336938858,2653
0.894773960114,2652
0.895419120789,2651
0.895900011063,2650
0.896166086197,2649
0.896461963654,2648
0.896664142609,2647
0.897614002228,2646
0.897887945175,2645
0.898143053055,2644
0.898415088654,2643
0.8998670578,2642
0.90059709549,2641
0.900815963745,2640
0.90101313591,2639
0.901281118393,2638
0.90140414238,2637
0.902992010117,2636
0.903314113617,2635
0.903458118439,2634
0.903772115707,2633
0.904200077057,2632
0.904850959778,2631
0.905349969864,2630
0.905754089355,2629
0.906392097473,2628
0.906979084015,2627
0.907236099243,2626
0.907570123672,2625
0.907696008682,2624
0.908092975616,2623
0.909171104431,2622
0.909888982773,2621
0.911195039749,2620
0.911879062653,2619
0.912199020386,2618
0.912437915802,2617
0.913048028946,2616
0.913475990295,2615
0.914281129837,2614
0.91495013237,2613
0.915199041367,2612
0.915419101715,2611
0.915838956833,2610
0.91662812233,2609
0.916844129562,2608
0.918206930161,2607
0.918549060822,2606
0.919732093811,2605
0.920025110245,2604
0.921293973923,2603
0.921777009964,2602
0.923134088516,2601
0.923326969147,2600
0.923788070679,2599
0.925189971924,2598
0.925504922867,2597
0.925837039948,2596
0.926280975342,2595
0.926528930664,2594
0.927366018295,2593
0.927624940872,2592
0.928291082382,2591
0.929351091385,2590
0.930237054825,2589
0.930491924286,2588
0.931216001511,2587
0.932062149048,2586
0.932199954987,2585
0.93287396431,2584
0.933912038803,2583
0.934747934341,2582
0.93499994278,2581
0.935254096985,2580
0.937191009521,2579
0.937463998795,2578
0.937685966492,2577
0.938379049301,2576
0.939684152603,2575
0.940068006516,2574
0.940367937088,2573
0.941384077072,2572
0.941776990891,2571
0.942806959152,2570
0.944457054138,2569
0.945908069611,2568
0.946177005768,2567
0.946522951126,2566
0.947411060333,2565
0.948096990585,2564
0.948332071304,2563
0.948517084122,2562
0.948851108551,2561
0.952149152756,2560
0.95276594162,2559
0.953944921494,2558
0.954183101654,2557
0.95442700386,2556
0.954702138901,2555
0.956507921219,2554
0.957062005997,2553
0.958261966705,2552
0.958693981171,2551
0.959161043167,2550
0.960397005081,2549
0.96067905426,2548
0.960984945297,2547
0.96183013916,2546
0.963729143143,2545
0.965363025665,2544
0.965628147125,2543
0.966557025909,2542
0.967567920685,2541
0.967972040176,2540
0.968215942383,2539
0.968466043472,2538
0.968861103058,2537
0.969910144806,2536
0.970235109329,2535
0.97039604187,2534
0.971112012863,2533
0.971688985825,2532
0.971900939941,2531
0.972692966461,2530
0.973014116287,2529
0.973778963089,2528
0.975953102112,2527
0.976552963257,2526
0.977395057678,2525
0.977747917175,2524
0.978483915329,2523
0.978776931763,2522
0.979828119278,2521
0.979969978333,2520
0.981245994568,2519
0.981667041779,2518
0.982933998108,2517
0.983940124512,2516
0.984491109848,2515
0.985202074051,2514
0.985770940781,2513
0.985948085785,2512
0.986649990082,2511
0.988381147385,2510
0.989299058914,2509
0.989618062973,2508
0.990163087845,2507
0.990442037582,2506
0.991449117661,2505
0.991775989532,2504
0.992002010345,2503
0.99285197258,2502
0.993051052094,2501
0.993415117264,2500
0.994495153427,2499
0.995650053024,2498
0.995890140533,2497
0.99743103981,2496
0.997720956802,2495
0.998486042023,2494
1.00027608871,2493
1.00088691711,2492
1.00268602371,2491
1.00382614136,2490
1.0041821003,2489
1.00446796417,2488
1.00793194771,2487
1.00831103325,2486
1.00913500786,2485
1.01143693924,2484
1.01169395447,2483
1.01184296608,2482
1.01233911514,2481
1.01388692856,2480
1.01410913467,2479
1.01713705063,2478
1.01785492897,2477
1.01962995529,2476
1.02010011673,2475
1.02059412003,2474
1.02142000198,2473
1.02189803123,2472
1.02299213409,2471
1.02350211143,2470
1.02425408363,2469
1.02448105812,2468
1.02542805672,2467
1.02575707436,2466
1.02673506737,2465
1.02733111382,2464
1.02938008308,2463
1.02966403961,2462
1.03128504753,2461
1.03271412849,2460
1.03365802765,2459
1.03388309479,2458
1.03445792198,2457
1.03483200073,2456
1.03667998314,2455
1.03690814972,2454
1.03806400299,2453
1.0389380455,2452
1.03996896744,2451
1.04037213326,2450
1.04058814049,2449
1.04099297523,2448
1.04188108444,2447
1.04212498665,2446
1.04309892654,2445
1.04442095757,2444
1.04537200928,2443
1.04615902901,2442
1.04647397995,2441
1.04689908028,2440
1.04725003242,2439
1.0481030941,2438
1.04898905754,2437
1.04993200302,2436
1.05014705658,2435
1.05042409897,2434
1.05062794685,2433
1.05156493187,2432
1.05207800865,2431
1.0524699688,2430
1.05317306519,2429
1.05352401733,2428
1.05454707146,2427
1.05479001999,2426
1.05646204948,2425
1.89472913742,2424
1.89496612549,2423
1.89598798752,2422
1.89629101753,2421
1.89846110344,2420
1.90223002434,2419
1.90297102928,2418
1.90806102753,2417
1.90839409828,2416
1.91122198105,2415
1.91610598564,2414
1.91652703285,2413
1.91766810417,2412
1.91862797737,2411
1.9198050499,2410
1.92004299164,2409
1.92115211487,2408
1.92582297325,2407
1.93104195595,2406
1.93461108208,2405
1.93507099152,2404
1.93776798248,2403
1.93983602524,2402
1.94403910637,2401
1.95213007927,2400
1.95652103424,2399
1.958548069,2398
1.96297907829,2397
1.96683907509,2396
2.83444404602,2395
2.83621096611,2394
2.83687901497,2393
2.83711409569,2392
2.84106993675,2391
2.8421421051,2390
2.84240102768,2389
2.84534502029,2388
2.84782600403,2387
2.84848403931,2386
2.84908294678,2385
2.85132098198,2384
2.8568880558,2383
2.85820102692,2382
2.8612370491,2381
2.86312794685,2380
2.87226200104,2379
2.87554693222,2378
2.88543009758,2377
2.88646602631,2376
2.90167808533,2375
2.90280604362,2374
2.90573811531,2373
2.90649604797,2372
2.91064596176,2371
2.91286802292,2370
2.91531205177,2369
2.91751408577,2368
2.9186501503,2367
3.83048415184,2366
3.83234906197,2365
3.83337712288,2364
3.83711194992,2363
3.83778500557,2362
3.84188103676,2361
3.8434779644,2360
3.8492000103,2359
3.85008502007,2358
3.85131192207,2357
3.85204195976,2356
3.8560359478,2355
3.86377906799,2354
4.73851704597,2353
4.73937392235,2352
4.73957896233,2351
4.74231100082,2350
4.74574995041,2349
4.74740314484,2348
4.74972891808,2347
4.75185108185,2346
4.75713801384,2345
5.62426996231,2344
5.62633895874,2343
5.62977194786,2342
5.63110899925,2341
5.63223600388,2340
5.63405013084,2339
5.63528394699,2338
5.63854193687,2337
5.64038300514,2336
5.64129900932,2335
5.64536094666,2334
5.64945411682,2333
5.65311694145,2332
5.65551805496,2331
5.66162514687,2330
5.66285896301,2329
6.60084605217,2328
6.60294008255,2327
6.60443806648,2326
7.48348999023,2325
7.48530507088,2324
7.48617315292,2323
7.49147105217,2322
7.49432206154,2321
8.42556595802,2320
8.4278421402,2319
8.42867994308,2318
8.43072509766,2317
8.4328379631,2316
8.43502092361,2315
8.43539714813,2314
8.43574213982,2313
8.44005894661,2312
8.44854807854,2311
8.45121407509,2310
8.45164704323,2309
8.45242214203,2308
8.45431113243,2307
9.33280014992,2306
9.34310507774,2305
14.987609148,2304
14.9918539524,2303
14.9951789379,2302
15.8798270226,2301
15.8809890747,2300
15.881262064,2299
15.8850059509,2298
15.8873100281,2297
15.8878159523,2296
19.7298650742,2295
19.7340641022,2294
19.7368969917,2293
