0.00873613357544,4940
0.00904393196106,4939
0.00921702384949,4938
0.00937008857727,4937
0.0097029209137,4936
0.0100829601288,4935
0.0107841491699,4934
0.0109689235687,4933
0.0112459659576,4932
0.0114860534668,4931
0.0116930007935,4930
0.0119700431824,4929
0.0123519897461,4928
0.0125670433044,4927
0.0127940177917,4926
0.0131139755249,4925
0.0133190155029,4924
0.013659954071,4923
0.0140171051025,4922
0.0143671035767,4921
0.0145311355591,4920
0.0147681236267,4919
0.0150239467621,4918
0.0153210163116,4917
0.015527009964,4916
0.0156841278076,4915
0.0159640312195,4914
0.0163581371307,4913
0.0167191028595,4912
0.0170729160309,4911
0.017364025116,4910
0.0177440643311,4909
0.0179719924927,4908
0.0182590484619,4907
0.0185091495514,4906
0.0188910961151,4905
0.0192370414734,4904
0.0195689201355,4903
0.0197529792786,4902
0.0201439857483,4901
0.0204310417175,4900
0.020791053772,4899
0.0210070610046,4898
0.0212180614471,4897
0.0215101242065,4896
0.0218689441681,4895
0.0221560001373,4894
0.0223870277405,4893
0.0226891040802,4892
0.0229959487915,4891
0.0231461524963,4890
0.0233521461487,4889
0.0236461162567,4888
0.0240950584412,4887
0.0244131088257,4886
0.0247149467468,4885
0.0250279903412,4884
0.0252130031586,4883
0.0255830287933,4882
0.0258100032806,4881
0.0259599685669,4880
0.0262911319733,4879
0.0264909267426,4878
0.0268311500549,4877
0.0270130634308,4876
0.0273499488831,4875
0.0275111198425,4874
0.0277271270752,4873
0.028126001358,4872
0.0283660888672,4871
0.0286550521851,4870
0.028932094574,4869
0.0292770862579,4868
0.0295789241791,4867
0.0297341346741,4866
0.0301229953766,4865
0.0302889347076,4864
0.0305850505829,4863
0.030818939209,4862
0.0312271118164,4861
0.0314390659332,4860
0.0318450927734,4859
0.0322260856628,4858
0.0324969291687,4857
0.0328450202942,4856
0.0330710411072,4855
0.0333261489868,4854
0.0336570739746,4853
0.0340309143066,4852
0.0341899394989,4851
0.0344529151917,4850
0.0348241329193,4849
0.0350489616394,4848
0.0353281497955,4847
0.0356860160828,4846
0.0360901355743,4845
0.0362439155579,4844
0.0364129543304,4843
0.036777973175,4842
0.0371150970459,4841
0.0372741222382,4840
0.0376031398773,4839
0.0379929542542,4838
0.0381851196289,4837
0.0385191440582,4836
0.0388929843903,4835
0.0390920639038,4834
0.0393209457397,4833
0.0396430492401,4832
0.0398459434509,4831
0.0402181148529,4830
0.0405690670013,4829
0.0409059524536,4828
0.0412240028381,4827
0.0415599346161,4826
0.041757106781,4825
0.0421090126038,4824
0.0424799919128,4823
0.0428121089935,4822
0.0430400371552,4821
0.0432970523834,4820
0.0436899662018,4819
0.044016122818,4818
0.0442111492157,4817
0.0443770885468,4816
0.0447270870209,4815
0.0449459552765,4814
0.0450911521912,4813
0.0454530715942,4812
0.0458180904388,4811
0.0461189746857,4810
0.0465240478516,4809
0.0468001365662,4808
0.0470359325409,4807
0.0473079681396,4806
0.0476541519165,4805
0.0479800701141,4804
0.0482800006866,4803
0.0484960079193,4802
0.0488910675049,4801
0.0490880012512,4800
0.0494549274445,4799
0.0496361255646,4798
0.0498960018158,4797
0.0502290725708,4796
0.0504550933838,4795
0.0507440567017,4794
0.0509219169617,4793
0.0512781143188,4792
0.0515820980072,4791
0.0517330169678,4790
0.0519440174103,4789
0.0522210597992,4788
0.0524399280548,4787
0.0527329444885,4786
0.0534341335297,4785
0.0537090301514,4784
0.0539169311523,4783
0.0542349815369,4782
0.0546569824219,4781
0.0550429821014,4780
0.0553140640259,4779
0.0556130409241,4778
0.0558969974518,4777
0.0562200546265,4776
0.0563790798187,4775
0.0565810203552,4774
0.0568771362305,4773
0.0572710037231,4772
0.0575590133667,4771
0.0578489303589,4770
0.0581939220428,4769
0.0584650039673,4768
0.0586271286011,4767
0.0588281154633,4766
0.0592200756073,4765
0.0593869686127,4764
0.0597310066223,4763
0.060045003891,4762
0.0604069232941,4761
0.0607099533081,4760
0.0609669685364,4759
0.0611510276794,4758
0.0613739490509,4757
0.0617640018463,4756
0.0620760917664,4755
0.0624039173126,4754
0.0625910758972,4753
0.0629830360413,4752
0.0633249282837,4751
0.0634870529175,4750
0.0636260509491,4749
0.0639770030975,4748
0.0642170906067,4747
0.0644040107727,4746
0.0646929740906,4745
0.0651559829712,4744
0.0655000209808,4743
0.0658390522003,4742
0.0659930706024,4741
0.0663740634918,4740
0.0665819644928,4739
0.0667870044708,4738
0.0669620037079,4737
0.067183971405,4736
0.0673849582672,4735
0.0677630901337,4734
0.0680589675903,4733
0.0683701038361,4732
0.0686140060425,4731
0.0687630176544,4730
0.0690701007843,4729
0.0694599151611,4728
0.0698039531708,4727
0.0702149868011,4726
0.0705270767212,4725
0.0708029270172,4724
0.0711059570312,4723
0.0714540481567,4722
0.0716681480408,4721
0.0719621181488,4720
0.0723271369934,4719
0.0725989341736,4718
0.0729341506958,4717
0.0731730461121,4716
0.0740621089935,4715
0.0741980075836,4714
0.0745899677277,4713
0.0749311447144,4712
0.0752909183502,4711
0.0754590034485,4710
0.075798034668,4709
0.0761430263519,4708
0.0764179229736,4707
0.0766160488129,4706
0.0768010616302,4705
0.077054977417,4704
0.0773241519928,4703
0.0776519775391,4702
0.0779581069946,4701
0.0781021118164,4700
0.0784640312195,4699
0.0788350105286,4698
0.0790469646454,4697
0.0793240070343,4696
0.0802400112152,4695
0.0805599689484,4694
0.0807590484619,4693
0.0811419487,4692
0.0813140869141,4691
0.0816540718079,4690
0.0819029808044,4689
0.0821089744568,4688
0.0824909210205,4687
0.0826871395111,4686
0.0830090045929,4685
0.083508014679,4684
0.0836539268494,4683
0.0840320587158,4682
0.0844020843506,4681
0.0845620632172,4680
0.0847499370575,4679
0.0849609375,4678
0.0853021144867,4677
0.085510969162,4676
0.0856630802155,4675
0.0859999656677,4674
0.0862720012665,4673
0.0865421295166,4672
0.0868229866028,4671
0.0870740413666,4670
0.0874691009521,4669
0.0878469944,4668
0.0882129669189,4667
0.0885739326477,4666
0.0887961387634,4665
0.0890290737152,4664
0.0894439220428,4663
0.0895810127258,4662
0.0898339748383,4661
0.0900731086731,4660
0.0904059410095,4659
0.0906400680542,4658
0.0910210609436,4657
0.0913660526276,4656
0.0916531085968,4655
0.0918221473694,4654
0.0921111106873,4653
0.0922961235046,4652
0.092787027359,4651
0.093003988266,4650
0.0933010578156,4649
0.0936770439148,4648
0.0939569473267,4647
0.0942270755768,4646
0.0945451259613,4645
0.0947921276093,4644
0.0949749946594,4643
0.0952000617981,4642
0.0954351425171,4641
0.0958070755005,4640
0.0960941314697,4639
0.0962660312653,4638
0.0964670181274,4637
0.0966749191284,4636
0.0970101356506,4635
0.0972120761871,4634
0.0973501205444,4633
0.0975050926208,4632
0.0979430675507,4631
0.0982749462128,4630
0.0985469818115,4629
0.098993062973,4628
0.0992541313171,4627
0.0994310379028,4626
0.0996329784393,4625
0.0999159812927,4624
0.100096940994,4623
0.100227117538,4622
0.100517034531,4621
0.100783109665,4620
0.101103067398,4619
0.10137295723,4618
0.101552009583,4617
0.101917028427,4616
0.102182149887,4615
0.102361917496,4614
0.102669000626,4613
0.102939128876,4612
0.103114128113,4611
0.103424072266,4610
0.103641986847,4609
0.103992938995,4608
0.104290008545,4607
0.104583024979,4606
0.104803085327,4605
0.10496711731,4604
0.105188131332,4603
0.105437994003,4602
0.105777025223,4601
0.10598897934,4600
0.10632610321,4599
0.106539011002,4598
0.106689929962,4597
0.106868982315,4596
0.107100963593,4595
0.107478141785,4594
0.107633113861,4593
0.108093976974,4592
0.108382940292,4591
0.109050035477,4590
0.1092441082,4589
0.109549045563,4588
0.109756946564,4587
0.110008955002,4586
0.110285043716,4585
0.110618114471,4584
0.110965967178,4583
0.111212968826,4582
0.111371040344,4581
0.111526012421,4580
0.111839056015,4579
0.112055063248,4578
0.112335920334,4577
0.112752914429,4576
0.112942934036,4575
0.113132953644,4574
0.113606929779,4573
0.113809108734,4572
0.113961935043,4571
0.114339113235,4570
0.114660978317,4569
0.115024089813,4568
0.115401983261,4567
0.11573600769,4566
0.116084098816,4565
0.116493940353,4564
0.116632938385,4563
0.116977930069,4562
0.117146968842,4561
0.117347955704,4560
0.117551088333,4559
0.117824077606,4558
0.118185043335,4557
0.118358135223,4556
0.118576049805,4555
0.118906974792,4554
0.119138002396,4553
0.119454145432,4552
0.119684934616,4551
0.120214939117,4550
0.120567083359,4549
0.120840072632,4548
0.121153116226,4547
0.121366024017,4546
0.12194609642,4545
0.122143983841,4544
0.12241601944,4543
0.122699022293,4542
0.122872114182,4541
0.123034954071,4540
0.123290061951,4539
0.123625993729,4538
0.123974084854,4537
0.124221086502,4536
0.124591112137,4535
0.124736070633,4534
0.12494802475,4533
0.12530708313,4532
0.125658035278,4531
0.125879049301,4530
0.126209020615,4529
0.126353025436,4528
0.126728057861,4527
0.127273082733,4526
0.127634048462,4525
0.127835988998,4524
0.128149986267,4523
0.128298044205,4522
0.128628969193,4521
0.12907409668,4520
0.129218101501,4519
0.129419088364,4518
0.129946947098,4517
0.130167961121,4516
0.130504131317,4515
0.13094997406,4514
0.131176948547,4513
0.131546974182,4512
0.131726026535,4511
0.131973028183,4510
0.132306098938,4509
0.133078098297,4508
0.133316040039,4507
0.133769989014,4506
0.134073972702,4505
0.134274959564,4504
0.134727954865,4503
0.134887933731,4502
0.13515996933,4501
0.13557100296,4500
0.135713100433,4499
0.13636803627,4498
0.13688993454,4497
0.137249946594,4496
0.137562036514,4495
0.137776136398,4494
0.13804101944,4493
0.138446092606,4492
0.13858795166,4491
0.138867139816,4490
0.139204025269,4489
0.139446973801,4488
0.13969707489,4487
0.140120029449,4486
0.140398979187,4485
0.140762090683,4484
0.140912055969,4483
0.141135931015,4482
0.141627073288,4481
0.141999006271,4480
0.142194986343,4479
0.142490148544,4478
0.142781972885,4477
0.143064022064,4476
0.14403295517,4475
0.144341945648,4474
0.144560098648,4473
0.14485001564,4472
0.145093917847,4471
0.145448923111,4470
0.145719051361,4469
0.145880937576,4468
0.14622592926,4467
0.146569013596,4466
0.146858930588,4465
0.147020101547,4464
0.147303104401,4463
0.147938966751,4462
0.148209095001,4461
0.148726940155,4460
0.148944139481,4459
0.149135112762,4458
0.149464130402,4457
0.149791955948,4456
0.14994096756,4455
0.150207042694,4454
0.15044093132,4453
0.150778055191,4452
0.151083946228,4451
0.151346921921,4450
0.151495933533,4449
0.151626110077,4448
0.151924133301,4447
0.152079105377,4446
0.152236938477,4445
0.152632951736,4444
0.152840137482,4443
0.153053998947,4442
0.153536081314,4441
0.153911113739,4440
0.154500007629,4439
0.154633045197,4438
0.154823064804,4437
0.155111074448,4436
0.155470132828,4435
0.155780076981,4434
0.156012058258,4433
0.156163930893,4432
0.156420946121,4431
0.156978130341,4430
0.157377958298,4429
0.157683134079,4428
0.158030986786,4427
0.158306121826,4426
0.158664941788,4425
0.158834934235,4424
0.159209012985,4423
0.159371137619,4422
0.159805059433,4421
0.160136938095,4420
0.160377979279,4419
0.160758972168,4418
0.160889148712,4417
0.161591053009,4416
0.161875963211,4415
0.162249088287,4414
0.162586927414,4413
0.162779092789,4412
0.162970066071,4411
0.163248062134,4410
0.163612127304,4409
0.163947105408,4408
0.164142131805,4407
0.164650917053,4406
0.164863109589,4405
0.165624141693,4404
0.16598200798,4403
0.166125059128,4402
0.166377067566,4401
0.166667938232,4400
0.167030096054,4399
0.167448043823,4398
0.16765999794,4397
0.167963981628,4396
0.168272018433,4395
0.168771982193,4394
0.16893696785,4393
0.169266939163,4392
0.169564962387,4391
0.170309066772,4390
0.170613050461,4389
0.171070098877,4388
0.171468019485,4387
0.171653032303,4386
0.172384977341,4385
0.172718048096,4384
0.1729991436,4383
0.173304080963,4382
0.173439979553,4381
0.173850059509,4380
0.174039125443,4379
0.174356937408,4378
0.174534082413,4377
0.174715995789,4376
0.17512011528,4375
0.175276994705,4374
0.175559997559,4373
0.175795078278,4372
0.176070928574,4371
0.176816940308,4370
0.177055120468,4369
0.177576065063,4368
0.177848100662,4367
0.178087949753,4366
0.178349971771,4365
0.178848981857,4364
0.17915892601,4363
0.17937707901,4362
0.179603099823,4361
0.17991900444,4360
0.180071115494,4359
0.180375099182,4358
0.180792093277,4357
0.180954933167,4356
0.181256055832,4355
0.181594133377,4354
0.182213068008,4353
0.1825299263,4352
0.182807922363,4351
0.183175086975,4350
0.183543920517,4349
0.183911085129,4348
0.184104919434,4347
0.184287071228,4346
0.184657096863,4345
0.18493103981,4344
0.18506193161,4343
0.185492992401,4342
0.1857380867,4341
0.185904979706,4340
0.186407089233,4339
0.186777114868,4338
0.186933040619,4337
0.187062978745,4336
0.187343120575,4335
0.18751001358,4334
0.187773942947,4333
0.188272953033,4332
0.188420057297,4331
0.188955068588,4330
0.189172029495,4329
0.189397096634,4328
0.189876079559,4327
0.19006896019,4326
0.190315961838,4325
0.190469026566,4324
0.190634965897,4323
0.190948009491,4322
0.191221952438,4321
0.191467046738,4320
0.191766023636,4319
0.192254066467,4318
0.192631006241,4317
0.193387985229,4316
0.193571090698,4315
0.193912982941,4314
0.194441080093,4313
0.195155143738,4312
0.195497989655,4311
0.196012973785,4310
0.196218967438,4309
0.196609973907,4308
0.19683599472,4307
0.197142124176,4306
0.197458982468,4305
0.197639942169,4304
0.198077917099,4303
0.198411941528,4302
0.198615074158,4301
0.198940992355,4300
0.199242115021,4299
0.199422121048,4298
0.199661016464,4297
0.19979095459,4296
0.200612068176,4295
0.200889110565,4294
0.20125412941,4293
0.201543092728,4292
0.201955080032,4291
0.202353000641,4290
0.203164100647,4289
0.203480958939,4288
0.203668117523,4287
0.203814029694,4286
0.204127073288,4285
0.204324007034,4284
0.204576015472,4283
0.204740047455,4282
0.204990148544,4281
0.205320119858,4280
0.205752134323,4279
0.206018924713,4278
0.206207990646,4277
0.206351041794,4276
0.206629991531,4275
0.206876993179,4274
0.207407951355,4273
0.207683086395,4272
0.207899093628,4271
0.208122968674,4270
0.208390951157,4269
0.208832979202,4268
0.209356069565,4267
0.210096120834,4266
0.210464000702,4265
0.210791110992,4264
0.211025953293,4263
0.211493015289,4262
0.211843013763,4261
0.212229967117,4260
0.212552070618,4259
0.212767124176,4258
0.213544130325,4257
0.213875055313,4256
0.21403002739,4255
0.215073108673,4254
0.215305089951,4253
0.215496063232,4252
0.215698957443,4251
0.215891122818,4250
0.21652507782,4249
0.216649055481,4248
0.217004060745,4247
0.21741604805,4246
0.217726945877,4245
0.218061923981,4244
0.218271017075,4243
0.218474149704,4242
0.218724012375,4241
0.219035148621,4240
0.219378948212,4239
0.21969294548,4238
0.219984054565,4237
0.220335006714,4236
0.220653057098,4235
0.221122026443,4234
0.221265077591,4233
0.221616983414,4232
0.221794128418,4231
0.221979141235,4230
0.222482919693,4229
0.223392963409,4228
0.223649024963,4227
0.223925113678,4226
0.224095106125,4225
0.224394083023,4224
0.224802017212,4223
0.22501707077,4222
0.225368022919,4221
0.225678920746,4220
0.225965023041,4219
0.226261138916,4218
0.226553916931,4217
0.226912975311,4216
0.227108001709,4215
0.227345943451,4214
0.227550029755,4213
0.227704048157,4212
0.228044986725,4211
0.228359937668,4210
0.228546142578,4209
0.228734016418,4208
0.228981018066,4207
0.229115962982,4206
0.229308128357,4205
0.229900121689,4204
0.230227947235,4203
0.230423927307,4202
0.230602025986,4201
0.230921030045,4200
0.231266021729,4199
0.231456041336,4198
0.232121944427,4197
0.232288122177,4196
0.232748031616,4195
0.23314499855,4194
0.233277082443,4193
0.23354101181,4192
0.233891963959,4191
0.23423910141,4190
0.234533071518,4189
0.235079050064,4188
0.235700130463,4187
0.236025094986,4186
0.236364126205,4185
0.236603975296,4184
0.236946105957,4183
0.237153053284,4182
0.237282037735,4181
0.237607955933,4180
0.237946987152,4179
0.238147974014,4178
0.238552093506,4177
0.238745927811,4176
0.239155054092,4175
0.239884138107,4174
0.240442037582,4173
0.240612030029,4172
0.241027116776,4171
0.241240024567,4170
0.241699934006,4169
0.241838932037,4168
0.242114067078,4167
0.242418050766,4166
0.242844104767,4165
0.243093967438,4164
0.243297100067,4163
0.243610143661,4162
0.243736982346,4161
0.243886947632,4160
0.244194984436,4159
0.244396924973,4158
0.244632959366,4157
0.24481010437,4156
0.245015144348,4155
0.245545148849,4154
0.245805978775,4153
0.246084928513,4152
0.246276140213,4151
0.246434926987,4150
0.246741056442,4149
0.247097015381,4148
0.247251033783,4147
0.247806072235,4146
0.247980117798,4145
0.248333930969,4144
0.248517036438,4143
0.249413967133,4142
0.249747991562,4141
0.250041007996,4140
0.250329017639,4139
0.250469923019,4138
0.251037120819,4137
0.251322031021,4136
0.251553058624,4135
0.251811981201,4134
0.252170085907,4133
0.252505064011,4132
0.252885103226,4131
0.253107070923,4130
0.253432035446,4129
0.254156112671,4128
0.254377126694,4127
0.254627943039,4126
0.25509595871,4125
0.255257129669,4124
0.255568981171,4123
0.25584602356,4122
0.256052970886,4121
0.256385087967,4120
0.256516933441,4119
0.256811141968,4118
0.257100105286,4117
0.257405996323,4116
0.257750034332,4115
0.257956027985,4114
0.258259057999,4113
0.259271144867,4112
0.259562969208,4111
0.25981593132,4110
0.260076999664,4109
0.260606050491,4108
0.260910987854,4107
0.261346101761,4106
0.261693954468,4105
0.261919021606,4104
0.262210130692,4103
0.262423038483,4102
0.262766122818,4101
0.263823986053,4100
0.264034032822,4099
0.264214038849,4098
0.264878034592,4097
0.265360116959,4096
0.265664100647,4095
0.266170024872,4094
0.266297101974,4093
0.266660928726,4092
0.266925096512,4091
0.267097949982,4090
0.267400026321,4089
0.267885923386,4088
0.268091917038,4087
0.26854300499,4086
0.268737077713,4085
0.268934965134,4084
0.269122123718,4083
0.269398927689,4082
0.269706964493,4081
0.270307064056,4080
0.270880937576,4079
0.271227121353,4078
0.271372079849,4077
0.271502971649,4076
0.271762132645,4075
0.272045135498,4074
0.272666931152,4073
0.272933006287,4072
0.273185968399,4071
0.273750066757,4070
0.27398109436,4069
0.274177074432,4068
0.274383068085,4067
0.27478313446,4066
0.27498292923,4065
0.275146007538,4064
0.275327920914,4063
0.275551080704,4062
0.275835037231,4061
0.276021003723,4060
0.276211023331,4059
0.27646112442,4058
0.277040958405,4057
0.277246952057,4056
0.277594089508,4055
0.27793598175,4054
0.27824306488,4053
0.278422117233,4052
0.278553962708,4051
0.278855085373,4050
0.279094934464,4049
0.279273986816,4048
0.279439926147,4047
0.279561042786,4046
0.279850959778,4045
0.280097007751,4044
0.280283927917,4043
0.280637979507,4042
0.280816078186,4041
0.28112912178,4040
0.281275033951,4039
0.281914949417,4038
0.282241106033,4037
0.282860994339,4036
0.282998085022,4035
0.283319950104,4034
0.283575057983,4033
0.284122943878,4032
0.284436941147,4031
0.285115003586,4030
0.285598993301,4029
0.286073923111,4028
0.286258935928,4027
0.286806106567,4026
0.287047147751,4025
0.287385940552,4024
0.287644147873,4023
0.287770986557,4022
0.288116931915,4021
0.288777112961,4020
0.288968086243,4019
0.289308071136,4018
0.289466142654,4017
0.289646148682,4016
0.290229082108,4015
0.290380954742,4014
0.290658950806,4013
0.290898084641,4012
0.291223049164,4011
0.291635036469,4010
0.291935920715,4009
0.292233943939,4008
0.292523145676,4007
0.292671918869,4006
0.293090105057,4005
0.293376922607,4004
0.293611049652,4003
0.293743133545,4002
0.294559001923,4001
0.294836044312,4000
0.295166015625,3999
0.295325040817,3998
0.295608997345,3997
0.296153068542,3996
0.296325922012,3995
0.296635150909,3994
0.296775102615,3993
0.29695892334,3992
0.297111034393,3991
0.297358989716,3990
0.297769069672,3989
0.298080921173,3988
0.298244953156,3987
0.298393964767,3986
0.298550128937,3985
0.298852920532,3984
0.299371957779,3983
0.299839019775,3982
0.30028796196,3981
0.300611019135,3980
0.300858974457,3979
0.301248073578,3978
0.301553010941,3977
0.301800966263,3976
0.302088975906,3975
0.302670001984,3974
0.302976131439,3973
0.303237915039,3972
0.303513050079,3971
0.303770065308,3970
0.303914070129,3969
0.304162025452,3968
0.304466962814,3967
0.304651021957,3966
0.304822921753,3965
0.305391073227,3964
0.305778980255,3963
0.306110143661,3962
0.3064930439,3961
0.306754112244,3960
0.306932926178,3959
0.307353019714,3958
0.307683944702,3957
0.307981014252,3956
0.308236122131,3955
0.308403968811,3954
0.308654069901,3953
0.308818101883,3952
0.309011936188,3951
0.309132099152,3950
0.309338092804,3949
0.309462070465,3948
0.310272932053,3947
0.311742067337,3946
0.311922073364,3945
0.312372922897,3944
0.312564134598,3943
0.312766075134,3942
0.313045024872,3941
0.313523054123,3940
0.314494132996,3939
0.314753055573,3938
0.315062046051,3937
0.31535410881,3936
0.315480947495,3935
0.315695047379,3934
0.316654920578,3933
0.316964149475,3932
0.317254066467,3931
0.317548036575,3930
0.317986965179,3929
0.318328142166,3928
0.318583965302,3927
0.31880402565,3926
0.319440126419,3925
0.319926023483,3924
0.320444107056,3923
0.320656061172,3922
0.321042060852,3921
0.322083950043,3920
0.322358131409,3919
0.322535991669,3918
0.322741031647,3917
0.323035001755,3916
0.32333111763,3915
0.323456048965,3914
0.323781967163,3913
0.324016094208,3912
0.324171066284,3911
0.324469089508,3910
0.324602127075,3909
0.32485294342,3908
0.325300931931,3907
0.325453042984,3906
0.325583934784,3905
0.325892925262,3904
0.326148986816,3903
0.326631069183,3902
0.326920032501,3901
0.327320098877,3900
0.327793121338,3899
0.327924966812,3898
0.328938007355,3897
0.329503059387,3896
0.329787015915,3895
0.330008983612,3894
0.330286979675,3893
0.331140041351,3892
0.331351041794,3891
0.331587076187,3890
0.33216714859,3889
0.332674026489,3888
0.332857131958,3887
0.333014011383,3886
0.333313941956,3885
0.333863019943,3884
0.334344148636,3883
0.335197925568,3882
0.335438013077,3881
0.335860013962,3880
0.336256027222,3879
0.336750030518,3878
0.337005138397,3877
0.337521076202,3876
0.338098049164,3875
0.338338136673,3874
0.338483095169,3873
0.3387799263,3872
0.339177131653,3871
0.33957695961,3870
0.339904069901,3869
0.34028506279,3868
0.340712070465,3867
0.340984106064,3866
0.341639995575,3865
0.34189414978,3864
0.342092990875,3863
0.342316150665,3862
0.342769145966,3861
0.343034982681,3860
0.343178033829,3859
0.343632936478,3858
0.344048976898,3857
0.344180107117,3856
0.344316005707,3855
0.344589948654,3854
0.345082998276,3853
0.345238924026,3852
0.345495939255,3851
0.345621109009,3850
0.345818042755,3849
0.346285104752,3848
0.346832036972,3847
0.347388982773,3846
0.347684144974,3845
0.348176002502,3844
0.348526954651,3843
0.349223136902,3842
0.349558115005,3841
0.34973692894,3840
0.350036144257,3839
0.350276947021,3838
0.350778102875,3837
0.35119509697,3836
0.351464986801,3835
0.35204911232,3834
0.352280139923,3833
0.352678060532,3832
0.353235960007,3831
0.353604078293,3830
0.353855133057,3829
0.354208946228,3828
0.354483127594,3827
0.354888916016,3826
0.355030059814,3825
0.356364965439,3824
0.356961965561,3823
0.357110977173,3822
0.357412099838,3821
0.357696056366,3820
0.358338117599,3819
0.358973026276,3818
0.359121084213,3817
0.359314918518,3816
0.359611988068,3815
0.359735965729,3814
0.359926939011,3813
0.360080003738,3812
0.360470056534,3811
0.360810995102,3810
0.361186027527,3809
0.361336946487,3808
0.361583948135,3807
0.36171913147,3806
0.361978054047,3805
0.362210035324,3804
0.36236000061,3803
0.362523078918,3802
0.362756967545,3801
0.363039016724,3800
0.363278150558,3799
0.363898992538,3798
0.364381074905,3797
0.364639043808,3796
0.365286111832,3795
0.365898132324,3794
0.366465091705,3793
0.366960048676,3792
0.367546081543,3791
0.36770606041,3790
0.36868596077,3789
0.369045972824,3788
0.369359016418,3787
0.369678974152,3786
0.369871139526,3785
0.370017051697,3784
0.370429992676,3783
0.370700120926,3782
0.371088027954,3781
0.371752023697,3780
0.371989965439,3779
0.372239112854,3778
0.372545003891,3777
0.372857093811,3776
0.372982978821,3775
0.373299121857,3774
0.373669147491,3773
0.374006986618,3772
0.3741979599,3771
0.374402046204,3770
0.374935150146,3769
0.375067949295,3768
0.375898122787,3767
0.376042127609,3766
0.376373052597,3765
0.376667022705,3764
0.376802921295,3763
0.37708902359,3762
0.377236127853,3761
0.377447128296,3760
0.377632141113,3759
0.377897977829,3758
0.37846493721,3757
0.37874007225,3756
0.37952208519,3755
0.379842996597,3754
0.380336999893,3753
0.380958080292,3752
0.381803035736,3751
0.381958961487,3750
0.382388114929,3749
0.382897138596,3748
0.383219003677,3747
0.383480072021,3746
0.383770942688,3745
0.384161949158,3744
0.384333133698,3743
0.384868144989,3742
0.385432004929,3741
0.385833024979,3740
0.386101007462,3739
0.387084960938,3738
0.387516975403,3737
0.387655973434,3736
0.387846946716,3735
0.388229131699,3734
0.389275074005,3733
0.389729976654,3732
0.390244007111,3731
0.390628099442,3730
0.390875101089,3729
0.391053915024,3728
0.391401052475,3727
0.391605138779,3726
0.39201593399,3725
0.392199993134,3724
0.392503023148,3723
0.392725944519,3722
0.393018960953,3721
0.393265008926,3720
0.393507003784,3719
0.393785953522,3718
0.394122123718,3717
0.394772052765,3716
0.395497083664,3715
0.395615100861,3714
0.395928144455,3713
0.396144151688,3712
0.396290063858,3711
0.396723985672,3710
0.397326946259,3709
0.397623062134,3708
0.397818088531,3707
0.398008108139,3706
0.398183107376,3705
0.398487091064,3704
0.398852109909,3703
0.39985704422,3702
0.400238990784,3701
0.400629997253,3700
0.401277065277,3699
0.40163898468,3698
0.401834964752,3697
0.402194023132,3696
0.402709007263,3695
0.402969121933,3694
0.403301000595,3693
0.403743028641,3692
0.403991937637,3691
0.404209136963,3690
0.40444111824,3689
0.404838085175,3688
0.405054092407,3687
0.405350923538,3686
0.405615091324,3685
0.407040119171,3684
0.4073741436,3683
0.407732963562,3682
0.407937049866,3681
0.408697128296,3680
0.409593105316,3679
0.410166025162,3678
0.410309076309,3677
0.410892009735,3676
0.411162137985,3675
0.411356925964,3674
0.411530971527,3673
0.411679029465,3672
0.412142038345,3671
0.412822008133,3670
0.413118124008,3669
0.413298130035,3668
0.413594007492,3667
0.41376209259,3666
0.41398191452,3665
0.414415121078,3664
0.414828062057,3663
0.415177106857,3662
0.415373086929,3661
0.41585111618,3660
0.416017055511,3659
0.416158914566,3658
0.416332006454,3657
0.416736125946,3656
0.417030096054,3655
0.417563915253,3654
0.417757034302,3653
0.417985916138,3652
0.418138027191,3651
0.418417930603,3650
0.418885946274,3649
0.419588088989,3648
0.419836997986,3647
0.420840024948,3646
0.420961141586,3645
0.421314001083,3644
0.421607971191,3643
0.421945095062,3642
0.422291994095,3641
0.422713041306,3640
0.423023939133,3639
0.424054145813,3638
0.424216032028,3637
0.424467086792,3636
0.424757003784,3635
0.425293922424,3634
0.426509141922,3633
0.427338123322,3632
0.427494049072,3631
0.427837133408,3630
0.428764104843,3629
0.429055929184,3628
0.429348945618,3627
0.430011034012,3626
0.430239915848,3625
0.430490970612,3624
0.43097114563,3623
0.431193113327,3622
0.431505918503,3621
0.431924104691,3620
0.432227134705,3619
0.432457923889,3618
0.432784080505,3617
0.434489011765,3616
0.434710025787,3615
0.434998989105,3614
0.43573307991,3613
0.436103105545,3612
0.436648130417,3611
0.437026977539,3610
0.437376976013,3609
0.437564134598,3608
0.437991142273,3607
0.438430070877,3606
0.439204931259,3605
0.439429044724,3604
0.439548015594,3603
0.439778089523,3602
0.44003200531,3601
0.440374135971,3600
0.440667152405,3599
0.44084405899,3598
0.441059112549,3597
0.441488027573,3596
0.441829919815,3595
0.442348957062,3594
0.442490100861,3593
0.442961931229,3592
0.443756103516,3591
0.444180965424,3590
0.444500923157,3589
0.444808959961,3588
0.4450340271,3587
0.445198059082,3586
0.445316076279,3585
0.445461034775,3584
0.445672988892,3583
0.445963144302,3582
0.447041034698,3581
0.447241067886,3580
0.44748711586,3579
0.448048114777,3578
0.448218107224,3577
0.44851398468,3576
0.448864936829,3575
0.449034929276,3574
0.449367046356,3573
0.449671983719,3572
0.449909925461,3571
0.45009303093,3570
0.450407028198,3569
0.450993061066,3568
0.451245069504,3567
0.451574087143,3566
0.451792001724,3565
0.452105045319,3564
0.452306032181,3563
0.45258808136,3562
0.452971935272,3561
0.45339012146,3560
0.453516960144,3559
0.453807115555,3558
0.453993082047,3557
0.454265117645,3556
0.454496145248,3555
0.454663038254,3554
0.454834938049,3553
0.455348968506,3552
0.455754995346,3551
0.456196069717,3550
0.456481933594,3549
0.456669092178,3548
0.456885099411,3547
0.457044124603,3546
0.457524061203,3545
0.457765102386,3544
0.459180116653,3543
0.459440946579,3542
0.459639072418,3541
0.460217952728,3540
0.460448026657,3539
0.460834980011,3538
0.461045026779,3537
0.461498022079,3536
0.462764978409,3535
0.463163137436,3534
0.463716983795,3533
0.464241981506,3532
0.4644780159,3531
0.464666128159,3530
0.464976072311,3529
0.465111017227,3528
0.465284109116,3527
0.466234922409,3526
0.466927051544,3525
0.467113018036,3524
0.467695951462,3523
0.468050956726,3522
0.468280076981,3521
0.469027042389,3520
0.46918296814,3519
0.469479084015,3518
0.469668149948,3517
0.470021009445,3516
0.470181941986,3515
0.470679044724,3514
0.470863103867,3513
0.471338033676,3512
0.47173500061,3511
0.471889972687,3510
0.472321033478,3509
0.472556114197,3508
0.472963094711,3507
0.473374128342,3506
0.47411108017,3505
0.474344968796,3504
0.474714994431,3503
0.475433111191,3502
0.475925922394,3501
0.476408958435,3500
0.477388143539,3499
0.477751016617,3498
0.478410005569,3497
0.478693008423,3496
0.479146003723,3495
0.479380130768,3494
0.479707956314,3493
0.480095148087,3492
0.480322122574,3491
0.480618000031,3490
0.480957984924,3489
0.481298923492,3488
0.4817070961,3487
0.481962919235,3486
0.482083082199,3485
0.483003139496,3484
0.483211994171,3483
0.483361959457,3482
0.483550071716,3481
0.483827114105,3480
0.483947038651,3479
0.484162092209,3478
0.484384059906,3477
0.484688997269,3476
0.485456943512,3475
0.485845088959,3474
0.486047029495,3473
0.486395120621,3472
0.486690044403,3471
0.487079143524,3470
0.487560033798,3469
0.488080024719,3468
0.488539934158,3467
0.488915920258,3466
0.489448070526,3465
0.489848136902,3464
0.490102052689,3463
0.490845918655,3462
0.491199016571,3461
0.491380929947,3460
0.491899967194,3459
0.492841005325,3458
0.493781089783,3457
0.493968009949,3456
0.494163036346,3455
0.494782924652,3454
0.495379924774,3453
0.495698928833,3452
0.495994091034,3451
0.496197938919,3450
0.496472120285,3449
0.496695041656,3448
0.49690413475,3447
0.497138023376,3446
0.49736905098,3445
0.497508049011,3444
0.498083114624,3443
0.498558998108,3442
0.498986005783,3441
0.499393939972,3440
0.499791145325,3439
0.499971151352,3438
0.500100135803,3437
0.5003490448,3436
0.500473976135,3435
0.500635147095,3434
0.501187086105,3433
0.501461029053,3432
0.501754045486,3431
0.502058029175,3430
0.502534151077,3429
0.5030169487,3428
0.503248929977,3427
0.503519058228,3426
0.504001140594,3425
0.504117965698,3424
0.504272937775,3423
0.504508018494,3422
0.505167961121,3421
0.505458116531,3420
0.505789995193,3419
0.506093978882,3418
0.506259918213,3417
0.506802082062,3416
0.507373094559,3415
0.507615089417,3414
0.508103132248,3413
0.50838303566,3412
0.508964061737,3411
0.509577035904,3410
0.510085105896,3409
0.510761022568,3408
0.511343955994,3407
0.511595010757,3406
0.511831045151,3405
0.512296915054,3404
0.512506961823,3403
0.512933969498,3402
0.513380050659,3401
0.513648986816,3400
0.513778924942,3399
0.513932943344,3398
0.514114141464,3397
0.514835119247,3396
0.515633106232,3395
0.516263008118,3394
0.516550064087,3393
0.517200946808,3392
0.518049955368,3391
0.518595933914,3390
0.518862962723,3389
0.5189909935,3388
0.519137144089,3387
0.519335985184,3386
0.520040035248,3385
0.520815134048,3384
0.521712064743,3383
0.522392988205,3382
0.522817134857,3381
0.523597955704,3380
0.523972034454,3379
0.524121046066,3378
0.52450299263,3377
0.524748086929,3376
0.525038957596,3375
0.525344133377,3374
0.525676965714,3373
0.525967121124,3372
0.526344060898,3371
0.52646112442,3370
0.526814937592,3369
0.527395009995,3368
0.527532100677,3367
0.528175115585,3366
0.528731107712,3365
0.52952003479,3364
0.529798984528,3363
0.529989004135,3362
0.530174016953,3361
0.53067612648,3360
0.531415939331,3359
0.53168797493,3358
0.532061100006,3357
0.532191991806,3356
0.532454967499,3355
0.532598972321,3354
0.533003091812,3353
0.533147096634,3352
0.533885002136,3351
0.534168958664,3350
0.534435987473,3349
0.534873962402,3348
0.535187959671,3347
0.535402059555,3346
0.535624027252,3345
0.536023139954,3344
0.536276102066,3343
0.536759138107,3342
0.536956071854,3341
0.537523031235,3340
0.538530111313,3339
0.538931131363,3338
0.539261102676,3337
0.539603948593,3336
0.539781093597,3335
0.540111064911,3334
0.540842056274,3333
0.541032075882,3332
0.54118013382,3331
0.541473150253,3330
0.542281150818,3329
0.54249215126,3328
0.542629957199,3327
0.542928934097,3326
0.543108940125,3325
0.543479919434,3324
0.543991088867,3323
0.544198036194,3322
0.544558048248,3321
0.544841051102,3320
0.545109033585,3319
0.545475959778,3318
0.545655965805,3317
0.545943975449,3316
0.546097040176,3315
0.546536922455,3314
0.547492027283,3313
0.547882080078,3312
0.548174142838,3311
0.548682928085,3310
0.548810005188,3309
0.549124956131,3308
0.549417972565,3307
0.549561977386,3306
0.549875020981,3305
0.550565004349,3304
0.551154136658,3303
0.551423072815,3302
0.551584005356,3301
0.552417039871,3300
0.552546024323,3299
0.553084135056,3298
0.553373098373,3297
0.553735971451,3296
0.554369926453,3295
0.555241107941,3294
0.555765151978,3293
0.556236028671,3292
0.556360960007,3291
0.556787967682,3290
0.557304143906,3289
0.55792093277,3288
0.558278083801,3287
0.558511018753,3286
0.559472084045,3285
0.559647083282,3284
0.560128927231,3283
0.560414075851,3282
0.56069111824,3281
0.56153512001,3280
0.562149047852,3279
0.56251502037,3278
0.562644958496,3277
0.563120126724,3276
0.563256978989,3275
0.563774108887,3274
0.564202070236,3273
0.564708948135,3272
0.566076993942,3271
0.566332101822,3270
0.566576004028,3269
0.56711101532,3268
0.567585945129,3267
0.567915916443,3266
0.568088054657,3265
0.568295955658,3264
0.568952083588,3263
0.569853067398,3262
0.570249080658,3261
0.570434093475,3260
0.570748090744,3259
0.571098089218,3258
0.571322917938,3257
0.571552991867,3256
0.571702003479,3255
0.571913003922,3254
0.572454929352,3253
0.573181152344,3252
0.574854135513,3251
0.575406074524,3250
0.575607061386,3249
0.576147079468,3248
0.576425075531,3247
0.576672077179,3246
0.577036142349,3245
0.57715511322,3244
0.577722072601,3243
0.578403949738,3242
0.578654050827,3241
0.579945087433,3240
0.580380916595,3239
0.581712961197,3238
0.582150936127,3237
0.582366943359,3236
0.582874059677,3235
0.583092927933,3234
0.583380937576,3233
0.583806037903,3232
0.584217071533,3231
0.584449052811,3230
0.584672927856,3229
0.585130929947,3228
0.585372924805,3227
0.58580994606,3226
0.586125135422,3225
0.586306095123,3224
0.586465120316,3223
0.586708068848,3222
0.586888074875,3221
0.587183952332,3220
0.587881088257,3219
0.588124036789,3218
0.588477134705,3217
0.588768959045,3216
0.589168071747,3215
0.589332103729,3214
0.589532136917,3213
0.58998799324,3212
0.590318918228,3211
0.590559959412,3210
0.591531038284,3209
0.592046022415,3208
0.592571973801,3207
0.592837095261,3206
0.593001127243,3205
0.593189954758,3204
0.593327045441,3203
0.593747138977,3202
0.593868970871,3201
0.593997955322,3200
0.594727039337,3199
0.595171928406,3198
0.595435142517,3197
0.595827102661,3196
0.596004962921,3195
0.596974134445,3194
0.597366094589,3193
0.597795963287,3192
0.59805893898,3191
0.598257064819,3190
0.598432064056,3189
0.598632097244,3188
0.599054098129,3187
0.599327087402,3186
0.599676132202,3185
0.600098133087,3184
0.600556135178,3183
0.60115814209,3182
0.601832151413,3181
0.602102041245,3180
0.602496147156,3179
0.60262799263,3178
0.602913141251,3177
0.603171110153,3176
0.603420972824,3175
0.604306936264,3174
0.604644060135,3173
0.605106115341,3172
0.605967998505,3171
0.606143951416,3170
0.606369018555,3169
0.60692691803,3168
0.607105016708,3167
0.607293128967,3166
0.607728004456,3165
0.607990980148,3164
0.60852098465,3163
0.608870983124,3162
0.609085083008,3161
0.609517097473,3160
0.609895944595,3159
0.61007809639,3158
0.610383987427,3157
0.610810995102,3156
0.611458063126,3155
0.611633062363,3154
0.612407922745,3153
0.612543106079,3152
0.612991094589,3151
0.614561080933,3150
0.615631103516,3149
0.61601805687,3148
0.616243124008,3147
0.61695098877,3146
0.617356061935,3145
0.617582082748,3144
0.617739915848,3143
0.618102073669,3142
0.618631124496,3141
0.619308948517,3140
0.619704961777,3139
0.619933128357,3138
0.621807098389,3137
0.623158931732,3136
0.623383998871,3135
0.625114917755,3134
0.625415086746,3133
0.62587594986,3132
0.626140117645,3131
0.626418113708,3130
0.626793146133,3129
0.627134084702,3128
0.627332925797,3127
0.627879142761,3126
0.628051996231,3125
0.62929391861,3124
0.629426002502,3123
0.629850149155,3122
0.630006074905,3121
0.630383968353,3120
0.631130933762,3119
0.632324934006,3118
0.632542133331,3117
0.632795095444,3116
0.633090019226,3115
0.633285999298,3114
0.633702993393,3113
0.634305000305,3112
0.634890079498,3111
0.635282039642,3110
0.635954141617,3109
0.636186122894,3108
0.636976003647,3107
0.637135982513,3106
0.63755106926,3105
0.638140916824,3104
0.638987064362,3103
0.63923406601,3102
0.639531135559,3101
0.64018201828,3100
0.640965938568,3099
0.641611099243,3098
0.6417491436,3097
0.641974925995,3096
0.642441034317,3095
0.64280796051,3094
0.643074989319,3093
0.643862009048,3092
0.645509958267,3091
0.646098136902,3090
0.647361040115,3089
0.647881984711,3088
0.64887213707,3087
0.649515151978,3086
0.649735927582,3085
0.650013923645,3084
0.650313138962,3083
0.650866985321,3082
0.651363134384,3081
0.651793956757,3080
0.652010917664,3079
0.652331113815,3078
0.653151988983,3077
0.654577970505,3076
0.654814958572,3075
0.656084060669,3074
0.656221151352,3073
0.656500101089,3072
0.656858921051,3071
0.657196044922,3070
0.657452106476,3069
0.657618045807,3068
0.658421039581,3067
0.658808946609,3066
0.659393072128,3065
0.660794973373,3064
0.660936117172,3063
0.661505937576,3062
0.661667108536,3061
0.66220498085,3060
0.662575006485,3059
0.663089036942,3058
0.663921117783,3057
0.664344072342,3056
0.664747953415,3055
0.665364980698,3054
0.665527105331,3053
0.665885925293,3052
0.666437149048,3051
0.666788101196,3050
0.667040109634,3049
0.667324066162,3048
0.667439937592,3047
0.66769695282,3046
0.667870998383,3045
0.668142080307,3044
0.668453931808,3043
0.668784141541,3042
0.669584035873,3041
0.669933080673,3040
0.670247077942,3039
0.670582056046,3038
0.670962095261,3037
0.671617984772,3036
0.671976089478,3035
0.672157049179,3034
0.672465085983,3033
0.67275595665,3032
0.673035144806,3031
0.673501968384,3030
0.673697948456,3029
0.673918008804,3028
0.674072027206,3027
0.674586057663,3026
0.674942970276,3025
0.675504922867,3024
0.675776958466,3023
0.676038980484,3022
0.676226139069,3021
0.67674612999,3020
0.677200078964,3019
0.677685022354,3018
0.677901029587,3017
0.678861141205,3016
0.679254055023,3015
0.679638147354,3014
0.680032014847,3013
0.680661916733,3012
0.681323051453,3011
0.681564092636,3010
0.682162046432,3009
0.682291030884,3008
0.682543992996,3007
0.682966947556,3006
0.683095932007,3005
0.68372797966,3004
0.683995962143,3003
0.684283971786,3002
0.684759140015,3001
0.685173988342,3000
0.685878992081,2999
0.686085939407,2998
0.686717033386,2997
0.686897993088,2996
0.688102006912,2995
0.689049959183,2994
0.689233064651,2993
0.689921140671,2992
0.690467119217,2991
0.690948963165,2990
0.691421031952,2989
0.691961050034,2988
0.692395925522,2987
0.692827939987,2986
0.693102121353,2985
0.693295001984,2984
0.694442033768,2983
0.69552397728,2982
0.696702003479,2981
0.697746038437,2980
0.697864055634,2979
0.698719024658,2978
0.699168920517,2977
0.69935798645,2976
0.699594020844,2975
0.699865102768,2974
0.70063495636,2973
0.700834989548,2972
0.701992034912,2971
0.702674150467,2970
0.702986955643,2969
0.703763008118,2968
0.704122066498,2967
0.70451593399,2966
0.70502614975,2965
0.705743074417,2964
0.706679105759,2963
0.706871032715,2962
0.707548141479,2961
0.707787036896,2960
0.708364963531,2959
0.708507061005,2958
0.708847999573,2957
0.708987951279,2956
0.710294008255,2955
0.710433006287,2954
0.710771083832,2953
0.711655139923,2952
0.712319135666,2951
0.712644100189,2950
0.712901115417,2949
0.713241100311,2948
0.713957071304,2947
0.714288949966,2946
0.714509963989,2945
0.714756011963,2944
0.715273141861,2943
0.715505123138,2942
0.715947151184,2941
0.716468095779,2940
0.716862916946,2939
0.717041969299,2938
0.717330932617,2937
0.71754693985,2936
0.717940092087,2935
0.718230962753,2934
0.718367099762,2933
0.719077110291,2932
0.719332933426,2931
0.719744920731,2930
0.720957040787,2929
0.721487045288,2928
0.721683979034,2927
0.722139120102,2926
0.722989082336,2925
0.723459005356,2924
0.723742961884,2923
0.724220991135,2922
0.724889993668,2921
0.725410938263,2920
0.726480007172,2919
0.728026151657,2918
0.728688001633,2917
0.729259967804,2916
0.7296230793,2915
0.730308055878,2914
0.730577945709,2913
0.731056928635,2912
0.731792926788,2911
0.732171058655,2910
0.73279094696,2909
0.733175992966,2908
0.733483076096,2907
0.734163045883,2906
0.735260009766,2905
0.735520124435,2904
0.73605799675,2903
0.737257003784,2902
0.737419128418,2901
0.737947940826,2900
0.74068403244,2899
0.74082493782,2898
0.74184513092,2897
0.742113113403,2896
0.742334127426,2895
0.742686033249,2894
0.742938995361,2893
0.74313211441,2892
0.743396997452,2891
0.743659973145,2890
0.744158029556,2889
0.744480133057,2888
0.74568104744,2887
0.745940923691,2886
0.746211051941,2885
0.746464014053,2884
0.746855974197,2883
0.747328996658,2882
0.747503042221,2881
0.748714923859,2880
0.749382019043,2879
0.749691963196,2878
0.750023126602,2877
0.751488924026,2876
0.751785039902,2875
0.752377986908,2874
0.752852916718,2873
0.75302195549,2872
0.75327706337,2871
0.753549098969,2870
0.754080057144,2869
0.754518985748,2868
0.756540060043,2867
0.757727146149,2866
0.758515119553,2865
0.759560108185,2864
0.760348081589,2863
0.761188030243,2862
0.761364936829,2861
0.761790990829,2860
0.762390136719,2859
0.762598991394,2858
0.763438940048,2857
0.764107942581,2856
0.764342069626,2855
0.764588117599,2854
0.765355110168,2853
0.765911102295,2852
0.766283035278,2851
0.766502141953,2850
0.766698122025,2849
0.76758313179,2848
0.767812013626,2847
0.768087148666,2846
0.768337011337,2845
0.769207954407,2844
0.769793987274,2843
0.770185947418,2842
0.771505117416,2841
0.771857023239,2840
0.772305965424,2839
0.772609949112,2838
0.772969007492,2837
0.773427009583,2836
0.773683071136,2835
0.775182962418,2834
0.775314092636,2833
0.775547981262,2832
0.775892019272,2831
0.776132106781,2830
0.776324033737,2829
0.776552915573,2828
0.776778936386,2827
0.777006149292,2826
0.777229070663,2825
0.777468919754,2824
0.777924060822,2823
0.778239011765,2822
0.778576135635,2821
0.778763055801,2820
0.780014038086,2819
0.78044295311,2818
0.781135082245,2817
0.781577110291,2816
0.782428979874,2815
0.782602071762,2814
0.783252000809,2813
0.783381938934,2812
0.783659934998,2811
0.784383058548,2810
0.784515142441,2809
0.785467147827,2808
0.78581404686,2807
0.786149978638,2806
0.786363124847,2805
0.786592006683,2804
0.788447141647,2803
0.789063930511,2802
0.789513111115,2801
0.789780139923,2800
0.790123939514,2799
0.790322065353,2798
0.790493965149,2797
0.791005134583,2796
0.791409015656,2795
0.792633056641,2794
0.793057918549,2793
0.793745040894,2792
0.793957948685,2791
0.794188022614,2790
0.794471979141,2789
0.794686079025,2788
0.795048952103,2787
0.795642137527,2786
0.795866966248,2785
0.796158075333,2784
0.796793937683,2783
0.797655105591,2782
0.797909021378,2781
0.798221111298,2780
0.798341989517,2779
0.800012111664,2778
0.800338029861,2777
0.800499916077,2776
0.80104804039,2775
0.801680088043,2774
0.802323102951,2773
0.803432941437,2772
0.803637981415,2771
0.804175138474,2770
0.804626941681,2769
0.806967020035,2768
0.807363986969,2767
0.808076143265,2766
0.808334112167,2765
0.810043096542,2764
0.810745954514,2763
0.811097145081,2762
0.811981916428,2761
0.81255197525,2760
0.812783956528,2759
0.813969135284,2758
0.81546998024,2757
0.815854072571,2756
0.816426038742,2755
0.816728115082,2754
0.817145109177,2753
0.817651033401,2752
0.817857980728,2751
0.817999124527,2750
0.818344116211,2749
0.818645000458,2748
0.818947076797,2747
0.819602966309,2746
0.820013046265,2745
0.821856975555,2744
0.822227954865,2743
0.823152065277,2742
0.824033021927,2741
0.824777126312,2740
0.826250076294,2739
0.826455116272,2738
0.827960014343,2737
0.828433036804,2736
0.828711986542,2735
0.828840017319,2734
0.829193115234,2733
0.82981801033,2732
0.830753087997,2731
0.83175611496,2730
0.833073139191,2729
0.833909988403,2728
0.834216117859,2727
0.835060119629,2726
0.835243940353,2725
0.835753917694,2724
0.836230993271,2723
0.837047100067,2722
0.837295055389,2721
0.838923931122,2720
0.83951997757,2719
0.840788125992,2718
0.841164112091,2717
0.841550111771,2716
0.841984987259,2715
0.842355012894,2714
0.842678070068,2713
0.844922065735,2712
0.845329046249,2711
0.845557928085,2710
0.846074104309,2709
0.846426963806,2708
0.847504138947,2707
0.848042964935,2706
0.848694086075,2705
0.848817110062,2704
0.849439144135,2703
0.85283613205,2702
0.853455066681,2701
0.853886127472,2700
0.854381084442,2699
0.854787111282,2698
0.855803012848,2697
0.85626912117,2696
0.856430053711,2695
0.856564044952,2694
0.857167959213,2693
0.857479095459,2692
0.857634067535,2691
0.858883142471,2690
0.860309123993,2689
0.861626148224,2688
0.861881017685,2687
0.862565994263,2686
0.862681150436,2685
0.863007068634,2684
0.863316059113,2683
0.863559007645,2682
0.864176034927,2681
0.864702939987,2680
0.865083932877,2679
0.865836143494,2678
0.86659693718,2677
0.866922140121,2676
0.867491960526,2675
0.868633031845,2674
0.86901807785,2673
0.869353055954,2672
0.869799137115,2671
0.870002031326,2670
0.870795965195,2669
0.87162899971,2668
0.871886014938,2667
0.872537136078,2666
0.872848987579,2665
0.874566078186,2664
0.874917984009,2663
0.876063108444,2662
0.877655982971,2661
0.878199100494,2660
0.878479003906,2659
0.879135131836,2658
0.879394054413,2657
0.879606962204,2656
0.880564928055,2655
0.881088018417,2654
0.882349967957,2653
0.882642030716,2652
0.882771968842,2651
0.882988929749,2650
0.884179115295,2649
0.884906053543,2648
0.885144948959,2647
0.885473966599,2646
0.885648012161,2645
0.88711810112,2644
0.887453079224,2643
0.888520002365,2642
0.888720035553,2641
0.889065980911,2640
0.890959978104,2639
0.891485929489,2638
0.89167714119,2637
0.891929149628,2636
0.892270088196,2635
0.892696142197,2634
0.892915964127,2633
0.89311003685,2632
0.893840074539,2631
0.894191980362,2630
0.894396066666,2629
0.894621133804,2628
0.894963979721,2627
0.89567399025,2626
0.896505117416,2625
0.897663116455,2624
0.898997068405,2623
0.899240970612,2622
0.900176048279,2621
0.90075802803,2620
0.90110707283,2619
0.901525974274,2618
0.902879953384,2617
0.903638124466,2616
0.903877019882,2615
0.904186010361,2614
0.90451002121,2613
0.905081987381,2612
0.905436992645,2611
0.905636072159,2610
0.906075954437,2609
0.906672000885,2608
0.908191919327,2607
0.908976078033,2606
0.909155130386,2605
0.909389019012,2604
0.910359144211,2603
0.910635948181,2602
0.910892009735,2601
0.911185026169,2600
0.911592960358,2599
0.911801099777,2598
0.912370920181,2597
0.913125038147,2596
0.914798021317,2595
0.914957046509,2594
0.917662143707,2593
0.917803049088,2592
0.918700933456,2591
0.918954133987,2590
0.919388055801,2589
0.919589996338,2588
0.919898033142,2587
0.920320987701,2586
0.920768022537,2585
0.921219110489,2584
0.921829938889,2583
0.92304110527,2582
0.924487113953,2581
0.925948143005,2580
0.926563978195,2579
0.926954984665,2578
0.927221059799,2577
0.927948951721,2576
0.928410053253,2575
0.929718017578,2574
0.929922103882,2573
0.931478977203,2572
0.934004068375,2571
0.935300111771,2570
0.935807943344,2569
0.936250925064,2568
0.936449050903,2567
0.936675071716,2566
0.937155008316,2565
0.937479019165,2564
0.937842130661,2563
0.938219070435,2562
0.938691139221,2561
0.939751148224,2560
0.940525054932,2559
0.940781116486,2558
0.94127702713,2557
0.942341089249,2556
0.944108963013,2555
0.944774150848,2554
0.944972038269,2553
0.945441961288,2552
0.945609092712,2551
0.946656942368,2550
0.946861982346,2549
0.947145938873,2548
0.947396039963,2547
0.9475440979,2546
0.949087142944,2545
0.94931602478,2544
0.949509143829,2543
0.949733972549,2542
0.950361013412,2541
0.950592041016,2540
0.951977968216,2539
0.953892946243,2538
0.95426607132,2537
0.955290079117,2536
0.955840110779,2535
0.956129074097,2534
0.956607103348,2533
0.958859920502,2532
0.959244966507,2531
0.961265087128,2530
0.961761951447,2529
0.962247133255,2528
0.962785005569,2527
0.96328496933,2526
0.963813066483,2525
0.964477062225,2524
0.96484208107,2523
0.965754032135,2522
0.966768026352,2521
0.967909097672,2520
0.968421936035,2519
0.969928026199,2518
0.970237970352,2517
0.970447063446,2516
0.970808982849,2515
0.971207141876,2514
0.971920013428,2513
0.972203969955,2512
0.973830938339,2511
0.9745221138,2510
0.974878072739,2509
0.975043058395,2508
0.975573062897,2507
0.97666311264,2506
0.976905107498,2505
0.977520942688,2504
0.977751016617,2503
0.978055953979,2502
0.979735136032,2501
0.980005025864,2500
0.980278015137,2499
0.980787992477,2498
0.981536149979,2497
0.982696056366,2496
0.983549118042,2495
0.983780145645,2494
0.984664916992,2493
0.985222101212,2492
0.985436916351,2491
0.987843990326,2490
0.989000082016,2489
0.989929914474,2488
0.991096973419,2487
0.991925001144,2486
0.992655038834,2485
0.995172023773,2484
0.995439052582,2483
0.996607065201,2482
0.996861934662,2481
0.99757194519,2480
0.998445034027,2479
0.999684095383,2478
1.00044798851,2477
1.0018389225,2476
1.00248908997,2475
1.00390005112,2474
1.00410699844,2473
1.00517392159,2472
1.00580906868,2471
1.00775194168,2470
1.00816392899,2469
1.0083861351,2468
1.00896811485,2467
1.01257300377,2466
1.01285004616,2465
1.01341104507,2464
1.01375699043,2463
1.01498007774,2462
1.01534414291,2461
1.01605296135,2460
1.01646709442,2459
1.01970791817,2458
1.02038192749,2457
1.02276492119,2456
1.02319812775,2455
1.02362203598,2454
1.0239880085,2453
1.02542209625,2452
1.02582192421,2451
1.02651405334,2450
1.02675008774,2449
1.02688598633,2448
1.02716708183,2447
1.02964496613,2446
1.03027009964,2445
1.03100705147,2444
1.03230905533,2443
1.03268408775,2442
1.03328609467,2441
1.03398799896,2440
1.03482508659,2439
1.03613805771,2438
1.03689599037,2437
1.03859591484,2436
1.03968310356,2435
1.03989100456,2434
1.04014801979,2433
1.04045891762,2432
1.04153704643,2431
1.0420320034,2430
1.04238200188,2429
1.04324102402,2428
1.0444560051,2427
1.04502511024,2426
1.04528903961,2425
1.04575014114,2424
1.04607892036,2423
1.04707098007,2422
1.04774713516,2421
1.04845404625,2420
1.04917597771,2419
1.04948091507,2418
1.89112401009,2417
1.89474797249,2416
1.89542198181,2415
1.89957094193,2414
1.90179610252,2413
1.90245509148,2412
1.90312600136,2411
1.90407395363,2410
1.90793013573,2409
1.91029906273,2408
1.9150390625,2407
1.92486214638,2406
2.79609513283,2405
2.80214309692,2404
2.80350613594,2403
2.80435204506,2402
2.80671310425,2401
2.81188511848,2400
2.81245994568,2399
2.81388306618,2398
2.81823301315,2397
2.8196310997,2396
2.81991505623,2395
2.82247805595,2394
2.82575893402,2393
2.82640504837,2392
2.82695198059,2391
2.82732105255,2390
2.82801413536,2389
2.82881307602,2388
2.83008313179,2387
2.83075904846,2386
2.8323559761,2385
2.8352599144,2384
2.84207296371,2383
2.84729814529,2382
2.85112094879,2381
3.77134108543,2380
3.77935314178,2379
3.77997708321,2378
3.78482508659,2377
3.78577113152,2376
3.786454916,2375
3.78920507431,2374
3.79057693481,2373
3.79100894928,2372
3.79214811325,2371
3.79265499115,2370
3.79348993301,2369
3.79416704178,2368
3.79593300819,2367
3.796241045,2366
3.80107498169,2365
3.80133295059,2364
3.80227398872,2363
4.69499897957,2362
4.69765806198,2361
4.69962191582,2360
4.70117306709,2359
4.70335507393,2358
4.70637607574,2357
4.70768809319,2356
4.70865797997,2355
4.71170306206,2354
4.71728205681,2353
5.58270096779,2352
5.58503699303,2351
5.585709095,2350
5.58622407913,2349
5.59054398537,2348
5.59431004524,2347
5.59522294998,2346
5.59756612778,2345
5.59878993034,2344
5.59942793846,2343
5.60207414627,2342
5.60999107361,2341
5.61158204079,2340
6.50788402557,2339
6.51001906395,2338
6.51266312599,2337
6.51783204079,2336
6.51933002472,2335
6.52270913124,2334
7.3738629818,2333
7.37941813469,2332
7.39067006111,2331
7.39423704147,2330
7.39516115189,2329
7.39554715157,2328
7.39663410187,2327
7.40383696556,2326
8.33889102936,2325
8.34156513214,2324
8.34222197533,2323
8.34289097786,2322
8.35191893578,2321
9.27325892448,2320
9.27742505074,2319
9.28034496307,2318
9.28166699409,2317
9.284304142,2316
9.28521704674,2315
9.28652501106,2314
9.2870259285,2313
9.29280614853,2312
9.29771208763,2311
11.1945469379,2310
13.0960459709,2309
13.9873709679,2308
13.9878320694,2307
13.989027977,2306
13.9926199913,2305
13.9940431118,2304
14.9701700211,2303
14.9716420174,2302
14.9720561504,2301
14.9729659557,2300
14.9769260883,2299
14.9777979851,2298
15.9368870258,2297
17.7779240608,2296
19.6250090599,2295
19.6282820702,2294
