0.00958108901978,4940
0.00985193252563,4939
0.010311126709,4938
0.010479927063,4937
0.0106389522552,4936
0.0110199451447,4935
0.0111751556396,4934
0.0114381313324,4933
0.0117130279541,4932
0.0118680000305,4931
0.0122001171112,4930
0.0125780105591,4929
0.012757062912,4928
0.0129661560059,4927
0.013288974762,4926
0.0136649608612,4925
0.0139710903168,4924
0.0142059326172,4923
0.0145790576935,4922
0.0148050785065,4921
0.0150849819183,4920
0.0154931545258,4919
0.0157370567322,4918
0.0160319805145,4917
0.0162000656128,4916
0.0164930820465,4915
0.0167441368103,4914
0.0170381069183,4913
0.0174379348755,4912
0.0178849697113,4911
0.018079996109,4910
0.0184559822083,4909
0.0188119411469,4908
0.0191850662231,4907
0.0193541049957,4906
0.0196280479431,4905
0.0198521614075,4904
0.0199959278107,4903
0.0201880931854,4902
0.020359992981,4901
0.0206761360168,4900
0.0208370685577,4899
0.0209820270538,4898
0.0211730003357,4897
0.0214641094208,4896
0.0216901302338,4895
0.0220460891724,4894
0.0223979949951,4893
0.0226099491119,4892
0.0229699611664,4891
0.0232980251312,4890
0.0236060619354,4889
0.023903131485,4888
0.024199962616,4887
0.0245449542999,4886
0.0248329639435,4885
0.0251989364624,4884
0.0254991054535,4883
0.0258049964905,4882
0.0261399745941,4881
0.0265071392059,4880
0.0266900062561,4879
0.0268769264221,4878
0.0272300243378,4877
0.0275790691376,4876
0.0277650356293,4875
0.0279569625854,4874
0.028177022934,4873
0.0285999774933,4872
0.0289840698242,4871
0.0292730331421,4870
0.0295360088348,4869
0.0297119617462,4868
0.0301220417023,4867
0.0304820537567,4866
0.0306911468506,4865
0.0308711528778,4864
0.0312399864197,4863
0.0314800739288,4862
0.0316300392151,4861
0.0318369865417,4860
0.0320761203766,4859
0.0324261188507,4858
0.0326039791107,4857
0.0329151153564,4856
0.033077955246,4855
0.0333590507507,4854
0.0337309837341,4853
0.033940076828,4852
0.0340900421143,4851
0.0343730449677,4850
0.0345809459686,4849
0.0349340438843,4848
0.0351090431213,4847
0.035453081131,4846
0.0356550216675,4845
0.0359871387482,4844
0.0361909866333,4843
0.0365200042725,4842
0.0367300510406,4841
0.0370719432831,4840
0.0373480319977,4839
0.0376770496368,4838
0.0378911495209,4837
0.0380539894104,4836
0.0384230613708,4835
0.0388059616089,4834
0.0391790866852,4833
0.039458990097,4832
0.039745092392,4831
0.0401251316071,4830
0.0405039787292,4829
0.0407691001892,4828
0.0412290096283,4827
0.0416340827942,4826
0.041934967041,4825
0.0421650409698,4824
0.0425350666046,4823
0.0426981449127,4822
0.0431039333344,4821
0.0433900356293,4820
0.043771982193,4819
0.0441210269928,4818
0.0444309711456,4817
0.0448269844055,4816
0.0449719429016,4815
0.0451121330261,4814
0.0454890727997,4813
0.0456559658051,4812
0.0458741188049,4811
0.0462589263916,4810
0.0464220046997,4809
0.0466561317444,4808
0.0468649864197,4807
0.047217130661,4806
0.0473971366882,4805
0.0476851463318,4804
0.0480320453644,4803
0.0483651161194,4802
0.0486540794373,4801
0.0488049983978,4800
0.0490930080414,4799
0.0494301319122,4798
0.0496470928192,4797
0.0500230789185,4796
0.0503001213074,4795
0.0505261421204,4794
0.0507891178131,4793
0.051038980484,4792
0.0513441562653,4791
0.0515239238739,4790
0.0517461299896,4789
0.052325963974,4788
0.0526349544525,4787
0.0530109405518,4786
0.0533480644226,4785
0.0535709857941,4784
0.0540599822998,4783
0.0543990135193,4782
0.0548050403595,4781
0.0551331043243,4780
0.0552909374237,4779
0.0555231571198,4778
0.0558140277863,4777
0.0562069416046,4776
0.05650806427,4775
0.0567469596863,4774
0.0568981170654,4773
0.0573010444641,4772
0.0575730800629,4771
0.0579040050507,4770
0.0580589771271,4769
0.0584120750427,4768
0.058788061142,4767
0.0589530467987,4766
0.0592210292816,4765
0.0595810413361,4764
0.0597989559174,4763
0.0599451065063,4762
0.0601041316986,4761
0.0603940486908,4760
0.0605731010437,4759
0.060711145401,4758
0.0610089302063,4757
0.0611500740051,4756
0.0613460540771,4755
0.0615680217743,4754
0.0618369579315,4753
0.0621809959412,4752
0.0623850822449,4751
0.0625951290131,4750
0.0628571510315,4749
0.0631840229034,4748
0.0635409355164,4747
0.0637421607971,4746
0.0640881061554,4745
0.0643701553345,4744
0.0645170211792,4743
0.0647251605988,4742
0.0648601055145,4741
0.0650670528412,4740
0.0653841495514,4739
0.0657811164856,4738
0.0661089420319,4737
0.0665309429169,4736
0.0667231082916,4735
0.0669500827789,4734
0.0675370693207,4733
0.0679221153259,4732
0.068284034729,4731
0.0685820579529,4730
0.0689740180969,4729
0.0693459510803,4728
0.0697770118713,4727
0.0701019763947,4726
0.0702481269836,4725
0.0705499649048,4724
0.0707490444183,4723
0.0709750652313,4722
0.0713200569153,4721
0.0715560913086,4720
0.0719439983368,4719
0.0721039772034,4718
0.0724840164185,4717
0.0728721618652,4716
0.0732369422913,4715
0.0733780860901,4714
0.0737400054932,4713
0.0739340782166,4712
0.0742340087891,4711
0.0745749473572,4710
0.0747489929199,4709
0.0753099918365,4708
0.0756819248199,4707
0.0759229660034,4706
0.0761489868164,4705
0.0763990879059,4704
0.0766861438751,4703
0.076996088028,4702
0.0772080421448,4701
0.0778529644012,4700
0.0781979560852,4699
0.0784220695496,4698
0.0785570144653,4697
0.0788929462433,4696
0.0791831016541,4695
0.0795600414276,4694
0.0797679424286,4693
0.0799679756165,4692
0.0803301334381,4691
0.0805881023407,4690
0.0809631347656,4689
0.081160068512,4688
0.0815069675446,4687
0.0817301273346,4686
0.0819020271301,4685
0.0822229385376,4684
0.082417011261,4683
0.0826809406281,4682
0.0829470157623,4681
0.0831689834595,4680
0.0837199687958,4679
0.0840179920197,4678
0.0843160152435,4677
0.0845310688019,4676
0.0847380161285,4675
0.0853259563446,4674
0.0857479572296,4673
0.0859799385071,4672
0.086207151413,4671
0.0863749980927,4670
0.086580991745,4669
0.0867409706116,4668
0.0870940685272,4667
0.0876269340515,4666
0.0878300666809,4665
0.0881769657135,4664
0.0883841514587,4663
0.0887041091919,4662
0.0890281200409,4661
0.0892090797424,4660
0.089565038681,4659
0.0898110866547,4658
0.0901780128479,4657
0.0903470516205,4656
0.0905480384827,4655
0.0907990932465,4654
0.0911409854889,4653
0.0913560390472,4652
0.0915501117706,4651
0.091737985611,4650
0.0920040607452,4649
0.09228515625,4648
0.0926809310913,4647
0.0928421020508,4646
0.093043088913,4645
0.0932281017303,4644
0.0933771133423,4643
0.0936470031738,4642
0.0939059257507,4641
0.0941331386566,4640
0.0943510532379,4639
0.0946531295776,4638
0.0949470996857,4637
0.0952961444855,4636
0.0955419540405,4635
0.0958940982819,4634
0.09623503685,4633
0.0966150760651,4632
0.0971691608429,4631
0.0974459648132,4630
0.0977349281311,4629
0.098021030426,4628
0.0982429981232,4627
0.098562002182,4626
0.0986969470978,4625
0.0988521575928,4624
0.0990560054779,4623
0.0994300842285,4622
0.0997540950775,4621
0.100430011749,4620
0.100733041763,4619
0.101065158844,4618
0.101246118546,4617
0.101583003998,4616
0.101864099503,4615
0.102270126343,4614
0.102501153946,4613
0.102868080139,4612
0.103177070618,4611
0.103419065475,4610
0.103654146194,4609
0.103850126266,4608
0.104129076004,4607
0.104370117188,4606
0.104635953903,4605
0.104840993881,4604
0.105147123337,4603
0.105370044708,4602
0.105760097504,4601
0.106142997742,4600
0.106565952301,4599
0.106886148453,4598
0.107018947601,4597
0.107201099396,4596
0.108005046844,4595
0.108230113983,4594
0.108425140381,4593
0.108762025833,4592
0.109035015106,4591
0.109349966049,4590
0.109616994858,4589
0.109764099121,4588
0.109981060028,4587
0.11031293869,4586
0.110806941986,4585
0.110953092575,4584
0.111264944077,4583
0.111603975296,4582
0.111789941788,4581
0.112080097198,4580
0.112388134003,4579
0.112749099731,4578
0.112910985947,4577
0.113229036331,4576
0.113554000854,4575
0.113928079605,4574
0.114059925079,4573
0.114444971085,4572
0.114603042603,4571
0.114952087402,4570
0.115332126617,4569
0.11572098732,4568
0.116025924683,4567
0.116384983063,4566
0.116590023041,4565
0.116868019104,4564
0.117002010345,4563
0.117233991623,4562
0.11746096611,4561
0.117787122726,4560
0.118171930313,4559
0.118390083313,4558
0.118638038635,4557
0.118797063828,4556
0.118931055069,4555
0.1194190979,4554
0.119707107544,4553
0.120065927505,4552
0.120399951935,4551
0.120629072189,4550
0.12082695961,4549
0.120984077454,4548
0.121310949326,4547
0.121644973755,4546
0.122014045715,4545
0.122339010239,4544
0.122727155685,4543
0.122887134552,4542
0.12307715416,4541
0.123337984085,4540
0.123476982117,4539
0.123611927032,4538
0.123922109604,4537
0.124195098877,4536
0.124477148056,4535
0.124621152878,4534
0.124905109406,4533
0.125231981277,4532
0.125482082367,4531
0.125796079636,4530
0.126078128815,4529
0.126209020615,4528
0.126735925674,4527
0.126960992813,4526
0.127305030823,4525
0.12758398056,4524
0.127771139145,4523
0.128101110458,4522
0.12828207016,4521
0.128453969955,4520
0.128823041916,4519
0.128992080688,4518
0.12925195694,4517
0.129688024521,4516
0.130003929138,4515
0.130322933197,4514
0.130753993988,4513
0.131201982498,4512
0.131363153458,4511
0.131675958633,4510
0.132025957108,4509
0.132661104202,4508
0.133064985275,4507
0.133353948593,4506
0.133832931519,4505
0.134174108505,4504
0.134568929672,4503
0.134701967239,4502
0.134860038757,4501
0.135053157806,4500
0.135431051254,4499
0.135669946671,4498
0.135926961899,4497
0.136189937592,4496
0.136551141739,4495
0.136700153351,4494
0.136970043182,4493
0.137329101562,4492
0.137522935867,4491
0.137776136398,4490
0.138141155243,4489
0.138288021088,4488
0.138612031937,4487
0.138967037201,4486
0.139286994934,4485
0.13942193985,4484
0.139564990997,4483
0.14005613327,4482
0.140191078186,4481
0.140627145767,4480
0.140964031219,4479
0.1411049366,4478
0.141246080399,4477
0.141440153122,4476
0.141620159149,4475
0.141879081726,4474
0.142255067825,4473
0.142537117004,4472
0.142919063568,4471
0.143273115158,4470
0.14355802536,4469
0.143926143646,4468
0.144529104233,4467
0.145018100739,4466
0.145369052887,4465
0.1455950737,4464
0.145873069763,4463
0.146211147308,4462
0.146398067474,4461
0.146794080734,4460
0.147190093994,4459
0.147480964661,4458
0.147897005081,4457
0.148155927658,4456
0.148307085037,4455
0.148815155029,4454
0.149160146713,4453
0.149353027344,4452
0.149518966675,4451
0.149796962738,4450
0.150203943253,4449
0.150536060333,4448
0.150774002075,4447
0.151081085205,4446
0.151584148407,4445
0.152011156082,4444
0.152161121368,4443
0.152441978455,4442
0.152717113495,4441
0.152886152267,4440
0.153278112411,4439
0.153882980347,4438
0.154319047928,4437
0.15460395813,4436
0.154930114746,4435
0.155089139938,4434
0.15537405014,4433
0.155724048615,4432
0.156337976456,4431
0.156543970108,4430
0.157243967056,4429
0.157375097275,4428
0.157655954361,4427
0.157957077026,4426
0.158242940903,4425
0.158376932144,4424
0.158578157425,4423
0.158890962601,4422
0.159220933914,4421
0.159595966339,4420
0.159768104553,4419
0.16029214859,4418
0.160419940948,4417
0.160616159439,4416
0.160822153091,4415
0.161170959473,4414
0.16136097908,4413
0.161713123322,4412
0.162034034729,4411
0.162295103073,4410
0.162625074387,4409
0.162783145905,4408
0.163102149963,4407
0.163461923599,4406
0.163726091385,4405
0.163883924484,4404
0.164350032806,4403
0.16463303566,4402
0.164957046509,4401
0.165171146393,4400
0.165498971939,4399
0.16567492485,4398
0.165987014771,4397
0.166178941727,4396
0.166314125061,4395
0.166564941406,4394
0.166707992554,4393
0.16684794426,4392
0.167092084885,4391
0.167398929596,4390
0.167708158493,4389
0.168061971664,4388
0.168491125107,4387
0.168693065643,4386
0.168875932693,4385
0.169234037399,4384
0.169553995132,4383
0.1698179245,4382
0.170007944107,4381
0.170273065567,4380
0.170406103134,4379
0.170598983765,4378
0.170730113983,4377
0.170985937119,4376
0.171143054962,4375
0.171576976776,4374
0.171705007553,4373
0.171916007996,4372
0.172107934952,4371
0.17277097702,4370
0.172980070114,4369
0.173315048218,4368
0.173722982407,4367
0.173938989639,4366
0.174725055695,4365
0.175644159317,4364
0.175857067108,4363
0.176238059998,4362
0.176592111588,4361
0.176955938339,4360
0.177154064178,4359
0.17743396759,4358
0.177649021149,4357
0.178008079529,4356
0.178178071976,4355
0.178311109543,4354
0.17853307724,4353
0.178802967072,4352
0.17905497551,4351
0.179276943207,4350
0.179517030716,4349
0.179819107056,4348
0.179957151413,4347
0.18022108078,4346
0.180588960648,4345
0.180946111679,4344
0.181131124496,4343
0.181501150131,4342
0.181770086288,4341
0.181937932968,4340
0.182065010071,4339
0.182590961456,4338
0.182762145996,4337
0.182929992676,4336
0.183179140091,4335
0.183638095856,4334
0.183974981308,4333
0.18417596817,4332
0.184652090073,4331
0.184930086136,4330
0.185460090637,4329
0.185785055161,4328
0.186145067215,4327
0.186461925507,4326
0.186782121658,4325
0.187118053436,4324
0.187417984009,4323
0.187560081482,4322
0.187855958939,4321
0.188130140305,4320
0.188429117203,4319
0.188636064529,4318
0.188874006271,4317
0.189212083817,4316
0.189393997192,4315
0.189679145813,4314
0.18998503685,4313
0.190194129944,4312
0.190533161163,4311
0.190905094147,4310
0.191044092178,4309
0.19132399559,4308
0.191514968872,4307
0.191831111908,4306
0.192068099976,4305
0.192244052887,4304
0.192567110062,4303
0.192852020264,4302
0.193150997162,4301
0.1935069561,4300
0.193793058395,4299
0.194306135178,4298
0.194430112839,4297
0.19464302063,4296
0.194900035858,4295
0.195193052292,4294
0.195904016495,4293
0.196043014526,4292
0.196865081787,4291
0.197124958038,4290
0.197324037552,4289
0.197695970535,4288
0.197901964188,4287
0.198226928711,4286
0.198441982269,4285
0.198688983917,4284
0.199131965637,4283
0.19958114624,4282
0.199752092361,4281
0.200013160706,4280
0.200255155563,4279
0.200475931168,4278
0.200689077377,4277
0.20098400116,4276
0.201189041138,4275
0.201637029648,4274
0.202023983002,4273
0.202316999435,4272
0.202580928802,4271
0.202790975571,4270
0.202959060669,4269
0.203144073486,4268
0.203668117523,4267
0.204272985458,4266
0.204564094543,4265
0.205153942108,4264
0.205790042877,4263
0.205935001373,4262
0.206064939499,4261
0.206381082535,4260
0.206615924835,4259
0.206871032715,4258
0.207235097885,4257
0.207755088806,4256
0.208074092865,4255
0.208327054977,4254
0.208534002304,4253
0.208796977997,4252
0.209043979645,4251
0.209273099899,4250
0.209612131119,4249
0.210031986237,4248
0.210305929184,4247
0.210638046265,4246
0.210863113403,4245
0.21103310585,4244
0.21138215065,4243
0.21152806282,4242
0.211818933487,4241
0.212020158768,4240
0.212312936783,4239
0.21267914772,4238
0.21285200119,4237
0.2130651474,4236
0.2132999897,4235
0.213593006134,4234
0.213875055313,4233
0.214098930359,4232
0.214336156845,4231
0.214751958847,4230
0.215117931366,4229
0.215431928635,4228
0.215660095215,4227
0.215855121613,4226
0.216122150421,4225
0.216477155685,4224
0.216728925705,4223
0.217157125473,4222
0.217304944992,4221
0.217649936676,4220
0.217947006226,4219
0.218116998672,4218
0.218426942825,4217
0.218618154526,4216
0.219033002853,4215
0.219474077225,4214
0.219697952271,4213
0.220014095306,4212
0.220221042633,4211
0.220428943634,4210
0.221032142639,4209
0.221279144287,4208
0.221544027328,4207
0.221732139587,4206
0.221919059753,4205
0.222072124481,4204
0.222284078598,4203
0.222450017929,4202
0.222659111023,4201
0.222993135452,4200
0.223364114761,4199
0.223703145981,4198
0.223952054977,4197
0.224404096603,4196
0.224591016769,4195
0.224816083908,4194
0.22505402565,4193
0.225405931473,4192
0.225607156754,4191
0.226264953613,4190
0.226408004761,4189
0.226778030396,4188
0.22715306282,4187
0.227461099625,4186
0.227717161179,4185
0.228052139282,4184
0.228634119034,4183
0.228780031204,4182
0.229503154755,4181
0.229630947113,4180
0.229773044586,4179
0.230098009109,4178
0.230576992035,4177
0.230982065201,4176
0.231290102005,4175
0.231580018997,4174
0.231837034225,4173
0.232159137726,4172
0.232316017151,4171
0.232470989227,4170
0.232784032822,4169
0.232933044434,4168
0.233265161514,4167
0.233464002609,4166
0.233709096909,4165
0.234022140503,4164
0.23420715332,4163
0.234336137772,4162
0.234565973282,4161
0.234693050385,4160
0.234926939011,4159
0.23518705368,4158
0.235367059708,4157
0.235585927963,4156
0.235852003098,4155
0.236298084259,4154
0.236644983292,4153
0.236937999725,4152
0.237199068069,4151
0.237328052521,4150
0.237656116486,4149
0.237781047821,4148
0.238039016724,4147
0.238376140594,4146
0.238733053207,4145
0.238960981369,4144
0.239448070526,4143
0.239866018295,4142
0.240185976028,4141
0.240324020386,4140
0.240464925766,4139
0.240592002869,4138
0.240903139114,4137
0.241358041763,4136
0.241567134857,4135
0.241817951202,4134
0.24198102951,4133
0.242429018021,4132
0.242553949356,4131
0.242901086807,4130
0.243166923523,4129
0.243504047394,4128
0.243991136551,4127
0.244593143463,4126
0.244910955429,4125
0.245209932327,4124
0.245501041412,4123
0.245840072632,4122
0.245986938477,4121
0.246278047562,4120
0.246668100357,4119
0.246845960617,4118
0.246968984604,4117
0.247205972672,4116
0.248453140259,4115
0.248780965805,4114
0.248916149139,4113
0.249395132065,4112
0.24959897995,4111
0.249954938889,4110
0.250327110291,4109
0.250638008118,4108
0.250930070877,4107
0.251850128174,4106
0.252192020416,4105
0.252799034119,4104
0.253062963486,4103
0.253392934799,4102
0.253935098648,4101
0.254645109177,4100
0.254825115204,4099
0.25497508049,4098
0.255273103714,4097
0.255522012711,4096
0.255656957626,4095
0.255793094635,4094
0.256083011627,4093
0.256247997284,4092
0.256426095963,4091
0.256859064102,4090
0.257071018219,4089
0.257406949997,4088
0.258162021637,4087
0.258645057678,4086
0.259232997894,4085
0.259401082993,4084
0.259902954102,4083
0.260105133057,4082
0.260859012604,4081
0.261280059814,4080
0.261673927307,4079
0.26185798645,4078
0.262196063995,4077
0.262392044067,4076
0.262979030609,4075
0.263329029083,4074
0.263678073883,4073
0.264002084732,4072
0.264179944992,4071
0.265025138855,4070
0.265372991562,4069
0.265799999237,4068
0.265991926193,4067
0.26632809639,4066
0.266637086868,4065
0.266978979111,4064
0.267341136932,4063
0.267658948898,4062
0.267961978912,4061
0.268141031265,4060
0.268564939499,4059
0.26885509491,4058
0.268985033035,4057
0.269223928452,4056
0.26948094368,4055
0.269726037979,4054
0.270066022873,4053
0.270275115967,4052
0.27051615715,4051
0.270663022995,4050
0.271124124527,4049
0.271305084229,4048
0.271620988846,4047
0.272657155991,4046
0.272902011871,4045
0.273126125336,4044
0.273246049881,4043
0.273368120193,4042
0.273611068726,4041
0.27391910553,4040
0.274662971497,4039
0.274949073792,4038
0.275642156601,4037
0.275925159454,4036
0.276569128036,4035
0.277203083038,4034
0.277341127396,4033
0.277568101883,4032
0.278198957443,4031
0.278653144836,4030
0.278999090195,4029
0.279243946075,4028
0.279592037201,4027
0.280054092407,4026
0.280198097229,4025
0.280528068542,4024
0.280879020691,4023
0.281266927719,4022
0.281664133072,4021
0.281827926636,4020
0.282077074051,4019
0.28319811821,4018
0.283379077911,4017
0.28375005722,4016
0.284423112869,4015
0.284749984741,4014
0.284888982773,4013
0.285187959671,4012
0.285620927811,4011
0.285953044891,4010
0.286158084869,4009
0.286405086517,4008
0.286746025085,4007
0.286953926086,4006
0.287178993225,4005
0.287310123444,4004
0.2876329422,4003
0.28810095787,4002
0.288576126099,4001
0.288840055466,4000
0.289247989655,3999
0.289572954178,3998
0.290074110031,3997
0.29033613205,3996
0.290534973145,3995
0.290677070618,3994
0.291042089462,3993
0.291231155396,3992
0.29173707962,3991
0.291903972626,3990
0.292062044144,3989
0.292667150497,3988
0.293013095856,3987
0.293287992477,3986
0.293499946594,3985
0.293930053711,3984
0.294261932373,3983
0.294559955597,3982
0.294708967209,3981
0.295362949371,3980
0.295598983765,3979
0.295753002167,3978
0.296283006668,3977
0.296550989151,3976
0.296774148941,3975
0.29731798172,3974
0.297455072403,3973
0.29805803299,3972
0.298278093338,3971
0.298440933228,3970
0.298855066299,3969
0.299129962921,3968
0.299363136292,3967
0.300009012222,3966
0.300377130508,3965
0.300603151321,3964
0.300755023956,3963
0.300920009613,3962
0.301483154297,3961
0.301783084869,3960
0.302073001862,3959
0.302348136902,3958
0.302627086639,3957
0.302883148193,3956
0.30316400528,3955
0.303321123123,3954
0.303650140762,3953
0.30399107933,3952
0.304324150085,3951
0.304656028748,3950
0.305073976517,3949
0.305331945419,3948
0.305666923523,3947
0.305979967117,3946
0.306396961212,3945
0.30668592453,3944
0.307609081268,3943
0.307855129242,3942
0.308155059814,3941
0.308361053467,3940
0.308544158936,3939
0.308856010437,3938
0.309020042419,3937
0.309200048447,3936
0.309509992599,3935
0.309741020203,3934
0.30996799469,3933
0.310168027878,3932
0.311135053635,3931
0.31129193306,3930
0.311823129654,3929
0.312076091766,3928
0.312371015549,3927
0.312929153442,3926
0.313204050064,3925
0.313431024551,3924
0.313707113266,3923
0.313957929611,3922
0.314238071442,3921
0.314481973648,3920
0.314749002457,3919
0.315051078796,3918
0.315465927124,3917
0.315665960312,3916
0.315856933594,3915
0.316161155701,3914
0.316296100616,3913
0.316758155823,3912
0.317445039749,3911
0.317996025085,3910
0.318665981293,3909
0.318958997726,3908
0.319263935089,3907
0.319581985474,3906
0.319819927216,3905
0.32014298439,3904
0.320394992828,3903
0.320547103882,3902
0.322149991989,3901
0.323161125183,3900
0.323337078094,3899
0.323964118958,3898
0.324146986008,3897
0.3243060112,3896
0.324535131454,3895
0.324681043625,3894
0.324944019318,3893
0.325257062912,3892
0.325585126877,3891
0.32589507103,3890
0.326043128967,3889
0.326708078384,3888
0.326908111572,3887
0.32720208168,3886
0.327444076538,3885
0.327571153641,3884
0.327739953995,3883
0.327927112579,3882
0.328155994415,3881
0.328428030014,3880
0.328545093536,3879
0.329353094101,3878
0.329609155655,3877
0.32980799675,3876
0.330048084259,3875
0.330305099487,3874
0.331180095673,3873
0.331839084625,3872
0.332170009613,3871
0.332417964935,3870
0.332541942596,3869
0.332713127136,3868
0.332916021347,3867
0.333192110062,3866
0.333420991898,3865
0.333719968796,3864
0.333976984024,3863
0.334228992462,3862
0.334794044495,3861
0.335181951523,3860
0.335613965988,3859
0.335844039917,3858
0.336666107178,3857
0.33685708046,3856
0.337219953537,3855
0.337626934052,3854
0.337923049927,3853
0.338423967361,3852
0.338559150696,3851
0.338819026947,3850
0.339136123657,3849
0.339415073395,3848
0.339693069458,3847
0.340080976486,3846
0.340359926224,3845
0.340481042862,3844
0.340803146362,3843
0.34109210968,3842
0.341427087784,3841
0.341928958893,3840
0.342170953751,3839
0.342764139175,3838
0.342956066132,3837
0.34330701828,3836
0.343485116959,3835
0.34376001358,3834
0.343999147415,3833
0.344222068787,3832
0.344731092453,3831
0.345049142838,3830
0.345299959183,3829
0.345546007156,3828
0.345808029175,3827
0.345981121063,3826
0.347185134888,3825
0.347491979599,3824
0.347767114639,3823
0.348159074783,3822
0.348299026489,3821
0.348504066467,3820
0.349153995514,3819
0.349318981171,3818
0.349468946457,3817
0.349600076675,3816
0.350008010864,3815
0.350283145905,3814
0.350504159927,3813
0.350829124451,3812
0.351132154465,3811
0.351380109787,3810
0.35172700882,3809
0.351990938187,3808
0.352111101151,3807
0.352385044098,3806
0.352564096451,3805
0.352734088898,3804
0.353009939194,3803
0.353461027145,3802
0.353637933731,3801
0.353764057159,3800
0.354062080383,3799
0.354272127151,3798
0.354634046555,3797
0.354961156845,3796
0.355150938034,3795
0.355283975601,3794
0.355605125427,3793
0.356086969376,3792
0.356357097626,3791
0.356667041779,3790
0.356992959976,3789
0.35715007782,3788
0.357351064682,3787
0.357599973679,3786
0.357851028442,3785
0.358133077621,3784
0.358644962311,3783
0.358766078949,3782
0.358891010284,3781
0.359183073044,3780
0.359442949295,3779
0.359889984131,3778
0.360192060471,3777
0.360350131989,3776
0.360603094101,3775
0.36092209816,3774
0.361287117004,3773
0.361704111099,3772
0.361892938614,3771
0.36217713356,3770
0.362626075745,3769
0.362842082977,3768
0.36353802681,3767
0.364305973053,3766
0.365247964859,3765
0.365570068359,3764
0.366102933884,3763
0.366403102875,3762
0.36661696434,3761
0.366858959198,3760
0.367432117462,3759
0.367605924606,3758
0.368204116821,3757
0.368423938751,3756
0.368752002716,3755
0.368968963623,3754
0.369301080704,3753
0.369868040085,3752
0.370116949081,3751
0.37038898468,3750
0.370547056198,3749
0.370969057083,3748
0.371504068375,3747
0.371952056885,3746
0.372529983521,3745
0.372946023941,3744
0.37312412262,3743
0.373324155807,3742
0.373775959015,3741
0.373942136765,3740
0.374608039856,3739
0.37501001358,3738
0.375200986862,3737
0.375465154648,3736
0.375695943832,3735
0.376248121262,3734
0.376529932022,3733
0.377244949341,3732
0.377530097961,3731
0.378242969513,3730
0.378564119339,3729
0.37869310379,3728
0.378822088242,3727
0.378981113434,3726
0.379277944565,3725
0.379590988159,3724
0.379820108414,3723
0.380085945129,3722
0.380373954773,3721
0.380509138107,3720
0.380941152573,3719
0.381583929062,3718
0.381963968277,3717
0.382274150848,3716
0.382511138916,3715
0.383003950119,3714
0.383237123489,3713
0.383569002151,3712
0.38417506218,3711
0.384446144104,3710
0.385182142258,3709
0.385329961777,3708
0.385663032532,3707
0.385972976685,3706
0.386589050293,3705
0.38688993454,3704
0.387162923813,3703
0.387727022171,3702
0.38800907135,3701
0.388164997101,3700
0.388850927353,3699
0.389147996902,3698
0.389559984207,3697
0.389882087708,3696
0.390047073364,3695
0.390522003174,3694
0.390720129013,3693
0.39106798172,3692
0.39137005806,3691
0.39156794548,3690
0.391737937927,3689
0.391998052597,3688
0.392926931381,3687
0.393131017685,3686
0.393433094025,3685
0.393945932388,3684
0.394142150879,3683
0.394464969635,3682
0.395009040833,3681
0.395686149597,3680
0.396214962006,3679
0.396417140961,3678
0.396707057953,3677
0.397746086121,3676
0.398110151291,3675
0.398277044296,3674
0.398594141006,3673
0.399090051651,3672
0.399390935898,3671
0.399886131287,3670
0.400010108948,3669
0.400285005569,3668
0.400471925735,3667
0.401136159897,3666
0.40158700943,3665
0.401752948761,3664
0.402037143707,3663
0.402359008789,3662
0.40286397934,3661
0.403182983398,3660
0.403339147568,3659
0.403804063797,3658
0.404142141342,3657
0.404679059982,3656
0.40504193306,3655
0.405308961868,3654
0.405816078186,3653
0.405977964401,3652
0.406273126602,3651
0.406440019608,3650
0.406988143921,3649
0.407431125641,3648
0.407588005066,3647
0.407880067825,3646
0.408051967621,3645
0.408781051636,3644
0.409181118011,3643
0.409330129623,3642
0.409969091415,3641
0.410148143768,3640
0.410341978073,3639
0.410526037216,3638
0.410859107971,3637
0.411195039749,3636
0.411447048187,3635
0.411890983582,3634
0.412268161774,3633
0.412436008453,3632
0.412836074829,3631
0.413017034531,3630
0.41340303421,3629
0.413922071457,3628
0.414230108261,3627
0.415060043335,3626
0.415642023087,3625
0.41592502594,3624
0.416198968887,3623
0.416391134262,3622
0.417289972305,3621
0.417480945587,3620
0.417768001556,3619
0.418002128601,3618
0.418192148209,3617
0.418559074402,3616
0.418740987778,3615
0.419600009918,3614
0.419991970062,3613
0.420236110687,3612
0.420521974564,3611
0.420653104782,3610
0.420840024948,3609
0.421102046967,3608
0.421951055527,3607
0.422070026398,3606
0.42223906517,3605
0.422430992126,3604
0.4227039814,3603
0.423149108887,3602
0.423439025879,3601
0.423731088638,3600
0.424407958984,3599
0.42462015152,3598
0.424905061722,3597
0.425208091736,3596
0.425323009491,3595
0.425473928452,3594
0.426218032837,3593
0.42689204216,3592
0.427135944366,3591
0.427435159683,3590
0.427849054337,3589
0.428205013275,3588
0.428549051285,3587
0.429160118103,3586
0.429479122162,3585
0.429846048355,3584
0.430161952972,3583
0.430770158768,3582
0.431090116501,3581
0.431753158569,3580
0.432171106339,3579
0.43243098259,3578
0.432718992233,3577
0.43292093277,3576
0.433222055435,3575
0.433613061905,3574
0.434175014496,3573
0.434685945511,3572
0.4352850914,3571
0.435435056686,3570
0.435739040375,3569
0.437744140625,3568
0.438137054443,3567
0.438416957855,3566
0.43859910965,3565
0.438895940781,3564
0.439790010452,3563
0.439974069595,3562
0.440178155899,3561
0.440442085266,3560
0.440561056137,3559
0.440849065781,3558
0.44128704071,3557
0.441592931747,3556
0.442543983459,3555
0.443326950073,3554
0.443886995316,3553
0.444077014923,3552
0.445111036301,3551
0.445791959763,3550
0.445934057236,3549
0.446218013763,3548
0.446388959885,3547
0.446956157684,3546
0.447281122208,3545
0.447556018829,3544
0.447737932205,3543
0.447869062424,3542
0.448075056076,3541
0.448509931564,3540
0.449263095856,3539
0.449496030807,3538
0.449664115906,3537
0.449815034866,3536
0.450361967087,3535
0.450587034225,3534
0.450925111771,3533
0.451404094696,3532
0.451961994171,3531
0.452464103699,3530
0.452860116959,3529
0.453329086304,3528
0.453918933868,3527
0.454262971878,3526
0.456164121628,3525
0.456582069397,3524
0.45699095726,3523
0.457370996475,3522
0.457607030869,3521
0.458374023438,3520
0.458527088165,3519
0.45868897438,3518
0.459404945374,3517
0.459839105606,3516
0.460363149643,3515
0.460772037506,3514
0.460958957672,3513
0.461099147797,3512
0.461398124695,3511
0.461738109589,3510
0.46230006218,3509
0.462500095367,3508
0.462651014328,3507
0.463124990463,3506
0.463701963425,3505
0.464373111725,3504
0.464615106583,3503
0.465106010437,3502
0.465510129929,3501
0.465765953064,3500
0.4660551548,3499
0.466479063034,3498
0.466984987259,3497
0.46760892868,3496
0.467893123627,3495
0.468163967133,3494
0.468471050262,3493
0.469002008438,3492
0.469795942307,3491
0.470036029816,3490
0.470474004745,3489
0.470864057541,3488
0.471285104752,3487
0.471451044083,3486
0.47243309021,3485
0.472638130188,3484
0.473062992096,3483
0.473922014236,3482
0.474058151245,3481
0.47447514534,3480
0.47459602356,3479
0.474878072739,3478
0.47518992424,3477
0.475681066513,3476
0.475957155228,3475
0.476146936417,3474
0.47678899765,3473
0.477154016495,3472
0.477375030518,3471
0.477563142776,3470
0.477904081345,3469
0.478142976761,3468
0.478609085083,3467
0.479151010513,3466
0.480062007904,3465
0.480283021927,3464
0.481053113937,3463
0.481285095215,3462
0.481682062149,3461
0.481969118118,3460
0.482342004776,3459
0.482527971268,3458
0.482825994492,3457
0.483050107956,3456
0.483322143555,3455
0.484737157822,3454
0.485054969788,3453
0.485183000565,3452
0.485655069351,3451
0.485950946808,3450
0.486361026764,3449
0.486655950546,3448
0.487349033356,3447
0.487831115723,3446
0.489243984222,3445
0.489469051361,3444
0.490024089813,3443
0.490286111832,3442
0.490520954132,3441
0.491055965424,3440
0.491238117218,3439
0.491542100906,3438
0.492243051529,3437
0.492427110672,3436
0.493274927139,3435
0.493517160416,3434
0.493785142899,3433
0.494296073914,3432
0.494725942612,3431
0.494957923889,3430
0.495183944702,3429
0.495852947235,3428
0.496046066284,3427
0.496187925339,3426
0.496423006058,3425
0.496961116791,3424
0.497269153595,3423
0.497779130936,3422
0.498440980911,3421
0.498733043671,3420
0.498919963837,3419
0.499627113342,3418
0.500687122345,3417
0.501016139984,3416
0.501245975494,3415
0.50151515007,3414
0.501667976379,3413
0.502417087555,3412
0.502562046051,3411
0.502932071686,3410
0.503201007843,3409
0.503328084946,3408
0.50417804718,3407
0.504513025284,3406
0.50491309166,3405
0.505212068558,3404
0.505389928818,3403
0.505875110626,3402
0.506682157516,3401
0.507035017014,3400
0.507806062698,3399
0.508291006088,3398
0.508517026901,3397
0.508649110794,3396
0.508969068527,3395
0.509336948395,3394
0.509519100189,3393
0.509890079498,3392
0.510218143463,3391
0.510453939438,3390
0.511291027069,3389
0.511657953262,3388
0.512068986893,3387
0.512340068817,3386
0.512846946716,3385
0.513081073761,3384
0.513613939285,3383
0.515064001083,3382
0.515263080597,3381
0.515486955643,3380
0.516376018524,3379
0.516647100449,3378
0.51765704155,3377
0.517966032028,3376
0.518453121185,3375
0.519056081772,3374
0.519573926926,3373
0.520270109177,3372
0.520645141602,3371
0.520895957947,3370
0.521536111832,3369
0.521654129028,3368
0.521973133087,3367
0.522362947464,3366
0.52347111702,3365
0.523874998093,3364
0.524163007736,3363
0.524322986603,3362
0.524779081345,3361
0.525089979172,3360
0.52525806427,3359
0.525547981262,3358
0.525738954544,3357
0.525887012482,3356
0.52615904808,3355
0.526621103287,3354
0.526793003082,3353
0.52734708786,3352
0.527586936951,3351
0.527866125107,3350
0.528192996979,3349
0.528520107269,3348
0.528805017471,3347
0.529333114624,3346
0.52956199646,3345
0.529974937439,3344
0.530231952667,3343
0.530610084534,3342
0.531034946442,3341
0.531266927719,3340
0.53147315979,3339
0.531775951385,3338
0.532009124756,3337
0.532324075699,3336
0.532667160034,3335
0.533118963242,3334
0.533566951752,3333
0.533918142319,3332
0.534371137619,3331
0.534754991531,3330
0.5353910923,3329
0.535704135895,3328
0.536009073257,3327
0.536550998688,3326
0.536947965622,3325
0.537073135376,3324
0.537443161011,3323
0.538337945938,3322
0.538501977921,3321
0.538980007172,3320
0.539531946182,3319
0.539878129959,3318
0.539994001389,3317
0.540863037109,3316
0.541152000427,3315
0.54146695137,3314
0.541782140732,3313
0.542083978653,3312
0.54227399826,3311
0.542433977127,3310
0.542729139328,3309
0.543668031693,3308
0.544317960739,3307
0.544748067856,3306
0.545372009277,3305
0.545753002167,3304
0.546111106873,3303
0.546939134598,3302
0.547476053238,3301
0.547759056091,3300
0.54865694046,3299
0.548849105835,3298
0.549032926559,3297
0.549632072449,3296
0.550049066544,3295
0.55029296875,3294
0.550481081009,3293
0.550744056702,3292
0.551080942154,3291
0.551362991333,3290
0.551516056061,3289
0.551783084869,3288
0.552449941635,3287
0.552713155746,3286
0.554363965988,3285
0.55448102951,3284
0.554664134979,3283
0.554917097092,3282
0.555199146271,3281
0.555494070053,3280
0.555710077286,3279
0.556374073029,3278
0.557004928589,3277
0.557220935822,3276
0.557373046875,3275
0.55816411972,3274
0.558413028717,3273
0.55872797966,3272
0.559335947037,3271
0.560851097107,3270
0.561125040054,3269
0.561811923981,3268
0.562090158463,3267
0.562269926071,3266
0.562623977661,3265
0.56318116188,3264
0.563849925995,3263
0.564201116562,3262
0.564695119858,3261
0.565726995468,3260
0.567259073257,3259
0.56750202179,3258
0.567763090134,3257
0.568622112274,3256
0.56906414032,3255
0.569659948349,3254
0.570157051086,3253
0.570835113525,3252
0.571016073227,3251
0.571576118469,3250
0.572106122971,3249
0.572658061981,3248
0.573104143143,3247
0.573568105698,3246
0.573713064194,3245
0.57418513298,3244
0.57457113266,3243
0.575267076492,3242
0.575894117355,3241
0.576545000076,3240
0.576792001724,3239
0.576977014542,3238
0.577193975449,3237
0.577490091324,3236
0.577688932419,3235
0.578068971634,3234
0.578361034393,3233
0.578756093979,3232
0.579425096512,3231
0.580634117126,3230
0.581139087677,3229
0.58136510849,3228
0.581511974335,3227
0.582613945007,3226
0.582752943039,3225
0.582878112793,3224
0.583017110825,3223
0.583537101746,3222
0.584115028381,3221
0.584665060043,3220
0.585402965546,3219
0.585781097412,3218
0.586311101913,3217
0.586519002914,3216
0.586910009384,3215
0.587345123291,3214
0.587629079819,3213
0.58828496933,3212
0.588581085205,3211
0.588937044144,3210
0.589540958405,3209
0.589720964432,3208
0.590059041977,3207
0.590301990509,3206
0.590479135513,3205
0.590695142746,3204
0.591397047043,3203
0.592108011246,3202
0.592383146286,3201
0.593091011047,3200
0.593575954437,3199
0.593902111053,3198
0.594282150269,3197
0.594681024551,3196
0.595468997955,3195
0.595777988434,3194
0.595967054367,3193
0.596095085144,3192
0.596477985382,3191
0.597298145294,3190
0.598143100739,3189
0.599383115768,3188
0.600211143494,3187
0.600540161133,3186
0.601076126099,3185
0.601433992386,3184
0.601948976517,3183
0.602380990982,3182
0.602653980255,3181
0.602859020233,3180
0.603364944458,3179
0.603553056717,3178
0.604155063629,3177
0.604279994965,3176
0.604479074478,3175
0.606059074402,3174
0.607088088989,3173
0.608891963959,3172
0.609576940536,3171
0.610065937042,3170
0.61070394516,3169
0.611279010773,3168
0.611448049545,3167
0.612242937088,3166
0.612722158432,3165
0.612848043442,3164
0.613290071487,3163
0.613695144653,3162
0.614037036896,3161
0.614320993423,3160
0.614566087723,3159
0.615020036697,3158
0.615261077881,3157
0.615399122238,3156
0.615715026855,3155
0.616240978241,3154
0.616508960724,3153
0.617354154587,3152
0.61779999733,3151
0.618035078049,3150
0.618402004242,3149
0.618874073029,3148
0.619142055511,3147
0.621154069901,3146
0.621664047241,3145
0.621959924698,3144
0.622173070908,3143
0.622370004654,3142
0.622496128082,3141
0.622750997543,3140
0.62314915657,3139
0.623295068741,3138
0.624467134476,3137
0.624685049057,3136
0.624881982803,3135
0.625682115555,3134
0.626160144806,3133
0.626614093781,3132
0.626856088638,3131
0.627072095871,3130
0.628380060196,3129
0.628610134125,3128
0.62943816185,3127
0.629567146301,3126
0.629804134369,3125
0.630932092667,3124
0.631394147873,3123
0.631803035736,3122
0.631993055344,3121
0.632542133331,3120
0.633260011673,3119
0.633546113968,3118
0.633913040161,3117
0.634074926376,3116
0.634361982346,3115
0.634737014771,3114
0.635051012039,3113
0.635844945908,3112
0.636135101318,3111
0.636880159378,3110
0.637095928192,3109
0.637679100037,3108
0.63791513443,3107
0.638065099716,3106
0.638482093811,3105
0.638746976852,3104
0.639575958252,3103
0.63981795311,3102
0.640542030334,3101
0.640763044357,3100
0.640917062759,3099
0.641238927841,3098
0.641796112061,3097
0.641983032227,3096
0.64314699173,3095
0.643934011459,3094
0.644370079041,3093
0.644998073578,3092
0.645430088043,3091
0.646047115326,3090
0.646178007126,3089
0.646610021591,3088
0.6468770504,3087
0.64737200737,3086
0.647514104843,3085
0.64807510376,3084
0.648587942123,3083
0.648807048798,3082
0.648972034454,3081
0.649956941605,3080
0.650256156921,3079
0.65065908432,3078
0.651085138321,3077
0.65146112442,3076
0.652102947235,3075
0.652434110641,3074
0.652760982513,3073
0.653470993042,3072
0.653677940369,3071
0.653881072998,3070
0.655385971069,3069
0.655594110489,3068
0.65580701828,3067
0.656064033508,3066
0.656546115875,3065
0.657290935516,3064
0.657423973083,3063
0.6578540802,3062
0.658988952637,3061
0.660647153854,3060
0.660889148712,3059
0.661497116089,3058
0.66181397438,3057
0.662126064301,3056
0.662443161011,3055
0.66302895546,3054
0.663426160812,3053
0.664361953735,3052
0.664741039276,3051
0.665082931519,3050
0.665229082108,3049
0.665410995483,3048
0.665866136551,3047
0.666130065918,3046
0.667047977448,3045
0.667523145676,3044
0.668347120285,3043
0.66853094101,3042
0.668679952621,3041
0.670151948929,3040
0.670354127884,3039
0.670524120331,3038
0.6723549366,3037
0.673224925995,3036
0.673428058624,3035
0.673723936081,3034
0.674579143524,3033
0.675388097763,3032
0.675924062729,3031
0.676162958145,3030
0.676578998566,3029
0.677942037582,3028
0.67821097374,3027
0.678452014923,3026
0.678588151932,3025
0.678844928741,3024
0.679003953934,3023
0.679877996445,3022
0.6807949543,3021
0.681342124939,3020
0.681865930557,3019
0.683571100235,3018
0.684075117111,3017
0.68434214592,3016
0.684813976288,3015
0.685256004333,3014
0.685537099838,3013
0.685773134232,3012
0.686249017715,3011
0.68785905838,3010
0.688127994537,3009
0.688374042511,3008
0.689024925232,3007
0.689553022385,3006
0.689904928207,3005
0.690659999847,3004
0.691044092178,3003
0.691372156143,3002
0.691602945328,3001
0.69193816185,3000
0.692667961121,2999
0.693076133728,2998
0.693427085876,2997
0.69414305687,2996
0.694553136826,2995
0.694792985916,2994
0.695703029633,2993
0.696361064911,2992
0.696562051773,2991
0.696799993515,2990
0.697090148926,2989
0.697313070297,2988
0.697651147842,2987
0.697934150696,2986
0.698374986649,2985
0.699129104614,2984
0.699985980988,2983
0.700603961945,2982
0.700937986374,2981
0.701066970825,2980
0.703077077866,2979
0.703274965286,2978
0.703760147095,2977
0.704054117203,2976
0.704225063324,2975
0.705270051956,2974
0.705867052078,2973
0.706217050552,2972
0.70686507225,2971
0.70704293251,2970
0.707296133041,2969
0.707860946655,2968
0.708115100861,2967
0.708462953568,2966
0.708606004715,2965
0.709336996078,2964
0.710134029388,2963
0.710279941559,2962
0.710420131683,2961
0.710855960846,2960
0.711845159531,2959
0.71241402626,2958
0.713165044785,2957
0.713535070419,2956
0.713853120804,2955
0.714476108551,2954
0.714640140533,2953
0.714976072311,2952
0.716243982315,2951
0.716531991959,2950
0.717618942261,2949
0.717741012573,2948
0.717913150787,2947
0.718342065811,2946
0.718603134155,2945
0.718925952911,2944
0.719591140747,2943
0.720003128052,2942
0.720405101776,2941
0.720773935318,2940
0.72282910347,2939
0.723863124847,2938
0.724143028259,2937
0.724363088608,2936
0.724488973618,2935
0.724750995636,2934
0.725368022919,2933
0.725626945496,2932
0.726000070572,2931
0.726859092712,2930
0.727236032486,2929
0.727859973907,2928
0.728321075439,2927
0.728765964508,2926
0.729252099991,2925
0.729920148849,2924
0.730313062668,2923
0.730466127396,2922
0.730929136276,2921
0.731405973434,2920
0.731822013855,2919
0.732550144196,2918
0.732669115067,2917
0.732907056808,2916
0.73338508606,2915
0.733557939529,2914
0.733819007874,2913
0.734223127365,2912
0.734352111816,2911
0.73463511467,2910
0.735062122345,2909
0.735597133636,2908
0.736952066422,2907
0.737245082855,2906
0.737771987915,2905
0.738009929657,2904
0.73886013031,2903
0.739097118378,2902
0.739494085312,2901
0.740003108978,2900
0.740182161331,2899
0.740430116653,2898
0.741208076477,2897
0.741410017014,2896
0.742551088333,2895
0.743248939514,2894
0.744070053101,2893
0.744876146317,2892
0.745193958282,2891
0.746607065201,2890
0.747007131577,2889
0.747251033783,2888
0.747903108597,2887
0.748302936554,2886
0.748546123505,2885
0.748903989792,2884
0.749231100082,2883
0.749560117722,2882
0.749953985214,2881
0.750214099884,2880
0.751194000244,2879
0.751363992691,2878
0.751806020737,2877
0.752818107605,2876
0.755326986313,2875
0.755895137787,2874
0.757616996765,2873
0.757859945297,2872
0.758063077927,2871
0.759293079376,2870
0.760064125061,2869
0.76038312912,2868
0.76091003418,2867
0.761075019836,2866
0.761301994324,2865
0.761484146118,2864
0.761703968048,2863
0.762151002884,2862
0.76260304451,2861
0.762916088104,2860
0.763170003891,2859
0.764152050018,2858
0.764815092087,2857
0.765116930008,2856
0.765627145767,2855
0.766297101974,2854
0.766617059708,2853
0.766947984695,2852
0.76819396019,2851
0.769010066986,2850
0.769622087479,2849
0.770112037659,2848
0.770810127258,2847
0.771228075027,2846
0.771834135056,2845
0.772696971893,2844
0.773736000061,2843
0.774121046066,2842
0.774428129196,2841
0.774697065353,2840
0.775061130524,2839
0.775370121002,2838
0.777064085007,2837
0.77739906311,2836
0.777591943741,2835
0.777945041656,2834
0.778198957443,2833
0.778654098511,2832
0.779451131821,2831
0.779726982117,2830
0.779968976974,2829
0.780594110489,2828
0.782426118851,2827
0.782591104507,2826
0.782783031464,2825
0.782925128937,2824
0.783066987991,2823
0.784116983414,2822
0.78438615799,2821
0.785846948624,2820
0.786234140396,2819
0.786890983582,2818
0.787091016769,2817
0.787582159042,2816
0.788928031921,2815
0.789535045624,2814
0.789852142334,2813
0.790385007858,2812
0.791002035141,2811
0.791541099548,2810
0.791670084,2809
0.792881965637,2808
0.793131113052,2807
0.793520927429,2806
0.794152021408,2805
0.795016050339,2804
0.795479059219,2803
0.795923948288,2802
0.796962022781,2801
0.797205924988,2800
0.797816991806,2799
0.79977107048,2798
0.8004591465,2797
0.800689935684,2796
0.800883054733,2795
0.801248073578,2794
0.802232980728,2793
0.802634954453,2792
0.80327296257,2791
0.803926944733,2790
0.804501056671,2789
0.805304050446,2788
0.805459022522,2787
0.805587053299,2786
0.806618928909,2785
0.80682516098,2784
0.807723045349,2783
0.808740139008,2782
0.808964967728,2781
0.809433937073,2780
0.809690952301,2779
0.809944152832,2778
0.811486005783,2777
0.812370061874,2776
0.812632083893,2775
0.813549041748,2774
0.813737154007,2773
0.813966035843,2772
0.815180063248,2771
0.815374135971,2770
0.816111087799,2769
0.81626200676,2768
0.816870927811,2767
0.817014932632,2766
0.817181110382,2765
0.818268060684,2764
0.819895982742,2763
0.820735931396,2762
0.821201086044,2761
0.821589946747,2760
0.822679042816,2759
0.823132991791,2758
0.824162006378,2757
0.825097084045,2756
0.825346946716,2755
0.82600402832,2754
0.826256990433,2753
0.827377080917,2752
0.827605009079,2751
0.828455924988,2750
0.8289270401,2749
0.829420089722,2748
0.829662084579,2747
0.830137014389,2746
0.831079006195,2745
0.831948041916,2744
0.832441091537,2743
0.832638025284,2742
0.832857131958,2741
0.833367109299,2740
0.83360004425,2739
0.835520029068,2738
0.835989952087,2737
0.836315155029,2736
0.836943149567,2735
0.839075088501,2734
0.840373039246,2733
0.841361999512,2732
0.84197306633,2731
0.843152999878,2730
0.843502044678,2729
0.844105958939,2728
0.844285964966,2727
0.844527959824,2726
0.845463037491,2725
0.84591794014,2724
0.846467971802,2723
0.846996068954,2722
0.847429037094,2721
0.847638130188,2720
0.848086118698,2719
0.848353147507,2718
0.850055932999,2717
0.850512981415,2716
0.851444005966,2715
0.852213144302,2714
0.852474927902,2713
0.853208065033,2712
0.853490114212,2711
0.853696107864,2710
0.854059934616,2709
0.855087995529,2708
0.855278015137,2707
0.856056928635,2706
0.856860160828,2705
0.857336997986,2704
0.857953071594,2703
0.859141111374,2702
0.85940694809,2701
0.85963010788,2700
0.859790086746,2699
0.86009311676,2698
0.861372947693,2697
0.861624956131,2696
0.862138986588,2695
0.862728118896,2694
0.864366054535,2693
0.864805936813,2692
0.865242004395,2691
0.866953134537,2690
0.867699146271,2689
0.867922067642,2688
0.868492126465,2687
0.868901968002,2686
0.869383096695,2685
0.869831085205,2684
0.869964122772,2683
0.87079501152,2682
0.871876001358,2681
0.872269153595,2680
0.872594118118,2679
0.873204946518,2678
0.873772144318,2677
0.87401509285,2676
0.87443614006,2675
0.874902009964,2674
0.876078128815,2673
0.876642942429,2672
0.876815080643,2671
0.878126144409,2670
0.878705978394,2669
0.879265069962,2668
0.879460096359,2667
0.879786968231,2666
0.880469083786,2665
0.880835056305,2664
0.881082057953,2663
0.881602048874,2662
0.8818359375,2661
0.882415056229,2660
0.882874011993,2659
0.884011983871,2658
0.884217023849,2657
0.884350061417,2656
0.884613037109,2655
0.885256052017,2654
0.885823011398,2653
0.886419057846,2652
0.886907100677,2651
0.887117147446,2650
0.887712955475,2649
0.888174057007,2648
0.888648986816,2647
0.888873100281,2646
0.891797065735,2645
0.892434120178,2644
0.893304109573,2643
0.895055055618,2642
0.896013021469,2641
0.896376132965,2640
0.896681070328,2639
0.89691901207,2638
0.89734005928,2637
0.897763967514,2636
0.898442029953,2635
0.898623943329,2634
0.898983001709,2633
0.899194002151,2632
0.899821043015,2631
0.899945020676,2630
0.901767969131,2629
0.902480125427,2628
0.904791116714,2627
0.906506061554,2626
0.906904935837,2625
0.907613992691,2624
0.908215045929,2623
0.908389091492,2622
0.908546924591,2621
0.908924102783,2620
0.910820960999,2619
0.911289930344,2618
0.912261009216,2617
0.912639141083,2616
0.914803028107,2615
0.915653944016,2614
0.91585111618,2613
0.916079998016,2612
0.916371107101,2611
0.917103052139,2610
0.917595148087,2609
0.917928934097,2608
0.918138027191,2607
0.91841506958,2606
0.918568134308,2605
0.919806003571,2604
0.921257972717,2603
0.921793937683,2602
0.922606945038,2601
0.923671960831,2600
0.924324989319,2599
0.92490696907,2598
0.925351142883,2597
0.925593137741,2596
0.926769018173,2595
0.927245140076,2594
0.927664041519,2593
0.927886962891,2592
0.92892408371,2591
0.929258108139,2590
0.930359125137,2589
0.931286096573,2588
0.932036161423,2587
0.93248295784,2586
0.933382987976,2585
0.935294151306,2584
0.93573307991,2583
0.935966014862,2582
0.936100959778,2581
0.936640977859,2580
0.936803102493,2579
0.938080072403,2578
0.938457965851,2577
0.938807010651,2576
0.939188957214,2575
0.939474105835,2574
0.939794063568,2573
0.940124034882,2572
0.940348148346,2571
0.943978071213,2570
0.945373058319,2569
0.947957992554,2568
0.948127985001,2567
0.949162006378,2566
0.949331045151,2565
0.950490951538,2564
0.951061964035,2563
0.951312065125,2562
0.953271150589,2561
0.953948020935,2560
0.954172134399,2559
0.95512008667,2558
0.95636510849,2557
0.958393096924,2556
0.958606958389,2555
0.959385156631,2554
0.961821079254,2553
0.962214946747,2552
0.963263034821,2551
0.965446949005,2550
0.966298103333,2549
0.967699050903,2548
0.968106031418,2547
0.970494031906,2546
0.97076010704,2545
0.972059965134,2544
0.974863052368,2543
0.97599196434,2542
0.97665810585,2541
0.978181123734,2540
0.978424072266,2539
0.979159116745,2538
0.979594945908,2537
0.981068134308,2536
0.981229066849,2535
0.981972932816,2534
0.982630968094,2533
0.983340024948,2532
0.98397898674,2531
0.984513998032,2530
0.984791994095,2529
0.985237121582,2528
0.985985994339,2527
0.986154079437,2526
0.987024068832,2525
0.989426136017,2524
0.990049123764,2523
0.990755081177,2522
0.991320133209,2521
0.99158000946,2520
0.9919090271,2519
0.992819070816,2518
0.993083000183,2517
0.993569135666,2516
0.993950128555,2515
0.994822025299,2514
0.995969057083,2513
0.996273040771,2512
0.996989965439,2511
0.997615098953,2510
0.998486042023,2509
0.999068975449,2508
0.999696969986,2507
1.00119495392,2506
1.00225400925,2505
1.00253796577,2504
1.00386404991,2503
1.00515294075,2502
1.00550413132,2501
1.00647711754,2500
1.00732803345,2499
1.00962114334,2498
1.01031899452,2497
1.01084113121,2496
1.01164102554,2495
1.01270794868,2494
1.01297497749,2493
1.01450800896,2492
1.0158829689,2491
1.01654410362,2490
1.01696896553,2489
1.01717996597,2488
1.01872611046,2487
1.01925897598,2486
1.01953196526,2485
1.0197019577,2484
1.01989102364,2483
1.02025914192,2482
1.02053999901,2481
1.02157497406,2480
1.02189898491,2479
1.02271413803,2478
1.02286100388,2477
1.02395296097,2476
1.02488398552,2475
1.02512407303,2474
1.02586698532,2473
1.02641510963,2472
1.02660608292,2471
1.02682805061,2470
1.02794408798,2469
1.02819013596,2468
1.02953004837,2467
1.03004312515,2466
1.03074812889,2465
1.0310151577,2464
1.03153204918,2463
1.03195714951,2462
1.03287410736,2461
1.03313994408,2460
1.0339910984,2459
1.03466796875,2458
1.03498315811,2457
1.0365550518,2456
1.03759002686,2455
1.03900909424,2454
1.03949594498,2453
1.03988695145,2452
1.04032301903,2451
1.0405189991,2450
1.04184293747,2449
1.04207015038,2448
1.04233694077,2447
1.04328107834,2446
1.04430508614,2445
1.04459905624,2444
1.04527997971,2443
1.04575705528,2442
1.04596495628,2441
1.0466439724,2440
1.04844498634,2439
1.0497379303,2438
1.05000400543,2437
1.05039596558,2436
1.05079293251,2435
1.0513780117,2434
1.05152511597,2433
1.05180907249,2432
1.98515796661,2431
1.98615002632,2430
1.99285697937,2429
1.99432897568,2428
1.99854111671,2427
1.99973702431,2426
2.00397706032,2425
2.00628614426,2424
2.00825405121,2423
2.01373815536,2422
2.01466298103,2421
2.01494193077,2420
2.01736092567,2419
2.02125906944,2418
2.02359294891,2417
2.93685412407,2416
2.94060301781,2415
2.94137501717,2414
2.94286394119,2413
2.94312214851,2412
2.94440197945,2411
2.94546508789,2410
2.94778203964,2409
2.94890594482,2408
2.94938015938,2407
2.95307612419,2406
2.95370912552,2405
2.95644307137,2404
2.96246910095,2403
2.96366906166,2402
2.96578907967,2401
2.96655797958,2400
2.96988511086,2399
2.97098493576,2398
2.97282195091,2397
2.97858095169,2396
2.97921800613,2395
2.98796701431,2394
3.87452101707,2393
3.87466812134,2392
3.87493300438,2391
4.75724315643,2390
4.76179909706,2389
4.76274394989,2388
4.76340198517,2387
4.76889300346,2386
4.77172708511,2385
4.77274107933,2384
4.77393507957,2383
4.77487492561,2382
4.77706408501,2381
4.77756309509,2380
4.78008294106,2379
4.79580593109,2378
4.79706215858,2377
4.80313611031,2376
4.80627202988,2375
4.81547093391,2374
4.81977915764,2373
4.81997108459,2372
4.82073903084,2371
4.821819067,2370
5.68662905693,2369
5.68908715248,2368
5.69200706482,2367
5.6983499527,2366
5.69930315018,2365
5.70108008385,2364
5.70179605484,2363
5.70824813843,2362
5.70851707458,2361
5.70879793167,2360
5.71205115318,2359
5.71237897873,2358
5.71338200569,2357
5.71469306946,2356
6.61767506599,2355
6.61892914772,2354
6.61981797218,2353
6.62084507942,2352
7.50088810921,2351
7.50503206253,2350
7.52118206024,2349
7.52235794067,2348
7.5243639946,2347
7.53004598618,2346
7.53763413429,2345
7.54020905495,2344
7.54087209702,2343
7.54113411903,2342
7.54189515114,2341
7.5446460247,2340
7.54666805267,2339
7.55112409592,2338
7.55417609215,2337
7.55736804008,2336
7.55778193474,2335
7.55951714516,2334
8.49915504456,2333
8.50532412529,2332
8.51115512848,2331
8.51446294785,2330
8.51491713524,2329
8.51598596573,2328
9.45295095444,2327
9.45346212387,2326
9.45709705353,2325
9.46196508408,2324
9.46408414841,2323
10.341135025,2322
10.3485150337,2321
10.3516340256,2320
10.3522689342,2319
12.2107739449,2318
13.0797131062,2317
13.0821099281,2316
13.0874791145,2315
13.0953280926,2314
13.1016020775,2313
13.1037290096,2312
13.1050980091,2311
13.1059720516,2310
13.1084280014,2309
13.1100959778,2308
13.1124219894,2307
13.1126480103,2306
14.8965399265,2305
14.8970291615,2304
14.9037671089,2303
14.9086470604,2302
14.9117510319,2301
14.922121048,2300
14.925661087,2299
14.9314770699,2298
14.9326450825,2297
16.8314831257,2296
16.8323719501,2295
16.8342580795,2294
16.8352711201,2293
16.8431761265,2292
16.8447771072,2291
