0.00890398025513,4940
0.00922894477844,4939
0.00965690612793,4938
0.00987792015076,4937
0.0101320743561,4936
0.0104660987854,4935
0.0106871128082,4934
0.0108740329742,4933
0.0112330913544,4932
0.0115759372711,4931
0.0117540359497,4930
0.0120549201965,4929
0.0124099254608,4928
0.0126800537109,4927
0.0129189491272,4926
0.0132899284363,4925
0.0134749412537,4924
0.0138680934906,4923
0.0141019821167,4922
0.0145149230957,4921
0.0149030685425,4920
0.0151360034943,4919
0.0154850482941,4918
0.0156440734863,4917
0.0160150527954,4916
0.0162498950958,4915
0.0163969993591,4914
0.0165500640869,4913
0.0168809890747,4912
0.0170469284058,4911
0.017215013504,4910
0.0175609588623,4909
0.0178890228271,4908
0.0181560516357,4907
0.0185949802399,4906
0.0188949108124,4905
0.0191879272461,4904
0.0195779800415,4903
0.020112991333,4902
0.0204479694366,4901
0.0208320617676,4900
0.0215439796448,4899
0.0217850208282,4898
0.0219330787659,4897
0.022087097168,4896
0.0224139690399,4895
0.0226640701294,4894
0.0229051113129,4893
0.0230491161346,4892
0.0231940746307,4891
0.0235719680786,4890
0.0239899158478,4889
0.0242149829865,4888
0.0245280265808,4887
0.0247859954834,4886
0.0251369476318,4885
0.025542974472,4884
0.0259649753571,4883
0.0262749195099,4882
0.0266869068146,4881
0.0270519256592,4880
0.0273859500885,4879
0.0277009010315,4878
0.0279409885406,4877
0.0282509326935,4876
0.0285830497742,4875
0.0288190841675,4874
0.02903008461,4873
0.0293428897858,4872
0.0295979976654,4871
0.0298039913177,4870
0.030158996582,4869
0.0303730964661,4868
0.0306770801544,4867
0.030956029892,4866
0.0313301086426,4865
0.0315589904785,4864
0.0318930149078,4863
0.032191991806,4862
0.0324800014496,4861
0.0326631069183,4860
0.0329558849335,4859
0.0332329273224,4858
0.0336399078369,4857
0.0340321063995,4856
0.0341689586639,4855
0.0345289707184,4854
0.034765958786,4853
0.0351340770721,4852
0.0354340076447,4851
0.0356740951538,4850
0.036041021347,4849
0.036278963089,4848
0.0365281105042,4847
0.0368731021881,4846
0.0372259616852,4845
0.0374109745026,4844
0.0377769470215,4843
0.0380020141602,4842
0.0383260250092,4841
0.0387110710144,4840
0.0391020774841,4839
0.0395948886871,4838
0.0397589206696,4837
0.0399069786072,4836
0.04012799263,4835
0.0404579639435,4834
0.0406858921051,4833
0.040962934494,4832
0.041130065918,4831
0.0414659976959,4830
0.0416440963745,4829
0.0419518947601,4828
0.0422389507294,4827
0.0423769950867,4826
0.0427250862122,4825
0.0431060791016,4824
0.0433559417725,4823
0.0436470508575,4822
0.0440080165863,4821
0.0442819595337,4820
0.0444951057434,4819
0.044774055481,4818
0.0449440479279,4817
0.0453629493713,4816
0.0457489490509,4815
0.0459079742432,4814
0.0461859703064,4813
0.046569108963,4812
0.046777009964,4811
0.0470690727234,4810
0.047208070755,4809
0.0474479198456,4808
0.047835111618,4807
0.0480489730835,4806
0.0482230186462,4805
0.0486099720001,4804
0.0488469600677,4803
0.0490040779114,4802
0.0493969917297,4801
0.0495591163635,4800
0.0498139858246,4799
0.0500259399414,4798
0.0502400398254,4797
0.0504660606384,4796
0.0507600307465,4795
0.051127910614,4794
0.0513560771942,4793
0.0515570640564,4792
0.0517098903656,4791
0.0519878864288,4790
0.0521900653839,4789
0.0524060726166,4788
0.0525970458984,4787
0.0528988838196,4786
0.0532839298248,4785
0.0536680221558,4784
0.0538170337677,4783
0.054181098938,4782
0.0543830394745,4781
0.054671049118,4780
0.055074930191,4779
0.055272102356,4778
0.055557012558,4777
0.0558779239655,4776
0.0562210083008,4775
0.0565741062164,4774
0.0567989349365,4773
0.0569980144501,4772
0.0574300289154,4771
0.0576429367065,4770
0.0579040050507,4769
0.0581440925598,4768
0.0585129261017,4767
0.0588998794556,4766
0.0594069957733,4765
0.059690952301,4764
0.0604779720306,4763
0.0607810020447,4762
0.0609180927277,4761
0.061136007309,4760
0.0615611076355,4759
0.0619568824768,4758
0.0621609687805,4757
0.0626349449158,4756
0.0629599094391,4755
0.0632820129395,4754
0.0637249946594,4753
0.0639619827271,4752
0.0643041133881,4751
0.0645089149475,4750
0.0648279190063,4749
0.0649991035461,4748
0.0652029514313,4747
0.06547498703,4746
0.065614938736,4745
0.0659670829773,4744
0.066309928894,4743
0.0665080547333,4742
0.0668969154358,4741
0.0672590732574,4740
0.0674300193787,4739
0.0677208900452,4738
0.0683269500732,4737
0.0687239170074,4736
0.0691750049591,4735
0.0694389343262,4734
0.0696489810944,4733
0.0702390670776,4732
0.0705659389496,4731
0.0709569454193,4730
0.0711131095886,4729
0.0712940692902,4728
0.0714590549469,4727
0.071662902832,4726
0.0718619823456,4725
0.0721158981323,4724
0.0724170207977,4723
0.0726430416107,4722
0.0729949474335,4721
0.0733449459076,4720
0.0737020969391,4719
0.0740699768066,4718
0.0742878913879,4717
0.0744259357452,4716
0.0747599601746,4715
0.0749449729919,4714
0.0751399993896,4713
0.0756089687347,4712
0.0759890079498,4711
0.0763459205627,4710
0.0767419338226,4709
0.0769689083099,4708
0.0771670341492,4707
0.0774459838867,4706
0.0777449607849,4705
0.0780529975891,4704
0.0783069133759,4703
0.0786950588226,4702
0.0788979530334,4701
0.0793170928955,4700
0.0796360969543,4699
0.0798680782318,4698
0.080246925354,4697
0.0805149078369,4696
0.0809459686279,4695
0.0813019275665,4694
0.0817010402679,4693
0.081906080246,4692
0.0822479724884,4691
0.0825459957123,4690
0.0829269886017,4689
0.0831260681152,4688
0.0835130214691,4687
0.0838420391083,4686
0.0841400623322,4685
0.0842978954315,4684
0.0844929218292,4683
0.0848319530487,4682
0.0851819515228,4681
0.0853180885315,4680
0.0854570865631,4679
0.0856568813324,4678
0.0859529972076,4677
0.0861799716949,4676
0.0865540504456,4675
0.086718082428,4674
0.0870640277863,4673
0.0875430107117,4672
0.0878109931946,4671
0.0881080627441,4670
0.0882730484009,4669
0.0885989665985,4668
0.0888779163361,4667
0.0894439220428,4666
0.089812040329,4665
0.0901620388031,4664
0.0905439853668,4663
0.0907609462738,4662
0.0910439491272,4661
0.0913050174713,4660
0.0915238857269,4659
0.0919179916382,4658
0.0921490192413,4657
0.0924921035767,4656
0.0927600860596,4655
0.0929839611053,4654
0.093318939209,4653
0.0936000347137,4652
0.0937399864197,4651
0.0939679145813,4650
0.0941150188446,4649
0.0943210124969,4648
0.0946469306946,4647
0.0950219631195,4646
0.0952498912811,4645
0.0955219268799,4644
0.0957460403442,4643
0.0962219238281,4642
0.0964910984039,4641
0.0967750549316,4640
0.096960067749,4639
0.0972270965576,4638
0.0975708961487,4637
0.0977830886841,4636
0.0981729030609,4635
0.0983040332794,4634
0.0985589027405,4633
0.0988669395447,4632
0.0991790294647,4631
0.0996000766754,4630
0.0997951030731,4629
0.100048065186,4628
0.100286960602,4627
0.10045003891,4626
0.100735902786,4625
0.100902080536,4624
0.101167917252,4623
0.101535081863,4622
0.101715087891,4621
0.10191988945,4620
0.102116107941,4619
0.10230588913,4618
0.102472066879,4617
0.102807044983,4616
0.103142976761,4615
0.103404045105,4614
0.103622913361,4613
0.104015111923,4612
0.104327917099,4611
0.104595899582,4610
0.104752063751,4609
0.10512804985,4608
0.105379104614,4607
0.105721950531,4606
0.106002092361,4605
0.106148004532,4604
0.10649895668,4603
0.106867074966,4602
0.107204914093,4601
0.107491016388,4600
0.107711076736,4599
0.108077049255,4598
0.108371019363,4597
0.108561992645,4596
0.108931064606,4595
0.109241962433,4594
0.109498023987,4593
0.109806060791,4592
0.110793113708,4591
0.111155033112,4590
0.111352920532,4589
0.111614942551,4588
0.112124919891,4587
0.112389087677,4586
0.11260509491,4585
0.113271951675,4584
0.1135430336,4583
0.114017009735,4582
0.114716053009,4581
0.115011930466,4580
0.115232944489,4579
0.115459918976,4578
0.116080999374,4577
0.116341114044,4576
0.117026090622,4575
0.117166042328,4574
0.117479085922,4573
0.117655038834,4572
0.117961883545,4571
0.118130922318,4570
0.118495941162,4569
0.118788003922,4568
0.118926048279,4567
0.119138002396,4566
0.119309902191,4565
0.119673967361,4564
0.120210886002,4563
0.120429992676,4562
0.120630025864,4561
0.120992898941,4560
0.121169090271,4559
0.121422052383,4558
0.121710062027,4557
0.12220788002,4556
0.122338056564,4555
0.122611999512,4554
0.123059034348,4553
0.123413085938,4552
0.123672962189,4551
0.124046087265,4550
0.124717950821,4549
0.125291109085,4548
0.125473976135,4547
0.125632047653,4546
0.126013994217,4545
0.12632393837,4544
0.126581907272,4543
0.126856088638,4542
0.127145051956,4541
0.12750005722,4540
0.127686977386,4539
0.128022909164,4538
0.128228902817,4537
0.129017114639,4536
0.129669904709,4535
0.130019903183,4534
0.130282878876,4533
0.130616903305,4532
0.131355047226,4531
0.131674051285,4530
0.132051944733,4529
0.132323026657,4528
0.132524967194,4527
0.132675886154,4526
0.132818937302,4525
0.133347034454,4524
0.133618116379,4523
0.133817911148,4522
0.134186029434,4521
0.134603977203,4520
0.134823083878,4519
0.135046005249,4518
0.135412931442,4517
0.135637044907,4516
0.13586807251,4515
0.136019945145,4514
0.136539936066,4513
0.136840105057,4512
0.137115955353,4511
0.137276887894,4510
0.137412071228,4509
0.137557029724,4508
0.137754917145,4507
0.13812994957,4506
0.138267040253,4505
0.13880610466,4504
0.13894200325,4503
0.139326095581,4502
0.13965511322,4501
0.140008926392,4500
0.140427112579,4499
0.140697002411,4498
0.141010046005,4497
0.141290903091,4496
0.141422986984,4495
0.141767024994,4494
0.141902923584,4493
0.142081022263,4492
0.142524957657,4491
0.142747879028,4490
0.142906904221,4489
0.143342018127,4488
0.143687963486,4487
0.143898010254,4486
0.14425611496,4485
0.144867897034,4484
0.145216941833,4483
0.145379066467,4482
0.145551919937,4481
0.145811080933,4480
0.146246910095,4479
0.146522045135,4478
0.146966934204,4477
0.147270917892,4476
0.147711992264,4475
0.14790892601,4474
0.148045063019,4473
0.148408889771,4472
0.14862203598,4471
0.148972988129,4470
0.149301052094,4469
0.14942908287,4468
0.149827003479,4467
0.150190114975,4466
0.150511026382,4465
0.150768995285,4464
0.150979995728,4463
0.151171922684,4462
0.15153503418,4461
0.151886940002,4460
0.152213096619,4459
0.152685880661,4458
0.153441905975,4457
0.153753995895,4456
0.153970956802,4455
0.154319047928,4454
0.154670000076,4453
0.154980897903,4452
0.155375003815,4451
0.155652999878,4450
0.155972003937,4449
0.156332969666,4448
0.156646966934,4447
0.156979084015,4446
0.157305002213,4445
0.157675027847,4444
0.158015966415,4443
0.158145904541,4442
0.15864610672,4441
0.159159898758,4440
0.159404993057,4439
0.159651994705,4438
0.160036087036,4437
0.160686969757,4436
0.160898923874,4435
0.161107063293,4434
0.16138792038,4433
0.161829948425,4432
0.162113904953,4431
0.162811040878,4430
0.163378953934,4429
0.163755893707,4428
0.164485931396,4427
0.164730072021,4426
0.164947032928,4425
0.165668964386,4424
0.165916919708,4423
0.166111946106,4422
0.166601896286,4421
0.166846036911,4420
0.16717505455,4419
0.167460918427,4418
0.167726039886,4417
0.168099880219,4416
0.16835308075,4415
0.168561935425,4414
0.168807983398,4413
0.169353961945,4412
0.169672966003,4411
0.169939041138,4410
0.170214891434,4409
0.170433044434,4408
0.170655012131,4407
0.171013116837,4406
0.171293020248,4405
0.171569108963,4404
0.171785116196,4403
0.172086000443,4402
0.172393083572,4401
0.172796010971,4400
0.172949075699,4399
0.173384904861,4398
0.173542976379,4397
0.17390704155,4396
0.174135923386,4395
0.17435002327,4394
0.174678087234,4393
0.174849033356,4392
0.17604804039,4391
0.176580905914,4390
0.176935911179,4389
0.177079916,4388
0.17732000351,4387
0.177880048752,4386
0.178006887436,4385
0.178431987762,4384
0.178818941116,4383
0.179043054581,4382
0.179255962372,4381
0.179513931274,4380
0.179811000824,4379
0.180181980133,4378
0.180588960648,4377
0.180912971497,4376
0.181056976318,4375
0.181235074997,4374
0.181468963623,4373
0.18172287941,4372
0.181924104691,4371
0.182271957397,4370
0.182583093643,4369
0.18291592598,4368
0.183115005493,4367
0.183418035507,4366
0.18364405632,4365
0.18380689621,4364
0.183952093124,4363
0.184098005295,4362
0.184257030487,4361
0.184501886368,4360
0.184819936752,4359
0.185200929642,4358
0.185594081879,4357
0.186023950577,4356
0.186230897903,4355
0.186357975006,4354
0.186574935913,4353
0.186841011047,4352
0.186999082565,4351
0.187341928482,4350
0.187601089478,4349
0.187902927399,4348
0.188370943069,4347
0.188565015793,4346
0.188869953156,4345
0.189208984375,4344
0.189347982407,4343
0.189583063126,4342
0.190206050873,4341
0.190737009048,4340
0.191085100174,4339
0.191270112991,4338
0.191615104675,4337
0.192013978958,4336
0.192377090454,4335
0.192909955978,4334
0.193281888962,4333
0.193558931351,4332
0.193753004074,4331
0.194046974182,4330
0.194317102432,4329
0.194598913193,4328
0.194772958755,4327
0.195614099503,4326
0.195921897888,4325
0.196340084076,4324
0.196832895279,4323
0.197172880173,4322
0.197778940201,4321
0.198141098022,4320
0.198666095734,4319
0.199318885803,4318
0.199469089508,4317
0.199666976929,4316
0.199841022491,4315
0.199992895126,4314
0.200252056122,4313
0.200761079788,4312
0.201255083084,4311
0.201467037201,4310
0.201607942581,4309
0.202178001404,4308
0.202507972717,4307
0.202795028687,4306
0.202970027924,4305
0.203142881393,4304
0.203522920609,4303
0.203814029694,4302
0.204063892365,4301
0.204288005829,4300
0.20455288887,4299
0.204721927643,4298
0.204910993576,4297
0.205358982086,4296
0.205522060394,4295
0.205818891525,4294
0.206005096436,4293
0.206326007843,4292
0.206480979919,4291
0.206835985184,4290
0.207021951675,4289
0.207249879837,4288
0.207524061203,4287
0.207854986191,4286
0.208081007004,4285
0.208247900009,4284
0.208550930023,4283
0.208851099014,4282
0.209091901779,4281
0.20941901207,4280
0.209814071655,4279
0.210334062576,4278
0.21062207222,4277
0.210802078247,4276
0.210980892181,4275
0.21123790741,4274
0.211505889893,4273
0.211771965027,4272
0.212120056152,4271
0.212397098541,4270
0.212555885315,4269
0.212737083435,4268
0.212908983231,4267
0.213180065155,4266
0.2134308815,4265
0.213584899902,4264
0.213737010956,4263
0.213982105255,4262
0.214276075363,4261
0.214591026306,4260
0.214880943298,4259
0.215184926987,4258
0.215357065201,4257
0.215615987778,4256
0.215987920761,4255
0.216315984726,4254
0.216645956039,4253
0.216789960861,4252
0.217166900635,4251
0.217428922653,4250
0.217901945114,4249
0.218205928802,4248
0.218398094177,4247
0.21865606308,4246
0.218978881836,4245
0.219181060791,4244
0.219532012939,4243
0.219796895981,4242
0.220257043839,4241
0.220709085464,4240
0.221019983292,4239
0.221379995346,4238
0.221838951111,4237
0.222151994705,4236
0.222440004349,4235
0.222687959671,4234
0.222906112671,4233
0.223072052002,4232
0.223602056503,4231
0.223824977875,4230
0.224347114563,4229
0.224694013596,4228
0.224961042404,4227
0.225862979889,4226
0.226017951965,4225
0.226465940475,4224
0.227212905884,4223
0.227565050125,4222
0.228295087814,4221
0.228852987289,4220
0.22919011116,4219
0.229418039322,4218
0.229908943176,4217
0.230230093002,4216
0.230401039124,4215
0.23141503334,4214
0.231595993042,4213
0.232100009918,4212
0.232410907745,4211
0.232565879822,4210
0.232755899429,4209
0.233030080795,4208
0.2332239151,4207
0.233650922775,4206
0.233788013458,4205
0.234110116959,4204
0.234401941299,4203
0.234555006027,4202
0.235017061234,4201
0.236176967621,4200
0.236485958099,4199
0.23696398735,4198
0.237286090851,4197
0.237694978714,4196
0.238373041153,4195
0.23862695694,4194
0.238989114761,4193
0.23952293396,4192
0.240150928497,4191
0.240401983261,4190
0.240683078766,4189
0.240890026093,4188
0.241131067276,4187
0.241317033768,4186
0.241552114487,4185
0.242239952087,4184
0.242501020432,4183
0.242770910263,4182
0.243108987808,4181
0.243294000626,4180
0.243804931641,4179
0.244069099426,4178
0.244494915009,4177
0.244944095612,4176
0.245112895966,4175
0.245250940323,4174
0.245584964752,4173
0.245774030685,4172
0.245917081833,4171
0.246196985245,4170
0.246407985687,4169
0.24671792984,4168
0.247008085251,4167
0.247293949127,4166
0.247976064682,4165
0.248230934143,4164
0.248620986938,4163
0.249442100525,4162
0.249584913254,4161
0.249820947647,4160
0.250086069107,4159
0.250426054001,4158
0.250855922699,4157
0.251475095749,4156
0.251657009125,4155
0.252027988434,4154
0.252346038818,4153
0.252528905869,4152
0.252953052521,4151
0.253144025803,4150
0.253375053406,4149
0.253509998322,4148
0.253842115402,4147
0.254075050354,4146
0.254359006882,4145
0.254682064056,4144
0.254971981049,4143
0.255211114883,4142
0.255465984344,4141
0.255667924881,4140
0.255827903748,4139
0.256196022034,4138
0.256407976151,4137
0.257052898407,4136
0.25723695755,4135
0.257508039474,4134
0.257857084274,4133
0.258040904999,4132
0.258232116699,4131
0.258534908295,4130
0.258658885956,4129
0.258913040161,4128
0.259321928024,4127
0.259649038315,4126
0.260143995285,4125
0.260544061661,4124
0.260866880417,4123
0.26104092598,4122
0.261260032654,4121
0.261612892151,4120
0.262173891068,4119
0.262495994568,4118
0.262906074524,4117
0.263752937317,4116
0.264112949371,4115
0.264385938644,4114
0.264923095703,4113
0.265177965164,4112
0.265516042709,4111
0.26571893692,4110
0.266060113907,4109
0.266361951828,4108
0.266551971436,4107
0.267842054367,4106
0.26801609993,4105
0.268498897552,4104
0.268697023392,4103
0.268853902817,4102
0.269045114517,4101
0.269217014313,4100
0.269834041595,4099
0.270103931427,4098
0.270306110382,4097
0.270481109619,4096
0.270937919617,4095
0.271456003189,4094
0.271737098694,4093
0.272255897522,4092
0.272535085678,4091
0.272814035416,4090
0.272964000702,4089
0.2731320858,4088
0.273365974426,4087
0.27371096611,4086
0.274112939835,4085
0.274390935898,4084
0.274574041367,4083
0.274719953537,4082
0.275007009506,4081
0.275237083435,4080
0.275532960892,4079
0.276025056839,4078
0.276271104813,4077
0.276671886444,4076
0.277052879333,4075
0.277190923691,4074
0.277662038803,4073
0.277854919434,4072
0.278083086014,4071
0.278234958649,4070
0.278570890427,4069
0.278779029846,4068
0.279198884964,4067
0.279352903366,4066
0.280510902405,4065
0.280652046204,4064
0.280953884125,4063
0.281361103058,4062
0.281626939774,4061
0.281763076782,4060
0.282176017761,4059
0.282299041748,4058
0.28261590004,4057
0.28283405304,4056
0.283165931702,4055
0.283476114273,4054
0.283704042435,4053
0.283852100372,4052
0.284161090851,4051
0.28497004509,4050
0.285367012024,4049
0.285614013672,4048
0.285810947418,4047
0.286375999451,4046
0.286586046219,4045
0.28674197197,4044
0.287157058716,4043
0.287365913391,4042
0.288022041321,4041
0.288208007812,4040
0.28889799118,4039
0.289266109467,4038
0.289391994476,4037
0.289647102356,4036
0.290009021759,4035
0.29048204422,4034
0.290657043457,4033
0.291311979294,4032
0.291460037231,4031
0.291599035263,4030
0.291955947876,4029
0.292782068253,4028
0.292992115021,4027
0.293308019638,4026
0.293591976166,4025
0.29388999939,4024
0.294049024582,4023
0.29435300827,4022
0.294856071472,4021
0.295109987259,4020
0.295465946198,4019
0.295696020126,4018
0.295830011368,4017
0.296005964279,4016
0.296271085739,4015
0.296768903732,4014
0.297240018845,4013
0.297924995422,4012
0.298168897629,4011
0.298455953598,4010
0.298639059067,4009
0.298926115036,4008
0.299244880676,4007
0.299449920654,4006
0.29976606369,4005
0.300874948502,4004
0.301165103912,4003
0.30150103569,4002
0.301877975464,4001
0.302160024643,4000
0.302998065948,3999
0.303358078003,3998
0.30370092392,3997
0.303885936737,3996
0.30412197113,3995
0.304301977158,3994
0.304508924484,3993
0.304764986038,3992
0.305062055588,3991
0.305387020111,3990
0.305735111237,3989
0.306071996689,3988
0.306330919266,3987
0.306619882584,3986
0.306746959686,3985
0.307028055191,3984
0.307548999786,3983
0.307811021805,3982
0.308511018753,3981
0.308785915375,3980
0.309099912643,3979
0.309238910675,3978
0.309494972229,3977
0.309830904007,3976
0.310154914856,3975
0.310667037964,3974
0.310904979706,3973
0.311157941818,3972
0.311455011368,3971
0.311721086502,3970
0.312012910843,3969
0.312503099442,3968
0.313097000122,3967
0.313369989395,3966
0.313585042953,3965
0.313853025436,3964
0.314003944397,3963
0.314534902573,3962
0.314685106277,3961
0.314817905426,3960
0.31508398056,3959
0.315217018127,3958
0.315404891968,3957
0.316032886505,3956
0.316452980042,3955
0.31670999527,3954
0.316910982132,3953
0.317118883133,3952
0.317399024963,3951
0.317621946335,3950
0.317909955978,3949
0.318442106247,3948
0.318734884262,3947
0.318857908249,3946
0.319334983826,3945
0.31960606575,3944
0.319892883301,3943
0.320076942444,3942
0.320378065109,3941
0.320514917374,3940
0.320662021637,3939
0.320914030075,3938
0.321100950241,3937
0.321422100067,3936
0.321609973907,3935
0.32182097435,3934
0.321964025497,3933
0.322135925293,3932
0.32231593132,3931
0.322566986084,3930
0.322933912277,3929
0.323374986649,3928
0.323669910431,3927
0.323894023895,3926
0.324187040329,3925
0.324327945709,3924
0.324523925781,3923
0.324850082397,3922
0.325414896011,3921
0.32563495636,3920
0.326122999191,3919
0.326369047165,3918
0.327470064163,3917
0.327610969543,3916
0.327874898911,3915
0.328139066696,3914
0.328279018402,3913
0.328500032425,3912
0.328742980957,3911
0.329174995422,3910
0.32933807373,3909
0.329760074615,3908
0.330239057541,3907
0.331260919571,3906
0.331814050674,3905
0.332190990448,3904
0.332467079163,3903
0.332648992538,3902
0.332890033722,3901
0.333137989044,3900
0.333322048187,3899
0.333635091782,3898
0.333856105804,3897
0.334105014801,3896
0.33434510231,3895
0.334500074387,3894
0.334650993347,3893
0.335021018982,3892
0.335433006287,3891
0.335604906082,3890
0.335777997971,3889
0.335993051529,3888
0.336250066757,3887
0.336494922638,3886
0.336957931519,3885
0.337270021439,3884
0.337472915649,3883
0.33775806427,3882
0.338058948517,3881
0.338203907013,3880
0.338391065598,3879
0.338671922684,3878
0.338922023773,3877
0.339299917221,3876
0.340002059937,3875
0.340121984482,3874
0.34032702446,3873
0.340616941452,3872
0.340867042542,3871
0.341149091721,3870
0.341334104538,3869
0.341586112976,3868
0.341891050339,3867
0.342170953751,3866
0.342293977737,3865
0.342590093613,3864
0.34304690361,3863
0.343178033829,3862
0.343302965164,3861
0.343487977982,3860
0.34380197525,3859
0.344048976898,3858
0.34446811676,3857
0.344654083252,3856
0.344825029373,3855
0.345134019852,3854
0.345542907715,3853
0.346023082733,3852
0.346329927444,3851
0.346504926682,3850
0.346777915955,3849
0.346971988678,3848
0.347274065018,3847
0.34782910347,3846
0.348042011261,3845
0.348366975784,3844
0.349551916122,3843
0.350104093552,3842
0.350339889526,3841
0.350558996201,3840
0.350899934769,3839
0.351046085358,3838
0.351188898087,3837
0.351612091064,3836
0.353004932404,3835
0.353337049484,3834
0.353522062302,3833
0.353827953339,3832
0.354206085205,3831
0.354444026947,3830
0.35519194603,3829
0.355366945267,3828
0.355694055557,3827
0.355835914612,3826
0.356596946716,3825
0.356775999069,3824
0.357209920883,3823
0.35734796524,3822
0.357639074326,3821
0.358305931091,3820
0.358480930328,3819
0.358913898468,3818
0.359211921692,3817
0.359704017639,3816
0.359903097153,3815
0.36064696312,3814
0.361442089081,3813
0.361685991287,3812
0.361877918243,3811
0.362159013748,3810
0.362322092056,3809
0.362540960312,3808
0.363013982773,3807
0.363430023193,3806
0.363960981369,3805
0.36412191391,3804
0.364377975464,3803
0.364614009857,3802
0.365037918091,3801
0.365222930908,3800
0.365509986877,3799
0.365835905075,3798
0.366277933121,3797
0.366761922836,3796
0.367047071457,3795
0.367204904556,3794
0.367628097534,3793
0.36908197403,3792
0.369785070419,3791
0.37002491951,3790
0.37034201622,3789
0.370552062988,3788
0.370680093765,3787
0.371221065521,3786
0.371438980103,3785
0.371645927429,3784
0.371845960617,3783
0.372381925583,3782
0.373313903809,3781
0.373502969742,3780
0.373692035675,3779
0.373822927475,3778
0.373991012573,3777
0.374572992325,3776
0.375133991241,3775
0.375535011292,3774
0.376049995422,3773
0.376173019409,3772
0.376548051834,3771
0.376873016357,3770
0.377368927002,3769
0.377691984177,3768
0.378262042999,3767
0.378478050232,3766
0.378650903702,3765
0.379014968872,3764
0.379309892654,3763
0.379477024078,3762
0.379857063293,3761
0.379987955093,3760
0.380173921585,3759
0.380455970764,3758
0.380912065506,3757
0.381246089935,3756
0.381437063217,3755
0.38189291954,3754
0.382076978683,3753
0.382217884064,3752
0.382709980011,3751
0.383172035217,3750
0.383843898773,3749
0.383979082108,3748
0.384433031082,3747
0.385296106339,3746
0.385428905487,3745
0.385926961899,3744
0.386203050613,3743
0.386475086212,3742
0.386699914932,3741
0.386944055557,3740
0.38720703125,3739
0.387388944626,3738
0.388190984726,3737
0.388469934464,3736
0.388885974884,3735
0.389293909073,3734
0.389466047287,3733
0.389700889587,3732
0.391242980957,3731
0.391524076462,3730
0.392152070999,3729
0.392599105835,3728
0.392944097519,3727
0.393368005753,3726
0.393632888794,3725
0.394030094147,3724
0.394320964813,3723
0.394457101822,3722
0.394984006882,3721
0.395375967026,3720
0.39577293396,3719
0.39615893364,3718
0.39639210701,3717
0.396540880203,3716
0.396970033646,3715
0.397203922272,3714
0.397496938705,3713
0.39790892601,3712
0.398611068726,3711
0.39954996109,3710
0.399952888489,3709
0.400162935257,3708
0.401189088821,3707
0.401593923569,3706
0.401773929596,3705
0.40201997757,3704
0.402173995972,3703
0.402409076691,3702
0.402792930603,3701
0.403120994568,3700
0.403675079346,3699
0.404354095459,3698
0.405076980591,3697
0.40571808815,3696
0.406035900116,3695
0.406352996826,3694
0.406558990479,3693
0.407377004623,3692
0.407731056213,3691
0.40802693367,3690
0.408298015594,3689
0.408560037613,3688
0.408862113953,3687
0.409254074097,3686
0.409920930862,3685
0.41031908989,3684
0.410587072372,3683
0.410886049271,3682
0.411118030548,3681
0.411432981491,3680
0.41163110733,3679
0.411878108978,3678
0.412261962891,3677
0.41312789917,3676
0.413378000259,3675
0.413789987564,3674
0.414217948914,3673
0.414410114288,3672
0.414637088776,3671
0.414983987808,3670
0.415390968323,3669
0.415663957596,3668
0.415909051895,3667
0.416239023209,3666
0.416606903076,3665
0.416793107986,3664
0.417114973068,3663
0.41726899147,3662
0.417906999588,3661
0.418797969818,3660
0.419274091721,3659
0.419830083847,3658
0.42089009285,3657
0.421659946442,3656
0.422178030014,3655
0.422518968582,3654
0.422699928284,3653
0.42303609848,3652
0.423615932465,3651
0.424221038818,3650
0.425015926361,3649
0.425256967545,3648
0.425467967987,3647
0.426034927368,3646
0.426399946213,3645
0.426522016525,3644
0.426800012589,3643
0.427108049393,3642
0.42751288414,3641
0.429214954376,3640
0.429464101791,3639
0.429677963257,3638
0.429930925369,3637
0.430114030838,3636
0.430432081223,3635
0.430725097656,3634
0.431061029434,3633
0.431623935699,3632
0.431915998459,3631
0.432194948196,3630
0.432646989822,3629
0.433022975922,3628
0.433468103409,3627
0.433634996414,3626
0.433970928192,3625
0.435590028763,3624
0.435853004456,3623
0.436028003693,3622
0.436328887939,3621
0.436634063721,3620
0.437099933624,3619
0.437622070312,3618
0.438075065613,3617
0.439039945602,3616
0.439352035522,3615
0.439585924149,3614
0.440417051315,3613
0.440803050995,3612
0.441289901733,3611
0.441526889801,3610
0.441679954529,3609
0.441901922226,3608
0.442130088806,3607
0.442429065704,3606
0.4425740242,3605
0.442749023438,3604
0.443583011627,3603
0.443995952606,3602
0.444619894028,3601
0.444849014282,3600
0.445373058319,3599
0.445684909821,3598
0.446029901505,3597
0.446358919144,3596
0.446772098541,3595
0.447046995163,3594
0.447483062744,3593
0.447719097137,3592
0.447865009308,3591
0.448322057724,3590
0.448441028595,3589
0.448720932007,3588
0.449238061905,3587
0.449621915817,3586
0.449937105179,3585
0.450248003006,3584
0.450534105301,3583
0.450687885284,3582
0.450893878937,3581
0.451033115387,3580
0.451337099075,3579
0.45174908638,3578
0.451951026917,3577
0.452162981033,3576
0.45242190361,3575
0.452691078186,3574
0.452949047089,3573
0.453083992004,3572
0.453347921371,3571
0.453696966171,3570
0.454050064087,3569
0.454462051392,3568
0.454817056656,3567
0.455285072327,3566
0.455538988113,3565
0.455993890762,3564
0.456186056137,3563
0.456504106522,3562
0.457068920135,3561
0.457307100296,3560
0.457602977753,3559
0.458436965942,3558
0.459505081177,3557
0.459721088409,3556
0.459978103638,3555
0.460341930389,3554
0.460619926453,3553
0.460748910904,3552
0.461313962936,3551
0.461663007736,3550
0.461998939514,3549
0.462580919266,3548
0.463186979294,3547
0.463679075241,3546
0.46394109726,3545
0.46420788765,3544
0.464523077011,3543
0.464685916901,3542
0.465157032013,3541
0.466016054153,3540
0.46626996994,3539
0.467068910599,3538
0.467237949371,3537
0.46738910675,3536
0.467991113663,3535
0.468482971191,3534
0.468849897385,3533
0.469099998474,3532
0.469471931458,3531
0.469847917557,3530
0.470058917999,3529
0.470226049423,3528
0.47048997879,3527
0.470943927765,3526
0.471364974976,3525
0.47166800499,3524
0.471824884415,3523
0.472274065018,3522
0.473020076752,3521
0.473205089569,3520
0.473853111267,3519
0.474155902863,3518
0.47473192215,3517
0.475004911423,3516
0.475131034851,3515
0.475565910339,3514
0.475795030594,3513
0.476416110992,3512
0.476682901382,3511
0.477483034134,3510
0.478286981583,3509
0.478523015976,3508
0.479100942612,3507
0.479599952698,3506
0.479859113693,3505
0.480140924454,3504
0.480752944946,3503
0.481170892715,3502
0.481792926788,3501
0.482151031494,3500
0.482448101044,3499
0.482570886612,3498
0.482815027237,3497
0.483288049698,3496
0.483474969864,3495
0.483715057373,3494
0.484442949295,3493
0.484745025635,3492
0.485095024109,3491
0.485321998596,3490
0.485470056534,3489
0.485632896423,3488
0.486215114594,3487
0.486485958099,3486
0.487020969391,3485
0.487178087234,3484
0.487484931946,3483
0.48823595047,3482
0.489075899124,3481
0.489275932312,3480
0.489814996719,3479
0.490401983261,3478
0.490839004517,3477
0.490958929062,3476
0.491164922714,3475
0.49143910408,3474
0.492007017136,3473
0.492136955261,3472
0.492431879044,3471
0.492822885513,3470
0.493025064468,3469
0.493554115295,3468
0.493845939636,3467
0.494154930115,3466
0.494457960129,3465
0.494771003723,3464
0.494920969009,3463
0.495223999023,3462
0.495372056961,3461
0.496134996414,3460
0.49649310112,3459
0.496871948242,3458
0.497505903244,3457
0.497700929642,3456
0.498308897018,3455
0.498675107956,3454
0.498936891556,3453
0.49924492836,3452
0.499552965164,3451
0.499996900558,3450
0.500228881836,3449
0.500719070435,3448
0.500935077667,3447
0.501332044601,3446
0.502094984055,3445
0.502444028854,3444
0.502753973007,3443
0.502882957458,3442
0.503504991531,3441
0.50376701355,3440
0.503989934921,3439
0.504312992096,3438
0.504717111588,3437
0.50498509407,3436
0.505693912506,3435
0.505925893784,3434
0.506047010422,3433
0.506421089172,3432
0.506676912308,3431
0.507061958313,3430
0.507495880127,3429
0.507628917694,3428
0.507891893387,3427
0.50841999054,3426
0.508702039719,3425
0.509552001953,3424
0.509886980057,3423
0.510138034821,3422
0.51043510437,3421
0.510668992996,3420
0.510904073715,3419
0.511599063873,3418
0.51220703125,3417
0.512674093246,3416
0.512855052948,3415
0.513021945953,3414
0.513884067535,3413
0.514175891876,3412
0.514902114868,3411
0.515151023865,3410
0.515746116638,3409
0.51594209671,3408
0.516496896744,3407
0.516858100891,3406
0.517283916473,3405
0.517488002777,3404
0.517889022827,3403
0.518124103546,3402
0.518498897552,3401
0.51894402504,3400
0.519460916519,3399
0.519812107086,3398
0.520103931427,3397
0.520234107971,3396
0.521261930466,3395
0.521583080292,3394
0.521878957748,3393
0.522164106369,3392
0.522562026978,3391
0.523422002792,3390
0.523618936539,3389
0.524064064026,3388
0.524202108383,3387
0.524913072586,3386
0.525427103043,3385
0.525787115097,3384
0.526223897934,3383
0.526900053024,3382
0.527127027512,3381
0.527457952499,3380
0.527663946152,3379
0.527915000916,3378
0.528579950333,3377
0.528886079788,3376
0.52947306633,3375
0.529680967331,3374
0.530302047729,3373
0.53075003624,3372
0.530879020691,3371
0.531671047211,3370
0.531789064407,3369
0.532032012939,3368
0.532159090042,3367
0.532521009445,3366
0.532752037048,3365
0.53299498558,3364
0.534502029419,3363
0.535249948502,3362
0.535866975784,3361
0.536308050156,3360
0.536482095718,3359
0.536757946014,3358
0.536895990372,3357
0.537045955658,3356
0.537477970123,3355
0.538274049759,3354
0.538708925247,3353
0.539577960968,3352
0.540369987488,3351
0.540535926819,3350
0.540808916092,3349
0.541213035583,3348
0.541589975357,3347
0.541738986969,3346
0.541981935501,3345
0.542162895203,3344
0.542607069016,3343
0.542859077454,3342
0.54360294342,3341
0.544403076172,3340
0.544605016708,3339
0.544785022736,3338
0.544939041138,3337
0.54517698288,3336
0.545887947083,3335
0.54633307457,3334
0.546924114227,3333
0.547549009323,3332
0.547869920731,3331
0.548540115356,3330
0.548810958862,3329
0.549345970154,3328
0.549606084824,3327
0.54983496666,3326
0.550085067749,3325
0.550498008728,3324
0.551419973373,3323
0.551708936691,3322
0.552122116089,3321
0.552333116531,3320
0.553076982498,3319
0.553482055664,3318
0.553714990616,3317
0.554102897644,3316
0.554462909698,3315
0.554661035538,3314
0.555032968521,3313
0.555299043655,3312
0.556044101715,3311
0.55628991127,3310
0.55656504631,3309
0.556817054749,3308
0.557090044022,3307
0.557607889175,3306
0.558103084564,3305
0.558919906616,3304
0.559195995331,3303
0.559331893921,3302
0.559657096863,3301
0.560419082642,3300
0.560978889465,3299
0.561250925064,3298
0.561644077301,3297
0.561922073364,3296
0.562681913376,3295
0.563421964645,3294
0.563868045807,3293
0.564389944077,3292
0.565083026886,3291
0.565345048904,3290
0.565800905228,3289
0.56627702713,3288
0.566528081894,3287
0.56697010994,3286
0.567534923553,3285
0.567758083344,3284
0.568097114563,3283
0.568480968475,3282
0.569061994553,3281
0.569519042969,3280
0.569935083389,3279
0.570218086243,3278
0.570755958557,3277
0.570966959,3276
0.571343898773,3275
0.571511983871,3274
0.571646928787,3273
0.57209610939,3272
0.572360038757,3271
0.572980880737,3270
0.573133945465,3269
0.574049949646,3268
0.574783086777,3267
0.575172901154,3266
0.57608294487,3265
0.576318025589,3264
0.57674908638,3263
0.577347993851,3262
0.577696084976,3261
0.579138994217,3260
0.57946896553,3259
0.579602003098,3258
0.58026599884,3257
0.581026077271,3256
0.581424951553,3255
0.581696987152,3254
0.582098960876,3253
0.582725048065,3252
0.582897901535,3251
0.58311009407,3250
0.583703041077,3249
0.583977937698,3248
0.584305047989,3247
0.58456993103,3246
0.585124015808,3245
0.585819959641,3244
0.586113929749,3243
0.586755037308,3242
0.587409973145,3241
0.587538957596,3240
0.588207960129,3239
0.588695049286,3238
0.589504003525,3237
0.589755058289,3236
0.590466022491,3235
0.59087896347,3234
0.591304063797,3233
0.591471910477,3232
0.591725111008,3231
0.592297077179,3230
0.59251999855,3229
0.593756914139,3228
0.594043016434,3227
0.594196081161,3226
0.594381093979,3225
0.594662904739,3224
0.594945907593,3223
0.595072984695,3222
0.595576047897,3221
0.59658408165,3220
0.596863031387,3219
0.597498893738,3218
0.597788095474,3217
0.598006010056,3216
0.599308013916,3215
0.599623918533,3214
0.5999751091,3213
0.600271940231,3212
0.601366043091,3211
0.601552963257,3210
0.601684093475,3209
0.601937055588,3208
0.60223197937,3207
0.602951049805,3206
0.603759050369,3205
0.604023933411,3204
0.604902029037,3203
0.605659008026,3202
0.606223106384,3201
0.606607913971,3200
0.607026100159,3199
0.607305049896,3198
0.607542991638,3197
0.607755899429,3196
0.608230113983,3195
0.608449935913,3194
0.608815908432,3193
0.608938932419,3192
0.609412908554,3191
0.609554052353,3190
0.610893011093,3189
0.611139059067,3188
0.612158060074,3187
0.61239695549,3186
0.61282491684,3185
0.613007068634,3184
0.613236904144,3183
0.613554954529,3182
0.61371088028,3181
0.614629030228,3180
0.61522603035,3179
0.615621089935,3178
0.615843057632,3177
0.616120100021,3176
0.616312026978,3175
0.616516113281,3174
0.616970062256,3173
0.617849111557,3172
0.618249893188,3171
0.618489027023,3170
0.619496107101,3169
0.620569944382,3168
0.620985984802,3167
0.621486902237,3166
0.621649026871,3165
0.622356891632,3164
0.622629880905,3163
0.623157978058,3162
0.623539924622,3161
0.624375104904,3160
0.62464594841,3159
0.625638008118,3158
0.626405954361,3157
0.626561880112,3156
0.627087116241,3155
0.627944946289,3154
0.628201007843,3153
0.628452062607,3152
0.628896951675,3151
0.629193067551,3150
0.62931895256,3149
0.629482030869,3148
0.62963104248,3147
0.629926919937,3146
0.630713939667,3145
0.631167888641,3144
0.631817102432,3143
0.632524967194,3142
0.632752895355,3141
0.633369922638,3140
0.633755922318,3139
0.634217977524,3138
0.634481906891,3137
0.634665966034,3136
0.634896039963,3135
0.635101079941,3134
0.635247945786,3133
0.636025905609,3132
0.636338949203,3131
0.636933088303,3130
0.637260913849,3129
0.63768196106,3128
0.638493061066,3127
0.638823032379,3126
0.63919210434,3125
0.639554977417,3124
0.640455961227,3123
0.64063000679,3122
0.64075088501,3121
0.641092061996,3120
0.64137005806,3119
0.641582012177,3118
0.642210960388,3117
0.642385005951,3116
0.642529010773,3115
0.64275097847,3114
0.6441218853,3113
0.644546031952,3112
0.64480805397,3111
0.645030021667,3110
0.645416021347,3109
0.646023035049,3108
0.646235942841,3107
0.647039890289,3106
0.647237062454,3105
0.647598981857,3104
0.647969007492,3103
0.648188114166,3102
0.648433923721,3101
0.649434089661,3100
0.650259971619,3099
0.650820016861,3098
0.651129007339,3097
0.652127027512,3096
0.653855085373,3095
0.654557943344,3094
0.65506696701,3093
0.655262947083,3092
0.655766010284,3091
0.6559278965,3090
0.656056880951,3089
0.656517028809,3088
0.656846046448,3087
0.657648086548,3086
0.658144950867,3085
0.658478021622,3084
0.659162998199,3083
0.659945964813,3082
0.66006398201,3081
0.660876989365,3080
0.661137104034,3079
0.661381959915,3078
0.66160607338,3077
0.662672042847,3076
0.663260936737,3075
0.663574934006,3074
0.66442990303,3073
0.6646900177,3072
0.664989948273,3071
0.665205001831,3070
0.66560792923,3069
0.666121006012,3068
0.666445016861,3067
0.66706609726,3066
0.667526960373,3065
0.667722940445,3064
0.667912960052,3063
0.668147087097,3062
0.669420957565,3061
0.669713020325,3060
0.670376062393,3059
0.670639038086,3058
0.671967029572,3057
0.672249078751,3056
0.672720909119,3055
0.673259973526,3054
0.673376083374,3053
0.673501014709,3052
0.673744916916,3051
0.674345970154,3050
0.675080060959,3049
0.675331115723,3048
0.675652980804,3047
0.675904989243,3046
0.676466941833,3045
0.676738977432,3044
0.677037000656,3043
0.677351951599,3042
0.677872896194,3041
0.678163051605,3040
0.678431987762,3039
0.678652048111,3038
0.679034948349,3037
0.679931879044,3036
0.680186033249,3035
0.681015014648,3034
0.681178092957,3033
0.681413888931,3032
0.682970046997,3031
0.684174060822,3030
0.68465590477,3029
0.684963941574,3028
0.685458898544,3027
0.686321020126,3026
0.686547040939,3025
0.686785936356,3024
0.688438892365,3023
0.68921995163,3022
0.689337968826,3021
0.68950510025,3020
0.690134048462,3019
0.690309047699,3018
0.691307067871,3017
0.691544055939,3016
0.692329883575,3015
0.692607879639,3014
0.693214893341,3013
0.693365097046,3012
0.693531990051,3011
0.694303035736,3010
0.694703102112,3009
0.695075035095,3008
0.6954870224,3007
0.695909023285,3006
0.69637298584,3005
0.696764945984,3004
0.698302984238,3003
0.698661088943,3002
0.698863983154,3001
0.699434995651,3000
0.699836969376,2999
0.700017929077,2998
0.7002389431,2997
0.701229095459,2996
0.701646089554,2995
0.70182800293,2994
0.702297925949,2993
0.702653884888,2992
0.702863931656,2991
0.703027963638,2990
0.70317196846,2989
0.703485965729,2988
0.703701972961,2987
0.704024076462,2986
0.704174041748,2985
0.704423904419,2984
0.704663991928,2983
0.705028057098,2982
0.705367088318,2981
0.705903053284,2980
0.706794977188,2979
0.707189083099,2978
0.707319021225,2977
0.70746588707,2976
0.707721948624,2975
0.707937002182,2974
0.708091020584,2973
0.708425998688,2972
0.708976984024,2971
0.709211111069,2970
0.709445953369,2969
0.709932088852,2968
0.710438013077,2967
0.711329936981,2966
0.711565971375,2965
0.712167024612,2964
0.712429046631,2963
0.712618112564,2962
0.712790966034,2961
0.713291883469,2960
0.713845014572,2959
0.714030981064,2958
0.714164018631,2957
0.714374065399,2956
0.714938879013,2955
0.715646982193,2954
0.716656923294,2953
0.717257022858,2952
0.717629909515,2951
0.718230009079,2950
0.7184009552,2949
0.718821048737,2948
0.719526052475,2947
0.720170974731,2946
0.720407009125,2945
0.720846891403,2944
0.721012115479,2943
0.721335887909,2942
0.721553087234,2941
0.721678972244,2940
0.722254037857,2939
0.722502946854,2938
0.722698926926,2937
0.724071025848,2936
0.724874973297,2935
0.725912094116,2934
0.726339101791,2933
0.726707935333,2932
0.727749109268,2931
0.729151010513,2930
0.729494094849,2929
0.730048894882,2928
0.731265068054,2927
0.732007026672,2926
0.732244968414,2925
0.732844114304,2924
0.733118057251,2923
0.733551025391,2922
0.734096050262,2921
0.73434305191,2920
0.734599113464,2919
0.735138893127,2918
0.736159086227,2917
0.736377000809,2916
0.737334012985,2915
0.73793888092,2914
0.738210916519,2913
0.739936113358,2912
0.740271091461,2911
0.740855932236,2910
0.741092920303,2909
0.741291999817,2908
0.741514921188,2907
0.742208957672,2906
0.742343902588,2905
0.742666006088,2904
0.743736982346,2903
0.744514942169,2902
0.744983911514,2901
0.745155096054,2900
0.745767116547,2899
0.746222019196,2898
0.746501922607,2897
0.747102022171,2896
0.748217105865,2895
0.748543977737,2894
0.7488489151,2893
0.74912405014,2892
0.749371051788,2891
0.749797105789,2890
0.750439882278,2889
0.75114607811,2888
0.751503944397,2887
0.752101898193,2886
0.752325057983,2885
0.75267791748,2884
0.753278970718,2883
0.754028081894,2882
0.754250049591,2881
0.754667043686,2880
0.754946947098,2879
0.75514793396,2878
0.755410909653,2877
0.755532979965,2876
0.756463050842,2875
0.7568359375,2874
0.75710105896,2873
0.758816003799,2872
0.759255886078,2871
0.759840011597,2870
0.759968042374,2869
0.760226011276,2868
0.760484933853,2867
0.760745048523,2866
0.761132955551,2865
0.761362075806,2864
0.762032032013,2863
0.763200998306,2862
0.763428926468,2861
0.763636112213,2860
0.764081001282,2859
0.764513969421,2858
0.766092061996,2857
0.766269922256,2856
0.766637086868,2855
0.767119884491,2854
0.767374992371,2853
0.767632961273,2852
0.768006086349,2851
0.768748044968,2850
0.769823074341,2849
0.770037889481,2848
0.77025103569,2847
0.770922899246,2846
0.772248029709,2845
0.772882938385,2844
0.773118972778,2843
0.773238897324,2842
0.773412942886,2841
0.773659944534,2840
0.774226903915,2839
0.774496078491,2838
0.775067090988,2837
0.775296926498,2836
0.775537967682,2835
0.775806903839,2834
0.775988101959,2833
0.77649307251,2832
0.776611089706,2831
0.777924060822,2830
0.778794050217,2829
0.77908205986,2828
0.779412031174,2827
0.779772996902,2826
0.781840085983,2825
0.782480955124,2824
0.783229112625,2823
0.783472061157,2822
0.784262895584,2821
0.78463602066,2820
0.785182952881,2819
0.785437107086,2818
0.786422967911,2817
0.788697004318,2816
0.789333105087,2815
0.789994001389,2814
0.79097700119,2813
0.791440010071,2812
0.791575908661,2811
0.792005062103,2810
0.793128967285,2809
0.793626070023,2808
0.794186115265,2807
0.794862985611,2806
0.795067071915,2805
0.795567989349,2804
0.79722905159,2803
0.797477006912,2802
0.798630952835,2801
0.799168109894,2800
0.7993080616,2799
0.799576997757,2798
0.799705028534,2797
0.800000905991,2796
0.800740003586,2795
0.800956964493,2794
0.801372051239,2793
0.802067041397,2792
0.804253101349,2791
0.804694890976,2790
0.806665897369,2789
0.806844949722,2788
0.808212995529,2787
0.809032917023,2786
0.809386014938,2785
0.811156988144,2784
0.811386108398,2783
0.811808109283,2782
0.812733888626,2781
0.813797950745,2780
0.814903020859,2779
0.815454006195,2778
0.815901041031,2777
0.816056013107,2776
0.816411972046,2775
0.817085027695,2774
0.817471981049,2773
0.817822933197,2772
0.818427085876,2771
0.819288015366,2770
0.819914102554,2769
0.821249961853,2768
0.822129964828,2767
0.822535991669,2766
0.823282957077,2765
0.82378411293,2764
0.824435949326,2763
0.82470202446,2762
0.824970006943,2761
0.825505018234,2760
0.825674057007,2759
0.825963973999,2758
0.82648396492,2757
0.826688051224,2756
0.82722401619,2755
0.827943086624,2754
0.82814002037,2753
0.82865190506,2752
0.828778028488,2751
0.829197883606,2750
0.829406023026,2749
0.829679012299,2748
0.830832004547,2747
0.831177949905,2746
0.831423997879,2745
0.832340955734,2744
0.832501888275,2743
0.832771062851,2742
0.832983016968,2741
0.834054946899,2740
0.834258079529,2739
0.83443403244,2738
0.834711074829,2737
0.835447072983,2736
0.836392879486,2735
0.836536884308,2734
0.837112903595,2733
0.837630033493,2732
0.837879896164,2731
0.838040113449,2730
0.838264942169,2729
0.838572025299,2728
0.84070110321,2727
0.841432094574,2726
0.843025922775,2725
0.843720912933,2724
0.843921899796,2723
0.844899892807,2722
0.84513092041,2721
0.845616102219,2720
0.848450899124,2719
0.848889112473,2718
0.849383115768,2717
0.84961605072,2716
0.849867105484,2715
0.850085020065,2714
0.85182595253,2713
0.852561950684,2712
0.852709054947,2711
0.853575944901,2710
0.854579925537,2709
0.855401039124,2708
0.855525016785,2707
0.856753110886,2706
0.857366085052,2705
0.857877016068,2704
0.85839509964,2703
0.859843015671,2702
0.860241889954,2701
0.860387086868,2700
0.860595941544,2699
0.860975027084,2698
0.861102104187,2697
0.861541032791,2696
0.861913919449,2695
0.862170934677,2694
0.862519979477,2693
0.862637996674,2692
0.862859964371,2691
0.86344408989,2690
0.864278078079,2689
0.865298986435,2688
0.866302013397,2687
0.866897106171,2686
0.867187976837,2685
0.86838889122,2684
0.868689060211,2683
0.869421958923,2682
0.869867086411,2681
0.870057106018,2680
0.8704829216,2679
0.871330976486,2678
0.871571063995,2677
0.872064113617,2676
0.872919082642,2675
0.873310089111,2674
0.873714923859,2673
0.873855113983,2672
0.875392913818,2671
0.875637054443,2670
0.876655101776,2669
0.877557039261,2668
0.878238916397,2667
0.880173921585,2666
0.880315065384,2665
0.880510091782,2664
0.880848884583,2663
0.881131887436,2662
0.881619930267,2661
0.88200211525,2660
0.882359981537,2659
0.883181095123,2658
0.883348941803,2657
0.883645057678,2656
0.883835077286,2655
0.884115934372,2654
0.88441991806,2653
0.885225057602,2652
0.885442972183,2651
0.885636091232,2650
0.886024951935,2649
0.886634111404,2648
0.887119054794,2647
0.887336015701,2646
0.887559890747,2645
0.887682914734,2644
0.888622999191,2643
0.889883995056,2642
0.891235113144,2641
0.891704082489,2640
0.892432928085,2639
0.89261507988,2638
0.893937110901,2637
0.894109964371,2636
0.894697904587,2635
0.895714998245,2634
0.895963907242,2633
0.896857023239,2632
0.897228956223,2631
0.897790908813,2630
0.897959947586,2629
0.898910999298,2628
0.900410890579,2627
0.901663064957,2626
0.902147054672,2625
0.902403116226,2624
0.902666091919,2623
0.903011083603,2622
0.903217077255,2621
0.904433012009,2620
0.905355930328,2619
0.905529975891,2618
0.906387090683,2617
0.907361030579,2616
0.907502889633,2615
0.907862901688,2614
0.909215927124,2613
0.909418106079,2612
0.909822940826,2611
0.910808086395,2610
0.911149024963,2609
0.911416053772,2608
0.912311077118,2607
0.913022994995,2606
0.913659095764,2605
0.913893938065,2604
0.91419506073,2603
0.914766073227,2602
0.916276931763,2601
0.916974067688,2600
0.918943881989,2599
0.919359922409,2598
0.919977903366,2597
0.920202970505,2596
0.920873880386,2595
0.92148399353,2594
0.922224998474,2593
0.922540903091,2592
0.923784971237,2591
0.924787998199,2590
0.925729036331,2589
0.926218986511,2588
0.926466941833,2587
0.927987098694,2586
0.929243087769,2585
0.929461956024,2584
0.929845094681,2583
0.930510997772,2582
0.930962085724,2581
0.93151307106,2580
0.932243108749,2579
0.932693958282,2578
0.93327999115,2577
0.933933019638,2576
0.934283018112,2575
0.934585094452,2574
0.935030937195,2573
0.935542106628,2572
0.936907052994,2571
0.938757896423,2570
0.939444065094,2569
0.940395116806,2568
0.942332983017,2567
0.94348692894,2566
0.943726062775,2565
0.944220066071,2564
0.946212053299,2563
0.94766497612,2562
0.947865962982,2561
0.948000907898,2560
0.948478937149,2559
0.949456930161,2558
0.950968980789,2557
0.951318025589,2556
0.952212095261,2555
0.953337907791,2554
0.954222917557,2553
0.954833984375,2552
0.955279111862,2551
0.956490039825,2550
0.957966089249,2549
0.958321094513,2548
0.958874940872,2547
0.959110021591,2546
0.95946097374,2545
0.960714101791,2544
0.960988998413,2543
0.962040901184,2542
0.962347984314,2541
0.962934017181,2540
0.963198900223,2539
0.96409201622,2538
0.966048002243,2537
0.967303991318,2536
0.967571973801,2535
0.969526052475,2534
0.972130060196,2533
0.972326993942,2532
0.97264289856,2531
0.973536968231,2530
0.973763942719,2529
0.974256038666,2528
0.975044965744,2527
0.975466966629,2526
0.976428031921,2525
0.977466106415,2524
0.977905988693,2523
0.978375911713,2522
0.978511095047,2521
0.978791952133,2520
0.97918510437,2519
0.980932950974,2518
0.982907056808,2517
0.983244895935,2516
0.984882116318,2515
0.985142946243,2514
0.985819101334,2513
0.986536026001,2512
0.986733913422,2511
0.987164974213,2510
0.987590074539,2509
0.987870931625,2508
0.988533973694,2507
0.989105939865,2506
0.989728927612,2505
0.990173101425,2504
0.990468978882,2503
0.990959882736,2502
0.991724967957,2501
0.992090940475,2500
0.992557048798,2499
0.993172883987,2498
0.993900060654,2497
0.994230985641,2496
0.995408058167,2495
0.997267007828,2494
0.997687101364,2493
0.997932910919,2492
0.998142957687,2491
0.999093055725,2490
0.999914884567,2489
1.00059509277,2488
1.00108504295,2487
1.00138902664,2486
1.00358510017,2485
1.00398302078,2484
1.00561189651,2483
1.00661492348,2482
1.006980896,2481
1.0071721077,2480
1.00786495209,2479
1.0081679821,2478
1.00835108757,2477
1.0090200901,2476
1.01129698753,2475
1.01208305359,2474
1.01237010956,2473
1.0135819912,2472
1.01416492462,2471
1.01461696625,2470
1.01593089104,2469
1.01959204674,2468
1.0197250843,2467
1.02059793472,2466
1.02146196365,2465
1.0236120224,2464
1.02467298508,2463
1.02492690086,2462
1.02575588226,2461
1.0265250206,2460
1.02674198151,2459
1.027105093,2458
1.02809596062,2457
1.02914500237,2456
1.02952504158,2455
1.03164792061,2454
1.03236198425,2453
1.03350400925,2452
1.0338768959,2451
1.03427600861,2450
1.03491306305,2449
1.03515195847,2448
1.03758907318,2447
1.03826403618,2446
1.03902792931,2445
1.03925204277,2444
1.04074001312,2443
1.04091596603,2442
1.04536509514,2441
1.04660892487,2440
1.04715704918,2439
1.04730701447,2438
1.04780602455,2437
1.04815793037,2436
1.04829502106,2435
1.04863905907,2434
1.05020093918,2433
1.05197501183,2432
1.05253410339,2431
1.05378103256,2430
1.05433011055,2429
1.05460596085,2428
1.05569291115,2427
1.05642104149,2426
1.05675697327,2425
1.05781888962,2424
1.05851888657,2423
1.88945293427,2422
1.89092707634,2421
1.89246702194,2420
1.89354991913,2419
1.89376997948,2418
1.89843511581,2417
1.89929294586,2416
1.90006804466,2415
1.90110111237,2414
1.90300607681,2413
1.90416407585,2412
1.90440797806,2411
1.90732097626,2410
1.90904092789,2409
1.92251300812,2408
1.92535591125,2407
1.92757892609,2406
1.92940092087,2405
1.93041300774,2404
1.9324901104,2403
1.93813991547,2402
1.94242596626,2401
1.94305109978,2400
1.94411301613,2399
1.94432210922,2398
1.94466996193,2397
1.94685792923,2396
2.87276887894,2395
2.87440705299,2394
2.88328909874,2393
2.88397288322,2392
3.82404208183,2391
3.82457494736,2390
3.82491898537,2389
3.82544898987,2388
3.82605409622,2387
3.82931995392,2386
3.82968306541,2385
3.8306350708,2384
3.83222293854,2383
3.83531498909,2382
3.84077811241,2381
3.84229397774,2380
3.84483599663,2379
3.85531497002,2378
4.73361110687,2377
4.73658299446,2376
4.73715901375,2375
4.74424910545,2374
4.74549508095,2373
5.64282393456,2372
5.65188193321,2371
5.65255403519,2370
5.65458202362,2369
5.6551721096,2368
5.65698194504,2367
5.65844798088,2366
5.66159200668,2365
6.5424580574,2364
6.54634690285,2363
6.5480120182,2362
6.5566470623,2361
6.55769991875,2360
6.55989789963,2359
6.5622780323,2358
6.56290197372,2357
6.56518793106,2356
6.56700706482,2355
6.56728792191,2354
6.57601499557,2353
6.57772302628,2352
6.57952308655,2351
6.58054494858,2350
6.58301496506,2349
7.46587109566,2348
7.46802091599,2347
7.47268199921,2346
7.47288608551,2345
7.47479891777,2344
8.41289901733,2343
8.41318702698,2342
8.41727495193,2341
8.41825008392,2340
8.42241597176,2339
8.4254488945,2338
8.42816996574,2337
9.37149095535,2336
9.37711191177,2335
9.37843608856,2334
9.38067603111,2333
9.38160610199,2332
11.2765190601,2331
11.2812459469,2330
11.2839720249,2329
11.2897729874,2328
13.1133410931,2327
13.113779068,2326
13.1148769855,2325
13.1207830906,2324
13.1210539341,2323
13.1219689846,2322
13.1232481003,2321
13.1264810562,2320
13.127188921,2319
13.1281900406,2318
13.1284270287,2317
13.1293458939,2316
16.8469400406,2315
16.8501710892,2314
16.8504869938,2313
16.8543670177,2312
17.816395998,2311
18.7302780151,2310
19.6685318947,2309
19.6712450981,2308
19.6749489307,2307
