0.0976119041443,11022
0.0982279777527,11021
0.0989699363708,11020
0.0996718406677,11019
0.100200891495,11018
0.100734949112,11017
0.101240873337,11016
0.101753950119,11015
0.102650880814,11014
0.103363990784,11013
0.103870868683,11012
0.104780912399,11011
0.10530591011,11010
0.105813980103,11009
0.106307983398,11008
0.106831789017,11007
0.107281923294,11006
0.107707977295,11005
0.108608007431,11004
0.109493970871,11003
0.110198020935,11002
0.110890865326,11001
0.111401796341,11000
0.112135887146,10999
0.113049983978,10998
0.113545894623,10997
0.114421844482,10996
0.115216970444,10995
0.115803003311,10994
0.116432905197,10993
0.116939783096,10992
0.11762881279,10991
0.118235826492,10990
0.11893081665,10989
0.119446992874,10988
0.119985818863,10987
0.120694875717,10986
0.121767997742,10985
0.122555017471,10984
0.123072862625,10983
0.123883008957,10982
0.124410867691,10981
0.125840902328,10980
0.12647485733,10979
0.126976013184,10978
0.127611875534,10977
0.128176927567,10976
0.129014015198,10975
0.129519939423,10974
0.130031824112,10973
0.130827903748,10972
0.131344795227,10971
0.131836891174,10970
0.132639884949,10969
0.133102893829,10968
0.133615970612,10967
0.134054899216,10966
0.134569883347,10965
0.135005950928,10964
0.135501861572,10963
0.136011838913,10962
0.136683940887,10961
0.137533903122,10960
0.138403892517,10959
0.139280796051,10958
0.1399538517,10957
0.140771865845,10956
0.141196966171,10955
0.142464876175,10954
0.143122911453,10953
0.143561840057,10952
0.144336938858,10951
0.144987821579,10950
0.145888805389,10949
0.147053003311,10948
0.147545814514,10947
0.148316860199,10946
0.149019956589,10945
0.149459838867,10944
0.14996099472,10943
0.150741815567,10942
0.151414871216,10941
0.151927947998,10940
0.152381896973,10939
0.152904987335,10938
0.153856992722,10937
0.154307842255,10936
0.155018806458,10935
0.15549993515,10934
0.156419992447,10933
0.156891822815,10932
0.157410860062,10931
0.158277988434,10930
0.159106016159,10929
0.159603834152,10928
0.160520792007,10927
0.161015987396,10926
0.16192483902,10925
0.163417816162,10924
0.163918972015,10923
0.164464950562,10922
0.164964914322,10921
0.165401935577,10920
0.165920972824,10919
0.16704082489,10918
0.167528867722,10917
0.168021917343,10916
0.168528795242,10915
0.169323921204,10914
0.170205831528,10913
0.170725822449,10912
0.171550989151,10911
0.171989917755,10910
0.172473907471,10909
0.173312902451,10908
0.174003839493,10907
0.174791812897,10906
0.175604820251,10905
0.176026821136,10904
0.176536798477,10903
0.177159786224,10902
0.177671909332,10901
0.178121805191,10900
0.179355859756,10899
0.180765867233,10898
0.181233882904,10897
0.182330846786,10896
0.182825803757,10895
0.184171915054,10894
0.184583902359,10893
0.18501496315,10892
0.185524940491,10891
0.186411857605,10890
0.186906814575,10889
0.188225984573,10888
0.188874006271,10887
0.189376831055,10886
0.19014787674,10885
0.190788984299,10884
0.191258907318,10883
0.191756010056,10882
0.192243814468,10881
0.193084001541,10880
0.19358587265,10879
0.194098949432,10878
0.194548845291,10877
0.195331811905,10876
0.195977926254,10875
0.196474790573,10874
0.197543859482,10873
0.198382854462,10872
0.199005842209,10871
0.199882984161,10870
0.200517892838,10869
0.201495885849,10868
0.201989889145,10867
0.202475786209,10866
0.203155994415,10865
0.203670978546,10864
0.204429864883,10863
0.204880952835,10862
0.20577788353,10861
0.206667900085,10860
0.207094907761,10859
0.207597970963,10858
0.208506822586,10857
0.209208965302,10856
0.209627866745,10855
0.21080994606,10854
0.211502790451,10853
0.21199297905,10852
0.212485790253,10851
0.213253974915,10850
0.213968992233,10849
0.214406967163,10848
0.215107917786,10847
0.215624809265,10846
0.216816902161,10845
0.217586994171,10844
0.218501806259,10843
0.21937084198,10842
0.220105886459,10841
0.221231937408,10840
0.221647977829,10839
0.222401857376,10838
0.223254919052,10837
0.224097967148,10836
0.226373910904,10835
0.226869821548,10834
0.227360963821,10833
0.227872848511,10832
0.228374004364,10831
0.229057788849,10830
0.22953081131,10829
0.230434894562,10828
0.230951786041,10827
0.231678009033,10826
0.232203960419,10825
0.232853889465,10824
0.233542919159,10823
0.234056949615,10822
0.234684944153,10821
0.235442876816,10820
0.236677885056,10819
0.237446784973,10818
0.238429784775,10817
0.239786863327,10816
0.240477800369,10815
0.241164922714,10814
0.24240899086,10813
0.242853879929,10812
0.243361949921,10811
0.243875980377,10810
0.244409799576,10809
0.245069980621,10808
0.245764970779,10807
0.246446847916,10806
0.247355937958,10805
0.248239994049,10804
0.248752832413,10803
0.249977827072,10802
0.25048995018,10801
0.250977993011,10800
0.251840829849,10799
0.252331972122,10798
0.252817869186,10797
0.25396490097,10796
0.2544298172,10795
0.255342006683,10794
0.256062984467,10793
0.257036924362,10792
0.25816488266,10791
0.259082794189,10790
0.259895801544,10789
0.260402917862,10788
0.261215925217,10787
0.261945009232,10786
0.262941837311,10785
0.263851881027,10784
0.264341831207,10783
0.265033006668,10782
0.26544880867,10781
0.266145944595,10780
0.267278909683,10779
0.268832921982,10778
0.269701004028,10777
0.270478963852,10776
0.270941972733,10775
0.271394968033,10774
0.271819829941,10773
0.272676944733,10772
0.273921012878,10771
0.274570941925,10770
0.275466918945,10769
0.276221990585,10768
0.27761888504,10767
0.278117895126,10766
0.27893280983,10765
0.279570817947,10764
0.280294895172,10763
0.281099796295,10762
0.282248020172,10761
0.282730817795,10760
0.283433914185,10759
0.283931970596,10758
0.285170793533,10757
0.285682916641,10756
0.286139011383,10755
0.286566019058,10754
0.287537813187,10753
0.288193941116,10752
0.289412975311,10751
0.290434837341,10750
0.291090011597,10749
0.291579961777,10748
0.29240489006,10747
0.292898893356,10746
0.293412923813,10745
0.294322967529,10744
0.295253992081,10743
0.295919895172,10742
0.297806978226,10741
0.298544883728,10740
0.298987865448,10739
0.299745798111,10738
0.300426959991,10737
0.300843000412,10736
0.301349878311,10735
0.302749872208,10734
0.30380487442,10733
0.30455493927,10732
0.305092811584,10731
0.305604934692,10730
0.306510925293,10729
0.307013988495,10728
0.30789399147,10727
0.308381795883,10726
0.309248924255,10725
0.309724807739,10724
0.310522794724,10723
0.311391830444,10722
0.311888933182,10721
0.312404870987,10720
0.313127994537,10719
0.31380200386,10718
0.314267873764,10717
0.314764976501,10716
0.315389871597,10715
0.315822839737,10714
0.316311836243,10713
0.317029953003,10712
0.317531824112,10711
0.318007946014,10710
0.31858086586,10709
0.319046020508,10708
0.319509983063,10707
0.320482969284,10706
0.321074008942,10705
0.321509838104,10704
0.323156833649,10703
0.323575973511,10702
0.324311971664,10701
0.324739933014,10700
0.325191020966,10699
0.325685977936,10698
0.326613903046,10697
0.328791856766,10696
0.329970836639,10695
0.3304708004,10694
0.330952882767,10693
0.331971883774,10692
0.332763910294,10691
0.333547830582,10690
0.334035873413,10689
0.334744930267,10688
0.335224866867,10687
0.336244821548,10686
0.336738824844,10685
0.337224960327,10684
0.337741851807,10683
0.338552951813,10682
0.33916592598,10681
0.339602947235,10680
0.34049487114,10679
0.341289997101,10678
0.342055797577,10677
0.34256196022,10676
0.34334397316,10675
0.34384393692,10674
0.345096826553,10673
0.345940828323,10672
0.346825838089,10671
0.347443819046,10670
0.34814286232,10669
0.348581790924,10668
0.349496841431,10667
0.351697921753,10666
0.352932929993,10665
0.353575944901,10664
0.354453802109,10663
0.354962825775,10662
0.355671882629,10661
0.356856822968,10660
0.357338905334,10659
0.357987880707,10658
0.358840942383,10657
0.359269857407,10656
0.359955787659,10655
0.36044883728,10654
0.361588954926,10653
0.362278938293,10652
0.363111019135,10651
0.364336013794,10650
0.365060806274,10649
0.365961790085,10648
0.366395950317,10647
0.367162942886,10646
0.368036985397,10645
0.368563890457,10644
0.370020866394,10643
0.37121796608,10642
0.371827840805,10641
0.372339963913,10640
0.372838020325,10639
0.373750925064,10638
0.374394893646,10637
0.374873876572,10636
0.375924825668,10635
0.376842975616,10634
0.377651929855,10633
0.378316879272,10632
0.37877202034,10631
0.379398822784,10630
0.380192995071,10629
0.380666971207,10628
0.381372928619,10627
0.382615804672,10626
0.38308095932,10625
0.383932828903,10624
0.384526968002,10623
0.385241985321,10622
0.385959863663,10621
0.386461019516,10620
0.386893987656,10619
0.387382984161,10618
0.388208866119,10617
0.389244794846,10616
0.389779806137,10615
0.390476942062,10614
0.390985965729,10613
0.391475915909,10612
0.3919069767,10611
0.392366886139,10610
0.39285993576,10609
0.393325805664,10608
0.394081830978,10607
0.394559860229,10606
0.394984006882,10605
0.395681858063,10604
0.396493911743,10603
0.396945953369,10602
0.397732019424,10601
0.398216962814,10600
0.398788928986,10599
0.39928984642,10598
0.400146961212,10597
0.400573015213,10596
0.402316808701,10595
0.403569936752,10594
0.404366016388,10593
0.405879020691,10592
0.4063808918,10591
0.407226800919,10590
0.407713890076,10589
0.409113883972,10588
0.41059589386,10587
0.412036895752,10586
0.412519931793,10585
0.413791894913,10584
0.414270877838,10583
0.415207862854,10582
0.415835857391,10581
0.416361808777,10580
0.417698860168,10579
0.418802976608,10578
0.420163869858,10577
0.421477794647,10576
0.4221367836,10575
0.423486948013,10574
0.423941850662,10573
0.424732923508,10572
0.425364971161,10571
0.427764892578,10570
0.428219795227,10569
0.428713798523,10568
0.429207801819,10567
0.430013895035,10566
0.430438995361,10565
0.431206941605,10564
0.431933879852,10563
0.432363986969,10562
0.433055877686,10561
0.433634996414,10560
0.434096813202,10559
0.434590816498,10558
0.435431957245,10557
0.435876846313,10556
0.436535835266,10555
0.43846988678,10554
0.438930988312,10553
0.439802885056,10552
0.440318822861,10551
0.440963983536,10550
0.441574811935,10549
0.442222833633,10548
0.442721843719,10547
0.443702936172,10546
0.444652795792,10545
0.445302009583,10544
0.445778846741,10543
0.446282863617,10542
0.447633981705,10541
0.449235916138,10540
0.449739933014,10539
0.450645923615,10538
0.451084852219,10537
0.452183961868,10536
0.452883958817,10535
0.453493833542,10534
0.454149007797,10533
0.455143928528,10532
0.455626010895,10531
0.456816911697,10530
0.457305908203,10529
0.458077907562,10528
0.458508014679,10527
0.458961009979,10526
0.460032939911,10525
0.461188793182,10524
0.462013959885,10523
0.462507963181,10522
0.462986946106,10521
0.464564800262,10520
0.466033935547,10519
0.466691017151,10518
0.467181921005,10517
0.467616796494,10516
0.468800783157,10515
0.469307899475,10514
0.471439838409,10513
0.472105979919,10512
0.472937822342,10511
0.473932981491,10510
0.474634885788,10509
0.47549700737,10508
0.477290868759,10507
0.477760791779,10506
0.478240013123,10505
0.478683948517,10504
0.479429960251,10503
0.47992682457,10502
0.480569839478,10501
0.481241941452,10500
0.481730937958,10499
0.482237815857,10498
0.48273396492,10497
0.483247995377,10496
0.483696937561,10495
0.485147953033,10494
0.485935926437,10493
0.486780881882,10492
0.487471818924,10491
0.488858938217,10490
0.489734888077,10489
0.490586996078,10488
0.49165391922,10487
0.49213886261,10486
0.492769956589,10485
0.49326300621,10484
0.494275808334,10483
0.494752883911,10482
0.496424913406,10481
0.496868848801,10480
0.497521877289,10479
0.498411893845,10478
0.4988758564,10477
0.499352931976,10476
0.500164985657,10475
0.500670909882,10474
0.501173019409,10473
0.501634836197,10472
0.502126932144,10471
0.502609014511,10470
0.503407001495,10469
0.503901958466,10468
0.505124807358,10467
0.505618810654,10466
0.507356882095,10465
0.508719921112,10464
0.509389877319,10463
0.509829998016,10462
0.511264801025,10461
0.512099981308,10460
0.512553930283,10459
0.513064861298,10458
0.513552904129,10457
0.514048814774,10456
0.514545917511,10455
0.515026807785,10454
0.515523910522,10453
0.517009019852,10452
0.51744389534,10451
0.518328905106,10450
0.519987821579,10449
0.520986795425,10448
0.521651983261,10447
0.522408008575,10446
0.522911787033,10445
0.523411989212,10444
0.52384185791,10443
0.524574995041,10442
0.52507185936,10441
0.527096986771,10440
0.527875900269,10439
0.52837395668,10438
0.528880834579,10437
0.529656887054,10436
0.530154943466,10435
0.532017946243,10434
0.532915830612,10433
0.533515930176,10432
0.534010887146,10431
0.534883975983,10430
0.535619020462,10429
0.537021875381,10428
0.537498950958,10427
0.538405895233,10426
0.539005994797,10425
0.539963006973,10424
0.540480852127,10423
0.541274785995,10422
0.541966915131,10421
0.543562889099,10420
0.544883012772,10419
0.545602798462,10418
0.546296834946,10417
0.547195911407,10416
0.547683954239,10415
0.548864841461,10414
0.549712896347,10413
0.550187826157,10412
0.551989793777,10411
0.552867889404,10410
0.554631948471,10409
0.555673837662,10408
0.557813882828,10407
0.558377981186,10406
0.559076786041,10405
0.560621976852,10404
0.561097860336,10403
0.561579942703,10402
0.5626039505,10401
0.563886880875,10400
0.564663887024,10399
0.565163850784,10398
0.56754899025,10397
0.568224906921,10396
0.568729877472,10395
0.569221973419,10394
0.570647001266,10393
0.571541786194,10392
0.572044849396,10391
0.572485923767,10390
0.572968006134,10389
0.573721885681,10388
0.574380874634,10387
0.575060844421,10386
0.575752973557,10385
0.576488018036,10384
0.577297925949,10383
0.579747915268,10382
0.58020401001,10381
0.580704927444,10380
0.581540822983,10379
0.58238196373,10378
0.582990884781,10377
0.583483934402,10376
0.584244012833,10375
0.584724903107,10374
0.586020946503,10373
0.586629867554,10372
0.588850975037,10371
0.589291810989,10370
0.589761018753,10369
0.590306997299,10368
0.591604948044,10367
0.592470884323,10366
0.593629837036,10365
0.594095945358,10364
0.595217943192,10363
0.596376895905,10362
0.59679889679,10361
0.597221851349,10360
0.597671985626,10359
0.598154783249,10358
0.598656892776,10357
0.599140882492,10356
0.600044965744,10355
0.600739002228,10354
0.601492881775,10353
0.602197885513,10352
0.602663993835,10351
0.603130817413,10350
0.603621006012,10349
0.604888916016,10348
0.605336904526,10347
0.606911897659,10346
0.607395887375,10345
0.608350992203,10344
0.608831882477,10343
0.609331846237,10342
0.609829902649,10341
0.610462903976,10340
0.61094379425,10339
0.611841917038,10338
0.612341880798,10337
0.613484859467,10336
0.614176988602,10335
0.614756822586,10334
0.615616798401,10333
0.61611199379,10332
0.616589784622,10331
0.618276834488,10330
0.619681835175,10329
0.620196819305,10328
0.620646953583,10327
0.62214589119,10326
0.625015974045,10325
0.626732826233,10324
0.62722492218,10323
0.627707958221,10322
0.628396987915,10321
0.629269838333,10320
0.629753828049,10319
0.630230903625,10318
0.630708932877,10317
0.631142854691,10316
0.631768941879,10315
0.6326379776,10314
0.633296966553,10313
0.635128974915,10312
0.635612010956,10311
0.637663841248,10310
0.638145923615,10309
0.638995885849,10308
0.64078783989,10307
0.641246795654,10306
0.64189696312,10305
0.642555952072,10304
0.64328289032,10303
0.644049882889,10302
0.644432783127,10301
0.6450278759,10300
0.645714998245,10299
0.646751880646,10298
0.647444963455,10297
0.647902011871,10296
0.648369789124,10295
0.648802995682,10294
0.64968585968,10293
0.650450944901,10292
0.650923967361,10291
0.651394844055,10290
0.651839971542,10289
0.652673006058,10288
0.653765916824,10287
0.654208898544,10286
0.656741857529,10285
0.657222986221,10284
0.657933950424,10283
0.658358812332,10282
0.659235954285,10281
0.660465955734,10280
0.661203861237,10279
0.661643981934,10278
0.662311792374,10277
0.662786006927,10276
0.664174795151,10275
0.664666891098,10274
0.668070793152,10273
0.668576002121,10272
0.670110940933,10271
0.670586824417,10270
0.671064853668,10269
0.671875953674,10268
0.67311501503,10267
0.673565864563,10266
0.674067020416,10265
0.674807786942,10264
0.675278902054,10263
0.675715923309,10262
0.677560806274,10261
0.678336858749,10260
0.679150819778,10259
0.679884910583,10258
0.680699825287,10257
0.68167090416,10256
0.682439804077,10255
0.683758974075,10254
0.68424987793,10253
0.68471288681,10252
0.685214996338,10251
0.685657978058,10250
0.687349796295,10249
0.687848806381,10248
0.690534830093,10247
0.691324949265,10246
0.692687988281,10245
0.694180965424,10244
0.694674015045,10243
0.695113897324,10242
0.695856809616,10241
0.696611881256,10240
0.697516918182,10239
0.698001861572,10238
0.698431968689,10237
0.698879003525,10236
0.699387788773,10235
0.700100898743,10234
0.700716018677,10233
0.702430963516,10232
0.703284978867,10231
0.703769922256,10230
0.705941915512,10229
0.706946849823,10228
0.707436800003,10227
0.707932949066,10226
0.708395957947,10225
0.709089994431,10224
0.709509849548,10223
0.70995092392,10222
0.710380792618,10221
0.711226940155,10220
0.713329792023,10219
0.713814020157,10218
0.714271783829,10217
0.715120792389,10216
0.715824842453,10215
0.716315984726,10214
0.716807842255,10213
0.717280864716,10212
0.718899965286,10211
0.719967842102,10210
0.720541000366,10209
0.721145868301,10208
0.722285985947,10207
0.722782850266,10206
0.723270893097,10205
0.723942995071,10204
0.724687814713,10203
0.725522994995,10202
0.726372003555,10201
0.726859807968,10200
0.727306842804,10199
0.727698802948,10198
0.728557825089,10197
0.729070901871,10196
0.729636907578,10195
0.730087995529,10194
0.730543851852,10193
0.731335878372,10192
0.731758832932,10191
0.732670783997,10190
0.733991861343,10189
0.734450817108,10188
0.735241889954,10187
0.737335920334,10186
0.740677833557,10185
0.741638898849,10184
0.742070913315,10183
0.742540836334,10182
0.743782997131,10181
0.744449853897,10180
0.745678901672,10179
0.746168851852,10178
0.746647834778,10177
0.748579978943,10176
0.748980998993,10175
0.749460935593,10174
0.751173019409,10173
0.752393007278,10172
0.75324678421,10171
0.753740787506,10170
0.754161834717,10169
0.754540920258,10168
0.758092880249,10167
0.759075880051,10166
0.759543895721,10165
0.760240793228,10164
0.761290788651,10163
0.762282848358,10162
0.763518810272,10161
0.76410984993,10160
0.764585971832,10159
0.765190839767,10158
0.765872001648,10157
0.766350984573,10156
0.767526865005,10155
0.768373966217,10154
0.768898963928,10153
0.769721984863,10152
0.770322799683,10151
0.771687984467,10150
0.773065805435,10149
0.773871898651,10148
0.775726795197,10147
0.776371955872,10146
0.777016878128,10145
0.778084993362,10144
0.779071807861,10143
0.779559850693,10142
0.780566930771,10141
0.781653881073,10140
0.783001899719,10139
0.783449888229,10138
0.784245967865,10137
0.785571813583,10136
0.786063909531,10135
0.78654384613,10134
0.787703990936,10133
0.788322925568,10132
0.791005849838,10131
0.792914867401,10130
0.79372882843,10129
0.7948179245,10128
0.796060800552,10127
0.796680927277,10126
0.797558784485,10125
0.798524856567,10124
0.799260854721,10123
0.801385879517,10122
0.803735017776,10121
0.805013895035,10120
0.805684804916,10119
0.806120872498,10118
0.806568861008,10117
0.807038784027,10116
0.807678937912,10115
0.808338880539,10114
0.808827877045,10113
0.811550855637,10112
0.812254905701,10111
0.812656879425,10110
0.813498973846,10109
0.814165830612,10108
0.814648866653,10107
0.815565824509,10106
0.816442012787,10105
0.81743478775,10104
0.817921876907,10103
0.818424940109,10102
0.818919897079,10101
0.819935798645,10100
0.820777893066,10099
0.82136297226,10098
0.821798801422,10097
0.822480916977,10096
0.823912858963,10095
0.825845956802,10094
0.826675891876,10093
0.827101945877,10092
0.827837944031,10091
0.828310966492,10090
0.828925848007,10089
0.829759836197,10088
0.830253839493,10087
0.832291841507,10086
0.833337783813,10085
0.834137916565,10084
0.834959983826,10083
0.837559938431,10082
0.838648796082,10081
0.839794874191,10080
0.841632843018,10079
0.843280792236,10078
0.84429192543,10077
0.845273017883,10076
0.846418857574,10075
0.846893787384,10074
0.847522974014,10073
0.84840798378,10072
0.850144863129,10071
0.850613832474,10070
0.851458787918,10069
0.852322816849,10068
0.85281085968,10067
0.854526996613,10066
0.855269908905,10065
0.856696844101,10064
0.857918977737,10063
0.858893871307,10062
0.859772920609,10061
0.86026597023,10060
0.860766887665,10059
0.861167907715,10058
0.862013816833,10057
0.862501859665,10056
0.863372802734,10055
0.864049911499,10054
0.865123987198,10053
0.865599870682,10052
0.866069793701,10051
0.866738796234,10050
0.868065834045,10049
0.869414806366,10048
0.870876789093,10047
0.871739864349,10046
0.872221946716,10045
0.873097896576,10044
0.873737812042,10043
0.874213933945,10042
0.87464094162,10041
0.876056909561,10040
0.87673997879,10039
0.877944946289,10038
0.878690958023,10037
0.879145860672,10036
0.881307840347,10035
0.881997823715,10034
0.882462978363,10033
0.886199951172,10032
0.886690855026,10031
0.887472867966,10030
0.888137817383,10029
0.889728784561,10028
0.890651941299,10027
0.891494989395,10026
0.892692804337,10025
0.89354801178,10024
0.895525932312,10023
0.895959854126,10022
0.897292852402,10021
0.898861885071,10020
0.900309801102,10019
0.900787830353,10018
0.901268959045,10017
0.901933908463,10016
0.902359962463,10015
0.903522968292,10014
0.904703855515,10013
0.905190944672,10012
0.907040834427,10011
0.90801692009,10010
0.908437013626,10009
0.909600973129,10008
0.911059856415,10007
0.912418842316,10006
0.912840843201,10005
0.913323879242,10004
0.914809942245,10003
0.915660858154,10002
0.916143894196,10001
0.918378829956,10000
0.919091939926,9999
0.91956782341,9998
0.9206199646,9997
0.921175003052,9996
0.921663999557,9995
0.922242879868,9994
0.922833919525,9993
0.923326969147,9992
0.924296855927,9991
0.925374984741,9990
0.925843000412,9989
0.927615880966,9988
0.928411006927,9987
0.929046869278,9986
0.92990899086,9985
0.930353879929,9984
0.931168794632,9983
0.932132959366,9982
0.932768821716,9981
0.933192014694,9980
0.933661937714,9979
0.934230804443,9978
0.935659885406,9977
0.936430931091,9976
0.93728685379,9975
0.937955856323,9974
0.93838596344,9973
0.940215826035,9972
0.940718889236,9971
0.941156864166,9970
0.942276000977,9969
0.942754983902,9968
0.943596839905,9967
0.944068908691,9966
0.944813013077,9965
0.945827960968,9964
0.946497917175,9963
0.946918964386,9962
0.950167894363,9961
0.950899839401,9960
0.951321840286,9959
0.952638864517,9958
0.953071832657,9957
0.953655958176,9956
0.955466985703,9955
0.956640005112,9954
0.957692861557,9953
0.958921909332,9952
0.959545850754,9951
0.96089887619,9950
0.961367845535,9949
0.961999893188,9948
0.962422847748,9947
0.962860822678,9946
0.963750839233,9945
0.964236974716,9944
0.964651823044,9943
0.965627908707,9942
0.967170953751,9941
0.968819856644,9940
0.970871925354,9939
0.97131896019,9938
0.972790002823,9937
0.973201990128,9936
0.974394798279,9935
0.974869012833,9934
0.976639986038,9933
0.977125883102,9932
0.979338884354,9931
0.980183839798,9930
0.983263969421,9929
0.983726978302,9928
0.984546899796,9927
0.985026836395,9926
0.985863924026,9925
0.988549947739,9924
0.989034891129,9923
0.989452838898,9922
0.990108013153,9921
0.990700006485,9920
0.991509914398,9919
0.992000818253,9918
0.994192838669,9917
0.996540784836,9916
0.99814081192,9915
0.998589992523,9914
0.999931812286,9913
1.00163292885,9912
1.00234079361,9911
1.00533890724,9910
1.00633502007,9909
1.00697684288,9908
1.00854182243,9907
1.01054501534,9906
1.01102685928,9905
1.01208901405,9904
1.01322889328,9903
1.01367783546,9902
1.01410984993,9901
1.01459288597,9900
1.01747393608,9899
1.01794886589,9898
1.01966881752,9897
1.02047395706,9896
1.02214479446,9895
1.02418088913,9894
1.0252468586,9893
1.02982783318,9892
1.03090500832,9891
1.03175497055,9890
1.03223490715,9889
1.03268480301,9888
1.03307199478,9887
1.0336728096,9886
1.03415298462,9885
1.03645300865,9884
1.03785085678,9883
1.03824400902,9882
1.03947281837,9881
1.04072380066,9880
1.0411169529,9879
1.0419459343,9878
1.04389691353,9877
1.04648089409,9876
1.04726290703,9875
1.04805779457,9874
1.0486907959,9873
1.04999184608,9872
1.05429792404,9871
1.05477690697,9870
1.05523085594,9869
1.05818295479,9868
1.05855894089,9867
1.05904078484,9866
1.05976080894,9865
1.06020283699,9864
1.06147384644,9863
1.06520795822,9862
1.06566286087,9861
1.06762385368,9860
1.06832098961,9859
1.06944680214,9858
1.07013988495,9857
1.07441878319,9856
1.07545089722,9855
1.07647895813,9854
1.07712984085,9853
1.0776348114,9852
1.07868599892,9851
1.08059692383,9850
1.08111000061,9849
1.081635952,9848
1.08235788345,9847
1.08349680901,9846
1.08447098732,9845
1.08594894409,9844
1.08708500862,9843
1.08965682983,9842
1.09131383896,9841
1.09177780151,9840
1.09238100052,9839
1.09438991547,9838
1.09488487244,9837
1.09537100792,9836
1.09873390198,9835
1.09945678711,9834
1.10033679008,9833
1.10201978683,9832
1.10442399979,9831
1.10545897484,9830
1.10631394386,9829
1.10828900337,9828
1.10878300667,9827
1.10924386978,9826
1.11097979546,9825
1.1116168499,9824
1.11234283447,9823
1.11420297623,9822
1.11496901512,9821
1.11608695984,9820
1.11831593513,9819
1.11911797523,9818
1.11989092827,9817
1.12191081047,9816
1.12279486656,9815
1.12401199341,9814
1.12450790405,9813
1.12583684921,9812
1.12759685516,9811
1.12804484367,9810
1.12863492966,9809
1.12983489037,9808
1.13032698631,9807
1.13123178482,9806
1.1316819191,9805
1.13492178917,9804
1.13673782349,9803
1.13970398903,9802
1.14019179344,9801
1.14149880409,9800
1.14322280884,9799
1.1438908577,9798
1.14508080482,9797
1.14559578896,9796
1.14845180511,9795
1.14916396141,9794
1.14999485016,9793
1.15213680267,9792
1.15259194374,9791
1.15313792229,9790
1.15605998039,9789
1.15780282021,9788
1.15840792656,9787
1.15913486481,9786
1.15983486176,9785
1.16071200371,9784
1.16599988937,9783
1.16650390625,9782
1.16732001305,9781
1.16933989525,9780
1.17131686211,9779
1.17199492455,9778
1.17259287834,9777
1.17310500145,9776
1.17634081841,9775
1.17705893517,9774
1.17807888985,9773
1.1796438694,9772
1.18016982079,9771
1.18128395081,9770
1.18207883835,9769
1.18258786201,9768
1.18488478661,9767
1.18619990349,9766
1.18669891357,9765
1.18794679642,9764
1.18888282776,9763
1.18968892097,9762
1.19099378586,9761
1.19233083725,9760
1.19324994087,9759
1.19375181198,9758
1.19577288628,9757
1.19671988487,9756
1.19740986824,9755
1.19839382172,9754
1.19977498055,9753
1.20024681091,9752
1.200745821,9751
1.20137095451,9750
1.2042298317,9749
1.20524978638,9748
1.20572495461,9747
1.20835781097,9746
1.20985579491,9745
1.21073079109,9744
1.21202492714,9743
1.2124979496,9742
1.21298384666,9741
1.21408200264,9740
1.2145318985,9739
1.21781992912,9738
1.22182798386,9737
1.22299098969,9736
1.22443294525,9735
1.22960090637,9734
1.2301158905,9733
1.23061299324,9732
1.23215889931,9731
1.23282694817,9730
1.23495388031,9729
1.23559379578,9728
1.23758101463,9727
1.2380759716,9726
1.23987579346,9725
1.24063301086,9724
1.24149084091,9723
1.24245691299,9722
1.24403882027,9721
1.24528598785,9720
1.24699497223,9719
1.24744391441,9718
1.24938583374,9717
1.25021886826,9716
1.25068879128,9715
1.25302696228,9714
1.25803494453,9713
1.25852584839,9712
1.2592689991,9711
1.25978398323,9710
1.26082897186,9709
1.26299381256,9708
1.26453399658,9707
1.26501989365,9706
1.26548695564,9705
1.26599597931,9704
1.26648592949,9703
1.26708292961,9702
1.2678809166,9701
1.27024579048,9700
1.27132201195,9699
1.27401781082,9698
1.27488183975,9697
1.27595686913,9696
1.27767181396,9695
1.27896285057,9694
1.27947497368,9693
1.28107786179,9692
1.28750801086,9691
1.28798699379,9690
1.28845691681,9689
1.29032993317,9688
1.29206299782,9687
1.29853582382,9686
1.29982686043,9685
1.30103778839,9684
1.30184698105,9683
1.30230998993,9682
1.30342888832,9681
1.30410695076,9680
1.30458188057,9679
1.30558586121,9678
1.30610489845,9677
1.30656695366,9676
1.30724191666,9675
1.30809497833,9674
1.30998182297,9673
1.31046581268,9672
1.31300091743,9671
1.31343197823,9670
1.31435489655,9669
1.31642889977,9668
1.31776189804,9667
1.32172393799,9666
1.32367992401,9665
1.3244638443,9664
1.32701897621,9663
1.32769989967,9662
1.32820391655,9661
1.32956886292,9660
1.33018779755,9659
1.33066082001,9658
1.33171701431,9657
1.33293390274,9656
1.33343291283,9655
1.334815979,9654
1.33530187607,9653
1.33611679077,9652
1.33809280396,9651
1.33855199814,9650
1.33907699585,9649
1.33951497078,9648
1.34020400047,9647
1.34185290337,9646
1.34554481506,9645
1.34657883644,9644
1.3472340107,9643
1.3487739563,9642
1.34925079346,9641
1.35031700134,9640
1.35081982613,9639
1.35133600235,9638
1.35192394257,9637
1.3542368412,9636
1.35531282425,9635
1.35599398613,9634
1.35807800293,9633
1.35856580734,9632
1.35970878601,9631
1.36040997505,9630
1.36086082458,9629
1.36172294617,9628
1.36222600937,9627
1.36426401138,9626
1.36476182938,9625
1.36525988579,9624
1.36576795578,9623
1.36988997459,9622
1.37097191811,9621
1.37343883514,9620
1.37483596802,9619
1.37668180466,9618
1.37756490707,9617
1.38171386719,9616
1.38217687607,9615
1.38286399841,9614
1.38353180885,9613
1.38596081734,9612
1.39144992828,9611
1.39388585091,9610
1.39562296867,9609
1.39630699158,9608
1.39713287354,9607
1.39762687683,9606
1.39813899994,9605
1.39878296852,9604
1.39961385727,9603
1.40121984482,9602
1.40170788765,9601
1.40279984474,9600
1.40381193161,9599
1.40519094467,9598
1.40567779541,9597
1.40652680397,9596
1.40696382523,9595
1.40837883949,9594
1.40965390205,9593
1.41009879112,9592
1.41220784187,9591
1.41362380981,9590
1.41485691071,9589
1.41782188416,9588
1.41979885101,9587
1.42053985596,9586
1.42122197151,9585
1.42319178581,9584
1.42603182793,9583
1.42650794983,9582
1.42730379105,9581
1.42799592018,9580
1.42848396301,9579
1.42989492416,9578
1.43230485916,9577
1.43328595161,9576
1.43377494812,9575
1.43493485451,9574
1.43693494797,9573
1.44122099876,9572
1.44172787666,9571
1.44367980957,9570
1.44417595863,9569
1.4466688633,9568
1.44724178314,9567
1.4504737854,9566
1.45196580887,9565
1.45590591431,9564
1.45654988289,9563
1.45807385445,9562
1.45908784866,9561
1.46022796631,9560
1.46101284027,9559
1.46149778366,9558
1.46228694916,9557
1.46368193626,9556
1.46451687813,9555
1.46857380867,9554
1.46983981133,9553
1.47274279594,9552
1.47366595268,9551
1.47436594963,9550
1.47601485252,9549
1.47649383545,9548
1.47881698608,9547
1.47952580452,9546
1.4814388752,9545
1.48194789886,9544
1.48270797729,9543
1.48315787315,9542
1.48423600197,9541
1.49033093452,9540
1.49136900902,9539
1.49279999733,9538
1.49441981316,9537
1.49630498886,9536
1.49787783623,9535
1.49837088585,9534
1.49991488457,9533
1.50043487549,9532
1.50478982925,9531
1.50562095642,9530
1.50701785088,9529
1.50849580765,9528
1.51015496254,9527
1.51317000389,9526
1.51495289803,9525
1.51544189453,9524
1.51671385765,9523
1.5188229084,9522
1.52068400383,9521
1.52140498161,9520
1.52196884155,9519
1.52357983589,9518
1.52595996857,9517
1.52841901779,9516
1.53060984612,9515
1.53164982796,9514
1.53214693069,9513
1.53344798088,9512
1.53433990479,9511
1.53478193283,9510
1.53525280952,9509
1.53840279579,9508
1.53906679153,9507
1.54104685783,9506
1.54169082642,9505
1.54269981384,9504
1.54318284988,9503
1.54370093346,9502
1.54558801651,9501
1.54653286934,9500
1.54704499245,9499
1.54832196236,9498
1.54953289032,9497
1.55001592636,9496
1.55069994926,9495
1.55563998222,9494
1.55633091927,9493
1.55770683289,9492
1.55831384659,9491
1.56074786186,9490
1.56412386894,9489
1.5653488636,9488
1.56698799133,9487
1.5706448555,9486
1.5711209774,9485
1.57272100449,9484
1.57318401337,9483
1.57400178909,9482
1.57643985748,9481
1.5782558918,9480
1.57945585251,9479
1.57990384102,9478
1.58092093468,9477
1.58207201958,9476
1.58492994308,9475
1.58565402031,9474
1.58644390106,9473
1.58693695068,9472
1.58766698837,9471
1.58918881416,9470
1.59139680862,9469
1.5922498703,9468
1.59465694427,9467
1.59535288811,9466
1.59578895569,9465
1.59666585922,9464
1.59714794159,9463
1.59780693054,9462
1.59829497337,9461
1.5998749733,9460
1.60033082962,9459
1.60078883171,9458
1.60201501846,9457
1.60348582268,9456
1.60748291016,9455
1.60796785355,9454
1.60841488838,9453
1.60887980461,9452
1.60933899879,9451
1.61016082764,9450
1.61061286926,9449
1.61158585548,9448
1.61207199097,9447
1.61354899406,9446
1.61437082291,9445
1.61520791054,9444
1.61564493179,9443
1.61623001099,9442
1.61772179604,9441
1.61823391914,9440
1.61953282356,9439
1.6199529171,9438
1.62046790123,9437
1.62251901627,9436
1.6240029335,9435
1.62529993057,9434
1.62601399422,9433
1.62647294998,9432
1.62980699539,9431
1.6338160038,9430
1.63430285454,9429
1.63496589661,9428
1.6356549263,9427
1.63630700111,9426
1.63676786423,9425
1.63793897629,9424
1.63937997818,9423
1.64044880867,9422
1.64111495018,9421
1.64239788055,9420
1.64310598373,9419
1.64402389526,9418
1.6453359127,9417
1.64668798447,9416
1.64883899689,9415
1.65109801292,9414
1.65240097046,9413
1.65286183357,9412
1.65465378761,9411
1.65549182892,9410
1.65654492378,9409
1.66014289856,9408
1.66135191917,9407
1.66695189476,9406
1.66839289665,9405
1.66943287849,9404
1.67023181915,9403
1.67087292671,9402
1.67133998871,9401
1.67192101479,9400
1.67278790474,9399
1.6732738018,9398
1.67429494858,9397
1.67618083954,9396
1.67714691162,9395
1.67975783348,9394
1.68131399155,9393
1.68570399284,9392
1.68884801865,9391
1.69086885452,9390
1.69137978554,9389
1.69201779366,9388
1.69267392159,9387
1.69351387024,9386
1.69455385208,9385
1.6951918602,9384
1.69833779335,9383
1.70004296303,9382
1.70048880577,9381
1.70392894745,9380
1.70755290985,9379
1.70894789696,9378
1.70940685272,9377
1.71074795723,9376
1.71223402023,9375
1.71501898766,9374
1.71637892723,9373
1.71799087524,9372
1.71953082085,9371
1.72203087807,9370
1.72441601753,9369
1.7255988121,9368
1.72655296326,9367
1.72890400887,9366
1.72939491272,9365
1.72991394997,9364
1.73108386993,9363
1.73154401779,9362
1.73333978653,9361
1.73415589333,9360
1.7352077961,9359
1.73649096489,9358
1.73696899414,9357
1.73957085609,9356
1.74180984497,9355
1.74293088913,9354
1.74340891838,9353
1.74481582642,9352
1.74530291557,9351
1.74706602097,9350
1.74894499779,9349
1.75186300278,9348
1.75269579887,9347
1.75439095497,9346
1.75506281853,9345
1.75842785835,9344
1.75955986977,9343
1.76023387909,9342
1.76073980331,9341
1.76164197922,9340
1.76211881638,9339
1.76260399818,9338
1.76765394211,9337
1.76815700531,9336
1.76884388924,9335
1.76931285858,9334
1.7714278698,9333
1.77316379547,9332
1.77375197411,9331
1.77444291115,9330
1.77514481544,9329
1.77744793892,9328
1.77788090706,9327
1.78008985519,9326
1.7821559906,9325
1.78382086754,9324
1.78614783287,9323
1.78791880608,9322
1.79211187363,9321
1.79347300529,9320
1.79479193687,9319
1.7958509922,9318
1.79748702049,9317
1.79795694351,9316
1.7992939949,9315
1.79978680611,9314
1.80102491379,9313
1.80407381058,9312
1.80509090424,9311
1.80623197556,9310
1.8085308075,9309
1.80940389633,9308
1.81023597717,9307
1.81109189987,9306
1.81238698959,9305
1.81284093857,9304
1.81366491318,9303
1.81674695015,9302
1.81854581833,9301
1.81912994385,9300
1.81979393959,9299
1.82092380524,9298
1.82160401344,9297
1.82244491577,9296
1.82435584068,9295
1.82657384872,9294
1.82811498642,9293
1.83190083504,9292
1.83369278908,9291
1.83445501328,9290
1.83786392212,9289
1.83862996101,9288
1.84131598473,9287
1.84201788902,9286
1.84290194511,9285
1.84353590012,9284
1.84651398659,9283
1.84696984291,9282
1.84876894951,9281
1.85013985634,9280
1.85079097748,9279
1.8530189991,9278
1.85615301132,9277
1.85772681236,9276
1.85821080208,9275
1.85954380035,9274
1.86003780365,9273
1.8605158329,9272
1.86237382889,9271
1.86298084259,9270
1.86368393898,9269
1.86446785927,9268
1.86528491974,9267
1.86609601974,9266
1.86740398407,9265
1.8682808876,9264
1.86895298958,9263
1.87093496323,9262
1.87139987946,9261
1.87305092812,9260
1.87407183647,9259
1.87475085258,9258
1.87696695328,9257
1.87745285034,9256
1.87790679932,9255
1.8802947998,9254
1.88182592392,9253
1.88295388222,9252
1.88538885117,9251
1.88693094254,9250
1.88741087914,9249
1.88787078857,9248
1.88954591751,9247
1.89119195938,9246
1.89323878288,9245
1.89566397667,9244
1.89753985405,9243
1.89835596085,9242
1.89929580688,9241
1.89990091324,9240
1.90033388138,9239
1.9024579525,9238
1.90313601494,9237
1.90420293808,9236
1.90910887718,9235
1.90958499908,9234
1.91141080856,9233
1.91207194328,9232
1.91404080391,9231
1.91486001015,9230
1.91618394852,9229
1.91826581955,9228
1.91889286041,9227
1.92346382141,9226
1.9243350029,9225
1.92605686188,9224
1.92817592621,9223
1.93158698082,9222
1.93265199661,9221
1.93438601494,9220
1.93503594398,9219
1.93736600876,9218
1.9386909008,9217
1.94096589088,9216
1.94417881966,9215
1.94587278366,9214
1.94916796684,9213
1.95048880577,9212
1.95094299316,9211
1.95578980446,9210
1.95683288574,9209
1.95822501183,9208
1.96010088921,9207
1.96373295784,9206
1.96437096596,9205
1.96532082558,9204
1.96655488014,9203
1.96767687798,9202
1.96813797951,9201
1.96932291985,9200
1.97000098228,9199
1.97222590446,9198
1.97715878487,9197
1.97760295868,9196
1.9791829586,9195
1.97961878777,9194
1.98069381714,9193
1.98217988014,9192
1.98258185387,9191
1.98493790627,9190
1.98607397079,9189
1.98712301254,9188
1.98754382133,9187
1.98807001114,9186
1.99006485939,9185
1.99087882042,9184
1.9936068058,9183
1.99515891075,9182
1.99614596367,9181
1.99685978889,9180
1.99736690521,9179
1.99905800819,9178
2.00059294701,9177
2.00131797791,9176
2.00750684738,9175
2.00842285156,9174
2.00917387009,9173
2.01027679443,9172
2.01407980919,9171
2.01708078384,9170
2.0179848671,9169
2.02478599548,9168
2.02578997612,9167
2.02702879906,9166
2.0320379734,9165
2.03318095207,9164
2.03359079361,9163
2.03516197205,9162
2.0372068882,9161
2.03828787804,9160
2.03922080994,9159
2.04023098946,9158
2.04109883308,9157
2.04172682762,9156
2.0421090126,9155
2.04575586319,9154
2.04620885849,9153
2.04681181908,9152
2.04855394363,9151
2.04926586151,9150
2.05091500282,9149
2.05136299133,9148
2.05338788033,9147
2.05379295349,9146
2.05699300766,9145
2.05756497383,9144
2.06046891212,9143
2.0663998127,9142
2.06728887558,9141
2.07046294212,9140
2.07109594345,9139
2.07426595688,9138
2.07652497292,9137
2.07768082619,9136
2.07906699181,9135
2.0860748291,9134
2.0882089138,9133
2.08865094185,9132
2.09170484543,9131
2.09278988838,9130
2.09374094009,9129
2.09433698654,9128
2.09548783302,9127
2.1048438549,9126
2.10529279709,9125
2.11051297188,9124
2.11169695854,9123
2.11255288124,9122
2.11299991608,9121
2.11454796791,9120
2.11707091331,9119
2.11748695374,9118
2.11909484863,9117
2.12046980858,9116
2.12192678452,9115
2.12313985825,9114
2.12361097336,9113
2.12475681305,9112
2.12644696236,9111
2.12881398201,9110
2.13188099861,9109
2.1333758831,9108
2.13496780396,9107
2.1356818676,9106
2.13683891296,9105
2.13795089722,9104
2.14591097832,9103
2.1463329792,9102
2.14736890793,9101
2.15231895447,9100
2.15394997597,9099
2.15566182137,9098
2.15609478951,9097
2.15916490555,9096
2.16214799881,9095
2.16258192062,9094
2.16302490234,9093
2.16359400749,9092
2.16490983963,9091
2.17390584946,9090
2.17432594299,9089
2.17511701584,9088
2.17670488358,9087
2.1777009964,9086
2.17944979668,9085
2.18008685112,9084
2.18201780319,9083
2.18447089195,9082
2.19097399712,9081
2.1926779747,9080
2.19427895546,9079
2.19500184059,9078
2.19644999504,9077
2.19908499718,9076
2.20153093338,9075
2.20318388939,9074
2.20446395874,9073
2.21002578735,9072
2.21202778816,9071
2.21282792091,9070
2.2134988308,9069
2.21506881714,9068
2.21699881554,9067
2.21836996078,9066
2.21913981438,9065
2.21962499619,9064
2.22004199028,9063
2.2246940136,9062
2.22880291939,9061
2.22922587395,9060
2.23044991493,9059
2.23285889626,9058
2.23343801498,9057
2.23386478424,9056
2.23481798172,9055
2.23956894875,9054
2.24067783356,9053
2.24261879921,9052
2.24323487282,9051
2.24702787399,9050
2.24891591072,9049
2.24966478348,9048
2.25007796288,9047
2.25199079514,9046
2.2524459362,9045
2.2550098896,9044
2.25545787811,9043
2.25904989243,9042
2.25955891609,9041
2.26291894913,9040
2.26787686348,9039
2.26989889145,9038
2.27190899849,9037
2.2723608017,9036
2.27454280853,9035
2.27697181702,9034
2.27759289742,9033
2.27822995186,9032
2.28731799126,9031
2.28817796707,9030
2.28948283195,9029
2.29166293144,9028
2.2934718132,9027
2.2950899601,9026
2.29567599297,9025
2.29608082771,9024
2.29801392555,9023
2.29882788658,9022
2.29982995987,9021
2.30028796196,9020
2.30252790451,9019
2.3029718399,9018
2.30340886116,9017
2.30402898788,9016
2.30621290207,9015
2.30665588379,9014
2.30820679665,9013
2.31537389755,9012
2.31701683998,9011
2.31746101379,9010
2.32003879547,9009
2.3214199543,9008
2.32337880135,9007
2.32462978363,9006
2.3255469799,9005
2.32745480537,9004
2.32883191109,9003
2.32973599434,9002
2.33248400688,9001
2.33292889595,9000
2.33491683006,8999
2.33594083786,8998
2.33654785156,8997
2.33797883987,8996
2.33840489388,8995
2.34238481522,8994
2.34943985939,8993
2.34988880157,8992
2.35123896599,8991
2.3521900177,8990
2.35490894318,8989
2.35794901848,8988
2.35876083374,8987
2.36161184311,8986
2.36250901222,8985
2.36494779587,8984
2.36539888382,8983
2.36678195,8982
2.3692278862,8981
2.37621498108,8980
2.37776994705,8979
2.37817788124,8978
2.37916684151,8977
2.37980389595,8976
2.38039684296,8975
2.38187098503,8974
2.38281679153,8973
2.38423800468,8972
2.38736581802,8971
2.38932681084,8970
2.38972997665,8969
2.39096593857,8968
2.39191699028,8967
2.39384698868,8966
2.39608979225,8965
2.39719581604,8964
2.39911293983,8963
2.39997386932,8962
2.40203499794,8961
2.4024708271,8960
2.40846395493,8959
2.41098189354,8958
2.41477584839,8957
2.41955280304,8956
2.42338085175,8955
2.42397379875,8954
2.42795681953,8953
2.42982292175,8952
2.43311095238,8951
2.43416881561,8950
2.43934082985,8949
2.43974494934,8948
2.44053292274,8947
2.44138789177,8946
2.4440279007,8945
2.44445896149,8944
2.44780492783,8943
2.44880795479,8942
2.45088195801,8941
2.45546293259,8940
2.45590090752,8939
2.45692300797,8938
2.45771884918,8937
2.45816278458,8936
2.45932579041,8935
2.46149992943,8934
2.46298384666,8933
2.46389293671,8932
2.46729683876,8931
2.46980500221,8930
2.4707698822,8929
2.47832298279,8928
2.4796769619,8927
2.48199391365,8926
2.48332190514,8925
2.48402881622,8924
2.48446893692,8923
2.49143981934,8922
2.49383091927,8921
2.4942510128,8920
2.49567890167,8919
2.49609684944,8918
2.49823784828,8917
2.49888801575,8916
2.50413799286,8915
2.5047287941,8914
2.50947499275,8913
2.50988292694,8912
2.51081800461,8911
2.51125478745,8910
2.5119638443,8909
2.5159509182,8908
2.51675891876,8907
2.51734685898,8906
2.51941394806,8905
2.5207798481,8904
2.52122497559,8903
2.5217218399,8902
2.52318286896,8901
2.52973294258,8900
2.53118681908,8899
2.53175878525,8898
2.53217983246,8897
2.53253793716,8896
2.53377389908,8895
2.53430485725,8894
2.53939890862,8893
2.53981494904,8892
2.54452800751,8891
2.54547691345,8890
2.55228996277,8889
2.55271100998,8888
2.55489182472,8887
2.55725979805,8886
2.55769300461,8885
2.55830788612,8884
2.56147885323,8883
2.56191396713,8882
2.56355285645,8881
2.56419897079,8880
2.56735301018,8879
2.5690779686,8878
2.57129383087,8877
2.57232999802,8876
2.57339787483,8875
2.57560181618,8874
2.57850384712,8873
2.57894992828,8872
2.58168792725,8871
2.58250498772,8870
2.58366680145,8869
2.59106183052,8868
2.59409999847,8867
2.59503889084,8866
2.59564590454,8865
2.60232496262,8864
2.60528278351,8863
2.61034679413,8862
2.61369681358,8861
2.61537790298,8860
2.61634898186,8859
2.61678791046,8858
2.61900091171,8857
2.62112188339,8856
2.6238629818,8855
2.624314785,8854
2.62474179268,8853
2.627368927,8852
2.63220095634,8851
2.63260579109,8850
2.63531398773,8849
2.63636779785,8848
2.63680481911,8847
2.63957095146,8846
2.64084792137,8845
2.64187598228,8844
2.64440584183,8843
2.64678883553,8842
2.65091180801,8841
2.65262579918,8840
2.65536499023,8839
2.66016292572,8838
2.66268181801,8837
2.66362285614,8836
2.66441988945,8835
2.66639280319,8834
2.66777682304,8833
2.66894984245,8832
2.66965198517,8831
2.67530894279,8830
2.67652392387,8829
2.67695093155,8828
2.68076086044,8827
2.68611097336,8826
2.68688583374,8825
2.68950200081,8824
2.69264483452,8823
2.69432783127,8822
2.69544696808,8821
2.69706082344,8820
2.69806981087,8819
2.69848179817,8818
2.69924998283,8817
2.70642280579,8816
2.71377396584,8815
2.71429681778,8814
2.71622490883,8813
2.72225284576,8812
2.72522687912,8811
2.72685098648,8810
2.72827196121,8809
2.72921299934,8808
2.73294997215,8807
2.73372387886,8806
2.73416280746,8805
2.7356069088,8804
2.73667097092,8803
2.73772978783,8802
2.73815083504,8801
2.7433848381,8800
2.74397397041,8799
2.74441790581,8798
2.74874281883,8797
2.75116586685,8796
2.75678682327,8795
2.75953578949,8794
2.76001501083,8793
2.76660680771,8792
2.77317881584,8791
2.77809095383,8790
2.78325295448,8789
2.78366684914,8788
2.78547596931,8787
2.78616786003,8786
2.78660798073,8785
2.78720998764,8784
2.78915786743,8783
2.79155397415,8782
2.79233694077,8781
2.79433679581,8780
2.79491400719,8779
2.79580378532,8778
2.79665279388,8777
2.79868292809,8776
2.7991168499,8775
2.79951095581,8774
2.80418086052,8773
2.80558991432,8772
2.80832886696,8771
2.81014800072,8770
2.81183695793,8769
2.81381583214,8768
2.81616997719,8767
2.82101988792,8766
2.82196092606,8765
2.82471179962,8764
2.83534598351,8763
2.83742594719,8762
2.83793091774,8761
2.84118199348,8760
2.84255194664,8759
2.84391784668,8758
2.84827494621,8757
2.85243201256,8756
2.85756778717,8755
2.85799598694,8754
2.86333584785,8753
2.86835479736,8752
2.86948895454,8751
2.86988997459,8750
2.87723898888,8749
2.883893013,8748
2.88599181175,8747
2.88667082787,8746
2.88727498055,8745
2.8885409832,8744
2.89270782471,8743
2.89314293861,8742
2.89420485497,8741
2.89527797699,8740
2.89785885811,8739
2.89828491211,8738
2.90551495552,8737
2.90721082687,8736
2.90765500069,8735
2.90842700005,8734
2.9091668129,8733
2.91320991516,8732
2.91440701485,8731
2.91680383682,8730
2.92127180099,8729
2.92262601852,8728
2.92445588112,8727
2.92757487297,8726
2.93122982979,8725
2.93492698669,8724
2.93757295609,8723
2.94178390503,8722
2.94391393661,8721
2.94489192963,8720
2.94805693626,8719
2.95373988152,8718
2.95499682426,8717
2.95589995384,8716
2.97026181221,8715
2.97275400162,8714
2.97633194923,8713
2.97721982002,8712
2.97806382179,8711
2.98065400124,8710
2.9824488163,8709
2.98440599442,8708
2.98655295372,8707
2.98868393898,8706
2.99034285545,8705
2.99106788635,8704
2.99167180061,8703
2.99415493011,8702
2.99690699577,8701
2.9976568222,8700
2.99912381172,8699
3.00293183327,8698
3.00451993942,8697
3.00863289833,8696
3.01290583611,8695
3.01573300362,8694
3.02543091774,8693
3.02883982658,8692
3.03040385246,8691
3.03216385841,8690
3.03468799591,8689
3.03605389595,8688
3.04130196571,8687
3.04563188553,8686
3.04946994781,8685
3.05039095879,8684
3.05237698555,8683
3.05390882492,8682
3.05669593811,8681
3.05967593193,8680
3.06186795235,8679
3.0630428791,8678
3.0642118454,8677
3.06751799583,8676
3.06913089752,8675
3.0719499588,8674
3.07246184349,8673
3.0747218132,8672
3.07511997223,8671
3.07960987091,8670
3.08235383034,8669
3.08294487,8668
3.08469295502,8667
3.09328484535,8666
3.09651589394,8665
3.09801888466,8664
3.09899282455,8663
3.0994079113,8662
3.10298895836,8661
3.10503983498,8660
3.10906982422,8659
3.11433887482,8658
3.11476778984,8657
3.1174929142,8656
3.11880898476,8655
3.11975884438,8654
3.12195897102,8653
3.12394285202,8652
3.12838602066,8651
3.13030195236,8650
3.13533878326,8649
3.13826298714,8648
3.14176797867,8647
3.14446282387,8646
3.1481359005,8645
3.15154981613,8644
3.15523695946,8643
3.1556429863,8642
3.156072855,8641
3.1568570137,8640
3.16229081154,8639
3.16433286667,8638
3.16635394096,8637
3.170773983,8636
3.17453598976,8635
3.17507791519,8634
3.17893886566,8633
3.18019890785,8632
3.18078684807,8631
3.18214201927,8630
3.18502783775,8629
3.18543791771,8628
3.18683195114,8627
3.18718695641,8626
3.19027090073,8625
3.19307494164,8624
3.1939239502,8623
3.19717478752,8622
3.19821882248,8621
3.20429086685,8620
3.20588088036,8619
3.20628285408,8618
3.20848894119,8617
3.21027994156,8616
3.21865487099,8615
3.22101593018,8614
3.22393083572,8613
3.22768497467,8612
3.2377409935,8611
3.24060487747,8610
3.24899196625,8609
3.24940490723,8608
3.25153183937,8607
3.25614285469,8606
3.25713181496,8605
3.25849699974,8604
3.26368784904,8603
3.26411700249,8602
3.26638484001,8601
3.2696378231,8600
3.2710340023,8599
3.27328181267,8598
3.28144788742,8597
3.28552389145,8596
3.29049396515,8595
3.29204201698,8594
3.29608392715,8593
3.29673981667,8592
3.30210781097,8591
3.30327391624,8590
3.30523991585,8589
3.30720686913,8588
3.31131792068,8587
3.31173086166,8586
3.31530594826,8585
3.32895183563,8584
3.32938194275,8583
3.33985495567,8582
3.34026885033,8581
3.34141302109,8580
3.35138297081,8579
3.3520629406,8578
3.35496687889,8577
3.36052489281,8576
3.36422896385,8575
3.3663649559,8574
3.37173199654,8573
3.37477493286,8572
3.37587594986,8571
3.37789392471,8570
3.37951898575,8569
3.38586997986,8568
3.38628196716,8567
3.39023280144,8566
3.39118289948,8565
3.39262199402,8564
3.39575600624,8563
3.39871788025,8562
3.39942383766,8561
3.4013428688,8560
3.40555000305,8559
3.40591979027,8558
3.40695095062,8557
3.40768289566,8556
3.41304087639,8555
3.41784000397,8554
3.41907095909,8553
3.41949796677,8552
3.42112278938,8551
3.42184591293,8550
3.42241096497,8549
3.42451190948,8548
3.42550778389,8547
3.42901086807,8546
3.43327283859,8545
3.43782687187,8544
3.43822979927,8543
3.44028997421,8542
3.4427819252,8541
3.444231987,8540
3.44632101059,8539
3.44686794281,8538
3.44746184349,8537
3.4489569664,8536
3.45041298866,8535
3.45471286774,8534
3.45778679848,8533
3.45905184746,8532
3.46156001091,8531
3.46246695518,8530
3.46321988106,8529
3.46773600578,8528
3.47929501534,8527
3.47966480255,8526
3.48152494431,8525
3.48303294182,8524
3.48734879494,8523
3.49072098732,8522
3.49224495888,8521
3.4944088459,8520
3.49547982216,8519
3.49620294571,8518
3.49801683426,8517
3.50033378601,8516
3.50392484665,8515
3.50434494019,8514
3.50543880463,8513
3.51410198212,8512
3.519053936,8511
3.51964187622,8510
3.52147984505,8509
3.52224779129,8508
3.53235387802,8507
3.53311491013,8506
3.53597688675,8505
3.53686690331,8504
3.53729081154,8503
3.54594898224,8502
3.54896879196,8501
3.55005884171,8500
3.55216097832,8499
3.55405378342,8498
3.55476593971,8497
3.55675601959,8496
3.55715799332,8495
3.56197786331,8494
3.56646299362,8493
3.56711196899,8492
3.57066583633,8491
3.57115983963,8490
3.57532000542,8489
3.57621598244,8488
3.58080387115,8487
3.58123278618,8486
3.58187580109,8485
3.58672094345,8484
3.59102392197,8483
3.59291887283,8482
3.60139799118,8481
3.60200595856,8480
3.6072537899,8479
3.60817098618,8478
3.61072087288,8477
3.6145939827,8476
3.61963582039,8475
3.62346792221,8474
3.62719392776,8473
3.63628697395,8472
3.64098095894,8471
3.6433608532,8470
3.64862799644,8469
3.65022397041,8468
3.65685391426,8467
3.66426181793,8466
3.66729784012,8465
3.67498993874,8464
3.68252301216,8463
3.68309783936,8462
3.68414497375,8461
3.68954396248,8460
3.689909935,8459
3.69276189804,8458
3.69337081909,8457
3.69579792023,8456
3.69846582413,8455
3.70476984978,8454
3.71511697769,8453
3.71973490715,8452
3.72095298767,8451
3.73893785477,8450
3.73968696594,8449
3.74696779251,8448
3.75233793259,8447
3.76255178452,8446
3.7647960186,8445
3.76601886749,8444
3.76814484596,8443
3.76972198486,8442
3.78285479546,8441
3.79116082191,8440
3.7930958271,8439
3.79349398613,8438
3.79966402054,8437
3.80286383629,8436
3.8122279644,8435
3.81625294685,8434
3.82393884659,8433
3.83029294014,8432
3.83401989937,8431
3.83748483658,8430
3.84059286118,8429
3.85029292107,8428
3.85412883759,8427
3.86088299751,8426
3.86491680145,8425
3.86847281456,8424
3.87636590004,8423
3.87816286087,8422
3.88001298904,8421
3.88887000084,8420
3.89136385918,8419
3.89245581627,8418
3.89301681519,8417
3.89342498779,8416
3.90154695511,8415
3.90352582932,8414
3.90702581406,8413
3.91230893135,8412
3.91563987732,8411
3.91620993614,8410
3.9205789566,8409
3.92114591599,8408
3.92265582085,8407
3.92720580101,8406
3.94114995003,8405
3.94252181053,8404
3.94342088699,8403
3.94833087921,8402
3.95359587669,8401
3.95551395416,8400
3.9635488987,8399
3.96673178673,8398
3.97252583504,8397
3.97435879707,8396
3.97873091698,8395
3.98875379562,8394
3.98962283134,8393
3.99160790443,8392
4.00362491608,8391
4.00952887535,8390
4.01359701157,8389
4.01562690735,8388
4.0234978199,8387
4.03150296211,8386
4.03362989426,8385
4.03779292107,8384
4.03874087334,8383
4.04493188858,8382
4.05820298195,8381
4.06104183197,8380
4.06207489967,8379
4.06666088104,8378
4.06815695763,8377
4.07362985611,8376
4.08863401413,8375
4.08967494965,8374
4.09008193016,8373
4.09851098061,8372
4.10709381104,8371
4.11403393745,8370
4.12335300446,8369
4.12380886078,8368
4.12459897995,8367
4.13152694702,8366
4.13278579712,8365
4.13363981247,8364
4.13455986977,8363
4.13833189011,8362
4.13875484467,8361
4.14126682281,8360
4.14346981049,8359
4.14634990692,8358
4.14847493172,8357
4.14902687073,8356
4.15097093582,8355
4.15719389915,8354
4.17261695862,8353
4.17302393913,8352
4.178180933,8351
4.18212795258,8350
4.18251800537,8349
4.1832139492,8348
4.18533682823,8347
4.18873691559,8346
4.1934838295,8345
4.19638180733,8344
4.19693684578,8343
4.1978199482,8342
4.19890379906,8341
4.20899200439,8340
4.21995687485,8339
4.22240185738,8338
4.22312784195,8337
4.22845602036,8336
4.23661780357,8335
4.23734998703,8334
4.24784398079,8333
4.24855279922,8332
4.25262188911,8331
4.25794386864,8330
4.26140189171,8329
4.2618188858,8328
4.2637720108,8327
4.26707601547,8326
4.26747179031,8325
4.27064800262,8324
4.2820379734,8323
4.28840184212,8322
4.28963279724,8321
4.29860782623,8320
4.30128288269,8319
4.3196709156,8318
4.32446599007,8317
4.32959794998,8316
4.33308696747,8315
4.34150195122,8314
4.34644985199,8313
4.34837579727,8312
4.35236787796,8311
4.35277080536,8310
4.36011481285,8309
4.36822986603,8308
4.37064981461,8307
4.37411999702,8306
4.37731385231,8305
4.37805891037,8304
4.40283989906,8303
4.40952897072,8302
4.41007590294,8301
4.41063499451,8300
4.41674590111,8299
4.41878390312,8298
4.42338490486,8297
4.42418885231,8296
4.42637896538,8295
4.43085193634,8294
4.4360499382,8293
4.43642687798,8292
4.44693899155,8291
4.44776582718,8290
4.45016980171,8289
4.45235180855,8288
4.45482182503,8287
4.45747184753,8286
4.45907282829,8285
4.4600918293,8284
4.46469092369,8283
4.46976685524,8282
4.47098994255,8281
4.47134399414,8280
4.47176098824,8279
4.47211790085,8278
4.4761698246,8277
4.47747588158,8276
4.48230695724,8275
4.50197887421,8274
4.50485682487,8273
4.50998687744,8272
4.51296901703,8271
4.51458597183,8270
4.524974823,8269
4.52951788902,8268
4.53129982948,8267
4.53695583344,8266
4.5411529541,8265
4.54405283928,8264
4.55526185036,8263
4.56914901733,8262
4.56974482536,8261
4.57320189476,8260
4.57463884354,8259
4.58320689201,8258
4.59268498421,8257
4.5945057869,8256
4.59576201439,8255
4.59982681274,8254
4.60114598274,8253
4.60200095177,8252
4.60271978378,8251
4.61168694496,8250
4.61597800255,8249
4.61883282661,8248
4.62117886543,8247
4.62209892273,8246
4.62317180634,8245
4.62373185158,8244
4.62598586082,8243
4.62776184082,8242
4.63111400604,8241
4.63163089752,8240
4.63261198997,8239
4.633466959,8238
4.64210700989,8237
4.64381098747,8236
4.65668678284,8235
4.65719389915,8234
4.66368794441,8233
4.66407990456,8232
4.66656279564,8231
4.6706469059,8230
4.67212986946,8229
4.67647600174,8228
4.6812210083,8227
4.68308997154,8226
4.6845870018,8225
4.68772292137,8224
4.69135689735,8223
4.69424295425,8222
4.71098899841,8221
4.71139097214,8220
4.71369886398,8219
4.71479392052,8218
4.7209918499,8217
4.73073387146,8216
4.7332918644,8215
4.74128389359,8214
4.7489528656,8213
4.75856280327,8212
4.76363396645,8211
4.76680588722,8210
4.77350592613,8209
4.77664995193,8208
4.78093981743,8207
4.79829192162,8206
4.79930591583,8205
4.79994893074,8204
4.80083179474,8203
4.80751681328,8202
4.80857181549,8201
4.81085801125,8200
4.82276082039,8199
4.83093881607,8198
4.83800601959,8197
4.84273481369,8196
4.84459686279,8195
4.84547495842,8194
4.84749484062,8193
4.85466098785,8192
4.8550620079,8191
4.8609418869,8190
4.8659927845,8189
4.86678600311,8188
4.87261080742,8187
4.88555884361,8186
4.889939785,8185
4.89561200142,8184
4.8985118866,8183
4.91334891319,8182
4.91476488113,8181
4.93962693214,8180
4.95138192177,8179
4.96569895744,8178
4.97146582603,8177
4.97271084785,8176
4.9812169075,8175
4.9821498394,8174
4.98742794991,8173
4.98979496956,8172
4.99110484123,8171
4.9946949482,8170
5.00590491295,8169
5.00810480118,8168
5.01318478584,8167
5.01628899574,8166
5.01759982109,8165
5.0181248188,8164
5.02158880234,8163
5.02227401733,8162
5.02281284332,8161
5.02525186539,8160
5.02636098862,8159
5.02778887749,8158
5.03736495972,8157
5.04295301437,8156
5.05842781067,8155
5.06010293961,8154
5.06659579277,8153
5.08515191078,8152
5.09341788292,8151
5.10334587097,8150
5.11422300339,8149
5.11962294579,8148
5.12467193604,8147
5.12671995163,8146
5.13038992882,8145
5.13645482063,8144
5.13861489296,8143
5.14041590691,8142
5.1456618309,8141
5.14717888832,8140
5.16049981117,8139
5.16353487968,8138
5.16521596909,8137
5.17963290215,8136
5.18775200844,8135
5.19569301605,8134
5.198584795,8133
5.20544195175,8132
5.21160197258,8131
5.22527599335,8130
5.23301386833,8129
5.24094200134,8128
5.24138784409,8127
5.24730396271,8126
5.26086592674,8125
5.26255488396,8124
5.27857279778,8123
5.28652381897,8122
5.28768992424,8121
5.29206180573,8120
5.29849100113,8119
5.30984091759,8118
5.31408190727,8117
5.31770682335,8116
5.32551383972,8115
5.34136581421,8114
5.35293078423,8113
5.35638785362,8112
5.35958695412,8111
5.3612267971,8110
5.36882281303,8109
5.37255191803,8108
5.39307785034,8107
5.40231895447,8106
5.40655088425,8105
5.41060781479,8104
5.42037200928,8103
5.44153189659,8102
5.44260191917,8101
5.4703168869,8100
5.48167395592,8099
5.48969984055,8098
5.4946308136,8097
5.49644994736,8096
5.50251793861,8095
5.51122498512,8094
5.52073979378,8093
5.52410578728,8092
5.53712797165,8091
5.54099678993,8090
5.5430560112,8089
5.54677391052,8088
5.57580399513,8087
5.57625079155,8086
5.59732079506,8085
5.61451482773,8084
5.61911988258,8083
5.64262890816,8082
5.65724396706,8081
5.66428685188,8080
5.66499185562,8079
5.67705082893,8078
5.6921248436,8077
5.70431900024,8076
5.70609784126,8075
5.71254682541,8074
5.71296191216,8073
5.71336483955,8072
5.72880601883,8071
5.72923779488,8070
5.73737192154,8069
5.74899601936,8068
5.749958992,8067
5.751557827,8066
5.75242495537,8065
5.77002882957,8064
5.77655386925,8063
5.78351593018,8062
5.81063580513,8061
5.81919288635,8060
5.84655499458,8059
5.85272693634,8058
5.853774786,8057
5.85827493668,8056
5.85996389389,8055
5.8652369976,8054
5.86783885956,8053
5.8952858448,8052
5.90778183937,8051
5.92350196838,8050
5.92390799522,8049
5.93025279045,8048
5.93740391731,8047
5.94065499306,8046
5.94495081902,8045
5.95079183578,8044
5.95937180519,8043
5.96092581749,8042
5.96728181839,8041
5.96802997589,8040
5.97320580482,8039
5.97922182083,8038
5.98621678352,8037
5.9924788475,8036
5.9943959713,8035
5.99638581276,8034
5.99680280685,8033
6.00928878784,8032
6.01183700562,8031
6.01318788528,8030
6.03138589859,8029
6.04120588303,8028
6.04478478432,8027
6.06128191948,8026
6.09037494659,8025
6.09502696991,8024
6.09711384773,8023
6.10642695427,8022
6.10799193382,8021
6.12317800522,8020
6.13107180595,8019
6.13312983513,8018
6.1385447979,8017
6.13983988762,8016
6.15275287628,8015
6.17020797729,8014
6.17566394806,8013
6.17683982849,8012
6.18331289291,8011
6.19175982475,8010
6.20354986191,8009
6.20974993706,8008
6.21979784966,8007
6.23188591003,8006
6.26488900185,8005
6.26527786255,8004
6.26945495605,8003
6.27440881729,8002
6.31673979759,8001
6.32257986069,8000
6.32567596436,7999
6.32880592346,7998
6.3356859684,7997
6.34049701691,7996
6.36141586304,7995
6.38172578812,7994
6.3845179081,7993
6.38806891441,7992
6.41668081284,7991
6.4312980175,7990
6.45500898361,7989
6.45584082603,7988
6.45985484123,7987
6.47530579567,7986
6.49350881577,7985
6.50899100304,7984
6.51592493057,7983
6.52260780334,7982
6.52314186096,7981
6.52399778366,7980
6.52454185486,7979
6.52662301064,7978
6.52761483192,7977
6.53187179565,7976
6.54034996033,7975
6.54137897491,7974
6.54218196869,7973
6.57195091248,7972
6.57724881172,7971
6.58884191513,7970
6.59760689735,7969
6.6045999527,7968
6.60568499565,7967
6.61087799072,7966
6.61388683319,7965
6.61660599709,7964
6.64188098907,7963
6.64778494835,7962
6.65419197083,7961
6.65487599373,7960
6.66703796387,7959
6.7009677887,7958
6.70337581635,7957
6.71533584595,7956
6.72035884857,7955
6.72513985634,7954
6.73977994919,7953
6.7479429245,7952
6.74967479706,7951
6.77470993996,7950
6.78663778305,7949
6.80487394333,7948
6.82261681557,7947
6.82573699951,7946
6.8383898735,7945
6.84356188774,7944
6.84395194054,7943
6.84540081024,7942
6.84766793251,7941
6.84852695465,7940
6.86164093018,7939
6.88552379608,7938
6.93102478981,7937
6.93524384499,7936
6.93802285194,7935
6.95228695869,7934
6.96329593658,7933
6.97475600243,7932
6.99079084396,7931
6.99289679527,7930
6.99630689621,7929
7.00744891167,7928
7.013920784,7927
7.03350782394,7926
7.05341100693,7925
7.08430099487,7924
7.10905694962,7923
7.11790895462,7922
7.12903094292,7921
7.14666795731,7920
7.14776492119,7919
7.15402197838,7918
7.17211198807,7917
7.19202899933,7916
7.21158385277,7915
7.2134578228,7914
7.21860480309,7913
7.2190117836,7912
7.22249889374,7911
7.25255584717,7910
7.25599884987,7909
7.27341079712,7908
7.27943301201,7907
7.29150795937,7906
7.29692387581,7905
7.31863999367,7904
7.32216882706,7903
7.32569789886,7902
7.32612490654,7901
7.32727193832,7900
7.35852599144,7899
7.36013889313,7898
7.36051392555,7897
7.37082290649,7896
7.3736269474,7895
7.37430596352,7894
7.42144393921,7893
7.47694301605,7892
7.501101017,7891
7.52611279488,7890
7.56226801872,7889
7.56751990318,7888
7.57395482063,7887
7.57672190666,7886
7.58053684235,7885
7.59009599686,7884
7.59754085541,7883
7.6000649929,7882
7.61391782761,7881
7.63204097748,7880
7.63297200203,7879
7.64549279213,7878
7.65055394173,7877
7.65297698975,7876
7.66456484795,7875
7.68320298195,7874
7.73230290413,7873
7.73614883423,7872
7.7420759201,7871
7.75571894646,7870
7.76780295372,7869
7.77532100677,7868
7.78842496872,7867
7.79338383675,7866
7.81694197655,7865
7.82380390167,7864
7.82752585411,7863
7.84076690674,7862
7.86204481125,7861
7.86378288269,7860
7.89168000221,7859
7.90664982796,7858
7.90743589401,7857
7.93984699249,7856
7.94529700279,7855
7.97257900238,7854
7.98621201515,7853
7.99459791183,7852
8.02777290344,7851
8.04253697395,7850
8.07628893852,7849
8.0850379467,7848
8.10785484314,7847
8.11089992523,7846
8.11911797523,7845
8.13066601753,7844
8.175552845,7843
8.17802500725,7842
8.17841100693,7841
8.18152689934,7840
8.19745397568,7839
8.21210980415,7838
8.2170279026,7837
8.22854089737,7836
8.23765492439,7835
8.25016283989,7834
8.26339578629,7833
8.26890993118,7832
8.27608180046,7831
8.27960181236,7830
8.28100895882,7829
8.28317284584,7828
8.28626084328,7827
8.30767798424,7826
8.3195579052,7825
8.32205891609,7824
8.39746880531,7823
8.40916395187,7822
8.43061184883,7821
8.46989178658,7820
8.48044300079,7819
8.53614783287,7818
8.576171875,7817
8.59431195259,7816
8.65370202065,7815
8.73650288582,7814
8.74862790108,7813
8.75307488441,7812
8.76614189148,7811
8.81742501259,7810
8.84378099442,7809
8.86184382439,7808
8.87694787979,7807
8.88120698929,7806
8.93076086044,7805
8.94441795349,7804
8.94641494751,7803
8.96711778641,7802
8.98096084595,7801
9.01162290573,7800
9.01248478889,7799
9.03060698509,7798
9.04347896576,7797
9.05815792084,7796
9.07433199883,7795
9.08190083504,7794
9.08395791054,7793
9.11663579941,7792
9.12237000465,7791
9.12927889824,7790
9.16206884384,7789
9.19243383408,7788
9.19646692276,7787
9.20095682144,7786
9.21880984306,7785
9.23461699486,7784
9.29470491409,7783
9.30153393745,7782
9.33712100983,7781
9.34098887444,7780
9.34973692894,7779
9.42651486397,7778
9.43884396553,7777
9.45959591866,7776
9.46694684029,7775
9.47496294975,7774
9.47736978531,7773
9.47800683975,7772
9.48382091522,7771
9.49334001541,7770
9.49969100952,7769
9.52377200127,7768
9.52749085426,7767
9.52851200104,7766
9.54310488701,7765
9.56963682175,7764
9.58377289772,7763
9.59665298462,7762
9.62558484077,7761
9.63504481316,7760
9.67632579803,7759
9.67759585381,7758
9.68861198425,7757
9.69509887695,7756
9.70784878731,7755
9.73229789734,7754
9.74900579453,7753
9.77387690544,7752
9.78649687767,7751
9.80876994133,7750
9.80966281891,7749
9.82268881798,7748
9.84126782417,7747
9.88820195198,7746
9.89566493034,7745
9.90743088722,7744
9.9880797863,7743
9.99172401428,7742
10.0203168392,7741
10.035107851,7740
10.0356538296,7739
10.0418009758,7738
10.0468428135,7737
10.0868418217,7736
10.0981810093,7735
10.1690609455,7734
10.2153508663,7733
10.2476799488,7732
10.2735869884,7731
10.299987793,7730
10.3895919323,7729
10.3987019062,7728
10.4081308842,7727
10.4503338337,7726
10.4985079765,7725
10.5590648651,7724
10.563149929,7723
10.6076798439,7722
10.6373298168,7721
10.657545805,7720
10.6656529903,7719
10.7150399685,7718
10.8200387955,7717
10.8430509567,7716
10.8644969463,7715
10.8719317913,7714
10.8876719475,7713
10.9202578068,7712
10.9413878918,7711
10.9755208492,7710
10.9791088104,7709
10.983109951,7708
11.0366117954,7707
11.0492918491,7706
11.1304810047,7705
11.1658480167,7704
11.1772768497,7703
11.2543609142,7702
11.2678449154,7701
11.2945590019,7700
11.3037548065,7699
11.337736845,7698
11.383671999,7697
11.4165959358,7696
11.4254310131,7695
11.478222847,7694
11.4920108318,7693
11.5642938614,7692
11.6271657944,7691
11.6769218445,7690
11.689620018,7689
11.7108168602,7688
11.7250089645,7687
11.7481169701,7686
11.8329279423,7685
11.8513598442,7684
11.8530008793,7683
11.8736147881,7682
11.8943789005,7681
11.9164149761,7680
11.9252309799,7679
11.9607768059,7678
12.0046958923,7677
12.0529530048,7676
12.0574707985,7675
12.0769429207,7674
12.0850129128,7673
12.0878908634,7672
12.1368298531,7671
12.229434967,7670
12.3613297939,7669
12.3620698452,7668
12.4605588913,7667
12.5604918003,7666
12.6771349907,7665
12.8225038052,7664
12.9091198444,7663
12.9240839481,7662
12.9721608162,7661
12.9780488014,7660
13.0410478115,7659
13.1312668324,7658
13.1505889893,7657
13.2830598354,7656
13.3674519062,7655
13.3733029366,7654
13.3737039566,7653
13.5402348042,7652
13.5453088284,7651
13.6348478794,7650
13.6917829514,7649
13.7164158821,7648
14.052752018,7647
14.2413578033,7646
14.3906447887,7645
14.4092628956,7644
14.5360989571,7643
14.5492928028,7642
14.6317918301,7641
14.7272529602,7640
14.762583971,7639
14.9009737968,7638
14.9116928577,7637
15.023640871,7636
15.0885980129,7635
15.2893228531,7634
15.5347537994,7633
15.6664350033,7632
15.7355439663,7631
15.7657959461,7630
15.8505148888,7629
15.8848519325,7628
15.9014339447,7627
16.0527818203,7626
16.1237778664,7625
16.2833609581,7624
16.2959048748,7623
16.450704813,7622
16.4560928345,7621
16.5969278812,7620
16.6424980164,7619
16.6603929996,7618
16.8108119965,7617
17.0355739594,7616
17.06731987,7615
17.2978909016,7614
17.3488578796,7613
17.4389739037,7612
17.4691038132,7611
17.5903069973,7610
17.6529560089,7609
17.8386518955,7608
17.9026708603,7607
18.2498729229,7606
18.5016548634,7605
18.5621049404,7604
18.6329658031,7603
18.7241590023,7602
18.935751915,7601
19.2971608639,7600
19.4445710182,7599
19.5421059132,7598
30.2776558399,7597
30.4390859604,7596
30.7577769756,7595
30.9088089466,7594
30.9488568306,7593
31.4326620102,7592
31.9857399464,7591
32.0880498886,7590
32.0906298161,7589
32.1743388176,7588
32.6366939545,7587
33.3096849918,7586
33.4835498333,7585
33.577051878,7584
33.7826578617,7583
34.2329318523,7582
34.3672029972,7581
35.1093239784,7580
35.430729866,7579
35.4628639221,7578
35.538741827,7577
38.5251688957,7576
38.7018768787,7575
38.8076889515,7574
38.8536348343,7573
49.1171779633,7572
49.3353128433,7571
49.4453969002,7570
49.4735407829,7569
49.9768238068,7568
49.9876208305,7567
50.200469017,7566
50.2302567959,7565
50.4968178272,7564
51.0666399002,7563
51.1594769955,7562
51.202986002,7561
51.902700901,7560
51.9784708023,7559
52.1300268173,7558
52.7069849968,7557
52.8078448772,7556
53.742784977,7555
54.5165359974,7554
56.4779269695,7553
57.0304698944,7552
57.9495618343,7551
68.2638068199,7550
68.3753678799,7549
68.4587318897,7548
68.5116689205,7547
68.7131538391,7546
68.7927899361,7545
69.3963270187,7544
69.502273798,7543
69.5773999691,7542
70.133425951,7541
70.2687718868,7540
70.6426639557,7539
70.646889925,7538
71.2042868137,7537
71.455121994,7536
71.8430149555,7535
72.9495148659,7534
75.6148159504,7533
76.3859078884,7532
77.2191369534,7531
77.4969258308,7530
77.5364339352,7529
89.8369679451,7528
90.2470269203,7527
90.4342069626,7526
90.5186429024,7525
90.6236519814,7524
91.1450328827,7523
91.3496668339,7522
91.3946709633,7521
91.8264598846,7520
91.9976568222,7519
92.1664688587,7518
93.0300579071,7517
93.6272418499,7516
94.2702569962,7515
95.0187067986,7514
95.0529868603,7513
116.382430792,7512
116.616243839,7511
117.980842829,7510
136.630595922,7509
138.744853973,7508
139.193730831,7507
153.384497881,7506
154.057739019,7505
154.490856886,7504
154.538963795,7503
154.60875988,7502
156.88150692,7501
158.258754969,7500
159.826900005,7499
159.883593798,7498
174.251932859,7497
174.45894599,7496
174.889081955,7495
175.174444914,7494
176.380482912,7493
176.512344837,7492
176.731673956,7491
177.454702854,7490
179.68866396,7489
195.085707903,7488
195.09334898,7487
196.177415848,7486
196.2400949,7485
196.327468872,7484
198.48326993,7483
198.905292988,7482
199.187582016,7481
199.994383812,7480
202.060921907,7479
244.096853018,7478
244.910090923,7477
261.871212959,7476
262.167907953,7475
265.048615932,7474
265.629835844,7473
280.917042971,7472
281.418392897,7471
281.760504007,7470
281.797482014,7469
282.271412849,7468
283.65950489,7467
285.113413811,7466
285.399652958,7465
300.07751894,7464
302.541487932,7463
305.346033812,7462
323.665283918,7461
325.072896957,7460
325.186971903,7459
325.350566864,7458
338.856097937,7457
339.558077812,7456
341.314116955,7455
341.844448805,7454
358.090040922,7453
358.279754877,7452
359.87545681,7451
360.049735785,7450
360.132648945,7449
361.586580992,7448
365.362770796,7447
382.841850996,7446
399.861746788,7445
400.953033924,7444
402.575244904,7443
403.601161003,7442
421.565410852,7441
424.105748892,7440
