0.0911281108856,11022
0.0916550159454,11021
0.0924050807953,11020
0.0929071903229,11019
0.0935730934143,11018
0.0942640304565,11017
0.0947890281677,11016
0.0957310199738,11015
0.0962281227112,11014
0.0971851348877,11013
0.0980219841003,11012
0.098414182663,11011
0.0989081859589,11010
0.0993661880493,11009
0.100217103958,11008
0.100797176361,11007
0.10163807869,11006
0.102343082428,11005
0.10285115242,11004
0.103646039963,11003
0.104171991348,11002
0.104695081711,11001
0.105108976364,11000
0.105890989304,10999
0.106315135956,10998
0.10683298111,10997
0.107536077499,10996
0.108055114746,10995
0.108530044556,10994
0.109472036362,10993
0.110298156738,10992
0.111133098602,10991
0.111675024033,10990
0.113291025162,10989
0.114085197449,10988
0.114603042603,10987
0.115420103073,10986
0.116185188293,10985
0.116710186005,10984
0.117453098297,10983
0.118178129196,10982
0.118888139725,10981
0.119395017624,10980
0.120016098022,10979
0.120532989502,10978
0.121227025986,10977
0.122084140778,10976
0.122898101807,10975
0.123680114746,10974
0.124365091324,10973
0.12505698204,10972
0.12571310997,10971
0.126214981079,10970
0.126723051071,10969
0.12744808197,10968
0.128209114075,10967
0.128884077072,10966
0.129649162292,10965
0.130568027496,10964
0.131044149399,10963
0.132143974304,10962
0.133394002914,10961
0.133903026581,10960
0.134783029556,10959
0.135277986526,10958
0.135735988617,10957
0.136249065399,10956
0.136757135391,10955
0.13741517067,10954
0.138215065002,10953
0.13872718811,10952
0.139415025711,10951
0.140067100525,10950
0.140577077866,10949
0.141790151596,10948
0.142666101456,10947
0.143311977386,10946
0.143829107285,10945
0.144321203232,10944
0.14482998848,10943
0.145347118378,10942
0.145775079727,10941
0.146578073502,10940
0.147065162659,10939
0.147974967957,10938
0.148677110672,10937
0.149574995041,10936
0.150144100189,10935
0.150660037994,10934
0.151113986969,10933
0.151556015015,10932
0.152077198029,10931
0.152590036392,10930
0.153338193893,10929
0.15377497673,10928
0.154249191284,10927
0.154757022858,10926
0.155655145645,10925
0.156157016754,10924
0.157588005066,10923
0.158092021942,10922
0.158541202545,10921
0.159452199936,10920
0.159840106964,10919
0.160338163376,10918
0.161128997803,10917
0.161622047424,10916
0.16214799881,10915
0.162798166275,10914
0.163298130035,10913
0.163817167282,10912
0.164329051971,10911
0.16518497467,10910
0.16569018364,10909
0.166198968887,10908
0.166879177094,10907
0.167315006256,10906
0.168348073959,10905
0.169672012329,10904
0.170179128647,10903
0.170690059662,10902
0.171607971191,10901
0.172482967377,10900
0.173603057861,10899
0.174254179001,10898
0.175300121307,10897
0.175812005997,10896
0.176453113556,10895
0.17724108696,10894
0.177708148956,10893
0.178220033646,10892
0.178666114807,10891
0.179296016693,10890
0.179916143417,10889
0.18067908287,10888
0.181559085846,10887
0.182222127914,10886
0.182671070099,10885
0.183543205261,10884
0.18485212326,10883
0.185492038727,10882
0.18597817421,10881
0.186845064163,10880
0.187339067459,10879
0.187848091125,10878
0.188273191452,10877
0.18869805336,10876
0.189572095871,10875
0.190487146378,10874
0.190984010696,10873
0.192040205002,10872
0.192578077316,10871
0.193029165268,10870
0.193969011307,10869
0.194768190384,10868
0.195904970169,10867
0.196526050568,10866
0.197467088699,10865
0.197990179062,10864
0.198482036591,10863
0.198904037476,10862
0.199345111847,10861
0.200183153152,10860
0.201032161713,10859
0.201954126358,10858
0.202464103699,10857
0.203166007996,10856
0.203675985336,10855
0.204189062119,10854
0.204703092575,10853
0.205571174622,10852
0.206020116806,10851
0.206925153732,10850
0.207740068436,10849
0.208616018295,10848
0.209125995636,10847
0.210257053375,10846
0.210764169693,10845
0.211261034012,10844
0.211766004562,10843
0.212969064713,10842
0.213756084442,10841
0.21444606781,10840
0.215106010437,10839
0.21554017067,10838
0.216557025909,10837
0.216995000839,10836
0.217709064484,10835
0.218597173691,10834
0.219078063965,10833
0.219722032547,10832
0.220172166824,10831
0.220940113068,10830
0.221405029297,10829
0.222030162811,10828
0.222536087036,10827
0.223181009293,10826
0.223914146423,10825
0.224426984787,10824
0.225335121155,10823
0.225766181946,10822
0.226179122925,10821
0.226807117462,10820
0.227308988571,10819
0.227974176407,10818
0.228458166122,10817
0.228903055191,10816
0.229840040207,10815
0.230285167694,10814
0.231158018112,10813
0.23165512085,10812
0.232146024704,10811
0.233033180237,10810
0.233685016632,10809
0.234392166138,10808
0.235072135925,10807
0.235915184021,10806
0.236983060837,10805
0.238331079483,10804
0.239197015762,10803
0.24102306366,10802
0.241517066956,10801
0.242165088654,10800
0.243494033813,10799
0.244513034821,10798
0.245027065277,10797
0.245434999466,10796
0.245926141739,10795
0.246381998062,10794
0.247056007385,10793
0.248119115829,10792
0.248929977417,10791
0.2497651577,10790
0.250643968582,10789
0.251801013947,10788
0.252607107162,10787
0.253491163254,10786
0.254348039627,10785
0.255212068558,10784
0.255915164948,10783
0.256425142288,10782
0.256831169128,10781
0.257323980331,10780
0.258020162582,10779
0.258933067322,10778
0.259374141693,10777
0.260231018066,10776
0.260712146759,10775
0.261574983597,10774
0.262247085571,10773
0.264211177826,10772
0.264646053314,10771
0.26514005661,10770
0.26588511467,10769
0.266659021378,10768
0.267176151276,10767
0.267888069153,10766
0.268398046494,10765
0.269116163254,10764
0.270055055618,10763
0.270811080933,10762
0.271315097809,10761
0.27198600769,10760
0.272495031357,10759
0.273325204849,10758
0.273742198944,10757
0.274645090103,10756
0.275680065155,10755
0.27639913559,10754
0.277091026306,10753
0.277601003647,10752
0.279170036316,10751
0.279671192169,10750
0.280166149139,10749
0.280622005463,10748
0.2811191082,10747
0.281788110733,10746
0.28253698349,10745
0.282965183258,10744
0.283997058868,10743
0.284496068954,10742
0.284910202026,10741
0.285806179047,10740
0.286432027817,10739
0.287227153778,10738
0.28799700737,10737
0.288822174072,10736
0.289546012878,10735
0.290706157684,10734
0.291139125824,10733
0.291824102402,10732
0.292244195938,10731
0.292747974396,10730
0.293246984482,10729
0.293747186661,10728
0.294260978699,10727
0.294749975204,10726
0.295485973358,10725
0.296148061752,10724
0.297369003296,10723
0.29812502861,10722
0.298983097076,10721
0.299488067627,10720
0.300711154938,10719
0.301177024841,10718
0.301953077316,10717
0.30282998085,10716
0.303333997726,10715
0.304196119308,10714
0.304990053177,10713
0.305502176285,10712
0.30601811409,10711
0.306524038315,10710
0.307244062424,10709
0.308346986771,10708
0.308979034424,10707
0.309645175934,10706
0.310679197311,10705
0.311100006104,10704
0.311762094498,10703
0.312267065048,10702
0.312740087509,10701
0.313480138779,10700
0.314399003983,10699
0.315232992172,10698
0.315620183945,10697
0.316363096237,10696
0.316997051239,10695
0.317495107651,10694
0.318600177765,10693
0.31902217865,10692
0.321087121964,10691
0.322110176086,10690
0.322602033615,10689
0.323107004166,10688
0.32377409935,10687
0.324407100677,10686
0.325119972229,10685
0.325549125671,10684
0.326174020767,10683
0.327341079712,10682
0.327845096588,10681
0.328627109528,10680
0.329111099243,10679
0.329804182053,10678
0.330211162567,10677
0.331742048264,10676
0.332242012024,10675
0.333492994308,10674
0.334007978439,10673
0.334676027298,10672
0.335681200027,10671
0.336157083511,10670
0.336642980576,10669
0.337544202805,10668
0.338435173035,10667
0.339217185974,10666
0.339709043503,10665
0.340198040009,10664
0.341063976288,10663
0.341559171677,10662
0.342931985855,10661
0.343429088593,10660
0.343945980072,10659
0.344402074814,10658
0.345298051834,10657
0.346045970917,10656
0.346836090088,10655
0.347330093384,10654
0.347767114639,10653
0.348263978958,10652
0.349550008774,10651
0.350310087204,10650
0.350783109665,10649
0.351207017899,10648
0.352013111115,10647
0.352454185486,10646
0.352877140045,10645
0.353296041489,10644
0.354051113129,10643
0.354547977448,10642
0.355365991592,10641
0.355846166611,10640
0.356275081635,10639
0.356708049774,10638
0.357208967209,10637
0.358057022095,10636
0.358553171158,10635
0.360300064087,10634
0.360802173615,10633
0.361624002457,10632
0.363510131836,10631
0.364196062088,10630
0.36465215683,10629
0.365704059601,10628
0.366185188293,10627
0.367554187775,10626
0.368408203125,10625
0.369899988174,10624
0.370365142822,10623
0.370835065842,10622
0.371307134628,10621
0.372145175934,10620
0.37352514267,10619
0.374011993408,10618
0.37479019165,10617
0.375533103943,10616
0.376013040543,10615
0.376726150513,10614
0.377341032028,10613
0.377846002579,10612
0.378332138062,10611
0.378808021545,10610
0.379497051239,10609
0.380375146866,10608
0.381242990494,10607
0.382593154907,10606
0.383308172226,10605
0.383944988251,10604
0.384611129761,10603
0.385097980499,10602
0.38658118248,10601
0.387526035309,10600
0.38974404335,10599
0.390215158463,10598
0.390689134598,10597
0.391175985336,10596
0.391631126404,10595
0.392812013626,10594
0.393238067627,10593
0.393742084503,10592
0.394240140915,10591
0.394680976868,10590
0.395132064819,10589
0.395615100861,10588
0.396469116211,10587
0.396957159042,10586
0.397428035736,10585
0.397895097733,10584
0.398784160614,10583
0.399662971497,10582
0.400124073029,10581
0.400968074799,10580
0.401761054993,10579
0.402235984802,10578
0.402739048004,10577
0.403167009354,10576
0.403591156006,10575
0.404726982117,10574
0.405208110809,10573
0.405709028244,10572
0.406603097916,10571
0.407318115234,10570
0.408512115479,10569
0.408931970596,10568
0.41007900238,10567
0.410742044449,10566
0.411620140076,10565
0.412333011627,10564
0.414000034332,10563
0.414399147034,10562
0.415059089661,10561
0.415848016739,10560
0.416483163834,10559
0.417330980301,10558
0.417802095413,10557
0.418696165085,10556
0.419355154037,10555
0.420235157013,10554
0.420706987381,10553
0.422677993774,10552
0.423618078232,10551
0.425951004028,10550
0.426393032074,10549
0.427388191223,10548
0.428268194199,10547
0.429249048233,10546
0.430262088776,10545
0.43097615242,10544
0.431475162506,10543
0.43234205246,10542
0.433573007584,10541
0.434288024902,10540
0.434789180756,10539
0.435902118683,10538
0.437050104141,10537
0.437916040421,10536
0.438585996628,10535
0.43964099884,10534
0.440073013306,10533
0.440764188766,10532
0.442596197128,10531
0.443437099457,10530
0.443865060806,10529
0.444354057312,10528
0.445840120316,10527
0.446323156357,10526
0.447426080704,10525
0.447908163071,10524
0.44951415062,10523
0.449932098389,10522
0.450818061829,10521
0.451452970505,10520
0.452522039413,10519
0.453323125839,10518
0.454035043716,10517
0.454507112503,10516
0.455571174622,10515
0.456284046173,10514
0.457399129868,10513
0.457873106003,10512
0.459313154221,10511
0.460424184799,10510
0.461119174957,10509
0.462126016617,10508
0.463332176208,10507
0.463823080063,10506
0.464910984039,10505
0.466076135635,10504
0.46651506424,10503
0.467014074326,10502
0.46750497818,10501
0.468647003174,10500
0.469261169434,10499
0.46976017952,10498
0.470641136169,10497
0.471640110016,10496
0.472113132477,10495
0.472552061081,10494
0.473172187805,10493
0.473770141602,10492
0.474272012711,10491
0.47537612915,10490
0.476055145264,10489
0.476876020432,10488
0.477917194366,10487
0.478414058685,10486
0.479077100754,10485
0.480452060699,10484
0.48163819313,10483
0.482601165771,10482
0.484769105911,10481
0.485462188721,10480
0.486835002899,10479
0.487665176392,10478
0.488195180893,10477
0.489294052124,10476
0.489737987518,10475
0.490221977234,10474
0.490681171417,10473
0.491180181503,10472
0.491849184036,10471
0.492652177811,10470
0.493682146072,10469
0.494183063507,10468
0.494663000107,10467
0.495172023773,10466
0.495576143265,10465
0.496064186096,10464
0.496714115143,10463
0.497867107391,10462
0.498373985291,10461
0.498883008957,10460
0.49933218956,10459
0.499808073044,10458
0.500491142273,10457
0.500962018967,10456
0.501410007477,10455
0.501918077469,10454
0.502668142319,10453
0.503525018692,10452
0.504264116287,10451
0.50594997406,10450
0.506566047668,10449
0.507024049759,10448
0.507457971573,10447
0.50795507431,10446
0.508854150772,10445
0.509325027466,10444
0.509980201721,10443
0.510447978973,10442
0.510890007019,10441
0.511381149292,10440
0.511852025986,10439
0.512489080429,10438
0.513116121292,10437
0.513772010803,10436
0.514582157135,10435
0.515398979187,10434
0.516770124435,10433
0.517865180969,10432
0.518736124039,10431
0.51916217804,10430
0.520064115524,10429
0.520809173584,10428
0.521794080734,10427
0.523013114929,10426
0.523677110672,10425
0.524116039276,10424
0.524736166,10423
0.525222063065,10422
0.528772115707,10421
0.529252052307,10420
0.530131101608,10419
0.531745195389,10418
0.532518148422,10417
0.533011198044,10416
0.534871101379,10415
0.535351037979,10414
0.536405086517,10413
0.536875009537,10412
0.538129091263,10411
0.539232969284,10410
0.540567159653,10409
0.541177988052,10408
0.541818141937,10407
0.543107032776,10406
0.544214010239,10405
0.544680118561,10404
0.546581983566,10403
0.547869205475,10402
0.548906087875,10401
0.549399137497,10400
0.549929141998,10399
0.55096411705,10398
0.55145907402,10397
0.551922082901,10396
0.552532196045,10395
0.552958011627,10394
0.554179191589,10393
0.555379152298,10392
0.555850028992,10391
0.557572126389,10390
0.558353185654,10389
0.559250116348,10388
0.559702157974,10387
0.561330080032,10386
0.561812162399,10385
0.56248998642,10384
0.563336133957,10383
0.563832998276,10382
0.564419984818,10381
0.564913988113,10380
0.56605219841,10379
0.566827058792,10378
0.568219184875,10377
0.569595098495,10376
0.57007598877,10375
0.570552110672,10374
0.57123708725,10373
0.572122097015,10372
0.573210000992,10371
0.574090003967,10370
0.575239181519,10369
0.576457023621,10368
0.57727599144,10367
0.577665090561,10366
0.578706979752,10365
0.579418182373,10364
0.580873012543,10363
0.581623077393,10362
0.582548141479,10361
0.58318400383,10360
0.583657979965,10359
0.584542036057,10358
0.585672140121,10357
0.5862159729,10356
0.587191104889,10355
0.588052988052,10354
0.588504076004,10353
0.589384078979,10352
0.58983707428,10351
0.590456008911,10350
0.59138417244,10349
0.591987133026,10348
0.594292163849,10347
0.596211194992,10346
0.596681118011,10345
0.597136974335,10344
0.597998142242,10343
0.599054098129,10342
0.600700139999,10341
0.601572036743,10340
0.602042198181,10339
0.602869987488,10338
0.60333108902,10337
0.605333089828,10336
0.607020139694,10335
0.608297109604,10334
0.609411001205,10333
0.610285043716,10332
0.610777139664,10331
0.611410140991,10330
0.611832141876,10329
0.612684011459,10328
0.613167047501,10327
0.614770174026,10326
0.617280006409,10325
0.617743968964,10324
0.618704080582,10323
0.619199991226,10322
0.619678020477,10321
0.621592998505,10320
0.622397184372,10319
0.622820138931,10318
0.624452114105,10317
0.625612020493,10316
0.6265001297,10315
0.627273082733,10314
0.627722978592,10313
0.628759145737,10312
0.629582166672,10311
0.630077123642,10310
0.631321191788,10309
0.632399082184,10308
0.632873058319,10307
0.634019136429,10306
0.635307073593,10305
0.636198043823,10304
0.637611150742,10303
0.638427019119,10302
0.639187097549,10301
0.641353130341,10300
0.642510175705,10299
0.642976045609,10298
0.643967151642,10297
0.644833087921,10296
0.645303010941,10295
0.646200180054,10294
0.646667003632,10293
0.648609161377,10292
0.649094104767,10291
0.64955997467,10290
0.651000976562,10289
0.651785135269,10288
0.652228116989,10287
0.653789997101,10286
0.654265165329,10285
0.65570306778,10284
0.65785908699,10283
0.65956902504,10282
0.660284042358,10281
0.661800146103,10280
0.662322044373,10279
0.66300201416,10278
0.663712978363,10277
0.664529085159,10276
0.666691064835,10275
0.667201042175,10274
0.668539047241,10273
0.669049978256,10272
0.669569969177,10271
0.670818090439,10270
0.671761989594,10269
0.672816991806,10268
0.674353122711,10267
0.675393104553,10266
0.676279067993,10265
0.67733502388,10264
0.677780151367,10263
0.678256034851,10262
0.678740978241,10261
0.679262161255,10260
0.679999113083,10259
0.681207180023,10258
0.681754112244,10257
0.683472156525,10256
0.684020042419,10255
0.684741020203,10254
0.686199188232,10253
0.687043190002,10252
0.688251018524,10251
0.688704013824,10250
0.689753055573,10249
0.691862106323,10248
0.693377971649,10247
0.693876981735,10246
0.696160078049,10245
0.697301149368,10244
0.697812080383,10243
0.698367118835,10242
0.699124097824,10241
0.699886083603,10240
0.700860023499,10239
0.702167987823,10238
0.702668190002,10237
0.704073190689,10236
0.704601049423,10235
0.705689191818,10234
0.706199169159,10233
0.706866979599,10232
0.707576036453,10231
0.708067178726,10230
0.708789110184,10229
0.709300994873,10228
0.711312055588,10227
0.711975097656,10226
0.712453126907,10225
0.713690042496,10224
0.714956045151,10223
0.715422153473,10222
0.716610193253,10221
0.717145204544,10220
0.718912124634,10219
0.719457149506,10218
0.71998500824,10217
0.720632076263,10216
0.721745967865,10215
0.72371006012,10214
0.724156141281,10213
0.727518081665,10212
0.728617191315,10211
0.729079008102,10210
0.729540109634,10209
0.730645179749,10208
0.731379985809,10207
0.732392072678,10206
0.733268976212,10205
0.73374915123,10204
0.734250068665,10203
0.734728097916,10202
0.735783100128,10201
0.736268997192,10200
0.736735105515,10199
0.737800121307,10198
0.73831820488,10197
0.738831043243,10196
0.73973608017,10195
0.740254163742,10194
0.740746974945,10193
0.741257190704,10192
0.741693019867,10191
0.742542028427,10190
0.742997169495,10189
0.744100093842,10188
0.744950056076,10187
0.746798038483,10186
0.747498035431,10185
0.748707056046,10184
0.749233007431,10183
0.749739170074,10182
0.750403165817,10181
0.751285076141,10180
0.752334117889,10179
0.753458023071,10178
0.753966093063,10177
0.755676031113,10176
0.756424188614,10175
0.757743120193,10174
0.758248090744,10173
0.758761167526,10172
0.759265184402,10171
0.759793996811,10170
0.762030124664,10169
0.76281619072,10168
0.764024019241,10167
0.765999078751,10166
0.766730070114,10165
0.767403125763,10164
0.767877101898,10163
0.768562078476,10162
0.769081115723,10161
0.769596099854,10160
0.770367145538,10159
0.771532058716,10158
0.771978139877,10157
0.772680044174,10156
0.773315191269,10155
0.773858070374,10154
0.774370193481,10153
0.774890184402,10152
0.775400161743,10151
0.77702498436,10150
0.777501106262,10149
0.778926134109,10148
0.780040025711,10147
0.781031131744,10146
0.782212018967,10145
0.782685995102,10144
0.78338599205,10143
0.784444093704,10142
0.786349058151,10141
0.787842988968,10140
0.788722038269,10139
0.789580106735,10138
0.79052901268,10137
0.791040182114,10136
0.794428110123,10135
0.794917106628,10134
0.795761108398,10133
0.796913146973,10132
0.79806303978,10131
0.798506975174,10130
0.799604177475,10129
0.80013012886,10128
0.800981044769,10127
0.801429033279,10126
0.802549123764,10125
0.804808139801,10124
0.805322170258,10123
0.806027173996,10122
0.807177066803,10121
0.807901144028,10120
0.808396100998,10119
0.810269117355,10118
0.811140060425,10117
0.812458992004,10116
0.812918186188,10115
0.813541173935,10114
0.814021110535,10113
0.814465045929,10112
0.815468072891,10111
0.817276000977,10110
0.818157196045,10109
0.818920135498,10108
0.819514989853,10107
0.820569038391,10106
0.822259187698,10105
0.822736978531,10104
0.823541164398,10103
0.827365159988,10102
0.829429149628,10101
0.830285072327,10100
0.830767154694,10099
0.832491159439,10098
0.833340167999,10097
0.834488153458,10096
0.834977149963,10095
0.835623025894,10094
0.836631059647,10093
0.837649106979,10092
0.838292121887,10091
0.839371204376,10090
0.839793205261,10089
0.840464115143,10088
0.841843128204,10087
0.842482089996,10086
0.843599081039,10085
0.844607114792,10084
0.845084190369,10083
0.847081184387,10082
0.848075151443,10081
0.849747180939,10080
0.851169109344,10079
0.851755142212,10078
0.853672981262,10077
0.854343175888,10076
0.855188131332,10075
0.85585308075,10074
0.85667014122,10073
0.858057975769,10072
0.8585460186,10071
0.858986139297,10070
0.859986066818,10069
0.861631155014,10068
0.862127065659,10067
0.86311507225,10066
0.863597154617,10065
0.864644050598,10064
0.865552186966,10063
0.866271972656,10062
0.86674618721,10061
0.867541074753,10060
0.868021011353,10059
0.868494033813,10058
0.869460105896,10057
0.870374202728,10056
0.870857000351,10055
0.872189044952,10054
0.872611999512,10053
0.875231981277,10052
0.877097129822,10051
0.877580165863,10050
0.878027200699,10049
0.878453969955,10048
0.88033914566,10047
0.882213115692,10046
0.882673025131,10045
0.883155107498,10044
0.884095191956,10043
0.885115146637,10042
0.885730028152,10041
0.886207103729,10040
0.8893430233,10039
0.889953136444,10038
0.890431165695,10037
0.891308069229,10036
0.891719102859,10035
0.892670154572,10034
0.893725156784,10033
0.896296024323,10032
0.896779060364,10031
0.89858007431,10030
0.899281978607,10029
0.899769067764,10028
0.900241136551,10027
0.901108026505,10026
0.901961088181,10025
0.903038024902,10024
0.905667066574,10023
0.906128168106,10022
0.906601190567,10021
0.908022165298,10020
0.909048080444,10019
0.9094851017,10018
0.910256147385,10017
0.910928010941,10016
0.911362171173,10015
0.912162065506,10014
0.912795066833,10013
0.913278102875,10012
0.913938999176,10011
0.914663076401,10010
0.915320158005,10009
0.916584968567,10008
0.917437076569,10007
0.918167114258,10006
0.918837070465,10005
0.91951417923,10004
0.91997718811,10003
0.921204090118,10002
0.921670198441,10001
0.922183036804,10000
0.922644138336,9999
0.923578977585,9998
0.92446398735,9997
0.92518901825,9996
0.925831079483,9995
0.926298141479,9994
0.926932096481,9993
0.927940130234,9992
0.929013967514,9991
0.929682970047,9990
0.930474042892,9989
0.931338071823,9988
0.9330971241,9987
0.93480014801,9986
0.93527007103,9985
0.935757160187,9984
0.936165094376,9983
0.937216997147,9982
0.93793296814,9981
0.938371181488,9980
0.939694166183,9979
0.940442085266,9978
0.94130396843,9977
0.941977977753,9976
0.943665981293,9975
0.94414305687,9974
0.945444107056,9973
0.946645021439,9972
0.947322130203,9971
0.948096990585,9970
0.949167013168,9969
0.949640989304,9968
0.95035815239,9967
0.951799154282,9966
0.952221155167,9965
0.95269203186,9964
0.953159093857,9963
0.953752994537,9962
0.954995155334,9961
0.956243991852,9960
0.956990003586,9959
0.957612991333,9958
0.959238052368,9957
0.959702014923,9956
0.960952997208,9955
0.961380004883,9954
0.96186709404,9953
0.962687969208,9952
0.963694095612,9951
0.964192152023,9950
0.966310024261,9949
0.96697807312,9948
0.968580007553,9947
0.9700050354,9946
0.97087097168,9945
0.971349000931,9944
0.972365140915,9943
0.972832202911,9942
0.973306179047,9941
0.975553035736,9940
0.976822137833,9939
0.977257013321,9938
0.978734970093,9937
0.979149103165,9936
0.980132102966,9935
0.98132109642,9934
0.981757164001,9933
0.98222899437,9932
0.983795166016,9931
0.985063076019,9930
0.985543012619,9929
0.986225128174,9928
0.987572193146,9927
0.988326072693,9926
0.988804101944,9925
0.990082979202,9924
0.991733074188,9923
0.992326974869,9922
0.992972135544,9921
0.993442058563,9920
0.994542121887,9919
0.995004177094,9918
0.996049165726,9917
0.996472120285,9916
0.997244119644,9915
0.997694015503,9914
0.998373031616,9913
0.999385118484,9912
1.00024604797,9911
1.00164914131,9910
1.00266909599,9909
1.00382804871,9908
1.00540113449,9907
1.00587797165,9906
1.00633811951,9905
1.00732207298,9904
1.0077559948,9903
1.00877809525,9902
1.01055407524,9901
1.01129412651,9900
1.01196312904,9899
1.01289916039,9898
1.01492404938,9897
1.0160741806,9896
1.01732802391,9895
1.02000403404,9894
1.02120804787,9893
1.02404499054,9892
1.02508807182,9891
1.0273001194,9890
1.02874016762,9889
1.02944111824,9888
1.03025913239,9887
1.03067803383,9886
1.03111505508,9885
1.03191018105,9884
1.0323741436,9883
1.03279018402,9882
1.03361201286,9881
1.03584218025,9880
1.03650212288,9879
1.03696012497,9878
1.03762102127,9877
1.03831219673,9876
1.04016017914,9875
1.0409450531,9874
1.04172706604,9873
1.04221796989,9872
1.04264116287,9871
1.04412913322,9870
1.04450011253,9869
1.04534816742,9868
1.04631400108,9867
1.04694104195,9866
1.0477950573,9865
1.04858112335,9864
1.05037403107,9863
1.05080318451,9862
1.05499601364,9861
1.05693912506,9860
1.05770015717,9859
1.05817103386,9858
1.05879497528,9857
1.05960202217,9856
1.06065201759,9855
1.06210017204,9854
1.06256914139,9853
1.06378602982,9852
1.06444501877,9851
1.06490302086,9850
1.06536006927,9849
1.06584620476,9848
1.06730318069,9847
1.06925702095,9846
1.07096219063,9845
1.07142615318,9844
1.07208418846,9843
1.07289409637,9842
1.0737221241,9841
1.07661414146,9840
1.07707810402,9839
1.07831215858,9838
1.07923007011,9837
1.08121299744,9836
1.08207511902,9835
1.08443617821,9834
1.0848531723,9833
1.08552408218,9832
1.08695816994,9831
1.08952498436,9830
1.09001207352,9829
1.09047913551,9828
1.09092211723,9827
1.09196019173,9826
1.09267711639,9825
1.09371519089,9824
1.0958480835,9823
1.09723997116,9822
1.097687006,9821
1.09805703163,9820
1.09872412682,9819
1.09914016724,9818
1.10158514977,9817
1.1023581028,9816
1.10398817062,9815
1.10474014282,9814
1.10567498207,9813
1.10657000542,9812
1.10797309875,9811
1.10890007019,9810
1.10940217972,9809
1.10988211632,9808
1.11066818237,9807
1.11131119728,9806
1.11175298691,9805
1.11254310608,9804
1.11349415779,9803
1.11415910721,9802
1.11529517174,9801
1.11675620079,9800
1.11723613739,9799
1.11764907837,9798
1.11812019348,9797
1.12005710602,9796
1.12251806259,9795
1.12298512459,9794
1.12489008904,9793
1.12649416924,9792
1.1270430088,9791
1.12770700455,9790
1.12829399109,9789
1.1304371357,9788
1.130849123,9787
1.13170599937,9786
1.1339430809,9785
1.13439917564,9784
1.13653612137,9783
1.13699913025,9782
1.13822197914,9781
1.13997197151,9780
1.14036512375,9779
1.140802145,9778
1.14389610291,9777
1.14462900162,9776
1.14618897438,9775
1.1478471756,9774
1.14852118492,9773
1.14917302132,9772
1.15057516098,9771
1.15187597275,9770
1.1532201767,9769
1.15369796753,9768
1.15416312218,9767
1.15464019775,9766
1.15567708015,9765
1.15645217896,9764
1.15736413002,9763
1.15784597397,9762
1.15829014778,9761
1.15929603577,9760
1.16037511826,9759
1.16121101379,9758
1.16218805313,9757
1.16385412216,9756
1.16548204422,9755
1.16785216331,9754
1.16845417023,9753
1.16929006577,9752
1.17095804214,9751
1.17143106461,9750
1.17228102684,9749
1.17320299149,9748
1.17417907715,9747
1.17541718483,9746
1.17692613602,9745
1.17739605904,9744
1.17782998085,9743
1.17927503586,9742
1.18101000786,9741
1.1816880703,9740
1.18244504929,9739
1.18290400505,9738
1.18337607384,9737
1.18519806862,9736
1.18722605705,9735
1.18819403648,9734
1.18860316277,9733
1.189027071,9732
1.18960618973,9731
1.19008111954,9730
1.1919760704,9729
1.19263911247,9728
1.19421219826,9727
1.19469118118,9726
1.1951789856,9725
1.19752311707,9724
1.19799804688,9723
1.19851517677,9722
1.19893813133,9721
1.19951701164,9720
1.19998002052,9719
1.20088720322,9718
1.20303702354,9717
1.20348310471,9716
1.20461201668,9715
1.20504212379,9714
1.20628714561,9713
1.20867300034,9712
1.20943403244,9711
1.21113920212,9710
1.21159601212,9709
1.21432709694,9708
1.21511816978,9707
1.21782708168,9706
1.2184741497,9705
1.22185111046,9704
1.2237830162,9703
1.22558808327,9702
1.22691702843,9701
1.22818207741,9700
1.22858810425,9699
1.22901511192,9698
1.22946405411,9697
1.23012399673,9696
1.23058700562,9695
1.2323050499,9694
1.23401212692,9693
1.23442602158,9692
1.23584103584,9691
1.23955011368,9690
1.24141311646,9689
1.24212503433,9688
1.24316000938,9687
1.24539613724,9686
1.24580717087,9685
1.24627518654,9684
1.24670600891,9683
1.24790716171,9682
1.24852108955,9681
1.25039315224,9680
1.25255918503,9679
1.25296616554,9678
1.25343513489,9677
1.25445199013,9676
1.25516605377,9675
1.25619602203,9674
1.25800013542,9673
1.25914907455,9672
1.25986409187,9671
1.26071310043,9670
1.26113414764,9669
1.26326417923,9668
1.26391220093,9667
1.26560211182,9666
1.2662460804,9665
1.26670598984,9664
1.26772999763,9663
1.26840305328,9662
1.27056002617,9661
1.27099013329,9660
1.27277898788,9659
1.27357411385,9658
1.27722406387,9657
1.27763104439,9656
1.27806806564,9655
1.2787091732,9654
1.27980804443,9653
1.28061413765,9652
1.28125500679,9651
1.28281402588,9650
1.2853910923,9649
1.28647208214,9648
1.28694200516,9647
1.28736901283,9646
1.28982520103,9645
1.29282307625,9644
1.29322600365,9643
1.29523015022,9642
1.29579806328,9641
1.29702997208,9640
1.2976770401,9639
1.30042719841,9638
1.30171918869,9637
1.30250000954,9636
1.30483698845,9635
1.30674219131,9634
1.30718207359,9633
1.31007814407,9632
1.31067109108,9631
1.31208515167,9630
1.31286001205,9629
1.31409215927,9628
1.31456112862,9627
1.31863117218,9626
1.31982207298,9625
1.32024717331,9624
1.32134604454,9623
1.32421898842,9622
1.32504415512,9621
1.3259871006,9620
1.32645916939,9619
1.32693099976,9618
1.32915496826,9617
1.33218407631,9616
1.33380198479,9615
1.33669805527,9614
1.33784103394,9613
1.33864116669,9612
1.34082603455,9611
1.34128808975,9610
1.34259915352,9609
1.34400105476,9608
1.34458804131,9607
1.34502911568,9606
1.34606909752,9605
1.34930419922,9604
1.34995913506,9603
1.35037302971,9602
1.35079097748,9601
1.35125803947,9600
1.35250306129,9599
1.3555290699,9598
1.35652899742,9597
1.35805916786,9596
1.35957217216,9595
1.36003804207,9594
1.36063098907,9593
1.36103510857,9592
1.36143803596,9591
1.36352801323,9590
1.36430716515,9589
1.36493015289,9588
1.36605501175,9587
1.36649107933,9586
1.3687620163,9585
1.37007403374,9584
1.37601208687,9583
1.37660717964,9582
1.37754607201,9581
1.37817907333,9580
1.38101506233,9579
1.38178610802,9578
1.38436198235,9577
1.38478803635,9576
1.38691997528,9575
1.38762116432,9574
1.38944816589,9573
1.39028215408,9572
1.39093518257,9571
1.3920981884,9570
1.39468717575,9569
1.39584708214,9568
1.39626002312,9567
1.39740014076,9566
1.3978509903,9565
1.40018510818,9564
1.40121912956,9563
1.40187001228,9562
1.40301012993,9561
1.40435814857,9560
1.40481805801,9559
1.40541505814,9558
1.40635418892,9557
1.40795016289,9556
1.40916419029,9555
1.41022706032,9554
1.41070008278,9553
1.41112709045,9552
1.41309213638,9551
1.41377615929,9550
1.41537499428,9549
1.41664910316,9548
1.41824197769,9547
1.42072319984,9546
1.4211909771,9545
1.42161512375,9544
1.42229199409,9543
1.42384910583,9542
1.42430996895,9541
1.42496013641,9540
1.4254090786,9539
1.4262201786,9538
1.42721104622,9537
1.42802715302,9536
1.42915511131,9535
1.43136620522,9534
1.43182110786,9533
1.43301010132,9532
1.43422913551,9531
1.43524217606,9530
1.43795919418,9529
1.44283914566,9528
1.44329404831,9527
1.44371604919,9526
1.44414710999,9525
1.44730305672,9524
1.44906210899,9523
1.45090699196,9522
1.4517261982,9521
1.45250701904,9520
1.45356297493,9519
1.45427918434,9518
1.45471215248,9517
1.45566701889,9516
1.45699620247,9515
1.45775604248,9514
1.45815014839,9513
1.46003317833,9512
1.4623260498,9511
1.46396803856,9510
1.46563005447,9509
1.46608614922,9508
1.46712708473,9507
1.46810913086,9506
1.46887612343,9505
1.47117209435,9504
1.47163105011,9503
1.4727370739,9502
1.47355318069,9501
1.47551202774,9500
1.47591114044,9499
1.47674798965,9498
1.47753000259,9497
1.48154211044,9496
1.48314905167,9495
1.48450016975,9494
1.48594498634,9493
1.48673820496,9492
1.4873611927,9491
1.48957800865,9490
1.49084401131,9489
1.4916369915,9488
1.49209403992,9487
1.49355196953,9486
1.49398708344,9485
1.49515414238,9484
1.49622797966,9483
1.49668312073,9482
1.49713110924,9481
1.49878716469,9480
1.49981617928,9479
1.50082111359,9478
1.5014731884,9477
1.50231909752,9476
1.50274920464,9475
1.50321507454,9474
1.50362801552,9473
1.50425219536,9472
1.50584411621,9471
1.5088660717,9470
1.5103662014,9469
1.51078414917,9468
1.51457309723,9467
1.514991045,9466
1.51541399956,9465
1.51647996902,9464
1.51729297638,9463
1.52065014839,9462
1.52229809761,9461
1.52365016937,9460
1.52851510048,9459
1.52897500992,9458
1.53030705452,9457
1.53090906143,9456
1.53130912781,9455
1.53175997734,9454
1.53334403038,9453
1.53499102592,9452
1.53539514542,9451
1.53603601456,9450
1.53644013405,9449
1.53754210472,9448
1.53878808022,9447
1.53923416138,9446
1.54033017159,9445
1.54185914993,9444
1.54231309891,9443
1.54276108742,9442
1.54480719566,9441
1.54682517052,9440
1.54727697372,9439
1.54819107056,9438
1.54864311218,9437
1.54908514023,9436
1.54950213432,9435
1.55177307129,9434
1.55241012573,9433
1.55422401428,9432
1.55646109581,9431
1.5572681427,9430
1.55989813805,9429
1.56121611595,9428
1.56167602539,9427
1.56391310692,9426
1.5648431778,9425
1.56630396843,9424
1.56756997108,9423
1.56816697121,9422
1.56875920296,9421
1.56921005249,9420
1.56967496872,9419
1.57015419006,9418
1.57080101967,9417
1.57123303413,9416
1.57235002518,9415
1.572712183,9414
1.57313203812,9413
1.57378005981,9412
1.57443809509,9411
1.57669997215,9410
1.57713508606,9409
1.57790708542,9408
1.57858705521,9407
1.57949304581,9406
1.5808069706,9405
1.5814371109,9404
1.58190107346,9403
1.58267211914,9402
1.58408117294,9401
1.58470702171,9400
1.58636212349,9399
1.58786416054,9398
1.59000897408,9397
1.59282708168,9396
1.59648799896,9395
1.59708404541,9394
1.59753417969,9393
1.59817409515,9392
1.60046601295,9391
1.60104203224,9390
1.60149312019,9389
1.60745000839,9388
1.60818719864,9387
1.61098098755,9386
1.61329102516,9385
1.61475896835,9384
1.61727499962,9383
1.61874604225,9382
1.61914110184,9381
1.61988210678,9380
1.62082910538,9379
1.6212580204,9378
1.62170505524,9377
1.62232613564,9376
1.62311816216,9375
1.62418603897,9374
1.62461805344,9373
1.62891507149,9372
1.63015317917,9371
1.63239502907,9370
1.63348603249,9369
1.63419914246,9368
1.63752603531,9367
1.63859510422,9366
1.63995504379,9365
1.6403901577,9364
1.64227819443,9363
1.64270806313,9362
1.64389300346,9361
1.6443400383,9360
1.64661598206,9359
1.64744114876,9358
1.64841413498,9357
1.64964699745,9356
1.6500980854,9355
1.6527941227,9354
1.65377807617,9353
1.65950512886,9352
1.65991711617,9351
1.66322207451,9350
1.66366219521,9349
1.66470909119,9348
1.6661131382,9347
1.66758108139,9346
1.66886520386,9345
1.6693110466,9344
1.67131900787,9343
1.67184519768,9342
1.67652606964,9341
1.67885112762,9340
1.67927217484,9339
1.67992115021,9338
1.68046307564,9337
1.68092703819,9336
1.68301701546,9335
1.68345713615,9334
1.68425297737,9333
1.68692207336,9332
1.68734812737,9331
1.68779611588,9330
1.68825006485,9329
1.68978619576,9328
1.69333004951,9327
1.69412112236,9326
1.69457602501,9325
1.69534611702,9324
1.69974398613,9323
1.70072603226,9322
1.70233798027,9321
1.70465898514,9320
1.706179142,9319
1.70693612099,9318
1.70757603645,9317
1.70870614052,9316
1.7102689743,9315
1.71296000481,9314
1.71463799477,9313
1.71517109871,9312
1.71581411362,9311
1.71738100052,9310
1.71969008446,9309
1.72145009041,9308
1.7218811512,9307
1.72286009789,9306
1.72330999374,9305
1.72467517853,9304
1.72727108002,9303
1.72832798958,9302
1.72873401642,9301
1.72935318947,9300
1.73061299324,9299
1.73103499413,9298
1.7316801548,9297
1.7337911129,9296
1.73488807678,9295
1.7355260849,9294
1.73588705063,9293
1.73783516884,9292
1.73826909065,9291
1.73890900612,9290
1.74089503288,9289
1.74134302139,9288
1.74179816246,9287
1.74334406853,9286
1.74477505684,9285
1.74565601349,9284
1.74611210823,9283
1.74727201462,9282
1.74822807312,9281
1.74861812592,9280
1.75077700615,9279
1.75186109543,9278
1.7527551651,9277
1.75338411331,9276
1.75453305244,9275
1.75545215607,9274
1.75606203079,9273
1.75651216507,9272
1.75769615173,9271
1.75814008713,9270
1.75852799416,9269
1.76138520241,9268
1.76359820366,9267
1.76395916939,9266
1.76504707336,9265
1.76546812057,9264
1.76635599136,9263
1.76738119125,9262
1.76780414581,9261
1.77024912834,9260
1.77246403694,9259
1.77328419685,9258
1.77372908592,9257
1.77451014519,9256
1.77514219284,9255
1.77559518814,9254
1.77626514435,9253
1.77742314339,9252
1.77987909317,9251
1.78278398514,9250
1.78342008591,9249
1.78420710564,9248
1.78471398354,9247
1.78580617905,9246
1.78626203537,9245
1.78745913506,9244
1.78811812401,9243
1.79364204407,9242
1.79662299156,9241
1.79702401161,9240
1.7974691391,9239
1.80036902428,9238
1.80117797852,9237
1.80179810524,9236
1.8083820343,9235
1.81005120277,9234
1.81425714493,9233
1.81538510323,9232
1.81585097313,9231
1.81711316109,9230
1.82043600082,9229
1.82088804245,9228
1.82134318352,9227
1.82231903076,9226
1.8235039711,9225
1.82723498344,9224
1.82782912254,9223
1.82878398895,9222
1.82963705063,9221
1.83133816719,9220
1.83226203918,9219
1.83377408981,9218
1.83602905273,9217
1.83678507805,9216
1.83900904655,9215
1.83964419365,9214
1.84078216553,9213
1.84508419037,9212
1.84550213814,9211
1.84614109993,9210
1.84981203079,9209
1.85023212433,9208
1.85367417336,9207
1.85613918304,9206
1.85659003258,9205
1.85765504837,9204
1.85828208923,9203
1.85882616043,9202
1.85927414894,9201
1.86124300957,9200
1.86448502541,9199
1.8653781414,9198
1.86598706245,9197
1.86798501015,9196
1.87066102028,9195
1.87169313431,9194
1.87486410141,9193
1.87632012367,9192
1.87672305107,9191
1.87899017334,9190
1.88232207298,9189
1.88508915901,9188
1.88575315475,9187
1.88734698296,9186
1.88778209686,9185
1.89135098457,9184
1.89178919792,9183
1.89308404922,9182
1.89537501335,9181
1.89602017403,9180
1.89806509018,9179
1.89896607399,9178
1.89953303337,9177
1.90016508102,9176
1.90185809135,9175
1.90231013298,9174
1.90289115906,9173
1.90410614014,9172
1.90532398224,9171
1.90631699562,9170
1.91053318977,9169
1.91097402573,9168
1.91268110275,9167
1.91443109512,9166
1.91504597664,9165
1.91549706459,9164
1.9159040451,9163
1.91741800308,9162
1.91848397255,9161
1.91893410683,9160
1.91991710663,9159
1.92057299614,9158
1.92214918137,9157
1.92499113083,9156
1.92692017555,9155
1.92806816101,9154
1.92851305008,9153
1.92893218994,9152
1.93170118332,9151
1.93471312523,9150
1.93728208542,9149
1.9438521862,9148
1.94425415993,9147
1.94696712494,9146
1.94969797134,9145
1.950507164,9144
1.95139813423,9143
1.95178699493,9142
1.95516109467,9141
1.95743703842,9140
1.95875000954,9139
1.95979309082,9138
1.9618999958,9137
1.96586918831,9136
1.96823120117,9135
1.96955919266,9134
1.97078609467,9133
1.97229003906,9132
1.97271513939,9131
1.97372508049,9130
1.97592902184,9129
1.97707700729,9128
1.97923517227,9127
1.98373413086,9126
1.98416900635,9125
1.98518013954,9124
1.98762011528,9123
1.99031996727,9122
1.992426157,9121
1.9941701889,9120
1.99459409714,9119
1.99562120438,9118
1.99933409691,9117
2.00380015373,9116
2.00631999969,9115
2.00861501694,9114
2.014564991,9113
2.01648497581,9112
2.01693415642,9111
2.01766419411,9110
2.01891517639,9109
2.01963305473,9108
2.0222389698,9107
2.02574515343,9106
2.02619719505,9105
2.02979302406,9104
2.03348708153,9103
2.03609204292,9102
2.04132604599,9101
2.04452013969,9100
2.04783797264,9099
2.04930901527,9098
2.05087709427,9097
2.05258512497,9096
2.05352497101,9095
2.05447697639,9094
2.05733299255,9093
2.05940008163,9092
2.0603890419,9091
2.06295204163,9090
2.06369400024,9089
2.0651371479,9088
2.06729102135,9087
2.06854820251,9086
2.0693051815,9085
2.07109308243,9084
2.07257318497,9083
2.07507705688,9082
2.0781121254,9081
2.07855796814,9080
2.0832221508,9079
2.08383107185,9078
2.08495402336,9077
2.08564400673,9076
2.08909010887,9075
2.08952999115,9074
2.09396409988,9073
2.09503507614,9072
2.0966989994,9071
2.09749603271,9070
2.09800720215,9069
2.09913706779,9068
2.09954810143,9067
2.10022902489,9066
2.10114502907,9065
2.10241699219,9064
2.1036670208,9063
2.10577607155,9062
2.10836410522,9061
2.11048197746,9060
2.11138916016,9059
2.1121301651,9058
2.11371207237,9057
2.11409115791,9056
2.11493802071,9055
2.12102913857,9054
2.12178206444,9053
2.12389111519,9052
2.12663912773,9051
2.12707901001,9050
2.13226413727,9049
2.1340970993,9048
2.13567614555,9047
2.13647818565,9046
2.13709902763,9045
2.13894915581,9044
2.14677000046,9043
2.14754319191,9042
2.14823198318,9041
2.14999318123,9040
2.15298509598,9039
2.15390896797,9038
2.15435099602,9037
2.1552760601,9036
2.1577270031,9035
2.16026902199,9034
2.1607131958,9033
2.16279006004,9032
2.16340303421,9031
2.16478610039,9030
2.16630601883,9029
2.16706800461,9028
2.17127799988,9027
2.17564105988,9026
2.17607998848,9025
2.17768406868,9024
2.17906808853,9023
2.17995119095,9022
2.18034315109,9021
2.18179297447,9020
2.18377900124,9019
2.18530511856,9018
2.18767619133,9017
2.18809008598,9016
2.18869519234,9015
2.18936920166,9014
2.19131112099,9013
2.19431710243,9012
2.1962211132,9011
2.19724798203,9010
2.19779896736,9009
2.19990897179,9008
2.20038819313,9007
2.20514202118,9006
2.20740008354,9005
2.20859313011,9004
2.21087312698,9003
2.21148514748,9002
2.21184396744,9001
2.21260714531,9000
2.21393609047,8999
2.21542811394,8998
2.21586608887,8997
2.21654105186,8996
2.21712517738,8995
2.21880817413,8994
2.21958398819,8993
2.22170114517,8992
2.22367811203,8991
2.22646403313,8990
2.23060011864,8989
2.23336410522,8988
2.23430418968,8987
2.23509597778,8986
2.23653101921,8985
2.24356198311,8984
2.24491119385,8983
2.24855899811,8982
2.25219202042,8981
2.25425004959,8980
2.2581820488,8979
2.25855517387,8978
2.26059103012,8977
2.26149010658,8976
2.26289010048,8975
2.26492905617,8974
2.26880216599,8973
2.2720451355,8972
2.27245497704,8971
2.27835917473,8970
2.28158116341,8969
2.28465199471,8968
2.28926610947,8967
2.29557204247,8966
2.29630112648,8965
2.29874420166,8964
2.29918599129,8963
2.29993605614,8962
2.30082607269,8961
2.30189204216,8960
2.30255103111,8959
2.30357909203,8958
2.30402207375,8957
2.30541419983,8956
2.30593705177,8955
2.30800414085,8954
2.30970406532,8953
2.31069016457,8952
2.31200313568,8951
2.31515407562,8950
2.31692409515,8949
2.31754899025,8948
2.31843018532,8947
2.31924510002,8946
2.32044100761,8945
2.32141304016,8944
2.32185316086,8943
2.32226419449,8942
2.32918906212,8941
2.33095812798,8940
2.33139610291,8939
2.33408308029,8938
2.33451199532,8937
2.33655905724,8936
2.33801603317,8935
2.33863902092,8934
2.33958315849,8933
2.34018707275,8932
2.34501814842,8931
2.34611105919,8930
2.34854412079,8929
2.35153317451,8928
2.35270309448,8927
2.35492110252,8926
2.35887503624,8925
2.3592851162,8924
2.36142897606,8923
2.36179614067,8922
2.3639690876,8921
2.3644080162,8920
2.36608910561,8919
2.36653113365,8918
2.36716103554,8917
2.36938309669,8916
2.37150502205,8915
2.37192797661,8914
2.37582111359,8913
2.37784719467,8912
2.38442111015,8911
2.38520002365,8910
2.39201807976,8909
2.3926281929,8908
2.39490103722,8907
2.39701104164,8906
2.39760303497,8905
2.40020298958,8904
2.40113997459,8903
2.40282011032,8902
2.40406107903,8901
2.40446019173,8900
2.40487408638,8899
2.41035699844,8898
2.41275000572,8897
2.41369318962,8896
2.415776968,8895
2.41652703285,8894
2.42017817497,8893
2.4214861393,8892
2.42210412025,8891
2.42442917824,8890
2.427298069,8889
2.42788600922,8888
2.43056201935,8887
2.43134117126,8886
2.433355093,8885
2.43887114525,8884
2.4418451786,8883
2.4424200058,8882
2.44383811951,8881
2.44671607018,8880
2.44922113419,8879
2.44983005524,8878
2.45149517059,8877
2.45552301407,8876
2.45794916153,8875
2.46351909637,8874
2.4648911953,8873
2.4656701088,8872
2.46640014648,8871
2.46748018265,8870
2.47134709358,8869
2.47498106956,8868
2.4774491787,8867
2.47787117958,8866
2.48374605179,8865
2.48700618744,8864
2.48824310303,8863
2.48864817619,8862
2.49257707596,8861
2.49732112885,8860
2.49993419647,8859
2.50075697899,8858
2.50117516518,8857
2.50361800194,8856
2.50535702705,8855
2.50744318962,8854
2.50788497925,8853
2.5086619854,8852
2.50940108299,8851
2.51042819023,8850
2.51392102242,8849
2.51487398148,8848
2.51679301262,8847
2.51829409599,8846
2.52125597,8845
2.52266311646,8844
2.52716016769,8843
2.53321504593,8842
2.53451514244,8841
2.53493118286,8840
2.53965902328,8839
2.54059410095,8838
2.54119420052,8837
2.54178905487,8836
2.54222202301,8835
2.54392313957,8834
2.54601097107,8833
2.54959106445,8832
2.55117917061,8831
2.55367302895,8830
2.55896019936,8829
2.55967116356,8828
2.56512618065,8827
2.56599903107,8826
2.56710314751,8825
2.56773519516,8824
2.57592201233,8823
2.57820105553,8822
2.58096408844,8821
2.58137607574,8820
2.58448910713,8819
2.58961319923,8818
2.59081602097,8817
2.59461712837,8816
2.59581017494,8815
2.60559201241,8814
2.60626006126,8813
2.60682296753,8812
2.60892701149,8811
2.60968804359,8810
2.61024212837,8809
2.61108207703,8808
2.61880016327,8807
2.61936306953,8806
2.62496304512,8805
2.62663817406,8804
2.62719297409,8803
2.63529801369,8802
2.63609004021,8801
2.64565896988,8800
2.64610099792,8799
2.64991211891,8798
2.6531701088,8797
2.65422511101,8796
2.65457701683,8795
2.65534901619,8794
2.66134905815,8793
2.66177201271,8792
2.66614317894,8791
2.6676440239,8790
2.6684961319,8789
2.67050814629,8788
2.6730120182,8787
2.67361307144,8786
2.67480802536,8785
2.6786839962,8784
2.68426609039,8783
2.68729710579,8782
2.68856716156,8781
2.69578504562,8780
2.69618201256,8779
2.69818019867,8778
2.69861102104,8777
2.7038731575,8776
2.70495009422,8775
2.70536613464,8774
2.70578217506,8773
2.70644903183,8772
2.70913004875,8771
2.70957398415,8770
2.71128106117,8769
2.7168982029,8768
2.71870803833,8767
2.72024512291,8766
2.72065520287,8765
2.7210650444,8764
2.72257208824,8763
2.72479319572,8762
2.73479104042,8761
2.7351911068,8760
2.73629403114,8759
2.73752212524,8758
2.73795008659,8757
2.74139714241,8756
2.74199318886,8755
2.74261713028,8754
2.74585008621,8753
2.74815011024,8752
2.74910902977,8751
2.75133109093,8750
2.75173902512,8749
2.75586509705,8748
2.75962519646,8747
2.76013112068,8746
2.76867699623,8745
2.76911115646,8744
2.76968717575,8743
2.77120804787,8742
2.77179503441,8741
2.79051113129,8740
2.79184412956,8739
2.79318118095,8738
2.79373812675,8737
2.7977180481,8736
2.79860115051,8735
2.80050897598,8734
2.80140805244,8733
2.80875015259,8732
2.80972099304,8731
2.81127309799,8730
2.81187009811,8729
2.81494808197,8728
2.81588411331,8727
2.81650710106,8726
2.81706905365,8725
2.81917119026,8724
2.82094717026,8723
2.82225418091,8722
2.82418012619,8721
2.82693600655,8720
2.8283700943,8719
2.8292901516,8718
2.83369517326,8717
2.8367061615,8716
2.84151697159,8715
2.84263515472,8714
2.84410905838,8713
2.84570217133,8712
2.84614515305,8711
2.84740519524,8710
2.84800601006,8709
2.84923315048,8708
2.85248708725,8707
2.85348510742,8706
2.85448598862,8705
2.85602712631,8704
2.85662007332,8703
2.86304116249,8702
2.86370110512,8701
2.86556220055,8700
2.86620807648,8699
2.86679410934,8698
2.87070703506,8697
2.87164902687,8696
2.87543416023,8695
2.87712311745,8694
2.87973213196,8693
2.88179206848,8692
2.8822491169,8691
2.883934021,8690
2.88629508018,8689
2.89828300476,8688
2.90777897835,8687
2.91287398338,8686
2.91379404068,8685
2.91576910019,8684
2.91687011719,8683
2.91825199127,8682
2.91963410378,8681
2.92026114464,8680
2.9233520031,8679
2.92379403114,8678
2.92492604256,8677
2.92676401138,8676
2.93068814278,8675
2.9421479702,8674
2.94514513016,8673
2.94562697411,8672
2.94929504395,8671
2.95246911049,8670
2.9588329792,8669
2.97106814384,8668
2.97275614738,8667
2.97367310524,8666
2.97569704056,8665
2.9774851799,8664
2.98016214371,8663
2.98135614395,8662
2.99310517311,8661
2.99478912354,8660
2.99863219261,8659
3.00001215935,8658
3.00244617462,8657
3.00558614731,8656
3.00845098495,8655
3.00939798355,8654
3.01005411148,8653
3.01082420349,8652
3.01388812065,8651
3.01993012428,8650
3.02097511292,8649
3.02523517609,8648
3.02590918541,8647
3.02886605263,8646
3.02983498573,8645
3.03242015839,8644
3.03482103348,8643
3.03540611267,8642
3.03586506844,8641
3.03630208969,8640
3.03854799271,8639
3.04452300072,8638
3.04658317566,8637
3.05118918419,8636
3.06066918373,8635
3.06158399582,8634
3.06293201447,8633
3.06579113007,8632
3.07529902458,8631
3.07691407204,8630
3.08088898659,8629
3.08736300468,8628
3.09086704254,8627
3.09365415573,8626
3.09425115585,8625
3.09767818451,8624
3.0984351635,8623
3.10113596916,8622
3.10197710991,8621
3.11369919777,8620
3.11413502693,8619
3.11604404449,8618
3.11880302429,8617
3.1216981411,8616
3.12231898308,8615
3.12453603745,8614
3.12516403198,8613
3.12888598442,8612
3.13235998154,8611
3.13440418243,8610
3.13602900505,8609
3.13690400124,8608
3.13806509972,8607
3.14029407501,8606
3.1427731514,8605
3.15041017532,8604
3.15143299103,8603
3.15222501755,8602
3.15436220169,8601
3.15477609634,8600
3.15522813797,8599
3.15567708015,8598
3.15866208076,8597
3.16040205956,8596
3.16221904755,8595
3.16368603706,8594
3.17013216019,8593
3.17170000076,8592
3.1731441021,8591
3.17901706696,8590
3.18091011047,8589
3.18229913712,8588
3.18386316299,8587
3.1888821125,8586
3.1927690506,8585
3.1934440136,8584
3.19446706772,8583
3.19745111465,8582
3.19992399216,8581
3.20491504669,8580
3.2090511322,8579
3.21058917046,8578
3.21888804436,8577
3.21934819221,8576
3.21977710724,8575
3.2238919735,8574
3.22616100311,8573
3.22708010674,8572
3.22775316238,8571
3.22992515564,8570
3.23097801208,8569
3.23312616348,8568
3.23373198509,8567
3.23751115799,8566
3.24007511139,8565
3.24434304237,8564
3.24719119072,8563
3.26414608955,8562
3.26553916931,8561
3.26845598221,8560
3.27000117302,8559
3.27065610886,8558
3.27106809616,8557
3.28210902214,8556
3.2842271328,8555
3.29588699341,8554
3.29980707169,8553
3.30081701279,8552
3.30331897736,8551
3.3061311245,8550
3.30659508705,8549
3.30782008171,8548
3.31010317802,8547
3.3147380352,8546
3.3175880909,8545
3.3179731369,8544
3.31888914108,8543
3.32069706917,8542
3.3223772049,8541
3.32714319229,8540
3.3301320076,8539
3.33130216599,8538
3.33400797844,8537
3.33610010147,8536
3.33712005615,8535
3.34054207802,8534
3.3414080143,8533
3.34395599365,8532
3.34442901611,8531
3.34859919548,8530
3.35141801834,8529
3.35256099701,8528
3.35770201683,8527
3.35812497139,8526
3.35854911804,8525
3.3632440567,8524
3.36797618866,8523
3.37108206749,8522
3.37344503403,8521
3.37871003151,8520
3.38214206696,8519
3.38393998146,8518
3.38516712189,8517
3.38924908638,8516
3.39004015923,8515
3.39268398285,8514
3.39465498924,8513
3.40516018867,8512
3.40577316284,8511
3.40969920158,8510
3.4106361866,8509
3.4110891819,8508
3.41167402267,8507
3.4149119854,8506
3.41676712036,8505
3.41720104218,8504
3.41765403748,8503
3.41825318336,8502
3.42694115639,8501
3.42735815048,8500
3.42985916138,8499
3.43055820465,8498
3.43869709969,8497
3.44066905975,8496
3.44240498543,8495
3.44656920433,8494
3.44694805145,8493
3.44946408272,8492
3.45021510124,8491
3.4519340992,8490
3.45362019539,8489
3.45855307579,8488
3.46556520462,8487
3.46729707718,8486
3.47132205963,8485
3.47528505325,8484
3.47809505463,8483
3.48011207581,8482
3.48812913895,8481
3.49010801315,8480
3.49385905266,8479
3.49427509308,8478
3.49589514732,8477
3.49670600891,8476
3.49772119522,8475
3.49833416939,8474
3.49997520447,8473
3.5021879673,8472
3.50464105606,8471
3.50756716728,8470
3.50879311562,8469
3.51107811928,8468
3.5144841671,8467
3.52054619789,8466
3.52676606178,8465
3.52842116356,8464
3.52996015549,8463
3.53098416328,8462
3.53173518181,8461
3.53434801102,8460
3.53476810455,8459
3.53517413139,8458
3.5359210968,8457
3.53882002831,8456
3.53973317146,8455
3.54185199738,8454
3.54450917244,8453
3.54812598228,8452
3.54905509949,8451
3.5510661602,8450
3.55248403549,8449
3.55289196968,8448
3.55835199356,8447
3.5614221096,8446
3.56345009804,8445
3.56600213051,8444
3.56855416298,8443
3.57049012184,8442
3.57098317146,8441
3.57425618172,8440
3.5761911869,8439
3.57763910294,8438
3.5790810585,8437
3.58268117905,8436
3.58642506599,8435
3.58681702614,8434
3.59266114235,8433
3.59503912926,8432
3.61907505989,8431
3.62155413628,8430
3.62964701653,8429
3.6328561306,8428
3.63374018669,8427
3.63973402977,8426
3.64102005959,8425
3.6435880661,8424
3.64597201347,8423
3.64810919762,8422
3.65392017365,8421
3.65431499481,8420
3.65579009056,8419
3.6576089859,8418
3.66452598572,8417
3.67229199409,8416
3.67579603195,8415
3.67887306213,8414
3.67962098122,8413
3.68114209175,8412
3.68496799469,8411
3.68573904037,8410
3.6861281395,8409
3.68863201141,8408
3.6891450882,8407
3.69337797165,8406
3.69427108765,8405
3.69623613358,8404
3.70249009132,8403
3.70394015312,8402
3.70975017548,8401
3.71477603912,8400
3.72060513496,8399
3.72199702263,8398
3.72947716713,8397
3.74086117744,8396
3.74422812462,8395
3.75382900238,8394
3.75609612465,8393
3.76135611534,8392
3.76924014091,8391
3.77214717865,8390
3.7735581398,8389
3.77445101738,8388
3.77638316154,8387
3.77769112587,8386
3.78722500801,8385
3.78835511208,8384
3.79257798195,8383
3.79315304756,8382
3.79390311241,8381
3.79884314537,8380
3.79982805252,8379
3.81263399124,8378
3.81353712082,8377
3.81459116936,8376
3.81999802589,8375
3.82368898392,8374
3.83490204811,8373
3.83708906174,8372
3.83766508102,8371
3.83823299408,8370
3.84179019928,8369
3.84220004082,8368
3.84653711319,8367
3.8530151844,8366
3.85440206528,8365
3.85502099991,8364
3.85732603073,8363
3.8587141037,8362
3.86010408401,8361
3.86119413376,8360
3.87091207504,8359
3.87815403938,8358
3.88330197334,8357
3.88649296761,8356
3.88777518272,8355
3.88935804367,8354
3.88990497589,8353
3.89270210266,8352
3.89665699005,8351
3.90629816055,8350
3.90793204308,8349
3.92752814293,8348
3.92894601822,8347
3.93283414841,8346
3.93571400642,8345
3.93742203712,8344
3.94086408615,8343
3.94392800331,8342
3.94448208809,8341
3.94798016548,8340
3.94896697998,8339
3.94999217987,8338
3.95257401466,8337
3.96037006378,8336
3.96444416046,8335
3.96574306488,8334
3.96906709671,8333
3.96947717667,8332
3.97147917747,8331
3.97203397751,8330
3.97676301003,8329
3.97846913338,8328
3.9792330265,8327
3.98363399506,8326
3.9871931076,8325
4.00129699707,8324
4.00287604332,8323
4.00332307816,8322
4.00498819351,8321
4.00590109825,8320
4.0200881958,8319
4.0262401104,8318
4.03948807716,8317
4.04150009155,8316
4.04795598984,8315
4.05202817917,8314
4.05446910858,8313
4.05546998978,8312
4.06140208244,8311
4.07278299332,8310
4.07568597794,8309
4.08229899406,8308
4.08406615257,8307
4.09002804756,8306
4.09995102882,8305
4.10034203529,8304
4.10072612762,8303
4.10224699974,8302
4.10540318489,8301
4.10926914215,8300
4.11063718796,8299
4.11487102509,8298
4.11559104919,8297
4.11759114265,8296
4.1179831028,8295
4.12065601349,8294
4.1285841465,8293
4.13342404366,8292
4.14766097069,8291
4.14806509018,8290
4.15516614914,8289
4.15705513954,8288
4.15943908691,8287
4.16640400887,8286
4.17059612274,8285
4.1738781929,8284
4.17490005493,8283
4.17970108986,8282
4.18106198311,8281
4.18429398537,8280
4.18469405174,8279
4.19047117233,8278
4.19091796875,8277
4.19191098213,8276
4.19775104523,8275
4.19849514961,8274
4.20627403259,8273
4.20860505104,8272
4.21186113358,8271
4.217233181,8270
4.21762108803,8269
4.22313904762,8268
4.22551012039,8267
4.22938203812,8266
4.22993516922,8265
4.23139214516,8264
4.23291397095,8263
4.24268913269,8262
4.24365997314,8261
4.24631404877,8260
4.24794816971,8259
4.24926614761,8258
4.25031805038,8257
4.25070500374,8256
4.25111413002,8255
4.25659799576,8254
4.25697898865,8253
4.25880002975,8252
4.26911115646,8251
4.27411103249,8250
4.28766918182,8249
4.29747700691,8248
4.30480217934,8247
4.30622005463,8246
4.30763101578,8245
4.31056308746,8244
4.31227016449,8243
4.31314897537,8242
4.32339119911,8241
4.32505702972,8240
4.33197402954,8239
4.33445906639,8238
4.34188508987,8237
4.34310102463,8236
4.34688806534,8235
4.35345196724,8234
4.35817503929,8233
4.35920906067,8232
4.36060619354,8231
4.36099600792,8230
4.36431908607,8229
4.36609601974,8228
4.36675214767,8227
4.36991500854,8226
4.37656497955,8225
4.40206718445,8224
4.40382504463,8223
4.40437912941,8222
4.40667915344,8221
4.40836906433,8220
4.41823911667,8219
4.41863107681,8218
4.42896914482,8217
4.44251704216,8216
4.44828915596,8215
4.45358419418,8214
4.45672607422,8213
4.45869708061,8212
4.46107602119,8211
4.4647731781,8210
4.4651529789,8209
4.4815030098,8208
4.48387718201,8207
4.48443412781,8206
4.48554706573,8205
4.48728299141,8204
4.50164318085,8203
4.50616717339,8202
4.5072619915,8201
4.50906801224,8200
4.51082015038,8199
4.51752614975,8198
4.51872515678,8197
4.5299680233,8196
4.53253412247,8195
4.53636908531,8194
4.53871107101,8193
4.54742312431,8192
4.54938006401,8191
4.56084012985,8190
4.5643351078,8189
4.5702021122,8188
4.57063603401,8187
4.57150197029,8186
4.57515215874,8185
4.57579612732,8184
4.58789014816,8183
4.59948205948,8182
4.6004011631,8181
4.60903120041,8180
4.61146402359,8179
4.61446213722,8178
4.61873006821,8177
4.61912298203,8176
4.62091112137,8175
4.62881016731,8174
4.63300204277,8173
4.63413119316,8172
4.63948011398,8171
4.64217400551,8170
4.64557909966,8169
4.64745998383,8168
4.65357398987,8167
4.65900206566,8166
4.67064905167,8165
4.68252706528,8164
4.68625402451,8163
4.688986063,8162
4.69146108627,8161
4.6990480423,8160
4.70124101639,8159
4.70264911652,8158
4.71910905838,8157
4.7195110321,8156
4.72332596779,8155
4.72965598106,8154
4.73147296906,8153
4.73379397392,8152
4.73842906952,8151
4.74001002312,8150
4.7444691658,8149
4.74813914299,8148
4.74964404106,8147
4.75611901283,8146
4.76228308678,8145
4.76718401909,8144
4.77501702309,8143
4.77852416039,8142
4.77922415733,8141
4.78774499893,8140
4.80235314369,8139
4.80476999283,8138
4.80596017838,8137
4.819409132,8136
4.83082604408,8135
4.83349919319,8134
4.83944201469,8133
4.84497499466,8132
4.84699702263,8131
4.84906315804,8130
4.85729813576,8129
4.86115503311,8128
4.86409306526,8127
4.86481404305,8126
4.86974000931,8125
4.87011814117,8124
4.87051796913,8123
4.87186717987,8122
4.87633514404,8121
4.88099908829,8120
4.88306713104,8119
4.88345718384,8118
4.90201020241,8117
4.90539598465,8116
4.92396211624,8115
4.92770814896,8114
4.93549919128,8113
4.93604016304,8112
4.94843816757,8111
4.96045708656,8110
4.96962809563,8109
4.97227907181,8108
4.9746131897,8107
4.97962212563,8106
4.9853541851,8105
4.98996210098,8104
4.99562811852,8103
5.00315904617,8102
5.00999712944,8101
5.02197098732,8100
5.05165815353,8099
5.05255699158,8098
5.05994105339,8097
5.06690096855,8096
5.06809997559,8095
5.06962704659,8094
5.07527399063,8093
5.07796001434,8092
5.08022499084,8091
5.08314800262,8090
5.08719420433,8089
5.08916807175,8088
5.09031701088,8087
5.09113812447,8086
5.10537409782,8085
5.10630917549,8084
5.12146496773,8083
5.13058900833,8082
5.13484811783,8081
5.14114117622,8080
5.15117502213,8079
5.15833711624,8078
5.16787004471,8077
5.17145514488,8076
5.17281007767,8075
5.17345118523,8074
5.18478417397,8073
5.18804597855,8072
5.19011116028,8071
5.191655159,8070
5.19473719597,8069
5.2077460289,8068
5.21501517296,8067
5.21786403656,8066
5.22026014328,8065
5.23458218575,8064
5.23758101463,8063
5.24141216278,8062
5.24283719063,8061
5.24653601646,8060
5.2652990818,8059
5.26968312263,8058
5.270373106,8057
5.27312397957,8056
5.27564120293,8055
5.28142118454,8054
5.29575514793,8053
5.311439991,8052
5.31250214577,8051
5.31742119789,8050
5.31977701187,8049
5.32247018814,8048
5.32684397697,8047
5.34021711349,8046
5.34584116936,8045
5.3462240696,8044
5.35364699364,8043
5.36066102982,8042
5.36580514908,8041
5.367634058,8040
5.36816906929,8039
5.38640809059,8038
5.38906216621,8037
5.39176797867,8036
5.40050411224,8035
5.40169215202,8034
5.41129016876,8033
5.4224050045,8032
5.42575097084,8031
5.4360601902,8030
5.43729305267,8029
5.44243001938,8028
5.44404101372,8027
5.45342612267,8026
5.46802306175,8025
5.47296118736,8024
5.49529719353,8023
5.49904513359,8022
5.51293897629,8021
5.51840114594,8020
5.52802109718,8019
5.53662204742,8018
5.54121899605,8017
5.56552505493,8016
5.57347798347,8015
5.57403111458,8014
5.57574915886,8013
5.59437608719,8012
5.60298299789,8011
5.61019206047,8010
5.61412906647,8009
5.61993908882,8008
5.6280400753,8007
5.63278102875,8006
5.63531112671,8005
5.63629698753,8004
5.64306211472,8003
5.64929199219,8002
5.65007901192,8001
5.65375113487,8000
5.65808415413,7999
5.66179013252,7998
5.66663718224,7997
5.67120599747,7996
5.67535209656,7995
5.67716217041,7994
5.6895430088,7993
5.69418811798,7992
5.69533920288,7991
5.70086312294,7990
5.7253510952,7989
5.72622418404,7988
5.73791408539,7987
5.74953317642,7986
5.75630807877,7985
5.75686502457,7984
5.75785303116,7983
5.76026201248,7982
5.76388096809,7981
5.76804018021,7980
5.7698700428,7979
5.77214217186,7978
5.78530311584,7977
5.78989911079,7976
5.80289196968,7975
5.80541610718,7974
5.82541513443,7973
5.82616615295,7972
5.83601403236,7971
5.83819103241,7970
5.84896397591,7969
5.85903120041,7968
5.86946702003,7967
5.88048911095,7966
5.88424420357,7965
5.88749504089,7964
5.90276098251,7963
5.91172099113,7962
5.912099123,7961
5.92462110519,7960
5.9335091114,7959
5.93479800224,7958
5.93548703194,7957
5.95346808434,7956
5.98369598389,7955
5.99465513229,7954
6.00282216072,7953
6.00504207611,7952
6.00822401047,7951
6.00941419601,7950
6.01593613625,7949
6.02714920044,7948
6.02753305435,7947
6.04241108894,7946
6.04352712631,7945
6.05557513237,7944
6.0631480217,7943
6.0650241375,7942
6.06942510605,7941
6.07091403008,7940
6.07484412193,7939
6.07881712914,7938
6.09178614616,7937
6.09274506569,7936
6.10726213455,7935
6.11648011208,7934
6.12177014351,7933
6.15376400948,7932
6.16131997108,7931
6.16446805,7930
6.16819810867,7929
6.17171812057,7928
6.17758703232,7927
6.19019508362,7926
6.21276211739,7925
6.22221016884,7924
6.22470998764,7923
6.23880410194,7922
6.23989605904,7921
6.24866104126,7920
6.25100803375,7919
6.25266814232,7918
6.25537610054,7917
6.27752804756,7916
6.28132200241,7915
6.28328919411,7914
6.2960050106,7913
6.29760217667,7912
6.29814505577,7911
6.31749796867,7910
6.32037115097,7909
6.33026909828,7908
6.33693218231,7907
6.33994317055,7906
6.35464406013,7905
6.3684630394,7904
6.37005805969,7903
6.37458705902,7902
6.39796614647,7901
6.39835500717,7900
6.40503907204,7899
6.43499398232,7898
6.43759298325,7897
6.44874811172,7896
6.45378804207,7895
6.46355414391,7894
6.47810816765,7893
6.48129320145,7892
6.48294305801,7891
6.48358201981,7890
6.4956741333,7889
6.50550317764,7888
6.50788903236,7887
6.51353812218,7886
6.51873016357,7885
6.52124905586,7884
6.52448010445,7883
6.54806208611,7882
6.55173802376,7881
6.55905199051,7880
6.56991410255,7879
6.57484602928,7878
6.58314418793,7877
6.59029507637,7876
6.60677909851,7875
6.61131119728,7874
6.62650418282,7873
6.6323390007,7872
6.65255904198,7871
6.65358710289,7870
6.66137099266,7869
6.66189813614,7868
6.66346096992,7867
6.66992616653,7866
6.67422103882,7865
6.69266200066,7864
6.69462203979,7863
6.7024371624,7862
6.70282006264,7861
6.71281313896,7860
6.7195520401,7859
6.74282407761,7858
6.75674700737,7857
6.75729417801,7856
6.76349902153,7855
6.76481103897,7854
6.77034902573,7853
6.78255105019,7852
6.78912520409,7851
6.79517412186,7850
6.81690597534,7849
6.8229341507,7848
6.82511711121,7847
6.83302402496,7846
6.84252214432,7845
6.8500289917,7844
6.85544013977,7843
6.85853910446,7842
6.86028599739,7841
6.86247706413,7840
6.89362716675,7839
6.89432311058,7838
6.90259099007,7837
6.90329909325,7836
6.90871715546,7835
6.95623898506,7834
6.97943401337,7833
7.00928115845,7832
7.01571297646,7831
7.01680016518,7830
7.0272090435,7829
7.03016519547,7828
7.0961329937,7827
7.10540318489,7826
7.11650204659,7825
7.13774514198,7824
7.1460621357,7823
7.1760931015,7822
7.19912409782,7821
7.20627808571,7820
7.22425699234,7819
7.23233914375,7818
7.24346113205,7817
7.24415016174,7816
7.26156401634,7815
7.26342010498,7814
7.31063818932,7813
7.31399106979,7812
7.32011604309,7811
7.32396507263,7810
7.32632899284,7809
7.41466116905,7808
7.41930103302,7807
7.4318151474,7806
7.45419001579,7805
7.46305012703,7804
7.47327804565,7803
7.47784519196,7802
7.50169801712,7801
7.50569009781,7800
7.52866911888,7799
7.54538011551,7798
7.55396509171,7797
7.5633251667,7796
7.56424307823,7795
7.56878018379,7794
7.58455014229,7793
7.58937811852,7792
7.59464097023,7791
7.61890006065,7790
7.62524914742,7789
7.65776920319,7788
7.65999603271,7787
7.67448496819,7786
7.68443703651,7785
7.73815608025,7784
7.74490809441,7783
7.7566010952,7782
7.76775217056,7781
7.84056615829,7780
7.87692809105,7779
7.88461518288,7778
7.96820902824,7777
7.96908712387,7776
7.96951317787,7775
7.97725605965,7774
7.99011802673,7773
8.01040410995,7772
8.02505016327,7771
8.04758214951,7770
8.09175920486,7769
8.10053300858,7768
8.1177740097,7767
8.18874502182,7766
8.20351910591,7765
8.20812106133,7764
8.21040916443,7763
8.21808409691,7762
8.23344302177,7761
8.26999115944,7760
8.27809500694,7759
8.29625916481,7758
8.29924297333,7757
8.30169415474,7756
8.34854912758,7755
8.37242102623,7754
8.37466311455,7753
8.39841604233,7752
8.40955114365,7751
8.44297504425,7750
8.45948004723,7749
8.46006917953,7748
8.46241116524,7747
8.46979999542,7746
8.4732670784,7745
8.47897219658,7744
8.50698518753,7743
8.51664710045,7742
8.520414114,7741
8.52438902855,7740
8.53583097458,7739
8.55335307121,7738
8.58778214455,7737
8.63249516487,7736
8.63992905617,7735
8.65178918839,7734
8.66197609901,7733
8.68361496925,7732
8.72264909744,7731
8.72373199463,7730
8.7331969738,7729
8.74862599373,7728
8.75055813789,7727
8.76872515678,7726
8.90275716782,7725
8.92225313187,7724
8.95764708519,7723
8.96255111694,7722
9.00682806969,7721
9.01802897453,7720
9.02118611336,7719
9.02464103699,7718
9.02502202988,7717
9.04302406311,7716
9.05314803123,7715
9.09377908707,7714
9.11055803299,7713
9.22770619392,7712
9.23295807838,7711
9.2758140564,7710
9.30268907547,7709
9.34121203423,7708
9.34980797768,7707
9.41399598122,7706
9.42012119293,7705
9.46962213516,7704
9.52558708191,7703
9.52841615677,7702
9.56776309013,7701
9.64541602135,7700
9.65168309212,7699
9.65913915634,7698
9.68343615532,7697
9.73870301247,7696
9.77082514763,7695
9.82366108894,7694
9.87087512016,7693
9.99058103561,7692
9.99242711067,7691
9.99708819389,7690
10.0139021873,7689
10.0425100327,7688
10.0579371452,7687
10.1239609718,7686
10.1701600552,7685
10.1736390591,7684
10.2488970757,7683
10.3034820557,7682
10.3084151745,7681
10.3273200989,7680
10.40579319,7679
10.4114391804,7678
10.4559841156,7677
10.4689500332,7676
10.4803440571,7675
10.5242471695,7674
10.7140700817,7673
10.7248120308,7672
10.7526471615,7671
10.7799260616,7670
10.7850401402,7669
10.7883181572,7668
10.8167040348,7667
10.835144043,7666
10.8896560669,7665
10.9106340408,7664
11.0627160072,7663
11.1268830299,7662
11.2214632034,7661
11.3280320168,7660
11.4121701717,7659
11.4787530899,7658
11.5325331688,7657
11.5905461311,7656
11.5924170017,7655
11.6070690155,7654
11.6405651569,7653
11.6462919712,7652
11.670525074,7651
11.6784641743,7650
11.789411068,7649
11.9064149857,7648
11.9781031609,7647
12.0001749992,7646
12.0481801033,7645
12.1506919861,7644
12.2195901871,7643
12.2210540771,7642
12.3304371834,7641
12.3962771893,7640
12.4624509811,7639
12.4973390102,7638
12.5751841068,7637
12.585474968,7636
12.7423989773,7635
12.784430027,7634
12.7864630222,7633
12.8395211697,7632
13.0540430546,7631
13.0798640251,7630
13.0842330456,7629
13.1054270267,7628
13.2484869957,7627
13.3023982048,7626
13.322067976,7625
13.4984190464,7624
13.5012831688,7623
13.505243063,7622
13.649061203,7621
13.6580891609,7620
13.6597590446,7619
13.7361021042,7618
13.8284029961,7617
13.9229671955,7616
13.9259240627,7615
14.0819489956,7614
14.1031970978,7613
14.3325500488,7612
14.3806490898,7611
14.5727300644,7610
14.8218231201,7609
14.979142189,7608
15.0935161114,7607
15.243473053,7606
15.2592680454,7605
15.8239591122,7604
15.8303160667,7603
16.1398200989,7602
16.2793540955,7601
16.4195621014,7600
16.8940811157,7599
16.8984429836,7598
17.0106241703,7597
17.2358551025,7596
17.2858021259,7595
17.3307621479,7594
17.3860771656,7593
17.5405950546,7592
17.6863281727,7591
17.9087340832,7590
18.0264151096,7589
18.2116670609,7588
18.2936930656,7587
18.3224489689,7586
18.3341810703,7585
18.5615520477,7584
18.6217360497,7583
18.7499451637,7582
18.7731151581,7581
18.9933919907,7580
19.0069010258,7579
19.0869281292,7578
19.1294410229,7577
19.2053320408,7576
29.9644060135,7575
30.0549280643,7574
30.0684070587,7573
30.9348950386,7572
31.1285090446,7571
31.4362640381,7570
31.7408339977,7569
32.0387120247,7568
32.0592041016,7567
32.1296970844,7566
32.5493969917,7565
32.7445991039,7564
33.8936481476,7563
33.9188520908,7562
34.3029911518,7561
34.5981180668,7560
34.7251291275,7559
36.0546791553,7558
36.2029311657,7557
36.2857851982,7556
36.8822481632,7555
48.678524971,7554
48.987527132,7553
49.0901911259,7552
49.4749100208,7551
50.2412850857,7550
50.2933139801,7549
50.5564541817,7548
50.7820551395,7547
51.1197459698,7546
51.6496601105,7545
51.9736821651,7544
52.5095901489,7543
52.8373990059,7542
53.6752011776,7541
55.004554987,7540
55.0611410141,7539
56.248912096,7538
56.961867094,7537
57.4727871418,7536
69.52881217,7535
69.5888140202,7534
69.6751010418,7533
69.8580300808,7532
69.9256591797,7531
69.9635632038,7530
70.1831569672,7529
70.7704610825,7528
70.846873045,7527
71.4008500576,7526
72.3103041649,7525
72.4973490238,7524
73.2926521301,7523
73.5947751999,7522
73.9179689884,7521
75.4112541676,7520
76.0950989723,7519
76.163850069,7518
76.5092060566,7517
95.2852120399,7516
95.5226511955,7515
96.5883741379,7514
96.6309041977,7513
111.381942034,7512
112.165400028,7511
112.588479042,7510
113.154433012,7509
113.228815079,7508
113.382359982,7507
113.848018169,7506
116.107740164,7505
132.318601131,7504
133.791520119,7503
134.069496155,7502
169.733424187,7501
171.035595179,7500
175.160149097,7499
208.516328096,7498
208.775912046,7497
209.444598198,7496
209.86997509,7495
213.501362085,7494
227.974287987,7493
228.112293005,7492
229.198060989,7491
229.72261405,7490
230.84186101,7489
230.878399134,7488
231.622270107,7487
234.538038015,7486
267.531635046,7485
267.555848122,7484
267.72311902,7483
267.886533022,7482
268.126573086,7481
268.806149006,7480
269.245380163,7479
269.803623199,7478
271.112480164,7477
271.404508114,7476
272.061521053,7475
307.992102146,7474
311.778087139,7473
329.93148303,7472
331.39064002,7471
332.206592083,7470
332.809077024,7469
390.489310026,7468
