0.0912799835205,11022
0.0919299125671,11021
0.0928099155426,11020
0.0932600498199,11019
0.0937759876251,11018
0.0943050384521,11017
0.094801902771,11016
0.0957551002502,11015
0.0966799259186,11014
0.097424030304,11013
0.0981619358063,11012
0.0986430644989,11011
0.0991499423981,11010
0.099967956543,11009
0.100385904312,11008
0.100878953934,11007
0.101532936096,11006
0.102031946182,11005
0.102550029755,11004
0.103329896927,11003
0.103974103928,11002
0.104496002197,11001
0.104963064194,11000
0.106229066849,10999
0.106945037842,10998
0.10738992691,10997
0.108315944672,10996
0.108794927597,10995
0.109246969223,10994
0.109884977341,10993
0.110378980637,10992
0.110796928406,10991
0.111305952072,10990
0.112205982208,10989
0.112710952759,10988
0.113229036331,10987
0.114099025726,10986
0.11452794075,10985
0.115446090698,10984
0.11609005928,10983
0.116597890854,10982
0.117090940475,10981
0.117585897446,10980
0.118058919907,10979
0.118567943573,10978
0.119132995605,10977
0.120047092438,10976
0.120820045471,10975
0.121656894684,10974
0.122102022171,10973
0.12273812294,10972
0.123562097549,10971
0.123994112015,10970
0.12450003624,10969
0.125271081924,10968
0.125783920288,10967
0.126481056213,10966
0.126976966858,10965
0.127486944199,10964
0.128241062164,10963
0.128766059875,10962
0.129695892334,10961
0.130197048187,10960
0.130855083466,10959
0.13134598732,10958
0.131788015366,10957
0.132214069366,10956
0.132968902588,10955
0.133878946304,10954
0.134381055832,10953
0.135098934174,10952
0.135731935501,10951
0.136437892914,10950
0.136950969696,10949
0.137422084808,10948
0.138355970383,10947
0.139070034027,10946
0.139987945557,10945
0.14048910141,10944
0.140924930573,10943
0.141441106796,10942
0.141911029816,10941
0.142415046692,10940
0.142924070358,10939
0.143393993378,10938
0.144257068634,10937
0.144771099091,10936
0.14523601532,10935
0.145742893219,10934
0.146583080292,10933
0.147370100021,10932
0.14783000946,10931
0.1482899189,10930
0.148797035217,10929
0.149319887161,10928
0.15002989769,10927
0.150877952576,10926
0.151369094849,10925
0.152090072632,10924
0.152828931808,10923
0.153630971909,10922
0.154088020325,10921
0.154777050018,10920
0.15541100502,10919
0.155913114548,10918
0.156762123108,10917
0.157570123672,10916
0.158241033554,10915
0.15904211998,10914
0.159512042999,10913
0.160336017609,10912
0.16082906723,10911
0.161329984665,10910
0.161967992783,10909
0.162792921066,10908
0.163547992706,10907
0.164333105087,10906
0.165218114853,10905
0.166103124619,10904
0.166930913925,10903
0.167822122574,10902
0.168344974518,10901
0.168803930283,10900
0.169545888901,10899
0.171154975891,10898
0.171966075897,10897
0.17277598381,10896
0.173295974731,10895
0.173815965652,10894
0.174513101578,10893
0.175312042236,10892
0.175962924957,10891
0.177093029022,10890
0.178016901016,10889
0.178508043289,10888
0.178963899612,10887
0.179851055145,10886
0.180464029312,10885
0.181260108948,10884
0.181746006012,10883
0.183103084564,10882
0.183603048325,10881
0.184513092041,10880
0.185302019119,10879
0.185763120651,10878
0.186691999435,10877
0.187191009521,10876
0.187988996506,10875
0.188472032547,10874
0.189140081406,10873
0.189902067184,10872
0.190717935562,10871
0.191930055618,10870
0.192552089691,10869
0.192984104156,10868
0.193456888199,10867
0.194824934006,10866
0.19554400444,10865
0.196371078491,10864
0.19713807106,10863
0.198239088058,10862
0.198997020721,10861
0.199928045273,10860
0.200726985931,10859
0.201375007629,10858
0.201880931854,10857
0.202584028244,10856
0.203319072723,10855
0.204006910324,10854
0.204478025436,10853
0.205291986465,10852
0.205809116364,10851
0.20644903183,10850
0.206999063492,10849
0.207690000534,10848
0.208162069321,10847
0.208695888519,10846
0.210299968719,10845
0.211229085922,10844
0.21168088913,10843
0.212542057037,10842
0.213385105133,10841
0.214965105057,10840
0.215473890305,10839
0.215975999832,10838
0.216903924942,10837
0.217420101166,10836
0.2184278965,10835
0.218900918961,10834
0.219767093658,10833
0.220230102539,10832
0.220715999603,10831
0.221499919891,10830
0.221954107285,10829
0.222686052322,10828
0.223531007767,10827
0.224410057068,10826
0.224899053574,10825
0.22554898262,10824
0.226572036743,10823
0.227513074875,10822
0.228368997574,10821
0.228847026825,10820
0.229305028915,10819
0.229804039001,10818
0.230714082718,10817
0.231348991394,10816
0.232122898102,10815
0.232781887054,10814
0.233269929886,10813
0.233767986298,10812
0.234235048294,10811
0.235313892365,10810
0.235824108124,10809
0.236319065094,10808
0.237529039383,10807
0.238503932953,10806
0.239020109177,10805
0.239543914795,10804
0.240489006042,10803
0.241503953934,10802
0.242336988449,10801
0.243362903595,10800
0.243947029114,10799
0.24458193779,10798
0.245078086853,10797
0.245810985565,10796
0.246645927429,10795
0.247049093246,10794
0.247539043427,10793
0.248045921326,10792
0.248828887939,10791
0.250333070755,10790
0.251167058945,10789
0.251682043076,10788
0.253067016602,10787
0.253845930099,10786
0.254784107208,10785
0.255515098572,10784
0.256211996078,10783
0.257524967194,10782
0.258434057236,10781
0.258944034576,10780
0.259634017944,10779
0.260503053665,10778
0.261240959167,10777
0.261662960052,10776
0.26217007637,10775
0.262677907944,10774
0.263116121292,10773
0.264540910721,10772
0.265316963196,10771
0.266021966934,10770
0.266537904739,10769
0.267762899399,10768
0.268561124802,10767
0.26934504509,10766
0.269840955734,10765
0.270961999893,10764
0.271457910538,10763
0.271972894669,10762
0.27266907692,10761
0.273895978928,10760
0.274389028549,10759
0.27482509613,10758
0.275571107864,10757
0.276077032089,10756
0.276837110519,10755
0.277458906174,10754
0.278367042542,10753
0.279071092606,10752
0.279587984085,10751
0.280416965485,10750
0.280849933624,10749
0.281682014465,10748
0.282169103622,10747
0.282685041428,10746
0.283437013626,10745
0.283926010132,10744
0.284416913986,10743
0.284909963608,10742
0.285664081573,10741
0.286143064499,10740
0.286657094955,10739
0.287449121475,10738
0.288196086884,10737
0.289405107498,10736
0.289953947067,10735
0.290525913239,10734
0.290981054306,10733
0.291439056396,10732
0.291954040527,10731
0.292757987976,10730
0.293194055557,10729
0.294100999832,10728
0.294810056686,10727
0.29550909996,10726
0.29642701149,10725
0.297799110413,10724
0.298706054688,10723
0.299842119217,10722
0.300530910492,10721
0.301045894623,10720
0.30190205574,10719
0.302558898926,10718
0.30358505249,10717
0.304068088531,10716
0.304949998856,10715
0.305433034897,10714
0.306178092957,10713
0.306828975677,10712
0.307329893112,10711
0.307749986649,10710
0.308590888977,10709
0.30943608284,10708
0.310131072998,10707
0.310767889023,10706
0.311213970184,10705
0.311775922775,10704
0.312457084656,10703
0.312899112701,10702
0.314070940018,10701
0.314508914948,10700
0.314954996109,10699
0.315505027771,10698
0.316014051437,10697
0.316701889038,10696
0.317203044891,10695
0.317704916,10694
0.318423032761,10693
0.319339990616,10692
0.320094108582,10691
0.320602893829,10690
0.321115970612,10689
0.322194099426,10688
0.322901010513,10687
0.324215888977,10686
0.324696063995,10685
0.325325965881,10684
0.326410055161,10683
0.326906919479,10682
0.32771897316,10681
0.329282045364,10680
0.329925060272,10679
0.330413103104,10678
0.330914974213,10677
0.33140206337,10676
0.331868886948,10675
0.332572937012,10674
0.333036899567,10673
0.333942890167,10672
0.334448099136,10671
0.33495092392,10670
0.335452079773,10669
0.337022066116,10668
0.3377161026,10667
0.338787078857,10666
0.339306116104,10665
0.340604066849,10664
0.341095924377,10663
0.341556072235,10662
0.342037916183,10661
0.34280705452,10660
0.344167947769,10659
0.345616102219,10658
0.346414089203,10657
0.346868038177,10656
0.347765922546,10655
0.34961605072,10654
0.35062789917,10653
0.351290941238,10652
0.351784944534,10651
0.352557897568,10650
0.353245973587,10649
0.353792905807,10648
0.354445934296,10647
0.355221986771,10646
0.356307029724,10645
0.357136964798,10644
0.357933998108,10643
0.358416080475,10642
0.359887123108,10641
0.360500097275,10640
0.360950946808,10639
0.361804962158,10638
0.363276958466,10637
0.364942073822,10636
0.365431070328,10635
0.365922927856,10634
0.367192983627,10633
0.368711948395,10632
0.369187116623,10631
0.369687080383,10630
0.370516061783,10629
0.370999097824,10628
0.371427059174,10627
0.371927976608,10626
0.372736930847,10625
0.374332904816,10624
0.375005960464,10623
0.376249074936,10622
0.377341032028,10621
0.377840042114,10620
0.378726959229,10619
0.379389047623,10618
0.379853010178,10617
0.380364894867,10616
0.380860090256,10615
0.381516933441,10614
0.382023096085,10613
0.382452964783,10612
0.382870912552,10611
0.38337802887,10610
0.384107112885,10609
0.384512901306,10608
0.386390924454,10607
0.387015104294,10606
0.388922929764,10605
0.389364004135,10604
0.390118122101,10603
0.390779018402,10602
0.391930103302,10601
0.392745018005,10600
0.393446922302,10599
0.393873929977,10598
0.394337892532,10597
0.394804954529,10596
0.395584106445,10595
0.396291971207,10594
0.397171974182,10593
0.398061990738,10592
0.398890018463,10591
0.39938211441,10590
0.400103092194,10589
0.4007999897,10588
0.401295900345,10587
0.401814937592,10586
0.402550935745,10585
0.403419971466,10584
0.403912067413,10583
0.404695987701,10582
0.405818939209,10581
0.407808065414,10580
0.408692121506,10579
0.409184932709,10578
0.409949064255,10577
0.410852909088,10576
0.411731004715,10575
0.413172960281,10574
0.413629055023,10573
0.414278030396,10572
0.41502404213,10571
0.415488958359,10570
0.415973901749,10569
0.416641950607,10568
0.417709112167,10567
0.418406963348,10566
0.419223070145,10565
0.41988992691,10564
0.420744895935,10563
0.421926021576,10562
0.423218011856,10561
0.423724889755,10560
0.424195051193,10559
0.424670934677,10558
0.425164937973,10557
0.425862073898,10556
0.428605079651,10555
0.429410934448,10554
0.429847002029,10553
0.430557012558,10552
0.43105006218,10551
0.431936979294,10550
0.432436943054,10549
0.433161020279,10548
0.433871984482,10547
0.434747934341,10546
0.435883998871,10545
0.436547994614,10544
0.437386989594,10543
0.437880992889,10542
0.438323020935,10541
0.438836097717,10540
0.440490007401,10539
0.441104888916,10538
0.442761898041,10537
0.444407939911,10536
0.444911956787,10535
0.445701122284,10534
0.446181058884,10533
0.447097063065,10532
0.44758105278,10531
0.447969913483,10530
0.448662042618,10529
0.449599981308,10528
0.45001912117,10527
0.450489997864,10526
0.451548099518,10525
0.452841043472,10524
0.453627109528,10523
0.454322099686,10522
0.456564903259,10521
0.456968069077,10520
0.458295106888,10519
0.458799123764,10518
0.459939956665,10517
0.460839033127,10516
0.462264060974,10515
0.46310210228,10514
0.463577032089,10513
0.464323043823,10512
0.465132951736,10511
0.465558052063,10510
0.466032028198,10509
0.466862916946,10508
0.467353105545,10507
0.467854976654,10506
0.469264030457,10505
0.469760894775,10504
0.470228910446,10503
0.471286058426,10502
0.472297906876,10501
0.473036050797,10500
0.473659992218,10499
0.474309921265,10498
0.47514295578,10497
0.475852012634,10496
0.476706027985,10495
0.477211952209,10494
0.477703094482,10493
0.479124069214,10492
0.47961807251,10491
0.48095202446,10490
0.481437921524,10489
0.482463121414,10488
0.483675956726,10487
0.484388113022,10486
0.485174894333,10485
0.485817909241,10484
0.487941026688,10483
0.488806009293,10482
0.489721059799,10481
0.4902780056,10480
0.491828918457,10479
0.492676973343,10478
0.49320101738,10477
0.494082927704,10476
0.494568109512,10475
0.495306015015,10474
0.495817899704,10473
0.496634960175,10472
0.497570037842,10471
0.498297929764,10470
0.498816013336,10469
0.499634981155,10468
0.500432014465,10467
0.501915931702,10466
0.50244808197,10465
0.503132104874,10464
0.504049062729,10463
0.504987955093,10462
0.505532979965,10461
0.506053924561,10460
0.507627010345,10459
0.508724927902,10458
0.509593009949,10457
0.51010799408,10456
0.510634899139,10455
0.511775970459,10454
0.512306928635,10453
0.512783050537,10452
0.513341903687,10451
0.514110088348,10450
0.514621019363,10449
0.516127109528,10448
0.516803026199,10447
0.518851995468,10446
0.52018404007,10445
0.52143907547,10444
0.521953105927,10443
0.522476911545,10442
0.522982120514,10441
0.523838043213,10440
0.524780035019,10439
0.525286912918,10438
0.526179075241,10437
0.527051925659,10436
0.528510093689,10435
0.529016971588,10434
0.529733896255,10433
0.531650066376,10432
0.532994031906,10431
0.53365111351,10430
0.534333944321,10429
0.534852027893,10428
0.535485029221,10427
0.536150932312,10426
0.536670923233,10425
0.537796974182,10424
0.538973093033,10423
0.539870977402,10422
0.54053401947,10421
0.540986061096,10420
0.541969060898,10419
0.542476892471,10418
0.543318033218,10417
0.543850898743,10416
0.544595003128,10415
0.545524120331,10414
0.546274900436,10413
0.546817064285,10412
0.547692060471,10411
0.549310922623,10410
0.550146102905,10409
0.551377058029,10408
0.55205988884,10407
0.552530050278,10406
0.553250074387,10405
0.553915977478,10404
0.554661035538,10403
0.555655002594,10402
0.5578789711,10401
0.559099912643,10400
0.559987068176,10399
0.56042599678,10398
0.560954093933,10397
0.561892986298,10396
0.563760995865,10395
0.564240932465,10394
0.565413951874,10393
0.565905094147,10392
0.566596984863,10391
0.567497968674,10390
0.568387985229,10389
0.568850040436,10388
0.569300889969,10387
0.570636034012,10386
0.571156978607,10385
0.571845054626,10384
0.572518110275,10383
0.574265956879,10382
0.575418949127,10381
0.576498985291,10380
0.57715010643,10379
0.578960895538,10378
0.580037117004,10377
0.58182311058,10376
0.584486961365,10375
0.585298061371,10374
0.585776090622,10373
0.586261987686,10372
0.587656021118,10371
0.588296890259,10370
0.588788032532,10369
0.589292049408,10368
0.590385913849,10367
0.59123301506,10366
0.591677904129,10365
0.592363119125,10364
0.59379196167,10363
0.594913005829,10362
0.59574007988,10361
0.596391916275,10360
0.596869945526,10359
0.597296953201,10358
0.597712039948,10357
0.598196029663,10356
0.599209070206,10355
0.601243972778,10354
0.602277040482,10353
0.602854967117,10352
0.603318929672,10351
0.605058908463,10350
0.605546951294,10349
0.606298923492,10348
0.606800079346,10347
0.608185052872,10346
0.608621120453,10345
0.609090089798,10344
0.609587907791,10343
0.611100912094,10342
0.612564086914,10341
0.61305308342,10340
0.613536119461,10339
0.614629030228,10338
0.615102052689,10337
0.615582942963,10336
0.617670059204,10335
0.61811208725,10334
0.619647026062,10333
0.620424985886,10332
0.621313095093,10331
0.622476100922,10330
0.623538970947,10329
0.62405705452,10328
0.62455201149,10327
0.625006914139,10326
0.625507116318,10325
0.625982046127,10324
0.626441001892,10323
0.626879930496,10322
0.62802195549,10321
0.628891944885,10320
0.629899978638,10319
0.630327939987,10318
0.631652116776,10317
0.632146120071,10316
0.632800102234,10315
0.633277893066,10314
0.633897066116,10313
0.634313106537,10312
0.63481593132,10311
0.635629892349,10310
0.636729001999,10309
0.637959003448,10308
0.638431072235,10307
0.638864040375,10306
0.64031291008,10305
0.640911102295,10304
0.641407012939,10303
0.64284992218,10302
0.643331050873,10301
0.643815040588,10300
0.645503044128,10299
0.646487951279,10298
0.648555994034,10297
0.649430990219,10296
0.650758981705,10295
0.651736021042,10294
0.652221918106,10293
0.653479099274,10292
0.653989076614,10291
0.654855966568,10290
0.655306100845,10289
0.65665602684,10288
0.657126903534,10287
0.658147096634,10286
0.658626079559,10285
0.659321069717,10284
0.659981966019,10283
0.660658121109,10282
0.661152124405,10281
0.661701917648,10280
0.662202119827,10279
0.66265296936,10278
0.663093090057,10277
0.664316892624,10276
0.664809942245,10275
0.66858792305,10274
0.669013023376,10273
0.669507980347,10272
0.671170949936,10271
0.672152996063,10270
0.672602891922,10269
0.673233032227,10268
0.674354076385,10267
0.67484498024,10266
0.676206111908,10265
0.677182912827,10264
0.67786192894,10263
0.678661108017,10262
0.679338932037,10261
0.679821968079,10260
0.680973052979,10259
0.681396007538,10258
0.681889057159,10257
0.682615041733,10256
0.685034990311,10255
0.685660123825,10254
0.686434984207,10253
0.687455892563,10252
0.688316106796,10251
0.68919801712,10250
0.690267086029,10249
0.690757989883,10248
0.691364049911,10247
0.691796064377,10246
0.693083047867,10245
0.695247888565,10244
0.695676088333,10243
0.697150945663,10242
0.698110103607,10241
0.700901031494,10240
0.701370954514,10239
0.701859951019,10238
0.702707052231,10237
0.703150987625,10236
0.704030036926,10235
0.704799890518,10234
0.706507921219,10233
0.707849979401,10232
0.708298921585,10231
0.708786010742,10230
0.709712982178,10229
0.710242986679,10228
0.711463928223,10227
0.711941957474,10226
0.712639093399,10225
0.713088035583,10224
0.713563919067,10223
0.714313983917,10222
0.714998006821,10221
0.715888023376,10220
0.716377973557,10219
0.718961000443,10218
0.720102071762,10217
0.720951080322,10216
0.721436023712,10215
0.723206996918,10214
0.724302053452,10213
0.724796056747,10212
0.728569984436,10211
0.729412078857,10210
0.729851961136,10209
0.730735063553,10208
0.731590032578,10207
0.73268198967,10206
0.733160972595,10205
0.733788967133,10204
0.734220027924,10203
0.734730958939,10202
0.735663890839,10201
0.736310958862,10200
0.737376928329,10199
0.738480091095,10198
0.739619016647,10197
0.741395950317,10196
0.743160009384,10195
0.743644952774,10194
0.744246006012,10193
0.744661092758,10192
0.745758056641,10191
0.746396064758,10190
0.746855974197,10189
0.747932910919,10188
0.749341964722,10187
0.750195026398,10186
0.751080036163,10185
0.751555919647,10184
0.752233028412,10183
0.752703905106,10182
0.753541946411,10181
0.754302978516,10180
0.756381988525,10179
0.758480072021,10178
0.759282112122,10177
0.761315107346,10176
0.761783123016,10175
0.762517929077,10174
0.763021945953,10173
0.763565063477,10172
0.765372037888,10171
0.76802611351,10170
0.768843889236,10169
0.769239902496,10168
0.769728899002,10167
0.770502090454,10166
0.772596120834,10165
0.773452997208,10164
0.77404499054,10163
0.774631977081,10162
0.775108098984,10161
0.775777101517,10160
0.776231050491,10159
0.776655912399,10158
0.777122020721,10157
0.777657032013,10156
0.778534889221,10155
0.779932975769,10154
0.781086921692,10153
0.781574010849,10152
0.782215118408,10151
0.783436059952,10150
0.784754037857,10149
0.785801887512,10148
0.786724090576,10147
0.787173986435,10146
0.787846088409,10145
0.788329124451,10144
0.788829088211,10143
0.789263010025,10142
0.790481090546,10141
0.793452978134,10140
0.794914007187,10139
0.795393943787,10138
0.796391963959,10137
0.797218084335,10136
0.79767203331,10135
0.798676013947,10134
0.799165010452,10133
0.800211906433,10132
0.801325082779,10131
0.802586078644,10130
0.805093050003,10129
0.805545091629,10128
0.806418895721,10127
0.806895017624,10126
0.807374954224,10125
0.80783200264,10124
0.808516979218,10123
0.808989048004,10122
0.809470891953,10121
0.810554027557,10120
0.811643123627,10119
0.812444925308,10118
0.813242912292,10117
0.813935041428,10116
0.815535068512,10115
0.817065954208,10114
0.818079948425,10113
0.818542957306,10112
0.820415019989,10111
0.822189092636,10110
0.822667121887,10109
0.824167013168,10108
0.82460308075,10107
0.824975967407,10106
0.826180934906,10105
0.826699972153,10104
0.827198028564,10103
0.828063011169,10102
0.828725099564,10101
0.832093954086,10100
0.832971096039,10099
0.8336789608,10098
0.835338115692,10097
0.836189031601,10096
0.837383031845,10095
0.838042020798,10094
0.838690042496,10093
0.839692115784,10092
0.840178012848,10091
0.840843915939,10090
0.841536045074,10089
0.842375993729,10088
0.843178987503,10087
0.84362411499,10086
0.844402074814,10085
0.844878911972,10084
0.846899032593,10083
0.847345113754,10082
0.848716974258,10081
0.849195957184,10080
0.849685907364,10079
0.850128889084,10078
0.851102113724,10077
0.852246046066,10076
0.852684020996,10075
0.853163957596,10074
0.853729009628,10073
0.854438066483,10072
0.85529088974,10071
0.855775117874,10070
0.856609106064,10069
0.857798099518,10068
0.858287096024,10067
0.858730077744,10066
0.859611034393,10065
0.860606908798,10064
0.861275911331,10063
0.863177061081,10062
0.864233970642,10061
0.864762067795,10060
0.866259098053,10059
0.867476940155,10058
0.868781089783,10057
0.869246006012,10056
0.870321035385,10055
0.871184110641,10054
0.871834993362,10053
0.873070001602,10052
0.873652935028,10051
0.874141931534,10050
0.876621961594,10049
0.877634048462,10048
0.878252029419,10047
0.879107952118,10046
0.880429029465,10045
0.881474971771,10044
0.887065887451,10043
0.888274908066,10042
0.888752937317,10041
0.889219999313,10040
0.88983798027,10039
0.892930984497,10038
0.893570899963,10037
0.895024061203,10036
0.895749092102,10035
0.896456003189,10034
0.896997928619,10033
0.898694038391,10032
0.900546073914,10031
0.902022123337,10030
0.903839111328,10029
0.904325008392,10028
0.904715061188,10027
0.905189037323,10026
0.907288074493,10025
0.909451007843,10024
0.90987610817,10023
0.910347938538,10022
0.911026000977,10021
0.912158966064,10020
0.913676977158,10019
0.914665937424,10018
0.915141105652,10017
0.917146921158,10016
0.91900396347,10015
0.919676065445,10014
0.920815944672,10013
0.922400951385,10012
0.923084974289,10011
0.923552036285,10010
0.924823999405,10009
0.925312042236,10008
0.927542924881,10007
0.927974939346,10006
0.928350925446,10005
0.928822994232,10004
0.92989397049,10003
0.930548906326,10002
0.930979967117,10001
0.932337999344,10000
0.934339046478,9999
0.934745073318,9998
0.936731100082,9997
0.937211990356,9996
0.937704086304,9995
0.938128948212,9994
0.938626050949,9993
0.939027070999,9992
0.93951010704,9991
0.939913034439,9990
0.94038105011,9989
0.941127061844,9988
0.941759109497,9987
0.942555904388,9986
0.94376707077,9985
0.944380044937,9984
0.944849967957,9983
0.945701122284,9982
0.946352005005,9981
0.946842908859,9980
0.947317123413,9979
0.948781967163,9978
0.951988935471,9977
0.952727079391,9976
0.953490018845,9975
0.954345941544,9974
0.955147981644,9973
0.955943107605,9972
0.956409931183,9971
0.957601070404,9970
0.958030939102,9969
0.958447933197,9968
0.959048032761,9967
0.959842920303,9966
0.960314035416,9965
0.960791110992,9964
0.96276307106,9963
0.963371038437,9962
0.963850975037,9961
0.964487075806,9960
0.966332912445,9959
0.96702504158,9958
0.96747303009,9957
0.967907905579,9956
0.968379020691,9955
0.969227075577,9954
0.970612049103,9953
0.971580982208,9952
0.972059965134,9951
0.974368095398,9950
0.975672006607,9949
0.979111909866,9948
0.979578971863,9947
0.980053901672,9946
0.980459928513,9945
0.982427120209,9944
0.984031915665,9943
0.984833955765,9942
0.986001968384,9941
0.987535953522,9940
0.98801112175,9939
0.989326953888,9938
0.989799022675,9937
0.992126941681,9936
0.99503993988,9935
0.995507001877,9934
0.996273994446,9933
0.999032020569,9932
0.999880075455,9931
1.00036096573,9930
1.00084090233,9929
1.00189900398,9928
1.00252795219,9927
1.00362896919,9926
1.00458788872,9925
1.00673007965,9924
1.00854611397,9923
1.01002812386,9922
1.01139307022,9921
1.01183795929,9920
1.01229500771,9919
1.01379609108,9918
1.01422810555,9917
1.01529097557,9916
1.01587295532,9915
1.01682305336,9914
1.01729798317,9913
1.01914095879,9912
1.0196120739,9911
1.02008104324,9910
1.02118396759,9909
1.02195596695,9908
1.02241396904,9907
1.02439403534,9906
1.02596998215,9905
1.02808904648,9904
1.02853894234,9903
1.02920508385,9902
1.02968001366,9901
1.03191709518,9900
1.03258395195,9899
1.03304409981,9898
1.03369688988,9897
1.03514909744,9896
1.03693199158,9895
1.03774404526,9894
1.03813290596,9893
1.03962898254,9892
1.04037308693,9891
1.04083299637,9890
1.04130411148,9889
1.04177188873,9888
1.04286503792,9887
1.04430389404,9886
1.04499197006,9885
1.04656100273,9884
1.0473690033,9883
1.0478310585,9882
1.04831504822,9881
1.04898190498,9880
1.05060005188,9879
1.0514318943,9878
1.05191111565,9877
1.05233192444,9876
1.05335903168,9875
1.05409502983,9874
1.05551409721,9873
1.05614089966,9872
1.05722904205,9871
1.05805397034,9870
1.05851411819,9869
1.06068205833,9868
1.062292099,9867
1.062926054,9866
1.0635740757,9865
1.06531095505,9864
1.06949090958,9863
1.07066988945,9862
1.07217693329,9861
1.07262206078,9860
1.07594203949,9859
1.07737708092,9858
1.07786107063,9857
1.0789129734,9856
1.07976102829,9855
1.08022689819,9854
1.08116793633,9853
1.08164095879,9852
1.08470201492,9851
1.08576989174,9850
1.08643198013,9849
1.08692502975,9848
1.08969593048,9847
1.09271001816,9846
1.09338593483,9845
1.09610700607,9844
1.09692907333,9843
1.10218191147,9842
1.10326004028,9841
1.10491609573,9840
1.10540008545,9839
1.10601305962,9838
1.10697793961,9837
1.10757493973,9836
1.10891389847,9835
1.11017203331,9834
1.11061501503,9833
1.11107110977,9832
1.11262106895,9831
1.11360502243,9830
1.11407995224,9829
1.11456894875,9828
1.11771392822,9827
1.11832499504,9826
1.1190340519,9825
1.12001991272,9824
1.12045097351,9823
1.12086701393,9822
1.123306036,9821
1.12484693527,9820
1.12529397011,9819
1.12595510483,9818
1.12749195099,9817
1.12794995308,9816
1.13019895554,9815
1.13095593452,9814
1.13143801689,9813
1.13229012489,9812
1.13334107399,9811
1.13513803482,9810
1.13611102104,9809
1.1376850605,9808
1.13868093491,9807
1.14011502266,9806
1.14145493507,9805
1.14221310616,9804
1.142827034,9803
1.14328598976,9802
1.14424610138,9801
1.14462900162,9800
1.14537191391,9799
1.14707398415,9798
1.14777207375,9797
1.14950704575,9796
1.14996504784,9795
1.15102505684,9794
1.15328097343,9793
1.15374112129,9792
1.15458512306,9791
1.15606689453,9790
1.15653395653,9789
1.15719199181,9788
1.15790390968,9787
1.15933799744,9786
1.16124892235,9785
1.16193699837,9784
1.16260290146,9783
1.16361093521,9782
1.16506910324,9781
1.16610312462,9780
1.16689896584,9779
1.16787409782,9778
1.16990089417,9777
1.17143011093,9776
1.17209601402,9775
1.17271900177,9774
1.17319607735,9773
1.1742310524,9772
1.17562007904,9771
1.17731595039,9770
1.17816901207,9769
1.17861795425,9768
1.17958211899,9767
1.18005299568,9766
1.18052101135,9765
1.18098807335,9764
1.18275809288,9763
1.18458509445,9762
1.18727612495,9761
1.18814110756,9760
1.18860006332,9759
1.18983912468,9758
1.19073605537,9757
1.19134092331,9756
1.19231009483,9755
1.19277501106,9754
1.19323205948,9753
1.19427490234,9752
1.19472908974,9751
1.19704294205,9750
1.19840502739,9749
1.20015597343,9748
1.20319509506,9747
1.2036280632,9746
1.20542097092,9745
1.20841193199,9744
1.20884203911,9743
1.2093091011,9742
1.21016192436,9741
1.21182703972,9740
1.21224308014,9739
1.21304512024,9738
1.21351909637,9737
1.21406197548,9736
1.21452999115,9735
1.21660804749,9734
1.21704697609,9733
1.21838092804,9732
1.22051692009,9731
1.2213280201,9730
1.22314691544,9729
1.22522091866,9728
1.22569799423,9727
1.2273349762,9726
1.22775602341,9725
1.22823190689,9724
1.23296499252,9723
1.23343300819,9722
1.23467206955,9721
1.23518204689,9720
1.23652410507,9719
1.2376511097,9718
1.23882889748,9717
1.23929691315,9716
1.2429959774,9715
1.24451708794,9714
1.24534392357,9713
1.2466840744,9712
1.24715089798,9711
1.24819207191,9710
1.24865889549,9709
1.24908900261,9708
1.24989199638,9707
1.25241494179,9706
1.25307202339,9705
1.25354194641,9704
1.25487089157,9703
1.25542211533,9702
1.25779294968,9701
1.25836205482,9700
1.26096892357,9699
1.26143097878,9698
1.26317095757,9697
1.26481795311,9696
1.26547908783,9695
1.26590204239,9694
1.26635193825,9693
1.26682806015,9692
1.27018094063,9691
1.2707669735,9690
1.27123808861,9689
1.27297210693,9688
1.27334094048,9687
1.27436900139,9686
1.27567100525,9685
1.27815103531,9684
1.27861404419,9683
1.27905511856,9682
1.28012895584,9681
1.28193998337,9680
1.28316903114,9679
1.28424811363,9678
1.28512692451,9677
1.28695392609,9676
1.28788399696,9675
1.2885620594,9674
1.28975605965,9673
1.29017496109,9672
1.29104399681,9671
1.29210209846,9670
1.29398989677,9669
1.29465699196,9668
1.29553103447,9667
1.29641509056,9666
1.29820990562,9665
1.29954099655,9664
1.30075407028,9663
1.30173993111,9662
1.30601811409,9661
1.30648899078,9660
1.30726909637,9659
1.30809402466,9658
1.30928492546,9657
1.31013703346,9656
1.31163597107,9655
1.31209301949,9654
1.31250095367,9653
1.31320405006,9652
1.31385397911,9651
1.31458091736,9650
1.31767392159,9649
1.32106208801,9648
1.32153892517,9647
1.32240509987,9646
1.32296609879,9645
1.32395195961,9644
1.3245370388,9643
1.32898497581,9642
1.33030104637,9641
1.33098912239,9640
1.33143901825,9639
1.33190894127,9638
1.33309412003,9637
1.33404588699,9636
1.33552908897,9635
1.33707809448,9634
1.34131598473,9633
1.34178900719,9632
1.34280204773,9631
1.34344696999,9630
1.34484601021,9629
1.34530711174,9628
1.34595608711,9627
1.3464140892,9626
1.34826493263,9625
1.3490819931,9624
1.34950208664,9623
1.34991502762,9622
1.35102891922,9621
1.35156989098,9620
1.35275602341,9619
1.35316109657,9618
1.35378098488,9617
1.35571694374,9616
1.35614395142,9615
1.3592069149,9614
1.35985589027,9613
1.36031389236,9612
1.36289000511,9611
1.3635969162,9610
1.36721992493,9609
1.36766290665,9608
1.36839103699,9607
1.36942696571,9606
1.37124991417,9605
1.37197089195,9604
1.37313199043,9603
1.37406206131,9602
1.37712812424,9601
1.37757992744,9600
1.37979102135,9599
1.38025307655,9598
1.38127303123,9597
1.38226294518,9596
1.3838660717,9595
1.38433694839,9594
1.38549208641,9593
1.38597893715,9592
1.38961791992,9591
1.39007902145,9590
1.39160895348,9589
1.39276194572,9588
1.39386510849,9587
1.39498209953,9586
1.39543890953,9585
1.39821910858,9584
1.40115308762,9583
1.40156006813,9582
1.4046690464,9581
1.40691709518,9580
1.40736889839,9579
1.40801596642,9578
1.40846800804,9577
1.41048312187,9576
1.41256093979,9575
1.41405391693,9574
1.41599011421,9573
1.41640996933,9572
1.41708707809,9571
1.41801810265,9570
1.41857600212,9569
1.4194149971,9568
1.41987299919,9567
1.42046904564,9566
1.42397809029,9565
1.42444992065,9564
1.42587304115,9563
1.42935299873,9562
1.43043494225,9561
1.43178391457,9560
1.43225312233,9559
1.43546390533,9558
1.43700504303,9557
1.43961596489,9556
1.44008803368,9555
1.44052600861,9554
1.4409930706,9553
1.44220900536,9552
1.44413495064,9551
1.44598388672,9550
1.44817399979,9549
1.44929909706,9548
1.45011305809,9547
1.45048999786,9546
1.45271801949,9545
1.45358109474,9544
1.45404911041,9543
1.45553588867,9542
1.45842504501,9541
1.45885109901,9540
1.46015810966,9539
1.46080207825,9538
1.4612660408,9537
1.4628610611,9536
1.46329498291,9535
1.46376109123,9534
1.46589899063,9533
1.46650791168,9532
1.46711993217,9531
1.46755409241,9530
1.46969890594,9529
1.47078990936,9528
1.47305011749,9527
1.47351908684,9526
1.47481608391,9525
1.4756538868,9524
1.47784495354,9523
1.47826290131,9522
1.47936606407,9521
1.48095107079,9520
1.48206090927,9519
1.48282790184,9518
1.48418402672,9517
1.48464393616,9516
1.48636102676,9515
1.48677611351,9514
1.48798704147,9513
1.4888279438,9512
1.49024200439,9511
1.49101996422,9510
1.4928560257,9509
1.49327301979,9508
1.49663805962,9507
1.49842190742,9506
1.50038790703,9505
1.50399899483,9504
1.50522494316,9503
1.5056810379,9502
1.50745010376,9501
1.50821590424,9500
1.51050209999,9499
1.51111412048,9498
1.51273989677,9497
1.5134499073,9496
1.51534295082,9495
1.51660108566,9494
1.5170519352,9493
1.5179810524,9492
1.51896595955,9491
1.51942300797,9490
1.52021694183,9489
1.52159309387,9488
1.52205395699,9487
1.52296090126,9486
1.52418804169,9485
1.52459096909,9484
1.5250480175,9483
1.52551007271,9482
1.52713608742,9481
1.52818107605,9480
1.52856206894,9479
1.52995800972,9478
1.53115510941,9477
1.53265309334,9476
1.533618927,9475
1.53492307663,9474
1.53611493111,9473
1.53657197952,9472
1.53722596169,9471
1.53768110275,9470
1.53839492798,9469
1.54027199745,9468
1.54227399826,9467
1.54459404945,9466
1.54787492752,9465
1.54869294167,9464
1.54938602448,9463
1.55364108086,9462
1.55471396446,9461
1.55834197998,9460
1.55928897858,9459
1.56236410141,9458
1.56527090073,9457
1.56565999985,9456
1.56612491608,9455
1.56658291817,9454
1.56760001183,9453
1.56836390495,9452
1.56931090355,9451
1.57003211975,9450
1.5715610981,9449
1.57219195366,9448
1.57267093658,9447
1.57519412041,9446
1.57601308823,9445
1.57710599899,9444
1.57888507843,9443
1.57934308052,9442
1.580286026,9441
1.5829410553,9440
1.58574390411,9439
1.58654999733,9438
1.58826994896,9437
1.58875203133,9436
1.58921408653,9435
1.59430003166,9434
1.59479308128,9433
1.59523200989,9432
1.59586811066,9431
1.59627890587,9430
1.59776210785,9429
1.59819293022,9428
1.59869790077,9427
1.59986495972,9426
1.60072112083,9425
1.60153102875,9424
1.60234904289,9423
1.60280394554,9422
1.60415291786,9421
1.60686707497,9420
1.60885810852,9419
1.60928201675,9418
1.60973596573,9417
1.61512589455,9416
1.61628103256,9415
1.61699795723,9414
1.61794900894,9413
1.6206870079,9412
1.62114310265,9411
1.62154793739,9410
1.62224602699,9409
1.62424612045,9408
1.62504005432,9407
1.62637996674,9406
1.62857508659,9405
1.6303589344,9404
1.63341593742,9403
1.633852005,9402
1.63428807259,9401
1.63510298729,9400
1.63579511642,9399
1.63620090485,9398
1.63798689842,9397
1.63890790939,9396
1.6403439045,9395
1.64077305794,9394
1.64121508598,9393
1.64260005951,9392
1.64305710793,9391
1.6453909874,9390
1.64636111259,9389
1.64931511879,9388
1.64976811409,9387
1.65022301674,9386
1.65428209305,9385
1.65747189522,9384
1.65851998329,9383
1.6589679718,9382
1.65967011452,9381
1.66148400307,9380
1.66191792488,9379
1.66310191154,9378
1.66428589821,9377
1.66473507881,9376
1.66707611084,9375
1.6679880619,9374
1.66884803772,9373
1.6704890728,9372
1.67105698586,9371
1.67207598686,9370
1.67300891876,9369
1.67505502701,9368
1.67546796799,9367
1.67634510994,9366
1.67758011818,9365
1.68090105057,9364
1.68203997612,9363
1.68283700943,9362
1.68385004997,9361
1.68425989151,9360
1.68549704552,9359
1.68666005135,9358
1.68818998337,9357
1.68864202499,9356
1.69407510757,9355
1.69765210152,9354
1.69884395599,9353
1.7010269165,9352
1.70193195343,9351
1.7031929493,9350
1.70381808281,9349
1.70424294472,9348
1.70508408546,9347
1.70582199097,9346
1.70763707161,9345
1.70923089981,9344
1.71111607552,9343
1.71214604378,9342
1.71329498291,9341
1.71393203735,9340
1.71473789215,9339
1.71617698669,9338
1.71680212021,9337
1.71988606453,9336
1.72068500519,9335
1.7220480442,9334
1.72703504562,9333
1.73401808739,9332
1.73454093933,9331
1.73569607735,9330
1.73691296577,9329
1.73765897751,9328
1.73811411858,9327
1.73877000809,9326
1.73956489563,9325
1.74011206627,9324
1.74119400978,9323
1.74165296555,9322
1.74229311943,9321
1.74330306053,9320
1.74441409111,9319
1.74539899826,9318
1.74580693245,9317
1.7477209568,9316
1.74973797798,9315
1.75088596344,9314
1.75239610672,9313
1.75302600861,9312
1.75568699837,9311
1.7576239109,9310
1.76037597656,9309
1.7609770298,9308
1.76855802536,9307
1.76974701881,9306
1.77020001411,9305
1.77382707596,9304
1.77555608749,9303
1.77618598938,9302
1.78095507622,9301
1.78135704994,9300
1.78235197067,9299
1.78537201881,9298
1.78768897057,9297
1.78922009468,9296
1.7906870842,9295
1.79148507118,9294
1.79251003265,9293
1.79433608055,9292
1.80072903633,9291
1.80187511444,9290
1.80686903,9289
1.80753803253,9288
1.80795502663,9287
1.80858612061,9286
1.80960702896,9285
1.81023311615,9284
1.81065392494,9283
1.8121650219,9282
1.81261491776,9281
1.81762290001,9280
1.82200908661,9279
1.82401108742,9278
1.82630991936,9277
1.82727193832,9276
1.82767796516,9275
1.82836699486,9274
1.83068394661,9273
1.83221697807,9272
1.83266091347,9271
1.83590698242,9270
1.83679699898,9269
1.84376192093,9268
1.84626507759,9267
1.84670591354,9266
1.84716296196,9265
1.84757590294,9264
1.84817695618,9263
1.84959602356,9262
1.8513879776,9261
1.85238790512,9260
1.85284495354,9259
1.85414004326,9258
1.8573679924,9257
1.85817098618,9256
1.85953593254,9255
1.86075091362,9254
1.86203193665,9253
1.8631029129,9252
1.86493802071,9251
1.86574912071,9250
1.86775302887,9249
1.87264204025,9248
1.8730609417,9247
1.87452292442,9246
1.87598204613,9245
1.87976408005,9244
1.88036203384,9243
1.88139009476,9242
1.88255190849,9241
1.88320708275,9240
1.88605499268,9239
1.88646411896,9238
1.88691091537,9237
1.88800406456,9236
1.88862895966,9235
1.88918995857,9234
1.88964700699,9233
1.89103102684,9232
1.89245510101,9231
1.89290904999,9230
1.89485502243,9229
1.89584112167,9228
1.89651703835,9227
1.8969669342,9226
1.89757394791,9225
1.90339493752,9224
1.90419006348,9223
1.90673089027,9222
1.90829801559,9221
1.91038990021,9220
1.91198801994,9219
1.91297101974,9218
1.91337990761,9217
1.91412305832,9216
1.91455411911,9215
1.91510009766,9214
1.91670608521,9213
1.9176170826,9212
1.91985607147,9211
1.92128109932,9210
1.92172598839,9209
1.9221739769,9208
1.92260599136,9207
1.92430901527,9206
1.92531895638,9205
1.92606592178,9204
1.92783308029,9203
1.92825198174,9202
1.9286699295,9201
1.92943692207,9200
1.93027305603,9199
1.93077206612,9198
1.93132209778,9197
1.93191099167,9196
1.93338990211,9195
1.93440008163,9194
1.93642997742,9193
1.93807291985,9192
1.93903303146,9191
1.94085597992,9190
1.94130992889,9189
1.94286298752,9188
1.94465708733,9187
1.94585490227,9186
1.94690799713,9185
1.94851493835,9184
1.94968700409,9183
1.95067000389,9182
1.95270490646,9181
1.95396208763,9180
1.95543193817,9179
1.9598300457,9178
1.96055698395,9177
1.96194291115,9176
1.96320796013,9175
1.96529698372,9174
1.96937608719,9173
1.9697830677,9172
1.97247290611,9171
1.972894907,9170
1.97440099716,9169
1.97575497627,9168
1.9762070179,9167
1.97726511955,9166
1.97815489769,9165
1.97861099243,9164
1.98070597649,9163
1.98401594162,9162
1.98554611206,9161
1.9859919548,9160
1.9878320694,9159
1.9882569313,9158
1.9920630455,9157
1.99299097061,9156
1.99364089966,9155
1.99404811859,9154
1.99486207962,9153
1.99548101425,9152
1.99748802185,9151
1.99828004837,9150
1.999366045,9149
2.00181889534,9148
2.00373792648,9147
2.00484800339,9146
2.00707006454,9145
2.00873804092,9144
2.00958991051,9143
2.01023197174,9142
2.01068210602,9141
2.01180410385,9140
2.01286911964,9139
2.01429510117,9138
2.01678800583,9137
2.01773691177,9136
2.01970100403,9135
2.02048707008,9134
2.02356100082,9133
2.02420091629,9132
2.02646708488,9131
2.02690410614,9130
2.02832198143,9129
2.03132295609,9128
2.03194689751,9127
2.03242206573,9126
2.03330302238,9125
2.03374505043,9124
2.03436303139,9123
2.03681397438,9122
2.03756809235,9121
2.03877305984,9120
2.03980994225,9119
2.04202103615,9118
2.0463180542,9117
2.05017089844,9116
2.05097389221,9115
2.05187511444,9114
2.05425310135,9113
2.05766510963,9112
2.05909991264,9111
2.06103992462,9110
2.06276893616,9109
2.06318807602,9108
2.06788396835,9107
2.06864595413,9106
2.07085609436,9105
2.07127690315,9104
2.07422304153,9103
2.07463312149,9102
2.07612800598,9101
2.07693195343,9100
2.07900691032,9099
2.07941007614,9098
2.08118510246,9097
2.08479499817,9096
2.0872631073,9095
2.09150505066,9094
2.0953540802,9093
2.09597802162,9092
2.09706401825,9091
2.09815406799,9090
2.10121011734,9089
2.1033449173,9088
2.10532307625,9087
2.10654211044,9086
2.10869312286,9085
2.11094594002,9084
2.11136198044,9083
2.11464691162,9082
2.11767792702,9081
2.11846709251,9080
2.12241292,9079
2.12321090698,9078
2.12770295143,9077
2.12864303589,9076
2.13092207909,9075
2.13208699226,9074
2.13699102402,9073
2.13942599297,9072
2.14030194283,9071
2.14072489738,9070
2.14237594604,9069
2.14482903481,9068
2.14642190933,9067
2.14822793007,9066
2.14904808998,9065
2.15003705025,9064
2.1504740715,9063
2.15332794189,9062
2.15722107887,9061
2.1580491066,9060
2.15892910957,9059
2.16292190552,9058
2.1659989357,9057
2.16999006271,9056
2.17099308968,9055
2.17645096779,9054
2.17833900452,9053
2.17878699303,9052
2.18027091026,9051
2.1806910038,9050
2.18621397018,9049
2.18849396706,9048
2.19189095497,9047
2.19229602814,9046
2.19338607788,9045
2.19409108162,9044
2.19555306435,9043
2.19669604301,9042
2.19798994064,9041
2.19943189621,9040
2.20076107979,9039
2.20172595978,9038
2.20287489891,9037
2.20352196693,9036
2.20848703384,9035
2.20904994011,9034
2.2106089592,9033
2.2110118866,9032
2.21171092987,9031
2.21214103699,9030
2.21414804459,9029
2.21742796898,9028
2.21860098839,9027
2.2216091156,9026
2.22219896317,9025
2.22300195694,9024
2.22451210022,9023
2.22673201561,9022
2.22798490524,9021
2.23005890846,9020
2.23085594177,9019
2.23415899277,9018
2.23596811295,9017
2.23867702484,9016
2.24441194534,9015
2.24486398697,9014
2.24818706512,9013
2.25438904762,9012
2.26008605957,9011
2.26050496101,9010
2.26229310036,9009
2.26287007332,9008
2.2648499012,9007
2.26816391945,9006
2.26895403862,9005
2.27061510086,9004
2.27762508392,9003
2.28004789352,9002
2.28048610687,9001
2.28272795677,9000
2.28317093849,8999
2.2835791111,8998
2.28614902496,8997
2.28859090805,8996
2.28906798363,8995
2.2894449234,8994
2.29152297974,8993
2.2954659462,8992
2.29681897163,8991
2.29800796509,8990
2.30009889603,8989
2.30251002312,8988
2.30377006531,8987
2.30455589294,8986
2.30499792099,8985
2.30539107323,8984
2.31078696251,8983
2.31119894981,8982
2.31675291061,8981
2.31795907021,8980
2.32014989853,8979
2.32063102722,8978
2.3231139183,8977
2.32354307175,8976
2.32473111153,8975
2.32571196556,8974
2.3283560276,8973
2.33003091812,8972
2.3314409256,8971
2.33184909821,8970
2.33281993866,8969
2.33511090279,8968
2.33588194847,8967
2.33632111549,8966
2.33797502518,8965
2.33866095543,8964
2.33927106857,8963
2.34114193916,8962
2.3425219059,8961
2.34347510338,8960
2.34390807152,8959
2.34911990166,8958
2.35098195076,8957
2.35191106796,8956
2.35252189636,8955
2.35360598564,8954
2.35929012299,8953
2.35972499847,8952
2.36049509048,8951
2.36251997948,8950
2.36469101906,8949
2.36621904373,8948
2.3722550869,8947
2.37269592285,8946
2.37332391739,8945
2.37717199326,8944
2.37804794312,8943
2.38154792786,8942
2.38310694695,8941
2.38371396065,8940
2.38463497162,8939
2.3850710392,8938
2.38549995422,8937
2.38629293442,8936
2.38673901558,8935
2.39354300499,8934
2.39436793327,8933
2.3968770504,8932
2.39826512337,8931
2.401293993,8930
2.40213298798,8929
2.40293002129,8928
2.40446710587,8927
2.40542697906,8926
2.40882706642,8925
2.40925192833,8924
2.40966796875,8923
2.41367292404,8922
2.41547894478,8921
2.4174311161,8920
2.4194149971,8919
2.41995096207,8918
2.42127108574,8917
2.42669892311,8916
2.42886590958,8915
2.43093299866,8914
2.43136692047,8913
2.43247008324,8912
2.43632006645,8911
2.43675708771,8910
2.4373459816,8909
2.44053006172,8908
2.44095110893,8907
2.44300198555,8906
2.44561195374,8905
2.44600510597,8904
2.45285511017,8903
2.45408391953,8902
2.45635509491,8901
2.45679092407,8900
2.45905208588,8899
2.45964288712,8898
2.4600789547,8897
2.46201610565,8896
2.46245408058,8895
2.46470093727,8894
2.46659994125,8893
2.47001695633,8892
2.47043991089,8891
2.47140192986,8890
2.47716808319,8889
2.47884106636,8888
2.4810500145,8887
2.48232412338,8886
2.4827299118,8885
2.48400902748,8884
2.48451495171,8883
2.48490691185,8882
2.48566794395,8881
2.49254894257,8880
2.49652290344,8879
2.49741697311,8878
2.49976706505,8877
2.50082302094,8876
2.50149893761,8875
2.5044260025,8874
2.50489807129,8873
2.51003289223,8872
2.51133298874,8871
2.51176691055,8870
2.51319694519,8869
2.51622009277,8868
2.51666212082,8867
2.51706194878,8866
2.52498006821,8865
2.52659296989,8864
2.52907204628,8863
2.53155589104,8862
2.53199601173,8861
2.53236699104,8860
2.53351902962,8859
2.53415608406,8858
2.53542995453,8857
2.53679704666,8856
2.54107999802,8855
2.54603695869,8854
2.5476000309,8853
2.5497739315,8852
2.55021309853,8851
2.5517039299,8850
2.55238389969,8849
2.55393910408,8848
2.55496191978,8847
2.55606603622,8846
2.55677509308,8845
2.55801200867,8844
2.56341195107,8843
2.5668721199,8842
2.56846094131,8841
2.57291603088,8840
2.57357907295,8839
2.57454204559,8838
2.57896900177,8837
2.58288598061,8836
2.58332395554,8835
2.58553910255,8834
2.59155201912,8833
2.59276795387,8832
2.59435892105,8831
2.59499192238,8830
2.59725189209,8829
2.59946012497,8828
2.60298299789,8827
2.60588002205,8826
2.60916900635,8825
2.61270904541,8824
2.61434292793,8823
2.61628890038,8822
2.62013602257,8821
2.62125897408,8820
2.62184405327,8819
2.62230706215,8818
2.62613511086,8817
2.63144898415,8816
2.63344311714,8815
2.63410305977,8814
2.63555002213,8813
2.63635706902,8812
2.63681697845,8811
2.63757300377,8810
2.6384999752,8809
2.63895606995,8808
2.64061903954,8807
2.64261102676,8806
2.64899110794,8805
2.65332102776,8804
2.65443491936,8803
2.655397892,8802
2.65598702431,8801
2.66053199768,8800
2.66428399086,8799
2.6693110466,8798
2.67243504524,8797
2.67304611206,8796
2.67349004745,8795
2.67911505699,8794
2.68141102791,8793
2.68361091614,8792
2.68735194206,8791
2.68781304359,8790
2.68871593475,8789
2.69129610062,8788
2.69388103485,8787
2.69449806213,8786
2.70055794716,8785
2.70132803917,8784
2.70247101784,8783
2.70622110367,8782
2.71040296555,8781
2.71084809303,8780
2.71332597733,8779
2.7159910202,8778
2.71697998047,8777
2.71796703339,8776
2.71899390221,8775
2.72143006325,8774
2.72299098969,8773
2.72725605965,8772
2.73056793213,8771
2.73228311539,8770
2.73270702362,8769
2.73453307152,8768
2.73803091049,8767
2.74094295502,8766
2.74152302742,8765
2.74194097519,8764
2.74521303177,8763
2.74629402161,8762
2.74910306931,8761
2.7505710125,8760
2.751308918,8759
2.75991106033,8758
2.76036310196,8757
2.76139998436,8756
2.76220703125,8755
2.76287794113,8754
2.76399111748,8753
2.76502490044,8752
2.76676893234,8751
2.77154397964,8750
2.7742459774,8749
2.77807998657,8748
2.78390002251,8747
2.78572702408,8746
2.78708195686,8745
2.78979611397,8744
2.79053807259,8743
2.79341197014,8742
2.79475903511,8741
2.79555392265,8740
2.79873204231,8739
2.801831007,8738
2.80231404305,8737
2.81175494194,8736
2.81554603577,8735
2.81909203529,8734
2.82026791573,8733
2.82228708267,8732
2.82516908646,8731
2.82892107964,8730
2.83587908745,8729
2.83802890778,8728
2.84105110168,8727
2.84185004234,8726
2.84365510941,8725
2.84444689751,8724
2.84519195557,8723
2.84643793106,8722
2.84835600853,8721
2.85089206696,8720
2.85313796997,8719
2.8577170372,8718
2.86132907867,8717
2.86540389061,8716
2.86807799339,8715
2.86987709999,8714
2.87453007698,8713
2.87662196159,8712
2.88360309601,8711
2.88725090027,8710
2.88893198967,8709
2.88993501663,8708
2.89036393166,8707
2.8919570446,8706
2.89240098,8705
2.89509105682,8704
2.90484309196,8703
2.9059779644,8702
2.91030812263,8701
2.91386604309,8700
2.91578698158,8699
2.9253950119,8698
2.92959690094,8697
2.92999196053,8696
2.93150997162,8695
2.93365001678,8694
2.93538188934,8693
2.93578100204,8692
2.93786811829,8691
2.94230794907,8690
2.94422411919,8689
2.944658041,8688
2.94695591927,8687
2.95322704315,8686
2.95389509201,8685
2.9556889534,8684
2.95642399788,8683
2.96054911613,8682
2.96296596527,8681
2.96550393105,8680
2.96619796753,8679
2.96818590164,8678
2.96857309341,8677
2.97070193291,8676
2.97112703323,8675
2.97336506844,8674
2.9737610817,8673
2.97535395622,8672
2.97668790817,8671
2.97709012032,8670
2.97870898247,8669
2.98023891449,8668
2.98101806641,8667
2.98441290855,8666
2.98573207855,8665
2.98736000061,8664
2.99004411697,8663
2.99081707001,8662
2.99160909653,8661
2.99203705788,8660
2.99327611923,8659
2.99386811256,8658
2.99519705772,8657
2.99709892273,8656
2.99762701988,8655
2.99967694283,8654
3.00166511536,8653
3.00309991837,8652
3.00613808632,8651
3.00820803642,8650
3.00863695145,8649
3.00950694084,8648
3.01537299156,8647
3.01594495773,8646
3.01688408852,8645
3.02005290985,8644
3.02083492279,8643
3.0222530365,8642
3.02842712402,8641
3.0288579464,8640
3.03338098526,8639
3.03646492958,8638
3.03686499596,8637
3.04110193253,8636
3.04859399796,8635
3.04983997345,8634
3.0530269146,8633
3.05344390869,8632
3.05583310127,8631
3.06074309349,8630
3.06334590912,8629
3.06670403481,8628
3.06810307503,8627
3.06851506233,8626
3.06968998909,8625
3.07090306282,8624
3.07471704483,8623
3.07656788826,8622
3.07991695404,8621
3.08117294312,8620
3.08208703995,8619
3.08343601227,8618
3.08472704887,8617
3.09116911888,8616
3.0928170681,8615
3.09322404861,8614
3.09400892258,8613
3.09843611717,8612
3.09900403023,8611
3.1071100235,8610
3.11257100105,8609
3.11327695847,8608
3.11463999748,8607
3.11785292625,8606
3.12224411964,8605
3.12264204025,8604
3.12966489792,8603
3.14184403419,8602
3.14427995682,8601
3.149269104,8600
3.15131092072,8599
3.15683889389,8598
3.15863108635,8597
3.17489695549,8596
3.17620992661,8595
3.17680692673,8594
3.17764902115,8593
3.18158793449,8592
3.18259596825,8591
3.18941497803,8590
3.19064593315,8589
3.19106006622,8588
3.19167089462,8587
3.19373703003,8586
3.19475603104,8585
3.19803404808,8584
3.20459008217,8583
3.20618891716,8582
3.20782208443,8581
3.21117210388,8580
3.21342492104,8579
3.22384595871,8578
3.2269051075,8577
3.24213290215,8576
3.2429869175,8575
3.24403500557,8574
3.24440407753,8573
3.24703788757,8572
3.24822807312,8571
3.249532938,8570
3.25181293488,8569
3.25237607956,8568
3.25276207924,8567
3.26045894623,8566
3.26104402542,8565
3.26834392548,8564
3.27252602577,8563
3.27618193626,8562
3.27813911438,8561
3.28170108795,8560
3.28343892097,8559
3.28450608253,8558
3.28628706932,8557
3.28670692444,8556
3.28852200508,8555
3.29287791252,8554
3.29335403442,8553
3.29524612427,8552
3.29712605476,8551
3.29789304733,8550
3.29960608482,8549
3.30183911324,8548
3.30969595909,8547
3.31008696556,8546
3.31317210197,8545
3.31534409523,8544
3.31623601913,8543
3.31676912308,8542
3.31847906113,8541
3.31890892982,8540
3.31990289688,8539
3.32066988945,8538
3.3220000267,8537
3.32380199432,8536
3.32431292534,8535
3.32674694061,8534
3.33007907867,8533
3.3304901123,8532
3.33123803139,8531
3.33645009995,8530
3.3382871151,8529
3.33871197701,8528
3.34040188789,8527
3.34079504013,8526
3.34507703781,8525
3.34623408318,8524
3.35265398026,8523
3.36379408836,8522
3.36727905273,8521
3.36884403229,8520
3.37277197838,8519
3.37365698814,8518
3.37421011925,8517
3.38554501534,8516
3.38701605797,8515
3.39141702652,8514
3.39693808556,8513
3.39899802208,8512
3.40086603165,8511
3.40324902534,8510
3.40713310242,8509
3.40855312347,8508
3.41086912155,8507
3.41220211983,8506
3.41334891319,8505
3.41428399086,8504
3.41604089737,8503
3.41814804077,8502
3.4252641201,8501
3.43267202377,8500
3.43365097046,8499
3.43647098541,8498
3.43876409531,8497
3.44001102448,8496
3.44447302818,8495
3.44537591934,8494
3.44818091393,8493
3.44860601425,8492
3.45008611679,8491
3.45092892647,8490
3.45704102516,8489
3.45952510834,8488
3.46108293533,8487
3.46656394005,8486
3.46838903427,8485
3.47579312325,8484
3.47637796402,8483
3.47793698311,8482
3.47958302498,8481
3.4842069149,8480
3.4892270565,8479
3.49132704735,8478
3.49366211891,8477
3.49620008469,8476
3.49659490585,8475
3.49939203262,8474
3.50124502182,8473
3.50213003159,8472
3.50249195099,8471
3.50371098518,8470
3.50410294533,8469
3.50609397888,8468
3.50827789307,8467
3.51174902916,8466
3.51336407661,8465
3.51644992828,8464
3.51722002029,8463
3.51911592484,8462
3.51951003075,8461
3.52199292183,8460
3.5270690918,8459
3.53209090233,8458
3.53628706932,8457
3.53703999519,8456
3.53776788712,8455
3.54082202911,8454
3.54205989838,8453
3.54702806473,8452
3.54793190956,8451
3.5512509346,8450
3.55424690247,8449
3.55724000931,8448
3.55866789818,8447
3.55914592743,8446
3.56817603111,8445
3.57409310341,8444
3.57659697533,8443
3.58144211769,8442
3.59051895142,8441
3.59189605713,8440
3.59365797043,8439
3.5987830162,8438
3.59918189049,8437
3.60579109192,8436
3.61091303825,8435
3.61180710793,8434
3.61220788956,8433
3.61401200294,8432
3.62298607826,8431
3.62579894066,8430
3.63003492355,8429
3.63090705872,8428
3.63192009926,8427
3.63234210014,8426
3.63475489616,8425
3.63805603981,8424
3.63897109032,8423
3.63947510719,8422
3.64004397392,8421
3.64107203484,8420
3.64550995827,8419
3.6471259594,8418
3.65195298195,8417
3.65662002563,8416
3.65845990181,8415
3.66211009026,8414
3.66536211967,8413
3.66591191292,8412
3.66883397102,8411
3.67326688766,8410
3.67423391342,8409
3.67742609978,8408
3.67782998085,8407
3.6820371151,8406
3.68389105797,8405
3.68622708321,8404
3.6873049736,8403
3.68805909157,8402
3.68939304352,8401
3.69050502777,8400
3.69127202034,8399
3.69970798492,8398
3.70027399063,8397
3.70348191261,8396
3.70547294617,8395
3.71130609512,8394
3.71528911591,8393
3.71639204025,8392
3.72146010399,8391
3.72332310677,8390
3.73518109322,8389
3.74277091026,8388
3.74363207817,8387
3.74715805054,8386
3.74772691727,8385
3.74900388718,8384
3.75299191475,8383
3.75871801376,8382
3.75968694687,8381
3.76121997833,8380
3.76627206802,8379
3.77222204208,8378
3.77374005318,8377
3.77587604523,8376
3.78183698654,8375
3.78367209435,8374
3.7880179882,8373
3.78892993927,8372
3.79565405846,8371
3.79803609848,8370
3.80006194115,8369
3.80321407318,8368
3.80839896202,8367
3.80881309509,8366
3.82187795639,8365
3.82541203499,8364
3.83815407753,8363
3.84318304062,8362
3.84889411926,8361
3.85099196434,8360
3.85328793526,8359
3.85415101051,8358
3.85695290565,8357
3.85734200478,8356
3.85958504677,8355
3.86058402061,8354
3.86352205276,8353
3.8693010807,8352
3.87109589577,8351
3.87594199181,8350
3.87822389603,8349
3.88042998314,8348
3.88309597969,8347
3.88437104225,8346
3.89468789101,8345
3.89829301834,8344
3.89882993698,8343
3.90349006653,8342
3.9130730629,8341
3.91546607018,8340
3.91587495804,8339
3.92256999016,8338
3.92751193047,8337
3.92867708206,8336
3.93112111092,8335
3.93770503998,8334
3.94324588776,8333
3.9459540844,8332
3.94635510445,8331
3.94736194611,8330
3.9484899044,8329
3.95069909096,8328
3.95862197876,8327
3.96105194092,8326
3.96314191818,8325
3.96920800209,8324
3.97542905807,8323
3.97845506668,8322
3.98126101494,8321
3.98614597321,8320
3.9871840477,8319
3.98994898796,8318
3.99091601372,8317
3.99545502663,8316
3.998939991,8315
4.00502896309,8314
4.00596404076,8313
4.00773906708,8312
4.01021194458,8311
4.01222491264,8310
4.01303005219,8309
4.01495099068,8308
4.01700592041,8307
4.01974511147,8306
4.02386689186,8305
4.03090405464,8304
4.03448605537,8303
4.03703093529,8302
4.0383579731,8301
4.04215598106,8300
4.04572701454,8299
4.04789590836,8298
4.0494389534,8297
4.05211997032,8296
4.05267810822,8295
4.05620789528,8294
4.05950903893,8293
4.06063389778,8292
4.06280493736,8291
4.06358909607,8290
4.06535506248,8289
4.06590390205,8288
4.07328009605,8287
4.0759370327,8286
4.08032107353,8285
4.08902001381,8284
4.09432291985,8283
4.09991598129,8282
4.10164499283,8281
4.10457611084,8280
4.10496902466,8279
4.11504507065,8278
4.12013101578,8277
4.12069201469,8276
4.12534093857,8275
4.12711405754,8274
4.12752890587,8273
4.13032889366,8272
4.13214111328,8271
4.13678908348,8270
4.137622118,8269
4.14388394356,8268
4.15536904335,8267
4.16269111633,8266
4.17422699928,8265
4.18330693245,8264
4.18387794495,8263
4.20097899437,8262
4.20243096352,8261
4.20413088799,8260
4.21575689316,8259
4.21990394592,8258
4.221159935,8257
4.22204494476,8256
4.22311306,8255
4.22814011574,8254
4.23395299911,8253
4.23657894135,8252
4.24370598793,8251
4.24582600594,8250
4.24722599983,8249
4.24761509895,8248
4.25506591797,8247
4.2567679882,8246
4.26208209991,8245
4.2634871006,8244
4.26704597473,8243
4.27053594589,8242
4.27240490913,8241
4.27592897415,8240
4.27733612061,8239
4.27936410904,8238
4.27976894379,8237
4.2894821167,8236
4.29216098785,8235
4.29254007339,8234
4.29491591454,8233
4.29961800575,8232
4.30193805695,8231
4.30371403694,8230
4.30825090408,8229
4.30918312073,8228
4.31310009956,8227
4.31500911713,8226
4.31885504723,8225
4.32190489769,8224
4.33607506752,8223
4.33659696579,8222
4.34086608887,8221
4.34633207321,8220
4.34716892242,8219
4.34876608849,8218
4.34916710854,8217
4.35968708992,8216
4.36007189751,8215
4.36341810226,8214
4.37318301201,8213
4.38526511192,8212
4.39056491852,8211
4.3920071125,8210
4.39641690254,8209
4.39922595024,8208
4.40356397629,8207
4.4067299366,8206
4.41131401062,8205
4.41545605659,8204
4.41717910767,8203
4.41756391525,8202
4.42832899094,8201
4.44562292099,8200
4.45360994339,8199
4.45434808731,8198
4.45748496056,8197
4.46332597733,8196
4.46371006966,8195
4.46913695335,8194
4.47006106377,8193
4.47045493126,8192
4.47308802605,8191
4.47785711288,8190
4.48369002342,8189
4.48829293251,8188
4.48903107643,8187
4.49419999123,8186
4.49994397163,8185
4.50742292404,8184
4.53215289116,8183
4.53298091888,8182
4.53442597389,8181
4.53684997559,8180
4.54165196419,8179
4.54345011711,8178
4.54544091225,8177
4.55153203011,8176
4.553814888,8175
4.55760192871,8174
4.56063699722,8173
4.56448698044,8172
4.57884192467,8171
4.58650493622,8170
4.59440898895,8169
4.59670591354,8168
4.60123205185,8167
4.60161304474,8166
4.60200309753,8165
4.60651493073,8164
4.60783910751,8163
4.61170196533,8162
4.61543107033,8161
4.61947703362,8160
4.62373900414,8159
4.63013410568,8158
4.64058589935,8157
4.64099407196,8156
4.64271807671,8155
4.65271401405,8154
4.65579009056,8153
4.65866994858,8152
4.68641710281,8151
4.6900229454,8150
4.69041609764,8149
4.70400691032,8148
4.71541690826,8147
4.71899390221,8146
4.72179794312,8145
4.72234201431,8144
4.73090791702,8143
4.73208093643,8142
4.73360300064,8141
4.736109972,8140
4.74341011047,8139
4.74396896362,8138
4.74810099602,8137
4.74867200851,8136
4.75664997101,8135
4.77836990356,8134
4.7826089859,8133
4.78832602501,8132
4.80077290535,8131
4.81178092957,8130
4.81575012207,8129
4.8273460865,8128
4.83185791969,8127
4.83377695084,8126
4.83432507515,8125
4.84214711189,8124
4.84275507927,8123
4.84389090538,8122
4.84764909744,8121
4.85133910179,8120
4.85260891914,8119
4.85316300392,8118
4.85371208191,8117
4.8690340519,8116
4.87193989754,8115
4.87231898308,8114
4.87803292274,8113
4.87962508202,8112
4.88246893883,8111
4.88667106628,8110
4.88720393181,8109
4.88947200775,8108
4.89044594765,8107
4.89172506332,8106
4.90228509903,8105
4.91603589058,8104
4.92106699944,8103
4.92233300209,8102
4.92542695999,8101
4.92667889595,8100
4.92792892456,8099
4.93015098572,8098
4.93294095993,8097
4.93542408943,8096
4.93612098694,8095
4.93714499474,8094
4.93882608414,8093
4.94273996353,8092
4.94796705246,8091
4.96228003502,8090
4.97012805939,8089
4.97083306313,8088
4.98455405235,8087
4.98883199692,8086
4.99258589745,8085
4.99298000336,8084
5.01300311089,8083
5.02330708504,8082
5.02871894836,8081
5.03181004524,8080
5.03998088837,8079
5.04987597466,8078
5.05147004128,8077
5.05320310593,8076
5.05848097801,8075
5.0605609417,8074
5.06197190285,8073
5.06467795372,8072
5.067456007,8071
5.06785798073,8070
5.06924510002,8069
5.06965494156,8068
5.08748888969,8067
5.09508705139,8066
5.10434103012,8065
5.10750007629,8064
5.12151098251,8063
5.13143610954,8062
5.13428807259,8061
5.14570307732,8060
5.1480910778,8059
5.15296411514,8058
5.178399086,8057
5.19017410278,8056
5.20214509964,8055
5.20860695839,8054
5.22343492508,8053
5.22416210175,8052
5.23056697845,8051
5.25269794464,8050
5.26116609573,8049
5.28693199158,8048
5.29378294945,8047
5.29910206795,8046
5.31484389305,8045
5.33043408394,8044
5.33140397072,8043
5.33535003662,8042
5.33781790733,8041
5.33890891075,8040
5.34110808372,8039
5.35348200798,8038
5.35802507401,8037
5.36939811707,8036
5.37519407272,8035
5.3774869442,8034
5.38415002823,8033
5.3884999752,8032
5.39530897141,8031
5.39604210854,8030
5.39810991287,8029
5.41084694862,8028
5.41122508049,8027
5.41332697868,8026
5.419465065,8025
5.42149591446,8024
5.43678808212,8023
5.43810510635,8022
5.44449591637,8021
5.45563411713,8020
5.4566860199,8019
5.46478700638,8018
5.46564412117,8017
5.46735906601,8016
5.47173690796,8015
5.47520208359,8014
5.47801589966,8013
5.47858595848,8012
5.47896194458,8011
5.47963809967,8010
5.48460102081,8009
5.48925304413,8008
5.49136400223,8007
5.49377298355,8006
5.50397109985,8005
5.51162099838,8004
5.52345204353,8003
5.52790498734,8002
5.53523802757,8001
5.53657197952,8000
5.5402109623,7999
5.54218792915,7998
5.54257297516,7997
5.55239295959,7996
5.55782103539,7995
5.5753428936,7994
5.57868099213,7993
5.5846118927,7992
5.59041905403,7991
5.60567808151,7990
5.62974500656,7989
5.63611507416,7988
5.64083695412,7987
5.64355111122,7986
5.6754488945,7985
5.67712402344,7984
5.68437290192,7983
5.68491196632,7982
5.69342088699,7981
5.70830702782,7980
5.71817493439,7979
5.71921801567,7978
5.73128509521,7977
5.7478890419,7976
5.75049090385,7975
5.76242995262,7974
5.77351808548,7973
5.77389812469,7972
5.77847504616,7971
5.7877099514,7970
5.78839492798,7969
5.81251597404,7968
5.81734609604,7967
5.82457995415,7966
5.83688807487,7965
5.8456530571,7964
5.86294198036,7963
5.87395811081,7962
5.87774395943,7961
5.89492297173,7960
5.90613794327,7959
5.91548395157,7958
5.91640090942,7957
5.91900110245,7956
5.92504906654,7955
5.93571805954,7954
5.93963289261,7953
5.96774601936,7952
5.97061109543,7951
5.97820210457,7950
5.99343800545,7949
5.99382591248,7948
5.99442696571,7947
6.00348711014,7946
6.01369190216,7945
6.01617789268,7944
6.02153110504,7943
6.02863001823,7942
6.04644799232,7941
6.07403898239,7940
6.07906699181,7939
6.08058905602,7938
6.08984398842,7937
6.11110496521,7936
6.11313009262,7935
6.11513209343,7934
6.11906290054,7933
6.11944389343,7932
6.12043190002,7931
6.12457799911,7930
6.15100908279,7929
6.17058110237,7928
6.20622611046,7927
6.20950102806,7926
6.21435809135,7925
6.21560502052,7924
6.22544693947,7923
6.23187303543,7922
6.24765300751,7921
6.28162097931,7920
6.28907704353,7919
6.29200291634,7918
6.29383397102,7917
6.31221294403,7916
6.32292795181,7915
6.33890199661,7914
6.34358811378,7913
6.36727404594,7912
6.3879430294,7911
6.38893198967,7910
6.39007592201,7909
6.40280294418,7908
6.42623806,7907
6.43173193932,7906
6.4366850853,7905
6.44036412239,7904
6.44220709801,7903
6.44723296165,7902
6.44981503487,7901
6.45221209526,7900
6.45670509338,7899
6.46239209175,7898
6.47192692757,7897
6.4806599617,7896
6.50050997734,7895
6.50689411163,7894
6.53866100311,7893
6.54425406456,7892
6.55043506622,7891
6.57440805435,7890
6.57898902893,7889
6.5833029747,7888
6.59474205971,7887
6.60969901085,7886
6.61152100563,7885
6.62414693832,7884
6.62642788887,7883
6.65133094788,7882
6.66295409203,7881
6.67180609703,7880
6.68291807175,7879
6.69116401672,7878
6.70747303963,7877
6.7151529789,7876
6.72610712051,7875
6.72986698151,7874
6.75164699554,7873
6.76260709763,7872
6.766726017,7871
6.76812791824,7870
6.79280090332,7869
6.79894709587,7868
6.80110907555,7867
6.80147695541,7866
6.81470394135,7865
6.8194630146,7864
6.84834289551,7863
6.85075902939,7862
6.87176203728,7861
6.88747596741,7860
6.90194606781,7859
6.9026260376,7858
6.93718695641,7857
6.94091105461,7856
6.94252204895,7855
6.94656801224,7854
6.95918297768,7853
6.97983789444,7852
7.00784897804,7851
7.01011109352,7850
7.04709196091,7849
7.04777503014,7848
7.05236101151,7847
7.07560706139,7846
7.09115195274,7845
7.09581899643,7844
7.10295200348,7843
7.13686108589,7842
7.16398191452,7841
7.18763709068,7840
7.19797611237,7839
7.20194101334,7838
7.21327090263,7837
7.21915793419,7836
7.22118997574,7835
7.2325630188,7834
7.25785493851,7833
7.2585310936,7832
7.26690101624,7831
7.27400994301,7830
7.27438592911,7829
7.28199100494,7828
7.3318810463,7827
7.33884501457,7826
7.36448907852,7825
7.376101017,7824
7.37901806831,7823
7.38209199905,7822
7.39645409584,7821
7.40487194061,7820
7.40689706802,7819
7.42480802536,7818
7.43964791298,7817
7.44867491722,7816
7.45405912399,7815
7.4776570797,7814
7.51505589485,7813
7.52706098557,7812
7.53134989738,7811
7.53667092323,7810
7.53766202927,7809
7.54784607887,7808
7.56660294533,7807
7.57589411736,7806
7.5988099575,7805
7.63327002525,7804
7.63369488716,7803
7.68991708755,7802
7.69509196281,7801
7.69928503036,7800
7.70852208138,7799
7.71433591843,7798
7.71520209312,7797
7.72470211983,7796
7.74427509308,7795
7.75254893303,7794
7.77415204048,7793
7.79175710678,7792
7.86359095573,7791
7.88995599747,7790
7.89330506325,7789
7.90833902359,7788
7.9107439518,7787
7.91403007507,7786
7.92189693451,7785
7.92529892921,7784
7.93998289108,7783
7.96701908112,7782
7.96795010567,7781
7.99487900734,7780
8.00089097023,7779
8.0183069706,7778
8.0211250782,7777
8.04723501205,7776
8.04878211021,7775
8.0491540432,7774
8.07475209236,7773
8.08467006683,7772
8.0884540081,7771
8.11290001869,7770
8.14260792732,7769
8.20490908623,7768
8.24799489975,7767
8.25949501991,7766
8.26499605179,7765
8.32437610626,7764
8.36381006241,7763
8.37176895142,7762
8.38109207153,7761
8.38832998276,7760
8.46690297127,7759
8.47843289375,7758
8.49389791489,7757
8.49820804596,7756
8.52091407776,7755
8.58473801613,7754
8.69858288765,7753
8.71842598915,7752
8.75312209129,7751
8.83561992645,7750
8.83598804474,7749
8.84630703926,7748
8.86499404907,7747
8.86834597588,7746
8.87649989128,7745
8.88008499146,7744
8.89638590813,7743
8.93476200104,7742
8.95100593567,7741
8.96397900581,7740
8.97489190102,7739
8.98823595047,7738
9.00921106339,7737
9.01005196571,7736
9.02161407471,7735
9.05900001526,7734
9.06019711494,7733
9.06310200691,7732
9.08622598648,7731
9.12497496605,7730
9.14304804802,7729
9.17929410934,7728
9.22145700455,7727
9.28109407425,7726
9.30198311806,7725
9.32056808472,7724
9.36243391037,7723
9.36345505714,7722
9.36548995972,7721
9.37506198883,7720
9.37882900238,7719
9.4086420536,7718
9.42179608345,7717
9.42269897461,7716
9.43998289108,7715
9.53216004372,7714
9.56224489212,7713
9.56555891037,7712
9.58394289017,7711
9.60393810272,7710
9.61089992523,7709
9.63365292549,7708
9.63947796822,7707
9.64790701866,7706
9.71652698517,7705
9.79411506653,7704
9.87320208549,7703
9.91582298279,7702
9.91963791847,7701
9.92325806618,7700
10.0079689026,7699
10.0088999271,7698
10.0317590237,7697
10.0503129959,7696
10.1006150246,7695
10.1547911167,7694
10.2195529938,7693
10.3241319656,7692
10.3466510773,7691
10.3840451241,7690
10.3844270706,7689
10.4267981052,7688
10.4459779263,7687
10.4728269577,7686
10.4925630093,7685
10.6192510128,7684
10.6409089565,7683
10.6450870037,7682
10.6546270847,7681
10.6792020798,7680
10.7934889793,7679
10.8335490227,7678
10.835105896,7677
10.8404200077,7676
10.8676960468,7675
10.8791708946,7674
10.9310951233,7673
10.9759860039,7672
11.0724320412,7671
11.0893490314,7670
11.1414349079,7669
11.166727066,7668
11.174079895,7667
11.1790709496,7666
11.1827700138,7665
11.2148160934,7664
11.3460540771,7663
11.3484549522,7662
11.4919500351,7661
11.5101559162,7660
11.6638109684,7659
11.6822350025,7658
11.7404038906,7657
11.7412879467,7656
11.7567510605,7655
11.93217206,7654
11.9909961224,7653
12.0204501152,7652
12.1675550938,7651
12.2331960201,7650
12.2843511105,7649
12.2904601097,7648
12.4031119347,7647
12.4302310944,7646
12.4742650986,7645
12.5169770718,7644
12.6248500347,7643
12.7373631001,7642
12.7889950275,7641
12.7904250622,7640
12.9469280243,7639
13.0150489807,7638
13.0281319618,7637
13.0737299919,7636
13.1909430027,7635
13.2740490437,7634
13.2790620327,7633
13.3379459381,7632
13.5007479191,7631
13.5221180916,7630
13.664484024,7629
13.6653020382,7628
13.7663230896,7627
13.7800960541,7626
13.842359066,7625
14.0487370491,7624
14.1276290417,7623
14.1431050301,7622
14.1505539417,7621
14.1564331055,7620
14.2821640968,7619
14.3227341175,7618
14.4792098999,7617
14.5178010464,7616
14.6050879955,7615
14.6436929703,7614
15.7049350739,7613
15.8504741192,7612
15.9211409092,7611
15.9527308941,7610
15.9952390194,7609
16.120057106,7608
16.2589430809,7607
16.314027071,7606
16.5186979771,7605
16.6267991066,7604
16.7464900017,7603
17.2575390339,7602
17.2659790516,7601
17.3077800274,7600
17.3089110851,7599
17.3420419693,7598
17.4388511181,7597
17.6075630188,7596
17.6735999584,7595
17.7118680477,7594
17.9586310387,7593
18.0428678989,7592
18.1163859367,7591
18.2691891193,7590
18.5392379761,7589
18.6747229099,7588
18.7785050869,7587
19.0735900402,7586
19.1830809116,7585
31.9198470116,7584
32.8788650036,7583
32.9407889843,7582
33.7318789959,7581
33.8862071037,7580
34.2605929375,7579
34.586550951,7578
34.5992970467,7577
34.7737441063,7576
35.8073430061,7575
36.3536250591,7574
36.4908969402,7573
37.1660730839,7572
37.4007360935,7571
47.5960049629,7570
48.0759549141,7569
48.2870659828,7568
48.3662519455,7567
48.4404780865,7566
48.845238924,7565
48.9999001026,7564
49.8431129456,7563
50.425673008,7562
50.4320158958,7561
50.5740768909,7560
50.6342461109,7559
51.2942271233,7558
51.8734920025,7557
52.5049889088,7556
52.6657381058,7555
53.1827740669,7554
53.2250189781,7553
53.354706049,7552
54.3767940998,7551
55.6630129814,7550
55.9419538975,7549
56.8135080338,7548
69.060945034,7547
69.1235918999,7546
69.5336511135,7545
70.0552461147,7544
70.5195178986,7543
70.5729260445,7542
70.9403040409,7541
71.0825669765,7540
71.4927608967,7539
71.8797140121,7538
71.9055728912,7537
72.0500509739,7536
72.2821159363,7535
72.4132111073,7534
74.8198759556,7533
75.1147499084,7532
76.1496920586,7531
90.7240579128,7530
91.7293999195,7529
93.5244719982,7528
94.7363080978,7527
96.1905629635,7526
113.416871071,7525
113.718868971,7524
113.733203888,7523
113.737083912,7522
114.439763069,7521
115.626627922,7520
132.326328993,7519
132.880522966,7518
133.461416006,7517
133.825486898,7516
134.93650198,7515
148.968591928,7514
149.227967024,7513
149.229144096,7512
149.413630962,7511
150.028130054,7510
150.513470888,7509
151.215387106,7508
151.734750986,7507
152.006736994,7506
152.05419898,7505
152.59759593,7504
153.034693003,7503
168.828063965,7502
168.925889969,7501
169.05739212,7500
169.109949112,7499
169.445550919,7498
170.674664974,7497
170.805681944,7496
191.693471909,7495
191.841233969,7494
191.852936983,7493
205.441904068,7492
205.864120007,7491
205.99328208,7490
206.287646055,7489
206.963494062,7488
206.993657112,7487
207.235438108,7486
207.275125027,7485
207.294429064,7484
207.499696016,7483
208.126076937,7482
208.47151494,7481
208.543359041,7480
208.601758957,7479
209.361117125,7478
209.416129112,7477
209.420860052,7476
209.456334114,7475
213.013844013,7474
213.09702301,7473
225.88923192,7472
226.031301022,7471
226.206763983,7470
226.606961012,7469
226.80577898,7468
227.297647953,7467
228.286731958,7466
228.304749966,7465
231.588959932,7464
231.899691105,7463
232.229733944,7462
232.856785059,7461
249.339123964,7460
250.489419937,7459
250.80427599,7458
252.784771919,7457
253.433146,7456
347.190218925,7455
347.51987505,7454
351.427963018,7453
366.555139065,7452
367.939713001,7451
368.417382002,7450
371.046406031,7449
386.136502981,7448
387.826503992,7447
387.919972897,7446
388.351651907,7445
390.117650986,7444
404.496925116,7443
404.563440084,7442
404.753287077,7441
405.179276943,7440
405.345851898,7439
405.549747944,7438
405.673432112,7437
406.633636951,7436
407.095660925,7435
409.779843092,7434
411.905375957,7433
