0.0929789543152,11022
0.0939280986786,11021
0.0947730541229,11020
0.0954661369324,11019
0.0959529876709,11018
0.096773147583,11017
0.0977511405945,11016
0.098256111145,11015
0.098827123642,11014
0.0993831157684,11013
0.0999050140381,11012
0.10077214241,11011
0.101654052734,11010
0.10215306282,11009
0.10265994072,11008
0.103327035904,11007
0.103785991669,11006
0.104598045349,11005
0.10511302948,11004
0.105847120285,11003
0.106513977051,11002
0.106995105743,11001
0.107537984848,11000
0.108206033707,10999
0.109106063843,10998
0.109496116638,10997
0.110280990601,10996
0.1110060215,10995
0.111988067627,10994
0.112776994705,10993
0.113248109818,10992
0.114181995392,10991
0.115000009537,10990
0.115431070328,10989
0.116451978683,10988
0.117382049561,10987
0.117892026901,10986
0.118443012238,10985
0.119326114655,10984
0.119996070862,10983
0.120614051819,10982
0.121118068695,10981
0.122073173523,10980
0.123172044754,10979
0.123764038086,10978
0.12437915802,10977
0.125379085541,10976
0.126336097717,10975
0.127372026443,10974
0.128278017044,10973
0.128869056702,10972
0.130306005478,10971
0.131243944168,10970
0.131837129593,10969
0.13242316246,10968
0.133432149887,10967
0.134087085724,10966
0.13463807106,10965
0.135521173477,10964
0.136212110519,10963
0.136886119843,10962
0.138195991516,10961
0.138918161392,10960
0.140382051468,10959
0.1409740448,10958
0.14235496521,10957
0.143970012665,10956
0.144526958466,10955
0.145669937134,10954
0.147057056427,10953
0.147730112076,10952
0.148826122284,10951
0.149451971054,10950
0.150462150574,10949
0.151076078415,10948
0.152155160904,10947
0.15272808075,10946
0.153325080872,10945
0.15394115448,10944
0.154479026794,10943
0.155250072479,10942
0.15630698204,10941
0.156965017319,10940
0.157590150833,10939
0.158314943314,10938
0.159337997437,10937
0.160060167313,10936
0.160534143448,10935
0.161223173141,10934
0.161967992783,10933
0.162472009659,10932
0.163208007812,10931
0.163690090179,10930
0.164785146713,10929
0.165419101715,10928
0.166548967361,10927
0.167353153229,10926
0.167844057083,10925
0.168972969055,10924
0.169839143753,10923
0.170356035233,10922
0.171230077744,10921
0.171741962433,10920
0.172429084778,10919
0.173099040985,10918
0.174507141113,10917
0.175004005432,10916
0.175717115402,10915
0.176484107971,10914
0.177400112152,10913
0.177932977676,10912
0.178642034531,10911
0.179356098175,10910
0.180118083954,10909
0.180814027786,10908
0.18164396286,10907
0.182237148285,10906
0.1830971241,10905
0.183964014053,10904
0.184465169907,10903
0.18497800827,10902
0.186170101166,10901
0.186669111252,10900
0.187169075012,10899
0.187904119492,10898
0.188836097717,10897
0.189347982407,10896
0.189855098724,10895
0.190520048141,10894
0.191311120987,10893
0.191863059998,10892
0.192587137222,10891
0.193424940109,10890
0.19415307045,10889
0.194664001465,10888
0.195410966873,10887
0.196441173553,10886
0.196927070618,10885
0.197666168213,10884
0.198158025742,10883
0.198616027832,10882
0.199099063873,10881
0.199537038803,10880
0.200268030167,10879
0.200732946396,10878
0.201221942902,10877
0.20211815834,10876
0.202631950378,10875
0.203073978424,10874
0.203554153442,10873
0.204028129578,10872
0.204529047012,10871
0.205012083054,10870
0.20560503006,10869
0.20645904541,10868
0.20694899559,10867
0.207878112793,10866
0.208311080933,10865
0.209226131439,10864
0.210165977478,10863
0.21066403389,10862
0.211145162582,10861
0.211555957794,10860
0.21205997467,10859
0.212646961212,10858
0.213387966156,10857
0.213901042938,10856
0.214355945587,10855
0.214967012405,10854
0.215683937073,10853
0.21683716774,10852
0.217571020126,10851
0.21829199791,10850
0.218822956085,10849
0.220211029053,10848
0.221050024033,10847
0.221543073654,10846
0.222002983093,10845
0.222440958023,10844
0.223149061203,10843
0.223783969879,10842
0.224509000778,10841
0.224984169006,10840
0.226159095764,10839
0.226670980453,10838
0.227157115936,10837
0.227954149246,10836
0.228762149811,10835
0.229659080505,10834
0.230971097946,10833
0.231469154358,10832
0.232089996338,10831
0.232627153397,10830
0.233327150345,10829
0.233839988708,10828
0.234694957733,10827
0.235149145126,10826
0.236044168472,10825
0.236680984497,10824
0.238197088242,10823
0.238605976105,10822
0.239437103271,10821
0.240185976028,10820
0.240646123886,10819
0.241847038269,10818
0.242500066757,10817
0.243330955505,10816
0.244027137756,10815
0.244913101196,10814
0.245527029037,10813
0.246449947357,10812
0.247162103653,10811
0.247678995132,10810
0.248814105988,10809
0.24960899353,10808
0.250131130219,10807
0.250643014908,10806
0.251098155975,10805
0.251873970032,10804
0.252571105957,10803
0.253458976746,10802
0.254117012024,10801
0.25462603569,10800
0.25549197197,10799
0.255994081497,10798
0.256622076035,10797
0.257368087769,10796
0.257882118225,10795
0.258512973785,10794
0.258990049362,10793
0.259835004807,10792
0.260710000992,10791
0.261196136475,10790
0.26207613945,10789
0.262861013412,10788
0.26335811615,10787
0.264209985733,10786
0.264991044998,10785
0.265849113464,10784
0.266319990158,10783
0.266819953918,10782
0.267838001251,10781
0.268965005875,10780
0.269417047501,10779
0.270651102066,10778
0.271636009216,10777
0.272088050842,10776
0.272725105286,10775
0.273761034012,10774
0.274197101593,10773
0.274629116058,10772
0.275247097015,10771
0.275768041611,10770
0.276277065277,10769
0.276947021484,10768
0.27743601799,10767
0.278187036514,10766
0.279052972794,10765
0.279562950134,10764
0.282248973846,10763
0.282652139664,10762
0.283149957657,10761
0.283895969391,10760
0.284410953522,10759
0.2852871418,10758
0.286015987396,10757
0.286815166473,10756
0.287680149078,10755
0.288313150406,10754
0.289091110229,10753
0.289569139481,10752
0.290255069733,10751
0.290749073029,10750
0.291260004044,10749
0.291895151138,10748
0.292515039444,10747
0.293450117111,10746
0.294032096863,10745
0.294651985168,10744
0.295416116714,10743
0.296340942383,10742
0.297717094421,10741
0.298215150833,10740
0.298647165298,10739
0.299503087997,10738
0.299958944321,10737
0.300476074219,10736
0.30096411705,10735
0.301403999329,10734
0.303018093109,10733
0.30345916748,10732
0.304425001144,10731
0.30526304245,10730
0.306045055389,10729
0.306831121445,10728
0.307633161545,10727
0.308125019073,10726
0.308632135391,10725
0.309123039246,10724
0.309620141983,10723
0.310117959976,10722
0.310853004456,10721
0.311299085617,10720
0.311922073364,10719
0.313164949417,10718
0.314121961594,10717
0.315266132355,10716
0.316143989563,10715
0.316640138626,10714
0.317063093185,10713
0.31839799881,10712
0.319859027863,10711
0.320274114609,10710
0.320945978165,10709
0.321432113647,10708
0.321943998337,10707
0.322432994843,10706
0.323351144791,10705
0.324053049088,10704
0.324548006058,10703
0.325309991837,10702
0.325813055038,10701
0.326499938965,10700
0.32711315155,10699
0.327600955963,10698
0.328703165054,10697
0.329200029373,10696
0.329684972763,10695
0.330170154572,10694
0.330845117569,10693
0.3317091465,10692
0.332190990448,10691
0.333039999008,10690
0.333513975143,10689
0.334067106247,10688
0.334550142288,10687
0.335415124893,10686
0.336529016495,10685
0.337949991226,10684
0.33914899826,10683
0.339578151703,10682
0.340417146683,10681
0.341725111008,10680
0.34272813797,10679
0.343197107315,10678
0.344046115875,10677
0.345396995544,10676
0.345924139023,10675
0.346450090408,10674
0.347073078156,10673
0.348191976547,10672
0.348687171936,10671
0.349179983139,10670
0.349661111832,10669
0.350433111191,10668
0.351017951965,10667
0.351726055145,10666
0.352239131927,10665
0.353147983551,10664
0.353980064392,10663
0.354710102081,10662
0.355273962021,10661
0.35594701767,10660
0.356560945511,10659
0.357161045074,10658
0.358039140701,10657
0.358436107635,10656
0.35923910141,10655
0.359730005264,10654
0.360183000565,10653
0.360635995865,10652
0.361727952957,10651
0.363433122635,10650
0.364530086517,10649
0.365014076233,10648
0.365513086319,10647
0.366456031799,10646
0.366935014725,10645
0.368131160736,10644
0.368975162506,10643
0.36958694458,10642
0.370221138,10641
0.370717048645,10640
0.371617078781,10639
0.372316122055,10638
0.373828172684,10637
0.374560117722,10636
0.376914978027,10635
0.378904104233,10634
0.37991809845,10633
0.380521059036,10632
0.38111114502,10631
0.382087945938,10630
0.382894992828,10629
0.383722066879,10628
0.384814023972,10627
0.385615110397,10626
0.386974096298,10625
0.387448072433,10624
0.38805103302,10623
0.389402151108,10622
0.390370130539,10621
0.391287088394,10620
0.392277002335,10619
0.393842935562,10618
0.394932031631,10617
0.395581007004,10616
0.39758014679,10615
0.399261951447,10614
0.4001121521,10613
0.400969982147,10612
0.401798963547,10611
0.40247797966,10610
0.403031110764,10609
0.40362906456,10608
0.40488910675,10607
0.405436038971,10606
0.405997991562,10605
0.4067299366,10604
0.408126115799,10603
0.408597946167,10602
0.410117149353,10601
0.410715103149,10600
0.41172504425,10599
0.412282943726,10598
0.41291308403,10597
0.414714097977,10596
0.415965080261,10595
0.416814088821,10594
0.418030977249,10593
0.418950080872,10592
0.419909954071,10591
0.420917034149,10590
0.421862125397,10589
0.422784090042,10588
0.423362016678,10587
0.423890113831,10586
0.424669027328,10585
0.425897121429,10584
0.426619052887,10583
0.427582979202,10582
0.428159952164,10581
0.429032087326,10580
0.429661035538,10579
0.430302143097,10578
0.431136131287,10577
0.431889057159,10576
0.432460069656,10575
0.433968067169,10574
0.434460163116,10573
0.435241937637,10572
0.435855150223,10571
0.436465024948,10570
0.437453985214,10569
0.438030958176,10568
0.438595056534,10567
0.4399061203,10566
0.440430164337,10565
0.440958023071,10564
0.442039012909,10563
0.443396091461,10562
0.443978071213,10561
0.445659160614,10560
0.446267127991,10559
0.447107076645,10558
0.447904109955,10557
0.448896169662,10556
0.449567079544,10555
0.451014995575,10554
0.451967000961,10553
0.452581167221,10552
0.454473972321,10551
0.455008029938,10550
0.455896139145,10549
0.456871032715,10548
0.457455158234,10547
0.458184957504,10546
0.459800004959,10545
0.461078166962,10544
0.462348937988,10543
0.462913990021,10542
0.463478088379,10541
0.464036941528,10540
0.464550018311,10539
0.465355157852,10538
0.466196060181,10537
0.467587947845,10536
0.468657970428,10535
0.469532012939,10534
0.470142126083,10533
0.470721006393,10532
0.471508026123,10531
0.474035024643,10530
0.475161075592,10529
0.475970029831,10528
0.476982116699,10527
0.47758603096,10526
0.478197097778,10525
0.479241132736,10524
0.479817152023,10523
0.480344057083,10522
0.480905056,10521
0.481739044189,10520
0.482288122177,10519
0.483273029327,10518
0.483896017075,10517
0.484524011612,10516
0.485567092896,10515
0.486086130142,10514
0.486592054367,10513
0.487597942352,10512
0.488187074661,10511
0.488918066025,10510
0.489485025406,10509
0.490044116974,10508
0.490740060806,10507
0.491273164749,10506
0.49237203598,10505
0.492930173874,10504
0.493744134903,10503
0.494249105453,10502
0.494956016541,10501
0.495515108109,10500
0.496184110641,10499
0.496912956238,10498
0.497980117798,10497
0.49871301651,10496
0.49996304512,10495
0.500997066498,10494
0.5016040802,10493
0.502414941788,10492
0.503752946854,10491
0.50425195694,10490
0.506095170975,10489
0.506911039352,10488
0.5075070858,10487
0.508039951324,10486
0.512711048126,10485
0.514771938324,10484
0.515522003174,10483
0.517198085785,10482
0.517815113068,10481
0.518419981003,10480
0.519004106522,10479
0.520313978195,10478
0.521003961563,10477
0.521903991699,10476
0.52246594429,10475
0.522935152054,10474
0.524196147919,10473
0.524753093719,10472
0.52624797821,10471
0.527321100235,10470
0.528460979462,10469
0.529196023941,10468
0.529896974564,10467
0.530455112457,10466
0.530946969986,10465
0.531759023666,10464
0.532397031784,10463
0.534978151321,10462
0.536231040955,10461
0.538601160049,10460
0.540084123611,10459
0.541053056717,10458
0.54186797142,10457
0.542351961136,10456
0.542768955231,10455
0.543426036835,10454
0.54386806488,10453
0.54434800148,10452
0.545086145401,10451
0.54557800293,10450
0.546780109406,10449
0.547284126282,10448
0.548550128937,10447
0.549144029617,10446
0.550097942352,10445
0.550672054291,10444
0.551707029343,10443
0.552823066711,10442
0.553979158401,10441
0.554695129395,10440
0.556370019913,10439
0.556910037994,10438
0.557430028915,10437
0.557866096497,10436
0.558751106262,10435
0.559422969818,10434
0.560779094696,10433
0.56125497818,10432
0.56175494194,10431
0.563380002975,10430
0.563925981522,10429
0.565963029861,10428
0.566455125809,10427
0.568717002869,10426
0.57052397728,10425
0.571701049805,10424
0.573403120041,10423
0.573886156082,10422
0.574947118759,10421
0.575886011124,10420
0.576600074768,10419
0.577084064484,10418
0.577584981918,10417
0.579874038696,10416
0.58145904541,10415
0.582047939301,10414
0.583446025848,10413
0.584818124771,10412
0.585512161255,10411
0.585955142975,10410
0.586792945862,10409
0.587411165237,10408
0.588209152222,10407
0.588912010193,10406
0.591153144836,10405
0.592554092407,10404
0.592997074127,10403
0.59370303154,10402
0.594211101532,10401
0.594717979431,10400
0.595544099808,10399
0.59633898735,10398
0.597737073898,10397
0.598227977753,10396
0.598716974258,10395
0.599193096161,10394
0.600183963776,10393
0.60126709938,10392
0.602112054825,10391
0.603463172913,10390
0.603943109512,10389
0.605208158493,10388
0.605700969696,10387
0.606981992722,10386
0.607823133469,10385
0.609333992004,10384
0.609830141068,10383
0.610924959183,10382
0.612746953964,10381
0.61359500885,10380
0.614237070084,10379
0.615364074707,10378
0.616811990738,10377
0.617444038391,10376
0.618337154388,10375
0.61892914772,10374
0.619490146637,10373
0.62039399147,10372
0.621169090271,10371
0.621953964233,10370
0.623409032822,10369
0.624616146088,10368
0.625653028488,10367
0.626400947571,10366
0.626965045929,10365
0.627490997314,10364
0.628000020981,10363
0.629101991653,10362
0.629593133926,10361
0.630359172821,10360
0.63162112236,10359
0.632575035095,10358
0.633896112442,10357
0.635153055191,10356
0.635741949081,10355
0.636364936829,10354
0.636966943741,10353
0.637804985046,10352
0.638975143433,10351
0.6398229599,10350
0.640563011169,10349
0.641102075577,10348
0.641620159149,10347
0.643118143082,10346
0.643732070923,10345
0.644539117813,10344
0.645326137543,10343
0.648906946182,10342
0.649693965912,10341
0.650683164597,10340
0.651183128357,10339
0.651766061783,10338
0.653028964996,10337
0.65362906456,10336
0.656924962997,10335
0.6574010849,10334
0.657938957214,10333
0.658666133881,10332
0.659335136414,10331
0.660926103592,10330
0.662009000778,10329
0.662583112717,10328
0.663335084915,10327
0.664319992065,10326
0.664878129959,10325
0.665717124939,10324
0.666258096695,10323
0.66709113121,10322
0.66775894165,10321
0.668468952179,10320
0.668998003006,10319
0.669873952866,10318
0.673536062241,10317
0.674103021622,10316
0.675837039948,10315
0.676591157913,10314
0.677827119827,10313
0.679942131042,10312
0.681038141251,10311
0.681976079941,10310
0.682820081711,10309
0.684158086777,10308
0.684592008591,10307
0.685063123703,10306
0.685517072678,10305
0.686269044876,10304
0.687711954117,10303
0.688586950302,10302
0.689203977585,10301
0.689974069595,10300
0.690536975861,10299
0.691030025482,10298
0.691525936127,10297
0.692003011703,10296
0.69241809845,10295
0.692872047424,10294
0.694543123245,10293
0.69495511055,10292
0.695866107941,10291
0.69647693634,10290
0.697078943253,10289
0.698419094086,10288
0.699069023132,10287
0.69970202446,10286
0.700413942337,10285
0.700878143311,10284
0.70138502121,10283
0.703317165375,10282
0.703740119934,10281
0.704220056534,10280
0.70486497879,10279
0.705844163895,10278
0.706340074539,10277
0.707406044006,10276
0.708584070206,10275
0.709069013596,10274
0.710210084915,10273
0.710696935654,10272
0.711784124374,10271
0.712397098541,10270
0.712806940079,10269
0.714141130447,10268
0.7149310112,10267
0.715583086014,10266
0.716663122177,10265
0.717056035995,10264
0.71811413765,10263
0.721024036407,10262
0.721531152725,10261
0.722409963608,10260
0.724075078964,10259
0.725311040878,10258
0.72718501091,10257
0.727704048157,10256
0.728609085083,10255
0.729362010956,10254
0.730293035507,10253
0.730762004852,10252
0.732413053513,10251
0.73305606842,10250
0.733550071716,10249
0.734707117081,10248
0.735147953033,10247
0.735639095306,10246
0.736114025116,10245
0.736629009247,10244
0.737074136734,10243
0.737761974335,10242
0.73849105835,10241
0.739232063293,10240
0.740729093552,10239
0.74308013916,10238
0.743824958801,10237
0.744626998901,10236
0.745222091675,10235
0.745902061462,10234
0.746499061584,10233
0.747090101242,10232
0.74818611145,10231
0.749323129654,10230
0.749900102615,10229
0.751700162888,10228
0.752872943878,10227
0.75343298912,10226
0.754007101059,10225
0.754650115967,10224
0.755175113678,10223
0.758456945419,10222
0.760715007782,10221
0.761664152145,10220
0.76211810112,10219
0.763765096664,10218
0.764273166656,10217
0.764724969864,10216
0.76523900032,10215
0.765678167343,10214
0.766891956329,10213
0.767708063126,10212
0.768778085709,10211
0.769509077072,10210
0.770533084869,10209
0.771785974503,10208
0.772639036179,10207
0.773133039474,10206
0.774229049683,10205
0.775041103363,10204
0.775553941727,10203
0.776047945023,10202
0.778490066528,10201
0.779974937439,10200
0.780876159668,10199
0.783194065094,10198
0.785953044891,10197
0.789752960205,10196
0.790944099426,10195
0.794281005859,10194
0.795387983322,10193
0.796892166138,10192
0.799726009369,10191
0.800338029861,10190
0.801607131958,10189
0.802788972855,10188
0.803807020187,10187
0.804285049438,10186
0.805395126343,10185
0.806391954422,10184
0.807786941528,10183
0.808638095856,10182
0.810879945755,10181
0.812855005264,10180
0.814371109009,10179
0.81582903862,10178
0.817067146301,10177
0.818395137787,10176
0.818962097168,10175
0.820265054703,10174
0.820980072021,10173
0.822345018387,10172
0.82303404808,10171
0.823704004288,10170
0.825919151306,10169
0.827126979828,10168
0.828150033951,10167
0.828664064407,10166
0.829825162888,10165
0.830350160599,10164
0.830775976181,10163
0.831192016602,10162
0.831685066223,10161
0.832316160202,10160
0.833212137222,10159
0.834316015244,10158
0.835998058319,10157
0.836775064468,10156
0.83726811409,10155
0.837722063065,10154
0.839188098907,10153
0.840527057648,10152
0.84103512764,10151
0.841871976852,10150
0.842370033264,10149
0.843625068665,10148
0.844970941544,10147
0.846961021423,10146
0.847748994827,10145
0.848252058029,10144
0.848747014999,10143
0.849435091019,10142
0.84990811348,10141
0.850445985794,10140
0.852406024933,10139
0.854248046875,10138
0.854710102081,10137
0.85521697998,10136
0.855751991272,10135
0.858207941055,10134
0.858711004257,10133
0.859393119812,10132
0.859936952591,10131
0.86043214798,10130
0.862517118454,10129
0.862913131714,10128
0.863383054733,10127
0.864053010941,10126
0.86485004425,10125
0.866678953171,10124
0.867122173309,10123
0.867547988892,10122
0.86847615242,10121
0.869244098663,10120
0.869729995728,10119
0.870666980743,10118
0.871454000473,10117
0.872420072556,10116
0.873532056808,10115
0.874269008636,10114
0.874753952026,10113
0.877885103226,10112
0.878550052643,10111
0.879379034042,10110
0.880309104919,10109
0.881103038788,10108
0.881934165955,10107
0.883325099945,10106
0.884300947189,10105
0.884963035583,10104
0.885622024536,10103
0.886940956116,10102
0.889502048492,10101
0.890177965164,10100
0.890658140182,10099
0.891289949417,10098
0.891752958298,10097
0.892204999924,10096
0.893738985062,10095
0.901741981506,10094
0.906770944595,10093
0.909108161926,10092
0.911520004272,10091
0.912219047546,10090
0.912942171097,10089
0.914128065109,10088
0.914767026901,10087
0.915892124176,10086
0.917289018631,10085
0.918648004532,10084
0.919859170914,10083
0.920552968979,10082
0.921120166779,10081
0.92183303833,10080
0.922377109528,10079
0.923072099686,10078
0.92361998558,10077
0.924767971039,10076
0.928467988968,10075
0.929579019547,10074
0.930115938187,10073
0.930614948273,10072
0.932249069214,10071
0.933014154434,10070
0.933851957321,10069
0.935138940811,10068
0.935698986053,10067
0.936946153641,10066
0.937436103821,10065
0.937971115112,10064
0.938744068146,10063
0.939238071442,10062
0.93991112709,10061
0.940699100494,10060
0.941241025925,10059
0.941874980927,10058
0.942883968353,10057
0.943297147751,10056
0.944719076157,10055
0.945569992065,10054
0.947602987289,10053
0.948229074478,10052
0.949605941772,10051
0.951199054718,10050
0.952190160751,10049
0.953077077866,10048
0.953608036041,10047
0.954359054565,10046
0.954889059067,10045
0.956182003021,10044
0.957179069519,10043
0.957973957062,10042
0.95885014534,10041
0.960442066193,10040
0.962375164032,10039
0.964365005493,10038
0.964825153351,10037
0.965299129486,10036
0.965818166733,10035
0.966639041901,10034
0.968248128891,10033
0.968706130981,10032
0.969797134399,10031
0.971842050552,10030
0.975032091141,10029
0.976716995239,10028
0.978734016418,10027
0.979202032089,10026
0.980198144913,10025
0.980663061142,10024
0.981280088425,10023
0.985633134842,10022
0.986118078232,10021
0.987821102142,10020
0.989519119263,10019
0.990803003311,10018
0.9912109375,10017
0.993416070938,10016
0.99431014061,10015
0.995773077011,10014
0.996246099472,10013
0.997210025787,10012
0.997677087784,10011
0.998090982437,10010
0.999825000763,10009
1.00083112717,10008
1.00176000595,10007
1.00305604935,10006
1.00352215767,10005
1.00478410721,10004
1.00574207306,10003
1.00636911392,10002
1.00744605064,10001
1.00882411003,10000
1.00968909264,9999
1.01219916344,9998
1.01303505898,9997
1.01430106163,9996
1.01587414742,9995
1.01703095436,9994
1.01971912384,9993
1.0202691555,9992
1.02076005936,9991
1.02207493782,9990
1.02337598801,9989
1.02409505844,9988
1.02490305901,9987
1.02608895302,9986
1.02742195129,9985
1.02836894989,9984
1.02884697914,9983
1.03056001663,9982
1.03102302551,9981
1.03210902214,9980
1.03500199318,9979
1.03544211388,9978
1.03676605225,9977
1.0379960537,9976
1.03859496117,9975
1.03962802887,9974
1.04099202156,9973
1.04455709457,9972
1.0450220108,9971
1.04624915123,9970
1.04674506187,9969
1.04780197144,9968
1.04828310013,9967
1.05031609535,9966
1.05232095718,9965
1.05339598656,9964
1.05521917343,9963
1.05581498146,9962
1.05777597427,9961
1.05909514427,9960
1.06061315536,9959
1.06229710579,9958
1.06414914131,9957
1.06490015984,9956
1.06998705864,9955
1.07045102119,9954
1.07111215591,9953
1.07159805298,9952
1.07363295555,9951
1.07460999489,9950
1.0750939846,9949
1.07552599907,9948
1.07607507706,9947
1.07724308968,9946
1.07818412781,9945
1.08025693893,9944
1.08094406128,9943
1.08196902275,9942
1.08264803886,9941
1.0831720829,9940
1.0851020813,9939
1.08586812019,9938
1.0867099762,9937
1.08726000786,9936
1.08780217171,9935
1.08834910393,9934
1.08943104744,9933
1.08998608589,9932
1.09113907814,9931
1.09163999557,9930
1.09217405319,9929
1.09456396103,9928
1.09554409981,9927
1.09606814384,9926
1.09696602821,9925
1.09742808342,9924
1.09846496582,9923
1.09915113449,9922
1.10032296181,9921
1.10080003738,9920
1.10195803642,9919
1.10300111771,9918
1.10345602036,9917
1.10412502289,9916
1.10609006882,9915
1.10715007782,9914
1.10904502869,9913
1.10989713669,9912
1.11056208611,9911
1.11244010925,9910
1.11291313171,9909
1.11406207085,9908
1.11520314217,9907
1.11577415466,9906
1.11644101143,9905
1.11715006828,9904
1.11804008484,9903
1.11851406097,9902
1.12149810791,9901
1.12210893631,9900
1.12268209457,9899
1.12327814102,9898
1.12488293648,9897
1.12541413307,9896
1.12639498711,9895
1.1269569397,9894
1.12744307518,9893
1.12800312042,9892
1.12876200676,9891
1.13006997108,9890
1.13084411621,9889
1.13150310516,9888
1.13563394547,9887
1.13681507111,9886
1.13740515709,9885
1.13850498199,9884
1.1392800808,9883
1.1400411129,9882
1.14182114601,9881
1.14242005348,9880
1.14294815063,9879
1.14348816872,9878
1.14655613899,9877
1.15625905991,9876
1.15804195404,9875
1.15865206718,9874
1.16146993637,9873
1.16355395317,9872
1.1708791256,9871
1.17201304436,9870
1.17288017273,9869
1.17341709137,9868
1.17508006096,9867
1.17562198639,9866
1.1780769825,9865
1.17944097519,9864
1.18009209633,9863
1.18061614037,9862
1.18262815475,9861
1.18668413162,9860
1.18719816208,9859
1.18962311745,9858
1.19064211845,9857
1.19417214394,9856
1.19952106476,9855
1.1999399662,9854
1.20173311234,9853
1.20219111443,9852
1.20294499397,9851
1.20583605766,9850
1.20633912086,9849
1.20819306374,9848
1.20977306366,9847
1.21108198166,9846
1.21216797829,9845
1.21387600899,9844
1.21634411812,9843
1.21688008308,9842
1.21844911575,9841
1.21888303757,9840
1.21947002411,9839
1.22023415565,9838
1.22141695023,9837
1.2223610878,9836
1.22301697731,9835
1.22347807884,9834
1.22440314293,9833
1.22569608688,9832
1.2266061306,9831
1.22711396217,9830
1.22910308838,9829
1.22953009605,9828
1.23021602631,9827
1.230656147,9826
1.23176503181,9825
1.2327849865,9824
1.23382997513,9823
1.23549509048,9822
1.23595404625,9821
1.23645401001,9820
1.23695206642,9819
1.23794794083,9818
1.23841094971,9817
1.24035000801,9816
1.24081397057,9815
1.24128198624,9814
1.24193811417,9813
1.24239706993,9812
1.24285817146,9811
1.24326896667,9810
1.24503993988,9809
1.24554514885,9808
1.24703097343,9807
1.24791407585,9806
1.24837994576,9805
1.24948096275,9804
1.25091505051,9803
1.25150513649,9802
1.25217103958,9801
1.25422811508,9800
1.25522208214,9799
1.25627303123,9798
1.25752615929,9797
1.26097011566,9796
1.2615480423,9795
1.26215410233,9794
1.26288795471,9793
1.26342010498,9792
1.26462602615,9791
1.26670503616,9790
1.26807713509,9789
1.27218294144,9788
1.2737159729,9787
1.2766931057,9786
1.27750110626,9785
1.27866196632,9784
1.2801091671,9783
1.28107500076,9782
1.28198504448,9781
1.28251099586,9780
1.28303408623,9779
1.28356599808,9778
1.28489208221,9777
1.28611898422,9776
1.28667211533,9775
1.28822493553,9774
1.28925013542,9773
1.28999996185,9772
1.29237508774,9771
1.29475212097,9770
1.2952940464,9769
1.29606199265,9768
1.29677295685,9767
1.29763197899,9766
1.29811096191,9765
1.29936504364,9764
1.30000495911,9763
1.30111098289,9762
1.30411601067,9761
1.30482006073,9760
1.30805897713,9759
1.30902194977,9758
1.31109213829,9757
1.31231117249,9756
1.3130979538,9755
1.31366300583,9754
1.31420397758,9753
1.31522512436,9752
1.3157119751,9751
1.31690597534,9750
1.32112216949,9749
1.32196307182,9748
1.3224401474,9747
1.32290506363,9746
1.3258099556,9745
1.32749509811,9744
1.32883810997,9743
1.32936501503,9742
1.32990407944,9741
1.33084011078,9740
1.33140015602,9739
1.33282494545,9738
1.33329916,9737
1.33489704132,9736
1.3358809948,9735
1.33678603172,9734
1.34127902985,9733
1.34251093864,9732
1.34561514854,9731
1.34689307213,9730
1.34884905815,9729
1.3496940136,9728
1.35049200058,9727
1.35100913048,9726
1.35202097893,9725
1.3524889946,9724
1.35375213623,9723
1.35562396049,9722
1.36269116402,9721
1.36361598969,9720
1.36485409737,9719
1.36542415619,9718
1.36683416367,9717
1.36737298965,9716
1.36821913719,9715
1.37057995796,9714
1.37119913101,9713
1.37419605255,9712
1.37604999542,9711
1.37730813026,9710
1.37786006927,9709
1.38047504425,9708
1.38097906113,9707
1.38150811195,9706
1.3824660778,9705
1.38437509537,9704
1.38554096222,9703
1.38829898834,9702
1.39408111572,9701
1.39463114738,9700
1.39686799049,9699
1.39763593674,9698
1.39979815483,9697
1.40029096603,9696
1.40144014359,9695
1.40337109566,9694
1.40435504913,9693
1.40490603447,9692
1.40539312363,9691
1.40592908859,9690
1.40840411186,9689
1.40888905525,9688
1.40972995758,9687
1.41124010086,9686
1.41220712662,9685
1.41341495514,9684
1.41426706314,9683
1.41547012329,9682
1.4165661335,9681
1.41760015488,9680
1.41894817352,9679
1.41944313049,9678
1.41990208626,9677
1.42151904106,9676
1.42195010185,9675
1.42395305634,9674
1.42549514771,9673
1.42597103119,9672
1.42655611038,9671
1.42701411247,9670
1.42747807503,9669
1.42794108391,9668
1.42929816246,9667
1.43020701408,9666
1.43098807335,9665
1.43145608902,9664
1.4322810173,9663
1.43275094032,9662
1.43403315544,9661
1.43453812599,9660
1.43538212776,9659
1.43650913239,9658
1.43782114983,9657
1.4411649704,9656
1.44163513184,9655
1.44210910797,9654
1.44312596321,9653
1.44358897209,9652
1.44535207748,9651
1.44593000412,9650
1.44663214684,9649
1.44834899902,9648
1.44923901558,9647
1.45005512238,9646
1.45104193687,9645
1.45198106766,9644
1.45354604721,9643
1.45523405075,9642
1.45761108398,9641
1.45850014687,9640
1.46057200432,9639
1.46121311188,9638
1.46218895912,9637
1.46426296234,9636
1.46468496323,9635
1.46512007713,9634
1.46558308601,9633
1.46659517288,9632
1.46743416786,9631
1.46874308586,9630
1.47040700912,9629
1.4712741375,9628
1.47329807281,9627
1.47618198395,9626
1.47791910172,9625
1.47838401794,9624
1.47883605957,9623
1.4795820713,9622
1.48025798798,9621
1.48184895515,9620
1.48307013512,9619
1.4835100174,9618
1.48539113998,9617
1.48584103584,9616
1.48629403114,9615
1.48835015297,9614
1.48913598061,9613
1.48978114128,9612
1.49032711983,9611
1.49079203606,9610
1.49214100838,9609
1.49456596375,9608
1.4956510067,9607
1.49815917015,9606
1.49910902977,9605
1.49955415726,9604
1.50034499168,9603
1.50554299355,9602
1.50969696045,9601
1.51137495041,9600
1.51177811623,9599
1.51220798492,9598
1.51584196091,9597
1.51763105392,9596
1.51927399635,9595
1.52032399178,9594
1.52080607414,9593
1.52144694328,9592
1.52193307877,9591
1.522824049,9590
1.5232770443,9589
1.52372097969,9588
1.5249350071,9587
1.5262670517,9586
1.52752494812,9585
1.52854204178,9584
1.52972507477,9583
1.53039216995,9582
1.53090596199,9581
1.53217506409,9580
1.53272509575,9579
1.53344702721,9578
1.53395295143,9577
1.53439807892,9576
1.53523206711,9575
1.53590297699,9574
1.53635597229,9573
1.5368180275,9572
1.53746700287,9571
1.53793096542,9570
1.54173016548,9569
1.54268503189,9568
1.54335999489,9567
1.54455113411,9566
1.54497313499,9565
1.54595994949,9564
1.54650497437,9563
1.54899001122,9562
1.55043315887,9561
1.55199503899,9560
1.5532720089,9559
1.55452799797,9558
1.55536293983,9557
1.55595517159,9556
1.55846595764,9555
1.56109499931,9554
1.56269812584,9553
1.56404304504,9552
1.56473612785,9551
1.56514716148,9550
1.56583499908,9549
1.56678700447,9548
1.56725311279,9547
1.56822299957,9546
1.5686609745,9545
1.56975913048,9544
1.57352900505,9543
1.57501411438,9542
1.57547211647,9541
1.57604312897,9540
1.57888197899,9539
1.58059000969,9538
1.58301210403,9537
1.58466911316,9536
1.58525395393,9535
1.5858900547,9534
1.58808112144,9533
1.58869814873,9532
1.59018516541,9531
1.59208106995,9530
1.59295701981,9529
1.59354305267,9528
1.59415817261,9527
1.59658813477,9526
1.59716701508,9525
1.59830904007,9524
1.59927511215,9523
1.60062503815,9522
1.60177707672,9521
1.60422706604,9520
1.60476708412,9519
1.60527706146,9518
1.60594201088,9517
1.60661196709,9516
1.60711216927,9515
1.60836911201,9514
1.60938501358,9513
1.6104619503,9512
1.61155414581,9511
1.61310100555,9510
1.61365008354,9509
1.6151201725,9508
1.61560702324,9507
1.61640095711,9506
1.61882901192,9505
1.61923694611,9504
1.62082099915,9503
1.62175607681,9502
1.6225271225,9501
1.62294316292,9500
1.62378716469,9499
1.62671899796,9498
1.62731409073,9497
1.62808609009,9496
1.63110494614,9495
1.6315600872,9494
1.63252902031,9493
1.63327813148,9492
1.63476610184,9491
1.63630604744,9490
1.63729715347,9489
1.6382291317,9488
1.63918399811,9487
1.64099907875,9486
1.64264416695,9485
1.64375805855,9484
1.64452815056,9483
1.64530110359,9482
1.64767098427,9481
1.64856004715,9480
1.64962100983,9479
1.65083503723,9478
1.65194416046,9477
1.65312814713,9476
1.65444517136,9475
1.65499305725,9474
1.65789294243,9473
1.65879607201,9472
1.66011214256,9471
1.66057801247,9470
1.66310811043,9469
1.66846895218,9468
1.6691839695,9467
1.66962194443,9466
1.67025613785,9465
1.6724460125,9464
1.67606902122,9463
1.67670512199,9462
1.67902803421,9461
1.67949199677,9460
1.6815290451,9459
1.68318104744,9458
1.68568396568,9457
1.68648004532,9456
1.68790102005,9455
1.68983912468,9454
1.69051408768,9453
1.69326210022,9452
1.69491910934,9451
1.69544696808,9450
1.69618201256,9449
1.69739508629,9448
1.69856309891,9447
1.69940900803,9446
1.70263504982,9445
1.70380210876,9444
1.7045879364,9443
1.70527410507,9442
1.70571708679,9441
1.70724201202,9440
1.71016716957,9439
1.71099996567,9438
1.71309900284,9437
1.71506905556,9436
1.71641111374,9435
1.71943306923,9434
1.72003316879,9433
1.72128415108,9432
1.72169113159,9431
1.72392916679,9430
1.72437405586,9429
1.72539305687,9428
1.72632002831,9427
1.72754812241,9426
1.72865009308,9425
1.72930502892,9424
1.72971796989,9423
1.73353815079,9422
1.73417496681,9421
1.7351231575,9420
1.73575997353,9419
1.73621606827,9418
1.73676395416,9417
1.73861598969,9416
1.73992705345,9415
1.74259805679,9414
1.7437889576,9413
1.74630594254,9412
1.74700593948,9411
1.74903702736,9410
1.74977707863,9409
1.75025701523,9408
1.75543498993,9407
1.75657510757,9406
1.75699901581,9405
1.75827598572,9404
1.75966501236,9403
1.76287603378,9402
1.76380205154,9401
1.76425695419,9400
1.76472496986,9399
1.76518297195,9398
1.76591801643,9397
1.7663769722,9396
1.76721596718,9395
1.76931214333,9394
1.77126407623,9393
1.77170205116,9392
1.77347207069,9391
1.77428102493,9390
1.77504897118,9389
1.77582001686,9388
1.77628016472,9387
1.77801895142,9386
1.77846693993,9385
1.7795009613,9384
1.77995610237,9383
1.7830581665,9382
1.78445100784,9381
1.78595304489,9380
1.78823208809,9379
1.79052996635,9378
1.7909450531,9377
1.79257893562,9376
1.79343295097,9375
1.79414916039,9374
1.79975199699,9373
1.8004450798,9372
1.802546978,9371
1.80333304405,9370
1.80648899078,9369
1.8073079586,9368
1.80796098709,9367
1.81086707115,9366
1.81180810928,9365
1.81513404846,9364
1.81668710709,9363
1.81786394119,9362
1.8227751255,9361
1.83099293709,9360
1.83227205276,9359
1.83354711533,9358
1.83877015114,9357
1.84170508385,9356
1.84699416161,9355
1.84923505783,9354
1.85150003433,9353
1.85880804062,9352
1.86344504356,9351
1.86427998543,9350
1.86507797241,9349
1.86729717255,9348
1.86810708046,9347
1.87154006958,9346
1.8732790947,9345
1.87396216393,9344
1.87537407875,9343
1.87800312042,9342
1.88198304176,9341
1.88467097282,9340
1.88567996025,9339
1.88923811913,9338
1.89126300812,9337
1.89460301399,9336
1.89541506767,9335
1.89719796181,9334
1.89891910553,9333
1.9012670517,9332
1.90455913544,9331
1.90618515015,9330
1.91049098969,9329
1.91160416603,9328
1.91351699829,9327
1.91604208946,9326
1.9167201519,9325
1.92270302773,9324
1.9258620739,9323
1.9279191494,9322
1.92840313911,9321
1.92886614799,9320
1.93349194527,9319
1.93421816826,9318
1.93493199348,9317
1.93752598763,9316
1.9387011528,9315
1.94012999535,9314
1.94211196899,9313
1.94292807579,9312
1.94636106491,9311
1.94722604752,9310
1.94925403595,9309
1.95318007469,9308
1.95433616638,9307
1.95657896996,9306
1.95985913277,9305
1.96207809448,9304
1.9636361599,9303
1.9663541317,9302
1.96878910065,9301
1.97208499908,9300
1.97367405891,9299
1.97444796562,9298
1.97982311249,9297
1.98312306404,9296
1.98390102386,9295
1.98731017113,9294
1.99018216133,9293
1.99160814285,9292
1.99886202812,9291
2.00183606148,9290
2.00234413147,9289
2.00706195831,9288
2.00980997086,9287
2.01144099236,9286
2.0125939846,9285
2.01469516754,9284
2.01550197601,9283
2.01678514481,9282
2.01847195625,9281
2.01906704903,9280
2.01996803284,9279
2.02217006683,9278
2.02513813972,9277
2.02570295334,9276
2.02814698219,9275
2.02947497368,9274
2.03131699562,9273
2.03320217133,9272
2.0345621109,9271
2.03765797615,9270
2.03822302818,9269
2.03898596764,9268
2.04058694839,9267
2.04176211357,9266
2.04294705391,9265
2.04358005524,9264
2.04528808594,9263
2.04583597183,9262
2.04796099663,9261
2.0485970974,9260
2.05487298965,9259
2.05635404587,9258
2.05781412125,9257
2.05991411209,9256
2.06125712395,9255
2.06191396713,9254
2.06254196167,9253
2.07204699516,9252
2.07386302948,9251
2.08067512512,9250
2.08196306229,9249
2.0833761692,9248
2.08507108688,9247
2.08648896217,9246
2.09323811531,9245
2.09712910652,9244
2.10120201111,9243
2.10171294212,9242
2.10260009766,9241
2.10392594337,9240
2.10447311401,9239
2.10658407211,9238
2.10871195793,9237
2.11019515991,9236
2.11158299446,9235
2.11447715759,9234
2.11666798592,9233
2.11922812462,9232
2.12204098701,9231
2.12941908836,9230
2.13229107857,9229
2.13346815109,9228
2.14036417007,9227
2.1410009861,9226
2.14298415184,9225
2.14392209053,9224
2.14595603943,9223
2.14871406555,9222
2.14962697029,9221
2.1527941227,9220
2.15844106674,9219
2.16010308266,9218
2.16109514236,9217
2.16512107849,9216
2.16702103615,9215
2.16947007179,9214
2.1700091362,9213
2.17412209511,9212
2.17644405365,9211
2.17905497551,9210
2.18060612679,9209
2.18200707436,9208
2.18255114555,9207
2.18346309662,9206
2.18629908562,9205
2.19016003609,9204
2.19074416161,9203
2.19127416611,9202
2.19458007812,9201
2.19573807716,9200
2.19762396812,9199
2.20120811462,9198
2.20389294624,9197
2.20536494255,9196
2.20633196831,9195
2.20707297325,9194
2.20847415924,9193
2.21033096313,9192
2.21233105659,9191
2.21630907059,9190
2.21787309647,9189
2.21839404106,9188
2.22073101997,9187
2.22508311272,9186
2.22659015656,9185
2.22771310806,9184
2.23025298119,9183
2.23624014854,9182
2.23714900017,9181
2.2376639843,9180
2.23914694786,9179
2.24070310593,9178
2.24128198624,9177
2.24345898628,9176
2.2457921505,9175
2.2469329834,9174
2.2474091053,9173
2.24783110619,9172
2.25126314163,9171
2.25279998779,9170
2.25333309174,9169
2.25477099419,9168
2.25844812393,9167
2.26117897034,9166
2.26171517372,9165
2.26219296455,9164
2.26291012764,9163
2.26403594017,9162
2.26776313782,9161
2.26824307442,9160
2.27143502235,9159
2.27413415909,9158
2.27570295334,9157
2.27656006813,9156
2.27804803848,9155
2.2792930603,9154
2.28044700623,9153
2.28118896484,9152
2.28397607803,9151
2.28485894203,9150
2.28591012955,9149
2.28665614128,9148
2.28953313828,9147
2.29041194916,9146
2.29157710075,9145
2.29253911972,9144
2.29370903969,9143
2.29522800446,9142
2.29606509209,9141
2.29814815521,9140
2.29926013947,9139
2.30443716049,9138
2.30493712425,9137
2.30709815025,9136
2.30762600899,9135
2.30919909477,9134
2.30971908569,9133
2.31019210815,9132
2.31748700142,9131
2.31923294067,9130
2.32078099251,9129
2.32127404213,9128
2.32276105881,9127
2.32467794418,9126
2.32625794411,9125
2.32807016373,9124
2.32859301567,9123
2.33219099045,9122
2.33298301697,9121
2.33431410789,9120
2.339427948,9119
2.34120202065,9118
2.34345698357,9117
2.34396314621,9116
2.35033798218,9115
2.35084104538,9114
2.35139203072,9113
2.35298895836,9112
2.35345506668,9111
2.35432195663,9110
2.35638713837,9109
2.3627281189,9108
2.36364793777,9107
2.37320494652,9106
2.37844800949,9105
2.38252615929,9104
2.3834271431,9103
2.38735699654,9102
2.38945007324,9101
2.39041996002,9100
2.39383506775,9099
2.39584994316,9098
2.39843606949,9097
2.39981913567,9096
2.40334606171,9095
2.40500307083,9094
2.4080350399,9093
2.41051912308,9092
2.41197299957,9091
2.41539716721,9090
2.41609096527,9089
2.4176170826,9088
2.41867804527,9087
2.41979503632,9086
2.42028594017,9085
2.4220700264,9084
2.42510509491,9083
2.42563605309,9082
2.42636394501,9081
2.42878603935,9080
2.43544101715,9079
2.43590807915,9078
2.43865299225,9077
2.44073700905,9076
2.4412381649,9075
2.44262504578,9074
2.4453060627,9073
2.446007967,9072
2.44865298271,9071
2.44976210594,9070
2.45124697685,9069
2.45245909691,9068
2.45390415192,9067
2.45573115349,9066
2.4574739933,9065
2.46274209023,9064
2.4744040966,9063
2.47626304626,9062
2.47819900513,9061
2.47871804237,9060
2.48021197319,9059
2.48184204102,9058
2.48288607597,9057
2.48379397392,9056
2.48557806015,9055
2.4860701561,9054
2.48730897903,9053
2.48808908463,9052
2.48861503601,9051
2.48993802071,9050
2.49046301842,9049
2.49274516106,9048
2.49429297447,9047
2.49960803986,9046
2.50041103363,9045
2.50196099281,9044
2.50300598145,9043
2.50482606888,9042
2.50593209267,9041
2.51284813881,9040
2.51328206062,9039
2.5141749382,9038
2.51769113541,9037
2.52081108093,9036
2.5222260952,9035
2.52566814423,9034
2.52835512161,9033
2.53265595436,9032
2.53967905045,9031
2.54067397118,9030
2.54193806648,9029
2.54284310341,9028
2.54479002953,9027
2.54758906364,9026
2.54962801933,9025
2.55010294914,9024
2.55374407768,9023
2.55556297302,9022
2.55607295036,9021
2.56193614006,9020
2.56625103951,9019
2.56776404381,9018
2.57708215714,9017
2.58095407486,9016
2.58270716667,9015
2.58384013176,9014
2.58432602882,9013
2.58541417122,9012
2.5904250145,9011
2.59815907478,9010
2.60276699066,9009
2.60370516777,9008
2.60546207428,9007
2.60643911362,9006
2.60903215408,9005
2.60980010033,9004
2.61163210869,9003
2.61533308029,9002
2.61796212196,9001
2.61845898628,9000
2.6189391613,8999
2.6226401329,8998
2.62334394455,8997
2.62385797501,8996
2.62437605858,8995
2.62579512596,8994
2.62730813026,8993
2.62833213806,8992
2.62880015373,8991
2.62972211838,8990
2.63376998901,8989
2.63468813896,8988
2.63636898994,8987
2.63838505745,8986
2.63885211945,8985
2.64704012871,8984
2.65540003777,8983
2.65803408623,8982
2.6634221077,8981
2.66437196732,8980
2.66740703583,8979
2.66833114624,8978
2.67006397247,8977
2.67120194435,8976
2.67271113396,8975
2.67423510551,8974
2.67563796043,8973
2.67615294456,8972
2.67748594284,8971
2.68000102043,8970
2.68176198006,8969
2.68421316147,8968
2.6858689785,8967
2.68942403793,8966
2.69089603424,8965
2.69364905357,8964
2.69551515579,8963
2.69748210907,8962
2.69913911819,8961
2.70442605019,8960
2.71297001839,8959
2.71349215508,8958
2.72574400902,8957
2.72731614113,8956
2.72843313217,8955
2.73039603233,8954
2.73135495186,8953
2.7330429554,8952
2.74143600464,8951
2.74305510521,8950
2.74689912796,8949
2.74821615219,8948
2.74981594086,8947
2.75073504448,8946
2.75615501404,8945
2.75766515732,8944
2.75875902176,8943
2.76094293594,8942
2.76289701462,8941
2.76546216011,8940
2.76761317253,8939
2.76930999756,8938
2.77349710464,8937
2.77572011948,8936
2.77702403069,8935
2.77754116058,8934
2.78275704384,8933
2.7850420475,8932
2.78630495071,8931
2.78973913193,8930
2.79028010368,8929
2.79163408279,8928
2.79336500168,8927
2.79945397377,8926
2.80190300941,8925
2.80281400681,8924
2.80591511726,8923
2.80826711655,8922
2.80904102325,8921
2.81431317329,8920
2.81795406342,8919
2.82420110703,8918
2.82677602768,8917
2.8290040493,8916
2.83305907249,8915
2.83713698387,8914
2.83829212189,8913
2.84153604507,8912
2.85216808319,8911
2.85806298256,8910
2.85854911804,8909
2.85903096199,8908
2.8611240387,8907
2.86408996582,8906
2.86462402344,8905
2.86580300331,8904
2.86633205414,8903
2.86770915985,8902
2.86873602867,8901
2.86923098564,8900
2.87012004852,8899
2.87075209618,8898
2.87163805962,8897
2.87215304375,8896
2.87504005432,8895
2.87795305252,8894
2.87899112701,8893
2.88101315498,8892
2.88752603531,8891
2.89544010162,8890
2.89937400818,8889
2.90125703812,8888
2.90479207039,8887
2.90691208839,8886
2.91598010063,8885
2.91773295403,8884
2.92007398605,8883
2.92151212692,8882
2.92260909081,8881
2.9268181324,8880
2.93028712273,8879
2.93086314201,8878
2.93354701996,8877
2.93456697464,8876
2.93906497955,8875
2.94184112549,8874
2.9429359436,8873
2.94345402718,8872
2.94642305374,8871
2.94863414764,8870
2.94922208786,8869
2.95634508133,8868
2.9576151371,8867
2.95913600922,8866
2.96041417122,8865
2.96708703041,8864
2.96758913994,8863
2.96878194809,8862
2.97217106819,8861
2.97276806831,8860
2.97506713867,8859
2.978317976,8858
2.97883605957,8857
2.9809820652,8856
2.98201107979,8855
2.98251795769,8854
2.98327302933,8853
2.99139809608,8852
2.99379706383,8851
2.99504303932,8850
3.00185704231,8849
3.00255894661,8848
3.00347709656,8847
3.00553417206,8846
3.00629496574,8845
3.00750207901,8844
3.00802397728,8843
3.00929117203,8842
3.0104739666,8841
3.01210594177,8840
3.01456212997,8839
3.01885104179,8838
3.02085804939,8837
3.0222761631,8836
3.02671504021,8835
3.02974200249,8834
3.04303908348,8833
3.04947900772,8832
3.05847907066,8831
3.06212902069,8830
3.064702034,8829
3.06849908829,8828
3.07186508179,8827
3.07236909866,8826
3.07416510582,8825
3.0754301548,8824
3.07833814621,8823
3.0800640583,8822
3.09084796906,8821
3.09222316742,8820
3.09298396111,8819
3.09670901299,8818
3.09942698479,8817
3.10062503815,8816
3.10157799721,8815
3.10461497307,8814
3.11091113091,8813
3.11143112183,8812
3.11259913445,8811
3.11677312851,8810
3.1190431118,8809
3.12043595314,8808
3.13060808182,8807
3.1314330101,8806
3.13571000099,8805
3.13750505447,8804
3.14803600311,8803
3.15887403488,8802
3.16375112534,8801
3.16466808319,8800
3.17002511024,8799
3.17457509041,8798
3.17616915703,8797
3.18124699593,8796
3.18992900848,8795
3.19193696976,8794
3.19481611252,8793
3.195291996,8792
3.20069408417,8791
3.2055850029,8790
3.20660710335,8789
3.20741510391,8788
3.21360898018,8787
3.21591806412,8786
3.21746516228,8785
3.22008109093,8784
3.22126698494,8783
3.22258114815,8782
3.22401213646,8781
3.22613096237,8780
3.2276289463,8779
3.23078012466,8778
3.23124194145,8777
3.23292207718,8776
3.23382401466,8775
3.24255895615,8774
3.2469060421,8773
3.25025010109,8772
3.25188016891,8771
3.25460505486,8770
3.25648117065,8769
3.259319067,8768
3.26166200638,8767
3.26300311089,8766
3.26928496361,8765
3.27785110474,8764
3.27921199799,8763
3.28281497955,8762
3.29399108887,8761
3.30011200905,8760
3.30329394341,8759
3.30376005173,8758
3.30481100082,8757
3.30875897408,8756
3.3096280098,8755
3.31329107285,8754
3.31743812561,8753
3.3190870285,8752
3.31994605064,8751
3.32045602798,8750
3.32283616066,8749
3.3232729435,8748
3.32375502586,8747
3.32423901558,8746
3.32579302788,8745
3.33070516586,8744
3.33610296249,8743
3.34003400803,8742
3.34470510483,8741
3.34560203552,8740
3.3501200676,8739
3.35698008537,8738
3.36059117317,8737
3.36175203323,8736
3.36475300789,8735
3.37748599052,8734
3.38549995422,8733
3.39258503914,8732
3.39402103424,8731
3.39672398567,8730
3.39899301529,8729
3.40083909035,8728
3.40304303169,8727
3.40661811829,8726
3.40738606453,8725
3.40858316422,8724
3.41239404678,8723
3.41809415817,8722
3.42115402222,8721
3.42199397087,8720
3.42351102829,8719
3.42573213577,8718
3.42842698097,8717
3.42899394035,8716
3.4294860363,8715
3.43249797821,8714
3.43336296082,8713
3.44402098656,8712
3.44723200798,8711
3.45080709457,8710
3.45159506798,8709
3.45498514175,8708
3.46043395996,8707
3.46250295639,8706
3.46779203415,8705
3.47014212608,8704
3.47185111046,8703
3.47808694839,8702
3.47905111313,8701
3.48534703255,8700
3.48645496368,8699
3.49270701408,8698
3.49603199959,8697
3.4978260994,8696
3.52178096771,8695
3.52472305298,8694
3.52527594566,8693
3.52825117111,8692
3.53002715111,8691
3.532102108,8690
3.5349509716,8689
3.54051995277,8688
3.54464411736,8687
3.54532408714,8686
3.54583311081,8685
3.5488550663,8684
3.55438709259,8683
3.55573511124,8682
3.56078100204,8681
3.56221008301,8680
3.56913495064,8679
3.56963205338,8678
3.5709810257,8677
3.57967805862,8676
3.58578705788,8675
3.58819699287,8674
3.59386301041,8673
3.60683012009,8672
3.60752415657,8671
3.60875296593,8670
3.61124515533,8669
3.61291503906,8668
3.61718201637,8667
3.62064003944,8666
3.6294169426,8665
3.63253712654,8664
3.64111614227,8663
3.6471350193,8662
3.64799404144,8661
3.65234804153,8660
3.65670514107,8659
3.67671012878,8658
3.67988300323,8657
3.6803920269,8656
3.68142914772,8655
3.68339896202,8654
3.68525695801,8653
3.68695497513,8652
3.68783712387,8651
3.69352793694,8650
3.69901299477,8649
3.70119309425,8648
3.70253705978,8647
3.70469808578,8646
3.70900607109,8645
3.71976113319,8644
3.72672104836,8643
3.73568296432,8642
3.73861694336,8641
3.7397480011,8640
3.74111199379,8639
3.74259614944,8638
3.74340510368,8637
3.74725198746,8636
3.75220513344,8635
3.75741410255,8634
3.75868797302,8633
3.7600209713,8632
3.76892113686,8631
3.77055811882,8630
3.77440714836,8629
3.77584910393,8628
3.78098106384,8627
3.78541111946,8626
3.78665804863,8625
3.78812408447,8624
3.78858494759,8623
3.78977394104,8622
3.79093909264,8621
3.79554510117,8620
3.7976140976,8619
3.80257606506,8618
3.80403494835,8617
3.8121380806,8616
3.81514501572,8615
3.82041215897,8614
3.82180595398,8613
3.82520294189,8612
3.82658410072,8611
3.83130908012,8610
3.83551216125,8609
3.84182906151,8608
3.84761309624,8607
3.85127902031,8606
3.85460400581,8605
3.85703516006,8604
3.8580930233,8603
3.86438202858,8602
3.86616206169,8601
3.87604498863,8600
3.87831902504,8599
3.88504600525,8598
3.88564896584,8597
3.88627314568,8596
3.88757014275,8595
3.8902900219,8594
3.90594100952,8593
3.9082660675,8592
3.91031312943,8591
3.91178703308,8590
3.91611909866,8589
3.92887997627,8588
3.93457794189,8587
3.93636107445,8586
3.93848896027,8585
3.93899416924,8584
3.94799113274,8583
3.95770311356,8582
3.95905804634,8581
3.9602701664,8580
3.96211314201,8579
3.96361017227,8578
3.96456193924,8577
3.96525502205,8576
3.97010302544,8575
3.97401094437,8574
3.97501206398,8573
3.97607302666,8572
3.98817205429,8571
3.99103593826,8570
3.99231696129,8569
3.99341917038,8568
3.99386405945,8567
3.99513697624,8566
3.99744701385,8565
3.99796009064,8564
3.99953913689,8563
4.00034713745,8562
4.00238394737,8561
4.0039961338,8560
4.00599503517,8559
4.01058101654,8558
4.01659798622,8557
4.01921916008,8556
4.0362341404,8555
4.0374481678,8554
4.04180216789,8553
4.04307198524,8552
4.04528212547,8551
4.04728794098,8550
4.05565500259,8549
4.0569050312,8548
4.05929303169,8547
4.06088113785,8546
4.06302309036,8545
4.07438111305,8544
4.07717704773,8543
4.07919311523,8542
4.09291505814,8541
4.10112500191,8540
4.10546016693,8539
4.11269402504,8538
4.11831903458,8537
4.12057614326,8536
4.12288498878,8535
4.12447714806,8534
4.12826895714,8533
4.12956404686,8532
4.13766813278,8531
4.15049505234,8530
4.15482902527,8529
4.15624403954,8528
4.16089916229,8527
4.16385412216,8526
4.16561508179,8525
4.16665506363,8524
4.17558813095,8523
4.17608809471,8522
4.19285106659,8521
4.19564199448,8520
4.19669604301,8519
4.19716000557,8518
4.2058160305,8517
4.2072019577,8516
4.20764803886,8515
4.21174097061,8514
4.21414208412,8513
4.22319698334,8512
4.231580019,8511
4.23448705673,8510
4.23615098,8509
4.23785805702,8508
4.24231815338,8507
4.24647712708,8506
4.24744796753,8505
4.24910902977,8504
4.25264000893,8503
4.26138210297,8502
4.26212501526,8501
4.26427698135,8500
4.2717871666,8499
4.27894806862,8498
4.27944397926,8497
4.28213810921,8496
4.29185605049,8495
4.29289317131,8494
4.29403614998,8493
4.29491400719,8492
4.29692316055,8491
4.30475211143,8490
4.30753302574,8489
4.31013202667,8488
4.31128311157,8487
4.31581711769,8486
4.31669807434,8485
4.31784200668,8484
4.32055711746,8483
4.32582807541,8482
4.32891106606,8481
4.34530496597,8480
4.34823107719,8479
4.3493039608,8478
4.36236810684,8477
4.37657594681,8476
4.38181209564,8475
4.39100003242,8474
4.39812207222,8473
4.40048003197,8472
4.40173196793,8471
4.4033510685,8470
4.40886998177,8469
4.41163396835,8468
4.42004609108,8467
4.42917513847,8466
4.4307539463,8465
4.43491911888,8464
4.43626499176,8463
4.43804001808,8462
4.43850898743,8461
4.4569311142,8460
4.45779013634,8459
4.45826506615,8458
4.45912694931,8457
4.46631503105,8456
4.46737313271,8455
4.46869802475,8454
4.47537398338,8453
4.47917294502,8452
4.48032808304,8451
4.48350095749,8450
4.48865699768,8449
4.49031400681,8448
4.49207806587,8447
4.49256896973,8446
4.49620604515,8445
4.5026371479,8444
4.50620794296,8443
4.51371002197,8442
4.51780796051,8441
4.52467393875,8440
4.52852797508,8439
4.52907800674,8438
4.5303030014,8437
4.53804397583,8436
4.53937315941,8435
4.54513311386,8434
4.54580211639,8433
4.54663705826,8432
4.55498504639,8431
4.57481408119,8430
4.57560300827,8429
4.57776212692,8428
4.5792889595,8427
4.58380699158,8426
4.58676695824,8425
4.59780812263,8424
4.60207295418,8423
4.60837602615,8422
4.60981798172,8421
4.61502099037,8420
4.61593294144,8419
4.61842393875,8418
4.62892103195,8417
4.63053607941,8416
4.63213205338,8415
4.64059209824,8414
4.64342212677,8413
4.64603495598,8412
4.65070295334,8411
4.65591311455,8410
4.66119194031,8409
4.66368293762,8408
4.66646504402,8407
4.67912316322,8406
4.67985916138,8405
4.68623113632,8404
4.69022512436,8403
4.69739103317,8402
4.70150709152,8401
4.7116830349,8400
4.71275806427,8399
4.71640205383,8398
4.71788215637,8397
4.73098516464,8396
4.74306106567,8395
4.74731111526,8394
4.75178408623,8393
4.75763607025,8392
4.75870704651,8391
4.76065897942,8390
4.77126407623,8389
4.78420615196,8388
4.78689908981,8387
4.79036617279,8386
4.79806113243,8385
4.79875612259,8384
4.8049659729,8383
4.80683612823,8382
4.81052398682,8381
4.82059311867,8380
4.82388305664,8379
4.82467007637,8378
4.83358311653,8377
4.83577513695,8376
4.84087014198,8375
4.84644913673,8374
4.85103201866,8373
4.85692310333,8372
4.86799502373,8371
4.87676906586,8370
4.87943911552,8369
4.88078117371,8368
4.88495707512,8367
4.89111995697,8366
4.90154409409,8365
4.92411708832,8364
4.92621397972,8363
4.92719602585,8362
4.92892003059,8361
4.92983794212,8360
4.93976306915,8359
4.9529671669,8358
4.95370101929,8357
4.96583294868,8356
4.96935009956,8355
4.97670507431,8354
4.97847414017,8353
4.98339104652,8352
4.98568296432,8351
4.99026703835,8350
4.9988629818,8349
5.00295901299,8348
5.01056599617,8347
5.01763296127,8346
5.02096414566,8345
5.021474123,8344
5.03050613403,8343
5.03633499146,8342
5.03767108917,8341
5.04340195656,8340
5.05702495575,8339
5.06502509117,8338
5.07009315491,8337
5.07056307793,8336
5.07801508904,8335
5.08754014969,8334
5.08931207657,8333
5.09892416,8332
5.09976601601,8331
5.10518503189,8330
5.10674405098,8329
5.11070013046,8328
5.11935210228,8327
5.13142514229,8326
5.13251709938,8325
5.14856505394,8324
5.1563680172,8323
5.16075801849,8322
5.16846704483,8321
5.1697371006,8320
5.17381811142,8319
5.19456505775,8318
5.19718408585,8317
5.19997596741,8316
5.20249199867,8315
5.2069041729,8314
5.21553516388,8313
5.22089314461,8312
5.22726798058,8311
5.23774695396,8310
5.24112796783,8309
5.25307512283,8308
5.25710511208,8307
5.25759506226,8306
5.26504516602,8305
5.2708940506,8304
5.27250003815,8303
5.2807469368,8302
5.28895306587,8301
5.28978705406,8300
5.29101896286,8299
5.29347896576,8298
5.30424308777,8297
5.3068151474,8296
5.31424713135,8295
5.32067608833,8294
5.33043193817,8293
5.33279013634,8292
5.33404994011,8291
5.34278011322,8290
5.34750008583,8289
5.34932017326,8288
5.35315394402,8287
5.36190009117,8286
5.36873316765,8285
5.3755171299,8284
5.37604403496,8283
5.38281202316,8282
5.38487911224,8281
5.3943631649,8280
5.40002894402,8279
5.40055608749,8278
5.40235996246,8277
5.40317606926,8276
5.40470504761,8275
5.4164121151,8274
5.4184949398,8273
5.43019509315,8272
5.44394016266,8271
5.44544100761,8270
5.45691394806,8269
5.46998310089,8268
5.47247195244,8267
5.47505807877,8266
5.4791469574,8265
5.47961306572,8264
5.48645305634,8263
5.49488902092,8262
5.49539804459,8261
5.49660396576,8260
5.50151610374,8259
5.51347494125,8258
5.51897406578,8257
5.52407407761,8256
5.52537894249,8255
5.52785897255,8254
5.5296690464,8253
5.53448915482,8252
5.54101705551,8251
5.54374909401,8250
5.5445599556,8249
5.54520106316,8248
5.55082416534,8247
5.55186104774,8246
5.57284712791,8245
5.57463216782,8244
5.57566094398,8243
5.57752799988,8242
5.57856202126,8241
5.58509898186,8240
5.60081911087,8239
5.60233712196,8238
5.60381698608,8237
5.60462403297,8236
5.60565900803,8235
5.6102180481,8234
5.61548495293,8233
5.6165201664,8232
5.62243199348,8231
5.62803196907,8230
5.63843297958,8229
5.64129304886,8228
5.65840816498,8227
5.66338706017,8226
5.66425704956,8225
5.66659903526,8224
5.67353105545,8223
5.67521095276,8222
5.68483114243,8221
5.69008302689,8220
5.70099210739,8219
5.70175099373,8218
5.70483016968,8217
5.70795893669,8216
5.70891499519,8215
5.71349716187,8214
5.7192029953,8213
5.71967101097,8212
5.72120213509,8211
5.72398304939,8210
5.73465704918,8209
5.73781299591,8208
5.74907302856,8207
5.75009703636,8206
5.762622118,8205
5.76460909843,8204
5.77248716354,8203
5.77994704247,8202
5.79303503036,8201
5.79350304604,8200
5.800137043,8199
5.80174994469,8198
5.80264616013,8197
5.80358815193,8196
5.80464601517,8195
5.81068897247,8194
5.81448698044,8193
5.82714509964,8192
5.82844495773,8191
5.82890105247,8190
5.83466911316,8189
5.83825802803,8188
5.85652112961,8187
5.86269617081,8186
5.89142513275,8185
5.9040081501,8184
5.90897297859,8183
5.94523000717,8182
5.94700694084,8181
5.94748616219,8180
5.95274209976,8179
5.95863103867,8178
5.97016906738,8177
5.9792971611,8176
5.98109102249,8175
5.98817110062,8174
5.98982095718,8173
5.9915561676,8172
6.02465796471,8171
6.0383939743,8170
6.03990197182,8169
6.04119801521,8168
6.05127596855,8167
6.05290102959,8166
6.06098008156,8165
6.06469511986,8164
6.06620907784,8163
6.0673661232,8162
6.06909513474,8161
6.07661104202,8160
6.0772550106,8159
6.085283041,8158
6.08683109283,8157
6.09873604774,8156
6.11322999001,8155
6.1161711216,8154
6.11682105064,8153
6.11832404137,8152
6.12516903877,8151
6.12818098068,8150
6.13107800484,8149
6.13502812386,8148
6.14030504227,8147
6.1420750618,8146
6.14259600639,8145
6.15177416801,8144
6.15313911438,8143
6.16321206093,8142
6.16593313217,8141
6.16980814934,8140
6.17071509361,8139
6.17298007011,8138
6.17383003235,8137
6.1752910614,8136
6.18284106255,8135
6.18435716629,8134
6.1977519989,8133
6.20134401321,8132
6.20702910423,8131
6.21980500221,8130
6.22403907776,8129
6.23473906517,8128
6.24251508713,8127
6.25477194786,8126
6.29076600075,8125
6.29298996925,8124
6.31205105782,8123
6.31399512291,8122
6.31597304344,8121
6.32650709152,8120
6.33113217354,8119
6.33349704742,8118
6.3420779705,8117
6.34299612045,8116
6.35126709938,8115
6.36163306236,8114
6.36268401146,8113
6.36631894112,8112
6.36730313301,8111
6.369328022,8110
6.37635207176,8109
6.38182401657,8108
6.38440108299,8107
6.39065909386,8106
6.4015891552,8105
6.40574812889,8104
6.40625214577,8103
6.44369697571,8102
6.4469139576,8101
6.45081400871,8100
6.46804904938,8099
6.47757601738,8098
6.47996997833,8097
6.49307608604,8096
6.49479007721,8095
6.54340410233,8094
6.55533409119,8093
6.5559129715,8092
6.56655216217,8091
6.57146906853,8090
6.57549500465,8089
6.57805800438,8088
6.57919216156,8087
6.58774209023,8086
6.5921599865,8085
6.59498906136,8084
6.62583613396,8083
6.6716940403,8082
6.67671108246,8081
6.68322610855,8080
6.68578600883,8079
6.69762516022,8078
6.7034881115,8077
6.72044110298,8076
6.72885203362,8075
6.73056602478,8074
6.73796200752,8073
6.73843002319,8072
6.74006295204,8071
6.74072313309,8070
6.7456870079,8069
6.74694800377,8068
6.75088310242,8067
6.7521340847,8066
6.76348900795,8065
6.76521396637,8064
6.77127695084,8063
6.77290010452,8062
6.77434301376,8061
6.77693104744,8060
6.77741003036,8059
6.78174209595,8058
6.80091404915,8057
6.80451893806,8056
6.80496907234,8055
6.81224107742,8054
6.81862902641,8053
6.81968212128,8052
6.82159495354,8051
6.83557605743,8050
6.8362569809,8049
6.84575605392,8048
6.87907505035,8047
6.87952303886,8046
6.8801381588,8045
6.88156795502,8044
6.88382601738,8043
6.90969109535,8042
6.92814302444,8041
6.92894697189,8040
6.9333729744,8039
6.93571996689,8038
6.94090294838,8037
6.94269704819,8036
6.94929695129,8035
6.95135712624,8034
6.96509695053,8033
6.9859161377,8032
6.99292707443,8031
6.9984099865,8030
6.99885296822,8029
7.00360512733,8028
7.0080871582,8027
7.01168894768,8026
7.02789115906,8025
7.03137016296,8024
7.04156899452,8023
7.04791903496,8022
7.0749130249,8021
7.08681297302,8020
7.08822894096,8019
7.09316802025,8018
7.09687209129,8017
7.10892796516,8016
7.11452913284,8015
7.12865209579,8014
7.13800096512,8013
7.16097617149,8012
7.16323208809,8011
7.16669416428,8010
7.17089295387,8009
7.18548798561,8008
7.18685007095,8007
7.1942281723,8006
7.19664096832,8005
7.20156002045,8004
7.21114206314,8003
7.2197060585,8002
7.22254014015,8001
7.22574996948,8000
7.23170399666,7999
7.2372610569,7998
7.24185299873,7997
7.24909496307,7996
7.25305914879,7995
7.26241612434,7994
7.26425504684,7993
7.26818108559,7992
7.28183412552,7991
7.28626394272,7990
7.31239700317,7989
7.31284809113,7988
7.34110713005,7987
7.35001516342,7986
7.36697506905,7985
7.3685259819,7984
7.37568116188,7983
7.3834810257,7982
7.4968931675,7981
7.50421714783,7980
7.508259058,7979
7.52914714813,7978
7.53696608543,7977
7.54040193558,7976
7.55036211014,7975
7.57031202316,7974
7.58337903023,7973
7.59025406837,7972
7.59408116341,7971
7.59451794624,7970
7.60385799408,7969
7.60893201828,7968
7.62796497345,7967
7.63230609894,7966
7.64940214157,7965
7.65086913109,7964
7.65784096718,7963
7.66622710228,7962
7.69005894661,7961
7.6952021122,7960
7.71771001816,7959
7.74399209023,7958
7.76862597466,7957
7.77168703079,7956
7.79773616791,7955
7.82405304909,7954
7.85625815392,7953
7.86114001274,7952
7.91947793961,7951
7.94483804703,7950
7.97060203552,7949
7.97217011452,7948
7.97654700279,7947
7.98772597313,7946
8.00109195709,7945
8.0027410984,7944
8.01756596565,7943
8.02015709877,7942
8.03087806702,7941
8.03361415863,7940
8.04370594025,7939
8.04487895966,7938
8.06547117233,7937
8.08061504364,7936
8.16036701202,7935
8.16609096527,7934
8.1675491333,7933
8.16868114471,7932
8.17079997063,7931
8.18332409859,7930
8.18659710884,7929
8.20599198341,7928
8.22252416611,7927
8.22403407097,7926
8.23384094238,7925
8.23536705971,7924
8.24486708641,7923
8.26277112961,7922
8.26739311218,7921
8.27887010574,7920
8.28098917007,7919
8.28340411186,7918
8.29353094101,7917
8.30778813362,7916
8.32845115662,7915
8.35639595985,7914
8.36889815331,7913
8.37480306625,7912
8.37913012505,7911
8.41073298454,7910
8.41797995567,7909
8.44846010208,7908
8.46754693985,7907
8.47296094894,7906
8.47404909134,7905
8.49180316925,7904
8.49442815781,7903
8.49534416199,7902
8.50375008583,7901
8.51870703697,7900
8.51968407631,7899
8.52038598061,7898
8.54052209854,7897
8.54139614105,7896
8.54526209831,7895
8.55091404915,7894
8.55133509636,7893
8.55782914162,7892
8.56065011024,7891
8.5750310421,7890
8.58337903023,7889
8.59433412552,7888
8.59878802299,7887
8.60571098328,7886
8.61447095871,7885
8.63213801384,7884
8.63504695892,7883
8.69299912453,7882
8.69652700424,7881
8.70272994041,7880
8.73673415184,7879
8.7603161335,7878
8.78451609612,7877
8.8407189846,7876
8.86578202248,7875
8.88252711296,7874
8.89191412926,7873
8.89807510376,7872
8.93690514565,7871
8.94076609612,7870
8.9545071125,7869
8.97535705566,7868
8.97794294357,7867
8.9812810421,7866
9.00262117386,7865
9.01160907745,7864
9.04085898399,7863
9.0465400219,7862
9.05279397964,7861
9.06304597855,7860
9.06590914726,7859
9.07558298111,7858
9.07727503777,7857
9.09269404411,7856
9.09941411018,7855
9.10059714317,7854
9.1076259613,7853
9.1124329567,7852
9.11712694168,7851
9.13368201256,7850
9.15481996536,7849
9.15962004662,7848
9.16667413712,7847
9.17082810402,7846
9.18740510941,7845
9.18781208992,7844
9.20655202866,7843
9.21634316444,7842
9.22330594063,7841
9.22812509537,7840
9.24044895172,7839
9.24351596832,7838
9.25992202759,7837
9.26811099052,7836
9.28096604347,7835
9.28452515602,7834
9.28667402267,7833
9.28816413879,7832
9.29435801506,7831
9.29497408867,7830
9.30576705933,7829
9.32034301758,7828
9.33304405212,7827
9.33426499367,7826
9.33513712883,7825
9.34813094139,7824
9.3643989563,7823
9.37475705147,7822
9.40410494804,7821
9.41571211815,7820
9.43869495392,7819
9.44953799248,7818
9.45664715767,7817
9.46728110313,7816
9.49024701118,7815
9.49611210823,7814
9.50135993958,7813
9.50362300873,7812
9.51887512207,7811
9.53669905663,7810
9.5425131321,7809
9.58120894432,7808
9.59098410606,7807
9.60776495934,7806
9.61172413826,7805
9.62536501884,7804
9.63411307335,7803
9.6428899765,7802
9.64802312851,7801
9.66436505318,7800
9.67698907852,7799
9.67838716507,7798
9.7066681385,7797
9.70721817017,7796
9.70825815201,7795
9.71542596817,7794
9.73039913177,7793
9.7436709404,7792
9.75411105156,7791
9.76583194733,7790
9.78299307823,7789
9.79079294205,7788
9.81400203705,7787
9.83263707161,7786
9.83304405212,7785
9.88029909134,7784
9.89688611031,7783
9.89865398407,7782
9.96978998184,7781
9.97535395622,7780
9.99029397964,7779
9.99366116524,7778
10.028247118,7777
10.0321731567,7776
10.0484790802,7775
10.0731551647,7774
10.0757870674,7773
10.120360136,7772
10.1496331692,7771
10.2137711048,7770
10.23320508,7769
10.2423400879,7768
10.2533550262,7767
10.2683041096,7766
10.3172581196,7765
10.3387629986,7764
10.368735075,7763
10.4679620266,7762
10.4746320248,7761
10.5187530518,7760
10.5264401436,7759
10.5348200798,7758
10.5378210545,7757
10.5426931381,7756
10.569822073,7755
10.6269659996,7754
10.6770961285,7753
10.7519659996,7752
10.7759180069,7751
10.8201570511,7750
10.8282699585,7749
10.840129137,7748
10.8620491028,7747
10.8709721565,7746
10.8745801449,7745
10.9715850353,7744
10.9792351723,7743
10.9876360893,7742
11.0115380287,7741
11.065351963,7740
11.0687100887,7739
11.0933201313,7738
11.1024949551,7737
11.1413960457,7736
11.1669721603,7735
11.1726000309,7734
11.1851360798,7733
11.1941809654,7732
11.2160749435,7731
11.2329909801,7730
11.249434948,7729
11.2750580311,7728
11.3331730366,7727
11.3423581123,7726
11.3960540295,7725
11.4539539814,7724
11.4591341019,7723
11.51501894,7722
11.5184781551,7721
11.5427341461,7720
11.5532801151,7719
11.5678119659,7718
11.5765271187,7717
11.5884001255,7716
11.6008851528,7715
11.6091721058,7714
11.6441340446,7713
11.6569900513,7712
11.6721320152,7711
11.6963019371,7710
11.702064991,7709
11.8216161728,7708
11.8316681385,7707
11.8989090919,7706
11.9048819542,7705
11.9071831703,7704
11.926897049,7703
11.9327540398,7702
11.9600040913,7701
11.9626040459,7700
11.9678020477,7699
11.979954958,7698
12.0151319504,7697
12.1159951687,7696
12.1655869484,7695
12.1791329384,7694
12.1802830696,7693
12.1914000511,7692
12.2057771683,7691
12.2163300514,7690
12.2332661152,7689
12.3081669807,7688
12.4369981289,7687
12.47625494,7686
12.5013711452,7685
12.5239760876,7684
12.5647039413,7683
12.6435201168,7682
12.6501829624,7681
12.6596281528,7680
12.6800379753,7679
12.7632441521,7678
12.7722811699,7677
12.7979371548,7676
12.9429590702,7675
13.0759630203,7674
13.0768671036,7673
13.2697560787,7672
13.2759189606,7671
13.2810029984,7670
13.3208520412,7669
13.4349310398,7668
13.457515955,7667
13.5048811436,7666
13.5194721222,7665
13.5344619751,7664
13.5515229702,7663
13.552421093,7662
13.6022479534,7661
13.6146030426,7660
13.6779780388,7659
13.7380239964,7658
13.752671957,7657
13.7623529434,7656
13.7670991421,7655
13.9018640518,7654
13.9569571018,7653
13.9634721279,7652
13.9682700634,7651
13.9934091568,7650
14.0043821335,7649
14.0061311722,7648
14.0562860966,7647
14.0722770691,7646
14.1369450092,7645
14.1935679913,7644
14.242344141,7643
14.3666901588,7642
14.3696870804,7641
14.6531980038,7640
14.769865036,7639
14.8434729576,7638
14.89331007,7637
15.0023400784,7636
15.008562088,7635
15.0212669373,7634
15.1085760593,7633
15.1414339542,7632
15.1688430309,7631
15.2810251713,7630
15.3276190758,7629
15.5877189636,7628
15.61424613,7627
15.6318869591,7626
15.6944451332,7625
15.7405259609,7624
15.7773239613,7623
15.7920789719,7622
15.8597431183,7621
15.9067490101,7620
15.9416601658,7619
15.9491410255,7618
15.9627790451,7617
15.9640591145,7616
16.0980770588,7615
16.1906969547,7614
16.3413341045,7613
16.3458819389,7612
16.5185351372,7611
16.5599689484,7610
16.7861380577,7609
16.9117841721,7608
17.0966770649,7607
17.1183769703,7606
17.1241800785,7605
17.5469081402,7604
17.6903340816,7603
18.0521230698,7602
18.1601209641,7601
18.1793220043,7600
18.4230799675,7599
18.5753669739,7598
18.6601901054,7597
18.8389480114,7596
18.8624761105,7595
18.9239301682,7594
18.9691200256,7593
19.1402511597,7592
19.3203811646,7591
19.3249089718,7590
19.3472070694,7589
19.555341959,7588
19.5698840618,7587
19.9119570255,7586
19.9143240452,7585
19.979968071,7584
19.9965560436,7583
20.111353159,7582
20.1523211002,7581
20.2955961227,7580
20.5470881462,7579
20.5684521198,7578
20.7910671234,7577
20.9271140099,7576
20.9401831627,7575
21.2328209877,7574
21.269865036,7573
21.2736051083,7572
21.7619659901,7571
21.7930080891,7570
21.9944839478,7569
36.736451149,7568
36.9350061417,7567
37.0630540848,7566
37.6586740017,7565
38.1171221733,7564
38.1802141666,7563
38.3152251244,7562
38.5400640965,7561
39.208698988,7560
39.2542109489,7559
39.6322431564,7558
39.9538600445,7557
41.1488361359,7556
41.4587669373,7555
41.9976379871,7554
42.5149619579,7553
53.44354105,7552
53.5568830967,7551
53.6366209984,7550
53.9624290466,7549
54.0293190479,7548
54.2276461124,7547
55.0426681042,7546
55.267111063,7545
55.300369978,7544
55.3281111717,7543
55.393969059,7542
55.7708570957,7541
56.1264910698,7540
56.4667401314,7539
56.5067341328,7538
57.0810370445,7537
57.5125441551,7536
57.7039890289,7535
58.3858640194,7534
60.1684119701,7533
64.3210191727,7532
159.73993516,7531
160.181103945,7530
160.273033142,7529
161.012962103,7528
161.650696039,7527
162.4414711,7526
165.449013948,7525
166.057780981,7524
166.416192055,7523
168.136118174,7522
168.668100119,7521
170.31517911,7520
185.639541149,7519
185.824186087,7518
186.048799992,7517
186.660187006,7516
188.056996107,7515
190.876773119,7514
207.511750937,7513
207.539644957,7512
208.395985126,7511
210.469499111,7510
210.786103964,7509
213.275412083,7508
224.797014952,7507
225.305026054,7506
225.401826143,7505
225.649600983,7504
225.846102953,7503
225.952780008,7502
226.290354013,7501
226.618855953,7500
226.882707119,7499
226.902215958,7498
227.088366032,7497
228.012276173,7496
228.654888153,7495
228.690364122,7494
228.742609024,7493
231.337785006,7492
232.481878042,7491
234.495764971,7490
234.518665075,7489
271.102653027,7488
272.198582172,7487
272.286889076,7486
272.663685083,7485
272.773910999,7484
273.353009939,7483
274.277006149,7482
275.948464155,7481
276.037130117,7480
277.205449104,7479
293.807806969,7478
294.183146954,7477
294.477798939,7476
295.227707148,7475
296.633240938,7474
298.60067296,7473
298.974216938,7472
299.18722415,7471
319.58288908,7470
319.811988115,7469
320.031536102,7468
363.823523998,7467
385.437602043,7466
424.711833954,7465
424.747589111,7464
424.75831008,7463
426.509485006,7462
