0.0919411182404,11022
0.0927529335022,11021
0.0932590961456,11020
0.0936839580536,11019
0.0942039489746,11018
0.0947120189667,11017
0.0951719284058,11016
0.095822095871,11015
0.0963160991669,11014
0.0968000888824,11013
0.0972781181335,11012
0.0977380275726,11011
0.0986750125885,11010
0.0995800495148,11009
0.100451946259,11008
0.101226091385,11007
0.10174202919,11006
0.102412939072,11005
0.102924108505,11004
0.10339307785,11003
0.10385799408,11002
0.10470700264,11001
0.10538315773,11000
0.1060359478,10999
0.106729030609,10998
0.107227087021,10997
0.107721090317,10996
0.108505010605,10995
0.108925104141,10994
0.109404087067,10993
0.109913110733,10992
0.110438108444,10991
0.110973119736,10990
0.111658096313,10989
0.112069129944,10988
0.112798929214,10987
0.113466978073,10986
0.113975048065,10985
0.114581108093,10984
0.115159988403,10983
0.115941047668,10982
0.116438150406,10981
0.117228031158,10980
0.117969036102,10979
0.118469953537,10978
0.119290113449,10977
0.119765996933,10976
0.120351076126,10975
0.121160030365,10974
0.121650934219,10973
0.122329950333,10972
0.122820138931,10971
0.123326063156,10970
0.12402009964,10969
0.124956130981,10968
0.125407934189,10967
0.126259088516,10966
0.12672495842,10965
0.12739610672,10964
0.128977060318,10963
0.130159139633,10962
0.130980968475,10961
0.132168054581,10960
0.132790088654,10959
0.133916139603,10958
0.135074138641,10957
0.135576963425,10956
0.136042118073,10955
0.136544942856,10954
0.137192964554,10953
0.137791156769,10952
0.138687133789,10951
0.139348983765,10950
0.140071153641,10949
0.140570163727,10948
0.141056060791,10947
0.141971111298,10946
0.142480134964,10945
0.143187999725,10944
0.14399600029,10943
0.144441127777,10942
0.144924163818,10941
0.145399093628,10940
0.145909070969,10939
0.146584033966,10938
0.147094964981,10937
0.147967100143,10936
0.14870095253,10935
0.149196147919,10934
0.150292158127,10933
0.150948047638,10932
0.151453971863,10931
0.15194106102,10930
0.152456998825,10929
0.15296792984,10928
0.153823137283,10927
0.15447807312,10926
0.155388116837,10925
0.15608716011,10924
0.156576156616,10923
0.1573741436,10922
0.157860994339,10921
0.15866112709,10920
0.15949511528,10919
0.160323143005,10918
0.160716056824,10917
0.161401987076,10916
0.161886930466,10915
0.162730932236,10914
0.163228988647,10913
0.164006948471,10912
0.165303945541,10911
0.165756940842,10910
0.166254043579,10909
0.167242050171,10908
0.167660951614,10907
0.168516159058,10906
0.169018983841,10905
0.169505119324,10904
0.170241117477,10903
0.170727968216,10902
0.171581029892,10901
0.172074079514,10900
0.172523975372,10899
0.173231124878,10898
0.173807144165,10897
0.174613952637,10896
0.17552614212,10895
0.176172971725,10894
0.176818132401,10893
0.177332162857,10892
0.177739143372,10891
0.178394079208,10890
0.179494142532,10889
0.180400133133,10888
0.180909156799,10887
0.181743144989,10886
0.182222127914,10885
0.182709932327,10884
0.18353509903,10883
0.184360980988,10882
0.185150146484,10881
0.185935974121,10880
0.186793088913,10879
0.187655925751,10878
0.188112974167,10877
0.189185142517,10876
0.190071105957,10875
0.190505027771,10874
0.191344022751,10873
0.191775083542,10872
0.192281961441,10871
0.192786931992,10870
0.193217039108,10869
0.193922996521,10868
0.19464302063,10867
0.195377111435,10866
0.195871114731,10865
0.196618080139,10864
0.197109937668,10863
0.197849035263,10862
0.198562145233,10861
0.199409008026,10860
0.199883937836,10859
0.200371026993,10858
0.201216936111,10857
0.201714992523,10856
0.202213048935,10855
0.203140974045,10854
0.203635931015,10853
0.204380989075,10852
0.204807043076,10851
0.205314159393,10850
0.206457138062,10849
0.206897974014,10848
0.207383155823,10847
0.208019018173,10846
0.208889007568,10845
0.209327936172,10844
0.209834098816,10843
0.210608959198,10842
0.211135149002,10841
0.212015151978,10840
0.212468147278,10839
0.212916135788,10838
0.213429927826,10837
0.214229106903,10836
0.214880943298,10835
0.215662002563,10834
0.21616601944,10833
0.216673135757,10832
0.217184066772,10831
0.21767115593,10830
0.218683004379,10829
0.219498157501,10828
0.220351934433,10827
0.222350120544,10826
0.222836971283,10825
0.223339080811,10824
0.224219083786,10823
0.224713087082,10822
0.225525140762,10821
0.22614812851,10820
0.226943969727,10819
0.227870941162,10818
0.229158163071,10817
0.23092007637,10816
0.232147932053,10815
0.232891082764,10814
0.233600139618,10813
0.234493017197,10812
0.235022068024,10811
0.235502958298,10810
0.236279964447,10809
0.237071037292,10808
0.23762011528,10807
0.238309144974,10806
0.238743066788,10805
0.239377975464,10804
0.23980307579,10803
0.240638017654,10802
0.241441965103,10801
0.242069959641,10800
0.242560148239,10799
0.243005990982,10798
0.243456125259,10797
0.244491100311,10796
0.245128154755,10795
0.245609045029,10794
0.246669054031,10793
0.247539043427,10792
0.248019933701,10791
0.248767137527,10790
0.249743938446,10789
0.250689029694,10788
0.251574039459,10787
0.252371072769,10786
0.253020048141,10785
0.253524065018,10784
0.25417804718,10783
0.255500078201,10782
0.256364107132,10781
0.256843090057,10780
0.257578134537,10779
0.258350133896,10778
0.259060144424,10777
0.259928941727,10776
0.26038813591,10775
0.261191129684,10774
0.2616751194,10773
0.262156009674,10772
0.263040065765,10771
0.263551950455,10770
0.264225959778,10769
0.264915943146,10768
0.265413045883,10767
0.265888929367,10766
0.266674041748,10765
0.267153978348,10764
0.268324136734,10763
0.269232988358,10762
0.269932985306,10761
0.270609140396,10760
0.271118164062,10759
0.271595954895,10758
0.272083997726,10757
0.272582054138,10756
0.273079156876,10755
0.273925065994,10754
0.274439096451,10753
0.275244951248,10752
0.27596116066,10751
0.276643037796,10750
0.277498006821,10749
0.278002023697,10748
0.278675079346,10747
0.279222011566,10746
0.280080080032,10745
0.280815124512,10744
0.281270027161,10743
0.281980991364,10742
0.282639980316,10741
0.28334903717,10740
0.283973932266,10739
0.284476041794,10738
0.285083055496,10737
0.285583019257,10736
0.286499023438,10735
0.287308931351,10734
0.287795066833,10733
0.28871011734,10732
0.289844036102,10731
0.290301084518,10730
0.291114091873,10729
0.29249215126,10728
0.293146133423,10727
0.293794155121,10726
0.29444694519,10725
0.295248985291,10724
0.297152996063,10723
0.297944068909,10722
0.298855066299,10721
0.299241065979,10720
0.300055027008,10719
0.300826072693,10718
0.301326036453,10717
0.302258014679,10716
0.303738117218,10715
0.304157972336,10714
0.304645061493,10713
0.305140018463,10712
0.305882930756,10711
0.306383132935,10710
0.306861162186,10709
0.307458162308,10708
0.308105945587,10707
0.308611154556,10706
0.309237003326,10705
0.309684038162,10704
0.310099124908,10703
0.310497999191,10702
0.311080932617,10701
0.31195807457,10700
0.312397003174,10699
0.313679933548,10698
0.314749956131,10697
0.315629005432,10696
0.316085100174,10695
0.316560983658,10694
0.317412137985,10693
0.318144083023,10692
0.318836927414,10691
0.319613933563,10690
0.320016145706,10689
0.321126937866,10688
0.321613073349,10687
0.322107076645,10686
0.322561979294,10685
0.323040008545,10684
0.323529958725,10683
0.323984146118,10682
0.324681043625,10681
0.325353145599,10680
0.326374053955,10679
0.326858043671,10678
0.328097105026,10677
0.32884311676,10676
0.329410076141,10675
0.329936981201,10674
0.331779956818,10673
0.333091974258,10672
0.334157943726,10671
0.334723949432,10670
0.335807085037,10669
0.336863994598,10668
0.33781504631,10667
0.338415145874,10666
0.339875936508,10665
0.340459108353,10664
0.340924978256,10663
0.341366052628,10662
0.342245101929,10661
0.343929052353,10660
0.344419956207,10659
0.345101118088,10658
0.345592021942,10657
0.346100091934,10656
0.346600055695,10655
0.348520994186,10654
0.350248098373,10653
0.352072000504,10652
0.352919101715,10651
0.35372710228,10650
0.354498147964,10649
0.354983091354,10648
0.355608940125,10647
0.356255054474,10646
0.357120990753,10645
0.35760807991,10644
0.358258962631,10643
0.358735084534,10642
0.359596014023,10641
0.360013961792,10640
0.360621929169,10639
0.361101150513,10638
0.361603021622,10637
0.362084150314,10636
0.362486124039,10635
0.363852977753,10634
0.364561080933,10633
0.365293979645,10632
0.365797996521,10631
0.366428136826,10630
0.366891145706,10629
0.370155096054,10628
0.370605945587,10627
0.37145113945,10626
0.371853113174,10625
0.372615098953,10624
0.373096942902,10623
0.374808073044,10622
0.375674009323,10621
0.376172065735,10620
0.378021001816,10619
0.378694057465,10618
0.379477977753,10617
0.379919052124,10616
0.38077712059,10615
0.381160974503,10614
0.38171005249,10613
0.382477998734,10612
0.383374929428,10611
0.383872032166,10610
0.38436293602,10609
0.385637044907,10608
0.386115074158,10607
0.386605978012,10606
0.3872859478,10605
0.387787103653,10604
0.388271093369,10603
0.389168024063,10602
0.389610052109,10601
0.391210079193,10600
0.392318964005,10599
0.393089056015,10598
0.393836021423,10597
0.394748926163,10596
0.395584106445,10595
0.396579027176,10594
0.397073984146,10593
0.397881031036,10592
0.398373126984,10591
0.39887213707,10590
0.39953994751,10589
0.400856971741,10588
0.401360034943,10587
0.402236938477,10586
0.402694940567,10585
0.403146028519,10584
0.404245138168,10583
0.404999017715,10582
0.406379938126,10581
0.407937049866,10580
0.408828020096,10579
0.409259080887,10578
0.410272121429,10577
0.410797119141,10576
0.412302970886,10575
0.412796020508,10574
0.413249015808,10573
0.413727998734,10572
0.415446043015,10571
0.415863990784,10570
0.416507005692,10569
0.417199134827,10568
0.417705059052,10567
0.418189048767,10566
0.419063091278,10565
0.419507980347,10564
0.419934988022,10563
0.420424938202,10562
0.421157121658,10561
0.421946048737,10560
0.422452926636,10559
0.423433065414,10558
0.42388510704,10557
0.424659967422,10556
0.425384044647,10555
0.426205158234,10554
0.427618980408,10553
0.428115129471,10552
0.429801940918,10551
0.431563138962,10550
0.43355512619,10549
0.434375047684,10548
0.435588121414,10547
0.436100959778,10546
0.436856985092,10545
0.43820309639,10544
0.438678026199,10543
0.439162969589,10542
0.44038105011,10541
0.441465139389,10540
0.44248509407,10539
0.44451212883,10538
0.445018053055,10537
0.446265935898,10536
0.447509050369,10535
0.448744058609,10534
0.449568986893,10533
0.450273036957,10532
0.451503038406,10531
0.452033996582,10530
0.45271897316,10529
0.45349407196,10528
0.454180955887,10527
0.454679012299,10526
0.456758022308,10525
0.458579063416,10524
0.459068059921,10523
0.459490060806,10522
0.459978103638,10521
0.460854053497,10520
0.461689949036,10519
0.463747024536,10518
0.464484930038,10517
0.465155124664,10516
0.46564412117,10515
0.467209100723,10514
0.468104124069,10513
0.469886064529,10512
0.470343112946,10511
0.470844984055,10510
0.471644163132,10509
0.472281932831,10508
0.473572015762,10507
0.474086046219,10506
0.47462105751,10505
0.475121021271,10504
0.475968122482,10503
0.476664066315,10502
0.47872710228,10501
0.479609012604,10500
0.480551958084,10499
0.481367111206,10498
0.482756137848,10497
0.483199119568,10496
0.484557151794,10495
0.485002040863,10494
0.486176967621,10493
0.486804962158,10492
0.48729801178,10491
0.489875078201,10490
0.490365982056,10489
0.491037130356,10488
0.49156999588,10487
0.492406129837,10486
0.493416070938,10485
0.493828058243,10484
0.495463132858,10483
0.496771097183,10482
0.49777007103,10481
0.498461008072,10480
0.498957157135,10479
0.49958896637,10478
0.501693964005,10477
0.50285410881,10476
0.504420042038,10475
0.504909992218,10474
0.505592107773,10473
0.506088018417,10472
0.506850004196,10471
0.507708072662,10470
0.508589982986,10469
0.509191989899,10468
0.510683059692,10467
0.511587142944,10466
0.513090133667,10465
0.513529062271,10464
0.515155076981,10463
0.515608072281,10462
0.51753115654,10461
0.518811941147,10460
0.519294977188,10459
0.519863128662,10458
0.520938158035,10457
0.521671056747,10456
0.522408008575,10455
0.523667097092,10454
0.524397134781,10453
0.525340080261,10452
0.526304960251,10451
0.526906013489,10450
0.528830051422,10449
0.529803037643,10448
0.530591011047,10447
0.53203701973,10446
0.533129930496,10445
0.53366112709,10444
0.536827087402,10443
0.538255929947,10442
0.540102005005,10441
0.540614128113,10440
0.541262149811,10439
0.542232990265,10438
0.543097019196,10437
0.543607950211,10436
0.546895027161,10435
0.548108100891,10434
0.549246072769,10433
0.549993991852,10432
0.550717115402,10431
0.551643133163,10430
0.552670955658,10429
0.553135156631,10428
0.553993940353,10427
0.554743051529,10426
0.555866003036,10425
0.556357145309,10424
0.556908130646,10423
0.557361125946,10422
0.55824303627,10421
0.558876037598,10420
0.560776948929,10419
0.56149315834,10418
0.563163995743,10417
0.5636241436,10416
0.564088106155,10415
0.564563989639,10414
0.565046072006,10413
0.565534114838,10412
0.56792807579,10411
0.568390130997,10410
0.569837093353,10409
0.571186065674,10408
0.571982145309,10407
0.5733730793,10406
0.573838949203,10405
0.574342012405,10404
0.575469970703,10403
0.575932979584,10402
0.576416969299,10401
0.576949119568,10400
0.577691078186,10399
0.578499078751,10398
0.578981161118,10397
0.580404043198,10396
0.58137011528,10395
0.582916975021,10394
0.583805084229,10393
0.585322141647,10392
0.58599615097,10391
0.586502075195,10390
0.587145090103,10389
0.58816409111,10388
0.590167045593,10387
0.590641975403,10386
0.59109711647,10385
0.591813087463,10384
0.592283964157,10383
0.592931032181,10382
0.593724012375,10381
0.594221115112,10380
0.594695091248,10379
0.595360994339,10378
0.595854997635,10377
0.596320152283,10376
0.599072933197,10375
0.600343942642,10374
0.600818157196,10373
0.601886987686,10372
0.602532148361,10371
0.603173017502,10370
0.603876113892,10369
0.607439994812,10368
0.608360052109,10367
0.608814954758,10366
0.609236001968,10365
0.612884998322,10364
0.613371133804,10363
0.614762067795,10362
0.616368055344,10361
0.617542982101,10360
0.618011951447,10359
0.619965076447,10358
0.620438098907,10357
0.621053934097,10356
0.622364044189,10355
0.624151945114,10354
0.624583005905,10353
0.625072002411,10352
0.628185033798,10351
0.629117012024,10350
0.629691123962,10349
0.63036108017,10348
0.633098125458,10347
0.635890960693,10346
0.63644194603,10345
0.63724899292,10344
0.638680934906,10343
0.639178037643,10342
0.639680147171,10341
0.640092134476,10340
0.641308069229,10339
0.642117023468,10338
0.643094062805,10337
0.643538951874,10336
0.643960952759,10335
0.644526004791,10334
0.645004987717,10333
0.645478010178,10332
0.64737200737,10331
0.648277044296,10330
0.650108098984,10329
0.65096116066,10328
0.651430130005,10327
0.653473138809,10326
0.653952121735,10325
0.655419111252,10324
0.65590596199,10323
0.656383991241,10322
0.656852960587,10321
0.65793800354,10320
0.659172058105,10319
0.660488128662,10318
0.660984992981,10317
0.661472082138,10316
0.661868095398,10315
0.662333965302,10314
0.662822961807,10313
0.663681030273,10312
0.665289163589,10311
0.665954113007,10310
0.666478157043,10309
0.666944980621,10308
0.667632102966,10307
0.66832613945,10306
0.669039964676,10305
0.669858932495,10304
0.670303106308,10303
0.671539068222,10302
0.672019004822,10301
0.672794103622,10300
0.673660039902,10299
0.674514055252,10298
0.67564702034,10297
0.677365064621,10296
0.678040027618,10295
0.679001092911,10294
0.680110931396,10293
0.680593967438,10292
0.681071996689,10291
0.682353019714,10290
0.685142040253,10289
0.686211109161,10288
0.68669295311,10287
0.687186002731,10286
0.688348054886,10285
0.688902139664,10284
0.689509153366,10283
0.690669059753,10282
0.69115114212,10281
0.691619157791,10280
0.692095994949,10279
0.692547082901,10278
0.693367004395,10277
0.693799972534,10276
0.694286108017,10275
0.694709062576,10274
0.695656061172,10273
0.696614980698,10272
0.697875022888,10271
0.698393106461,10270
0.698857069016,10269
0.70063996315,10268
0.701321125031,10267
0.702754974365,10266
0.704960107803,10265
0.705739974976,10264
0.706211090088,10263
0.707777023315,10262
0.708254098892,10261
0.708862066269,10260
0.711338996887,10259
0.711838960648,10258
0.713218927383,10257
0.713670969009,10256
0.714128017426,10255
0.716398000717,10254
0.716904163361,10253
0.717390060425,10252
0.719063043594,10251
0.720857143402,10250
0.721915006638,10249
0.722629070282,10248
0.723711013794,10247
0.724581956863,10246
0.725075960159,10245
0.72621011734,10244
0.727005004883,10243
0.727458953857,10242
0.728590965271,10241
0.729074954987,10240
0.729542016983,10239
0.73131108284,10238
0.733757972717,10237
0.734413146973,10236
0.735237121582,10235
0.736166000366,10234
0.736941099167,10233
0.737427949905,10232
0.738559007645,10231
0.741301059723,10230
0.741779088974,10229
0.742514133453,10228
0.743323087692,10227
0.744375944138,10226
0.745414972305,10225
0.74689412117,10224
0.747986078262,10223
0.748584032059,10222
0.749001026154,10221
0.749809980392,10220
0.750749111176,10219
0.751945972443,10218
0.752768993378,10217
0.753252029419,10216
0.756273031235,10215
0.757070064545,10214
0.75838303566,10213
0.758793115616,10212
0.759256124496,10211
0.759681940079,10210
0.760493040085,10209
0.762134075165,10208
0.762616157532,10207
0.763100147247,10206
0.76390504837,10205
0.764367103577,10204
0.765852928162,10203
0.766628980637,10202
0.767058134079,10201
0.768542051315,10200
0.768984079361,10199
0.770182132721,10198
0.770848035812,10197
0.771953105927,10196
0.772417068481,10195
0.773468017578,10194
0.774781942368,10193
0.775588989258,10192
0.776636123657,10191
0.777120113373,10190
0.777589082718,10189
0.778723955154,10188
0.779341936111,10187
0.779781103134,10186
0.780214071274,10185
0.780677080154,10184
0.78129196167,10183
0.781777143478,10182
0.782251119614,10181
0.782681941986,10180
0.783159971237,10179
0.783632040024,10178
0.78468298912,10177
0.78591799736,10176
0.78639793396,10175
0.788744926453,10174
0.791299104691,10173
0.79603600502,10172
0.797618150711,10171
0.798949956894,10170
0.79979801178,10169
0.801145076752,10168
0.801913022995,10167
0.802907943726,10166
0.80345416069,10165
0.804116010666,10164
0.806360960007,10163
0.806797981262,10162
0.807261943817,10161
0.808134078979,10160
0.808892965317,10159
0.81316614151,10158
0.81361913681,10157
0.815410137177,10156
0.817340135574,10155
0.818485021591,10154
0.819067955017,10153
0.819869041443,10152
0.820613145828,10151
0.821280956268,10150
0.8217689991,10149
0.822237968445,10148
0.822868108749,10147
0.823547124863,10146
0.824340105057,10145
0.827002048492,10144
0.829121112823,10143
0.829745054245,10142
0.830935955048,10141
0.831875085831,10140
0.832946062088,10139
0.835644006729,10138
0.83612203598,10137
0.836971998215,10136
0.837886095047,10135
0.839333057404,10134
0.840317964554,10133
0.840799093246,10132
0.841220140457,10131
0.842460155487,10130
0.844318151474,10129
0.845221996307,10128
0.846699953079,10127
0.84757399559,10126
0.848771095276,10125
0.849406003952,10124
0.849873065948,10123
0.852092027664,10122
0.85536813736,10121
0.856686115265,10120
0.859027147293,10119
0.859499931335,10118
0.86004114151,10117
0.861788988113,10116
0.862390041351,10115
0.862885951996,10114
0.863744020462,10113
0.864396095276,10112
0.865195035934,10111
0.865854024887,10110
0.867139101028,10109
0.87043595314,10108
0.870908021927,10107
0.874974966049,10106
0.875455141068,10105
0.876243114471,10104
0.878268957138,10103
0.878914117813,10102
0.879678010941,10101
0.880159139633,10100
0.880583047867,10099
0.881488084793,10098
0.881948947906,10097
0.882936954498,10096
0.883727073669,10095
0.884202003479,10094
0.884994029999,10093
0.885900974274,10092
0.886554956436,10091
0.887262105942,10090
0.887735128403,10089
0.889596939087,10088
0.890463113785,10087
0.891293048859,10086
0.893687009811,10085
0.894701957703,10084
0.902497053146,10083
0.903084039688,10082
0.903880119324,10081
0.905792951584,10080
0.906984090805,10079
0.908328056335,10078
0.909911155701,10077
0.910436153412,10076
0.911175966263,10075
0.91174197197,10074
0.912812948227,10073
0.91349697113,10072
0.916095018387,10071
0.916631937027,10070
0.917541980743,10069
0.918262958527,10068
0.919077157974,10067
0.920757055283,10066
0.921926021576,10065
0.92355298996,10064
0.924126148224,10063
0.925953149796,10062
0.926429033279,10061
0.927170991898,10060
0.928287029266,10059
0.928952932358,10058
0.929873943329,10057
0.930768966675,10056
0.934846162796,10055
0.93730711937,10054
0.938493967056,10053
0.941195011139,10052
0.942748069763,10051
0.94375705719,10050
0.944208145142,10049
0.944786071777,10048
0.945470094681,10047
0.947390079498,10046
0.951044082642,10045
0.952147006989,10044
0.952960968018,10043
0.954416036606,10042
0.95570397377,10041
0.958187103271,10040
0.959948062897,10039
0.960677146912,10038
0.96115899086,10037
0.964159965515,10036
0.964630126953,10035
0.965095043182,10034
0.965736150742,10033
0.966387987137,10032
0.96749997139,10031
0.968238115311,10030
0.96896314621,10029
0.970111131668,10028
0.970855951309,10027
0.971390008926,10026
0.972260951996,10025
0.972762107849,10024
0.973295927048,10023
0.974040031433,10022
0.975018978119,10021
0.975867986679,10020
0.977896928787,10019
0.979207038879,10018
0.979880094528,10017
0.981912136078,10016
0.982666015625,10015
0.985733032227,10014
0.986601114273,10013
0.98776102066,10012
0.988214969635,10011
0.988839149475,10010
0.989316940308,10009
0.990644931793,10008
0.991414070129,10007
0.991827964783,10006
0.992654085159,10005
0.993119001389,10004
0.994261026382,10003
0.995048999786,10002
0.995882034302,10001
0.997472047806,10000
0.999489068985,9999
1.00016212463,9998
1.00164699554,9997
1.00230407715,9996
1.00289106369,9995
1.00439810753,9994
1.00480794907,9993
1.00527215004,9992
1.00825405121,9991
1.00989413261,9990
1.01036095619,9989
1.01098608971,9988
1.01249313354,9987
1.01296496391,9986
1.0134241581,9985
1.0138399601,9984
1.01540207863,9983
1.01683592796,9982
1.01751303673,9981
1.01820802689,9980
1.02010297775,9979
1.02077007294,9978
1.02239012718,9977
1.02324700356,9976
1.0250210762,9975
1.02573299408,9974
1.02619194984,9973
1.02664995193,9972
1.02770614624,9971
1.02818012238,9970
1.02909708023,9969
1.02957701683,9968
1.03099799156,9967
1.03150510788,9966
1.03277301788,9965
1.03472709656,9964
1.03613901138,9963
1.03827095032,9962
1.03876304626,9961
1.04153108597,9960
1.04322195053,9959
1.04412293434,9958
1.04650592804,9957
1.04767513275,9956
1.04860401154,9955
1.04906010628,9954
1.05031108856,9953
1.05109810829,9952
1.0515639782,9951
1.05217814445,9950
1.05543994904,9949
1.05678200722,9948
1.06046915054,9947
1.06281805038,9946
1.06367206573,9945
1.06445813179,9944
1.06526112556,9943
1.0660879612,9942
1.06673192978,9941
1.06917905807,9940
1.0699441433,9939
1.07098698616,9938
1.07252407074,9937
1.07335209846,9936
1.07424998283,9935
1.07508015633,9934
1.07569599152,9933
1.07672905922,9932
1.07718610764,9931
1.07783913612,9930
1.07832598686,9929
1.07937192917,9928
1.07983708382,9927
1.08048200607,9926
1.08157205582,9925
1.0829679966,9924
1.08404493332,9923
1.08575201035,9922
1.0862300396,9921
1.08669996262,9920
1.08924007416,9919
1.09105801582,9918
1.09191203117,9917
1.09235405922,9916
1.0931251049,9915
1.0941529274,9914
1.09454607964,9913
1.09602403641,9912
1.09733295441,9911
1.09780812263,9910
1.09844493866,9909
1.09891295433,9908
1.10124015808,9907
1.10491704941,9906
1.10586714745,9905
1.10672402382,9904
1.10968708992,9903
1.11388397217,9902
1.11436510086,9901
1.1155860424,9900
1.1164059639,9899
1.11739015579,9898
1.11887693405,9897
1.12006998062,9896
1.12132716179,9895
1.12231993675,9894
1.12277698517,9893
1.12319898605,9892
1.1236140728,9891
1.12409615517,9890
1.12631201744,9889
1.12698197365,9888
1.12954115868,9887
1.12994599342,9886
1.13218092918,9885
1.13282895088,9884
1.13426613808,9883
1.1364710331,9882
1.13746404648,9881
1.13852000237,9880
1.14017605782,9879
1.14065003395,9878
1.14228606224,9877
1.1429810524,9876
1.14696502686,9875
1.14739394188,9874
1.14821004868,9873
1.14868402481,9872
1.15338516235,9871
1.15457010269,9870
1.15553092957,9869
1.15611410141,9868
1.15920615196,9867
1.15963411331,9866
1.16011095047,9865
1.16112613678,9864
1.16390895844,9863
1.16749310493,9862
1.16890597343,9861
1.16991209984,9860
1.17037510872,9859
1.17120909691,9858
1.17207098007,9857
1.17371201515,9856
1.17550110817,9855
1.17620110512,9854
1.17896914482,9853
1.18070197105,9852
1.18110704422,9851
1.18155097961,9850
1.18196606636,9849
1.18243813515,9848
1.18344116211,9847
1.18391394615,9846
1.18500900269,9845
1.18702912331,9844
1.18743610382,9843
1.1903450489,9842
1.19075798988,9841
1.19173407555,9840
1.19316697121,9839
1.19417214394,9838
1.19488310814,9837
1.1953151226,9836
1.19871497154,9835
1.19913101196,9834
1.20013713837,9833
1.20216798782,9832
1.2027990818,9831
1.20393705368,9830
1.20433712006,9829
1.20496296883,9828
1.20684599876,9827
1.20797610283,9826
1.20979595184,9825
1.21022510529,9824
1.21117711067,9823
1.21163010597,9822
1.21205496788,9821
1.21258497238,9820
1.21307706833,9819
1.21351599693,9818
1.21447396278,9817
1.21489310265,9816
1.21537399292,9815
1.21623706818,9814
1.21791815758,9813
1.21941208839,9812
1.22213602066,9811
1.22263503075,9810
1.22359395027,9809
1.22583913803,9808
1.22680711746,9807
1.2305970192,9806
1.23103404045,9805
1.23178505898,9804
1.23225498199,9803
1.23614692688,9802
1.23698496819,9801
1.23761200905,9800
1.23925900459,9799
1.24111914635,9798
1.24554514885,9797
1.24690413475,9796
1.24752497673,9795
1.25061297417,9794
1.25110912323,9793
1.25157999992,9792
1.2519929409,9791
1.25470614433,9790
1.25516700745,9789
1.2563290596,9788
1.258644104,9787
1.26002216339,9786
1.26267814636,9785
1.26330208778,9784
1.26423692703,9783
1.26585102081,9782
1.26679515839,9781
1.2679901123,9780
1.26853513718,9779
1.26901102066,9778
1.27007007599,9777
1.27235913277,9776
1.27366304398,9775
1.27434802055,9774
1.27718496323,9773
1.27764797211,9772
1.28001093864,9771
1.28045415878,9770
1.28148794174,9769
1.28357195854,9768
1.28399515152,9767
1.28443002701,9766
1.2858300209,9765
1.28630495071,9764
1.28715705872,9763
1.28818202019,9762
1.28990006447,9761
1.29053211212,9760
1.29264712334,9759
1.29331111908,9758
1.29689002037,9757
1.29898405075,9756
1.29945898056,9755
1.29997205734,9754
1.30097794533,9753
1.30168008804,9752
1.30212712288,9751
1.30278897285,9750
1.30355906487,9749
1.3045630455,9748
1.30537009239,9747
1.30745601654,9746
1.31158494949,9745
1.31222605705,9744
1.31295895576,9743
1.31356716156,9742
1.31423711777,9741
1.31465005875,9740
1.31550693512,9739
1.31979894638,9738
1.32163214684,9737
1.32305192947,9736
1.32362294197,9735
1.32421994209,9734
1.324696064,9733
1.32605409622,9732
1.32686114311,9731
1.32759714127,9730
1.32925009727,9729
1.32971215248,9728
1.33100199699,9727
1.33408212662,9726
1.33465909958,9725
1.33976793289,9724
1.34107494354,9723
1.34169602394,9722
1.34751605988,9721
1.34855604172,9720
1.35121393204,9719
1.35165405273,9718
1.3531999588,9717
1.35388302803,9716
1.355230093,9715
1.35570311546,9714
1.3563709259,9713
1.35683512688,9712
1.35953307152,9711
1.3628051281,9710
1.36427402496,9709
1.36484313011,9708
1.36678409576,9707
1.36928510666,9706
1.36996912956,9705
1.37060499191,9704
1.37267112732,9703
1.37467908859,9702
1.37688994408,9701
1.37917900085,9700
1.38042998314,9699
1.3814201355,9698
1.38187813759,9697
1.38234400749,9696
1.38322114944,9695
1.38919711113,9694
1.39037799835,9693
1.39096808434,9692
1.39226412773,9691
1.39355015755,9690
1.39449810982,9689
1.39511704445,9688
1.39612603188,9687
1.39877009392,9686
1.39920711517,9685
1.39968800545,9684
1.40010213852,9683
1.40113997459,9682
1.40288114548,9681
1.40453100204,9680
1.40620398521,9679
1.40666007996,9678
1.40795993805,9677
1.40892696381,9676
1.40936112404,9675
1.41001009941,9674
1.41099214554,9673
1.41179203987,9672
1.41248512268,9671
1.41317105293,9670
1.41537213326,9669
1.41631293297,9668
1.41750907898,9667
1.41827511787,9666
1.42130208015,9665
1.42310714722,9664
1.42413711548,9663
1.42516303062,9662
1.42709803581,9661
1.42753005028,9660
1.43003511429,9659
1.43067193031,9658
1.43255805969,9657
1.43391609192,9656
1.43534398079,9655
1.43708014488,9654
1.43800401688,9653
1.44185900688,9652
1.44323801994,9651
1.44449806213,9650
1.44648814201,9649
1.44729113579,9648
1.44774794579,9647
1.44852209091,9646
1.4493701458,9645
1.44999909401,9644
1.45045113564,9643
1.45087003708,9642
1.45188212395,9641
1.45289897919,9640
1.45354795456,9639
1.45537114143,9638
1.45582914352,9637
1.45666503906,9636
1.45708107948,9635
1.45798015594,9634
1.45863413811,9633
1.46054506302,9632
1.46173405647,9631
1.46275115013,9630
1.4634449482,9629
1.46709394455,9628
1.46753096581,9627
1.46953511238,9626
1.47128105164,9625
1.47330904007,9624
1.47506308556,9623
1.47570800781,9622
1.47617697716,9621
1.47809004784,9620
1.48043394089,9619
1.48212313652,9618
1.48331594467,9617
1.48394799232,9616
1.48435306549,9615
1.48576903343,9614
1.48696804047,9613
1.48796510696,9612
1.48868608475,9611
1.4900021553,9610
1.49062895775,9609
1.49133014679,9608
1.49319911003,9607
1.49436712265,9606
1.4977221489,9605
1.49881696701,9604
1.50029706955,9603
1.5017080307,9602
1.50242900848,9601
1.50338697433,9600
1.50402092934,9599
1.5046210289,9598
1.50847506523,9597
1.50974392891,9596
1.51121807098,9595
1.51332592964,9594
1.51394605637,9593
1.51440405846,9592
1.51486992836,9591
1.51635408401,9590
1.51874995232,9589
1.52044010162,9588
1.52176904678,9587
1.5311319828,9586
1.5315990448,9585
1.53254413605,9584
1.53319215775,9583
1.53395009041,9582
1.53439903259,9581
1.53792309761,9580
1.53929710388,9579
1.53992295265,9578
1.54073405266,9577
1.54169392586,9576
1.54613900185,9575
1.54671812057,9574
1.54728913307,9573
1.54777598381,9572
1.54847407341,9571
1.54952907562,9570
1.55129098892,9569
1.55176711082,9568
1.55222201347,9567
1.55460715294,9566
1.55562400818,9565
1.55657410622,9564
1.55717396736,9563
1.55781602859,9562
1.55909395218,9561
1.55949807167,9560
1.56027698517,9559
1.56090307236,9558
1.56268906593,9557
1.56616210938,9556
1.56779193878,9555
1.56835794449,9554
1.56877708435,9553
1.570551157,9552
1.57232093811,9551
1.57292199135,9550
1.57337903976,9549
1.57575702667,9548
1.57658910751,9547
1.57756710052,9546
1.57799601555,9545
1.57901906967,9544
1.58081007004,9543
1.5844271183,9542
1.58561301231,9541
1.5862660408,9540
1.58751511574,9539
1.58972716331,9538
1.59146094322,9537
1.59189510345,9536
1.59255695343,9535
1.5936050415,9534
1.59687209129,9533
1.59848308563,9532
1.6013109684,9531
1.60261702538,9530
1.60381698608,9529
1.60429215431,9528
1.6052980423,9527
1.60638809204,9526
1.60740494728,9525
1.60801005363,9524
1.60863900185,9523
1.6098780632,9522
1.6103451252,9521
1.61141610146,9520
1.61580610275,9519
1.61624598503,9518
1.61901497841,9517
1.62092494965,9516
1.62167000771,9515
1.62203598022,9514
1.62385106087,9513
1.62815403938,9512
1.62865114212,9511
1.63258910179,9510
1.63651609421,9509
1.63882708549,9508
1.63943815231,9507
1.64284205437,9506
1.64485216141,9505
1.64549398422,9504
1.64607214928,9503
1.64690303802,9502
1.64987301826,9501
1.6538169384,9500
1.6542429924,9499
1.65469694138,9498
1.65550494194,9497
1.65645599365,9496
1.65844702721,9495
1.65886807442,9494
1.65950012207,9493
1.66089296341,9492
1.66181397438,9491
1.66334915161,9490
1.6650800705,9489
1.66596293449,9488
1.66659808159,9487
1.66756916046,9486
1.66804909706,9485
1.67094898224,9484
1.67140412331,9483
1.67206311226,9482
1.6735060215,9481
1.67484307289,9480
1.6754219532,9479
1.6766679287,9478
1.67924904823,9477
1.68251395226,9476
1.68312597275,9475
1.68394112587,9474
1.68434000015,9473
1.68495202065,9472
1.68647193909,9471
1.69071412086,9470
1.69112896919,9469
1.69160604477,9468
1.69206809998,9467
1.69813609123,9466
1.69854211807,9465
1.70004701614,9464
1.70077610016,9463
1.70160102844,9462
1.70261502266,9461
1.70363497734,9460
1.70408201218,9459
1.70448803902,9458
1.70486211777,9457
1.70929408073,9456
1.71158194542,9455
1.71203708649,9454
1.71248793602,9453
1.71668314934,9452
1.71919393539,9451
1.72130203247,9450
1.72270393372,9449
1.72332906723,9448
1.72387313843,9447
1.72471213341,9446
1.72812414169,9445
1.74034500122,9444
1.74897313118,9443
1.7519659996,9442
1.75253605843,9441
1.75953006744,9440
1.76035094261,9439
1.76141500473,9438
1.76207613945,9437
1.76337599754,9436
1.76575994492,9435
1.7670071125,9434
1.76746892929,9433
1.76891994476,9432
1.76945495605,9431
1.77164006233,9430
1.77510094643,9429
1.77589511871,9428
1.77842211723,9427
1.78001713753,9426
1.78244304657,9425
1.78306913376,9424
1.78474593163,9423
1.78530216217,9422
1.78680300713,9421
1.787348032,9420
1.78880596161,9419
1.7905819416,9418
1.79115915298,9417
1.79543495178,9416
1.79844594002,9415
1.79892206192,9414
1.8007941246,9413
1.80194997787,9412
1.80362915993,9411
1.80415415764,9410
1.80615115166,9409
1.81121301651,9408
1.81397294998,9407
1.81452298164,9406
1.81545209885,9405
1.81617307663,9404
1.81970500946,9403
1.82279610634,9402
1.82409501076,9401
1.82475614548,9400
1.82596802711,9399
1.82797408104,9398
1.82991099358,9397
1.83114409447,9396
1.83371400833,9395
1.8360710144,9394
1.83713698387,9393
1.84017896652,9392
1.84291195869,9391
1.843542099,9390
1.8448381424,9389
1.84537816048,9388
1.84675598145,9387
1.84779906273,9386
1.85075497627,9385
1.85116314888,9384
1.85252809525,9383
1.85898709297,9382
1.85997700691,9381
1.86206698418,9380
1.86271810532,9379
1.8638010025,9378
1.86523914337,9377
1.86586809158,9376
1.86718511581,9375
1.86859703064,9374
1.86899495125,9373
1.86980700493,9372
1.87137413025,9371
1.87355208397,9370
1.87421798706,9369
1.87463712692,9368
1.87521100044,9367
1.87817311287,9366
1.87896895409,9365
1.8797249794,9364
1.88080716133,9363
1.88500499725,9362
1.88581609726,9361
1.88788700104,9360
1.88834404945,9359
1.88912200928,9358
1.89333200455,9357
1.89544296265,9356
1.89601612091,9355
1.89793896675,9354
1.89948892593,9353
1.901512146,9352
1.90372800827,9351
1.90417814255,9350
1.90498209,9349
1.90543007851,9348
1.90582704544,9347
1.90753912926,9346
1.90930604935,9345
1.91003012657,9344
1.91045808792,9343
1.91090512276,9342
1.91213297844,9341
1.9143140316,9340
1.91494894028,9339
1.91827511787,9338
1.92023515701,9337
1.92155694962,9336
1.92268610001,9335
1.92307710648,9334
1.92374801636,9333
1.92588710785,9332
1.92632913589,9331
1.92724704742,9330
1.92942595482,9329
1.93031811714,9328
1.93158197403,9327
1.93620705605,9326
1.93661808968,9325
1.93742609024,9324
1.94279503822,9323
1.94462895393,9322
1.94554305077,9321
1.94772601128,9320
1.94916796684,9319
1.95006203651,9318
1.95192313194,9317
1.9524769783,9316
1.95301294327,9315
1.95384502411,9314
1.95431995392,9313
1.95848011971,9312
1.96022510529,9311
1.96084904671,9310
1.9625749588,9309
1.96565699577,9308
1.96690893173,9307
1.96898794174,9306
1.96997308731,9305
1.97227597237,9304
1.97441315651,9303
1.97669816017,9302
1.97761297226,9301
1.97802114487,9300
1.97947907448,9299
1.98098707199,9298
1.98143315315,9297
1.98414993286,9296
1.9845969677,9295
1.98504495621,9294
1.9854490757,9293
1.98627996445,9292
1.98796510696,9291
1.98834395409,9290
1.99225115776,9289
1.99388694763,9288
1.99430704117,9287
1.99602007866,9286
1.99921011925,9285
2.00024914742,9284
2.00252199173,9283
2.00388002396,9282
2.00428414345,9281
2.00578212738,9280
2.00645709038,9279
2.00960206985,9278
2.01071214676,9277
2.01587700844,9276
2.0178539753,9275
2.01863598824,9274
2.01926994324,9273
2.01993012428,9272
2.0221619606,9271
2.02372503281,9270
2.02598309517,9269
2.02690196037,9268
2.02955508232,9267
2.03188896179,9266
2.03345608711,9265
2.03462004662,9264
2.03614211082,9263
2.037140131,9262
2.04227495193,9261
2.04339909554,9260
2.0441160202,9259
2.04460406303,9258
2.04540205002,9257
2.04586911201,9256
2.04715204239,9255
2.04779815674,9254
2.04842710495,9253
2.05088496208,9252
2.05278706551,9251
2.05381298065,9250
2.0567381382,9249
2.0576210022,9248
2.05980396271,9247
2.06112504005,9246
2.06218910217,9245
2.06361198425,9244
2.06412506104,9243
2.06475305557,9242
2.06582593918,9241
2.06991696358,9240
2.07417201996,9239
2.07517194748,9238
2.07641410828,9237
2.07833695412,9236
2.07874512672,9235
2.08033204079,9234
2.08141613007,9233
2.08398413658,9232
2.08496904373,9231
2.08946895599,9230
2.09005713463,9229
2.09105110168,9228
2.09147310257,9227
2.09204101562,9226
2.09251403809,9225
2.09358000755,9224
2.09576511383,9223
2.09634113312,9222
2.09719610214,9221
2.09764409065,9220
2.09911203384,9219
2.10125994682,9218
2.10265398026,9217
2.10459709167,9216
2.10702300072,9215
2.10835599899,9214
2.10929107666,9213
2.11263895035,9212
2.11400008202,9211
2.11673092842,9210
2.11751198769,9209
2.12103295326,9208
2.12290096283,9207
2.1253991127,9206
2.12681698799,9205
2.12755703926,9204
2.12799715996,9203
2.12841701508,9202
2.12937903404,9201
2.12995004654,9200
2.13037204742,9199
2.13434410095,9198
2.13479709625,9197
2.13541102409,9196
2.14040493965,9195
2.14229393005,9194
2.14595603943,9193
2.14768695831,9192
2.14813613892,9191
2.14949202538,9190
2.15419793129,9189
2.1558740139,9188
2.15688109398,9187
2.15978312492,9186
2.16040897369,9185
2.16155815125,9184
2.16196298599,9183
2.16238498688,9182
2.16283512115,9181
2.16574907303,9180
2.1677479744,9179
2.16885304451,9178
2.17326307297,9177
2.17514801025,9176
2.17795801163,9175
2.18015599251,9174
2.18406510353,9173
2.18620014191,9172
2.18880105019,9171
2.1894299984,9170
2.19060897827,9169
2.19242310524,9168
2.19304394722,9167
2.19365000725,9166
2.19413709641,9165
2.19581103325,9164
2.19741892815,9163
2.19784092903,9162
2.2023961544,9161
2.20758104324,9160
2.2114880085,9159
2.21271705627,9158
2.21422195435,9157
2.21501111984,9156
2.21805715561,9155
2.21850299835,9154
2.22032094002,9153
2.22105813026,9152
2.22212195396,9151
2.22309398651,9150
2.22462916374,9149
2.22518801689,9148
2.22770595551,9147
2.22944307327,9146
2.23134112358,9145
2.23250794411,9144
2.23360800743,9143
2.23519301414,9142
2.23624396324,9141
2.23685598373,9140
2.23728609085,9139
2.24300312996,9138
2.24347496033,9137
2.24396800995,9136
2.24485397339,9135
2.24581813812,9134
2.24629116058,9133
2.24946808815,9132
2.24991202354,9131
2.25398015976,9130
2.25698494911,9129
2.25811600685,9128
2.26022195816,9127
2.26272797585,9126
2.26497197151,9125
2.26587700844,9124
2.26898503304,9123
2.26943302155,9122
2.26987814903,9121
2.27268004417,9120
2.27384495735,9119
2.27507615089,9118
2.27899098396,9117
2.2795779705,9116
2.2824921608,9115
2.28515815735,9114
2.28725504875,9113
2.28784704208,9112
2.28887414932,9111
2.28933310509,9110
2.29025101662,9109
2.29086112976,9108
2.29257893562,9107
2.29368114471,9106
2.29516005516,9105
2.29608011246,9104
2.2970290184,9103
2.29863095284,9102
2.29972410202,9101
2.30101299286,9100
2.30309295654,9099
2.30584907532,9098
2.30675315857,9097
2.30717611313,9096
2.30798792839,9095
2.30842804909,9094
2.30886316299,9093
2.309705019,9092
2.31101799011,9091
2.3119931221,9090
2.3132109642,9089
2.31516313553,9088
2.31658101082,9087
2.31755208969,9086
2.31908011436,9085
2.32130408287,9084
2.32234811783,9083
2.32383513451,9082
2.3242149353,9081
2.32551503181,9080
2.32678413391,9079
2.32823801041,9078
2.32911396027,9077
2.32964015007,9076
2.33001494408,9075
2.33173894882,9074
2.33674097061,9073
2.33714103699,9072
2.33848714828,9071
2.33895015717,9070
2.34106993675,9069
2.34616398811,9068
2.34868311882,9067
2.35118699074,9066
2.35161113739,9065
2.35301804543,9064
2.35401511192,9063
2.35535907745,9062
2.35716199875,9061
2.35766100883,9060
2.35817098618,9059
2.35887598991,9058
2.35943412781,9057
2.36090111732,9056
2.3617169857,9055
2.36697006226,9054
2.36754894257,9053
2.37120914459,9052
2.37332701683,9051
2.37881612778,9050
2.3816151619,9049
2.39499402046,9048
2.39543700218,9047
2.39677810669,9046
2.39801597595,9045
2.39905905724,9044
2.40040016174,9043
2.40323996544,9042
2.4044239521,9041
2.40484714508,9040
2.40529298782,9039
2.40608000755,9038
2.40651106834,9037
2.4092810154,9036
2.41120505333,9035
2.41513895988,9034
2.41731214523,9033
2.41787409782,9032
2.41957402229,9031
2.41997408867,9030
2.42232108116,9029
2.42341208458,9028
2.42498493195,9027
2.42622804642,9026
2.42859101295,9025
2.43090605736,9024
2.43432307243,9023
2.43594002724,9022
2.4363451004,9021
2.43801903725,9020
2.44082713127,9019
2.44447803497,9018
2.44889807701,9017
2.44933009148,9016
2.44997596741,9015
2.45244002342,9014
2.45789909363,9013
2.46383810043,9012
2.46691894531,9011
2.46751999855,9010
2.46914196014,9009
2.47716093063,9008
2.47915101051,9007
2.48185706139,9006
2.48432302475,9005
2.48476815224,9004
2.4851360321,9003
2.48554897308,9002
2.48716807365,9001
2.48831009865,9000
2.48957514763,8999
2.49239301682,8998
2.49350714684,8997
2.49412298203,8996
2.49529409409,8995
2.49569797516,8994
2.49679207802,8993
2.49723601341,8992
2.50008010864,8991
2.50237798691,8990
2.50340104103,8989
2.50705003738,8988
2.50844812393,8987
2.50903010368,8986
2.50942611694,8985
2.51148605347,8984
2.51297593117,8983
2.51341104507,8982
2.51775407791,8981
2.51902008057,8980
2.51942610741,8979
2.52280902863,8978
2.52934908867,8977
2.53262710571,8976
2.53384804726,8975
2.53640198708,8974
2.53882598877,8973
2.53982496262,8972
2.54026198387,8971
2.54160404205,8970
2.54366397858,8969
2.54540610313,8968
2.54841399193,8967
2.55453705788,8966
2.55533409119,8965
2.55644798279,8964
2.55821609497,8963
2.55866003036,8962
2.56144595146,8961
2.56185293198,8960
2.56243801117,8959
2.56286501884,8958
2.56389713287,8957
2.56433916092,8956
2.56680202484,8955
2.56963896751,8954
2.57251596451,8953
2.57425403595,8952
2.57591605186,8951
2.57692193985,8950
2.57731199265,8949
2.57838010788,8948
2.58070015907,8947
2.58213400841,8946
2.58293414116,8945
2.58372807503,8944
2.5869910717,8943
2.58841300011,8942
2.59048008919,8941
2.59087610245,8940
2.59449315071,8939
2.59490609169,8938
2.59529495239,8937
2.59710693359,8936
2.59784197807,8935
2.60075306892,8934
2.60117197037,8933
2.60177898407,8932
2.60237312317,8931
2.60330104828,8930
2.60443496704,8929
2.60581803322,8928
2.61104393005,8927
2.61549115181,8926
2.61627292633,8925
2.61666893959,8924
2.61865496635,8923
2.61920714378,8922
2.6196000576,8921
2.62084412575,8920
2.62179493904,8919
2.62449908257,8918
2.62729597092,8917
2.62874007225,8916
2.63108801842,8915
2.63332414627,8914
2.63668608665,8913
2.63963603973,8912
2.64245414734,8911
2.6430170536,8910
2.64811897278,8909
2.65153503418,8908
2.65376806259,8907
2.6572830677,8906
2.66403603554,8905
2.6649980545,8904
2.66557812691,8903
2.66603899002,8902
2.66775798798,8901
2.66872310638,8900
2.67229199409,8899
2.67328095436,8898
2.67738294601,8897
2.6790060997,8896
2.68032598495,8895
2.68252015114,8894
2.68310403824,8893
2.6851580143,8892
2.69151902199,8891
2.6919400692,8890
2.69237613678,8889
2.69911909103,8888
2.70303201675,8887
2.7036421299,8886
2.70463204384,8885
2.70503115654,8884
2.70685815811,8883
2.71226501465,8882
2.71465802193,8881
2.71590614319,8880
2.72017097473,8879
2.72268605232,8878
2.72517609596,8877
2.72579503059,8876
2.72641015053,8875
2.72844600677,8874
2.72940993309,8873
2.73350095749,8872
2.7385160923,8871
2.73940515518,8870
2.74717998505,8869
2.7486281395,8868
2.7499320507,8867
2.75378012657,8866
2.75430297852,8865
2.75994110107,8864
2.7604470253,8863
2.76260614395,8862
2.76305603981,8861
2.76723909378,8860
2.7698559761,8859
2.77500200272,8858
2.77542805672,8857
2.7780649662,8856
2.77892494202,8855
2.77952194214,8854
2.78331208229,8853
2.78440499306,8852
2.78637099266,8851
2.78701114655,8850
2.79314804077,8849
2.79468393326,8848
2.79684996605,8847
2.79950094223,8846
2.80087995529,8845
2.80522799492,8844
2.80704212189,8843
2.80873012543,8842
2.81068301201,8841
2.81324601173,8840
2.81373214722,8839
2.81674909592,8838
2.8195669651,8837
2.81997299194,8836
2.8249361515,8835
2.82622313499,8834
2.82689809799,8833
2.83052396774,8832
2.83296394348,8831
2.83336997032,8830
2.84079408646,8829
2.84283208847,8828
2.84415102005,8827
2.84494304657,8826
2.85153508186,8825
2.85523915291,8824
2.85635304451,8823
2.85836696625,8822
2.86726593971,8821
2.86923193932,8820
2.86976695061,8819
2.87091493607,8818
2.87242794037,8817
2.87927699089,8816
2.88036704063,8815
2.88605594635,8814
2.88695406914,8813
2.89698410034,8812
2.90122795105,8811
2.90372395515,8810
2.90599608421,8809
2.91465806961,8808
2.91898608208,8807
2.92384409904,8806
2.92683815956,8805
2.93951797485,8804
2.94309401512,8803
2.94748306274,8802
2.94897603989,8801
2.9497051239,8800
2.95118498802,8799
2.95182204247,8798
2.95301103592,8797
2.95505905151,8796
2.95685505867,8795
2.96125006676,8794
2.97019314766,8793
2.97415208817,8792
2.97480797768,8791
2.97859597206,8790
2.97918510437,8789
2.98576807976,8788
2.98762702942,8787
2.98954510689,8786
2.99061107635,8785
2.99559307098,8784
2.99645209312,8783
2.99830913544,8782
3.00258302689,8781
3.00402593613,8780
3.00499916077,8779
3.00925111771,8778
3.01164412498,8777
3.02217698097,8776
3.0247631073,8775
3.02690696716,8774
3.02767300606,8773
3.02940702438,8772
3.03016996384,8771
3.03113102913,8770
3.03511595726,8769
3.03554606438,8768
3.0361430645,8767
3.03757500648,8766
3.04000306129,8765
3.04338002205,8764
3.04850697517,8763
3.04901194572,8762
3.05008912086,8761
3.05197811127,8760
3.05503416061,8759
3.05659508705,8758
3.05734300613,8757
3.05864810944,8756
3.0590441227,8755
3.06247615814,8754
3.06304097176,8753
3.06443595886,8752
3.0675611496,8751
3.06982302666,8750
3.0720770359,8749
3.07273197174,8748
3.07394909859,8747
3.07724714279,8746
3.08251810074,8745
3.08294606209,8744
3.08461594582,8743
3.08748292923,8742
3.08856105804,8741
3.08940601349,8740
3.09215497971,8739
3.09369397163,8738
3.09536910057,8737
3.09750914574,8736
3.09934997559,8735
3.10095000267,8734
3.10247397423,8733
3.10366606712,8732
3.10447502136,8731
3.10575008392,8730
3.10613512993,8729
3.10764598846,8728
3.10829114914,8727
3.11050105095,8726
3.11372303963,8725
3.11666512489,8724
3.12088012695,8723
3.1231470108,8722
3.12731313705,8721
3.12772798538,8720
3.13797807693,8719
3.14002108574,8718
3.14595413208,8717
3.15185713768,8716
3.1528301239,8715
3.15973305702,8714
3.16010308266,8713
3.16677808762,8712
3.17010498047,8711
3.17137098312,8710
3.1744260788,8709
3.18048214912,8708
3.18185901642,8707
3.18243908882,8706
3.18471097946,8705
3.18617606163,8704
3.18733906746,8703
3.19027614594,8702
3.19191598892,8701
3.19545793533,8700
3.20064711571,8699
3.203384161,8698
3.20384311676,8697
3.20427298546,8696
3.20466899872,8695
3.20860815048,8694
3.20936107635,8693
3.20979309082,8692
3.21269607544,8691
3.21508812904,8690
3.21731114388,8689
3.22027397156,8688
3.22329592705,8687
3.2259759903,8686
3.22753810883,8685
3.22792601585,8684
3.2310230732,8683
3.23734498024,8682
3.23837614059,8681
3.23936796188,8680
3.24871706963,8679
3.26154112816,8678
3.26249313354,8677
3.26322293282,8676
3.2672290802,8675
3.27004814148,8674
3.27061200142,8673
3.27153992653,8672
3.27196002007,8671
3.27563309669,8670
3.2779750824,8669
3.27837395668,8668
3.27908802032,8667
3.2824549675,8666
3.28603315353,8665
3.28854799271,8664
3.29293608665,8663
3.29332208633,8662
3.29372406006,8661
3.29419398308,8660
3.29904699326,8659
3.30070114136,8658
3.30140995979,8657
3.30425000191,8656
3.30528998375,8655
3.30688405037,8654
3.30886697769,8653
3.3129029274,8652
3.31611704826,8651
3.31653094292,8650
3.31813812256,8649
3.32467293739,8648
3.32562398911,8647
3.32601594925,8646
3.33242797852,8645
3.33282995224,8644
3.33421301842,8643
3.33654212952,8642
3.34181213379,8641
3.34772801399,8640
3.34884095192,8639
3.35187411308,8638
3.35641002655,8637
3.35717892647,8636
3.35856509209,8635
3.35899209976,8634
3.35939908028,8633
3.36853408813,8632
3.37043499947,8631
3.37254309654,8630
3.37365794182,8629
3.37542510033,8628
3.37929296494,8627
3.3858499527,8626
3.38628792763,8625
3.3904440403,8624
3.39377093315,8623
3.39727306366,8622
3.39970612526,8621
3.41021609306,8620
3.41548204422,8619
3.4165790081,8618
3.41833615303,8617
3.42381596565,8616
3.42422008514,8615
3.42642211914,8614
3.42973899841,8613
3.4331870079,8612
3.43801903725,8611
3.44075202942,8610
3.44438815117,8609
3.4447760582,8608
3.44584608078,8607
3.44873905182,8606
3.4546649456,8605
3.45972299576,8604
3.46350193024,8603
3.46506309509,8602
3.47130203247,8601
3.4731631279,8600
3.47542715073,8599
3.47687101364,8598
3.47842597961,8597
3.47941613197,8596
3.48044705391,8595
3.48636007309,8594
3.49158000946,8593
3.49435997009,8592
3.49495506287,8591
3.49719405174,8590
3.49759507179,8589
3.49898195267,8588
3.49933505058,8587
3.50301098824,8586
3.50504112244,8585
3.50642108917,8584
3.50976705551,8583
3.51152610779,8582
3.51453113556,8581
3.51711893082,8580
3.52002501488,8579
3.52096009254,8578
3.5220041275,8577
3.52260613441,8576
3.52395701408,8575
3.52629995346,8574
3.52852892876,8573
3.5290760994,8572
3.52968502045,8571
3.53079104424,8570
3.53420710564,8569
3.54480814934,8568
3.54686999321,8567
3.55018997192,8566
3.552257061,8565
3.55518293381,8564
3.55811715126,8563
3.56068897247,8562
3.56475901604,8561
3.56566405296,8560
3.56674599648,8559
3.56871199608,8558
3.56980514526,8557
3.57102394104,8556
3.57446098328,8555
3.57598304749,8554
3.58231306076,8553
3.58525109291,8552
3.59190201759,8551
3.59240412712,8550
3.59330105782,8549
3.59774899483,8548
3.60043001175,8547
3.6032910347,8546
3.6137650013,8545
3.61448812485,8544
3.62723207474,8543
3.63165307045,8542
3.6327419281,8541
3.63376092911,8540
3.63794898987,8539
3.65009307861,8538
3.65050411224,8537
3.65386104584,8536
3.65593314171,8535
3.65867614746,8534
3.65915107727,8533
3.66305112839,8532
3.66380310059,8531
3.66595697403,8530
3.67757296562,8529
3.68235015869,8528
3.68292713165,8527
3.68811607361,8526
3.68981003761,8525
3.69153308868,8524
3.69391012192,8523
3.69492006302,8522
3.69596505165,8521
3.70274114609,8520
3.70754313469,8519
3.7099199295,8518
3.71507310867,8517
3.71997308731,8516
3.72622799873,8515
3.73146510124,8514
3.73186397552,8513
3.73488497734,8512
3.7376639843,8511
3.73804998398,8510
3.74581503868,8509
3.75606894493,8508
3.75790810585,8507
3.76007914543,8506
3.7608101368,8505
3.76359200478,8504
3.76550507545,8503
3.76760792732,8502
3.77309703827,8501
3.77465200424,8500
3.77524805069,8499
3.78494596481,8498
3.78712916374,8497
3.78752398491,8496
3.79158616066,8495
3.80002093315,8494
3.80361413956,8493
3.80702114105,8492
3.80804300308,8491
3.80922102928,8490
3.81108403206,8489
3.81150603294,8488
3.81436514854,8487
3.81504797935,8486
3.81560015678,8485
3.8161649704,8484
3.81783294678,8483
3.81985592842,8482
3.82116913795,8481
3.82190108299,8480
3.82268810272,8479
3.828592062,8478
3.82986116409,8477
3.84017896652,8476
3.84340810776,8475
3.84455895424,8474
3.84538698196,8473
3.84800100327,8472
3.84893298149,8471
3.85188508034,8470
3.85231399536,8469
3.85588693619,8468
3.85709214211,8467
3.86028003693,8466
3.86767315865,8465
3.86869311333,8464
3.87371993065,8463
3.87464404106,8462
3.87866902351,8461
3.88032603264,8460
3.886095047,8459
3.88967013359,8458
3.89133214951,8457
3.89242601395,8456
3.89617609978,8455
3.89791107178,8454
3.90225601196,8453
3.90355396271,8452
3.90803599358,8451
3.90875911713,8450
3.91894602776,8449
3.92600393295,8448
3.93047595024,8447
3.93819308281,8446
3.94436001778,8445
3.94625711441,8444
3.95299816132,8443
3.9557890892,8442
3.96300506592,8441
3.9704041481,8440
3.97113609314,8439
3.97351813316,8438
3.97592401505,8437
3.98098015785,8436
3.98303699493,8435
3.98678708076,8434
3.99355506897,8433
3.99480009079,8432
3.99669313431,8431
4.00146794319,8430
4.00289201736,8429
4.00609993935,8428
4.00869703293,8427
4.00940513611,8426
4.0136950016,8425
4.0190179348,8424
4.01979398727,8423
4.02427315712,8422
4.02623605728,8421
4.03062105179,8420
4.03134799004,8419
4.03770112991,8418
4.03992915154,8417
4.04333615303,8416
4.04464197159,8415
4.04711413383,8414
4.04865813255,8413
4.05247402191,8412
4.05646395683,8411
4.07342100143,8410
4.07451796532,8409
4.07594799995,8408
4.07748699188,8407
4.08315205574,8406
4.08421897888,8405
4.08874416351,8404
4.09360599518,8403
4.09496307373,8402
4.0964140892,8401
4.09934806824,8400
4.10392999649,8399
4.10929203033,8398
4.11124205589,8397
4.11351299286,8396
4.12044095993,8395
4.1250231266,8394
4.13019704819,8393
4.13223099709,8392
4.13267016411,8391
4.13626694679,8390
4.13973212242,8389
4.1436290741,8388
4.14868211746,8387
4.14910912514,8386
4.17272400856,8385
4.17861104012,8384
4.1794719696,8383
4.18862295151,8382
4.19973897934,8381
4.20134902,8380
4.20176100731,8379
4.20377111435,8378
4.20618700981,8377
4.21149897575,8376
4.21680212021,8375
4.22389507294,8374
4.22715997696,8373
4.22844815254,8372
4.23089003563,8371
4.2360830307,8370
4.23713898659,8369
4.23890995979,8368
4.24792599678,8367
4.25211405754,8366
4.26145815849,8365
4.2643661499,8364
4.26792693138,8363
4.27582001686,8362
4.27706599236,8361
4.29214906693,8360
4.296407938,8359
4.29786705971,8358
4.30042695999,8357
4.30158996582,8356
4.30557107925,8355
4.30630803108,8354
4.30871796608,8353
4.31083798409,8352
4.31209015846,8351
4.31402516365,8350
4.31934714317,8349
4.33212208748,8348
4.34220600128,8347
4.34764814377,8346
4.35050797462,8345
4.35341906548,8344
4.35724806786,8343
4.36995196342,8342
4.37841916084,8341
4.37918496132,8340
4.38526511192,8339
4.38758206367,8338
4.39595913887,8337
4.39684510231,8336
4.39814805984,8335
4.40111112595,8334
4.4026529789,8333
4.41127300262,8332
4.42251110077,8331
4.42521905899,8330
4.4283721447,8329
4.43839097023,8328
4.44279003143,8327
4.44783306122,8326
4.44882702827,8325
4.45530414581,8324
4.45605707169,8323
4.45714497566,8322
4.46663498878,8321
4.47075414658,8320
4.47251605988,8319
4.47374510765,8318
4.4759581089,8317
4.48340511322,8316
4.48613715172,8315
4.48713302612,8314
4.4904551506,8313
4.49405002594,8312
4.49452209473,8311
4.49686694145,8310
4.4990439415,8309
4.50006508827,8308
4.50620913506,8307
4.50779509544,8306
4.50920009613,8305
4.51183414459,8304
4.51495909691,8303
4.5216691494,8302
4.52454304695,8301
4.5257589817,8300
4.52717614174,8299
4.52966713905,8298
4.53783106804,8297
4.5414390564,8296
4.54634404182,8295
4.54769611359,8294
4.55298709869,8293
4.56007194519,8292
4.56736397743,8291
4.57134008408,8290
4.57592201233,8289
4.57899808884,8288
4.58554816246,8287
4.59100198746,8286
4.59199810028,8285
4.59332299232,8284
4.59857702255,8283
4.60042905807,8282
4.60770797729,8281
4.60816812515,8280
4.61379408836,8279
4.61526012421,8278
4.62479496002,8277
4.62518906593,8276
4.6261279583,8275
4.62738609314,8274
4.62777209282,8273
4.64184308052,8272
4.6447429657,8271
4.65092802048,8270
4.65522503853,8269
4.67333292961,8268
4.67372608185,8267
4.68005800247,8266
4.68092012405,8265
4.68746399879,8264
4.69023895264,8263
4.69080710411,8262
4.69259214401,8261
4.70390605927,8260
4.70434904099,8259
4.70517992973,8258
4.71708512306,8257
4.71750116348,8256
4.72088193893,8255
4.72404313087,8254
4.7281961441,8253
4.72922801971,8252
4.73011612892,8251
4.74039697647,8250
4.74208903313,8249
4.74581408501,8248
4.7494289875,8247
4.75380396843,8246
4.75717401505,8245
4.76246213913,8244
4.78368616104,8243
4.78523612022,8242
4.78651714325,8241
4.79698300362,8240
4.79846215248,8239
4.81114315987,8238
4.81483006477,8237
4.81643009186,8236
4.82215714455,8235
4.82412314415,8234
4.82868599892,8233
4.83122110367,8232
4.83826613426,8231
4.84460306168,8230
4.84840512276,8229
4.85471105576,8228
4.86110305786,8227
4.86471414566,8226
4.87294316292,8225
4.87958407402,8224
4.8939781189,8223
4.89892792702,8222
4.90096592903,8221
4.91080307961,8220
4.91289114952,8219
4.91603112221,8218
4.9187810421,8217
4.95067501068,8216
4.95471096039,8215
4.958507061,8214
4.98056316376,8213
4.98219704628,8212
4.98356294632,8211
4.98677110672,8210
4.99201607704,8209
4.99678397179,8208
5.00285696983,8207
5.00326514244,8206
5.00787401199,8205
5.01227807999,8204
5.0279610157,8203
5.04205799103,8202
5.0493581295,8201
5.0504219532,8200
5.05119204521,8199
5.05337405205,8198
5.05900907516,8197
5.05977606773,8196
5.06164312363,8195
5.06848597527,8194
5.08590292931,8193
5.09111809731,8192
5.09216403961,8191
5.09429216385,8190
5.0954720974,8189
5.09971308708,8188
5.10364294052,8187
5.10975193977,8186
5.11414504051,8185
5.12323093414,8184
5.12377810478,8183
5.12477493286,8182
5.13699603081,8181
5.1454501152,8180
5.1786429882,8179
5.18441700935,8178
5.19113016129,8177
5.19295501709,8176
5.20402407646,8175
5.20705795288,8174
5.25549912453,8173
5.25884008408,8172
5.26056694984,8171
5.28071093559,8170
5.29434108734,8169
5.2958650589,8168
5.2978489399,8167
5.30546212196,8166
5.33092808723,8165
5.33162808418,8164
5.33486604691,8163
5.34238314629,8162
5.36315703392,8161
5.36802911758,8160
5.37231302261,8159
5.39978694916,8158
5.40261411667,8157
5.42124509811,8156
5.42481708527,8155
5.42525315285,8154
5.42769098282,8153
5.42963600159,8152
5.43590402603,8151
5.44427204132,8150
5.45192098618,8149
5.4529531002,8148
5.46533107758,8147
5.46647000313,8146
5.46712708473,8145
5.47067713737,8144
5.47113609314,8143
5.47235512733,8142
5.48250508308,8141
5.48395609856,8140
5.48690605164,8139
5.49664592743,8138
5.5053730011,8137
5.51207399368,8136
5.51449608803,8135
5.52359700203,8134
5.52983498573,8133
5.53124594688,8132
5.53510808945,8131
5.54366803169,8130
5.54584693909,8129
5.5488910675,8128
5.55037593842,8127
5.55876302719,8126
5.55937600136,8125
5.59638309479,8124
5.60909414291,8123
5.62012314796,8122
5.62373113632,8121
5.62415313721,8120
5.62538909912,8119
5.62934303284,8118
5.63090896606,8117
5.63927412033,8116
5.65162396431,8115
5.65482211113,8114
5.67135596275,8113
5.67270898819,8112
5.67316913605,8111
5.67444515228,8110
5.68097805977,8109
5.6865029335,8108
5.68933296204,8107
5.69933509827,8106
5.70500993729,8105
5.70997405052,8104
5.71063113213,8103
5.71819114685,8102
5.73145508766,8101
5.73307299614,8100
5.7497780323,8099
5.75456404686,8098
5.76564598083,8097
5.76801204681,8096
5.76965999603,8095
5.77056503296,8094
5.77103209496,8093
5.77388310432,8092
5.77437496185,8091
5.77690815926,8090
5.78220105171,8089
5.79547309875,8088
5.80198907852,8087
5.80435204506,8086
5.80911207199,8085
5.8144030571,8084
5.81520414352,8083
5.81658601761,8082
5.85305094719,8081
5.85451507568,8080
5.85677599907,8079
5.86196994781,8078
5.86500310898,8077
5.88046503067,8076
5.89091110229,8075
5.89134407043,8074
5.89704799652,8073
5.9002969265,8072
5.92921495438,8071
5.93173909187,8070
5.93243408203,8069
5.93281793594,8068
5.93336296082,8067
5.93372511864,8066
5.93547415733,8065
5.93871307373,8064
5.94606304169,8063
5.94757604599,8062
5.94811010361,8061
5.95747995377,8060
5.96091198921,8059
5.97295808792,8058
5.97366595268,8057
5.98062705994,8056
5.98183298111,8055
5.98729896545,8054
5.99068498611,8053
6.02167701721,8052
6.05199408531,8051
6.0544230938,8050
6.06388711929,8049
6.11207103729,8048
6.11897015572,8047
6.13145208359,8046
6.13898515701,8045
6.14420604706,8044
6.15285611153,8043
6.16494011879,8042
6.168653965,8041
6.23111414909,8040
6.24860501289,8039
6.28738594055,8038
6.2883181572,8037
6.29061293602,8036
6.29586911201,8035
6.31007814407,8034
6.31144213676,8033
6.31670308113,8032
6.33985495567,8031
6.34775209427,8030
6.36113095284,8029
6.36384797096,8028
6.36606311798,8027
6.39190196991,8026
6.39495897293,8025
6.40870904922,8024
6.42149209976,8023
6.42582201958,8022
6.43198394775,8021
6.43354892731,8020
6.45250892639,8019
6.46616196632,8018
6.4695789814,8017
6.50084805489,8016
6.50468993187,8015
6.50780916214,8014
6.51046299934,8013
6.51107406616,8012
6.51953601837,8011
6.52955102921,8010
6.53523993492,8009
6.53821516037,8008
6.54319906235,8007
6.55242013931,8006
6.55811095238,8005
6.56056404114,8004
6.56161594391,8003
6.56362605095,8002
6.57285308838,8001
6.57956314087,8000
6.58501410484,7999
6.5882871151,7998
6.60215902328,7997
6.60628509521,7996
6.60826516151,7995
6.64369702339,7994
6.64668297768,7993
6.65908694267,7992
6.66571497917,7991
6.68007612228,7990
6.68226408958,7989
6.68724799156,7988
6.69020700455,7987
6.69255495071,7986
6.69398999214,7985
6.71021604538,7984
6.71361303329,7983
6.71413803101,7982
6.71983408928,7981
6.74102497101,7980
6.74519896507,7979
6.7478890419,7978
6.755464077,7977
6.76165103912,7976
6.76680612564,7975
6.76821494102,7974
6.77744102478,7973
6.78156995773,7972
6.7927570343,7971
6.79489207268,7970
6.80534911156,7969
6.81056714058,7968
6.83057403564,7967
6.84094309807,7966
6.84364414215,7965
6.84915208817,7964
6.84999799728,7963
6.85170197487,7962
6.85348796844,7961
6.85748815536,7960
6.86189413071,7959
6.86433815956,7958
6.86640501022,7957
6.87912797928,7956
6.88552904129,7955
6.89021897316,7954
6.94043493271,7953
6.94521903992,7952
6.95057797432,7951
6.95273995399,7950
6.97759699821,7949
6.98189115524,7948
6.98281908035,7947
6.98982310295,7946
6.9919500351,7945
6.99297308922,7944
7.01547694206,7943
7.02169895172,7942
7.05405402184,7941
7.06375598907,7940
7.0996389389,7939
7.10786104202,7938
7.11436510086,7937
7.12658810616,7936
7.14120292664,7935
7.14437508583,7934
7.14694404602,7933
7.15607094765,7932
7.18845105171,7931
7.1906440258,7930
7.21222400665,7929
7.21949410439,7928
7.22002601624,7927
7.22971796989,7926
7.24177908897,7925
7.26672196388,7924
7.2801721096,7923
7.28385305405,7922
7.29070806503,7921
7.29807710648,7920
7.31284999847,7919
7.31838011742,7918
7.32053995132,7917
7.32570004463,7916
7.33535194397,7915
7.36492705345,7914
7.36601614952,7913
7.37150096893,7912
7.39102602005,7911
7.39876413345,7910
7.40094995499,7909
7.42170500755,7908
7.42415308952,7907
7.44401812553,7906
7.44736409187,7905
7.45254993439,7904
7.4629509449,7903
7.46700000763,7902
7.47148108482,7901
7.48633599281,7900
7.50735592842,7899
7.51081109047,7898
7.51296114922,7897
7.51728105545,7896
7.53735995293,7895
7.54303598404,7894
7.55410695076,7893
7.56194496155,7892
7.56231713295,7891
7.56567597389,7890
7.6051940918,7889
7.6133351326,7888
7.62898206711,7887
7.66848397255,7886
7.68077898026,7885
7.69042515755,7884
7.71346712112,7883
7.72509908676,7882
7.74048900604,7881
7.74192214012,7880
7.74833798409,7879
7.75174713135,7878
7.75514698029,7877
7.75769305229,7876
7.76415896416,7875
7.77897000313,7874
7.78750610352,7873
7.79057312012,7872
7.7917239666,7871
7.81268000603,7870
7.82265806198,7869
7.83372592926,7868
7.83411312103,7867
7.84022402763,7866
7.88473701477,7865
7.88978004456,7864
7.89406895638,7863
7.89754199982,7862
7.91537594795,7861
7.92974495888,7860
7.93539309502,7859
7.93606114388,7858
7.93717813492,7857
7.95263409615,7856
7.95297312737,7855
7.95584011078,7854
7.97820210457,7853
7.98540997505,7852
8.00914812088,7851
8.00951600075,7850
8.04050207138,7849
8.06820511818,7848
8.10545992851,7847
8.1233150959,7846
8.13775014877,7845
8.14073705673,7844
8.15217709541,7843
8.19494199753,7842
8.22375607491,7841
8.24376296997,7840
8.25347900391,7839
8.26925516129,7838
8.28053712845,7837
8.28126001358,7836
8.29453611374,7835
8.29747009277,7834
8.30599498749,7833
8.32427215576,7832
8.34686899185,7831
8.34942507744,7830
8.36110401154,7829
8.36380314827,7828
8.38232493401,7827
8.38693094254,7826
8.39194011688,7825
8.40611314774,7824
8.43098592758,7823
8.43316411972,7822
8.43370008469,7821
8.43987298012,7820
8.4945089817,7819
8.52042794228,7818
8.52967715263,7817
8.53022503853,7816
8.56206703186,7815
8.57371115685,7814
8.58547306061,7813
8.60746097565,7812
8.6553940773,7811
8.6691660881,7810
8.671875,7809
8.72736907005,7808
8.77752494812,7807
8.78052711487,7806
8.78273010254,7805
8.7906639576,7804
8.79154396057,7803
8.79239201546,7802
8.7960960865,7801
8.80341005325,7800
8.82983803749,7799
8.84645295143,7798
8.85700392723,7797
8.9129011631,7796
8.92322993279,7795
8.94692206383,7794
8.94931101799,7793
8.98068404198,7792
8.98838114738,7791
8.99787807465,7790
9.00941205025,7789
9.01879310608,7788
9.02646708488,7787
9.02988004684,7786
9.04155707359,7785
9.05512213707,7784
9.06117916107,7783
9.06282711029,7782
9.06603908539,7781
9.08455514908,7780
9.08651804924,7779
9.12092494965,7778
9.13515305519,7777
9.14995503426,7776
9.18674707413,7775
9.20258998871,7774
9.23138403893,7773
9.24474406242,7772
9.24938201904,7771
9.25230503082,7770
9.25318408012,7769
9.28086805344,7768
9.29547309875,7767
9.29784011841,7766
9.29822897911,7765
9.30533409119,7764
9.33398008347,7763
9.36172699928,7762
9.40205001831,7761
9.46259212494,7760
9.48184895515,7759
9.52192997932,7758
9.53653311729,7757
9.5369040966,7756
9.55335116386,7755
9.55565905571,7754
9.59341692924,7753
9.59848093987,7752
9.63797402382,7751
9.66319394112,7750
9.67415213585,7749
9.70314192772,7748
9.72470211983,7747
9.75001215935,7746
9.77424001694,7745
9.78818297386,7744
9.79048395157,7743
9.8121919632,7742
9.81311893463,7741
9.86671113968,7740
9.8716609478,7739
9.92190504074,7738
9.93081712723,7737
10.0162551403,7736
10.0311410427,7735
10.0912690163,7734
10.1790311337,7733
10.2507381439,7732
10.2622489929,7731
10.2877891064,7730
10.2977969646,7729
10.3425879478,7728
10.3516659737,7727
10.368940115,7726
10.505480051,7725
10.5064721107,7724
10.5197441578,7723
10.5609171391,7722
10.5887680054,7721
10.5950160027,7720
10.6675751209,7719
10.7370491028,7718
10.7549250126,7717
10.7984700203,7716
10.837635994,7715
10.8576610088,7714
10.8891961575,7713
10.8926019669,7712
10.9018130302,7711
10.9753370285,7710
11.0843019485,7709
11.18217206,7708
11.2582011223,7707
11.3173861504,7706
11.3395609856,7705
11.3599641323,7704
11.3619689941,7703
11.4142410755,7702
11.4350869656,7701
11.4469070435,7700
11.4794270992,7699
11.4814059734,7698
11.5256159306,7697
11.5459520817,7696
11.7964220047,7695
11.8777890205,7694
11.8816990852,7693
11.9261660576,7692
11.9676439762,7691
12.0246140957,7690
12.0671679974,7689
12.1461060047,7688
12.1547541618,7687
12.2391221523,7686
12.2863810062,7685
12.3347940445,7684
12.4066400528,7683
12.4559860229,7682
12.4709510803,7681
12.5306279659,7680
12.566172123,7679
12.6192159653,7678
12.651540041,7677
12.7123670578,7676
12.7226469517,7675
12.7260611057,7674
12.7385799885,7673
12.7622170448,7672
12.7943930626,7671
12.8380880356,7670
12.9367289543,7669
13.0269050598,7668
13.0391969681,7667
13.0688140392,7666
13.1107120514,7665
13.1328260899,7664
13.2344210148,7663
13.3691160679,7662
13.4048230648,7661
13.4822480679,7660
13.5149331093,7659
13.5223701,7658
13.5438160896,7657
13.5553071499,7656
13.7230000496,7655
13.8632881641,7654
14.0110599995,7653
14.0395741463,7652
14.1148400307,7651
14.1654379368,7650
14.1687800884,7649
14.38412714,7648
14.5785090923,7647
14.6864919662,7646
14.7618501186,7645
15.0498781204,7644
15.1367819309,7643
15.2049181461,7642
15.2784869671,7641
15.3660669327,7640
15.3879611492,7639
15.3887450695,7638
15.5947999954,7637
15.6611919403,7636
15.7256269455,7635
15.7665820122,7634
15.8615181446,7633
16.0132801533,7632
16.1702640057,7631
16.2190229893,7630
16.4658970833,7629
16.5809099674,7628
16.6063361168,7627
16.6780230999,7626
16.778591156,7625
16.9705150127,7624
17.0460700989,7623
17.054502964,7622
17.0730700493,7621
17.3261580467,7620
17.5802350044,7619
17.582957983,7618
17.8089921474,7617
17.821696043,7616
17.8557369709,7615
17.8600511551,7614
17.9490950108,7613
17.9942350388,7612
18.0692939758,7611
18.0950930119,7610
18.5391881466,7609
18.6542649269,7608
18.7348051071,7607
18.8260641098,7606
18.8994801044,7605
19.1456251144,7604
19.1463811398,7603
19.2247321606,7602
19.3318259716,7601
19.543309927,7600
19.5807330608,7599
19.7091190815,7598
19.8812520504,7597
20.0968871117,7596
20.347315073,7595
20.432901144,7594
20.4627270699,7593
20.6339070797,7592
20.7568120956,7591
20.9959330559,7590
21.1343040466,7589
35.7560920715,7588
35.9820771217,7587
37.0372140408,7586
37.7677910328,7585
37.9162211418,7584
38.1724750996,7583
38.4845581055,7582
38.5790481567,7581
38.9037981033,7580
39.0434401035,7579
39.5082221031,7578
39.5888359547,7577
39.6530020237,7576
40.3753831387,7575
40.5757260323,7574
41.3745150566,7573
41.7157599926,7572
41.8730249405,7571
41.9591751099,7570
55.6762509346,7569
55.7845489979,7568
56.8255381584,7567
57.0080630779,7566
57.2711679935,7565
57.3305671215,7564
57.4561910629,7563
58.6367909908,7562
59.7750711441,7561
60.3239350319,7560
79.2822749615,7559
79.6396169662,7558
79.9004020691,7557
80.7656559944,7556
81.9911060333,7555
94.6678769588,7554
94.7020089626,7553
94.9180641174,7552
95.1028590202,7551
95.6333270073,7550
95.6706430912,7549
95.6890349388,7548
96.1540031433,7547
96.3104469776,7546
96.5521020889,7545
96.6411399841,7544
96.74903512,7543
96.7950630188,7542
97.3988511562,7541
97.4057300091,7540
98.0981349945,7539
98.2837660313,7538
98.9216370583,7537
99.3608219624,7536
100.758695126,7535
101.320996046,7534
102.856491089,7533
118.335202932,7532
119.232069016,7531
119.977607012,7530
120.125091076,7529
121.467402935,7528
121.872676134,7527
136.016366959,7526
136.477756023,7525
137.180073023,7524
138.162183046,7523
139.482223988,7522
142.845509052,7521
157.897089958,7520
158.531362057,7519
159.541273117,7518
160.477036953,7517
162.774119139,7516
162.936634064,7515
162.965456009,7514
181.473278046,7513
181.54381609,7512
183.43376112,7511
183.935583115,7510
185.030533075,7509
199.870397091,7508
200.00782299,7507
200.437819958,7506
200.585303068,7505
201.303188086,7504
201.347357035,7503
201.39134407,7502
203.42474699,7501
204.977115154,7500
222.364236116,7499
223.304504156,7498
223.585232019,7497
224.852941036,7496
224.943073988,7495
225.058182955,7494
240.386330128,7493
241.067216158,7492
241.338384151,7491
242.685841084,7490
243.151512146,7489
243.223304033,7488
243.549375057,7487
243.933732986,7486
246.399273157,7485
248.058213949,7484
261.973272085,7483
262.083178997,7482
263.088256121,7481
263.276080132,7480
266.991446018,7479
284.867588043,7478
286.063508034,7477
286.765032053,7476
345.415606022,7475
346.224504948,7474
346.753196955,7473
346.879570007,7472
347.567111969,7471
347.600141048,7470
348.139438152,7469
349.065037012,7468
350.779930115,7467
352.214996099,7466
389.758157969,7465
393.137951136,7464
393.580879927,7463
408.347012997,7462
408.595000029,7461
408.613240004,7460
408.990170002,7459
409.21607995,7458
409.289615154,7457
409.291952133,7456
409.597521067,7455
409.67455101,7454
411.176767111,7453
413.102697134,7452
413.56913805,7451
