0.00284099578857,1023
0.00292992591858,1022
0.00299096107483,1021
0.00308585166931,1020
0.00314903259277,1019
0.00324082374573,1018
0.00329184532166,1017
0.00336384773254,1016
0.00342702865601,1015
0.00347089767456,1014
0.00354290008545,1013
0.00365591049194,1012
0.00372099876404,1011
0.00381803512573,1010
0.00389385223389,1009
0.00394892692566,1008
0.00399398803711,1007
0.004065990448,1006
0.00412702560425,1005
0.00418496131897,1004
0.00424695014954,1003
0.00434494018555,1002
0.0044219493866,1001
0.00450491905212,1000
0.00455594062805,999
0.00459790229797,998
0.00468492507935,997
0.00477886199951,996
0.00483989715576,995
0.00490880012512,994
0.00499987602234,993
0.00507092475891,992
0.00528001785278,991
0.00539183616638,990
0.0054759979248,989
0.00556302070618,988
0.00565886497498,987
0.00586581230164,986
0.00593590736389,985
0.00599098205566,984
0.00608086585999,983
0.00616693496704,982
0.00624299049377,981
0.00629782676697,980
0.0063898563385,979
0.0064549446106,978
0.00655102729797,977
0.00660800933838,976
0.00667381286621,975
0.00672888755798,974
0.00683093070984,973
0.00698900222778,972
0.00711894035339,971
0.00719285011292,970
0.00724482536316,969
0.00734090805054,968
0.00744485855103,967
0.00753903388977,966
0.00767493247986,965
0.00774598121643,964
0.00787496566772,963
0.00792598724365,962
0.00798082351685,961
0.00804781913757,960
0.00819087028503,959
0.00827598571777,958
0.00833582878113,957
0.00843691825867,956
0.00856781005859,955
0.00863099098206,954
0.00874781608582,953
0.00884580612183,952
0.0089418888092,951
0.00902795791626,950
0.00908088684082,949
0.00914096832275,948
0.00921988487244,947
0.00928902626038,946
0.00936985015869,945
0.00942897796631,944
0.00952386856079,943
0.00956702232361,942
0.00967788696289,941
0.00975894927979,940
0.00981783866882,939
0.00987982749939,938
0.0100820064545,937
0.0103259086609,936
0.0104229450226,935
0.0104780197144,934
0.0106549263,933
0.0107398033142,932
0.0108699798584,931
0.0110108852386,930
0.0110709667206,929
0.0111238956451,928
0.0111899375916,927
0.0112788677216,926
0.0114579200745,925
0.0116078853607,924
0.0116558074951,923
0.0118839740753,922
0.011932849884,921
0.0120630264282,920
0.0121660232544,919
0.0122368335724,918
0.0122799873352,917
0.0123999118805,916
0.0124568939209,915
0.0125169754028,914
0.0128788948059,913
0.0129289627075,912
0.0129909515381,911
0.0130739212036,910
0.0131378173828,909
0.0132899284363,908
0.0134088993073,907
0.0134890079498,906
0.0136249065399,905
0.0137009620667,904
0.0138208866119,903
0.013897895813,902
0.0140888690948,901
0.0141448974609,900
0.014317035675,899
0.0143918991089,898
0.0144839286804,897
0.0146069526672,896
0.0147068500519,895
0.0149478912354,894
0.0150239467621,893
0.0150978565216,892
0.0152988433838,891
0.0154149532318,890
0.0155248641968,889
0.0156519412994,888
0.0157668590546,887
0.0158560276031,886
0.0159389972687,885
0.0160069465637,884
0.0164239406586,883
0.0164818763733,882
0.0165939331055,881
0.0168778896332,880
0.0172228813171,879
0.0173959732056,878
0.0175809860229,877
0.0178499221802,876
0.0178918838501,875
0.018031835556,874
0.0183470249176,873
0.0184829235077,872
0.0185449123383,871
0.0187299251556,870
0.0188930034637,869
0.0189800262451,868
0.0190298557281,867
0.0191798210144,866
0.0192790031433,865
0.0193588733673,864
0.0199010372162,863
0.0201318264008,862
0.0204799175262,861
0.0211818218231,860
0.0215418338776,859
0.0216579437256,858
0.0217390060425,857
0.0217909812927,856
0.0218839645386,855
0.0219938755035,854
0.0221879482269,853
0.0226438045502,852
0.02277302742,851
0.0230598449707,850
0.0234129428864,849
0.0235819816589,848
0.0237638950348,847
0.0238709449768,846
0.0240039825439,845
0.024425983429,844
0.0245578289032,843
0.0246160030365,842
0.0248379707336,841
0.0252668857574,840
0.0257208347321,839
0.0259749889374,838
0.0260529518127,837
0.0262320041656,836
0.0263829231262,835
0.0265619754791,834
0.0268089771271,833
0.027107000351,832
0.0272829532623,831
0.0273959636688,830
0.0275428295135,829
0.0283179283142,828
0.0284209251404,827
0.0291438102722,826
0.0295839309692,825
0.0299079418182,824
0.0313370227814,823
0.0314929485321,822
0.0318088531494,821
0.0319178104401,820
0.032054901123,819
0.0323479175568,818
0.032646894455,817
0.0327579975128,816
0.0330219268799,815
0.0334730148315,814
0.0340218544006,813
0.0348339080811,812
0.0349068641663,811
0.0351989269257,810
0.0354058742523,809
0.0355060100555,808
0.0359330177307,807
0.0360279083252,806
0.0365319252014,805
0.0370359420776,804
0.0373158454895,803
0.037446975708,802
0.0378088951111,801
0.0378968715668,800
0.0382478237152,799
0.0394849777222,798
0.039871931076,797
0.0406899452209,796
0.0412118434906,795
0.042053937912,794
0.0425209999084,793
0.0430560112,792
0.0441370010376,791
0.0451560020447,790
0.0457849502563,789
0.0459640026093,788
0.0474109649658,787
0.0481398105621,786
0.0497188568115,785
0.0500910282135,784
0.0501489639282,783
0.0509288311005,782
0.0514039993286,781
0.052295923233,780
0.052542924881,779
0.0547709465027,778
0.0596349239349,777
0.0633308887482,776
0.0652348995209,775
0.0677528381348,774
0.0712928771973,773
0.0832288265228,772
0.0909938812256,771
0.102556943893,770
0.186268806458,769
0.1864798069,768
0.303874969482,767
0.303996801376,766
0.420970916748,765
0.423635005951,764
0.515758991241,763
0.52251791954,762
0.528115034103,761
0.62652182579,760
0.631915807724,759
0.845461845398,758
0.975450992584,757
1.10436201096,756
1.11294198036,755
1.29872202873,754
1.31434798241,753
1.56453895569,752
1.62188196182,751
1.6223449707,750
1.62267589569,749
1.62750601768,748
1.64231300354,747
1.6468629837,746
1.75190281868,745
1.76274991035,744
1.77754402161,743
1.77936887741,742
1.88483691216,741
1.96872901917,740
1.97532701492,739
1.97826290131,738
2.00487399101,737
2.11282396317,736
2.12750792503,735
