0.00346398353577,1023
0.00355291366577,1022
0.00365686416626,1021
0.00371599197388,1020
0.00381302833557,1019
0.00391101837158,1018
0.0040009021759,1017
0.00407385826111,1016
0.00416588783264,1015
0.00422883033752,1014
0.00433588027954,1013
0.00448894500732,1012
0.00458192825317,1011
0.00476789474487,1010
0.00484204292297,1009
0.00489401817322,1008
0.00496983528137,1007
0.00506186485291,1006
0.00513982772827,1005
0.00521802902222,1004
0.0052809715271,1003
0.00534296035767,1002
0.00544500350952,1001
0.00551295280457,1000
0.00559496879578,999
0.00566101074219,998
0.00571990013123,997
0.00576686859131,996
0.00583505630493,995
0.00591397285461,994
0.0059769153595,993
0.00603103637695,992
0.00623202323914,991
0.00630593299866,990
0.00641083717346,989
0.00648498535156,988
0.00656485557556,987
0.00663685798645,986
0.00671005249023,985
0.0068838596344,984
0.00695991516113,983
0.00701594352722,982
0.00711584091187,981
0.0072169303894,980
0.00731682777405,979
0.00738501548767,978
0.00746583938599,977
0.00752186775208,976
0.00759983062744,975
0.00782084465027,974
0.00795197486877,973
0.00800704956055,972
0.00806403160095,971
0.00812983512878,970
0.00822782516479,969
0.00837683677673,968
0.00848889350891,967
0.00853395462036,966
0.00869989395142,965
0.00888800621033,964
0.00895690917969,963
0.00906896591187,962
0.00916385650635,961
0.00922393798828,960
0.0093309879303,959
0.0093879699707,958
0.0094518661499,957
0.00952386856079,956
0.00960183143616,955
0.00965785980225,954
0.00973892211914,953
0.00990390777588,952
0.00998497009277,951
0.0101699829102,950
0.0102939605713,949
0.0103960037231,948
0.0104959011078,947
0.0105550289154,946
0.0106508731842,945
0.0107319355011,944
0.0107789039612,943
0.0108449459076,942
0.0109369754791,941
0.010999917984,940
0.0111360549927,939
0.011237859726,938
0.0113198757172,937
0.0114638805389,936
0.0115900039673,935
0.0116999149323,934
0.0118939876556,933
0.0120160579681,932
0.0121140480042,931
0.0121948719025,930
0.0122580528259,929
0.0123689174652,928
0.0124568939209,927
0.0127139091492,926
0.0128479003906,925
0.0129108428955,924
0.0129840373993,923
0.0130300521851,922
0.013121843338,921
0.0132110118866,920
0.0135400295258,919
0.0135960578918,918
0.0137300491333,917
0.0138249397278,916
0.0139129161835,915
0.0139689445496,914
0.014111995697,913
0.0141639709473,912
0.0142838954926,911
0.0143558979034,910
0.0146198272705,909
0.0147669315338,908
0.0150170326233,907
0.0151839256287,906
0.0153279304504,905
0.0154719352722,904
0.0155589580536,903
0.0157370567322,902
0.0157840251923,901
0.0158450603485,900
0.0159168243408,899
0.0159769058228,898
0.0162780284882,897
0.0163960456848,896
0.0164730548859,895
0.0165569782257,894
0.016618013382,893
0.0168609619141,892
0.0169179439545,891
0.0170078277588,890
0.0170550346375,889
0.0172338485718,888
0.017315864563,887
0.0174698829651,886
0.0176239013672,885
0.0180578231812,884
0.0181629657745,883
0.0182149410248,882
0.0183520317078,881
0.0184059143066,880
0.0185940265656,879
0.0187709331512,878
0.0190279483795,877
0.0191190242767,876
0.0191700458527,875
0.0192348957062,874
0.0193099975586,873
0.0193648338318,872
0.0194339752197,871
0.019721031189,870
0.0198349952698,869
0.0199208259583,868
0.0201330184937,867
0.0201978683472,866
0.0204818248749,865
0.0205278396606,864
0.0206298828125,863
0.0206959247589,862
0.0208559036255,861
0.0209889411926,860
0.0211689472198,859
0.0214350223541,858
0.0215270519257,857
0.0216109752655,856
0.0216519832611,855
0.0217308998108,854
0.0218608379364,853
0.022157907486,852
0.0221970081329,851
0.0224459171295,850
0.0228028297424,849
0.0231380462646,848
0.0233619213104,847
0.023444890976,846
0.0238509178162,845
0.0240139961243,844
0.0243239402771,843
0.0244920253754,842
0.0245308876038,841
0.0246980190277,840
0.0248038768768,839
0.0248880386353,838
0.0251338481903,837
0.0252158641815,836
0.0259609222412,835
0.0260989665985,834
0.0269849300385,833
0.027557849884,832
0.0276148319244,831
0.0276999473572,830
0.0277450084686,829
0.0278840065002,828
0.0284628868103,827
0.0285890102386,826
0.0287928581238,825
0.0291228294373,824
0.0295758247375,823
0.0296928882599,822
0.0299398899078,821
0.0300078392029,820
0.0303599834442,819
0.0304100513458,818
0.0306749343872,817
0.0307419300079,816
0.0307810306549,815
0.0309748649597,814
0.0311830043793,813
0.0312888622284,812
0.0315749645233,811
0.0317099094391,810
0.0317709445953,809
0.0321898460388,808
0.0323009490967,807
0.0325260162354,806
0.032732963562,805
0.0328199863434,804
0.0331218242645,803
0.0343809127808,802
0.035001039505,801
0.0351040363312,800
0.0354738235474,799
0.0356259346008,798
0.0358939170837,797
0.0361919403076,796
0.0367109775543,795
0.036777973175,794
0.0369160175323,793
0.0373468399048,792
0.037966966629,791
0.0386309623718,790
0.0386788845062,789
0.0400388240814,788
0.0401408672333,787
0.0415089130402,786
0.0416178703308,785
0.0419299602509,784
0.0425610542297,783
0.0427260398865,782
0.0437459945679,781
0.043872833252,780
0.0439820289612,779
0.0447399616241,778
0.0456099510193,777
0.045902967453,776
0.0469059944153,775
0.047641992569,774
0.0477428436279,773
0.0488128662109,772
0.0492768287659,771
0.049633026123,770
0.0496678352356,769
0.0501408576965,768
0.0512540340424,767
0.0554039478302,766
0.0578818321228,765
0.0580439567566,764
0.0588579177856,763
0.0594758987427,762
0.0619058609009,761
0.0619969367981,760
0.0623369216919,759
0.0660028457642,758
0.077978849411,757
0.0791139602661,756
0.0816729068756,755
0.08185505867,754
0.0899488925934,753
0.184211969376,752
0.187438011169,751
0.197288990021,750
0.202518939972,749
0.211555957794,748
0.549038887024,747
0.549885988235,746
0.570137023926,745
0.660572052002,744
0.760391950607,743
0.765087842941,742
1.44197201729,741
1.44752502441,740
1.45528101921,739
1.59233999252,738
1.78283691406,737
1.78704500198,736
1.88949298859,735
2.2063229084,734
2.2165389061,733
