0.00254201889038,1023
0.00258803367615,1022
0.0026638507843,1021
0.00275301933289,1020
0.00284099578857,1019
0.00289988517761,1018
0.0029399394989,1017
0.00301098823547,1016
0.00306081771851,1015
0.00311589241028,1014
0.00319480895996,1013
0.0032479763031,1012
0.00331282615662,1011
0.00339484214783,1010
0.00344300270081,1009
0.00353384017944,1008
0.00365591049194,1007
0.00373601913452,1006
0.00377798080444,1005
0.00382781028748,1004
0.00389695167542,1003
0.00394797325134,1002
0.00401902198792,1001
0.00406384468079,1000
0.00411891937256,999
0.00416898727417,998
0.00422096252441,997
0.00427389144897,996
0.00434899330139,995
0.00442099571228,994
0.00447797775269,993
0.00453996658325,992
0.00458884239197,991
0.00464987754822,990
0.00469994544983,989
0.00478601455688,988
0.00492382049561,987
0.00495982170105,986
0.00505900382996,985
0.00514698028564,984
0.00524187088013,983
0.00532603263855,982
0.00538396835327,981
0.00545382499695,980
0.00557994842529,979
0.00562000274658,978
0.00570702552795,977
0.00580096244812,976
0.00589394569397,975
0.00596189498901,974
0.00602984428406,973
0.00609803199768,972
0.00615382194519,971
0.00625991821289,970
0.00631594657898,969
0.00638198852539,968
0.00643992424011,967
0.00650691986084,966
0.00659203529358,965
0.00664401054382,964
0.00672602653503,963
0.00677990913391,962
0.00682282447815,961
0.00690102577209,960
0.00698685646057,959
0.00703287124634,958
0.0070788860321,957
0.00717186927795,956
0.00721788406372,955
0.00733399391174,954
0.00744700431824,953
0.00751185417175,952
0.00756883621216,951
0.00762391090393,950
0.0076699256897,949
0.00772380828857,948
0.00785183906555,947
0.00789093971252,946
0.00794100761414,945
0.00802493095398,944
0.00819087028503,943
0.00823092460632,942
0.00842690467834,941
0.00852084159851,940
0.0085928440094,939
0.00865602493286,938
0.00884485244751,937
0.00889301300049,936
0.00903391838074,935
0.0090868473053,934
0.00916481018066,933
0.00925588607788,932
0.0093138217926,931
0.00936102867126,930
0.00942087173462,929
0.00946998596191,928
0.00953102111816,927
0.00961589813232,926
0.0096869468689,925
0.0097279548645,924
0.00978302955627,923
0.00990796089172,922
0.00997495651245,921
0.0100939273834,920
0.010265827179,919
0.0104858875275,918
0.0106289386749,917
0.0107779502869,916
0.010901927948,915
0.0109460353851,914
0.0111329555511,913
0.0111880302429,912
0.0112488269806,911
0.0115950107574,910
0.0118119716644,909
0.0118548870087,908
0.0120580196381,907
0.0122089385986,906
0.012286901474,905
0.0124208927155,904
0.0124909877777,903
0.0125408172607,902
0.0127048492432,901
0.0127890110016,900
0.0128610134125,899
0.0129690170288,898
0.0130100250244,897
0.0130748748779,896
0.0131249427795,895
0.01322889328,894
0.013288974762,893
0.0134630203247,892
0.0135219097137,891
0.0135788917542,890
0.0136179924011,889
0.0138189792633,888
0.0139808654785,887
0.0140628814697,886
0.0142478942871,885
0.014289855957,884
0.0143558979034,883
0.0144119262695,882
0.0144858360291,881
0.0145518779755,880
0.0147168636322,879
0.0151059627533,878
0.0155239105225,877
0.0156588554382,876
0.0157999992371,875
0.0158948898315,874
0.0159738063812,873
0.0160889625549,872
0.0161669254303,871
0.016294002533,870
0.0163869857788,869
0.0164608955383,868
0.0170199871063,867
0.0171978473663,866
0.0172808170319,865
0.0173900127411,864
0.0176730155945,863
0.0177369117737,862
0.0179920196533,861
0.0180380344391,860
0.0182688236237,859
0.0183839797974,858
0.0185439586639,857
0.0186278820038,856
0.0188398361206,855
0.0190649032593,854
0.0193629264832,853
0.0194549560547,852
0.0196149349213,851
0.0197069644928,850
0.0199718475342,849
0.0201098918915,848
0.0207710266113,847
0.0210039615631,846
0.0211608409882,845
0.0215368270874,844
0.0216329097748,843
0.0216689109802,842
0.0218188762665,841
0.0224230289459,840
0.022656917572,839
0.0228359699249,838
0.023060798645,837
0.0232388973236,836
0.0234639644623,835
0.0238828659058,834
0.0239598751068,833
0.0241088867188,832
0.0241408348083,831
0.0244588851929,830
0.0245478153229,829
0.0247178077698,828
0.0248749256134,827
0.0255289077759,826
0.0257940292358,825
0.0259208679199,824
0.0261099338531,823
0.0270349979401,822
0.0272269248962,821
0.0276210308075,820
0.0277488231659,819
0.0279660224915,818
0.0283119678497,817
0.0288028717041,816
0.0288579463959,815
0.0289549827576,814
0.0291159152985,813
0.0293869972229,812
0.0297768115997,811
0.0303208827972,810
0.030604839325,809
0.0311000347137,808
0.0313839912415,807
0.0316469669342,806
0.0319678783417,805
0.0321159362793,804
0.0325498580933,803
0.032655954361,802
0.0331039428711,801
0.0335550308228,800
0.0337178707123,799
0.033891916275,798
0.0342538356781,797
0.0350270271301,796
0.0351288318634,795
0.0361099243164,794
0.0364239215851,793
0.0374739170074,792
0.0377788543701,791
0.0381979942322,790
0.0382609367371,789
0.0391018390656,788
0.039580821991,787
0.0398559570312,786
0.0400989055634,785
0.0404109954834,784
0.0405738353729,783
0.0416560173035,782
0.0419418811798,781
0.0420868396759,780
0.0422348976135,779
0.0426869392395,778
0.0439410209656,777
0.0445399284363,776
0.0446498394012,775
0.0447638034821,774
0.0448129177094,773
0.0450019836426,772
0.0486748218536,771
0.048868894577,770
0.0493228435516,769
0.0507769584656,768
0.0509269237518,767
0.0520629882812,766
0.0521669387817,765
0.0523288249969,764
0.0542638301849,763
0.0543098449707,762
0.0598759651184,761
0.0616328716278,760
0.0641298294067,759
0.0682618618011,758
0.0693159103394,757
0.0715429782867,756
0.0769808292389,755
0.205165863037,754
0.292969942093,753
0.30420589447,752
0.386865854263,751
0.39107298851,750
0.391834020615,749
0.605759859085,748
0.616611003876,747
0.621761798859,746
1.08745503426,745
1.15368580818,744
1.15394687653,743
1.16940999031,742
1.17035198212,741
1.20362591743,740
1.2901198864,739
1.83108186722,738
2.19030880928,737
2.1905670166,736
