0.00331521034241,1023
0.00336909294128,1022
0.00344204902649,1021
0.00352311134338,1020
0.00360202789307,1019
0.00368118286133,1018
0.00373005867004,1017
0.0038001537323,1016
0.00386810302734,1015
0.00393414497375,1014
0.00398921966553,1013
0.00410509109497,1012
0.00417304039001,1011
0.00425910949707,1010
0.00436019897461,1009
0.00443410873413,1008
0.00458717346191,1007
0.00471615791321,1006
0.00478410720825,1005
0.00486707687378,1004
0.00496912002563,1003
0.00505399703979,1002
0.00515508651733,1001
0.00525212287903,1000
0.00534605979919,999
0.00544905662537,998
0.00550103187561,997
0.00555920600891,996
0.00563311576843,995
0.00572299957275,994
0.00578117370605,993
0.00583004951477,992
0.0059130191803,991
0.00601100921631,990
0.00606513023376,989
0.00620412826538,988
0.00630903244019,987
0.00635099411011,986
0.00640320777893,985
0.00650215148926,984
0.00655221939087,983
0.00664210319519,982
0.00673913955688,981
0.00684809684753,980
0.00690102577209,979
0.00696611404419,978
0.00704503059387,977
0.00711011886597,976
0.00717401504517,975
0.00724315643311,974
0.00736212730408,973
0.00746321678162,972
0.00750803947449,971
0.00760412216187,970
0.00768613815308,969
0.0077600479126,968
0.00784516334534,967
0.00791120529175,966
0.00806403160095,965
0.00813913345337,964
0.00820207595825,963
0.00828409194946,962
0.00835299491882,961
0.00842905044556,960
0.00853514671326,959
0.00868320465088,958
0.00875806808472,957
0.00881004333496,956
0.00894999504089,955
0.00902414321899,954
0.00907421112061,953
0.0091609954834,952
0.00926518440247,951
0.00933718681335,950
0.00938606262207,949
0.00946402549744,948
0.00952005386353,947
0.00958609580994,946
0.00972414016724,945
0.0097770690918,944
0.00984907150269,943
0.00992012023926,942
0.0100281238556,941
0.0100750923157,940
0.0101270675659,939
0.0101871490479,938
0.0102481842041,937
0.0103130340576,936
0.0103721618652,935
0.0104711055756,934
0.0105521678925,933
0.0106391906738,932
0.0107359886169,931
0.0107800960541,930
0.0109171867371,929
0.0111842155457,928
0.0113739967346,927
0.0116209983826,926
0.0117959976196,925
0.0118720531464,924
0.0119841098785,923
0.0120601654053,922
0.0121150016785,921
0.0121650695801,920
0.012228012085,919
0.0123150348663,918
0.0126230716705,917
0.0126740932465,916
0.0127332210541,915
0.0128011703491,914
0.0129129886627,913
0.0129570960999,912
0.0130841732025,911
0.0131940841675,910
0.0132520198822,909
0.0133981704712,908
0.0134541988373,907
0.0135040283203,906
0.0135622024536,905
0.0135970115662,904
0.0136551856995,903
0.0138120651245,902
0.0138940811157,901
0.0139660835266,900
0.0140430927277,899
0.014151096344,898
0.0143880844116,897
0.0145661830902,896
0.0146381855011,895
0.0146980285645,894
0.0148391723633,893
0.0149500370026,892
0.0149991512299,891
0.0150980949402,890
0.0152020454407,889
0.0153610706329,888
0.0155420303345,887
0.0156061649323,886
0.0156481266022,885
0.0157680511475,884
0.0159361362457,883
0.0159900188446,882
0.0160431861877,881
0.0161662101746,880
0.0162110328674,879
0.0162770748138,878
0.0164620876312,877
0.0165641307831,876
0.0167331695557,875
0.0168130397797,874
0.0170161724091,873
0.0171592235565,872
0.0172181129456,871
0.0172669887543,870
0.0173141956329,869
0.0174570083618,868
0.0175590515137,867
0.0176141262054,866
0.0177030563354,865
0.0178091526031,864
0.0179641246796,863
0.0181641578674,862
0.0183382034302,861
0.0184621810913,860
0.0185511112213,859
0.0186831951141,858
0.0187630653381,857
0.0188870429993,856
0.0191211700439,855
0.0191760063171,854
0.0193049907684,853
0.0194931030273,852
0.0196812152863,851
0.0198721885681,850
0.0200951099396,849
0.0204060077667,848
0.0206780433655,847
0.020898103714,846
0.0212361812592,845
0.0217170715332,844
0.0218510627747,843
0.021950006485,842
0.0226111412048,841
0.0227220058441,840
0.0228261947632,839
0.0230650901794,838
0.0232892036438,837
0.0234680175781,836
0.0235641002655,835
0.0237669944763,834
0.0238490104675,833
0.0239200592041,832
0.0241000652313,831
0.0241889953613,830
0.0242621898651,829
0.0244410037994,828
0.0245001316071,827
0.0245530605316,826
0.0248692035675,825
0.0250210762024,824
0.0251121520996,823
0.0253031253815,822
0.0258030891418,821
0.0266110897064,820
0.0269031524658,819
0.0269911289215,818
0.0270521640778,817
0.0272281169891,816
0.0276350975037,815
0.0277590751648,814
0.0279810428619,813
0.0282680988312,812
0.0285341739655,811
0.0288231372833,810
0.0288681983948,809
0.0289850234985,808
0.0291790962219,807
0.0292220115662,806
0.0294251441956,805
0.0295062065125,804
0.0301260948181,803
0.0302522182465,802
0.0304141044617,801
0.0306010246277,800
0.0308940410614,799
0.0312211513519,798
0.031280040741,797
0.0323460102081,796
0.0326900482178,795
0.0329301357269,794
0.0336821079254,793
0.0345032215118,792
0.0351951122284,791
0.0358791351318,790
0.0360460281372,789
0.0366261005402,788
0.0370001792908,787
0.0371301174164,786
0.0374372005463,785
0.0377631187439,784
0.0384809970856,783
0.0388932228088,782
0.0399742126465,781
0.0405840873718,780
0.0410470962524,779
0.043790102005,778
0.0443751811981,777
0.0444362163544,776
0.0445070266724,775
0.0447030067444,774
0.0471041202545,773
0.0475120544434,772
0.0495390892029,771
0.0523941516876,770
0.0524430274963,769
0.0539200305939,768
0.0549001693726,767
0.0557041168213,766
0.056232213974,765
0.0603520870209,764
0.0709941387177,763
0.0816180706024,762
0.084801197052,761
0.184286117554,760
0.184518098831,759
0.19874215126,758
0.304437160492,757
0.309020042419,756
0.318244218826,755
0.516535997391,754
0.519536018372,753
0.530580997467,752
0.533673048019,751
0.533964157104,750
0.621433019638,749
0.635102033615,748
0.643186092377,747
0.987069129944,746
1.0013320446,745
1.07573103905,744
1.40060400963,743
1.44020915031,742
1.54021120071,741
1.76531100273,740
