0.00423002243042,1023
0.0043089389801,1022
0.00440382957458,1021
0.00447297096252,1020
0.00454187393188,1019
0.00461196899414,1018
0.00467991828918,1017
0.00482583045959,1016
0.00494790077209,1015
0.00500893592834,1014
0.00522804260254,1013
0.00529193878174,1012
0.00534605979919,1011
0.00540494918823,1010
0.00548696517944,1009
0.00558185577393,1008
0.00567293167114,1007
0.00571894645691,1006
0.00578284263611,1005
0.00588083267212,1004
0.00597906112671,1003
0.00602293014526,1002
0.0060658454895,1001
0.00613284111023,1000
0.00619196891785,999
0.0062530040741,998
0.00631499290466,997
0.006422996521,996
0.00648403167725,995
0.00661587715149,994
0.00670194625854,993
0.00678992271423,992
0.00689387321472,991
0.00698304176331,990
0.00703883171082,989
0.00709390640259,988
0.00717401504517,987
0.00723791122437,986
0.00729084014893,985
0.00735688209534,984
0.00744700431824,983
0.00753283500671,982
0.00759887695312,981
0.00768995285034,980
0.00778388977051,979
0.00788402557373,978
0.00793504714966,977
0.00801086425781,976
0.0080840587616,975
0.00818300247192,974
0.00830483436584,973
0.00837898254395,972
0.00846791267395,971
0.00851988792419,970
0.00862598419189,969
0.00871896743774,968
0.00879192352295,967
0.0088369846344,966
0.00906491279602,965
0.0091278553009,964
0.00919699668884,963
0.00930905342102,962
0.00942802429199,961
0.00950694084167,960
0.00955200195312,959
0.00965094566345,958
0.00973105430603,957
0.00978684425354,956
0.00986790657043,955
0.00993800163269,954
0.010057926178,953
0.0101099014282,952
0.0101909637451,951
0.0102829933167,950
0.0103769302368,949
0.0105049610138,948
0.0105619430542,947
0.0106689929962,946
0.0108568668365,945
0.0109269618988,944
0.0110569000244,943
0.0111498832703,942
0.0112218856812,941
0.0112969875336,940
0.0114479064941,939
0.011510848999,938
0.011561870575,937
0.011638879776,936
0.01176404953,935
0.0118110179901,934
0.0118708610535,933
0.011950969696,932
0.0121009349823,931
0.0122048854828,930
0.0122668743134,929
0.012414932251,928
0.0125060081482,927
0.0126168727875,926
0.0127120018005,925
0.0127780437469,924
0.0128328800201,923
0.0130648612976,922
0.0131540298462,921
0.0133399963379,920
0.0136098861694,919
0.0139298439026,918
0.0140218734741,917
0.014093875885,916
0.0141558647156,915
0.0144000053406,914
0.0145080089569,913
0.0146298408508,912
0.0147049427032,911
0.0149028301239,910
0.0149500370026,909
0.0150339603424,908
0.0151040554047,907
0.0152690410614,906
0.015380859375,905
0.0155808925629,904
0.015655040741,903
0.0157010555267,902
0.0159120559692,901
0.0160830020905,900
0.0163168907166,899
0.016420841217,898
0.0164768695831,897
0.0166599750519,896
0.0167999267578,895
0.0168709754944,894
0.0169248580933,893
0.0170459747314,892
0.0172319412231,891
0.0174119472504,890
0.0174698829651,889
0.0176529884338,888
0.017746925354,887
0.0177879333496,886
0.0178399085999,885
0.0180768966675,884
0.0181469917297,883
0.0182189941406,882
0.0184459686279,881
0.0185298919678,880
0.0187549591064,879
0.018828868866,878
0.0188839435577,877
0.0189700126648,876
0.0191369056702,875
0.0191848278046,874
0.0192868709564,873
0.0193819999695,872
0.0195300579071,871
0.019749879837,870
0.0198090076447,869
0.0198628902435,868
0.0201358795166,867
0.0202078819275,866
0.0205368995667,865
0.0206308364868,864
0.0206699371338,863
0.020781993866,862
0.0208280086517,861
0.0210380554199,860
0.0210959911346,859
0.0211489200592,858
0.0214748382568,857
0.0215659141541,856
0.0216548442841,855
0.0217249393463,854
0.0219428539276,853
0.0220139026642,852
0.0220868587494,851
0.0221359729767,850
0.0221769809723,849
0.0227048397064,848
0.0228650569916,847
0.0230798721313,846
0.023176908493,845
0.0232219696045,844
0.0233709812164,843
0.0234818458557,842
0.0235819816589,841
0.0237848758698,840
0.0243148803711,839
0.0244140625,838
0.0245978832245,837
0.0250189304352,836
0.0251169204712,835
0.0251710414886,834
0.0252349376678,833
0.0252869129181,832
0.0253610610962,831
0.0256488323212,830
0.0258219242096,829
0.0258769989014,828
0.0262730121613,827
0.0267488956451,826
0.0268859863281,825
0.0269260406494,824
0.0270299911499,823
0.0271298885345,822
0.0272948741913,821
0.0274229049683,820
0.0274879932404,819
0.0277490615845,818
0.0278129577637,817
0.028697013855,816
0.0289130210876,815
0.028960943222,814
0.0290679931641,813
0.0292358398438,812
0.0297548770905,811
0.0297930240631,810
0.0305850505829,809
0.0307369232178,808
0.0312130451202,807
0.0318100452423,806
0.0320060253143,805
0.0320608615875,804
0.0323548316956,803
0.0324170589447,802
0.0331330299377,801
0.0338649749756,800
0.0341098308563,799
0.0344059467316,798
0.0351939201355,797
0.0355360507965,796
0.0372910499573,795
0.038810968399,794
0.038938999176,793
0.0394859313965,792
0.0401668548584,791
0.0402159690857,790
0.0404789447784,789
0.0426859855652,788
0.0436730384827,787
0.0439958572388,786
0.044401884079,785
0.0446200370789,784
0.0451140403748,783
0.0455708503723,782
0.0457088947296,781
0.0462918281555,780
0.0473420619965,779
0.0483469963074,778
0.0508189201355,777
0.0519180297852,776
0.0536489486694,775
0.0565979480743,774
0.0571858882904,773
0.0590898990631,772
0.0629110336304,771
0.0669779777527,770
0.0708730220795,769
0.0714960098267,768
0.0727708339691,767
0.0788159370422,766
0.0789370536804,765
0.0794868469238,764
0.0796020030975,763
0.0797820091248,762
0.0857529640198,761
0.195895910263,760
0.283939838409,759
0.286728858948,758
0.287797927856,757
0.395577907562,756
0.405079841614,755
0.615043878555,754
0.615962028503,753
0.620151042938,752
0.622478961945,751
0.641717910767,750
0.714028835297,749
0.717283010483,748
0.721292972565,747
0.73310303688,746
0.734174013138,745
1.08780002594,744
1.09341096878,743
1.10016202927,742
1.60568404198,741
2.08952689171,740
2.18822383881,739
2.28463482857,738
2.28770089149,737
2.42240691185,736
