0.0046501159668,1132
0.00469517707825,1131
0.00475716590881,1130
0.0048041343689,1129
0.00487804412842,1128
0.00492906570435,1127
0.00502896308899,1126
0.00520706176758,1125
0.0053391456604,1124
0.00557708740234,1123
0.00568008422852,1122
0.00577306747437,1121
0.00584006309509,1120
0.0059061050415,1119
0.00596904754639,1118
0.00608897209167,1117
0.00613903999329,1116
0.00619196891785,1115
0.0062780380249,1114
0.00642013549805,1113
0.00651717185974,1112
0.00665903091431,1111
0.0067400932312,1110
0.00688409805298,1109
0.00701403617859,1108
0.00710511207581,1107
0.00716614723206,1106
0.00730013847351,1105
0.00739502906799,1104
0.00744414329529,1103
0.00753211975098,1102
0.00759100914001,1101
0.00767707824707,1100
0.00774812698364,1099
0.00790596008301,1098
0.00804305076599,1097
0.00811100006104,1096
0.00823497772217,1095
0.00829696655273,1094
0.0084080696106,1093
0.00852298736572,1092
0.00876903533936,1091
0.00884318351746,1090
0.00894212722778,1089
0.00908613204956,1088
0.00915813446045,1087
0.00928115844727,1086
0.00949215888977,1085
0.00953602790833,1084
0.00960612297058,1083
0.00967407226562,1082
0.00984501838684,1081
0.00994610786438,1080
0.0100700855255,1079
0.0101261138916,1078
0.010185956955,1077
0.0102660655975,1076
0.0103421211243,1075
0.0104160308838,1074
0.0105271339417,1073
0.0105860233307,1072
0.0106341838837,1071
0.0107040405273,1070
0.0109269618988,1069
0.0109851360321,1068
0.0113341808319,1067
0.0114560127258,1066
0.0116400718689,1065
0.0116970539093,1064
0.0118460655212,1063
0.011990070343,1062
0.0120751857758,1061
0.0121691226959,1060
0.0122380256653,1059
0.0123510360718,1058
0.0124251842499,1057
0.0126581192017,1056
0.0129280090332,1055
0.0130820274353,1054
0.0131390094757,1053
0.0131850242615,1052
0.0133450031281,1051
0.0137121677399,1050
0.0138330459595,1049
0.0139579772949,1048
0.0142161846161,1047
0.014347076416,1046
0.0143949985504,1045
0.0145530700684,1044
0.014867067337,1043
0.0149831771851,1042
0.0150640010834,1041
0.015132188797,1040
0.0152051448822,1039
0.0153620243073,1038
0.0154030323029,1037
0.0154881477356,1036
0.0155251026154,1035
0.015594959259,1034
0.0156760215759,1033
0.0161440372467,1032
0.0163071155548,1031
0.0163769721985,1030
0.0164611339569,1029
0.0165641307831,1028
0.0166161060333,1027
0.0166730880737,1026
0.0168931484222,1025
0.0169801712036,1024
0.0171980857849,1023
0.0173439979553,1022
0.017539024353,1021
0.017608165741,1020
0.017657995224,1019
0.0177171230316,1018
0.0178911685944,1017
0.0181260108948,1016
0.0184581279755,1015
0.0185329914093,1014
0.0187239646912,1013
0.0187730789185,1012
0.0189621448517,1011
0.0190069675446,1010
0.0191960334778,1009
0.0202810764313,1008
0.0203421115875,1007
0.0203790664673,1006
0.0204341411591,1005
0.0205500125885,1004
0.020653963089,1003
0.0209460258484,1002
0.0213820934296,1001
0.0215489864349,1000
0.0216419696808,999
0.0218000411987,998
0.022047996521,997
0.0223290920258,996
0.022381067276,995
0.0224630832672,994
0.0225021839142,993
0.0230631828308,992
0.0232560634613,991
0.0235390663147,990
0.0236120223999,989
0.0236661434174,988
0.0238239765167,987
0.0239009857178,986
0.0240550041199,985
0.0243401527405,984
0.0244290828705,983
0.0245230197906,982
0.024600982666,981
0.0252900123596,980
0.0253291130066,979
0.0255360603333,978
0.0256221294403,977
0.0257701873779,976
0.0258331298828,975
0.0261840820312,974
0.0262291431427,973
0.0262711048126,972
0.0264360904694,971
0.026654958725,970
0.0269689559937,969
0.0274250507355,968
0.0276141166687,967
0.0277490615845,966
0.0278899669647,965
0.0280151367188,964
0.0285251140594,963
0.0289809703827,962
0.029137134552,961
0.0291910171509,960
0.029335975647,959
0.0293710231781,958
0.0294680595398,957
0.0296120643616,956
0.0297360420227,955
0.0305120944977,954
0.0305621623993,953
0.0307521820068,952
0.0309000015259,951
0.0312600135803,950
0.0313041210175,949
0.0315480232239,948
0.0318510532379,947
0.0319111347198,946
0.0320310592651,945
0.0321691036224,944
0.0322580337524,943
0.032742023468,942
0.0328509807587,941
0.0334491729736,940
0.0336480140686,939
0.033744096756,938
0.0343570709229,937
0.0345351696014,936
0.0351099967957,935
0.0351741313934,934
0.0354020595551,933
0.0364789962769,932
0.0372331142426,931
0.037328004837,930
0.0374841690063,929
0.0375411510468,928
0.0376000404358,927
0.0377361774445,926
0.0381360054016,925
0.038241147995,924
0.0388100147247,923
0.0394999980927,922
0.0396761894226,921
0.0397491455078,920
0.040050983429,919
0.0404691696167,918
0.0405271053314,917
0.0406610965729,916
0.0407280921936,915
0.0408341884613,914
0.0410051345825,913
0.0411951541901,912
0.0414769649506,911
0.0418770313263,910
0.0420360565186,909
0.042494058609,908
0.0425679683685,907
0.043123960495,906
0.0433161258698,905
0.0433700084686,904
0.0435161590576,903
0.0437150001526,902
0.0439310073853,901
0.0440349578857,900
0.0442321300507,899
0.0445141792297,898
0.044734954834,897
0.0447871685028,896
0.0448789596558,895
0.0456171035767,894
0.0458040237427,893
0.0459110736847,892
0.0464110374451,891
0.0467159748077,890
0.0469970703125,889
0.0470471382141,888
0.0474190711975,887
0.0474860668182,886
0.0475661754608,885
0.0478889942169,884
0.0483930110931,883
0.0485191345215,882
0.0489330291748,881
0.0491690635681,880
0.0497550964355,879
0.0504641532898,878
0.050626039505,877
0.0511269569397,876
0.0511660575867,875
0.0516121387482,874
0.0521700382233,873
0.0524179935455,872
0.0525641441345,871
0.0530850887299,870
0.0531411170959,869
0.0535001754761,868
0.054190158844,867
0.0543780326843,866
0.054759979248,865
0.0550420284271,864
0.0551161766052,863
0.0555109977722,862
0.0557689666748,861
0.0559771060944,860
0.0568201541901,859
0.0569679737091,858
0.0577731132507,857
0.0579211711884,856
0.0580530166626,855
0.0583920478821,854
0.0585350990295,853
0.0586950778961,852
0.059149980545,851
0.0601670742035,850
0.0606801509857,849
0.0607869625092,848
0.0609080791473,847
0.0617380142212,846
0.0622191429138,845
0.0623340606689,844
0.062479019165,843
0.0628051757812,842
0.0634360313416,841
0.0642671585083,840
0.0654470920563,839
0.0662961006165,838
0.0664610862732,837
0.0678679943085,836
0.067950963974,835
0.0681161880493,834
0.0682311058044,833
0.0684080123901,832
0.070983171463,831
0.0712289810181,830
0.0721821784973,829
0.0725560188293,828
0.073410987854,827
0.0735821723938,826
0.0747411251068,825
0.0757820606232,824
0.0763809680939,823
0.0766460895538,822
0.0767071247101,821
0.0771870613098,820
0.0772550106049,819
0.0783860683441,818
0.0791840553284,817
0.0794770717621,816
0.079626083374,815
0.0797390937805,814
0.0799579620361,813
0.0800740718842,812
0.0809631347656,811
0.0813910961151,810
0.0828201770782,809
0.0839409828186,808
0.0849430561066,807
0.0854821205139,806
0.0860249996185,805
0.0864310264587,804
0.0868761539459,803
0.0870430469513,802
0.0876779556274,801
0.0880801677704,800
0.0890200138092,799
0.0892341136932,798
0.0896511077881,797
0.0898261070251,796
0.0902349948883,795
0.0905380249023,794
0.0908541679382,793
0.0910351276398,792
0.0923271179199,791
0.0927929878235,790
0.0932900905609,789
0.0937781333923,788
0.0942749977112,787
0.0943410396576,786
0.0944061279297,785
0.0945460796356,784
0.0947229862213,783
0.0949289798737,782
0.0968720912933,781
0.0972261428833,780
0.0985610485077,779
0.100522041321,778
0.100568056107,777
0.100803136826,776
0.100890159607,775
0.100954055786,774
0.10168504715,773
0.103325128555,772
0.103763103485,771
0.105257034302,770
0.105525016785,769
0.107889175415,768
0.108579158783,767
0.108711004257,766
0.109091043472,765
0.109611034393,764
0.110006093979,763
0.110686063766,762
0.111006975174,761
0.11171412468,760
0.111941099167,759
0.112063169479,758
0.11311006546,757
0.11353302002,756
0.114358186722,755
0.115091085434,754
0.117597103119,753
0.117928981781,752
0.119153022766,751
0.119836091995,750
0.120990037918,749
0.12158703804,748
0.122362136841,747
0.122476100922,746
0.122668027878,745
0.122800111771,744
0.123030185699,743
0.123911142349,742
0.126085996628,741
0.126155138016,740
0.12621307373,739
0.127341985703,738
0.129927158356,737
0.130001068115,736
0.130063056946,735
0.131491184235,734
0.132146120071,733
0.133013963699,732
0.13338303566,731
0.135315179825,730
0.135421037674,729
0.135650157928,728
0.136429071426,727
0.13674902916,726
0.138664960861,725
0.140187978745,724
0.140446186066,723
0.140612125397,722
0.141226053238,721
0.141501188278,720
0.142150163651,719
0.142263174057,718
0.142426967621,717
0.143434047699,716
0.143731117249,715
0.144358158112,714
0.144488096237,713
0.144818067551,712
0.147371053696,711
0.147873163223,710
0.149121046066,709
0.14936709404,708
0.149507045746,707
0.150061130524,706
0.151859998703,705
0.15441608429,704
0.154628992081,703
0.155837059021,702
0.156713962555,701
0.158080101013,700
0.158133983612,699
0.159317970276,698
0.160665988922,697
0.160858154297,696
0.16091799736,695
0.161244153976,694
0.161401987076,693
0.16176700592,692
0.162515163422,691
0.16400718689,690
0.164206981659,689
0.166110992432,688
0.166175127029,687
0.166241168976,686
0.167510032654,685
0.169012069702,684
0.173046112061,683
0.175029039383,682
0.17587018013,681
0.177092075348,680
0.177811145782,679
0.178717136383,678
0.180480957031,677
0.181641101837,676
0.184694051743,675
0.188294172287,674
0.188915014267,673
0.190204143524,672
0.334449052811,671
0.336244106293,670
0.337432146072,669
0.340908050537,668
0.342288017273,667
0.342926025391,666
0.348440170288,665
0.352260112762,664
0.353563070297,663
0.363471031189,662
0.364273071289,661
0.364856958389,660
0.364972114563,659
0.377804994583,658
0.724107027054,657
0.725802183151,656
0.734270095825,655
0.744569063187,654
0.919043064117,653
0.920511007309,652
1.11669015884,651
1.11944007874,650
1.12189412117,649
1.12222218513,648
1.12539696693,647
1.12824416161,646
1.12934017181,645
1.13104701042,644
1.13526797295,643
1.33048009872,642
1.50477814674,641
1.51418995857,640
1.51463317871,639
1.51538014412,638
1.51884317398,637
1.86218118668,636
1.86467409134,635
1.86512517929,634
1.86605715752,633
1.86817717552,632
1.88012814522,631
2.07280302048,630
2.0871591568,629
2.08932304382,628
3.79738616943,627
