0.00543403625488,1132
0.00553202629089,1131
0.00560593605042,1130
0.00568008422852,1129
0.00575494766235,1128
0.00581097602844,1127
0.00586915016174,1126
0.00598812103271,1125
0.00609111785889,1124
0.00616097450256,1123
0.00625205039978,1122
0.00631594657898,1121
0.00640106201172,1120
0.00649499893188,1119
0.00656604766846,1118
0.0066180229187,1117
0.00667214393616,1116
0.00676012039185,1115
0.00687408447266,1114
0.00695204734802,1113
0.00701498985291,1112
0.00711607933044,1111
0.00718712806702,1110
0.00724816322327,1109
0.0073299407959,1108
0.00740313529968,1107
0.00754594802856,1106
0.00767302513123,1105
0.00775814056396,1104
0.00781798362732,1103
0.00797009468079,1102
0.00821900367737,1101
0.0082859992981,1100
0.00845909118652,1099
0.00851607322693,1098
0.00858998298645,1097
0.00864315032959,1096
0.00870013237,1095
0.00878715515137,1094
0.00888109207153,1093
0.00896406173706,1092
0.00903701782227,1091
0.00911593437195,1090
0.00922799110413,1089
0.00929594039917,1088
0.00944495201111,1087
0.00956106185913,1086
0.00968813896179,1085
0.0099949836731,1084
0.0100750923157,1083
0.0101871490479,1082
0.0102500915527,1081
0.0103490352631,1080
0.0106060504913,1079
0.0106749534607,1078
0.0108971595764,1077
0.011214017868,1076
0.0114510059357,1075
0.0115220546722,1074
0.0115721225739,1073
0.0116209983826,1072
0.0117061138153,1071
0.0118911266327,1070
0.0119481086731,1069
0.0120389461517,1068
0.0122261047363,1067
0.0123620033264,1066
0.0126330852509,1065
0.0127930641174,1064
0.0128750801086,1063
0.0129580497742,1062
0.0130290985107,1061
0.0131800174713,1060
0.0132329463959,1059
0.0134530067444,1058
0.0134980678558,1057
0.0136849880219,1056
0.0138821601868,1055
0.0141229629517,1054
0.0142540931702,1053
0.0144970417023,1052
0.0147359371185,1051
0.0148279666901,1050
0.0148680210114,1049
0.0149221420288,1048
0.0150940418243,1047
0.0151669979095,1046
0.0153210163116,1045
0.0154700279236,1044
0.0155279636383,1043
0.0155961513519,1042
0.0156581401825,1041
0.0157251358032,1040
0.016037940979,1039
0.0161321163177,1038
0.0162019729614,1037
0.0163540840149,1036
0.0164270401001,1035
0.0166020393372,1034
0.0169160366058,1033
0.0170810222626,1032
0.0172560214996,1031
0.0174479484558,1030
0.0175049304962,1029
0.0176119804382,1028
0.0177080631256,1027
0.0178511142731,1026
0.017893075943,1025
0.017993927002,1024
0.0183129310608,1023
0.0184071063995,1022
0.0185070037842,1021
0.0187029838562,1020
0.0187790393829,1019
0.018944978714,1018
0.0190870761871,1017
0.0194039344788,1016
0.0197789669037,1015
0.0200090408325,1014
0.0200929641724,1013
0.020161151886,1012
0.020446062088,1011
0.0205049514771,1010
0.0206220149994,1009
0.0208039283752,1008
0.0209109783173,1007
0.0212249755859,1006
0.0215899944305,1005
0.0216920375824,1004
0.0218019485474,1003
0.0218789577484,1002
0.0219421386719,1001
0.0221109390259,1000
0.0222020149231,999
0.022274017334,998
0.0228021144867,997
0.0228631496429,996
0.0230679512024,995
0.0234670639038,994
0.0236620903015,993
0.0240759849548,992
0.024199962616,991
0.0242841243744,990
0.0244860649109,989
0.0247550010681,988
0.0248010158539,987
0.024894952774,986
0.0249321460724,985
0.0252180099487,984
0.0254180431366,983
0.0255401134491,982
0.025778055191,981
0.0259349346161,980
0.0261969566345,979
0.0262680053711,978
0.0263209342957,977
0.0263991355896,976
0.0265080928802,975
0.026703119278,974
0.0267901420593,973
0.0269410610199,972
0.0270519256592,971
0.0272431373596,970
0.0273871421814,969
0.0274651050568,968
0.027724981308,967
0.0279459953308,966
0.0280301570892,965
0.0281081199646,964
0.028195142746,963
0.0285329818726,962
0.0286290645599,961
0.0287139415741,960
0.0288169384003,959
0.0289189815521,958
0.0292510986328,957
0.0293369293213,956
0.0294561386108,955
0.0299129486084,954
0.0301549434662,953
0.0303800106049,952
0.0304300785065,951
0.0306971073151,950
0.0307669639587,949
0.0309920310974,948
0.031063079834,947
0.0312070846558,946
0.031494140625,945
0.0317180156708,944
0.0329070091248,943
0.03364610672,942
0.0337150096893,941
0.0337719917297,940
0.0340390205383,939
0.0341000556946,938
0.0342221260071,937
0.0343749523163,936
0.0344929695129,935
0.0345871448517,934
0.0347180366516,933
0.0347769260406,932
0.0348579883575,931
0.035099029541,930
0.0356910228729,929
0.0358850955963,928
0.0365090370178,927
0.0367300510406,926
0.036945104599,925
0.0375580787659,924
0.037614107132,923
0.0382950305939,922
0.0383939743042,921
0.038859128952,920
0.0390150547028,919
0.0394220352173,918
0.0395030975342,917
0.0397801399231,916
0.0400140285492,915
0.0402071475983,914
0.0402810573578,913
0.040874004364,912
0.0412490367889,911
0.041552066803,910
0.0419211387634,909
0.0420179367065,908
0.042130947113,907
0.0422661304474,906
0.0424649715424,905
0.0425491333008,904
0.043025970459,903
0.0431189537048,902
0.0431809425354,901
0.0436379909515,900
0.0440690517426,899
0.0441470146179,898
0.0442550182343,897
0.0445129871368,896
0.0446050167084,895
0.0448820590973,894
0.0450279712677,893
0.0457439422607,892
0.0462460517883,891
0.0467700958252,890
0.0468471050262,889
0.046991109848,888
0.0473020076752,887
0.0476901531219,886
0.0480401515961,885
0.048180103302,884
0.0486340522766,883
0.0490610599518,882
0.0491380691528,881
0.05095911026,880
0.051600933075,879
0.051666021347,878
0.052314043045,877
0.0523700714111,876
0.0524220466614,875
0.0525770187378,874
0.0527191162109,873
0.0533080101013,872
0.0533609390259,871
0.0534720420837,870
0.0537660121918,869
0.0542249679565,868
0.0543761253357,867
0.054829120636,866
0.0553729534149,865
0.0556421279907,864
0.0560200214386,863
0.0561110973358,862
0.0573320388794,861
0.0574309825897,860
0.0586230754852,859
0.0591139793396,858
0.0592119693756,857
0.0595400333405,856
0.0597310066223,855
0.059846162796,854
0.059965133667,853
0.0603229999542,852
0.0607149600983,851
0.0614309310913,850
0.0618920326233,849
0.0620510578156,848
0.0626170635223,847
0.0629589557648,846
0.0634100437164,845
0.0634820461273,844
0.0640349388123,843
0.0647850036621,842
0.0649449825287,841
0.0650401115417,840
0.0665709972382,839
0.0670630931854,838
0.0672569274902,837
0.06755900383,836
0.067880153656,835
0.0681900978088,834
0.0682220458984,833
0.0712909698486,832
0.0717220306396,831
0.0718500614166,830
0.0723030567169,829
0.0730791091919,828
0.0736849308014,827
0.0749039649963,826
0.0753700733185,825
0.0756239891052,824
0.0761749744415,823
0.0762579441071,822
0.0768070220947,821
0.0772039890289,820
0.0780589580536,819
0.0786910057068,818
0.0797381401062,817
0.0812411308289,816
0.0813019275665,815
0.0816221237183,814
0.08176612854,813
0.0828011035919,812
0.082839012146,811
0.0835030078888,810
0.0837121009827,809
0.0840270519257,808
0.0842390060425,807
0.084370136261,806
0.0844190120697,805
0.0846309661865,804
0.0871820449829,803
0.0876860618591,802
0.0881481170654,801
0.0887260437012,800
0.0894949436188,799
0.0904190540314,798
0.0907509326935,797
0.0914270877838,796
0.0925440788269,795
0.0926871299744,794
0.0930390357971,793
0.0941331386566,792
0.0945680141449,791
0.0951969623566,790
0.0952410697937,789
0.0959091186523,788
0.0965790748596,787
0.0977699756622,786
0.0979759693146,785
0.0982069969177,784
0.0983300209045,783
0.0984981060028,782
0.0990810394287,781
0.100015163422,780
0.100625038147,779
0.101130962372,778
0.101539134979,777
0.101745128632,776
0.102005004883,775
0.10248208046,774
0.102550029755,773
0.10357093811,772
0.107083082199,771
0.108090162277,770
0.10894203186,769
0.108992099762,768
0.109745979309,767
0.110180139542,766
0.110271930695,765
0.110644102097,764
0.112132072449,763
0.114082098007,762
0.115086078644,761
0.115855932236,760
0.116727113724,759
0.116935968399,758
0.119317054749,757
0.120648145676,756
0.120723009109,755
0.120864152908,754
0.121163129807,753
0.121473073959,752
0.121530056,751
0.121870994568,750
0.122591972351,749
0.124433040619,748
0.125172138214,747
0.125231981277,746
0.125597000122,745
0.126008033752,744
0.128008127213,743
0.128453969955,742
0.128682136536,741
0.131297111511,740
0.131488084793,739
0.131802082062,738
0.131997108459,737
0.132388114929,736
0.132820129395,735
0.133018016815,734
0.133829116821,733
0.134241104126,732
0.134557008743,731
0.134853124619,730
0.13677406311,729
0.138656139374,728
0.139709949493,727
0.141211986542,726
0.143022060394,725
0.143738985062,724
0.148102045059,723
0.150656938553,722
0.15118598938,721
0.152039051056,720
0.153763055801,719
0.153949022293,718
0.15408205986,717
0.154411077499,716
0.156182050705,715
0.15847992897,714
0.159836053848,713
0.160992145538,712
0.161325931549,711
0.161431074142,710
0.163404941559,709
0.163877010345,708
0.164296150208,707
0.165673971176,706
0.16633105278,705
0.166471004486,704
0.166556119919,703
0.167341947556,702
0.168059110641,701
0.168662071228,700
0.169338941574,699
0.170161008835,698
0.170935153961,697
0.171313047409,696
0.17177605629,695
0.172024011612,694
0.172903060913,693
0.172968149185,692
0.173714160919,691
0.175318002701,690
0.176999092102,689
0.17738199234,688
0.18112206459,687
0.18447303772,686
0.186335086823,685
0.188941955566,684
0.190060138702,683
0.190403938293,682
0.190705060959,681
0.190809965134,680
0.364187955856,679
0.365304946899,678
0.370023012161,677
0.392055034637,676
0.393393039703,675
0.543295145035,674
0.557583093643,673
0.565961122513,672
0.567593097687,671
0.580147027969,670
0.581913948059,669
0.590604066849,668
0.591808080673,667
0.599575042725,666
0.765134096146,665
0.767545938492,664
0.77098608017,663
0.777017116547,662
0.780472040176,661
0.782932043076,660
0.785378932953,659
0.906404972076,658
0.908374071121,657
0.910656929016,656
0.911478996277,655
0.91959810257,654
0.94002199173,653
0.94326710701,652
0.952898025513,651
0.953151941299,650
0.954535961151,649
0.958351135254,648
0.962563037872,647
1.12069702148,646
1.12385010719,645
1.12418198586,644
1.12658500671,643
1.14951896667,642
1.33572912216,641
1.33793711662,640
1.34018611908,639
1.50055909157,638
1.50464701653,637
1.52104616165,636
1.70579314232,635
2.61763811111,634
2.62047100067,633
2.79579901695,632
2.79660201073,631
2.79752397537,630
2.80179595947,629
2.80678510666,628
2.80997610092,627
3.35177016258,626
3.36015605927,625
3.36380505562,624
3.36530303955,623
3.54524803162,622
