0.0044469833374,1132
0.00449585914612,1131
0.00454807281494,1130
0.00463104248047,1129
0.00469088554382,1128
0.00473690032959,1127
0.00479698181152,1126
0.00488901138306,1125
0.00494885444641,1124
0.00500202178955,1123
0.0050630569458,1122
0.00511693954468,1121
0.00516986846924,1120
0.00521302223206,1119
0.00527405738831,1118
0.00535607337952,1117
0.00540399551392,1116
0.00545501708984,1115
0.00551390647888,1114
0.00558304786682,1113
0.00565791130066,1112
0.00573492050171,1111
0.00578999519348,1110
0.00585699081421,1109
0.00594592094421,1108
0.00600004196167,1107
0.00617384910583,1106
0.00627589225769,1105
0.00637006759644,1104
0.00642585754395,1103
0.00652503967285,1102
0.00658702850342,1101
0.0066990852356,1100
0.00679302215576,1099
0.00683808326721,1098
0.00695204734802,1097
0.00702905654907,1096
0.00708293914795,1095
0.00718688964844,1094
0.00730586051941,1093
0.00738000869751,1092
0.00748801231384,1091
0.00754904747009,1090
0.00760889053345,1089
0.00768303871155,1088
0.00775790214539,1087
0.0078399181366,1086
0.00788998603821,1085
0.00795602798462,1084
0.00805497169495,1083
0.00809788703918,1082
0.00819802284241,1081
0.00824689865112,1080
0.00836300849915,1079
0.00843906402588,1078
0.00850391387939,1077
0.00857901573181,1076
0.00869297981262,1075
0.00874590873718,1074
0.00898885726929,1073
0.00902605056763,1072
0.00921487808228,1071
0.00952792167664,1070
0.00960993766785,1069
0.00977492332458,1068
0.00991296768188,1067
0.0100090503693,1066
0.0101399421692,1065
0.0102090835571,1064
0.0103230476379,1063
0.0103979110718,1062
0.0104689598083,1061
0.0106639862061,1060
0.0107650756836,1059
0.0108680725098,1058
0.0109760761261,1057
0.0110628604889,1056
0.011118888855,1055
0.0112450122833,1054
0.0113499164581,1053
0.0114350318909,1052
0.0114779472351,1051
0.0115530490875,1050
0.0116648674011,1049
0.0118138790131,1048
0.0123090744019,1047
0.0123660564423,1046
0.012491941452,1045
0.01256108284,1044
0.0126168727875,1043
0.0126810073853,1042
0.0127918720245,1041
0.0128529071808,1040
0.0129420757294,1039
0.0132110118866,1038
0.013396024704,1037
0.0135159492493,1036
0.0136690139771,1035
0.0138130187988,1034
0.013993024826,1033
0.0142428874969,1032
0.0143489837646,1031
0.0144219398499,1030
0.0144710540771,1029
0.0145440101624,1028
0.014839887619,1027
0.0148780345917,1026
0.0150198936462,1025
0.0153398513794,1024
0.0155839920044,1023
0.0158200263977,1022
0.0160539150238,1021
0.0161528587341,1020
0.0162720680237,1019
0.0163629055023,1018
0.0165128707886,1017
0.0168190002441,1016
0.0169599056244,1015
0.0171549320221,1014
0.0173258781433,1013
0.0174429416656,1012
0.0175259113312,1011
0.0177059173584,1010
0.0182430744171,1009
0.0182909965515,1008
0.0183339118958,1007
0.0184140205383,1006
0.0185129642487,1005
0.0186960697174,1004
0.0189619064331,1003
0.0192060470581,1002
0.0200979709625,1001
0.0203800201416,1000
0.020761013031,999
0.0208170413971,998
0.0208868980408,997
0.0210750102997,996
0.021192073822,995
0.021950006485,994
0.0219929218292,993
0.022029876709,992
0.0221929550171,991
0.0225310325623,990
0.0227189064026,989
0.02281498909,988
0.0230810642242,987
0.0234289169312,986
0.0236110687256,985
0.0236718654633,984
0.023756980896,983
0.0239880084991,982
0.0242800712585,981
0.0243759155273,980
0.0244519710541,979
0.0247888565063,978
0.0251200199127,977
0.0254490375519,976
0.0256910324097,975
0.0261299610138,974
0.0263600349426,973
0.0264849662781,972
0.0265460014343,971
0.0268008708954,970
0.0269589424133,969
0.0277788639069,968
0.0279438495636,967
0.0280380249023,966
0.0281100273132,965
0.0282208919525,964
0.0286629199982,963
0.0288910865784,962
0.0289678573608,961
0.0290880203247,960
0.0294990539551,959
0.0297598838806,958
0.0301749706268,957
0.0302450656891,956
0.0303120613098,955
0.0303869247437,954
0.0308029651642,953
0.0310130119324,952
0.0312790870667,951
0.0316948890686,950
0.0317409038544,949
0.0319430828094,948
0.0321838855743,947
0.0323588848114,946
0.0324399471283,945
0.0325419902802,944
0.0328140258789,943
0.0333490371704,942
0.0334298610687,941
0.0336589813232,940
0.0338978767395,939
0.0340549945831,938
0.0346920490265,937
0.0350069999695,936
0.0355360507965,935
0.0365068912506,934
0.0365650653839,933
0.0367019176483,932
0.0369729995728,931
0.0370399951935,930
0.0372369289398,929
0.0372769832611,928
0.0379528999329,927
0.0380229949951,926
0.0383360385895,925
0.0384249687195,924
0.0384740829468,923
0.0386378765106,922
0.0386829376221,921
0.0388920307159,920
0.0391359329224,919
0.0396609306335,918
0.0398259162903,917
0.0398659706116,916
0.0399839878082,915
0.040687084198,914
0.040757894516,913
0.0410759449005,912
0.0414419174194,911
0.0415680408478,910
0.0421469211578,909
0.0422849655151,908
0.0425930023193,907
0.0427579879761,906
0.0429458618164,905
0.0433819293976,904
0.0435390472412,903
0.0437068939209,902
0.0438299179077,901
0.0440859794617,900
0.0441460609436,899
0.0455930233002,898
0.0456500053406,897
0.0459198951721,896
0.0465638637543,895
0.0466740131378,894
0.0467240810394,893
0.0471730232239,892
0.0480289459229,891
0.0484750270844,890
0.048907995224,889
0.0489718914032,888
0.0492548942566,887
0.0515069961548,886
0.0515429973602,885
0.0516798496246,884
0.0518288612366,883
0.0527610778809,882
0.052855014801,881
0.0529098510742,880
0.0529630184174,879
0.0533380508423,878
0.0540690422058,877
0.0542719364166,876
0.0543489456177,875
0.0545239448547,874
0.0548229217529,873
0.0550730228424,872
0.0557198524475,871
0.056293964386,870
0.0564968585968,869
0.0572290420532,868
0.0573089122772,867
0.0576529502869,866
0.0579199790955,865
0.0582828521729,864
0.0584709644318,863
0.0589518547058,862
0.0592060089111,861
0.0592648983002,860
0.0595440864563,859
0.0597829818726,858
0.0598690509796,857
0.0599858760834,856
0.0601329803467,855
0.0605790615082,854
0.0609428882599,853
0.0609788894653,852
0.0611219406128,851
0.0612280368805,850
0.0622968673706,849
0.0623409748077,848
0.0626740455627,847
0.0627839565277,846
0.0631148815155,845
0.0633308887482,844
0.0636110305786,843
0.0639698505402,842
0.0661909580231,841
0.0664298534393,840
0.0665719509125,839
0.0672719478607,838
0.068500995636,837
0.0686829090118,836
0.0689759254456,835
0.0694100856781,834
0.0694859027863,833
0.0695490837097,832
0.0703508853912,831
0.0705659389496,830
0.0706379413605,829
0.0708088874817,828
0.0712749958038,827
0.0719449520111,826
0.0721888542175,825
0.0729930400848,824
0.0751230716705,823
0.0753788948059,822
0.0755980014801,821
0.0758440494537,820
0.076397895813,819
0.0772089958191,818
0.0773520469666,817
0.0777020454407,816
0.0778119564056,815
0.0784769058228,814
0.0786528587341,813
0.0791308879852,812
0.0809419155121,811
0.0810170173645,810
0.0815279483795,809
0.0820679664612,808
0.0821290016174,807
0.0825178623199,806
0.0838749408722,805
0.0840668678284,804
0.084410905838,803
0.0848128795624,802
0.0848889350891,801
0.0853328704834,800
0.086049079895,799
0.0865039825439,798
0.0865728855133,797
0.0869688987732,796
0.0874979496002,795
0.0877408981323,794
0.089879989624,793
0.092747926712,792
0.0930559635162,791
0.0931260585785,790
0.0935029983521,789
0.0935549736023,788
0.0939109325409,787
0.0944669246674,786
0.0945010185242,785
0.0951709747314,784
0.0967910289764,783
0.0972499847412,782
0.0981650352478,781
0.0984110832214,780
0.098562002182,779
0.100009918213,778
0.100821018219,777
0.101322889328,776
0.101938009262,775
0.102937936783,774
0.105866909027,773
0.10687494278,772
0.107442855835,771
0.107600927353,770
0.108319044113,769
0.108613967896,768
0.109251022339,767
0.110094070435,766
0.110463857651,765
0.110527038574,764
0.110657930374,763
0.111176013947,762
0.112132072449,761
0.114301919937,760
0.114845991135,759
0.115345954895,758
0.116286993027,757
0.1170399189,756
0.117929935455,755
0.118968963623,754
0.119271993637,753
0.11967086792,752
0.120734930038,751
0.121201992035,750
0.122335910797,749
0.122472047806,748
0.123175859451,747
0.123231887817,746
0.12332701683,745
0.123647928238,744
0.124495983124,743
0.125268936157,742
0.125911951065,741
0.126415967941,740
0.127707958221,739
0.127848863602,738
0.128743886948,737
0.129289865494,736
0.129914045334,735
0.130884885788,734
0.132958889008,733
0.133674860001,732
0.133776903152,731
0.134024858475,730
0.135853052139,729
0.136618852615,728
0.140491962433,727
0.145183086395,726
0.145292043686,725
0.14710187912,724
0.147145986557,723
0.147732973099,722
0.147965908051,721
0.148185968399,720
0.148458003998,719
0.149407863617,718
0.150652885437,717
0.151689052582,716
0.151916027069,715
0.153382062912,714
0.155426025391,713
0.155566930771,712
0.156326055527,711
0.158140897751,710
0.158396959305,709
0.158685922623,708
0.159637928009,707
0.159728050232,706
0.160265922546,705
0.161092042923,704
0.161231040955,703
0.16205406189,702
0.164934873581,701
0.165168046951,700
0.165946006775,699
0.166619062424,698
0.167675971985,697
0.169357061386,696
0.169812917709,695
0.170230865479,694
0.171249866486,693
0.171324968338,692
0.172174930573,691
0.17262005806,690
0.173753976822,689
0.175721883774,688
0.176025867462,687
0.176552057266,686
0.177433013916,685
0.181249856949,684
0.183701038361,683
0.184479951859,682
0.186985015869,681
0.187352895737,680
0.187614917755,679
0.18963599205,678
0.189773082733,677
0.190319061279,676
0.191498994827,675
0.192379951477,674
0.194242954254,673
0.19442987442,672
0.196090936661,671
0.343600034714,670
0.345633029938,669
0.347363948822,668
0.349974870682,667
0.354088068008,666
0.357382059097,665
0.359348058701,664
0.364968061447,663
0.365565061569,662
0.375545024872,661
0.511152029037,660
0.530812978745,659
0.539319038391,658
0.555093050003,657
0.699189901352,656
0.702122926712,655
0.712491989136,654
0.714452028275,653
0.725117921829,652
0.736507892609,651
0.906382083893,650
0.913588047028,649
1.08254599571,648
1.08492588997,647
1.08624196053,646
1.26803207397,645
1.26872706413,644
1.27231001854,643
1.28274703026,642
1.65217995644,641
1.85240793228,640
2.22340989113,639
2.40254688263,638
2.40726208687,637
2.41349887848,636
2.77349996567,635
2.77468204498,634
2.77782201767,633
2.99754285812,632
3.00515604019,631
3.0107049942,630
3.20597100258,629
3.20758485794,628
3.20764994621,627
3.95481300354,626
3.95699596405,625
3.96237492561,624
