0.0243101119995,1132
0.0243680477142,1131
0.0244209766388,1130
0.0244770050049,1129
0.0245389938354,1128
0.0246260166168,1127
0.0246820449829,1126
0.0247650146484,1125
0.0248250961304,1124
0.0248830318451,1123
0.0249450206757,1122
0.0249950885773,1121
0.0250701904297,1120
0.0251181125641,1119
0.0252060890198,1118
0.025267124176,1117
0.0253810882568,1116
0.0254609584808,1115
0.0255839824677,1114
0.0256340503693,1113
0.0256760120392,1112
0.0257880687714,1111
0.0258440971375,1110
0.0259330272675,1109
0.0259811878204,1108
0.0261180400848,1107
0.0261731147766,1106
0.026239156723,1105
0.0263221263885,1104
0.0263750553131,1103
0.026465177536,1102
0.0266230106354,1101
0.0267150402069,1100
0.0268061161041,1099
0.0268609523773,1098
0.0270221233368,1097
0.0271141529083,1096
0.0272259712219,1095
0.0272870063782,1094
0.0273389816284,1093
0.0275440216064,1092
0.0275900363922,1091
0.027633190155,1090
0.0276861190796,1089
0.0277371406555,1088
0.0277960300446,1087
0.0278680324554,1086
0.0279710292816,1085
0.0280179977417,1084
0.0280871391296,1083
0.0282399654388,1082
0.0282821655273,1081
0.0285999774933,1080
0.0286610126495,1079
0.0287530422211,1078
0.0288109779358,1077
0.02894115448,1076
0.029011964798,1075
0.0290591716766,1074
0.0290989875793,1073
0.0291531085968,1072
0.0292131900787,1071
0.029452085495,1070
0.0296030044556,1069
0.0297119617462,1068
0.0299050807953,1067
0.0300590991974,1066
0.0301949977875,1065
0.030277967453,1064
0.0303540229797,1063
0.0304181575775,1062
0.0305120944977,1061
0.0307321548462,1060
0.0307950973511,1059
0.030855178833,1058
0.0310800075531,1057
0.0314049720764,1056
0.0315091609955,1055
0.0315821170807,1054
0.031699180603,1053
0.0318109989166,1052
0.0320341587067,1051
0.0322570800781,1050
0.03244805336,1049
0.0324950218201,1048
0.0325620174408,1047
0.0326361656189,1046
0.0327010154724,1045
0.0327620506287,1044
0.0328330993652,1043
0.032989025116,1042
0.0330770015717,1041
0.0334060192108,1040
0.033478975296,1039
0.0335431098938,1038
0.0338361263275,1037
0.0339319705963,1036
0.0339970588684,1035
0.0340411663055,1034
0.0340840816498,1033
0.0341811180115,1032
0.0343291759491,1031
0.0345280170441,1030
0.0345821380615,1029
0.0347411632538,1028
0.0348739624023,1027
0.0349440574646,1026
0.0350949764252,1025
0.0351929664612,1024
0.0353610515594,1023
0.0355761051178,1022
0.0359280109406,1021
0.036395072937,1020
0.0366899967194,1019
0.0367481708527,1018
0.0368139743805,1017
0.037201166153,1016
0.037337064743,1015
0.0375061035156,1014
0.0375599861145,1013
0.03764295578,1012
0.0381641387939,1011
0.0382270812988,1010
0.0384011268616,1009
0.0386891365051,1008
0.0387949943542,1007
0.0389289855957,1006
0.0394711494446,1005
0.0397741794586,1004
0.0401451587677,1003
0.0402121543884,1002
0.0403649806976,1001
0.0405161380768,1000
0.0406839847565,999
0.0409259796143,998
0.0410611629486,997
0.0411770343781,996
0.0415511131287,995
0.0417070388794,994
0.0418310165405,993
0.0426540374756,992
0.0427441596985,991
0.0428500175476,990
0.0430800914764,989
0.0431730747223,988
0.0437390804291,987
0.0438830852509,986
0.0439879894257,985
0.0443661212921,984
0.0445840358734,983
0.04474401474,982
0.0455231666565,981
0.0455710887909,980
0.0456621646881,979
0.0457301139832,978
0.0458650588989,977
0.046079158783,976
0.0461280345917,975
0.046373128891,974
0.0466051101685,973
0.0467259883881,972
0.0473110675812,971
0.0473849773407,970
0.0476980209351,969
0.0481669902802,968
0.0482680797577,967
0.0483520030975,966
0.0491759777069,965
0.049252986908,964
0.0495300292969,963
0.0495901107788,962
0.0500931739807,961
0.0504741668701,960
0.0507700443268,959
0.0508861541748,958
0.0510439872742,957
0.0511500835419,956
0.0516061782837,955
0.0517401695251,954
0.0518469810486,953
0.0523190498352,952
0.0525159835815,951
0.0527300834656,950
0.0533690452576,949
0.0535399913788,948
0.0538060665131,947
0.0539710521698,946
0.0540790557861,945
0.0542821884155,944
0.0543429851532,943
0.0548830032349,942
0.0549831390381,941
0.0551900863647,940
0.055330991745,939
0.055685043335,938
0.0558440685272,937
0.0560710430145,936
0.0562000274658,935
0.056380033493,934
0.0570271015167,933
0.0574860572815,932
0.0575630664825,931
0.0579881668091,930
0.0583460330963,929
0.058806180954,928
0.0591011047363,927
0.0601589679718,926
0.0604031085968,925
0.0604770183563,924
0.0605411529541,923
0.0606710910797,922
0.0607881546021,921
0.0608360767365,920
0.0610661506653,919
0.0611340999603,918
0.0613031387329,917
0.0614080429077,916
0.0616149902344,915
0.0618009567261,914
0.0620050430298,913
0.062422990799,912
0.0625751018524,911
0.0633180141449,910
0.0634410381317,909
0.0644891262054,908
0.0647010803223,907
0.0662751197815,906
0.066498041153,905
0.0667850971222,904
0.0669369697571,903
0.0670499801636,902
0.0671510696411,901
0.0672161579132,900
0.0672981739044,899
0.0679540634155,898
0.0683581829071,897
0.069580078125,896
0.0699560642242,895
0.0701270103455,894
0.0701851844788,893
0.0702950954437,892
0.0707490444183,891
0.0710470676422,890
0.0711410045624,889
0.0712480545044,888
0.0714070796967,887
0.0714671611786,886
0.0717029571533,885
0.0718021392822,884
0.0719530582428,883
0.0723161697388,882
0.0725049972534,881
0.0725681781769,880
0.0731880664825,879
0.073343038559,878
0.0737190246582,877
0.073853969574,876
0.0745410919189,875
0.0746021270752,874
0.074933052063,873
0.0753560066223,872
0.0757651329041,871
0.0762450695038,870
0.0762991905212,869
0.0763649940491,868
0.0765261650085,867
0.0769209861755,866
0.0770411491394,865
0.0772480964661,864
0.0777130126953,863
0.0778331756592,862
0.0778911113739,861
0.0785191059113,860
0.0785889625549,859
0.0786781311035,858
0.0789070129395,857
0.07941198349,856
0.0798499584198,855
0.0799291133881,854
0.0802049636841,853
0.0804560184479,852
0.080509185791,851
0.080785036087,850
0.0810461044312,849
0.0815780162811,848
0.082004070282,847
0.0821440219879,846
0.082319021225,845
0.0823731422424,844
0.0830819606781,843
0.0838739871979,842
0.0840501785278,841
0.0845890045166,840
0.0849449634552,839
0.0852739810944,838
0.0859711170197,837
0.0866010189056,836
0.0874450206757,835
0.087898015976,834
0.0884671211243,833
0.0886580944061,832
0.0891389846802,831
0.0893380641937,830
0.0896110534668,829
0.0904331207275,828
0.0913059711456,827
0.0917341709137,826
0.0918920040131,825
0.0919940471649,824
0.0922141075134,823
0.0934751033783,822
0.0939600467682,821
0.0940339565277,820
0.0941059589386,819
0.0944051742554,818
0.0945611000061,817
0.0946490764618,816
0.095165014267,815
0.0952310562134,814
0.0962371826172,813
0.097589969635,812
0.0982441902161,811
0.100464105606,810
0.100695133209,809
0.101092100143,808
0.101579189301,807
0.101894140244,806
0.102029085159,805
0.102322101593,804
0.102504968643,803
0.102594137192,802
0.103669166565,801
0.103773117065,800
0.103829145432,799
0.103950023651,798
0.103993177414,797
0.104051113129,796
0.10414814949,795
0.104489088058,794
0.104671001434,793
0.106181144714,792
0.106726169586,791
0.1075091362,790
0.107617139816,789
0.108091115952,788
0.10818696022,787
0.110648155212,786
0.111698150635,785
0.11180305481,784
0.11206817627,783
0.112262010574,782
0.11233997345,781
0.113118171692,780
0.113718032837,779
0.113857984543,778
0.11436009407,777
0.11513710022,776
0.115442991257,775
0.116497039795,774
0.117475986481,773
0.11807513237,772
0.11822104454,771
0.118908166885,770
0.119378089905,769
0.121719121933,768
0.122039079666,767
0.123034000397,766
0.123492002487,765
0.123972177505,764
0.124087095261,763
0.124629974365,762
0.124729156494,761
0.125293016434,760
0.125653028488,759
0.126528978348,758
0.126636981964,757
0.127475976944,756
0.129109144211,755
0.131500005722,754
0.134922027588,753
0.135809183121,752
0.137722015381,751
0.13888502121,750
0.140333175659,749
0.140733003616,748
0.142102003098,747
0.142579078674,746
0.143007040024,745
0.145195007324,744
0.146226167679,743
0.14866399765,742
0.148775100708,741
0.150566101074,740
0.153450965881,739
0.153558969498,738
0.154216051102,737
0.154324054718,736
0.154898166656,735
0.155192136765,734
0.155594110489,733
0.156068086624,732
0.156457185745,731
0.156907081604,730
0.157652139664,729
0.157719135284,728
0.157754182816,727
0.158907175064,726
0.159351110458,725
0.159646987915,724
0.159818172455,723
0.160920143127,722
0.161026954651,721
0.161200046539,720
0.161657094955,719
0.161803007126,718
0.162536144257,717
0.163475990295,716
0.165515184402,715
0.166637182236,714
0.167572975159,713
0.16882610321,712
0.169146060944,711
0.169238090515,710
0.169789075851,709
0.170588970184,708
0.171872138977,707
0.173546075821,706
0.174833059311,705
0.176023006439,704
0.176568031311,703
0.177054166794,702
0.17755818367,701
0.177675962448,700
0.177738189697,699
0.181010007858,698
0.183228969574,697
0.184961080551,696
0.185836076736,695
0.188971996307,694
0.189027070999,693
0.190286159515,692
0.191706180573,691
0.19285607338,690
0.193139076233,689
0.194251060486,688
0.194627046585,687
0.195329189301,686
0.198143959045,685
0.199568033218,684
0.201972961426,683
0.202373981476,682
0.203440189362,681
0.205842018127,680
0.20596909523,679
0.206071138382,678
0.206174135208,677
0.207448005676,676
0.207772016525,675
0.208208084106,674
0.209580183029,673
0.209644079208,672
0.210534095764,671
0.210683107376,670
0.216277122498,669
0.217195987701,668
0.222141027451,667
0.225447177887,666
0.226780176163,665
0.226927042007,664
0.367205142975,663
0.37504196167,662
0.376070976257,661
0.38662815094,660
0.398068189621,659
0.400596141815,658
0.402769088745,657
0.585879087448,656
0.586388111115,655
0.729911088943,654
0.734879016876,653
0.7406270504,652
0.743162155151,651
0.745262145996,650
0.746868133545,649
0.748057126999,648
0.750934123993,647
0.755675077438,646
0.759353160858,645
0.76017999649,644
0.763739109039,643
0.913079023361,642
0.915316104889,641
0.919968128204,640
0.931954145432,639
0.932191133499,638
0.932515144348,637
0.933722019196,636
0.936400175095,635
1.12016010284,634
1.12186598778,633
1.32562112808,632
1.49035215378,631
1.49499106407,630
1.50638008118,629
1.51275205612,628
2.8183760643,627
3.17729401588,626
3.18508505821,625
3.56193518639,624
