0.00448203086853,1132
0.00452995300293,1131
0.00459885597229,1130
0.00465798377991,1129
0.00470900535583,1128
0.00475096702576,1127
0.00481486320496,1126
0.00486588478088,1125
0.00493884086609,1124
0.00498795509338,1123
0.00509691238403,1122
0.00516700744629,1121
0.005215883255,1120
0.00527596473694,1119
0.00531697273254,1118
0.00536489486694,1117
0.00545191764832,1116
0.00553703308105,1115
0.0056459903717,1114
0.00572395324707,1113
0.00577282905579,1112
0.00582790374756,1111
0.00587701797485,1110
0.00593090057373,1109
0.00601387023926,1108
0.00615096092224,1107
0.00621199607849,1106
0.00626993179321,1105
0.00633597373962,1104
0.0064070224762,1103
0.00648593902588,1102
0.00653004646301,1101
0.00656795501709,1100
0.00661182403564,1099
0.00667691230774,1098
0.00680899620056,1097
0.00690984725952,1096
0.00702404975891,1095
0.00708699226379,1094
0.00719094276428,1093
0.00734496116638,1092
0.00756096839905,1091
0.00767993927002,1090
0.00795698165894,1089
0.00812387466431,1088
0.00836181640625,1087
0.00841784477234,1086
0.00847196578979,1085
0.00876092910767,1084
0.00882482528687,1083
0.00897288322449,1082
0.00902605056763,1081
0.00909996032715,1080
0.0092978477478,1079
0.00942492485046,1078
0.00952291488647,1077
0.00959801673889,1076
0.0096800327301,1075
0.00987792015076,1074
0.00995802879333,1073
0.0100078582764,1072
0.0101878643036,1071
0.0102620124817,1070
0.0104098320007,1069
0.0105140209198,1068
0.010617017746,1067
0.0107429027557,1066
0.0108029842377,1065
0.0109269618988,1064
0.0110199451447,1063
0.0111060142517,1062
0.0111999511719,1061
0.0112459659576,1060
0.0113098621368,1059
0.0113868713379,1058
0.011461019516,1057
0.0115728378296,1056
0.0117058753967,1055
0.0117938518524,1054
0.0120270252228,1053
0.0121948719025,1052
0.0123028755188,1051
0.0125789642334,1050
0.0127580165863,1049
0.0129508972168,1048
0.0130498409271,1047
0.0131249427795,1046
0.0138568878174,1045
0.0140769481659,1044
0.014212846756,1043
0.0142688751221,1042
0.0143568515778,1041
0.0145218372345,1040
0.0146629810333,1039
0.0147228240967,1038
0.0149028301239,1037
0.0149569511414,1036
0.0150680541992,1035
0.01531291008,1034
0.0156228542328,1033
0.0158069133759,1032
0.0159690380096,1031
0.0161910057068,1030
0.016350030899,1029
0.0164198875427,1028
0.0168268680573,1027
0.016970872879,1026
0.0170199871063,1025
0.0171279907227,1024
0.0172200202942,1023
0.0173280239105,1022
0.0176348686218,1021
0.0177049636841,1020
0.0180900096893,1019
0.0181429386139,1018
0.0182209014893,1017
0.0183980464935,1016
0.0184409618378,1015
0.0186958312988,1014
0.0188658237457,1013
0.0189700126648,1012
0.0190629959106,1011
0.0191059112549,1010
0.019248008728,1009
0.0193150043488,1008
0.0197269916534,1007
0.0198068618774,1006
0.0199220180511,1005
0.0205299854279,1004
0.0206649303436,1003
0.0207929611206,1002
0.0213630199432,1001
0.022047996521,1000
0.0222709178925,999
0.0224409103394,998
0.0227308273315,997
0.022805929184,996
0.022891998291,995
0.0229778289795,994
0.0233738422394,993
0.0239980220795,992
0.0245499610901,991
0.0247230529785,990
0.0247628688812,989
0.0248758792877,988
0.025298833847,987
0.0254318714142,986
0.0254888534546,985
0.0255579948425,984
0.025661945343,983
0.0257608890533,982
0.0260219573975,981
0.0260698795319,980
0.0261209011078,979
0.0264308452606,978
0.0265438556671,977
0.0268018245697,976
0.0268738269806,975
0.0272929668427,974
0.0273518562317,973
0.0274670124054,972
0.0275318622589,971
0.0275719165802,970
0.0276470184326,969
0.0277378559113,968
0.0278759002686,967
0.0279638767242,966
0.028058052063,965
0.0289239883423,964
0.0294630527496,963
0.0298080444336,962
0.030063867569,961
0.030161857605,960
0.0303769111633,959
0.0304918289185,958
0.0306289196014,957
0.0310180187225,956
0.0311348438263,955
0.0313029289246,954
0.0315079689026,953
0.0315599441528,952
0.0319249629974,951
0.0321519374847,950
0.032243013382,949
0.0324058532715,948
0.0325210094452,947
0.0325708389282,946
0.0327038764954,945
0.0327758789062,944
0.0328278541565,943
0.0332379341125,942
0.0333578586578,941
0.0343298912048,940
0.0344998836517,939
0.0346019268036,938
0.0347189903259,937
0.0352690219879,936
0.0353238582611,935
0.0355639457703,934
0.0357949733734,933
0.0358598232269,932
0.0358979701996,931
0.0359580516815,930
0.0372450351715,929
0.0382559299469,928
0.0387778282166,927
0.0388469696045,926
0.0388970375061,925
0.0393309593201,924
0.0394139289856,923
0.0398099422455,922
0.0398519039154,921
0.0401709079742,920
0.0409698486328,919
0.0410439968109,918
0.0416729450226,917
0.042032957077,916
0.0421860218048,915
0.042261838913,914
0.04261302948,913
0.043310880661,912
0.0434598922729,911
0.0435729026794,910
0.0436239242554,909
0.0440108776093,908
0.0440509319305,907
0.0444209575653,906
0.0449869632721,905
0.0453748703003,904
0.0457458496094,903
0.0459158420563,902
0.0459990501404,901
0.0467569828033,900
0.0470809936523,899
0.0473418235779,898
0.0475749969482,897
0.047721862793,896
0.0477788448334,895
0.0480659008026,894
0.0481350421906,893
0.0484788417816,892
0.048642873764,891
0.0493528842926,890
0.0496249198914,889
0.049831867218,888
0.0503959655762,887
0.0505549907684,886
0.0507969856262,885
0.0512099266052,884
0.0513088703156,883
0.0516450405121,882
0.0517618656158,881
0.0522129535675,880
0.0526418685913,879
0.0527019500732,878
0.053151845932,877
0.0534868240356,876
0.053699016571,875
0.0539309978485,874
0.0547978878021,873
0.0548419952393,872
0.0548968315125,871
0.0552949905396,870
0.0556318759918,869
0.0556869506836,868
0.0558650493622,867
0.0560948848724,866
0.0564758777618,865
0.0565450191498,864
0.0566198825836,863
0.0587639808655,862
0.0588479042053,861
0.0596389770508,860
0.060026884079,859
0.0608229637146,858
0.0611169338226,857
0.0611538887024,856
0.0612108707428,855
0.061625957489,854
0.0625309944153,853
0.0625898838043,852
0.062784910202,851
0.0630338191986,850
0.0631430149078,849
0.0632479190826,848
0.0649039745331,847
0.0650749206543,846
0.0652079582214,845
0.0655608177185,844
0.065721988678,843
0.0658340454102,842
0.0664098262787,841
0.0670690536499,840
0.0674588680267,839
0.06764793396,838
0.0677719116211,837
0.0684368610382,836
0.0687839984894,835
0.0692088603973,834
0.0703940391541,833
0.070515871048,832
0.070729970932,831
0.0719418525696,830
0.0725378990173,829
0.0735578536987,828
0.0737209320068,827
0.0739040374756,826
0.0746369361877,825
0.0747230052948,824
0.0750169754028,823
0.0752019882202,822
0.0756268501282,821
0.0767569541931,820
0.0775258541107,819
0.0781829357147,818
0.0786948204041,817
0.0790288448334,816
0.0791049003601,815
0.0793879032135,814
0.0799338817596,813
0.0802268981934,812
0.0806338787079,811
0.0811839103699,810
0.0817890167236,809
0.0832250118256,808
0.0844860076904,807
0.0845448970795,806
0.0847589969635,805
0.0863330364227,804
0.0865859985352,803
0.0871279239655,802
0.0873370170593,801
0.087709903717,800
0.0881378650665,799
0.0887808799744,798
0.0891048908234,797
0.08922290802,796
0.0896170139313,795
0.0896809101105,794
0.089772939682,793
0.0905728340149,792
0.0910489559174,791
0.0911910533905,790
0.0912959575653,789
0.0919859409332,788
0.0932288169861,787
0.0936598777771,786
0.0943648815155,785
0.095123052597,784
0.0960068702698,783
0.0961148738861,782
0.0964248180389,781
0.0979399681091,780
0.0999200344086,779
0.100381851196,778
0.101759910583,777
0.104742050171,776
0.104864835739,775
0.106214046478,774
0.108505010605,773
0.108852863312,772
0.110399007797,771
0.112068891525,770
0.113822937012,769
0.114768981934,768
0.116000890732,767
0.117233991623,766
0.117702007294,765
0.118140935898,764
0.119807004929,763
0.120466947556,762
0.120650053024,761
0.120805978775,760
0.121191978455,759
0.121341943741,758
0.121703863144,757
0.12210893631,756
0.122270822525,755
0.122530937195,754
0.122637033463,753
0.122844934464,752
0.123157978058,751
0.123383045197,750
0.123849868774,749
0.124660968781,748
0.125087022781,747
0.125535011292,746
0.126216888428,745
0.1276679039,744
0.12851691246,743
0.12971496582,742
0.130228042603,741
0.133728981018,740
0.136255979538,739
0.138691902161,738
0.138875007629,737
0.139999866486,736
0.140699863434,735
0.140964031219,734
0.141257047653,733
0.1414539814,732
0.143304824829,731
0.143472909927,730
0.14439702034,729
0.145813941956,728
0.148421049118,727
0.150629997253,726
0.152096033096,725
0.15421795845,724
0.154336929321,723
0.154714822769,722
0.155223846436,721
0.155320882797,720
0.155920028687,719
0.160770893097,718
0.1625020504,717
0.162750959396,716
0.165613889694,715
0.16688990593,714
0.167817831039,713
0.168450832367,712
0.169021844864,711
0.16947388649,710
0.173285961151,709
0.173658847809,708
0.173837900162,707
0.176789045334,706
0.181236982346,705
0.183164834976,704
0.186688899994,703
0.187350988388,702
0.187582015991,701
0.188731908798,700
0.188848972321,699
0.18998003006,698
0.190722942352,697
0.191717863083,696
0.192044973373,695
0.192170858383,694
0.193083047867,693
0.193406820297,692
0.193886995316,691
0.195780992508,690
0.196331977844,689
0.196681022644,688
0.196739912033,687
0.196851015091,686
0.199620962143,685
0.199946880341,684
0.201215982437,683
0.204444885254,682
0.205945014954,681
0.208672046661,680
0.208760023117,679
0.210314035416,678
0.21039390564,677
0.210580825806,676
0.212333917618,675
0.215240001678,674
0.215986967087,673
0.22102189064,672
0.221675872803,671
0.222354888916,670
0.224474906921,669
0.224591016769,668
0.224797964096,667
0.224912881851,666
0.228828907013,665
0.229142904282,664
0.377786874771,663
0.383348941803,662
0.391476869583,661
0.394834041595,660
0.399369955063,659
0.401444911957,658
0.403931856155,657
0.405141830444,656
0.41225194931,655
0.60181593895,654
0.602715015411,653
0.602959871292,652
0.60612487793,651
0.608742952347,650
0.611627817154,649
0.76873087883,648
0.769961833954,647
0.77608704567,646
0.779731035233,645
0.80450296402,644
0.986884832382,643
0.989575862885,642
1.16304397583,641
1.16368293762,640
1.16674685478,639
1.16866993904,638
1.18954801559,637
1.55317687988,636
1.71980595589,635
1.7292740345,634
1.9221599102,633
1.93215203285,632
1.93271684647,631
2.28327989578,630
2.2932510376,629
2.29645490646,628
2.30088186264,627
3.02525997162,626
3.03717494011,625
3.22284293175,624
3.41652584076,623
3.59196901321,622
3.59605884552,621
