0.00463509559631,1132
0.00469088554382,1131
0.00476908683777,1130
0.00484609603882,1129
0.00493288040161,1128
0.00501203536987,1127
0.00505399703979,1126
0.00510096549988,1125
0.00516200065613,1124
0.00521087646484,1123
0.00530910491943,1122
0.00537300109863,1121
0.00541687011719,1120
0.00550007820129,1119
0.00556087493896,1118
0.00563406944275,1117
0.00569200515747,1116
0.00573587417603,1115
0.00578188896179,1114
0.00588989257812,1113
0.00601506233215,1112
0.00608396530151,1111
0.00615000724792,1110
0.00620102882385,1109
0.00644302368164,1108
0.00650787353516,1107
0.00659108161926,1106
0.00667309761047,1105
0.00673604011536,1104
0.00682902336121,1103
0.00693702697754,1102
0.00701689720154,1101
0.00714802742004,1100
0.00720310211182,1099
0.00724697113037,1098
0.00729393959045,1097
0.00738096237183,1096
0.0074450969696,1095
0.00755500793457,1094
0.0076150894165,1093
0.0077109336853,1092
0.00774908065796,1091
0.007817029953,1090
0.00786805152893,1089
0.00793099403381,1088
0.00801491737366,1087
0.00812005996704,1086
0.00830292701721,1085
0.00835704803467,1084
0.00842094421387,1083
0.00855803489685,1082
0.0088849067688,1081
0.00896096229553,1080
0.00903296470642,1079
0.00914597511292,1078
0.00919103622437,1077
0.00923991203308,1076
0.00937795639038,1075
0.00949788093567,1074
0.00963306427002,1073
0.00999307632446,1072
0.0100688934326,1071
0.0101799964905,1070
0.0102550983429,1069
0.0104138851166,1068
0.0105509757996,1067
0.0106790065765,1066
0.0107600688934,1065
0.0108780860901,1064
0.0109150409698,1063
0.0109829902649,1062
0.0112459659576,1061
0.0113339424133,1060
0.0113749504089,1059
0.0115110874176,1058
0.0115730762482,1057
0.0117449760437,1056
0.0118229389191,1055
0.0119020938873,1054
0.0120389461517,1053
0.0123529434204,1052
0.0124108791351,1051
0.0125479698181,1050
0.0125939846039,1049
0.0126779079437,1048
0.0128090381622,1047
0.0129010677338,1046
0.0129718780518,1045
0.0130388736725,1044
0.0131199359894,1043
0.0132699012756,1042
0.0133190155029,1041
0.0134570598602,1040
0.0137600898743,1039
0.01389503479,1038
0.0145969390869,1037
0.0146749019623,1036
0.014741897583,1035
0.0147800445557,1034
0.0150060653687,1033
0.0151019096375,1032
0.01518201828,1031
0.0153610706329,1030
0.015419960022,1029
0.0154891014099,1028
0.0159749984741,1027
0.0161099433899,1026
0.01615691185,1025
0.0163249969482,1024
0.0164759159088,1023
0.0166480541229,1022
0.0167379379272,1021
0.0168459415436,1020
0.016932964325,1019
0.0170590877533,1018
0.0171020030975,1017
0.0171730518341,1016
0.0173759460449,1015
0.0175590515137,1014
0.0177640914917,1013
0.0180139541626,1012
0.0185968875885,1011
0.0186700820923,1010
0.0190470218658,1009
0.019140958786,1008
0.0192189216614,1007
0.0192630290985,1006
0.019474029541,1005
0.0196468830109,1004
0.0197339057922,1003
0.0198819637299,1002
0.0201470851898,1001
0.0205988883972,1000
0.0206639766693,999
0.0210139751434,998
0.0213000774384,997
0.0215668678284,996
0.0217230319977,995
0.0217719078064,994
0.0219368934631,993
0.0219888687134,992
0.0220959186554,991
0.0223050117493,990
0.0224330425262,989
0.0227210521698,988
0.023020029068,987
0.023148059845,986
0.0232009887695,985
0.0233120918274,984
0.0236549377441,983
0.0237700939178,982
0.0239670276642,981
0.0241100788116,980
0.0242130756378,979
0.0250399112701,978
0.0251200199127,977
0.0253450870514,976
0.025533914566,975
0.0261130332947,974
0.0263249874115,973
0.0266289710999,972
0.0267760753632,971
0.0269088745117,970
0.0274040699005,969
0.0274648666382,968
0.0275928974152,967
0.0277190208435,966
0.028284072876,965
0.0285239219666,964
0.0289928913116,963
0.0293290615082,962
0.0296490192413,961
0.029736995697,960
0.0299410820007,959
0.0304579734802,958
0.03049492836,957
0.0307829380035,956
0.0312259197235,955
0.0316638946533,954
0.0317490100861,953
0.0321519374847,952
0.0322320461273,951
0.0323379039764,950
0.0323929786682,949
0.0324618816376,948
0.0326969623566,947
0.0327661037445,946
0.0329220294952,945
0.0329720973969,944
0.0339241027832,943
0.0340170860291,942
0.0340619087219,941
0.0342559814453,940
0.0343639850616,939
0.0344059467316,938
0.0345070362091,937
0.0348689556122,936
0.035031080246,935
0.0352439880371,934
0.0353980064392,933
0.0356900691986,932
0.0363450050354,931
0.0366399288177,930
0.036789894104,929
0.036828994751,928
0.0372290611267,927
0.0373659133911,926
0.0376629829407,925
0.0381269454956,924
0.0385789871216,923
0.0386688709259,922
0.0387399196625,921
0.0389769077301,920
0.0394160747528,919
0.0396800041199,918
0.0397899150848,917
0.0401360988617,916
0.0404770374298,915
0.0412819385529,914
0.0414850711823,913
0.0417399406433,912
0.0419390201569,911
0.0425939559937,910
0.0429079532623,909
0.0431339740753,908
0.0436289310455,907
0.0437650680542,906
0.0439569950104,905
0.0444819927216,904
0.0446889400482,903
0.04474401474,902
0.0451250076294,901
0.0455958843231,900
0.0457570552826,899
0.0464169979095,898
0.0473520755768,897
0.0475330352783,896
0.0476219654083,895
0.0479009151459,894
0.0482649803162,893
0.048476934433,892
0.048593044281,891
0.0490889549255,890
0.0491631031036,889
0.0493080615997,888
0.049488067627,887
0.0496780872345,886
0.0497350692749,885
0.0502090454102,884
0.0504739284515,883
0.0508959293365,882
0.0509760379791,881
0.051029920578,880
0.0512568950653,879
0.0513548851013,878
0.0520179271698,877
0.0521960258484,876
0.0522859096527,875
0.0526220798492,874
0.0527429580688,873
0.053081035614,872
0.0531189441681,871
0.053230047226,870
0.0534510612488,869
0.0535099506378,868
0.0536630153656,867
0.0540859699249,866
0.0541520118713,865
0.0549139976501,864
0.0555820465088,863
0.055741071701,862
0.0560579299927,861
0.0561590194702,860
0.0562160015106,859
0.0563769340515,858
0.0565009117126,857
0.0565679073334,856
0.0570230484009,855
0.0573880672455,854
0.0574550628662,853
0.0576260089874,852
0.0579459667206,851
0.0581510066986,850
0.058228969574,849
0.0585060119629,848
0.0586550235748,847
0.0592129230499,846
0.0594079494476,845
0.0596480369568,844
0.0601069927216,843
0.0603439807892,842
0.0604341030121,841
0.0605580806732,840
0.0608959197998,839
0.0612030029297,838
0.06130194664,837
0.0615229606628,836
0.0616910457611,835
0.0625550746918,834
0.0633959770203,833
0.0634379386902,832
0.0636029243469,831
0.0636920928955,830
0.0639169216156,829
0.0649969577789,828
0.0650548934937,827
0.0652959346771,826
0.0665519237518,825
0.0666608810425,824
0.0667040348053,823
0.066969871521,822
0.0676040649414,821
0.0682508945465,820
0.0688190460205,819
0.0688710212708,818
0.0691978931427,817
0.0697939395905,816
0.0703690052032,815
0.0704720020294,814
0.070620059967,813
0.0708799362183,812
0.0713360309601,811
0.0716528892517,810
0.0719909667969,809
0.0726029872894,808
0.0728991031647,807
0.0735158920288,806
0.0741028785706,805
0.0756878852844,804
0.0761320590973,803
0.0766410827637,802
0.0767319202423,801
0.0777258872986,800
0.0781240463257,799
0.0801830291748,798
0.0814909934998,797
0.0822050571442,796
0.0830180644989,795
0.0837509632111,794
0.0861210823059,793
0.0861840248108,792
0.0893979072571,791
0.0914280414581,790
0.0914959907532,789
0.0920400619507,788
0.0923449993134,787
0.0927169322968,786
0.0928549766541,785
0.0930829048157,784
0.0935649871826,783
0.0943028926849,782
0.094475030899,781
0.0945370197296,780
0.0949330329895,779
0.0956320762634,778
0.0961010456085,777
0.0984570980072,776
0.0985500812531,775
0.0986099243164,774
0.0986549854279,773
0.0988709926605,772
0.0990159511566,771
0.100516080856,770
0.105669975281,769
0.105916023254,768
0.106141090393,767
0.106278896332,766
0.106380939484,765
0.107729911804,764
0.108141899109,763
0.108278989792,762
0.108467102051,761
0.1090528965,760
0.110059022903,759
0.111022949219,758
0.111574888229,757
0.112783908844,756
0.112853050232,755
0.1131939888,754
0.113862991333,753
0.115907907486,752
0.116050004959,751
0.11884188652,750
0.119081020355,749
0.120523929596,748
0.120724916458,747
0.121059894562,746
0.121119022369,745
0.121466875076,744
0.12152504921,743
0.122364044189,742
0.122713088989,741
0.123425006866,740
0.12379193306,739
0.12383389473,738
0.124311923981,737
0.124581098557,736
0.124628067017,735
0.124974012375,734
0.125185012817,733
0.126830101013,732
0.127223968506,731
0.127712011337,730
0.128252983093,729
0.128386974335,728
0.128952980042,727
0.129065990448,726
0.132395029068,725
0.132824897766,724
0.132857084274,723
0.133146047592,722
0.134521007538,721
0.134860038757,720
0.136244058609,719
0.136594057083,718
0.137644052505,717
0.138727903366,716
0.139770030975,715
0.141726970673,714
0.144175052643,713
0.146152019501,712
0.146950960159,711
0.148048877716,710
0.148176908493,709
0.149595022202,708
0.15108704567,707
0.151457071304,706
0.152318000793,705
0.152664899826,704
0.152819871902,703
0.153707027435,702
0.154186010361,701
0.15559387207,700
0.156563043594,699
0.157505989075,698
0.157768011093,697
0.159941911697,696
0.160918951035,695
0.161160945892,694
0.16216301918,693
0.162215948105,692
0.162931919098,691
0.164929866791,690
0.164984941483,689
0.165467977524,688
0.165879964828,687
0.167016983032,686
0.168138027191,685
0.171330928802,684
0.172700881958,683
0.172743082047,682
0.173263072968,681
0.174973011017,680
0.175200939178,679
0.175378084183,678
0.177942037582,677
0.179760932922,676
0.184093952179,675
0.18457198143,674
0.185980081558,673
0.187103033066,672
0.187889099121,671
0.188114881516,670
0.190108060837,669
0.190829992294,668
0.327188968658,667
0.333761930466,666
0.334517002106,665
0.337136030197,664
0.337862968445,663
0.338962078094,662
0.347217082977,661
0.358424901962,660
0.358675003052,659
0.375030040741,658
0.377724885941,657
0.380603075027,656
0.560039997101,655
0.568692922592,654
0.571976900101,653
0.759104013443,652
0.761776924133,651
0.766331911087,650
0.77205491066,649
0.772171020508,648
0.773468971252,647
0.777764081955,646
0.780420064926,645
0.787983894348,644
0.790733098984,643
0.927510976791,642
0.933655023575,641
0.938884973526,640
0.939049959183,639
0.955694913864,638
0.956341028214,637
0.964041948318,636
0.967418909073,635
1.14852595329,634
1.14977288246,633
2.06569290161,632
2.06648588181,631
2.07613396645,630
2.07875800133,629
2.07898402214,628
2.09006595612,627
2.27694892883,626
2.45149993896,625
2.63120007515,624
2.6323158741,623
2.63284993172,622
