0.0219340324402,7609
0.0225021839142,7608
0.0230510234833,7607
0.0234940052032,7606
0.0242409706116,7605
0.0248401165009,7604
0.0251171588898,7603
0.0255970954895,7602
0.0262670516968,7601
0.0266041755676,7600
0.0270571708679,7599
0.0275101661682,7598
0.0278890132904,7597
0.0282139778137,7596
0.0288319587708,7595
0.0294029712677,7594
0.0298540592194,7593
0.0303499698639,7592
0.030953168869,7591
0.0312330722809,7590
0.0317630767822,7589
0.0320930480957,7588
0.0326900482178,7587
0.0331420898438,7586
0.0339000225067,7585
0.0344700813293,7584
0.0351891517639,7583
0.0356311798096,7582
0.0361950397491,7581
0.0367500782013,7580
0.0371041297913,7579
0.0375261306763,7578
0.0380330085754,7577
0.0384020805359,7576
0.0392220020294,7575
0.0401611328125,7574
0.0406010150909,7573
0.0411431789398,7572
0.0423300266266,7571
0.0433120727539,7570
0.0438280105591,7569
0.0443210601807,7568
0.044713973999,7567
0.0450999736786,7566
0.045392036438,7565
0.0458309650421,7564
0.046147108078,7563
0.046569108963,7562
0.046923160553,7561
0.047415971756,7560
0.0478739738464,7559
0.0483620166779,7558
0.0488321781158,7557
0.049220085144,7556
0.0495901107788,7555
0.0501601696014,7554
0.0506591796875,7553
0.0511770248413,7552
0.0518941879272,7551
0.052323102951,7550
0.0531761646271,7549
0.053524017334,7548
0.0539350509644,7547
0.0543081760406,7546
0.0549249649048,7545
0.0556910037994,7544
0.0559890270233,7543
0.0565431118011,7542
0.0568900108337,7541
0.0572671890259,7540
0.058030128479,7539
0.0587120056152,7538
0.0593559741974,7537
0.0599551200867,7536
0.0603950023651,7535
0.0607860088348,7534
0.0612580776215,7533
0.0618131160736,7532
0.0623211860657,7531
0.0627610683441,7530
0.0630831718445,7529
0.0634441375732,7528
0.0637881755829,7527
0.0644021034241,7526
0.0648591518402,7525
0.0652849674225,7524
0.0655810832977,7523
0.0663840770721,7522
0.0673091411591,7521
0.0679531097412,7520
0.0682260990143,7519
0.0691511631012,7518
0.0696711540222,7517
0.0700781345367,7516
0.0704090595245,7515
0.0709359645844,7514
0.0713610649109,7513
0.0717241764069,7512
0.0724430084229,7511
0.0729041099548,7510
0.0733630657196,7509
0.0737409591675,7508
0.0745701789856,7507
0.0749621391296,7506
0.0762159824371,7505
0.0771470069885,7504
0.0777740478516,7503
0.0781021118164,7502
0.078399181366,7501
0.0789160728455,7500
0.0794630050659,7499
0.0797669887543,7498
0.0800349712372,7497
0.0805540084839,7496
0.0810670852661,7495
0.0813381671906,7494
0.0820109844208,7493
0.0826420783997,7492
0.0835571289062,7491
0.0839631557465,7490
0.0842871665955,7489
0.0849220752716,7488
0.0856640338898,7487
0.086061000824,7486
0.0864770412445,7485
0.0868949890137,7484
0.0876071453094,7483
0.0880000591278,7482
0.0888719558716,7481
0.0893971920013,7480
0.0900821685791,7479
0.0905811786652,7478
0.0910561084747,7477
0.091735124588,7476
0.0921370983124,7475
0.0929980278015,7474
0.0933439731598,7473
0.0939359664917,7472
0.0944101810455,7471
0.0946931838989,7470
0.0954790115356,7469
0.0957970619202,7468
0.0962619781494,7467
0.0967791080475,7466
0.0970549583435,7465
0.0974340438843,7464
0.0981361865997,7463
0.0989291667938,7462
0.0995841026306,7461
0.100051164627,7460
0.100594997406,7459
0.101276159286,7458
0.101749181747,7457
0.102288961411,7456
0.102768182755,7455
0.103384971619,7454
0.103873968124,7453
0.104431152344,7452
0.105344057083,7451
0.10621213913,7450
0.10670208931,7449
0.107443094254,7448
0.108393192291,7447
0.109336137772,7446
0.110388994217,7445
0.111728191376,7444
0.11231803894,7443
0.112732172012,7442
0.113057136536,7441
0.113844156265,7440
0.114354133606,7439
0.115035057068,7438
0.115643024445,7437
0.116168022156,7436
0.116544961929,7435
0.117525100708,7434
0.117828130722,7433
0.118369102478,7432
0.118767976761,7431
0.119034051895,7430
0.119534015656,7429
0.119858026505,7428
0.120479106903,7427
0.120812177658,7426
0.121219158173,7425
0.122231960297,7424
0.123424053192,7423
0.124000072479,7422
0.124559164047,7421
0.124998092651,7420
0.125332117081,7419
0.125785112381,7418
0.126232147217,7417
0.126852035522,7416
0.127393960953,7415
0.127942085266,7414
0.128540992737,7413
0.12886595726,7412
0.130660057068,7411
0.131123065948,7410
0.131782054901,7409
0.13218998909,7408
0.132773160934,7407
0.133305072784,7406
0.13364815712,7405
0.134289979935,7404
0.135320186615,7403
0.135766983032,7402
0.136069059372,7401
0.136805057526,7400
0.137075185776,7399
0.137537002563,7398
0.138617038727,7397
0.139194011688,7396
0.139850139618,7395
0.140357017517,7394
0.141489028931,7393
0.142424106598,7392
0.143164157867,7391
0.143606185913,7390
0.14394903183,7389
0.144371032715,7388
0.144844055176,7387
0.145236968994,7386
0.145485162735,7385
0.146082162857,7384
0.146883964539,7383
0.147318124771,7382
0.148097991943,7381
0.149161100388,7380
0.149749040604,7379
0.150029182434,7378
0.150308132172,7377
0.150650978088,7376
0.151162147522,7375
0.151791095734,7374
0.152261972427,7373
0.152719974518,7372
0.153194189072,7371
0.153447151184,7370
0.154021024704,7369
0.154675960541,7368
0.155225038528,7367
0.155992984772,7366
0.15661406517,7365
0.157466173172,7364
0.158042192459,7363
0.158637046814,7362
0.158961057663,7361
0.159229040146,7360
0.159742116928,7359
0.160161018372,7358
0.161417961121,7357
0.161889076233,7356
0.162603139877,7355
0.163619041443,7354
0.163925170898,7353
0.164260149002,7352
0.165527105331,7351
0.166334152222,7350
0.166849136353,7349
0.16764998436,7348
0.168001174927,7347
0.168524980545,7346
0.169398069382,7345
0.169831991196,7344
0.170224189758,7343
0.170871973038,7342
0.171523094177,7341
0.172185182571,7340
0.172944068909,7339
0.17390203476,7338
0.174546957016,7337
0.175008058548,7336
0.175352096558,7335
0.17569899559,7334
0.176194190979,7333
0.176488161087,7332
0.177469015121,7331
0.177895069122,7330
0.178265094757,7329
0.178683042526,7328
0.179337978363,7327
0.179738044739,7326
0.180008172989,7325
0.180670022964,7324
0.180973052979,7323
0.181231021881,7322
0.181728124619,7321
0.182304143906,7320
0.183048009872,7319
0.183504104614,7318
0.183959007263,7317
0.184633970261,7316
0.186465978622,7315
0.186840057373,7314
0.188659191132,7313
0.189206123352,7312
0.189614057541,7311
0.190190076828,7310
0.191373109818,7309
0.19194817543,7308
0.19251203537,7307
0.192960977554,7306
0.194103002548,7305
0.194683074951,7304
0.195646047592,7303
0.19594502449,7302
0.196287155151,7301
0.196644067764,7300
0.197153091431,7299
0.19801402092,7298
0.198719978333,7297
0.199727058411,7296
0.200145959854,7295
0.20130610466,7294
0.202102184296,7293
0.202517986298,7292
0.203108072281,7291
0.203515052795,7290
0.203930139542,7289
0.204344034195,7288
0.205239057541,7287
0.205803155899,7286
0.206423997879,7285
0.206914186478,7284
0.207432031631,7283
0.208446025848,7282
0.209138154984,7281
0.209441184998,7280
0.210427045822,7279
0.21108007431,7278
0.211560964584,7277
0.211922168732,7276
0.212406158447,7275
0.213030099869,7274
0.213927984238,7273
0.214529037476,7272
0.215022087097,7271
0.215447187424,7270
0.216101169586,7269
0.216772079468,7268
0.217256069183,7267
0.217929124832,7266
0.218677997589,7265
0.219276189804,7264
0.219673156738,7263
0.219997167587,7262
0.22047996521,7261
0.220956087112,7260
0.221654176712,7259
0.222898960114,7258
0.224133968353,7257
0.224471092224,7256
0.224940061569,7255
0.225342988968,7254
0.225691080093,7253
0.226190090179,7252
0.22675204277,7251
0.227183103561,7250
0.227946996689,7249
0.228338956833,7248
0.228684186935,7247
0.229428052902,7246
0.229854106903,7245
0.230340957642,7244
0.231369018555,7243
0.231681108475,7242
0.232182979584,7241
0.233431100845,7240
0.234089136124,7239
0.235213041306,7238
0.235728025436,7237
0.236221075058,7236
0.236698150635,7235
0.237331151962,7234
0.237982034683,7233
0.238484144211,7232
0.239190101624,7231
0.240164041519,7230
0.240545034409,7229
0.241079092026,7228
0.241435050964,7227
0.242029190063,7226
0.242370128632,7225
0.242696046829,7224
0.2431640625,7223
0.244289159775,7222
0.244945049286,7221
0.245233058929,7220
0.247536182404,7219
0.247997999191,7218
0.248502969742,7217
0.249284982681,7216
0.249662160873,7215
0.250164985657,7214
0.250868082047,7213
0.252257108688,7212
0.252859115601,7211
0.253837108612,7210
0.254713058472,7209
0.255246162415,7208
0.257016181946,7207
0.258429050446,7206
0.258865118027,7205
0.25928902626,7204
0.259744167328,7203
0.260257959366,7202
0.260559082031,7201
0.261329174042,7200
0.26182103157,7199
0.262161016464,7198
0.263720035553,7197
0.264235019684,7196
0.264512062073,7195
0.265043973923,7194
0.266018152237,7193
0.266891002655,7192
0.267400026321,7191
0.267842054367,7190
0.268895149231,7189
0.269343137741,7188
0.269762039185,7187
0.270156145096,7186
0.2718501091,7185
0.272353172302,7184
0.27342414856,7183
0.273828983307,7182
0.275655984879,7181
0.27624797821,7180
0.276602983475,7179
0.27693605423,7178
0.2774310112,7177
0.277724027634,7176
0.27826499939,7175
0.278747081757,7174
0.280472993851,7173
0.280825138092,7172
0.281210184097,7171
0.282698154449,7170
0.28333902359,7169
0.283823013306,7168
0.284530162811,7167
0.28507399559,7166
0.285576105118,7165
0.286097049713,7164
0.286544084549,7163
0.287651062012,7162
0.288506031036,7161
0.288885116577,7160
0.289844036102,7159
0.290944099426,7158
0.291476964951,7157
0.292093992233,7156
0.292766094208,7155
0.293176174164,7154
0.293491125107,7153
0.294020175934,7152
0.294445991516,7151
0.295063972473,7150
0.295485019684,7149
0.295927047729,7148
0.296507120132,7147
0.29705119133,7146
0.297808170319,7145
0.299587011337,7144
0.299966096878,7143
0.3006939888,7142
0.301285028458,7141
0.301903963089,7140
0.302370071411,7139
0.302693128586,7138
0.303812026978,7137
0.304458141327,7136
0.304933071136,7135
0.305428028107,7134
0.307121992111,7133
0.307536125183,7132
0.308470964432,7131
0.30917096138,7130
0.310306072235,7129
0.310800075531,7128
0.311328172684,7127
0.311709165573,7126
0.312152147293,7125
0.312726974487,7124
0.31306219101,7123
0.313783168793,7122
0.315104961395,7121
0.315567016602,7120
0.316804170609,7119
0.317937135696,7118
0.31837105751,7117
0.318650007248,7116
0.319630146027,7115
0.320211172104,7114
0.320670127869,7113
0.321295976639,7112
0.32164311409,7111
0.322075128555,7110
0.322618961334,7109
0.323758125305,7108
0.324285984039,7107
0.325399160385,7106
0.325865983963,7105
0.326132059097,7104
0.326581001282,7103
0.327211141586,7102
0.328138113022,7101
0.328956127167,7100
0.329468011856,7099
0.329910993576,7098
0.330796957016,7097
0.331432104111,7096
0.332190036774,7095
0.332612991333,7094
0.333702087402,7093
0.334259033203,7092
0.335139989853,7091
0.335591077805,7090
0.33599615097,7089
0.336282014847,7088
0.336769104004,7087
0.337422132492,7086
0.339208126068,7085
0.340919017792,7084
0.342302083969,7083
0.343399047852,7082
0.343894958496,7081
0.344736099243,7080
0.34533405304,7079
0.346071004868,7078
0.346410989761,7077
0.347138166428,7076
0.347865104675,7075
0.348649024963,7074
0.349327087402,7073
0.350011110306,7072
0.350970029831,7071
0.351869106293,7070
0.352370023727,7069
0.352951049805,7068
0.353741168976,7067
0.354983091354,7066
0.355443000793,7065
0.3563580513,7064
0.356851100922,7063
0.357854127884,7062
0.358399152756,7061
0.359507083893,7060
0.359898090363,7059
0.360596179962,7058
0.361905097961,7057
0.363134145737,7056
0.363852024078,7055
0.36484503746,7054
0.365240097046,7053
0.366662979126,7052
0.367115974426,7051
0.367804050446,7050
0.368674993515,7049
0.370680093765,7048
0.37104511261,7047
0.371746063232,7046
0.37285399437,7045
0.376098155975,7044
0.376756191254,7043
0.377388000488,7042
0.378446102142,7041
0.379165172577,7040
0.379685163498,7039
0.380532026291,7038
0.381540060043,7037
0.382004022598,7036
0.382620096207,7035
0.382985115051,7034
0.38413310051,7033
0.384489059448,7032
0.384927988052,7031
0.385317087173,7030
0.385969161987,7029
0.386363983154,7028
0.386703014374,7027
0.387217998505,7026
0.387650966644,7025
0.389096021652,7024
0.390510082245,7023
0.39134311676,7022
0.393377065659,7021
0.394297122955,7020
0.394934177399,7019
0.39550113678,7018
0.396103143692,7017
0.397328138351,7016
0.398058176041,7015
0.398522138596,7014
0.399101018906,7013
0.399446964264,7012
0.399715185165,7011
0.400282144547,7010
0.401580095291,7009
0.402004003525,7008
0.402481079102,7007
0.403464078903,7006
0.404262065887,7005
0.404791116714,7004
0.405387163162,7003
0.406779050827,7002
0.407119035721,7001
0.407926082611,7000
0.408710956573,6999
0.409506082535,6998
0.410835027695,6997
0.412444114685,6996
0.413344144821,6995
0.413748025894,6994
0.414858102798,6993
0.415358066559,6992
0.416615962982,6991
0.417004108429,6990
0.41760802269,6989
0.418380975723,6988
0.418776988983,6987
0.419427156448,6986
0.419797182083,6985
0.420616149902,6984
0.422232151031,6983
0.423233985901,6982
0.424008131027,6981
0.425024986267,6980
0.425341129303,6979
0.42599606514,6978
0.426503181458,6977
0.426964044571,6976
0.4278819561,6975
0.428332090378,6974
0.429691076279,6973
0.430119991302,6972
0.430502176285,6971
0.430761098862,6970
0.431620121002,6969
0.432018041611,6968
0.432564973831,6967
0.432924985886,6966
0.433354139328,6965
0.434031009674,6964
0.434909105301,6963
0.435218095779,6962
0.435914993286,6961
0.436172008514,6960
0.436863183975,6959
0.437347173691,6958
0.437925100327,6957
0.439558982849,6956
0.440778017044,6955
0.441277980804,6954
0.441996097565,6953
0.442648172379,6952
0.443056106567,6951
0.443544149399,6950
0.443849086761,6949
0.444286108017,6948
0.445105075836,6947
0.445875167847,6946
0.44629406929,6945
0.447110176086,6944
0.447911024094,6943
0.44832611084,6942
0.449651002884,6941
0.450339078903,6940
0.450656175613,6939
0.451179027557,6938
0.451678991318,6937
0.451963186264,6936
0.452619075775,6935
0.453195095062,6934
0.453685045242,6933
0.454307079315,6932
0.454903125763,6931
0.455294132233,6930
0.456326007843,6929
0.456588029861,6928
0.458042144775,6927
0.459450006485,6926
0.459822177887,6925
0.4615650177,6924
0.461920976639,6923
0.462391138077,6922
0.462715148926,6921
0.463047981262,6920
0.463433980942,6919
0.463787078857,6918
0.464080095291,6917
0.46448302269,6916
0.465242147446,6915
0.465484142303,6914
0.466065168381,6913
0.466590166092,6912
0.46756196022,6911
0.468163013458,6910
0.468770980835,6909
0.469372987747,6908
0.470544099808,6907
0.471492052078,6906
0.471915006638,6905
0.472509145737,6904
0.472951173782,6903
0.474320173264,6902
0.475102186203,6901
0.475567102432,6900
0.476073980331,6899
0.476701974869,6898
0.477430105209,6897
0.478054046631,6896
0.478996992111,6895
0.479356050491,6894
0.481474161148,6893
0.48223900795,6892
0.483060121536,6891
0.484199047089,6890
0.485200166702,6889
0.486257076263,6888
0.487468957901,6887
0.488228082657,6886
0.489575147629,6885
0.49055814743,6884
0.490906000137,6883
0.491286993027,6882
0.49156999588,6881
0.491861104965,6880
0.49317407608,6879
0.494178056717,6878
0.495217084885,6877
0.495783090591,6876
0.497303009033,6875
0.497671127319,6874
0.498250961304,6873
0.498805999756,6872
0.499232053757,6871
0.499689102173,6870
0.49998497963,6869
0.500549077988,6868
0.50107717514,6867
0.502076148987,6866
0.5024330616,6865
0.503092050552,6864
0.503724098206,6863
0.50425696373,6862
0.504981040955,6861
0.507004976273,6860
0.508183956146,6859
0.508977174759,6858
0.511234998703,6857
0.511818170547,6856
0.512261152267,6855
0.513005971909,6854
0.513293981552,6853
0.513663053513,6852
0.51433300972,6851
0.514940977097,6850
0.515406131744,6849
0.515845060349,6848
0.516757965088,6847
0.517840147018,6846
0.518445014954,6845
0.519021034241,6844
0.519409179688,6843
0.521079063416,6842
0.52202296257,6841
0.522891044617,6840
0.523539066315,6839
0.52440905571,6838
0.52490901947,6837
0.525768995285,6836
0.527034044266,6835
0.52733206749,6834
0.52773809433,6833
0.529033184052,6832
0.529491186142,6831
0.530075073242,6830
0.530642032623,6829
0.531084060669,6828
0.531502962112,6827
0.532212018967,6826
0.533956050873,6825
0.534267187119,6824
0.535181999207,6823
0.535875082016,6822
0.536463022232,6821
0.537276029587,6820
0.537536144257,6819
0.539169073105,6818
0.541162967682,6817
0.541553020477,6816
0.542401075363,6815
0.543375968933,6814
0.543857097626,6813
0.544569015503,6812
0.5464220047,6811
0.54708814621,6810
0.547496080399,6809
0.548371076584,6808
0.549144029617,6807
0.549556970596,6806
0.549932003021,6805
0.550176143646,6804
0.550564050674,6803
0.551078081131,6802
0.552414178848,6801
0.553104162216,6800
0.553447961807,6799
0.554562091827,6798
0.554880142212,6797
0.555418968201,6796
0.555915117264,6795
0.556262016296,6794
0.556634187698,6793
0.557012081146,6792
0.557518959045,6791
0.557964086533,6790
0.559765100479,6789
0.561288118362,6788
0.56200003624,6787
0.562518119812,6786
0.563097000122,6785
0.563507080078,6784
0.564073085785,6783
0.564795017242,6782
0.565732002258,6781
0.566375017166,6780
0.566783189774,6779
0.56761097908,6778
0.56874704361,6777
0.569099187851,6776
0.569581985474,6775
0.570572137833,6774
0.570950984955,6773
0.571781158447,6772
0.572296142578,6771
0.573292970657,6770
0.573637008667,6769
0.574103116989,6768
0.574532032013,6767
0.574918985367,6766
0.575317144394,6765
0.576426029205,6764
0.576771974564,6763
0.577149152756,6762
0.57790517807,6761
0.57835817337,6760
0.579611063004,6759
0.580690145493,6758
0.581504106522,6757
0.582410097122,6756
0.582901954651,6755
0.583733081818,6754
0.584357976913,6753
0.585726976395,6752
0.586531162262,6751
0.587323188782,6750
0.587908983231,6749
0.588251113892,6748
0.588724136353,6747
0.588999986649,6746
0.589919090271,6745
0.591408967972,6744
0.592672109604,6743
0.593074083328,6742
0.593856096268,6741
0.594236135483,6740
0.594825029373,6739
0.595532178879,6738
0.595919132233,6737
0.597066164017,6736
0.597731113434,6735
0.598165988922,6734
0.599123001099,6733
0.599750995636,6732
0.600051164627,6731
0.600872993469,6730
0.601427078247,6729
0.601883172989,6728
0.602745056152,6727
0.603360176086,6726
0.604022026062,6725
0.604724168777,6724
0.605106115341,6723
0.605414152145,6722
0.605837106705,6721
0.606752157211,6720
0.607350111008,6719
0.60841012001,6718
0.608834981918,6717
0.609495162964,6716
0.610229969025,6715
0.610656023026,6714
0.610939025879,6713
0.612195014954,6712
0.613200187683,6711
0.613700151443,6710
0.615010976791,6709
0.615998983383,6708
0.616587162018,6707
0.617388963699,6706
0.617926120758,6705
0.619174957275,6704
0.619507074356,6703
0.620414018631,6702
0.620685100555,6701
0.621351957321,6700
0.621854066849,6699
0.622523069382,6698
0.623495101929,6697
0.623823165894,6696
0.624308109283,6695
0.625240087509,6694
0.625733137131,6693
0.626717090607,6692
0.627242088318,6691
0.627835035324,6690
0.628365039825,6689
0.629184007645,6688
0.630511045456,6687
0.631553173065,6686
0.631941080093,6685
0.63242316246,6684
0.633450984955,6683
0.633970975876,6682
0.634454965591,6681
0.63573217392,6680
0.636307001114,6679
0.637413024902,6678
0.638058185577,6677
0.639003038406,6676
0.640280008316,6675
0.640763998032,6674
0.641354084015,6673
0.643094062805,6672
0.643619060516,6671
0.644114017487,6670
0.645734071732,6669
0.646672010422,6668
0.647567033768,6667
0.648498058319,6666
0.649024009705,6665
0.649525165558,6664
0.65052318573,6663
0.651645183563,6662
0.652471065521,6661
0.65291595459,6660
0.653369188309,6659
0.653880119324,6658
0.654268980026,6657
0.656196117401,6656
0.657387018204,6655
0.65797495842,6654
0.65905714035,6653
0.661041021347,6652
0.661674022675,6651
0.662429094315,6650
0.662853002548,6649
0.663712024689,6648
0.664774179459,6647
0.665529966354,6646
0.666540145874,6645
0.667209148407,6644
0.66761803627,6643
0.668038129807,6642
0.669557094574,6641
0.67120218277,6640
0.672455072403,6639
0.67316198349,6638
0.673784971237,6637
0.676071166992,6636
0.6769759655,6635
0.677930116653,6634
0.678979158401,6633
0.680281162262,6632
0.682689189911,6631
0.683314085007,6630
0.683830976486,6629
0.684332132339,6628
0.685661077499,6627
0.686133146286,6626
0.68661904335,6625
0.68697810173,6624
0.687599182129,6623
0.688183069229,6622
0.689287185669,6621
0.690361022949,6620
0.691168069839,6619
0.691855192184,6618
0.692893028259,6617
0.693417072296,6616
0.693822145462,6615
0.694555044174,6614
0.695055961609,6613
0.695666074753,6612
0.697473049164,6611
0.698647022247,6610
0.699368000031,6609
0.700936079025,6608
0.701500177383,6607
0.701969146729,6606
0.70355796814,6605
0.704602956772,6604
0.705149173737,6603
0.706606149673,6602
0.70700097084,6601
0.707548141479,6600
0.709187030792,6599
0.710460186005,6598
0.710811138153,6597
0.711647033691,6596
0.71327996254,6595
0.714435100555,6594
0.715289115906,6593
0.716185092926,6592
0.717028141022,6591
0.718168973923,6590
0.718947172165,6589
0.719856977463,6588
0.721487998962,6587
0.722054004669,6586
0.723080158234,6585
0.723545074463,6584
0.726305961609,6583
0.727267026901,6582
0.727976083755,6581
0.728681087494,6580
0.729089021683,6579
0.729736089706,6578
0.731086969376,6577
0.732604980469,6576
0.733138084412,6575
0.734007120132,6574
0.735002994537,6573
0.735429048538,6572
0.735855102539,6571
0.736454963684,6570
0.737892150879,6569
0.738790988922,6568
0.740622997284,6567
0.741755962372,6566
0.742413043976,6565
0.743263959885,6564
0.743865966797,6563
0.744228124619,6562
0.744738101959,6561
0.746556997299,6560
0.747603178024,6559
0.748547077179,6558
0.749153137207,6557
0.750952959061,6556
0.751633167267,6555
0.752536058426,6554
0.75295996666,6553
0.75354218483,6552
0.753955125809,6551
0.754354000092,6550
0.755135059357,6549
0.755598068237,6548
0.756149053574,6547
0.756577014923,6546
0.757634162903,6545
0.758076190948,6544
0.758560180664,6543
0.759010076523,6542
0.759392976761,6541
0.759993076324,6540
0.760483980179,6539
0.761105060577,6538
0.762274026871,6537
0.762804985046,6536
0.763380050659,6535
0.764096975327,6534
0.764580965042,6533
0.765100955963,6532
0.766060113907,6531
0.76736497879,6530
0.767840147018,6529
0.768262147903,6528
0.768738985062,6527
0.769608020782,6526
0.770229101181,6525
0.770759105682,6524
0.7718501091,6523
0.773646116257,6522
0.774507045746,6521
0.775563001633,6520
0.776465177536,6519
0.777765035629,6518
0.778295993805,6517
0.778882980347,6516
0.779251098633,6515
0.779756069183,6514
0.78037405014,6513
0.780986070633,6512
0.781581163406,6511
0.782454967499,6510
0.78330206871,6509
0.783759117126,6508
0.78578710556,6507
0.786200046539,6506
0.787260055542,6505
0.787691116333,6504
0.788235187531,6503
0.789019107819,6502
0.78958106041,6501
0.789880037308,6500
0.790331125259,6499
0.790964126587,6498
0.791347026825,6497
0.792018175125,6496
0.792443990707,6495
0.795379161835,6494
0.796133995056,6493
0.796914100647,6492
0.797636985779,6491
0.798473119736,6490
0.798846006393,6489
0.799425125122,6488
0.80002117157,6487
0.801819086075,6486
0.803111076355,6485
0.805359125137,6484
0.805917024612,6483
0.808210134506,6482
0.809079170227,6481
0.809470176697,6480
0.811848163605,6479
0.812386989594,6478
0.813353061676,6477
0.813989162445,6476
0.814285039902,6475
0.814898967743,6474
0.815237045288,6473
0.816092014313,6472
0.816668987274,6471
0.81721496582,6470
0.817536115646,6469
0.818858146667,6468
0.819817066193,6467
0.820584058762,6466
0.82124710083,6465
0.82181096077,6464
0.822342157364,6463
0.823101043701,6462
0.823491096497,6461
0.823903083801,6460
0.824330091476,6459
0.824867010117,6458
0.825401067734,6457
0.826415061951,6456
0.827629089355,6455
0.829575061798,6454
0.830213069916,6453
0.8313331604,6452
0.831631183624,6451
0.832414150238,6450
0.832813978195,6449
0.8335750103,6448
0.834108114243,6447
0.834553003311,6446
0.835512161255,6445
0.836162090302,6444
0.83692908287,6443
0.838320970535,6442
0.839215993881,6441
0.839987039566,6440
0.840511083603,6439
0.841073989868,6438
0.841622114182,6437
0.84277510643,6436
0.843675136566,6435
0.844246149063,6434
0.844684123993,6433
0.84560418129,6432
0.846758127213,6431
0.847598075867,6430
0.848562955856,6429
0.850509166718,6428
0.852184057236,6427
0.853912115097,6426
0.85617518425,6425
0.857782125473,6424
0.858431100845,6423
0.858877182007,6422
0.859919071198,6421
0.861171007156,6420
0.861555099487,6419
0.862236022949,6418
0.863805055618,6417
0.864489078522,6416
0.864804983139,6415
0.865710020065,6414
0.867650985718,6413
0.86936712265,6412
0.870233058929,6411
0.87352013588,6410
0.874098062515,6409
0.874682188034,6408
0.875241994858,6407
0.876590013504,6406
0.87922501564,6405
0.879846096039,6404
0.880362987518,6403
0.880738973618,6402
0.881299972534,6401
0.881646156311,6400
0.882210969925,6399
0.883201122284,6398
0.884076118469,6397
0.884886980057,6396
0.885756015778,6395
0.886259078979,6394
0.886720180511,6393
0.887075185776,6392
0.887809038162,6391
0.888280153275,6390
0.890537977219,6389
0.89134311676,6388
0.892270088196,6387
0.893717050552,6386
0.895801067352,6385
0.896941184998,6384
0.900076150894,6383
0.901686191559,6382
0.903022050858,6381
0.903669118881,6380
0.904167175293,6379
0.904713153839,6378
0.906850099564,6377
0.907251119614,6376
0.90839600563,6375
0.910367965698,6374
0.912742137909,6373
0.91362118721,6372
0.91464805603,6371
0.916738033295,6370
0.917528152466,6369
0.917812108994,6368
0.919922113419,6367
0.920883178711,6366
0.921575069427,6365
0.922099113464,6364
0.924412965775,6363
0.924930095673,6362
0.926450014114,6361
0.927364110947,6360
0.92770409584,6359
0.928440093994,6358
0.929700136185,6357
0.930449962616,6356
0.931347131729,6355
0.934329986572,6354
0.935029029846,6353
0.935446023941,6352
0.936825990677,6351
0.937633991241,6350
0.939334154129,6349
0.939743995667,6348
0.940528154373,6347
0.940920114517,6346
0.941981077194,6345
0.942793130875,6344
0.943597078323,6343
0.943977117538,6342
0.94474697113,6341
0.94547700882,6340
0.948286056519,6339
0.948624134064,6338
0.949831962585,6337
0.95046710968,6336
0.951091051102,6335
0.951591968536,6334
0.952198028564,6333
0.953191995621,6332
0.954127073288,6331
0.955724000931,6330
0.956678152084,6329
0.95711016655,6328
0.957810163498,6327
0.959235191345,6326
0.959856987,6325
0.960329055786,6324
0.962260961533,6323
0.963710069656,6322
0.964956045151,6321
0.965695142746,6320
0.966180086136,6319
0.967231035233,6318
0.968021154404,6317
0.968386173248,6316
0.970180988312,6315
0.973510026932,6314
0.974442005157,6313
0.974991083145,6312
0.975377082825,6311
0.975882053375,6310
0.976646184921,6309
0.978060007095,6308
0.978988170624,6307
0.982329130173,6306
0.982922077179,6305
0.985973119736,6304
0.987040042877,6303
0.987645149231,6302
0.989348173141,6301
0.989907979965,6300
0.990729093552,6299
0.992331027985,6298
0.99280500412,6297
0.993813037872,6296
0.994982004166,6295
0.995650053024,6294
0.999978065491,6293
1.00093317032,6292
1.00399708748,6291
1.00507307053,6290
1.00653815269,6289
1.01153302193,6288
1.01181316376,6287
1.01302099228,6286
1.01347517967,6285
1.01621818542,6284
1.01695513725,6283
1.01763296127,6282
1.01824903488,6281
1.01880717278,6280
1.01938509941,6279
1.02034306526,6278
1.02127313614,6277
1.02179718018,6276
1.02343010902,6275
1.02428603172,6274
1.02465105057,6273
1.02515006065,6272
1.02564001083,6271
1.02616715431,6270
1.02660512924,6269
1.02715802193,6268
1.02753806114,6267
1.02863311768,6266
1.02965903282,6265
1.03016614914,6264
1.03167915344,6263
1.0322291851,6262
1.03251695633,6261
1.03289699554,6260
1.0341501236,6259
1.03466200829,6258
1.0350279808,6257
1.03552317619,6256
1.03583812714,6255
1.0364689827,6254
1.03690600395,6253
1.0379781723,6252
1.0385761261,6251
1.03901195526,6250
1.04023218155,6249
1.04069399834,6248
1.04252815247,6247
1.04283118248,6246
1.04330801964,6245
1.04412603378,6244
1.04511618614,6243
1.04766511917,6242
1.04868102074,6241
1.04935598373,6240
1.04986214638,6239
1.05221915245,6238
1.05268406868,6237
1.05339407921,6236
1.05434918404,6235
1.05462598801,6234
1.05499196053,6233
1.05741500854,6232
1.05782818794,6231
1.05820798874,6230
1.05940508842,6229
1.06144118309,6228
1.0619430542,6227
1.0634021759,6226
1.06551718712,6225
1.06719207764,6224
1.0702559948,6223
1.07088899612,6222
1.07149910927,6221
1.072671175,6220
1.0732281208,6219
1.07511806488,6218
1.07683205605,6217
1.07718610764,6216
1.07765197754,6215
1.07873415947,6214
1.07966804504,6213
1.08104705811,6212
1.08137512207,6211
1.08174705505,6210
1.08235096931,6209
1.08451414108,6208
1.08500218391,6207
1.08546900749,6206
1.08792901039,6205
1.08973503113,6204
1.09004402161,6203
1.09255599976,6202
1.09299111366,6201
1.09531903267,6200
1.09584403038,6199
1.09660196304,6198
1.0977230072,6197
1.09821105003,6196
1.09866905212,6195
1.09948396683,6194
1.09991002083,6193
1.10045409203,6192
1.10155105591,6191
1.10210108757,6190
1.10352611542,6189
1.1041560173,6188
1.10504007339,6187
1.10550308228,6186
1.10624909401,6185
1.10783696175,6184
1.10822415352,6183
1.11012005806,6182
1.11103510857,6181
1.11244702339,6180
1.11489105225,6179
1.11630415916,6178
1.11684799194,6177
1.11849308014,6176
1.11927509308,6175
1.12036514282,6174
1.12441301346,6173
1.12590098381,6172
1.12718009949,6171
1.12783813477,6170
1.13447618484,6169
1.13602995872,6168
1.13737201691,6167
1.1396291256,6166
1.14194202423,6165
1.14424514771,6164
1.14523100853,6163
1.14685511589,6162
1.1494281292,6161
1.14989614487,6160
1.15042805672,6159
1.15200710297,6158
1.15291213989,6157
1.15473103523,6156
1.15597009659,6155
1.1585111618,6154
1.15934896469,6153
1.15966200829,6152
1.16022109985,6151
1.16204214096,6150
1.16273808479,6149
1.16464614868,6148
1.16543316841,6147
1.1669549942,6146
1.16884613037,6145
1.17115998268,6144
1.17204499245,6143
1.1745660305,6142
1.17526602745,6141
1.1763010025,6140
1.17701911926,6139
1.17741703987,6138
1.17846298218,6137
1.18055105209,6136
1.1810400486,6135
1.18264007568,6134
1.18344807625,6133
1.18439507484,6132
1.18530201912,6131
1.18752217293,6130
1.18831014633,6129
1.19073104858,6128
1.19125819206,6127
1.1926381588,6126
1.19354104996,6125
1.19399404526,6124
1.19452500343,6123
1.19502210617,6122
1.19655203819,6121
1.19733500481,6120
1.19905114174,6119
1.19938111305,6118
1.20034599304,6117
1.20180702209,6116
1.20320701599,6115
1.2040951252,6114
1.20497298241,6113
1.20881104469,6112
1.20967698097,6111
1.21041917801,6110
1.21162319183,6109
1.21534013748,6108
1.21596503258,6107
1.21987104416,6106
1.22180318832,6105
1.22617006302,6104
1.22650504112,6103
1.22832107544,6102
1.2288081646,6101
1.22944116592,6100
1.23077201843,6099
1.2313811779,6098
1.23180818558,6097
1.23230814934,6096
1.23303604126,6095
1.23384714127,6094
1.23599505424,6093
1.23675012589,6092
1.23764514923,6091
1.23965096474,6090
1.24086308479,6089
1.24158096313,6088
1.24204516411,6087
1.24647116661,6086
1.247164011,6085
1.24749207497,6084
1.24855208397,6083
1.24948811531,6082
1.25170397758,6081
1.2522611618,6080
1.25388097763,6079
1.25443100929,6078
1.25500297546,6077
1.25529408455,6076
1.25750803947,6075
1.25806808472,6074
1.26004695892,6073
1.26031517982,6072
1.26152706146,6071
1.26252007484,6070
1.26287817955,6069
1.26453113556,6068
1.26620197296,6067
1.26683211327,6066
1.26722598076,6065
1.26792407036,6064
1.26845312119,6063
1.2690820694,6062
1.27109098434,6061
1.27229714394,6060
1.27287006378,6059
1.27341508865,6058
1.27386307716,6057
1.2748169899,6056
1.27593016624,6055
1.27717900276,6054
1.27788305283,6053
1.28017497063,6052
1.28050208092,6051
1.28144311905,6050
1.28173303604,6049
1.28511309624,6048
1.28557610512,6047
1.28626513481,6046
1.2889521122,6045
1.29148006439,6044
1.29308009148,6043
1.29351615906,6042
1.29389595985,6041
1.29429912567,6040
1.29472112656,6039
1.29508113861,6038
1.29649710655,6037
1.29684305191,6036
1.29741811752,6035
1.29821896553,6034
1.29937815666,6033
1.30016803741,6032
1.30047917366,6031
1.30097103119,6030
1.30182099342,6029
1.30238604546,6028
1.30411100388,6027
1.30800199509,6026
1.30854797363,6025
1.30906009674,6024
1.31096696854,6023
1.31391811371,6022
1.31539297104,6021
1.31587219238,6020
1.31663918495,6019
1.31704616547,6018
1.31757211685,6017
1.3199839592,6016
1.32073402405,6015
1.32172417641,6014
1.32219815254,6013
1.32330608368,6012
1.32392215729,6011
1.32567095757,6010
1.32611298561,6009
1.32845306396,6008
1.33069610596,6007
1.33472108841,6006
1.33503103256,6005
1.33601403236,6004
1.33646202087,6003
1.33790111542,6002
1.33878898621,6001
1.33946704865,6000
1.34181118011,5999
1.34208416939,5998
1.34233617783,5997
1.34324598312,5996
1.34370613098,5995
1.34412312508,5994
1.34505414963,5993
1.34561300278,5992
1.34639310837,5991
1.3468670845,5990
1.34769916534,5989
1.34863615036,5988
1.34906411171,5987
1.35116505623,5986
1.35269117355,5985
1.35424804688,5984
1.35474014282,5983
1.35527801514,5982
1.3567070961,5981
1.35860705376,5980
1.35995602608,5979
1.360268116,5978
1.36106801033,5977
1.36161398888,5976
1.36224102974,5975
1.36315798759,5974
1.36359596252,5973
1.36423611641,5972
1.36633610725,5971
1.3667011261,5970
1.36703300476,5969
1.36967301369,5968
1.37068510056,5967
1.37118601799,5966
1.37480807304,5965
1.377420187,5964
1.37808918953,5963
1.37917399406,5962
1.38149118423,5961
1.38203001022,5960
1.38367605209,5959
1.38539218903,5958
1.38641905785,5957
1.38820314407,5956
1.38891601562,5955
1.38929700851,5954
1.39084005356,5953
1.39182019234,5952
1.39306211472,5951
1.39359617233,5950
1.39454603195,5949
1.39789414406,5948
1.39873814583,5947
1.39965510368,5946
1.40001296997,5945
1.40062308311,5944
1.40118002892,5943
1.40243005753,5942
1.40333914757,5941
1.40535998344,5940
1.4057431221,5939
1.40659809113,5938
1.40762710571,5937
1.408203125,5936
1.40878105164,5935
1.40971207619,5934
1.41018795967,5933
1.41077017784,5932
1.41124796867,5931
1.41180801392,5930
1.41324496269,5929
1.41383910179,5928
1.41482305527,5927
1.41561698914,5926
1.4170320034,5925
1.41805100441,5924
1.41852712631,5923
1.41982007027,5922
1.42174601555,5921
1.42816901207,5920
1.42863798141,5919
1.42915606499,5918
1.43137311935,5917
1.43241000175,5916
1.4340941906,5915
1.43724417686,5914
1.43785119057,5913
1.43835496902,5912
1.44018816948,5911
1.44067406654,5910
1.44145417213,5909
1.44188117981,5908
1.44475197792,5907
1.44646310806,5906
1.44755005836,5905
1.44807815552,5904
1.44892716408,5903
1.44922614098,5902
1.45035219193,5901
1.45183610916,5900
1.45297217369,5899
1.45528507233,5898
1.45698714256,5897
1.45830702782,5896
1.46028995514,5895
1.46072816849,5894
1.46116113663,5893
1.46200299263,5892
1.46241617203,5891
1.46329212189,5890
1.46434617043,5889
1.46643805504,5888
1.46695017815,5887
1.46923017502,5886
1.47048306465,5885
1.47092604637,5884
1.47139000893,5883
1.47171902657,5882
1.47319698334,5881
1.47392201424,5880
1.47430896759,5879
1.47571897507,5878
1.47734308243,5877
1.47869896889,5876
1.4790661335,5875
1.47950601578,5874
1.48025798798,5873
1.48101210594,5872
1.48249602318,5871
1.48459100723,5870
1.48508310318,5869
1.48663401604,5868
1.48708796501,5867
1.48839497566,5866
1.49115395546,5865
1.49282097816,5864
1.49509716034,5863
1.49652504921,5862
1.50113916397,5861
1.5068500042,5860
1.51067209244,5859
1.51097416878,5858
1.51135897636,5857
1.51177811623,5856
1.51225805283,5855
1.51325416565,5854
1.51382112503,5853
1.51564502716,5852
1.51705813408,5851
1.51849508286,5850
1.5202960968,5849
1.52252411842,5848
1.52282810211,5847
1.52358317375,5846
1.52452707291,5845
1.52526497841,5844
1.52632403374,5843
1.52676200867,5842
1.52770400047,5841
1.5288901329,5840
1.52943301201,5839
1.53000497818,5838
1.53063416481,5837
1.53233098984,5836
1.53343105316,5835
1.53673815727,5834
1.53745508194,5833
1.53807806969,5832
1.53843402863,5831
1.53909301758,5830
1.54004311562,5829
1.54039311409,5828
1.5408539772,5827
1.54124307632,5826
1.54232311249,5825
1.54425597191,5824
1.5447280407,5823
1.54794716835,5822
1.54955601692,5821
1.55074214935,5820
1.55157709122,5819
1.55453705788,5818
1.55490207672,5817
1.5565559864,5816
1.55741214752,5815
1.55768013,5814
1.55803799629,5813
1.55847811699,5812
1.56101918221,5811
1.56208896637,5810
1.56264019012,5809
1.56348204613,5808
1.56394195557,5807
1.56443405151,5806
1.56586408615,5805
1.56635403633,5804
1.56830906868,5803
1.56953215599,5802
1.57073712349,5801
1.57347202301,5800
1.57534098625,5799
1.57626104355,5798
1.57667207718,5797
1.5786511898,5796
1.57973313332,5795
1.58076906204,5794
1.58214306831,5793
1.5835621357,5792
1.58615517616,5791
1.58788609505,5790
1.58889198303,5789
1.59037709236,5788
1.59168696404,5787
1.59197402,5786
1.59246397018,5785
1.59334802628,5784
1.59548902512,5783
1.59595799446,5782
1.59732317924,5781
1.59852099419,5780
1.60319113731,5779
1.60532307625,5778
1.60737109184,5777
1.60882401466,5776
1.61013913155,5775
1.61069512367,5774
1.61139011383,5773
1.6125330925,5772
1.61335396767,5771
1.61799502373,5770
1.62227511406,5769
1.62288117409,5768
1.62763404846,5767
1.62939715385,5766
1.63300204277,5765
1.6359231472,5764
1.63651704788,5763
1.63707518578,5762
1.63784599304,5761
1.638256073,5760
1.64154601097,5759
1.64461016655,5758
1.6448931694,5757
1.64579415321,5756
1.64616417885,5755
1.64721298218,5754
1.65010309219,5753
1.65156006813,5752
1.6526119709,5751
1.6549911499,5750
1.65653014183,5749
1.66346216202,5748
1.66431713104,5747
1.66523599625,5746
1.66570806503,5745
1.66815805435,5744
1.66883015633,5743
1.66944003105,5742
1.67048001289,5741
1.67208719254,5740
1.67425298691,5739
1.67507410049,5738
1.67563605309,5737
1.67831707001,5736
1.6794719696,5735
1.67996811867,5734
1.68231010437,5733
1.68302512169,5732
1.68335914612,5731
1.68377017975,5730
1.68816304207,5729
1.68891811371,5728
1.68957400322,5727
1.69042205811,5726
1.69088816643,5725
1.69401597977,5724
1.69545412064,5723
1.69585800171,5722
1.69623398781,5721
1.69804596901,5720
1.69907808304,5719
1.69942212105,5718
1.70079803467,5717
1.70188713074,5716
1.70279216766,5715
1.7038640976,5714
1.70470118523,5713
1.70601606369,5712
1.70853996277,5711
1.70913004875,5710
1.71059918404,5709
1.71182513237,5708
1.71258997917,5707
1.71534800529,5706
1.71657419205,5705
1.71933507919,5704
1.72068595886,5703
1.72134709358,5702
1.72256803513,5701
1.72325897217,5700
1.72479104996,5699
1.72565412521,5698
1.72644114494,5697
1.72752904892,5696
1.72807717323,5695
1.72903513908,5694
1.73299098015,5693
1.73344302177,5692
1.7365500927,5691
1.73741197586,5690
1.73790407181,5689
1.73968505859,5688
1.74124717712,5687
1.74318099022,5686
1.74367904663,5685
1.74418210983,5684
1.74815607071,5683
1.74967598915,5682
1.75091314316,5681
1.75135302544,5680
1.75201511383,5679
1.75259399414,5678
1.75294399261,5677
1.75552916527,5676
1.756275177,5675
1.75691914558,5674
1.75836110115,5673
1.76271605492,5672
1.76383900642,5671
1.7652630806,5670
1.76613116264,5669
1.76687908173,5668
1.76833796501,5667
1.77018618584,5666
1.77652597427,5665
1.77824211121,5664
1.7790760994,5663
1.78015708923,5662
1.78138709068,5661
1.78246498108,5660
1.78623795509,5659
1.78822112083,5658
1.78909301758,5657
1.78940796852,5656
1.7902841568,5655
1.79534196854,5654
1.79560899734,5653
1.79951906204,5652
1.79984712601,5651
1.80211305618,5650
1.80265498161,5649
1.8040471077,5648
1.80609416962,5647
1.80873799324,5646
1.80951905251,5645
1.81147909164,5644
1.81172609329,5643
1.81201314926,5642
1.81493115425,5641
1.81742215157,5640
1.821185112,5639
1.82158017159,5638
1.8226120472,5637
1.82308697701,5636
1.82356595993,5635
1.82417106628,5634
1.82589197159,5633
1.82657718658,5632
1.82881617546,5631
1.83124399185,5630
1.83196496964,5629
1.8331580162,5628
1.83489704132,5627
1.83757710457,5626
1.84529995918,5625
1.84812998772,5624
1.84874916077,5623
1.8504281044,5622
1.85121011734,5621
1.85174918175,5620
1.85248208046,5619
1.85289406776,5618
1.85328507423,5617
1.85472011566,5616
1.85519099236,5615
1.85893702507,5614
1.85975599289,5613
1.86030006409,5612
1.86180615425,5611
1.86288404465,5610
1.8646299839,5609
1.86830997467,5608
1.86969518661,5607
1.87038111687,5606
1.87124609947,5605
1.87337803841,5604
1.87399697304,5603
1.8755300045,5602
1.87769317627,5601
1.88023209572,5600
1.88123011589,5599
1.88330316544,5598
1.88372015953,5597
1.88456916809,5596
1.88520002365,5595
1.88587212563,5594
1.88658499718,5593
1.89168405533,5592
1.89250302315,5591
1.89339113235,5590
1.89526700974,5589
1.89579796791,5588
1.90053105354,5587
1.90111207962,5586
1.90226817131,5585
1.90334796906,5584
1.90521717072,5583
1.90669703484,5582
1.90889596939,5581
1.91164302826,5580
1.91240906715,5579
1.91330504417,5578
1.91383910179,5577
1.91943907738,5576
1.92004013062,5575
1.92084813118,5574
1.92300510406,5573
1.93005299568,5572
1.93046116829,5571
1.93309116364,5570
1.93400907516,5569
1.93451809883,5568
1.935942173,5567
1.93632817268,5566
1.93730211258,5565
1.9390411377,5564
1.94095206261,5563
1.94221711159,5562
1.94313907623,5561
1.94620013237,5560
1.94690704346,5559
1.94724202156,5558
1.94788908958,5557
1.94848418236,5556
1.95156908035,5555
1.95296907425,5554
1.95379018784,5553
1.95454597473,5552
1.95574116707,5551
1.95991516113,5550
1.96065807343,5549
1.96299004555,5548
1.96522498131,5547
1.96579003334,5546
1.96609115601,5545
1.96922016144,5544
1.97031998634,5543
1.97319412231,5542
1.97424411774,5541
1.97574710846,5540
1.97814917564,5539
1.97987914085,5538
1.98299813271,5537
1.98351502419,5536
1.98446202278,5535
1.98535704613,5534
1.98603105545,5533
1.98690795898,5532
1.9882311821,5531
1.98874306679,5530
1.98956918716,5529
1.99348211288,5528
1.99556398392,5527
1.99637198448,5526
1.99800801277,5525
1.99967813492,5524
2.00073218346,5523
2.00497913361,5522
2.00598216057,5521
2.00739312172,5520
2.00858211517,5519
2.00940704346,5518
2.01126813889,5517
2.01214504242,5516
2.01244997978,5515
2.01463198662,5514
2.01523518562,5513
2.01605796814,5512
2.01758718491,5511
2.0187830925,5510
2.02070713043,5509
2.02520108223,5508
2.02690196037,5507
2.02739500999,5506
2.02797198296,5505
2.02840805054,5504
2.02886104584,5503
2.03170800209,5502
2.03211402893,5501
2.0325961113,5500
2.03650617599,5499
2.03678703308,5498
2.04018211365,5497
2.04048204422,5496
2.04128909111,5495
2.04165005684,5494
2.0422410965,5493
2.04621100426,5492
2.04814910889,5491
2.04883217812,5490
2.05081701279,5489
2.05168414116,5488
2.05351805687,5487
2.05767917633,5486
2.05939698219,5485
2.06128311157,5484
2.06462407112,5483
2.06503796577,5482
2.06548118591,5481
2.06692504883,5480
2.06766796112,5479
2.06813812256,5478
2.06896805763,5477
2.07009911537,5476
2.07126498222,5475
2.07163214684,5474
2.07215309143,5473
2.07341909409,5472
2.07410216331,5471
2.07619810104,5470
2.0795211792,5469
2.08008098602,5468
2.08210611343,5467
2.08451199532,5466
2.09076905251,5465
2.09124398232,5464
2.0916121006,5463
2.09228610992,5462
2.09276604652,5461
2.09322595596,5460
2.09456014633,5459
2.0952270031,5458
2.09609603882,5457
2.09646606445,5456
2.09715414047,5455
2.09909415245,5454
2.1010491848,5453
2.10129213333,5452
2.10531115532,5451
2.10607910156,5450
2.10742211342,5449
2.10811209679,5448
2.10990905762,5447
2.11051106453,5446
2.11127209663,5445
2.11267900467,5444
2.11411809921,5443
2.11446118355,5442
2.11501097679,5441
2.11763310432,5440
2.11931014061,5439
2.11965703964,5438
2.11999416351,5437
2.12041306496,5436
2.12294006348,5435
2.12352204323,5434
2.12442517281,5433
2.12516307831,5432
2.12554311752,5431
2.12683796883,5430
2.12751817703,5429
2.13007116318,5428
2.13110899925,5427
2.13176703453,5426
2.13241314888,5425
2.1333861351,5424
2.13511800766,5423
2.13544917107,5422
2.13763618469,5421
2.14079904556,5420
2.14192914963,5419
2.14283514023,5418
2.14346504211,5417
2.14427614212,5416
2.14476108551,5415
2.14673018456,5414
2.14723300934,5413
2.14799499512,5412
2.14833116531,5411
2.14902114868,5410
2.15019798279,5409
2.15240597725,5408
2.15275907516,5407
2.15341997147,5406
2.15400505066,5405
2.15637016296,5404
2.15853714943,5403
2.15941119194,5402
2.16065216064,5401
2.16154718399,5400
2.16324400902,5399
2.16383004189,5398
2.16483616829,5397
2.16862106323,5396
2.16910099983,5395
2.17011713982,5394
2.17043113708,5393
2.17115306854,5392
2.17162919044,5391
2.1718351841,5390
2.17234015465,5389
2.17311096191,5388
2.17497897148,5387
2.17896509171,5386
2.1796309948,5385
2.18007802963,5384
2.18278312683,5383
2.18300795555,5382
2.18621706963,5381
2.18807911873,5380
2.1884701252,5379
2.1889090538,5378
2.1897521019,5377
2.19000816345,5376
2.19043707848,5375
2.19107818604,5374
2.19141697884,5373
2.1929090023,5372
2.19486999512,5371
2.19655609131,5370
2.19686102867,5369
2.19735097885,5368
2.19951510429,5367
2.20069003105,5366
2.20345902443,5365
2.20469212532,5364
2.2054901123,5363
2.20586013794,5362
2.2073431015,5361
2.20767116547,5360
2.20799612999,5359
2.20833301544,5358
2.21025896072,5357
2.21063613892,5356
2.21312308311,5355
2.21407318115,5354
2.21477508545,5353
2.21735405922,5352
2.21848297119,5351
2.21987009048,5350
2.22235012054,5349
2.22343111038,5348
2.22720313072,5347
2.22820401192,5346
2.23054218292,5345
2.23405909538,5344
2.23485207558,5343
2.23603916168,5342
2.24184918404,5341
2.24259305,5340
2.24432396889,5339
2.24471497536,5338
2.24513816833,5337
2.24643802643,5336
2.24666905403,5335
2.24709606171,5334
2.24894809723,5333
2.25121903419,5332
2.2529001236,5331
2.25487112999,5330
2.25650715828,5329
2.25715613365,5328
2.25852513313,5327
2.2587749958,5326
2.26128602028,5325
2.26325297356,5324
2.26469016075,5323
2.26531600952,5322
2.26586318016,5321
2.2667901516,5320
2.26938414574,5319
2.27032804489,5318
2.27161598206,5317
2.27316403389,5316
2.27419614792,5315
2.27615904808,5314
2.27857518196,5313
2.28293204308,5312
2.28397011757,5311
2.28642201424,5310
2.28689002991,5309
2.2871530056,5308
2.28853607178,5307
2.28955006599,5306
2.2903380394,5305
2.29159712791,5304
2.29570007324,5303
2.29717612267,5302
2.29781317711,5301
2.29898309708,5300
2.30509996414,5299
2.30558896065,5298
2.30909514427,5297
2.30933213234,5296
2.31116509438,5295
2.31171512604,5294
2.31210303307,5293
2.31458806992,5292
2.31829309464,5291
2.32251405716,5290
2.32327508926,5289
2.32489109039,5288
2.32640504837,5287
2.32950115204,5286
2.32991409302,5285
2.33021903038,5284
2.33107113838,5283
2.33276200294,5282
2.33420014381,5281
2.33479714394,5280
2.33711409569,5279
2.33760309219,5278
2.34009718895,5277
2.3413541317,5276
2.34332704544,5275
2.34382295609,5274
2.3502600193,5273
2.35073208809,5272
2.35275506973,5271
2.35340118408,5270
2.35489797592,5269
2.35536003113,5268
2.35756516457,5267
2.35982513428,5266
2.36061501503,5265
2.36110496521,5264
2.3621840477,5263
2.36282110214,5262
2.3649520874,5261
2.36554098129,5260
2.36678409576,5259
2.36770200729,5258
2.36840105057,5257
2.36896300316,5256
2.3692150116,5255
2.37036800385,5254
2.37090706825,5253
2.37254405022,5252
2.37367296219,5251
2.37672400475,5250
2.3774831295,5249
2.3783621788,5248
2.37947702408,5247
2.38267707825,5246
2.38339996338,5245
2.38374495506,5244
2.38404917717,5243
2.38586115837,5242
2.38765096664,5241
2.38802218437,5240
2.38998317719,5239
2.39071202278,5238
2.39110803604,5237
2.39258217812,5236
2.39309000969,5235
2.39637613297,5234
2.39807105064,5233
2.39838409424,5232
2.40073513985,5231
2.40286612511,5230
2.40458416939,5229
2.40502405167,5228
2.40731215477,5227
2.40844202042,5226
2.41222310066,5225
2.412940979,5224
2.41371917725,5223
2.41409111023,5222
2.41496515274,5221
2.41695213318,5220
2.41827607155,5219
2.42036700249,5218
2.42070913315,5217
2.4216530323,5216
2.42204904556,5215
2.42423796654,5214
2.4263780117,5213
2.42659902573,5212
2.42775201797,5211
2.42813611031,5210
2.4285531044,5209
2.42908096313,5208
2.43051314354,5207
2.43339896202,5206
2.43464398384,5205
2.43539714813,5204
2.43578696251,5203
2.43967318535,5202
2.44072699547,5201
2.44137406349,5200
2.44164896011,5199
2.44204497337,5198
2.44409298897,5197
2.44486618042,5196
2.44826507568,5195
2.44855713844,5194
2.45031309128,5193
2.45055913925,5192
2.45091795921,5191
2.45179796219,5190
2.45674300194,5189
2.45795798302,5188
2.45921206474,5187
2.46116900444,5186
2.46153116226,5185
2.46189808846,5184
2.46378803253,5183
2.46475100517,5182
2.47028398514,5181
2.47163796425,5180
2.47267603874,5179
2.47461605072,5178
2.47689795494,5177
2.47799301147,5176
2.47829413414,5175
2.47852897644,5174
2.47898006439,5173
2.4793741703,5172
2.4822280407,5171
2.48407316208,5170
2.4857840538,5169
2.48634505272,5168
2.48886108398,5167
2.48952102661,5166
2.49247312546,5165
2.49281311035,5164
2.49367403984,5163
2.49405813217,5162
2.49514198303,5161
2.49842905998,5160
2.49919199944,5159
2.49960899353,5158
2.50324296951,5157
2.50614714622,5156
2.50720906258,5155
2.50807213783,5154
2.50891709328,5153
2.51437401772,5152
2.51516509056,5151
2.51548814774,5150
2.51611995697,5149
2.51643300056,5148
2.51699709892,5147
2.51740407944,5146
2.51950216293,5145
2.52257704735,5144
2.52592802048,5143
2.52947998047,5142
2.52997303009,5141
2.5316619873,5140
2.53818416595,5139
2.53952813148,5138
2.53986215591,5137
2.54198312759,5136
2.5429110527,5135
2.54475998878,5134
2.54653406143,5133
2.5480120182,5132
2.54976511002,5131
2.55137395859,5130
2.55170106888,5129
2.5545899868,5128
2.55493617058,5127
2.55970406532,5126
2.56259608269,5125
2.56332707405,5124
2.56399512291,5123
2.56562018394,5122
2.56704306602,5121
2.56742095947,5120
2.56879496574,5119
2.57034611702,5118
2.57240414619,5117
2.57268595695,5116
2.57603812218,5115
2.57686305046,5114
2.5777759552,5113
2.578592062,5112
2.58153700829,5111
2.58196115494,5110
2.58379101753,5109
2.58421111107,5108
2.58513307571,5107
2.58627104759,5106
2.58653402328,5105
2.5881421566,5104
2.58923196793,5103
2.59031009674,5102
2.59181904793,5101
2.5936460495,5100
2.59494113922,5099
2.59627914429,5098
2.60012316704,5097
2.60259509087,5096
2.60343813896,5095
2.60488295555,5094
2.60564398766,5093
2.60971713066,5092
2.61220002174,5091
2.6144721508,5090
2.61638116837,5089
2.61792707443,5088
2.62186002731,5087
2.62379813194,5086
2.62795114517,5085
2.62826704979,5084
2.63010501862,5083
2.63166499138,5082
2.6325211525,5081
2.63313412666,5080
2.63524603844,5079
2.63584208488,5078
2.64095807076,5077
2.64441013336,5076
2.64575695992,5075
2.64615797997,5074
2.6469810009,5073
2.64860296249,5072
2.64894318581,5071
2.65020608902,5070
2.65414214134,5069
2.65816903114,5068
2.65852808952,5067
2.66039299965,5066
2.66623210907,5065
2.66666102409,5064
2.66702318192,5063
2.66740918159,5062
2.6679880619,5061
2.67140603065,5060
2.67708706856,5059
2.67743301392,5058
2.67919111252,5057
2.67999696732,5056
2.68068099022,5055
2.68130302429,5054
2.68181014061,5053
2.68423700333,5052
2.68479299545,5051
2.68966507912,5050
2.69045305252,5049
2.69079613686,5048
2.69131612778,5047
2.6924021244,5046
2.69411301613,5045
2.69716000557,5044
2.69787502289,5043
2.70155715942,5042
2.70215702057,5041
2.70249009132,5040
2.70343899727,5039
2.70470809937,5038
2.70585417747,5037
2.70716500282,5036
2.70820808411,5035
2.709015131,5034
2.71410298347,5033
2.71477603912,5032
2.71673607826,5031
2.71824908257,5030
2.71855306625,5029
2.71911716461,5028
2.72000813484,5027
2.72039413452,5026
2.72227597237,5025
2.72984600067,5024
2.73026299477,5023
2.730697155,5022
2.73117804527,5021
2.73163199425,5020
2.73471307755,5019
2.73618412018,5018
2.73731803894,5017
2.73820495605,5016
2.73924303055,5015
2.73978614807,5014
2.74327111244,5013
2.74436903,5012
2.74501013756,5011
2.74543499947,5010
2.74588513374,5009
2.74684596062,5008
2.74758195877,5007
2.7482111454,5006
2.74919605255,5005
2.74957919121,5004
2.75039696693,5003
2.75253415108,5002
2.75415706635,5001
2.7595911026,5000
2.76128196716,4999
2.76180005074,4998
2.76234412193,4997
2.76333498955,4996
2.76540112495,4995
2.76567697525,4994
2.76662516594,4993
2.76744008064,4992
2.77710700035,4991
2.78148913383,4990
2.78513002396,4989
2.78629207611,4988
2.7906601429,4987
2.79161500931,4986
2.7937309742,4985
2.79572916031,4984
2.79657101631,4983
2.79716396332,4982
2.79969501495,4981
2.80016517639,4980
2.80129003525,4979
2.80210018158,4978
2.80279302597,4977
2.80641412735,4976
2.80758309364,4975
2.80794095993,4974
2.809278965,4973
2.81226301193,4972
2.8147649765,4971
2.8218061924,4970
2.82362413406,4969
2.82411003113,4968
2.82610607147,4967
2.82928419113,4966
2.83059716225,4965
2.83124113083,4964
2.83182907104,4963
2.83250498772,4962
2.8345580101,4961
2.8374710083,4960
2.83865714073,4959
2.84016919136,4958
2.84477305412,4957
2.845703125,4956
2.84618401527,4955
2.8486289978,4954
2.84917998314,4953
2.85001015663,4952
2.85160517693,4951
2.85457396507,4950
2.85575413704,4949
2.85846996307,4948
2.86017012596,4947
2.86172914505,4946
2.86303806305,4945
2.86403298378,4944
2.86588406563,4943
2.86735796928,4942
2.86974000931,4941
2.87340211868,4940
2.87506914139,4939
2.87606906891,4938
2.8772251606,4937
2.88002896309,4936
2.88042616844,4935
2.88140702248,4934
2.88390898705,4933
2.88444209099,4932
2.88507509232,4931
2.88569402695,4930
2.88750505447,4929
2.88858699799,4928
2.89124011993,4927
2.89297819138,4926
2.89349913597,4925
2.89528107643,4924
2.89797997475,4923
2.89910316467,4922
2.8996591568,4921
2.90135717392,4920
2.90244698524,4919
2.90294098854,4918
2.90506505966,4917
2.90794205666,4916
2.90879511833,4915
2.90945315361,4914
2.9100151062,4913
2.91263914108,4912
2.91939115524,4911
2.91990303993,4910
2.92021107674,4909
2.92144608498,4908
2.92185807228,4907
2.92353606224,4906
2.92502617836,4905
2.92655014992,4904
2.9301199913,4903
2.93357515335,4902
2.93482208252,4901
2.93572306633,4900
2.93693804741,4899
2.9373831749,4898
2.94191718102,4897
2.9445271492,4896
2.94832205772,4895
2.94968008995,4894
2.95052218437,4893
2.95520710945,4892
2.9561111927,4891
2.96236515045,4890
2.96340799332,4889
2.96520709991,4888
2.96767902374,4887
2.96867203712,4886
2.96935009956,4885
2.97011113167,4884
2.97173213959,4883
2.97320318222,4882
2.97496795654,4881
2.97592997551,4880
2.97806096077,4879
2.97840619087,4878
2.98010802269,4877
2.98132610321,4876
2.98214006424,4875
2.98343801498,4874
2.98385596275,4873
2.98434495926,4872
2.98532319069,4871
2.98600912094,4870
2.98695898056,4869
2.98744010925,4868
2.98903107643,4867
2.98967814445,4866
2.98995614052,4865
2.99331402779,4864
2.99376916885,4863
2.99524617195,4862
2.99618911743,4861
2.99684500694,4860
2.99807095528,4859
2.99948501587,4858
3.00205111504,4857
3.00309801102,4856
3.00721812248,4855
3.01133704185,4854
3.0194811821,4853
3.02128195763,4852
3.02640414238,4851
3.02940797806,4850
3.02992916107,4849
3.03181600571,4848
3.03303408623,4847
3.03732514381,4846
3.0391471386,4845
3.04082298279,4844
3.04202818871,4843
3.04434704781,4842
3.04658412933,4841
3.04963302612,4840
3.05294919014,4839
3.05454897881,4838
3.05494308472,4837
3.05555510521,4836
3.05634713173,4835
3.05867505074,4834
3.06136703491,4833
3.06705498695,4832
3.06762099266,4831
3.06932616234,4830
3.07020998001,4829
3.07474112511,4828
3.07529616356,4827
3.0760819912,4826
3.07755303383,4825
3.07948517799,4824
3.08347797394,4823
3.0851111412,4822
3.08614110947,4821
3.08721017838,4820
3.08871817589,4819
3.09303617477,4818
3.09476113319,4817
3.09525203705,4816
3.09626102448,4815
3.09694504738,4814
3.09869503975,4813
3.09923315048,4812
3.10074901581,4811
3.10260295868,4810
3.10542607307,4809
3.1061091423,4808
3.10640311241,4807
3.10866618156,4806
3.10953807831,4805
3.11060500145,4804
3.11194109917,4803
3.11232995987,4802
3.11595797539,4801
3.12091302872,4800
3.12290501595,4799
3.12343907356,4798
3.12443709373,4797
3.12516617775,4796
3.12850403786,4795
3.12908315659,4794
3.1301419735,4793
3.13222098351,4792
3.13689613342,4791
3.13983607292,4790
3.1405570507,4789
3.1435520649,4788
3.14611411095,4787
3.14655303955,4786
3.14721608162,4785
3.15695118904,4784
3.16299796104,4783
3.16478395462,4782
3.16522908211,4781
3.16564702988,4780
3.1688990593,4779
3.16912317276,4778
3.17015600204,4777
3.1733751297,4776
3.17563509941,4775
3.17697715759,4774
3.17805409431,4773
3.17873907089,4772
3.17960596085,4771
3.18174505234,4770
3.18249797821,4769
3.18374609947,4768
3.1869020462,4767
3.19322609901,4766
3.1941421032,4765
3.19781017303,4764
3.20196914673,4763
3.20294713974,4762
3.2044301033,4761
3.20553898811,4760
3.2058391571,4759
3.20716500282,4758
3.21250915527,4757
3.21791505814,4756
3.21892905235,4755
3.21990609169,4754
3.22252511978,4753
3.22319102287,4752
3.22405910492,4751
3.22501802444,4750
3.22639012337,4749
3.22855401039,4748
3.22912406921,4747
3.22954297066,4746
3.23329615593,4745
3.23428297043,4744
3.23492097855,4743
3.23558616638,4742
3.23600697517,4741
3.24383997917,4740
3.25031614304,4739
3.25232005119,4738
3.25730705261,4737
3.25786018372,4736
3.26438498497,4735
3.26996302605,4734
3.27649617195,4733
3.27862501144,4732
3.28391909599,4731
3.28628897667,4730
3.28668904305,4729
3.28696107864,4728
3.28967404366,4727
3.29185605049,4726
3.29621315002,4725
3.29801416397,4724
3.30361604691,4723
3.30490803719,4722
3.30589008331,4721
3.30635905266,4720
3.30829596519,4719
3.30855798721,4718
3.30923604965,4717
3.30976104736,4716
3.31005597115,4715
3.31229114532,4714
3.31762599945,4713
3.31821608543,4712
3.31849002838,4711
3.32012605667,4710
3.32107901573,4709
3.32273316383,4708
3.32393312454,4707
3.32458901405,4706
3.32676100731,4705
3.32857608795,4704
3.32910513878,4703
3.32959604263,4702
3.33009314537,4701
3.33105301857,4700
3.33208417892,4699
3.33264303207,4698
3.33461618423,4697
3.33520412445,4696
3.3401529789,4695
3.34062409401,4694
3.34719705582,4693
3.35595703125,4692
3.35680603981,4691
3.35878109932,4690
3.35912013054,4689
3.36340117455,4688
3.36532902718,4687
3.36569499969,4686
3.3699131012,4685
3.37062311172,4684
3.37210512161,4683
3.37327814102,4682
3.37416505814,4681
3.37521409988,4680
3.37662005424,4679
3.37867712975,4678
3.38104510307,4677
3.38166713715,4676
3.38262796402,4675
3.38306617737,4674
3.38398504257,4673
3.38663005829,4672
3.38784813881,4671
3.38916301727,4670
3.38984012604,4669
3.39027810097,4668
3.39071202278,4667
3.39129805565,4666
3.3915309906,4665
3.39190006256,4664
3.39285206795,4663
3.3939371109,4662
3.39475607872,4661
3.39538002014,4660
3.39689016342,4659
3.4010219574,4658
3.40506410599,4657
3.40593099594,4656
3.41065502167,4655
3.41351008415,4654
3.41601800919,4653
3.41702914238,4652
3.41827106476,4651
3.41946697235,4650
3.42309999466,4649
3.42739915848,4648
3.42764210701,4647
3.42877817154,4646
3.43114614487,4645
3.4317920208,4644
3.43550515175,4643
3.44067311287,4642
3.44140601158,4641
3.4456820488,4640
3.44713616371,4639
3.44963908195,4638
3.450330019,4637
3.45122599602,4636
3.45506906509,4635
3.45785117149,4634
3.46068096161,4633
3.46300411224,4632
3.46506905556,4631
3.46692609787,4630
3.46766805649,4629
3.46914196014,4628
3.47123599052,4627
3.4722070694,4626
3.47469902039,4625
3.48074913025,4624
3.48152399063,4623
3.48483514786,4622
3.48518419266,4621
3.48700213432,4620
3.48797512054,4619
3.49728703499,4618
3.50082111359,4617
3.50336003304,4616
3.50429105759,4615
3.50646400452,4614
3.50908303261,4613
3.51090812683,4612
3.51783514023,4611
3.52397203445,4610
3.52664613724,4609
3.5299551487,4608
3.53082609177,4607
3.53341507912,4606
3.53579807281,4605
3.53638696671,4604
3.5367000103,4603
3.53742098808,4602
3.53807711601,4601
3.53869318962,4600
3.53965711594,4599
3.541036129,4598
3.54322504997,4597
3.54353499413,4596
3.54406118393,4595
3.54505801201,4594
3.55290699005,4593
3.5554420948,4592
3.55590415001,4591
3.5581240654,4590
3.55940914154,4589
3.56071305275,4588
3.56169509888,4587
3.56219911575,4586
3.56328606606,4585
3.56449007988,4584
3.56472015381,4583
3.56824111938,4582
3.56979417801,4581
3.57110500336,4580
3.57184100151,4579
3.57469010353,4578
3.5756611824,4577
3.58134913445,4576
3.58175206184,4575
3.58253717422,4574
3.58398008347,4573
3.58449101448,4572
3.58506011963,4571
3.58652210236,4570
3.58688998222,4569
3.59258508682,4568
3.59353113174,4567
3.59653615952,4566
3.59721899033,4565
3.59830403328,4564
3.6049861908,4563
3.60578799248,4562
3.60716509819,4561
3.60810613632,4560
3.60879516602,4559
3.61046004295,4558
3.61366295815,4557
3.61572408676,4556
3.6183180809,4555
3.62111902237,4554
3.62294101715,4553
3.62395811081,4552
3.62905406952,4551
3.63071703911,4550
3.63313817978,4549
3.63627409935,4548
3.63873004913,4547
3.64273715019,4546
3.64575910568,4545
3.65124607086,4544
3.65243506432,4543
3.65389418602,4542
3.65428209305,4541
3.65528416634,4540
3.65735816956,4539
3.66273117065,4538
3.66477417946,4537
3.66587710381,4536
3.66689896584,4535
3.6688451767,4534
3.66934609413,4533
3.67065405846,4532
3.67309808731,4531
3.67541313171,4530
3.67563700676,4529
3.67632102966,4528
3.67928314209,4527
3.67985916138,4526
3.68131709099,4525
3.6833281517,4524
3.68550896645,4523
3.68736004829,4522
3.68866109848,4521
3.68982505798,4520
3.69016599655,4519
3.69318819046,4518
3.69564199448,4517
3.69733810425,4516
3.69932603836,4515
3.70467495918,4514
3.70776200294,4513
3.70928907394,4512
3.71104502678,4511
3.71342110634,4510
3.72022795677,4509
3.72325015068,4508
3.72534608841,4507
3.7256090641,4506
3.72989797592,4505
3.73284697533,4504
3.73396611214,4503
3.73829603195,4502
3.73920106888,4501
3.74167013168,4500
3.74301409721,4499
3.74673914909,4498
3.74897003174,4497
3.75043606758,4496
3.75085902214,4495
3.75265407562,4494
3.75320410728,4493
3.75430417061,4492
3.75667309761,4491
3.76037406921,4490
3.76221203804,4489
3.76579618454,4488
3.76824498177,4487
3.77224206924,4486
3.77912402153,4485
3.77975201607,4484
3.78035402298,4483
3.78077816963,4482
3.78141307831,4481
3.79377913475,4480
3.79405713081,4479
3.79670810699,4478
3.80272197723,4477
3.80448508263,4476
3.8057050705,4475
3.8072180748,4474
3.80750918388,4473
3.80860495567,4472
3.81797504425,4471
3.82060909271,4470
3.82598996162,4469
3.82626509666,4468
3.82699918747,4467
3.83095002174,4466
3.8318901062,4465
3.83214712143,4464
3.83413004875,4463
3.83701610565,4462
3.83737397194,4461
3.8384950161,4460
3.84192419052,4459
3.84902310371,4458
3.85098409653,4457
3.8518550396,4456
3.85303902626,4455
3.85535812378,4454
3.85786700249,4453
3.86472296715,4452
3.86846113205,4451
3.86901903152,4450
3.87661099434,4449
3.8769671917,4448
3.8776049614,4447
3.88087296486,4446
3.88632011414,4445
3.88681602478,4444
3.88915395737,4443
3.89247298241,4442
3.89339113235,4441
3.90045809746,4440
3.90310096741,4439
3.9036231041,4438
3.90652608871,4437
3.90829896927,4436
3.90926408768,4435
3.90997314453,4434
3.91068816185,4433
3.91164898872,4432
3.91202116013,4431
3.91281199455,4430
3.91336107254,4429
3.91513800621,4428
3.91614103317,4427
3.91711711884,4426
3.91964316368,4425
3.92275810242,4424
3.92820906639,4423
3.92906999588,4422
3.93022918701,4421
3.93146395683,4420
3.93576598167,4419
3.93935799599,4418
3.94166111946,4417
3.94286417961,4416
3.94390416145,4415
3.94424009323,4414
3.94457912445,4413
3.94700098038,4412
3.94734716415,4411
3.94794607162,4410
3.94914102554,4409
3.95554208755,4408
3.96237897873,4407
3.96285200119,4406
3.96690511703,4405
3.96848201752,4404
3.97194910049,4403
3.97324800491,4402
3.97428512573,4401
3.97564816475,4400
3.98169016838,4399
3.98304915428,4398
3.98524403572,4397
3.98567795753,4396
3.988063097,4395
3.99425506592,4394
3.99454307556,4393
3.99660110474,4392
3.99929308891,4391
4.00556397438,4390
4.00687408447,4389
4.00847506523,4388
4.01040005684,4387
4.01134610176,4386
4.01689195633,4385
4.01960396767,4384
4.02076816559,4383
4.02307009697,4382
4.02357816696,4381
4.02611708641,4380
4.02656602859,4379
4.03276014328,4378
4.03446912766,4377
4.03543615341,4376
4.03691005707,4375
4.03924798965,4374
4.04092001915,4373
4.04117298126,4372
4.04171609879,4371
4.0454390049,4370
4.04895710945,4369
4.05968213081,4368
4.06004118919,4367
4.06290316582,4366
4.06552696228,4365
4.06782317162,4364
4.07123208046,4363
4.0725581646,4362
4.07322716713,4361
4.07444405556,4360
4.07599496841,4359
4.08033299446,4358
4.08330011368,4357
4.08414506912,4356
4.08892297745,4355
4.09593200684,4354
4.09726214409,4353
4.0993540287,4352
4.10034012794,4351
4.10583400726,4350
4.10698008537,4349
4.10730695724,4348
4.10763311386,4347
4.10796713829,4346
4.11281609535,4345
4.12141799927,4344
4.12239098549,4343
4.12794017792,4342
4.12853097916,4341
4.129570961,4340
4.13309216499,4339
4.13777399063,4338
4.14242601395,4337
4.1439871788,4336
4.14497303963,4335
4.15055012703,4334
4.1513261795,4333
4.15500402451,4332
4.15657997131,4331
4.16063809395,4330
4.16259598732,4329
4.16344404221,4328
4.16594409943,4327
4.17177915573,4326
4.17549610138,4325
4.18055200577,4324
4.18140912056,4323
4.18541097641,4322
4.1967151165,4321
4.20026302338,4320
4.20221614838,4319
4.20391106606,4318
4.20719099045,4317
4.21008706093,4316
4.21461510658,4315
4.21497416496,4314
4.21713018417,4313
4.22467803955,4312
4.22494602203,4311
4.22528910637,4310
4.22642612457,4309
4.22800111771,4308
4.22833609581,4307
4.22918915749,4306
4.22961497307,4305
4.23121714592,4304
4.23320102692,4303
4.23396611214,4302
4.23559212685,4301
4.23711800575,4300
4.23814916611,4299
4.23864603043,4298
4.24134302139,4297
4.24273204803,4296
4.25595116615,4295
4.25727105141,4294
4.25975513458,4293
4.26624703407,4292
4.2715959549,4291
4.2729010582,4290
4.27505397797,4289
4.27998995781,4288
4.28754615784,4287
4.29029417038,4286
4.29135417938,4285
4.29652810097,4284
4.30028104782,4283
4.30461597443,4282
4.31208896637,4281
4.31877398491,4280
4.32303404808,4279
7.31473708153,4278
7.32022809982,4277
7.33010411263,4276
7.33139705658,4275
7.34208106995,4274
7.34898900986,4273
7.34941196442,4272
7.35719418526,4271
7.36541795731,4270
7.36747312546,4269
7.37640309334,4268
7.38891196251,4267
7.39585709572,4266
7.40093111992,4265
7.40273714066,4264
7.40351700783,4263
7.41376519203,4262
7.4429090023,4261
7.44748401642,4260
7.44989109039,4259
7.47094106674,4258
7.49633312225,4257
7.51072311401,4256
7.53827309608,4255
7.55222702026,4254
7.57587718964,4253
7.58773517609,4252
7.59529995918,4251
7.61073112488,4250
7.6486530304,4249
7.65375709534,4248
7.65560007095,4247
7.662099123,4246
7.68080615997,4245
7.68613409996,4244
7.70911717415,4243
7.71407103539,4242
7.71560811996,4241
7.73762607574,4240
7.74151396751,4239
7.75277614594,4238
7.75734615326,4237
7.76497507095,4236
11.1015570164,4235
11.1054291725,4234
11.1139349937,4233
11.1170730591,4232
11.1332480907,4231
11.1452960968,4230
11.1645011902,4229
11.170331955,4228
11.1988611221,4227
11.2021210194,4226
11.2056591511,4225
11.206084013,4224
11.2071681023,4223
11.21540308,4222
11.2282240391,4221
11.2304821014,4220
11.2343850136,4219
11.234937191,4218
11.2531940937,4217
11.257735014,4216
11.2587080002,4215
14.4442059994,4214
14.4460229874,4213
14.457255125,4212
14.4660170078,4211
14.4699990749,4210
14.4740331173,4209
14.4953291416,4208
14.4978780746,4207
14.5056810379,4206
14.5245599747,4205
14.5291941166,4204
14.5530090332,4203
14.5566661358,4202
14.5660421848,4201
14.5672380924,4200
14.5708260536,4199
14.5849311352,4198
14.5990569592,4197
14.6091940403,4196
14.6157970428,4195
14.6199631691,4194
14.6633551121,4193
14.6680440903,4192
14.6931180954,4191
14.6951971054,4190
14.6966049671,4189
14.7085211277,4188
14.713299036,4187
14.7150921822,4186
14.7427179813,4185
14.7507820129,4184
14.7652189732,4183
17.8934960365,4182
17.9083781242,4181
17.9125361443,4180
17.9263541698,4179
17.9723250866,4178
17.9727640152,4177
17.9778280258,4176
17.9879980087,4175
17.9923000336,4174
18.009319067,4173
18.0116939545,4172
18.0139920712,4171
18.0146241188,4170
18.0245840549,4169
18.0369901657,4168
18.0387101173,4167
18.0469591618,4166
18.0499870777,4165
18.05828619,4164
18.0597860813,4163
18.0728609562,4162
18.0863139629,4161
18.0885531902,4160
18.0914490223,4159
18.093170166,4158
18.1009001732,4157
18.101265192,4156
18.1108510494,4155
18.1249940395,4154
18.1297240257,4153
18.1302490234,4152
18.1396701336,4151
18.1630730629,4150
18.1897060871,4149
18.1981391907,4148
18.2001919746,4147
18.2010111809,4146
18.2032129765,4145
18.2220730782,4144
18.2318251133,4143
18.2371339798,4142
18.2436511517,4141
21.4916040897,4140
21.4951050282,4139
21.500756979,4138
21.5018870831,4137
21.5028681755,4136
21.5205850601,4135
21.5363111496,4134
21.5749371052,4133
21.5855340958,4132
21.5910949707,4131
21.595566988,4130
21.6033651829,4129
21.621407032,4128
21.6348810196,4127
21.6461141109,4126
21.6548981667,4125
21.6617400646,4124
24.920648098,4123
24.923418045,4122
24.9252691269,4121
24.9352550507,4120
24.9371650219,4119
24.9732270241,4118
24.974627018,4117
24.9818720818,4116
24.9885981083,4115
24.9915151596,4114
24.9941849709,4113
25.0004730225,4112
25.0017421246,4111
25.0108041763,4110
25.0195989609,4109
25.0221500397,4108
25.0346560478,4107
25.0429480076,4106
25.0468251705,4105
25.0502181053,4104
25.0722181797,4103
25.0893881321,4102
25.092094183,4101
25.100659132,4100
25.1123139858,4099
25.1309771538,4098
25.1412990093,4097
28.3894231319,4096
28.4028720856,4095
28.4073700905,4094
28.4118089676,4093
28.4339430332,4092
28.4377930164,4091
28.4455270767,4090
28.4519369602,4089
28.4627161026,4088
28.4885420799,4087
28.4970161915,4086
28.5019710064,4085
28.5121691227,4084
28.5171639919,4083
28.5273251534,4082
28.529900074,4081
28.5302820206,4080
28.531291008,4079
28.5334570408,4078
28.5496599674,4077
28.5567731857,4076
28.5633320808,4075
28.5666689873,4074
28.5733451843,4073
28.5789370537,4072
28.5813291073,4071
32.077324152,4070
32.0813701153,4069
32.0826621056,4068
32.0985150337,4067
35.458217144,4066
35.4602870941,4065
35.461935997,4064
35.4633421898,4063
35.4702031612,4062
35.4740700722,4061
35.4840991497,4060
35.5041229725,4059
35.5183911324,4058
35.5279371738,4057
35.5469579697,4056
35.5581920147,4055
35.564084053,4054
35.5781011581,4053
38.9554200172,4052
38.9647181034,4051
38.9793601036,4050
38.9834771156,4049
38.9843490124,4048
38.9894821644,4047
42.5180959702,4046
42.5188801289,4045
42.519493103,4044
42.5271661282,4043
49.3915190697,4042
49.4026920795,4041
49.4351501465,4040
49.4401800632,4039
49.4452521801,4038
49.455384016,4037
49.4680919647,4036
49.4871439934,4035
53.0533690453,4034
53.0575470924,4033
56.5813250542,4032
56.584059,4031
56.5974960327,4030
60.0434110165,4029
60.0448219776,4028
60.0495820045,4027
60.0574731827,4026
60.0619251728,4025
60.0650210381,4024
63.6667301655,4023
63.6740150452,4022
63.6751720905,4021
63.680505991,4020
63.6897490025,4019
