0.0198259353638,7609
0.0201849937439,7608
0.0207118988037,7607
0.0214188098907,7606
0.0218667984009,7605
0.0221858024597,7604
0.022540807724,7603
0.0229518413544,7602
0.0234370231628,7601
0.0239548683167,7600
0.0246109962463,7599
0.0248718261719,7598
0.0252749919891,7597
0.0256860256195,7596
0.0262088775635,7595
0.0266737937927,7594
0.0271308422089,7593
0.027508020401,7592
0.0279588699341,7591
0.0284509658813,7590
0.0287418365479,7589
0.029287815094,7588
0.0298979282379,7587
0.0304818153381,7586
0.0309679508209,7585
0.0312747955322,7584
0.0316078662872,7583
0.0318880081177,7582
0.0322999954224,7581
0.0328810214996,7580
0.0333249568939,7579
0.0337128639221,7578
0.0341470241547,7577
0.034646987915,7576
0.0349500179291,7575
0.0352168083191,7574
0.035619020462,7573
0.0359659194946,7572
0.0363349914551,7571
0.0368700027466,7570
0.0372478961945,7569
0.0375809669495,7568
0.0380909442902,7567
0.0384578704834,7566
0.0388419628143,7565
0.039470911026,7564
0.0400328636169,7563
0.0404160022736,7562
0.0409708023071,7561
0.0412709712982,7560
0.0417008399963,7559
0.0423078536987,7558
0.0428478717804,7557
0.0433490276337,7556
0.0437128543854,7555
0.044175863266,7554
0.0446197986603,7553
0.045490026474,7552
0.0457739830017,7551
0.0461277961731,7550
0.0465919971466,7549
0.0470118522644,7548
0.0474419593811,7547
0.0478579998016,7546
0.0483458042145,7545
0.0489139556885,7544
0.0493938922882,7543
0.0499188899994,7542
0.0506908893585,7541
0.0511739253998,7540
0.0515418052673,7539
0.0518398284912,7538
0.0523250102997,7537
0.0528199672699,7536
0.0532348155975,7535
0.053594827652,7534
0.0540289878845,7533
0.0544769763947,7532
0.0550389289856,7531
0.0552968978882,7530
0.0558528900146,7529
0.0562899112701,7528
0.0567619800568,7527
0.0571060180664,7526
0.0574979782104,7525
0.0580258369446,7524
0.0583789348602,7523
0.0589768886566,7522
0.0593118667603,7521
0.0596868991852,7520
0.0601489543915,7519
0.0604529380798,7518
0.0614190101624,7517
0.0618619918823,7516
0.0623400211334,7515
0.0627138614655,7514
0.0631120204926,7513
0.0636489391327,7512
0.0641579627991,7511
0.06471991539,7510
0.0653638839722,7509
0.0659329891205,7508
0.0664458274841,7507
0.0674259662628,7506
0.0678148269653,7505
0.0683507919312,7504
0.0690479278564,7503
0.069445848465,7502
0.0704228878021,7501
0.070928812027,7500
0.0716388225555,7499
0.0722918510437,7498
0.0726299285889,7497
0.0730588436127,7496
0.0737309455872,7495
0.0742888450623,7494
0.0748119354248,7493
0.0751240253448,7492
0.0757129192352,7491
0.0760188102722,7490
0.0763659477234,7489
0.0767889022827,7488
0.0771088600159,7487
0.0774078369141,7486
0.0777378082275,7485
0.0782380104065,7484
0.0788769721985,7483
0.0794868469238,7482
0.0799839496613,7481
0.0806219577789,7480
0.0812518596649,7479
0.0820808410645,7478
0.0826900005341,7477
0.0832629203796,7476
0.0836789608002,7475
0.0841958522797,7474
0.0845868587494,7473
0.0854709148407,7472
0.0858988761902,7471
0.0863099098206,7470
0.0866959095001,7469
0.0876588821411,7468
0.0879998207092,7467
0.0884959697723,7466
0.0893139839172,7465
0.0900340080261,7464
0.0904679298401,7463
0.0909678936005,7462
0.0914058685303,7461
0.0920748710632,7460
0.0925989151001,7459
0.0932559967041,7458
0.0937728881836,7457
0.0942800045013,7456
0.0945949554443,7455
0.0950398445129,7454
0.0955278873444,7453
0.0958938598633,7452
0.0964879989624,7451
0.0971188545227,7450
0.0978248119354,7449
0.098326921463,7448
0.09903383255,7447
0.0996220111847,7446
0.1005859375,7445
0.102154016495,7444
0.1028008461,7443
0.103186845779,7442
0.104381799698,7441
0.104719877243,7440
0.105348825455,7439
0.105810880661,7438
0.106557846069,7437
0.107018947601,7436
0.107400894165,7435
0.108148813248,7434
0.108568906784,7433
0.108994007111,7432
0.109402894974,7431
0.109746932983,7430
0.110610961914,7429
0.111696958542,7428
0.112139940262,7427
0.112478017807,7426
0.113234996796,7425
0.113780021667,7424
0.114388942719,7423
0.115454912186,7422
0.115943908691,7421
0.116600990295,7420
0.117082834244,7419
0.117743015289,7418
0.118286848068,7417
0.118986845016,7416
0.119537830353,7415
0.119870901108,7414
0.12042093277,7413
0.120950937271,7412
0.121389865875,7411
0.121953964233,7410
0.122273921967,7409
0.122948884964,7408
0.123198986053,7407
0.124001979828,7406
0.124373912811,7405
0.124707937241,7404
0.125247001648,7403
0.125547885895,7402
0.126232862473,7401
0.126489877701,7400
0.126986026764,7399
0.127574920654,7398
0.128101825714,7397
0.128644943237,7396
0.129341840744,7395
0.12966299057,7394
0.13078379631,7393
0.131287813187,7392
0.131884813309,7391
0.132169008255,7390
0.132803916931,7389
0.133057832718,7388
0.133337020874,7387
0.133752822876,7386
0.134761810303,7385
0.135026931763,7384
0.135390996933,7383
0.135836839676,7382
0.136327981949,7381
0.136835813522,7380
0.137089014053,7379
0.137614965439,7378
0.13853096962,7377
0.138898849487,7376
0.139194965363,7375
0.139753818512,7374
0.140254974365,7373
0.140799999237,7372
0.14129281044,7371
0.141691923141,7370
0.14213180542,7369
0.142640829086,7368
0.143944978714,7367
0.144791841507,7366
0.145327806473,7365
0.145944833755,7364
0.146884918213,7363
0.147337913513,7362
0.147954940796,7361
0.148626804352,7360
0.149173974991,7359
0.149811983109,7358
0.150439023972,7357
0.150816917419,7356
0.151974916458,7355
0.153021812439,7354
0.153491020203,7353
0.153964996338,7352
0.154317855835,7351
0.155027866364,7350
0.155508995056,7349
0.156171798706,7348
0.157269001007,7347
0.157829999924,7346
0.158137798309,7345
0.158550977707,7344
0.159024000168,7343
0.159371852875,7342
0.159873008728,7341
0.160531997681,7340
0.161057949066,7339
0.162297010422,7338
0.162833929062,7337
0.163466930389,7336
0.16462802887,7335
0.165109872818,7334
0.16560292244,7333
0.166157960892,7332
0.166839838028,7331
0.167416810989,7330
0.167789936066,7329
0.16827583313,7328
0.168699979782,7327
0.169036865234,7326
0.169601917267,7325
0.170029878616,7324
0.17041182518,7323
0.17119884491,7322
0.172194957733,7321
0.172952890396,7320
0.173460960388,7319
0.174112796783,7318
0.174511909485,7317
0.175810813904,7316
0.176494836807,7315
0.177218914032,7314
0.177610874176,7313
0.177943944931,7312
0.178291797638,7311
0.178753852844,7310
0.179150819778,7309
0.179730892181,7308
0.180815935135,7307
0.181372880936,7306
0.181990861893,7305
0.182338953018,7304
0.183570861816,7303
0.184056997299,7302
0.184578895569,7301
0.185158014297,7300
0.185769796371,7299
0.18626499176,7298
0.186985015869,7297
0.18757891655,7296
0.18804693222,7295
0.188544988632,7294
0.189201831818,7293
0.189888000488,7292
0.190369844437,7291
0.190835952759,7290
0.191463947296,7289
0.192067861557,7288
0.192670822144,7287
0.193205833435,7286
0.193888902664,7285
0.194902896881,7284
0.195846796036,7283
0.196317911148,7282
0.196730852127,7281
0.197192907333,7280
0.197650909424,7279
0.19823884964,7278
0.199340820312,7277
0.200134992599,7276
0.200451850891,7275
0.200764894485,7274
0.201201915741,7273
0.201560020447,7272
0.202761888504,7271
0.203221797943,7270
0.203881025314,7269
0.204212903976,7268
0.204563856125,7267
0.205106019974,7266
0.205456018448,7265
0.206166028976,7264
0.206704854965,7263
0.207509994507,7262
0.208343029022,7261
0.208981990814,7260
0.209548950195,7259
0.209908008575,7258
0.210666894913,7257
0.211457967758,7256
0.212319850922,7255
0.212702989578,7254
0.213150024414,7253
0.21370100975,7252
0.214000940323,7251
0.21467590332,7250
0.215168952942,7249
0.216084003448,7248
0.216396808624,7247
0.216996908188,7246
0.21760892868,7245
0.217990875244,7244
0.218822002411,7243
0.219481945038,7242
0.219968795776,7241
0.220781803131,7240
0.221405029297,7239
0.221884965897,7238
0.222884893417,7237
0.223531961441,7236
0.223835945129,7235
0.224289894104,7234
0.225039958954,7233
0.225405931473,7232
0.226519823074,7231
0.22687292099,7230
0.227339029312,7229
0.228485822678,7228
0.229494810104,7227
0.230031013489,7226
0.231010913849,7225
0.231485843658,7224
0.231838941574,7223
0.23238492012,7222
0.232950925827,7221
0.233484983444,7220
0.233824014664,7219
0.234241008759,7218
0.234635829926,7217
0.2353079319,7216
0.235809803009,7215
0.236656904221,7214
0.237265825272,7213
0.237598896027,7212
0.238082885742,7211
0.238643884659,7210
0.239392995834,7209
0.239936828613,7208
0.240233898163,7207
0.240571022034,7206
0.241096019745,7205
0.241639852524,7204
0.24214887619,7203
0.242592811584,7202
0.243568897247,7201
0.243970870972,7200
0.244596004486,7199
0.245100975037,7198
0.2458589077,7197
0.246379852295,7196
0.246850013733,7195
0.247189998627,7194
0.248914957047,7193
0.249366998672,7192
0.250087976456,7191
0.250887870789,7190
0.251438856125,7189
0.251994848251,7188
0.252818822861,7187
0.253876924515,7186
0.254447937012,7185
0.254771947861,7184
0.255085945129,7183
0.255623817444,7182
0.256389856339,7181
0.25690984726,7180
0.258327960968,7179
0.258903980255,7178
0.259385824203,7177
0.260177850723,7176
0.260803937912,7175
0.261190891266,7174
0.262092828751,7173
0.26234793663,7172
0.262718915939,7171
0.263182878494,7170
0.263556957245,7169
0.264125823975,7168
0.264688968658,7167
0.265256881714,7166
0.265647888184,7165
0.266170978546,7164
0.266470909119,7163
0.26690196991,7162
0.267544984818,7161
0.268044948578,7160
0.268812894821,7159
0.269733905792,7158
0.270147800446,7157
0.270471811295,7156
0.270828962326,7155
0.271278858185,7154
0.271575927734,7153
0.272602796555,7152
0.272912025452,7151
0.273764848709,7150
0.274402856827,7149
0.274950027466,7148
0.275429964066,7147
0.276036977768,7146
0.276454925537,7145
0.277015924454,7144
0.277417898178,7143
0.278934955597,7142
0.27966094017,7141
0.279995918274,7140
0.280856847763,7139
0.281203985214,7138
0.281761884689,7137
0.28213095665,7136
0.282488822937,7135
0.283057928085,7134
0.283420801163,7133
0.284091949463,7132
0.285581827164,7131
0.286021947861,7130
0.287427902222,7129
0.28816986084,7128
0.288954019547,7127
0.289333820343,7126
0.289641857147,7125
0.290421009064,7124
0.290764808655,7123
0.291150808334,7122
0.291746854782,7121
0.292166948318,7120
0.292464971542,7119
0.293012857437,7118
0.293531894684,7117
0.293999910355,7116
0.29439496994,7115
0.295108795166,7114
0.295543909073,7113
0.296087026596,7112
0.296389818192,7111
0.297106981277,7110
0.297452926636,7109
0.297760009766,7108
0.298032999039,7107
0.298578023911,7106
0.298960924149,7105
0.299525976181,7104
0.299783945084,7103
0.300238847733,7102
0.30085682869,7101
0.301246881485,7100
0.301816940308,7099
0.302276849747,7098
0.302688837051,7097
0.303875923157,7096
0.304798841476,7095
0.305595874786,7094
0.305894851685,7093
0.306421995163,7092
0.307252883911,7091
0.307938814163,7090
0.308456897736,7089
0.309451818466,7088
0.310081005096,7087
0.310405015945,7086
0.311506986618,7085
0.312009811401,7084
0.31379199028,7083
0.315451860428,7082
0.316133022308,7081
0.31711602211,7080
0.317592859268,7079
0.318625926971,7078
0.31893491745,7077
0.319350004196,7076
0.319895982742,7075
0.320797920227,7074
0.321152925491,7073
0.321553945541,7072
0.321861982346,7071
0.322459936142,7070
0.322731971741,7069
0.323213815689,7068
0.32409787178,7067
0.324690818787,7066
0.325717926025,7065
0.326529979706,7064
0.32747387886,7063
0.328277826309,7062
0.328795909882,7061
0.329058885574,7060
0.329339981079,7059
0.329710006714,7058
0.330325841904,7057
0.33092880249,7056
0.331587791443,7055
0.333288908005,7054
0.334404945374,7053
0.334668874741,7052
0.335215806961,7051
0.335516929626,7050
0.336027860641,7049
0.33700799942,7048
0.337947845459,7047
0.33837890625,7046
0.338847875595,7045
0.339555025101,7044
0.339869022369,7043
0.341981887817,7042
0.342465877533,7041
0.343907833099,7040
0.34431886673,7039
0.345312833786,7038
0.345801830292,7037
0.346415996552,7036
0.347044944763,7035
0.347620010376,7034
0.347998857498,7033
0.348737955093,7032
0.349058866501,7031
0.349669933319,7030
0.349936008453,7029
0.351079940796,7028
0.351650953293,7027
0.352401971817,7026
0.352690935135,7025
0.355278015137,7024
0.355759859085,7023
0.356258869171,7022
0.356683969498,7021
0.357262849808,7020
0.358888864517,7019
0.359640836716,7018
0.360186815262,7017
0.360743999481,7016
0.361949920654,7015
0.362434864044,7014
0.362854957581,7013
0.363345861435,7012
0.36456990242,7011
0.364836931229,7010
0.365409851074,7009
0.365774869919,7008
0.366214990616,7007
0.366781949997,7006
0.367110013962,7005
0.367527961731,7004
0.368139028549,7003
0.36994600296,7002
0.370754957199,7001
0.371713876724,7000
0.372102022171,6999
0.373003005981,6998
0.373550891876,6997
0.374066829681,6996
0.374926805496,6995
0.375411987305,6994
0.375720024109,6993
0.376880884171,6992
0.377435922623,6991
0.37818479538,6990
0.378696918488,6989
0.379411935806,6988
0.379781007767,6987
0.381610870361,6986
0.381959915161,6985
0.382622003555,6984
0.383160829544,6983
0.383624792099,6982
0.384114027023,6981
0.385008811951,6980
0.385581970215,6979
0.38649892807,6978
0.386873006821,6977
0.387207984924,6976
0.387619018555,6975
0.388193845749,6974
0.389249801636,6973
0.389698982239,6972
0.39075088501,6971
0.391313791275,6970
0.39169883728,6969
0.392145872116,6968
0.393471956253,6967
0.393885850906,6966
0.394915819168,6965
0.395636796951,6964
0.396081924438,6963
0.396369934082,6962
0.397011995316,6961
0.397503852844,6960
0.397933006287,6959
0.399210929871,6958
0.399811029434,6957
0.400204896927,6956
0.400617837906,6955
0.401571989059,6954
0.402634859085,6953
0.403035879135,6952
0.404030799866,6951
0.404517889023,6950
0.405427932739,6949
0.405915975571,6948
0.406868934631,6947
0.407227993011,6946
0.407629013062,6945
0.408136844635,6944
0.408591985703,6943
0.408915996552,6942
0.410107851028,6941
0.411181926727,6940
0.412164926529,6939
0.412696838379,6938
0.413152933121,6937
0.413416862488,6936
0.413864850998,6935
0.414135932922,6934
0.41485285759,6933
0.415427923203,6932
0.41635799408,6931
0.417454004288,6930
0.418507814407,6929
0.419094800949,6928
0.420499801636,6927
0.421780824661,6926
0.422506809235,6925
0.423189878464,6924
0.423694849014,6923
0.424439907074,6922
0.425896883011,6921
0.42648100853,6920
0.426926851273,6919
0.427482843399,6918
0.42799282074,6917
0.428433895111,6916
0.428773880005,6915
0.429962873459,6914
0.431424856186,6913
0.432263851166,6912
0.432691812515,6911
0.433050870895,6910
0.434002876282,6909
0.434256792068,6908
0.434828996658,6907
0.435276985168,6906
0.436374902725,6905
0.436686992645,6904
0.438376903534,6903
0.438800811768,6902
0.441253900528,6901
0.441510915756,6900
0.441951990128,6899
0.442412853241,6898
0.442790985107,6897
0.443785905838,6896
0.444259881973,6895
0.445061922073,6894
0.445441961288,6893
0.446043014526,6892
0.446450948715,6891
0.447365999222,6890
0.448306798935,6889
0.44918179512,6888
0.449831962585,6887
0.450294017792,6886
0.451834917068,6885
0.452193975449,6884
0.452683925629,6883
0.453438997269,6882
0.453769922256,6881
0.455801010132,6880
0.457536935806,6879
0.45841884613,6878
0.458973884583,6877
0.459290981293,6876
0.459734916687,6875
0.46010184288,6874
0.460614919662,6873
0.462234020233,6872
0.462859869003,6871
0.4632999897,6870
0.463648796082,6869
0.464074850082,6868
0.464840888977,6867
0.465381860733,6866
0.465812921524,6865
0.466100931168,6864
0.466557025909,6863
0.467235803604,6862
0.468034029007,6861
0.468430995941,6860
0.468787908554,6859
0.469282865524,6858
0.470414876938,6857
0.470978975296,6856
0.472878932953,6855
0.473485946655,6854
0.473908901215,6853
0.47444486618,6852
0.475829839706,6851
0.477235794067,6850
0.477955818176,6849
0.479157924652,6848
0.479568004608,6847
0.480122804642,6846
0.480435848236,6845
0.48114991188,6844
0.482244968414,6843
0.483009815216,6842
0.48402094841,6841
0.484661817551,6840
0.486027956009,6839
0.488032817841,6838
0.488482952118,6837
0.488935947418,6836
0.489491939545,6835
0.490424871445,6834
0.49173784256,6833
0.49289894104,6832
0.493541002274,6831
0.493877887726,6830
0.494436979294,6829
0.49680185318,6828
0.497434854507,6827
0.498171806335,6826
0.498886823654,6825
0.499593019485,6824
0.500207901001,6823
0.501134872437,6822
0.50187587738,6821
0.502285003662,6820
0.502882003784,6819
0.503352880478,6818
0.504510879517,6817
0.505014896393,6816
0.505816936493,6815
0.506389856339,6814
0.506906986237,6813
0.507855892181,6812
0.508520841599,6811
0.509142875671,6810
0.510026931763,6809
0.510934829712,6808
0.512694835663,6807
0.51401591301,6806
0.515372991562,6805
0.516529798508,6804
0.517153024673,6803
0.518497943878,6802
0.51900100708,6801
0.519651889801,6800
0.520537853241,6799
0.521221876144,6798
0.522548913956,6797
0.524010896683,6796
0.524663925171,6795
0.525064945221,6794
0.525370836258,6793
0.525880813599,6792
0.527092933655,6791
0.527575969696,6790
0.528543949127,6789
0.529146909714,6788
0.529457807541,6787
0.531152963638,6786
0.532063961029,6785
0.532676935196,6784
0.533449888229,6783
0.533751964569,6782
0.534190893173,6781
0.534791946411,6780
0.536355018616,6779
0.537875890732,6778
0.538305997849,6777
0.539358854294,6776
0.540535926819,6775
0.541090965271,6774
0.542666912079,6773
0.543164014816,6772
0.543658018112,6771
0.545027971268,6770
0.54542183876,6769
0.545796871185,6768
0.547122955322,6767
0.548018932343,6766
0.548482894897,6765
0.549140930176,6764
0.549506902695,6763
0.550491809845,6762
0.551973819733,6761
0.55272102356,6760
0.554683923721,6759
0.555643796921,6758
0.5559258461,6757
0.556890010834,6756
0.557444810867,6755
0.557879924774,6754
0.558635950089,6753
0.55929684639,6752
0.560760974884,6751
0.561477899551,6750
0.561965942383,6749
0.562553882599,6748
0.562968015671,6747
0.563378810883,6746
0.563844919205,6745
0.56497502327,6744
0.565845012665,6743
0.566856861115,6742
0.567653894424,6741
0.56894493103,6740
0.569321870804,6739
0.570154905319,6738
0.570887804031,6737
0.57142496109,6736
0.572249889374,6735
0.573040962219,6734
0.573819875717,6733
0.57483792305,6732
0.575291872025,6731
0.575793027878,6730
0.57616186142,6729
0.57729101181,6728
0.577761888504,6727
0.579154014587,6726
0.579643011093,6725
0.580230951309,6724
0.580576896667,6723
0.58131480217,6722
0.581736803055,6721
0.582810878754,6720
0.583511829376,6719
0.585004806519,6718
0.585768938065,6717
0.586133003235,6716
0.586477994919,6715
0.587316989899,6714
0.587921857834,6713
0.588776826859,6712
0.590174913406,6711
0.591428995132,6710
0.591957807541,6709
0.592360019684,6708
0.592983961105,6707
0.594051837921,6706
0.594606876373,6705
0.597620010376,6704
0.59940290451,6703
0.600695848465,6702
0.601342916489,6701
0.602286815643,6700
0.604551792145,6699
0.605062961578,6698
0.605584859848,6697
0.606352806091,6696
0.607445001602,6695
0.608021020889,6694
0.608455896378,6693
0.609123945236,6692
0.609414815903,6691
0.609915018082,6690
0.610476970673,6689
0.610846996307,6688
0.611435890198,6687
0.612371921539,6686
0.612888813019,6685
0.614008903503,6684
0.614329814911,6683
0.614745855331,6682
0.615311861038,6681
0.615840911865,6680
0.616709947586,6679
0.617162942886,6678
0.617592811584,6677
0.619401931763,6676
0.620565891266,6675
0.621487855911,6674
0.622644901276,6673
0.623001813889,6672
0.623564004898,6671
0.624696969986,6670
0.625641822815,6669
0.626696825027,6668
0.627511978149,6667
0.627901792526,6666
0.628316879272,6665
0.629501819611,6664
0.630030870438,6663
0.630862951279,6662
0.631727933884,6661
0.632267951965,6660
0.63275384903,6659
0.633438825607,6658
0.634145975113,6657
0.634688854218,6656
0.635109901428,6655
0.636068820953,6654
0.636502981186,6653
0.637053012848,6652
0.637887001038,6651
0.638212919235,6650
0.638633012772,6649
0.639722824097,6648
0.640216827393,6647
0.64158987999,6646
0.642993927002,6645
0.643718957901,6644
0.644086837769,6643
0.644688844681,6642
0.645169973373,6641
0.645598888397,6640
0.647051811218,6639
0.647611856461,6638
0.648491859436,6637
0.648873806,6636
0.649226903915,6635
0.650607824326,6634
0.651484966278,6633
0.653375864029,6632
0.655102968216,6631
0.655936956406,6630
0.656332015991,6629
0.656701803207,6628
0.657336950302,6627
0.658175945282,6626
0.658937931061,6625
0.659575939178,6624
0.660956859589,6623
0.661290884018,6622
0.661827802658,6621
0.662739992142,6620
0.663242816925,6619
0.663942813873,6618
0.665085792542,6617
0.666736841202,6616
0.667147874832,6615
0.668874979019,6614
0.669783830643,6613
0.671293973923,6612
0.672124862671,6611
0.673776865005,6610
0.674925804138,6609
0.675321817398,6608
0.677440881729,6607
0.678181886673,6606
0.679226875305,6605
0.680073022842,6604
0.680740833282,6603
0.683183908463,6602
0.683575868607,6601
0.684150934219,6600
0.68479681015,6599
0.685606002808,6598
0.68620300293,6597
0.686815977097,6596
0.687609910965,6595
0.688051939011,6594
0.688550949097,6593
0.689091920853,6592
0.689344882965,6591
0.690286874771,6590
0.690796852112,6589
0.691537857056,6588
0.691938877106,6587
0.693020820618,6586
0.695050001144,6585
0.695546865463,6584
0.696034908295,6583
0.696849822998,6582
0.697251796722,6581
0.698698997498,6580
0.699875831604,6579
0.700152873993,6578
0.700935840607,6577
0.701467990875,6576
0.702059984207,6575
0.703603029251,6574
0.703971862793,6573
0.704393863678,6572
0.705701828003,6571
0.706345796585,6570
0.707957029343,6569
0.708432912827,6568
0.709818840027,6567
0.710723876953,6566
0.712112903595,6565
0.713624954224,6564
0.714039802551,6563
0.71457695961,6562
0.715174913406,6561
0.716595888138,6560
0.717742919922,6559
0.718245029449,6558
0.718904018402,6557
0.719587802887,6556
0.720098972321,6555
0.72091794014,6554
0.721309900284,6553
0.722832918167,6552
0.723235845566,6551
0.724092006683,6550
0.724813938141,6549
0.725510835648,6548
0.727892875671,6547
0.728536844254,6546
0.730245828629,6545
0.730659008026,6544
0.73267698288,6543
0.733242988586,6542
0.733702898026,6541
0.734756946564,6540
0.73578286171,6539
0.73751282692,6538
0.738080024719,6537
0.73842382431,6536
0.738840818405,6535
0.739265918732,6534
0.739689826965,6533
0.741038799286,6532
0.741984844208,6531
0.742438793182,6530
0.742932796478,6529
0.743426799774,6528
0.74461388588,6527
0.745375871658,6526
0.745757818222,6525
0.746266841888,6524
0.746840000153,6523
0.7474629879,6522
0.747817993164,6521
0.748881816864,6520
0.749619007111,6519
0.749979019165,6518
0.750725984573,6517
0.75380396843,6516
0.754357814789,6515
0.754796028137,6514
0.75517988205,6513
0.755973815918,6512
0.756485939026,6511
0.756798028946,6510
0.757078886032,6509
0.757802963257,6508
0.75820684433,6507
0.759706020355,6506
0.760551929474,6505
0.76148891449,6504
0.762350797653,6503
0.763051986694,6502
0.764112949371,6501
0.764355897903,6500
0.764892816544,6499
0.765657901764,6498
0.766382932663,6497
0.766704797745,6496
0.767374992371,6495
0.767756938934,6494
0.769598007202,6493
0.770057916641,6492
0.77129983902,6491
0.772281885147,6490
0.773993968964,6489
0.775409936905,6488
0.77633190155,6487
0.776862859726,6486
0.779201984406,6485
0.780023813248,6484
0.780466794968,6483
0.781149864197,6482
0.782274961472,6481
0.782796859741,6480
0.783438920975,6479
0.783747911453,6478
0.78431391716,6477
0.784601926804,6476
0.785197019577,6475
0.785698890686,6474
0.786772966385,6473
0.787144899368,6472
0.78761100769,6471
0.788326978683,6470
0.788861989975,6469
0.790436983109,6468
0.790870904922,6467
0.792303800583,6466
0.793135881424,6465
0.793673992157,6464
0.794370889664,6463
0.79493689537,6462
0.795835018158,6461
0.796796798706,6460
0.798667907715,6459
0.79907989502,6458
0.800278902054,6457
0.800704956055,6456
0.801082849503,6455
0.801676988602,6454
0.802928924561,6453
0.803565979004,6452
0.804319858551,6451
0.806197881699,6450
0.806466817856,6449
0.80702996254,6448
0.80789899826,6447
0.808992862701,6446
0.809471845627,6445
0.812512874603,6444
0.81294798851,6443
0.813439846039,6442
0.814129829407,6441
0.814599990845,6440
0.815205812454,6439
0.815648794174,6438
0.81595492363,6437
0.81650185585,6436
0.81717300415,6435
0.817677021027,6434
0.818451881409,6433
0.818831920624,6432
0.821024894714,6431
0.822345972061,6430
0.824445962906,6429
0.825724840164,6428
0.826239824295,6427
0.826994895935,6426
0.827250003815,6425
0.828241825104,6424
0.828665971756,6423
0.829433917999,6422
0.829885005951,6421
0.830355882645,6420
0.830791950226,6419
0.83167386055,6418
0.831996917725,6417
0.832413911819,6416
0.833508968353,6415
0.834147930145,6414
0.835493803024,6413
0.83590388298,6412
0.837785959244,6411
0.838176012039,6410
0.838560819626,6409
0.839514970779,6408
0.839956998825,6407
0.840619802475,6406
0.840927839279,6405
0.841693878174,6404
0.842695951462,6403
0.843369007111,6402
0.844470024109,6401
0.845027923584,6400
0.846230983734,6399
0.846688985825,6398
0.84766793251,6397
0.848070859909,6396
0.849339962006,6395
0.849610805511,6394
0.850064992905,6393
0.851771831512,6392
0.853044986725,6391
0.853339910507,6390
0.853997945786,6389
0.855088949203,6388
0.856195926666,6387
0.856740951538,6386
0.857126951218,6385
0.859718799591,6384
0.860885858536,6383
0.861625909805,6382
0.862128973007,6381
0.862668991089,6380
0.863281965256,6379
0.864056825638,6378
0.864880800247,6377
0.866381883621,6376
0.867159843445,6375
0.868094921112,6374
0.86864900589,6373
0.869158983231,6372
0.87181687355,6371
0.872987985611,6370
0.873691797256,6369
0.87469792366,6368
0.875156879425,6367
0.875690937042,6366
0.876196861267,6365
0.877014875412,6364
0.877549886703,6363
0.87877202034,6362
0.879998922348,6361
0.880417823792,6360
0.881954908371,6359
0.882355928421,6358
0.882910013199,6357
0.884305953979,6356
0.885380983353,6355
0.886236906052,6354
0.887274980545,6353
0.887890815735,6352
0.888332843781,6351
0.88866186142,6350
0.889401912689,6349
0.889882802963,6348
0.891495943069,6347
0.892253875732,6346
0.892830848694,6345
0.89376783371,6344
0.89624786377,6343
0.898276805878,6342
0.899253845215,6341
0.899653911591,6340
0.900797843933,6339
0.901629924774,6338
0.903532028198,6337
0.905587911606,6336
0.906107902527,6335
0.90642786026,6334
0.906895875931,6333
0.907902956009,6332
0.909618854523,6331
0.910153865814,6330
0.910619020462,6329
0.91114282608,6328
0.91194486618,6327
0.912467956543,6326
0.915129899979,6325
0.916035890579,6324
0.916625976562,6323
0.91760802269,6322
0.918111801147,6321
0.919435024261,6320
0.920615911484,6319
0.921051979065,6318
0.921496868134,6317
0.922580003738,6316
0.923466920853,6315
0.925184011459,6314
0.925681829453,6313
0.926846981049,6312
0.92787194252,6311
0.929857969284,6310
0.930447816849,6309
0.931928873062,6308
0.932965993881,6307
0.933869838715,6306
0.936610937119,6305
0.938009977341,6304
0.938627004623,6303
0.939692974091,6302
0.941702842712,6301
0.942516803741,6300
0.943150997162,6299
0.943643808365,6298
0.944257974625,6297
0.945731878281,6296
0.946355819702,6295
0.946949958801,6294
0.947322845459,6293
0.947637796402,6292
0.948590993881,6291
0.949366807938,6290
0.949662923813,6289
0.950570821762,6288
0.951279878616,6287
0.953282833099,6286
0.954269886017,6285
0.955044984818,6284
0.955588817596,6283
0.956341981888,6282
0.958031892776,6281
0.958721876144,6280
0.959594011307,6279
0.96003484726,6278
0.960722923279,6277
0.961375951767,6276
0.961812973022,6275
0.962292909622,6274
0.962847948074,6273
0.96413397789,6272
0.965329885483,6271
0.967628955841,6270
0.968001842499,6269
0.968616008759,6268
0.969458818436,6267
0.969993829727,6266
0.970772027969,6265
0.971642017365,6264
0.973012924194,6263
0.973404884338,6262
0.975025892258,6261
0.975405931473,6260
0.976281881332,6259
0.976677894592,6258
0.978447914124,6257
0.978849887848,6256
0.980793952942,6255
0.981300830841,6254
0.981981992722,6253
0.982497930527,6252
0.984407901764,6251
0.984932899475,6250
0.98623085022,6249
0.987593889236,6248
0.988384962082,6247
0.98921585083,6246
0.991387844086,6245
0.99200797081,6244
0.992452859879,6243
0.993008852005,6242
0.993619918823,6241
0.994524002075,6240
0.995448827744,6239
0.998322963715,6238
1.00098991394,6237
1.00228190422,6236
1.00283789635,6235
1.00332784653,6234
1.00451779366,6233
1.00549387932,6232
1.00610995293,6231
1.00851798058,6230
1.01069498062,6229
1.01110887527,6228
1.01316690445,6227
1.01404190063,6226
1.0148370266,6225
1.01604986191,6224
1.01643586159,6223
1.01707696915,6222
1.01865100861,6221
1.0191218853,6220
1.01964092255,6219
1.02149581909,6218
1.02203702927,6217
1.0253739357,6216
1.02656292915,6215
1.0273308754,6214
1.02828598022,6213
1.02963900566,6212
1.03052282333,6211
1.0314848423,6210
1.0324819088,6209
1.03330183029,6208
1.03423190117,6207
1.0367269516,6206
1.03787088394,6205
1.03822183609,6204
1.0390048027,6203
1.04001283646,6202
1.04102396965,6201
1.04139590263,6200
1.04176688194,6199
1.04233002663,6198
1.04283380508,6197
1.04344201088,6196
1.04469394684,6195
1.04510498047,6194
1.0454428196,6193
1.04620599747,6192
1.04981398582,6191
1.0507619381,6190
1.05155682564,6189
1.05243396759,6188
1.05289292336,6187
1.05339193344,6186
1.05406498909,6185
1.05522084236,6184
1.05616092682,6183
1.05748200417,6182
1.05983090401,6181
1.06235098839,6180
1.06281685829,6179
1.06329298019,6178
1.06373882294,6177
1.06503200531,6176
1.06532883644,6175
1.06724691391,6174
1.06790184975,6173
1.06837391853,6172
1.0690510273,6171
1.06988692284,6170
1.07290101051,6169
1.074229002,6168
1.07469892502,6167
1.07608890533,6166
1.0766749382,6165
1.07766580582,6164
1.07895898819,6163
1.08235001564,6162
1.08424782753,6161
1.08506584167,6160
1.08571791649,6159
1.08618402481,6158
1.08668279648,6157
1.08788490295,6156
1.08829784393,6155
1.08929896355,6154
1.09038090706,6153
1.09198999405,6152
1.09336996078,6151
1.09395885468,6150
1.09455490112,6149
1.09504985809,6148
1.09559798241,6147
1.09757590294,6146
1.10007786751,6145
1.10118985176,6144
1.10170602798,6143
1.10266900063,6142
1.10314297676,6141
1.10390591621,6140
1.10426092148,6139
1.10547590256,6138
1.1066339016,6137
1.1071999073,6136
1.10994696617,6135
1.11029291153,6134
1.11168193817,6133
1.11248397827,6132
1.11501979828,6131
1.11580586433,6130
1.11617302895,6129
1.11673593521,6128
1.11961483955,6127
1.12008595467,6126
1.12196397781,6125
1.12286996841,6124
1.12340188026,6123
1.12446689606,6122
1.12520384789,6121
1.12563991547,6120
1.1273868084,6119
1.12796592712,6118
1.12873291969,6117
1.12924981117,6116
1.1297519207,6115
1.13115787506,6114
1.13383197784,6113
1.13433098793,6112
1.13592481613,6111
1.13669085503,6110
1.13845992088,6109
1.13904380798,6108
1.13959097862,6107
1.13994884491,6106
1.14075899124,6105
1.1419968605,6104
1.14286088943,6103
1.14347600937,6102
1.14391899109,6101
1.14458298683,6100
1.14496397972,6099
1.14537382126,6098
1.14680480957,6097
1.14767980576,6096
1.14836597443,6095
1.15028595924,6094
1.1517868042,6093
1.15373301506,6092
1.15419793129,6091
1.15533494949,6090
1.15641283989,6089
1.15731287003,6088
1.16034579277,6087
1.16152691841,6086
1.16233992577,6085
1.16313791275,6084
1.16409993172,6083
1.16444683075,6082
1.16567587852,6081
1.16612195969,6080
1.16791701317,6079
1.17074799538,6078
1.17147088051,6077
1.17177796364,6076
1.17276382446,6075
1.17375588417,6074
1.17408084869,6073
1.1745300293,6072
1.17570281029,6071
1.17598295212,6070
1.17758798599,6069
1.18009591103,6068
1.18059301376,6067
1.18164181709,6066
1.18317198753,6065
1.18368601799,6064
1.18427395821,6063
1.18539786339,6062
1.1868698597,6061
1.18812680244,6060
1.18899488449,6059
1.19023084641,6058
1.19058179855,6057
1.19096398354,6056
1.19417285919,6055
1.19590091705,6054
1.19632601738,6053
1.19764685631,6052
1.19979691505,6051
1.20061898232,6050
1.20228290558,6049
1.2031929493,6048
1.2042298317,6047
1.20521879196,6046
1.20600485802,6045
1.20676589012,6044
1.20833396912,6043
1.210698843,6042
1.21309494972,6041
1.21349596977,6040
1.21472191811,6039
1.21512794495,6038
1.2159538269,6037
1.2179069519,6036
1.21859788895,6035
1.22033786774,6034
1.22103786469,6033
1.22165298462,6032
1.22232079506,6031
1.22269487381,6030
1.22421884537,6029
1.22462391853,6028
1.22581100464,6027
1.22615289688,6026
1.22753882408,6025
1.22839999199,6024
1.22892093658,6023
1.22990894318,6022
1.2321138382,6021
1.23370885849,6020
1.23455286026,6019
1.23518586159,6018
1.23585486412,6017
1.23856782913,6016
1.23906183243,6015
1.24002885818,6014
1.24144697189,6013
1.2422478199,6012
1.24349498749,6011
1.24504899979,6010
1.24576497078,6009
1.2462618351,6008
1.24721884727,6007
1.24785089493,6006
1.25129389763,6005
1.25274801254,6004
1.25335001945,6003
1.25378680229,6002
1.25452280045,6001
1.25494098663,6000
1.25532698631,5999
1.25688695908,5998
1.25780797005,5997
1.2585978508,5996
1.25946784019,5995
1.25984692574,5994
1.26042795181,5993
1.26117801666,5992
1.26281189919,5991
1.26372599602,5990
1.26432800293,5989
1.26477789879,5988
1.26727890968,5987
1.26799488068,5986
1.26930189133,5985
1.27170491219,5984
1.27277898788,5983
1.27421498299,5982
1.27500081062,5981
1.27533698082,5980
1.27602696419,5979
1.27690386772,5978
1.27812695503,5977
1.2787399292,5976
1.27939486504,5975
1.28321385384,5974
1.28664493561,5973
1.28703784943,5972
1.28791880608,5971
1.28997898102,5970
1.29055380821,5969
1.29101395607,5968
1.29244494438,5967
1.29470801353,5966
1.29520487785,5965
1.29631280899,5964
1.29663181305,5963
1.29708099365,5962
1.29750585556,5961
1.2997879982,5960
1.30042290688,5959
1.30103993416,5958
1.3017718792,5957
1.30297684669,5956
1.30366492271,5955
1.30444502831,5954
1.30600190163,5953
1.30791187286,5952
1.31013298035,5951
1.310546875,5950
1.31135702133,5949
1.31234383583,5948
1.3152358532,5947
1.31617093086,5946
1.31682181358,5945
1.3173418045,5944
1.31839489937,5943
1.31984496117,5942
1.32067799568,5941
1.32136487961,5940
1.32248592377,5939
1.3243188858,5938
1.32604980469,5937
1.32633185387,5936
1.32985591888,5935
1.33180379868,5934
1.33294200897,5933
1.33531999588,5932
1.3355948925,5931
1.33632993698,5930
1.33713793755,5929
1.33744883537,5928
1.33868098259,5927
1.33908295631,5926
1.3405919075,5925
1.34212994576,5924
1.34345793724,5923
1.34394001961,5922
1.34520888329,5921
1.34606981277,5920
1.34643983841,5919
1.35111093521,5918
1.35504102707,5917
1.35568785667,5916
1.35600399971,5915
1.35697293282,5914
1.35907101631,5913
1.35945987701,5912
1.3614358902,5911
1.36367487907,5910
1.36543989182,5909
1.36627697945,5908
1.36769890785,5907
1.36817979813,5906
1.36895084381,5905
1.37003087997,5904
1.37044882774,5903
1.37093400955,5902
1.37159395218,5901
1.37220191956,5900
1.3750269413,5899
1.37556600571,5898
1.37704181671,5897
1.37735199928,5896
1.37801480293,5895
1.37845182419,5894
1.37895989418,5893
1.38183093071,5892
1.38212800026,5891
1.38262891769,5890
1.38301801682,5889
1.38381385803,5888
1.3846077919,5887
1.3862760067,5886
1.38672089577,5885
1.38706994057,5884
1.38883495331,5883
1.39019179344,5882
1.39073991776,5881
1.39154982567,5880
1.39617180824,5879
1.39857888222,5878
1.40008592606,5877
1.4009180069,5876
1.40131282806,5875
1.4018239975,5874
1.40268087387,5873
1.40372896194,5872
1.40450501442,5871
1.40577697754,5870
1.40718102455,5869
1.40835881233,5868
1.40944290161,5867
1.41004681587,5866
1.41257786751,5865
1.41307091713,5864
1.413823843,5863
1.4146490097,5862
1.41606783867,5861
1.41705799103,5860
1.41863083839,5859
1.41961097717,5858
1.42048501968,5857
1.42091298103,5856
1.42274284363,5855
1.42321681976,5854
1.42510390282,5853
1.42621088028,5852
1.4279358387,5851
1.42847299576,5850
1.42926883698,5849
1.43030190468,5848
1.43139696121,5847
1.43290781975,5846
1.4336810112,5845
1.43506288528,5844
1.43588995934,5843
1.43630099297,5842
1.43892979622,5841
1.44013595581,5840
1.44057393074,5839
1.44096779823,5838
1.44158887863,5837
1.44198179245,5836
1.4423968792,5835
1.44385790825,5834
1.44582891464,5833
1.44879293442,5832
1.44986200333,5831
1.45215702057,5830
1.45254993439,5829
1.45340895653,5828
1.45391893387,5827
1.4544479847,5826
1.4559469223,5825
1.4578769207,5824
1.45969581604,5823
1.46065592766,5822
1.46114182472,5821
1.46235799789,5820
1.4635848999,5819
1.46528792381,5818
1.46644592285,5817
1.46728897095,5816
1.46816396713,5815
1.47055387497,5814
1.47119402885,5813
1.47324895859,5812
1.4750649929,5811
1.47565793991,5810
1.47908687592,5809
1.48024201393,5808
1.48098802567,5807
1.48160982132,5806
1.48259687424,5805
1.48541498184,5804
1.48622894287,5803
1.48787283897,5802
1.4882338047,5801
1.48886680603,5800
1.49044895172,5799
1.49196887016,5798
1.49281287193,5797
1.49458599091,5796
1.49537491798,5795
1.49691987038,5794
1.49747490883,5793
1.50137686729,5792
1.50205588341,5791
1.50273895264,5790
1.50328683853,5789
1.50368380547,5788
1.50536894798,5787
1.5067088604,5786
1.50758981705,5785
1.50806999207,5784
1.51566696167,5783
1.51740598679,5782
1.51807284355,5781
1.52055501938,5780
1.52492594719,5779
1.52596497536,5778
1.52644681931,5777
1.52821087837,5776
1.53205180168,5775
1.53375482559,5774
1.53409290314,5773
1.5349009037,5772
1.53531384468,5771
1.53796195984,5770
1.53984093666,5769
1.54044699669,5768
1.54222083092,5767
1.54315900803,5766
1.54430580139,5765
1.54820585251,5764
1.54911780357,5763
1.54969882965,5762
1.55041098595,5761
1.55198979378,5760
1.55400490761,5759
1.55439901352,5758
1.5547208786,5757
1.55513501167,5756
1.55712389946,5755
1.55802702904,5754
1.55929398537,5753
1.55980992317,5752
1.56117892265,5751
1.56164884567,5750
1.56215286255,5749
1.56629896164,5748
1.56811594963,5747
1.5686519146,5746
1.57000184059,5745
1.5706949234,5744
1.57149982452,5743
1.57223892212,5742
1.57318091393,5741
1.57523798943,5740
1.57793688774,5739
1.57926082611,5738
1.58084988594,5737
1.58220887184,5736
1.58260893822,5735
1.58381986618,5734
1.58455586433,5733
1.5849738121,5732
1.58661985397,5731
1.58717179298,5730
1.58746385574,5729
1.58900284767,5728
1.5898938179,5727
1.59109282494,5726
1.59453701973,5725
1.59519791603,5724
1.59553480148,5723
1.59611201286,5722
1.59789395332,5721
1.59840798378,5720
1.59887480736,5719
1.59928202629,5718
1.60087990761,5717
1.60140299797,5716
1.60672593117,5715
1.60768294334,5714
1.61008000374,5713
1.61057281494,5712
1.61132001877,5711
1.61208486557,5710
1.61417484283,5709
1.61491680145,5708
1.61537289619,5707
1.61585593224,5706
1.61637783051,5705
1.62151885033,5704
1.62225699425,5703
1.62342500687,5702
1.62539982796,5701
1.62678480148,5700
1.62767601013,5699
1.63045883179,5698
1.63084292412,5697
1.63138484955,5696
1.63184380531,5695
1.6324570179,5694
1.63323688507,5693
1.6348400116,5692
1.63553595543,5691
1.63682079315,5690
1.6373360157,5689
1.6378068924,5688
1.63872098923,5687
1.63915896416,5686
1.63958096504,5685
1.63997197151,5684
1.64144182205,5683
1.64306592941,5682
1.64340901375,5681
1.64386296272,5680
1.64473295212,5679
1.64503097534,5678
1.64703392982,5677
1.64836788177,5676
1.64900588989,5675
1.64938187599,5674
1.6505188942,5673
1.65322685242,5672
1.65357279778,5671
1.65572285652,5670
1.65644097328,5669
1.65727996826,5668
1.65975689888,5667
1.66028189659,5666
1.66170096397,5665
1.66419291496,5664
1.66537380219,5663
1.66579580307,5662
1.66676783562,5661
1.66729593277,5660
1.66771697998,5659
1.66855192184,5658
1.67059898376,5657
1.67319202423,5656
1.67358398438,5655
1.6744120121,5654
1.6746969223,5653
1.67664194107,5652
1.67709493637,5651
1.67927980423,5650
1.67988181114,5649
1.68086791039,5648
1.68255496025,5647
1.68359494209,5646
1.68713879585,5645
1.69039392471,5644
1.69080591202,5643
1.69134402275,5642
1.69178581238,5641
1.69366788864,5640
1.69392681122,5639
1.69702887535,5638
1.69747185707,5637
1.69913983345,5636
1.70135402679,5635
1.7070980072,5634
1.70950388908,5633
1.71031594276,5632
1.71180796623,5631
1.71321082115,5630
1.71559095383,5629
1.71651482582,5628
1.71912097931,5627
1.72146987915,5626
1.72196698189,5625
1.72316098213,5624
1.72368979454,5623
1.72443890572,5622
1.72625684738,5621
1.72698283195,5620
1.72815585136,5619
1.72912287712,5618
1.72957491875,5617
1.73130893707,5616
1.73327183723,5615
1.73395085335,5614
1.73854899406,5613
1.73983502388,5612
1.74046802521,5611
1.74095487595,5610
1.74135899544,5609
1.74303889275,5608
1.74538898468,5607
1.74666500092,5606
1.74759101868,5605
1.74805188179,5604
1.74875593185,5603
1.74921488762,5602
1.75007295609,5601
1.7504529953,5600
1.75254392624,5599
1.75300884247,5598
1.75341486931,5597
1.75403881073,5596
1.75796484947,5595
1.75838279724,5594
1.76121687889,5593
1.76180696487,5592
1.76447796822,5591
1.76649880409,5590
1.76719498634,5589
1.76791381836,5588
1.76844096184,5587
1.76874995232,5586
1.77049589157,5585
1.77424001694,5584
1.77466583252,5583
1.77556180954,5582
1.77620100975,5581
1.77657985687,5580
1.77748084068,5579
1.77784395218,5578
1.77896595001,5577
1.77978992462,5576
1.780823946,5575
1.78142881393,5574
1.78528499603,5573
1.78607583046,5572
1.78771400452,5571
1.78823399544,5570
1.79042196274,5569
1.79086494446,5568
1.7926068306,5567
1.79327392578,5566
1.79429388046,5565
1.79520082474,5564
1.79645299911,5563
1.79742884636,5562
1.79964494705,5561
1.80110502243,5560
1.80191397667,5559
1.80248379707,5558
1.80394792557,5557
1.80555295944,5556
1.80662894249,5555
1.80709886551,5554
1.80895400047,5553
1.81072497368,5552
1.81139492989,5551
1.8117609024,5550
1.81206488609,5549
1.81284189224,5548
1.81332492828,5547
1.81379294395,5546
1.81692290306,5545
1.81758284569,5544
1.81807780266,5543
1.8193488121,5542
1.82075285912,5541
1.8220179081,5540
1.82377791405,5539
1.82473182678,5538
1.82557988167,5537
1.82824802399,5536
1.82878899574,5535
1.82924580574,5534
1.82959985733,5533
1.83010292053,5532
1.83197379112,5531
1.83275699615,5530
1.83585190773,5529
1.83668398857,5528
1.83771586418,5527
1.83833479881,5526
1.83943891525,5525
1.83996081352,5524
1.84127879143,5523
1.84197902679,5522
1.84244894981,5521
1.84336686134,5520
1.84412789345,5519
1.84567689896,5518
1.84644293785,5517
1.84708881378,5516
1.84878396988,5515
1.85138893127,5514
1.85193991661,5513
1.85374093056,5512
1.85472202301,5511
1.85640382767,5510
1.85718894005,5509
1.85760188103,5508
1.85815882683,5507
1.8602669239,5506
1.86099100113,5505
1.86269879341,5504
1.86625599861,5503
1.86717200279,5502
1.8683719635,5501
1.86882686615,5500
1.869535923,5499
1.87298297882,5498
1.87363600731,5497
1.87436079979,5496
1.87509489059,5495
1.87621593475,5494
1.87903785706,5493
1.87948894501,5492
1.8810069561,5491
1.8819038868,5490
1.883289814,5489
1.88402199745,5488
1.88440299034,5487
1.88594985008,5486
1.88974285126,5485
1.89192485809,5484
1.89454483986,5483
1.89498996735,5482
1.89749693871,5481
1.89975094795,5480
1.90014195442,5479
1.90244102478,5478
1.90441393852,5477
1.90478181839,5476
1.90556383133,5475
1.91095089912,5474
1.91344690323,5473
1.91397595406,5472
1.91597080231,5471
1.9206829071,5470
1.92108798027,5469
1.92150402069,5468
1.92429900169,5467
1.92490983009,5466
1.92588496208,5465
1.92672991753,5464
1.92726683617,5463
1.92897391319,5462
1.93097186089,5461
1.93277382851,5460
1.93341898918,5459
1.93499493599,5458
1.93562579155,5457
1.93618988991,5456
1.93850684166,5455
1.93898391724,5454
1.93929290771,5453
1.94021391869,5452
1.94387483597,5451
1.94492697716,5450
1.94559192657,5449
1.94594883919,5448
1.94641590118,5447
1.94667887688,5446
1.94798898697,5445
1.95033884048,5444
1.95086288452,5443
1.95250487328,5442
1.95458698273,5441
1.95525193214,5440
1.9555208683,5439
1.95741796494,5438
1.9597928524,5437
1.96113586426,5436
1.96145987511,5435
1.96427202225,5434
1.96447181702,5433
1.96514201164,5432
1.96794986725,5431
1.97055196762,5430
1.97095680237,5429
1.97181081772,5428
1.97251701355,5427
1.97290682793,5426
1.97441887856,5425
1.97805380821,5424
1.98014593124,5423
1.98072481155,5422
1.98354482651,5421
1.98426580429,5420
1.98467898369,5419
1.98517298698,5418
1.9889729023,5417
1.98922395706,5416
1.98953795433,5415
1.99178099632,5414
1.99254083633,5413
1.9940829277,5412
1.9967508316,5411
1.99701881409,5410
1.99748802185,5409
1.99782681465,5408
2.00168681145,5407
2.00268101692,5406
2.00308585167,5405
2.00337481499,5404
2.0094139576,5403
2.00977897644,5402
2.01074385643,5401
2.01101279259,5400
2.01181483269,5399
2.01219892502,5398
2.01325201988,5397
2.01451182365,5396
2.01492500305,5395
2.01821494102,5394
2.02026700974,5393
2.02238583565,5392
2.0252058506,5391
2.02661895752,5390
2.02811598778,5389
2.0292339325,5388
2.03340983391,5387
2.03488183022,5386
2.03518486023,5385
2.03628087044,5384
2.0374288559,5383
2.03844881058,5382
2.03956079483,5381
2.04036188126,5380
2.04099297523,5379
2.04530382156,5378
2.04572081566,5377
2.04590892792,5376
2.04704284668,5375
2.0475590229,5374
2.04856085777,5373
2.04938983917,5372
2.04966402054,5371
2.05170297623,5370
2.05300998688,5369
2.0538918972,5368
2.05421686172,5367
2.05446887016,5366
2.05484080315,5365
2.05523586273,5364
2.0563750267,5363
2.0570628643,5362
2.05791902542,5361
2.05896902084,5360
2.06223893166,5359
2.0627849102,5358
2.06315493584,5357
2.06366896629,5356
2.06468582153,5355
2.06554698944,5354
2.06715488434,5353
2.07097482681,5352
2.07226586342,5351
2.07270479202,5350
2.07415485382,5349
2.07450795174,5348
2.07511687279,5347
2.07582783699,5346
2.0782058239,5345
2.07875585556,5344
2.08027982712,5343
2.08096694946,5342
2.08129191399,5341
2.08197784424,5340
2.08328199387,5339
2.08434391022,5338
2.08848690987,5337
2.09278583527,5336
2.0948638916,5335
2.09724497795,5334
2.09902191162,5333
2.09931492805,5332
2.10010480881,5331
2.1028649807,5330
2.10381793976,5329
2.10455489159,5328
2.1056368351,5327
2.10850381851,5326
2.11016201973,5325
2.11108398438,5324
2.1116168499,5323
2.11234879494,5322
2.11263895035,5321
2.11371994019,5320
2.11417388916,5319
2.12011098862,5318
2.12298679352,5317
2.12406682968,5316
2.12554383278,5315
2.12707996368,5314
2.12838983536,5313
2.12926101685,5312
2.12979602814,5311
2.13168692589,5310
2.13250494003,5309
2.13332486153,5308
2.13390302658,5307
2.13411879539,5306
2.13439488411,5305
2.13489699364,5304
2.13917088509,5303
2.14198493958,5302
2.14303994179,5301
2.14427280426,5300
2.14449882507,5299
2.14621186256,5298
2.14699101448,5297
2.14835500717,5296
2.14964389801,5295
2.1522397995,5294
2.15450882912,5293
2.15559983253,5292
2.15601992607,5291
2.15706586838,5290
2.15851187706,5289
2.15917301178,5288
2.15994691849,5287
2.16115283966,5286
2.16397094727,5285
2.1652109623,5284
2.16610479355,5283
2.16880297661,5282
2.17022395134,5281
2.17049598694,5280
2.17120289803,5279
2.17226982117,5278
2.17363882065,5277
2.1746339798,5276
2.1783759594,5275
2.18010091782,5274
2.18143296242,5273
2.18185091019,5272
2.18237185478,5271
2.1825709343,5270
2.18347501755,5269
2.18441081047,5268
2.18498086929,5267
2.1856880188,5266
2.18653798103,5265
2.1885778904,5264
2.19189596176,5263
2.19248580933,5262
2.19464898109,5261
2.19505786896,5260
2.19555902481,5259
2.19630098343,5258
2.19728779793,5257
2.19758582115,5256
2.19994592667,5255
2.20036387444,5254
2.20146679878,5253
2.20303082466,5252
2.20400381088,5251
2.20563793182,5250
2.20614480972,5249
2.20652699471,5248
2.20732784271,5247
2.21459197998,5246
2.21554398537,5245
2.2159178257,5244
2.21872282028,5243
2.21994996071,5242
2.22651600838,5241
2.2291469574,5240
2.23103380203,5239
2.23161792755,5238
2.23202085495,5237
2.23285698891,5236
2.23305583,5235
2.23510980606,5234
2.23655700684,5233
2.23700094223,5232
2.23968791962,5231
2.24175000191,5230
2.24316287041,5229
2.2434258461,5228
2.24410796165,5227
2.24553394318,5226
2.24784398079,5225
2.24822402,5224
2.24896883965,5223
2.24954485893,5222
2.25327897072,5221
2.25461387634,5220
2.25561094284,5219
2.25879192352,5218
2.25954389572,5217
2.26210784912,5216
2.26285982132,5215
2.26402497292,5214
2.26455402374,5213
2.26540398598,5212
2.26607489586,5211
2.26943993568,5210
2.27510786057,5209
2.2755959034,5208
2.27610182762,5207
2.27723789215,5206
2.27948689461,5205
2.28146982193,5204
2.28362083435,5203
2.28388381004,5202
2.28479599953,5201
2.28829288483,5200
2.29040694237,5199
2.29240679741,5198
2.29374694824,5197
2.29458189011,5196
2.29766702652,5195
2.29983401299,5194
2.30021595955,5193
2.30162382126,5192
2.30261301994,5191
2.30542182922,5190
2.3064198494,5189
2.31045389175,5188
2.31465291977,5187
2.31489896774,5186
2.31616687775,5185
2.31696295738,5184
2.31735992432,5183
2.31816887856,5182
2.31863498688,5181
2.32043600082,5180
2.32344698906,5179
2.32580590248,5178
2.3260948658,5177
2.32665395737,5176
2.32777786255,5175
2.32922792435,5174
2.32959198952,5173
2.33131289482,5172
2.3316860199,5171
2.33268690109,5170
2.33981585503,5169
2.34016990662,5168
2.34039187431,5167
2.34169197083,5166
2.34228801727,5165
2.34566283226,5164
2.34792590141,5163
2.34836483002,5162
2.35131287575,5161
2.35438084602,5160
2.35567998886,5159
2.35671687126,5158
2.35727787018,5157
2.35949087143,5156
2.3613679409,5155
2.36227297783,5154
2.36336684227,5153
2.36438083649,5152
2.3649058342,5151
2.36583089828,5150
2.3665599823,5149
2.36717891693,5148
2.3689198494,5147
2.371778965,5146
2.37307596207,5145
2.37557196617,5144
2.38011288643,5143
2.3807477951,5142
2.38530397415,5141
2.3870677948,5140
2.38728690147,5139
2.38850784302,5138
2.38916683197,5137
2.38973689079,5136
2.39094185829,5135
2.3911678791,5134
2.39257383347,5133
2.39293599129,5132
2.3937690258,5131
2.40098690987,5130
2.40165090561,5129
2.40388298035,5128
2.40441083908,5127
2.40466594696,5126
2.40506386757,5125
2.40594792366,5124
2.40706396103,5123
2.41022181511,5122
2.41102194786,5121
2.41409087181,5120
2.41465497017,5119
2.4150660038,5118
2.41575789452,5117
2.42056202888,5116
2.42265701294,5115
2.4228758812,5114
2.42443490028,5113
2.42612099648,5112
2.42708897591,5111
2.42810797691,5110
2.43040895462,5109
2.43351793289,5108
2.4347038269,5107
2.43667697906,5106
2.43745493889,5105
2.44039702415,5104
2.44099497795,5103
2.4428999424,5102
2.44357180595,5101
2.4465918541,5100
2.44690489769,5099
2.44773983955,5098
2.4505507946,5097
2.45325279236,5096
2.45534801483,5095
2.45901894569,5094
2.46010088921,5093
2.46111083031,5092
2.4617857933,5091
2.46237492561,5090
2.46498394012,5089
2.46562385559,5088
2.46941900253,5087
2.46966290474,5086
2.47002983093,5085
2.47314500809,5084
2.47492289543,5083
2.47644281387,5082
2.4796359539,5081
2.48067092896,5080
2.48259186745,5079
2.48431587219,5078
2.48535990715,5077
2.48637199402,5076
2.48748993874,5075
2.48937892914,5074
2.48979091644,5073
2.49055600166,5072
2.49249482155,5071
2.493090868,5070
2.49464797974,5069
2.49568080902,5068
2.49620699883,5067
2.50085401535,5066
2.50167679787,5065
2.50207686424,5064
2.50276994705,5063
2.50336790085,5062
2.50424098969,5061
2.50464701653,5060
2.50592184067,5059
2.50675201416,5058
2.50851488113,5057
2.51046490669,5056
2.51337480545,5055
2.51527094841,5054
2.51744198799,5053
2.51962184906,5052
2.52008295059,5051
2.52052497864,5050
2.52246189117,5049
2.52562189102,5048
2.52621197701,5047
2.52823090553,5046
2.52860283852,5045
2.52961802483,5044
2.53055000305,5043
2.53109693527,5042
2.53207588196,5041
2.53303599358,5040
2.53372597694,5039
2.5346698761,5038
2.53674483299,5037
2.53808879852,5036
2.53977179527,5035
2.54055690765,5034
2.54092979431,5033
2.54337286949,5032
2.54425096512,5031
2.54965782166,5030
2.54995584488,5029
2.55098295212,5028
2.5522518158,5027
2.55320000648,5026
2.55402493477,5025
2.55534696579,5024
2.55831694603,5023
2.5587348938,5022
2.55998587608,5021
2.56037783623,5020
2.56289386749,5019
2.56317090988,5018
2.56353902817,5017
2.56390380859,5016
2.56469893456,5015
2.56548500061,5014
2.56580996513,5013
2.56649184227,5012
2.56878495216,5011
2.57114982605,5010
2.57200598717,5009
2.57239484787,5008
2.57287502289,5007
2.57663679123,5006
2.57705879211,5005
2.57768702507,5004
2.57873988152,5003
2.57942700386,5002
2.57990384102,5001
2.58289384842,5000
2.58501386642,4999
2.58563780785,4998
2.58628797531,4997
2.59056687355,4996
2.59119701385,4995
2.59157800674,4994
2.59216499329,4993
2.59279799461,4992
2.59353899956,4991
2.59425783157,4990
2.59610295296,4989
2.598279953,4988
2.59888792038,4987
2.60233592987,4986
2.60323882103,4985
2.60392379761,4984
2.60599398613,4983
2.60632181168,4982
2.60734391212,4981
2.60780501366,4980
2.60822296143,4979
2.60935401917,4978
2.61016798019,4977
2.61230897903,4976
2.61263895035,4975
2.6132979393,4974
2.61536979675,4973
2.61912488937,4972
2.61976194382,4971
2.62141084671,4970
2.62417292595,4969
2.62581300735,4968
2.62661790848,4967
2.62738084793,4966
2.62805080414,4965
2.62942695618,4964
2.63076281548,4963
2.6327559948,4962
2.63365983963,4961
2.63620781898,4960
2.63748788834,4959
2.63937091827,4958
2.64109301567,4957
2.64414095879,4956
2.64597892761,4955
2.6466050148,4954
2.64889788628,4953
2.64965581894,4952
2.65109801292,4951
2.65319085121,4950
2.65353488922,4949
2.65390586853,4948
2.65510892868,4947
2.65749287605,4946
2.65823483467,4945
2.65843200684,4944
2.65893483162,4943
2.65947294235,4942
2.66093087196,4941
2.66605591774,4940
2.66645598412,4939
2.66917586327,4938
2.67255091667,4937
2.67339396477,4936
2.67404484749,4935
2.67519283295,4934
2.67599391937,4933
2.67694282532,4932
2.67812180519,4931
2.67907190323,4930
2.67953801155,4929
2.68125486374,4928
2.68353295326,4927
2.68669700623,4926
2.68990683556,4925
2.69383692741,4924
2.69573688507,4923
2.69697785378,4922
2.69924592972,4921
2.69966292381,4920
2.70141386986,4919
2.70332694054,4918
2.70376396179,4917
2.70406293869,4916
2.7050318718,4915
2.70837593079,4914
2.70900797844,4913
2.71047902107,4912
2.71200084686,4911
2.71219682693,4910
2.71600079536,4909
2.71632885933,4908
2.71725583076,4907
2.71748495102,4906
2.71794891357,4905
2.71908092499,4904
2.72169685364,4903
2.72269392014,4902
2.72351098061,4901
2.72635984421,4900
2.72798585892,4899
2.72844600677,4898
2.7289018631,4897
2.72999596596,4896
2.73069190979,4895
2.73118686676,4894
2.7335050106,4893
2.73464202881,4892
2.73517584801,4891
2.73702597618,4890
2.73815584183,4889
2.73913192749,4888
2.740888834,4887
2.74164795876,4886
2.74482798576,4885
2.74741387367,4884
2.7481508255,4883
2.75322389603,4882
2.75398683548,4881
2.75827479362,4880
2.75913381577,4879
2.76204299927,4878
2.7639708519,4877
2.76462697983,4876
2.76590299606,4875
2.76713490486,4874
2.76976799965,4873
2.77034497261,4872
2.77071380615,4871
2.77134799957,4870
2.77171897888,4869
2.77255487442,4868
2.77538990974,4867
2.77663183212,4866
2.78116202354,4865
2.78233385086,4864
2.78494787216,4863
2.78671383858,4862
2.78847694397,4861
2.78882002831,4860
2.7902109623,4859
2.79310798645,4858
2.79524493217,4857
2.79646492004,4856
2.79798483849,4855
2.79821801186,4854
2.79846286774,4853
2.80085301399,4852
2.80284786224,4851
2.8040368557,4850
2.80541992188,4849
2.80690383911,4848
2.80911898613,4847
2.81414294243,4846
2.81575083733,4845
2.81630587578,4844
2.81660699844,4843
2.81722688675,4842
2.82035088539,4841
2.82065200806,4840
2.82266497612,4839
2.82761192322,4838
2.82847595215,4837
2.82880091667,4836
2.83217692375,4835
2.83346986771,4834
2.83717679977,4833
2.83930301666,4832
2.84058499336,4831
2.84403085709,4830
2.84624481201,4829
2.84692692757,4828
2.85145998001,4827
2.85221791267,4826
2.86304402351,4825
2.86587190628,4824
2.86704897881,4823
2.86850881577,4822
2.86915898323,4821
2.86948180199,4820
2.87284302711,4819
2.87398290634,4818
2.87519979477,4817
2.87610697746,4816
2.8766720295,4815
2.87694501877,4814
2.88000392914,4813
2.8809299469,4812
2.88127088547,4811
2.8816409111,4810
2.88342499733,4809
2.88388180733,4808
2.88795781136,4807
2.88965582848,4806
2.89023685455,4805
2.89118099213,4804
2.89156889915,4803
2.89233493805,4802
2.89362382889,4801
2.89581680298,4800
2.89613699913,4799
2.8964908123,4798
2.89833188057,4797
2.9027838707,4796
2.90536594391,4795
2.90809988976,4794
2.90993595123,4793
2.91051292419,4792
2.91303682327,4791
2.91459488869,4790
2.91587901115,4789
2.91724491119,4788
2.91758799553,4787
2.91807699203,4786
2.91963386536,4785
2.92093396187,4784
2.92141485214,4783
2.92624187469,4782
2.93090295792,4781
2.93127584457,4780
2.93153691292,4779
2.93263697624,4778
2.93339180946,4777
2.93665099144,4776
2.94167280197,4775
2.94199800491,4774
2.94282984734,4773
2.94370889664,4772
2.94474601746,4771
2.94511985779,4770
2.94678092003,4769
2.94729089737,4768
2.9493329525,4767
2.94973087311,4766
2.95109581947,4765
2.95806789398,4764
2.95960283279,4763
2.96069979668,4762
2.96163988113,4761
2.96325802803,4760
2.9673769474,4759
2.97118997574,4758
2.97475981712,4757
2.97613692284,4756
2.97652602196,4755
2.97853279114,4754
2.98049092293,4753
2.98292684555,4752
2.98348379135,4751
2.98636889458,4750
2.98749089241,4749
2.98793888092,4748
2.99125099182,4747
2.99601197243,4746
2.99938201904,4745
3.00110793114,4744
3.00149989128,4743
3.00398683548,4742
3.00506281853,4741
3.00646185875,4740
3.00833892822,4739
3.01072597504,4738
3.01346087456,4737
3.01369690895,4736
3.01489901543,4735
3.01546287537,4734
3.01856994629,4733
3.01975083351,4732
3.02014279366,4731
3.02136492729,4730
3.02222394943,4729
3.0267329216,4728
3.02805089951,4727
3.02865600586,4726
3.03018283844,4725
3.03364300728,4724
3.03501987457,4723
3.03777480125,4722
3.04219985008,4721
3.04284787178,4720
3.04400682449,4719
3.04570388794,4718
3.04655981064,4717
3.04821896553,4716
3.05142688751,4715
3.05330491066,4714
3.05768680573,4713
3.05839395523,4712
3.0592520237,4711
3.05986881256,4710
3.06317901611,4709
3.06671285629,4708
3.06784892082,4707
3.06824684143,4706
3.06906080246,4705
3.06975579262,4704
3.07303380966,4703
3.07336592674,4702
3.07376790047,4701
3.07492899895,4700
3.07858991623,4699
3.08018493652,4698
3.08164381981,4697
3.08394789696,4696
3.08461689949,4695
3.08650183678,4694
3.08844280243,4693
3.08942580223,4692
3.08997583389,4691
3.09025382996,4690
3.09088492393,4689
3.09128379822,4688
3.09202384949,4687
3.09434199333,4686
3.09561991692,4685
3.09610795975,4684
3.09651494026,4683
3.09871888161,4682
3.10033583641,4681
3.10142397881,4680
3.10434985161,4679
3.10719299316,4678
3.1105158329,4677
3.11281681061,4676
3.11570596695,4675
3.11897397041,4674
3.12085986137,4673
3.12237787247,4672
3.12341785431,4671
3.12371993065,4670
3.12612199783,4669
3.12884283066,4668
3.12989592552,4667
3.13038492203,4666
3.13069796562,4665
3.13256788254,4664
3.13376688957,4663
3.13490891457,4662
3.13624286652,4661
3.13711595535,4660
3.13917779922,4659
3.13961696625,4658
3.14031100273,4657
3.14108991623,4656
3.14311099052,4655
3.14617800713,4654
3.14843988419,4653
3.15010285378,4652
3.15314388275,4651
3.15799880028,4650
3.15965485573,4649
3.16326189041,4648
3.16417980194,4647
3.1650519371,4646
3.16545891762,4645
3.1687579155,4644
3.17100000381,4643
3.17300200462,4642
3.1744658947,4641
3.17554593086,4640
3.18153381348,4639
3.18462491035,4638
3.18615102768,4637
3.18699979782,4636
3.19094800949,4635
3.1918258667,4634
3.19558501244,4633
3.1962518692,4632
3.2028028965,4631
3.2063229084,4630
3.2086520195,4629
3.21060490608,4628
3.21106386185,4627
3.21141195297,4626
3.21175098419,4625
3.21275997162,4624
3.21351289749,4623
3.21855902672,4622
3.22373580933,4621
3.22520089149,4620
3.22815895081,4619
3.22871088982,4618
3.22976279259,4617
3.23066592216,4616
3.2319419384,4615
3.23405098915,4614
3.23572182655,4613
3.23893284798,4612
3.23952293396,4611
3.24089002609,4610
3.24284601212,4609
3.24316191673,4608
3.24589490891,4607
3.24847197533,4606
3.25006484985,4605
3.25162482262,4604
3.25209379196,4603
3.25641989708,4602
3.25813698769,4601
3.26058793068,4600
3.26082801819,4599
3.26135897636,4598
3.26291680336,4597
3.26567196846,4596
3.2675588131,4595
3.26995491982,4594
3.27187585831,4593
3.27225279808,4592
3.27251791954,4591
3.27373290062,4590
3.27501487732,4589
3.27592587471,4588
3.27623295784,4587
3.27665781975,4586
3.27856993675,4585
3.28781795502,4584
3.28909182549,4583
3.28960585594,4582
3.29285502434,4581
3.29346299171,4580
3.29584598541,4579
3.30314397812,4578
3.30369591713,4577
3.30471992493,4576
3.30747079849,4575
3.30971884727,4574
3.31111598015,4573
3.31174492836,4572
3.31317782402,4571
3.31350398064,4570
3.31531381607,4569
3.31552600861,4568
3.31621193886,4567
3.31699800491,4566
3.32105898857,4565
3.32199001312,4564
3.32288098335,4563
3.32459592819,4562
3.32887291908,4561
3.33040499687,4560
3.33113598824,4559
3.33289694786,4558
3.33653688431,4557
3.33724188805,4556
3.33847284317,4555
3.33907485008,4554
3.34003591537,4553
3.34092497826,4552
3.34326100349,4551
3.34450984001,4550
3.34575080872,4549
3.34699392319,4548
3.34733486176,4547
3.35042881966,4546
3.35289096832,4545
3.35389399529,4544
3.35493588448,4543
3.35542392731,4542
3.35731196404,4541
3.36007595062,4540
3.36177682877,4539
3.3655359745,4538
3.366065979,4537
3.37303590775,4536
3.37401080132,4535
3.37731480598,4534
3.378002882,4533
3.37868499756,4532
3.38043093681,4531
3.38078284264,4530
3.3811249733,4529
3.38489699364,4528
3.38552093506,4527
3.38730883598,4526
3.38935494423,4525
3.39005589485,4524
3.3934969902,4523
3.39456295967,4522
3.39560580254,4521
3.40078282356,4520
3.40136885643,4519
3.40435290337,4518
3.40789890289,4517
3.40831279755,4516
3.40914487839,4515
3.4102408886,4514
3.41162586212,4513
3.41216182709,4512
3.41277098656,4511
3.42022395134,4510
3.42236590385,4509
3.42295098305,4508
3.42477202415,4507
3.42543888092,4506
3.4258890152,4505
3.43095588684,4504
3.43387293816,4503
3.43493700027,4502
3.43628001213,4501
3.43830180168,4500
3.43876099586,4499
3.43917798996,4498
3.44388699532,4497
3.44765281677,4496
3.4482858181,4495
3.4486618042,4494
3.44883680344,4493
3.4499938488,4492
3.45055198669,4491
3.4547059536,4490
3.45714688301,4489
3.45795083046,4488
3.46201300621,4487
3.4641058445,4486
3.47118091583,4485
3.47421979904,4484
3.47609496117,4483
3.4775698185,4482
3.4790430069,4481
3.4828119278,4480
3.4838449955,4479
3.48418879509,4478
3.48493695259,4477
3.48540592194,4476
3.48565793037,4475
3.48690080643,4474
3.48883581161,4473
3.49255299568,4472
3.49678087234,4471
3.50125980377,4470
3.50790095329,4469
3.51008582115,4468
3.51426696777,4467
3.51521992683,4466
3.51713585854,4465
3.52014183998,4464
3.52114200592,4463
3.5224750042,4462
3.52335000038,4461
3.52462387085,4460
3.524974823,4459
3.52824497223,4458
3.52929592133,4457
3.52978801727,4456
3.53436779976,4455
3.53591179848,4454
3.53970384598,4453
3.54063487053,4452
3.54232883453,4451
3.54289984703,4450
3.54447889328,4449
3.54533886909,4448
3.54651784897,4447
3.54815483093,4446
3.55366182327,4445
3.56446790695,4444
3.56704592705,4443
3.56754493713,4442
3.56795787811,4441
3.56916379929,4440
3.57025289536,4439
3.57261300087,4438
3.57297492027,4437
3.57323694229,4436
3.57421588898,4435
3.57471895218,4434
3.57718992233,4433
3.57820487022,4432
3.58090281487,4431
3.58362483978,4430
3.58598899841,4429
3.58848190308,4428
3.58885097504,4427
3.591329813,4426
3.59449481964,4425
3.5973739624,4424
3.60231494904,4423
3.60502886772,4422
3.61166191101,4421
3.61300992966,4420
3.62352895737,4419
3.6247689724,4418
3.62550997734,4417
3.63170790672,4416
3.63495802879,4415
3.6363940239,4414
3.63768792152,4413
3.63789701462,4412
3.63915801048,4411
3.63970589638,4410
3.64449596405,4409
3.64916682243,4408
3.65113902092,4407
3.65739297867,4406
3.66989398003,4405
3.67162680626,4404
3.67224884033,4403
3.67639493942,4402
3.67704796791,4401
3.68188786507,4400
3.68216085434,4399
3.683770895,4398
3.68501901627,4397
3.68664002419,4396
3.69434499741,4395
3.69863581657,4394
3.69898891449,4393
3.70064783096,4392
3.70326781273,4391
3.70581197739,4390
3.70880889893,4389
3.71034383774,4388
3.71096682549,4387
3.71127486229,4386
3.7117099762,4385
3.71566581726,4384
3.71746182442,4383
3.72083091736,4382
3.72350287437,4381
3.7244348526,4380
3.72622179985,4379
3.72653985023,4378
3.72684288025,4377
3.73214697838,4376
3.73276400566,4375
3.73341488838,4374
3.73478794098,4373
3.73879098892,4372
3.74241089821,4371
3.74448299408,4370
3.74638700485,4369
3.74726700783,4368
3.74991297722,4367
3.75147986412,4366
3.75253200531,4365
3.75511288643,4364
3.75687289238,4363
3.75805497169,4362
3.76540088654,4361
3.76628994942,4360
3.76941084862,4359
3.77675890923,4358
3.77806997299,4357
3.77880597115,4356
3.77908587456,4355
3.78129386902,4354
3.78369688988,4353
3.78392100334,4352
3.78562283516,4351
3.78627300262,4350
3.78742480278,4349
3.78885483742,4348
3.79048800468,4347
3.79582500458,4346
3.79882192612,4345
3.79988884926,4344
3.80117082596,4343
3.80158495903,4342
3.80226182938,4341
3.80256485939,4340
3.80584597588,4339
3.80620789528,4338
3.81055688858,4337
3.81629300117,4336
3.81717801094,4335
3.83355402946,4334
3.83619880676,4333
3.83707880974,4332
3.83754682541,4331
3.8401927948,4330
3.84310293198,4329
3.84935688972,4328
3.84997797012,4327
3.85220479965,4326
3.85450387001,4325
3.85493993759,4324
3.85537195206,4323
3.85893797874,4322
3.86145091057,4321
3.86656188965,4320
3.86784696579,4319
3.86910390854,4318
3.87151193619,4317
3.87633490562,4316
3.87667894363,4315
3.87968397141,4314
3.88022685051,4313
3.89516496658,4312
3.8960340023,4311
3.89649295807,4310
3.89772582054,4309
3.90186595917,4308
3.9022629261,4307
3.9039478302,4306
3.90501093864,4305
3.90834593773,4304
3.91331100464,4303
3.91535687447,4302
3.91994094849,4301
3.92209887505,4300
3.92692279816,4299
3.92805290222,4298
3.93120789528,4297
3.93491983414,4296
3.93781399727,4295
3.9386370182,4294
3.94285798073,4293
3.9469499588,4292
3.94803190231,4291
3.94896602631,4290
3.95031690598,4289
3.95107388496,4288
3.9544107914,4287
3.9591588974,4286
3.96077489853,4285
3.96479082108,4284
3.9655020237,4283
3.96584486961,4282
3.96671295166,4281
3.96721982956,4280
3.96916890144,4279
3.97018098831,4278
3.97044181824,4277
3.97243189812,4276
3.97997784615,4275
3.98152899742,4274
3.98264193535,4273
3.98385190964,4272
3.98723101616,4271
3.98825001717,4270
3.98871302605,4269
3.99241781235,4268
3.99844193459,4267
3.99887180328,4266
4.00263500214,4265
4.00511288643,4264
4.00648093224,4263
4.0080139637,4262
4.01086997986,4261
4.01359891891,4260
4.01785993576,4259
4.01920890808,4258
4.01954483986,4257
4.02395796776,4256
4.02619194984,4255
4.02995991707,4254
4.03095889091,4253
4.03206396103,4252
4.03336381912,4251
4.0366230011,4250
4.04037594795,4249
4.04435181618,4248
4.04721999168,4247
4.0505759716,4246
4.05189085007,4245
4.05225586891,4244
7.10604691505,4243
7.109375,4242
7.1116938591,4241
7.12191081047,4240
7.13314890862,4239
7.13730096817,4238
7.14023590088,4237
7.14320397377,4236
7.14809298515,4235
7.16680192947,4234
7.18824291229,4233
7.18879294395,4232
7.19166588783,4231
7.20764088631,4230
7.21068382263,4229
7.21164488792,4228
7.21349596977,4227
7.22584581375,4226
7.22976994514,4225
7.23939180374,4224
7.23972988129,4223
7.25030589104,4222
7.25286984444,4221
7.25392699242,4220
7.26480579376,4219
7.27100801468,4218
7.27560782433,4217
7.27910494804,4216
7.30127596855,4215
7.31530380249,4214
7.33975481987,4213
7.34339380264,4212
7.35626292229,4211
7.37541079521,4210
7.38634395599,4209
7.38721680641,4208
7.39637994766,4207
7.39874887466,4206
7.40966796875,4205
7.42097783089,4204
7.42862987518,4203
7.43417692184,4202
7.4425740242,4201
7.45995402336,4200
7.46179080009,4199
7.46543002129,4198
7.47626590729,4197
7.48371100426,4196
7.48461484909,4195
7.48745894432,4194
7.50451302528,4193
10.9058969021,4192
10.9077689648,4191
10.9185788631,4190
10.9220299721,4189
10.9279248714,4188
10.9408249855,4187
10.9441318512,4186
10.9496819973,4185
10.9575037956,4184
10.9648828506,4183
10.9736289978,4182
10.9806208611,4181
10.9860517979,4180
10.9875040054,4179
11.0088839531,4178
11.0100870132,4177
11.0207378864,4176
11.0317049026,4175
11.0337707996,4174
11.0405390263,4173
11.062237978,4172
11.0699448586,4171
11.0719819069,4170
14.4391629696,4169
14.4415287971,4168
14.4548618793,4167
14.4581189156,4166
14.4719119072,4165
14.4728298187,4164
14.4753029346,4163
14.4761228561,4162
14.4846768379,4161
14.4917759895,4160
14.4995369911,4159
14.5036280155,4158
14.525113821,4157
14.5378389359,4156
14.5474998951,4155
14.5488169193,4154
14.554915905,4153
14.5586979389,4152
14.5631878376,4151
14.5825879574,4150
14.591771841,4149
14.5922119617,4148
14.60034585,4147
14.6180758476,4146
14.6232459545,4145
14.6247999668,4144
14.6304488182,4143
14.6412549019,4142
17.7855098248,4141
17.8158619404,4140
17.8293848038,4139
17.8319938183,4138
17.8407440186,4137
17.8430938721,4136
17.8466470242,4135
17.8490498066,4134
17.8864738941,4133
17.9349479675,4132
17.9384918213,4131
17.9408268929,4130
17.9619028568,4129
17.9685368538,4128
17.9745378494,4127
17.9969878197,4126
18.0008409023,4125
18.0031359196,4124
18.0139188766,4123
18.0178229809,4122
18.0199279785,4121
18.0567989349,4120
18.0574128628,4119
18.0611009598,4118
18.0669608116,4117
18.0996320248,4116
18.1093788147,4115
18.1253738403,4114
18.1428029537,4113
21.6037969589,4112
21.6097838879,4111
21.6609869003,4110
21.6639258862,4109
21.6762778759,4108
21.6767499447,4107
21.682186842,4106
21.6941409111,4105
21.6945128441,4104
21.7240519524,4103
21.7313828468,4102
21.7488667965,4101
21.7529139519,4100
25.1770429611,4099
25.1884670258,4098
25.2229998112,4097
25.236055851,4096
25.2385518551,4095
25.2540299892,4094
25.2545938492,4093
25.2577748299,4092
25.2908608913,4091
25.2952969074,4090
25.3123288155,4089
25.3128809929,4088
25.3276000023,4087
25.3284869194,4086
25.3324999809,4085
25.3449578285,4084
25.377601862,4083
25.3828418255,4082
25.3835020065,4081
25.4126529694,4080
25.4378798008,4079
25.4408550262,4078
25.4423708916,4077
25.4552838802,4076
25.4593999386,4075
25.4603359699,4074
25.4708929062,4073
25.4789409637,4072
28.8834338188,4071
28.9017908573,4070
28.9090909958,4069
28.9204449654,4068
28.923625946,4067
28.9267070293,4066
28.9290549755,4065
28.9338219166,4064
28.9349629879,4063
28.9460690022,4062
28.9568178654,4061
28.9925088882,4060
28.9991719723,4059
29.0101938248,4058
29.0131499767,4057
29.0191509724,4056
29.0235979557,4055
32.430054903,4054
32.4532389641,4053
32.4755368233,4052
32.4882848263,4051
32.4911270142,4050
32.5020089149,4049
32.5023429394,4048
32.5036718845,4047
32.5096838474,4046
32.517444849,4045
32.5186908245,4044
32.5199589729,4043
32.530315876,4042
32.5538499355,4041
36.1518919468,4040
36.1576898098,4039
39.6476409435,4038
39.6589097977,4037
39.6609168053,4036
39.6616098881,4035
39.6790518761,4034
39.6801378727,4033
39.6810510159,4032
39.6835269928,4031
39.6982560158,4030
39.7014789581,4029
43.3631649017,4028
43.3819158077,4027
43.4036068916,4026
57.9276058674,4025
57.9504408836,4024
57.9693009853,4023
61.458947897,4022
61.4764900208,4021
61.4796779156,4020
61.4871180058,4019
61.4876768589,4018
61.4910569191,4017
61.5065310001,4016
61.5218019485,4015
61.5547509193,4014
65.0992918015,4013
65.1082999706,4012
65.1140778065,4011
65.1184539795,4010
65.125027895,4009
65.1349308491,4008
65.1497318745,4007
65.167334795,4006
65.181281805,4005
65.1829919815,4004
68.8649358749,4003
68.865844965,4002
72.5166938305,4001
72.5176517963,4000
72.5208477974,3999
72.5361709595,3998
72.5375728607,3997
72.5588898659,3996
72.5682499409,3995
