0.0191688537598,7609
0.0196049213409,7608
0.020094871521,7607
0.0205109119415,7606
0.0209019184113,7605
0.0213809013367,7604
0.0219278335571,7603
0.0222828388214,7602
0.0226318836212,7601
0.023078918457,7600
0.0236217975616,7599
0.0240998268127,7598
0.0247619152069,7597
0.0251748561859,7596
0.0256869792938,7595
0.0260579586029,7594
0.0263409614563,7593
0.0266728401184,7592
0.0273218154907,7591
0.0277829170227,7590
0.0280539989471,7589
0.0284378528595,7588
0.0288078784943,7587
0.0291328430176,7586
0.0298538208008,7585
0.0304658412933,7584
0.0309548377991,7583
0.0317258834839,7582
0.0321669578552,7581
0.0324819087982,7580
0.0329649448395,7579
0.0336048603058,7578
0.0341529846191,7577
0.0345478057861,7576
0.034873008728,7575
0.0352499485016,7574
0.0355908870697,7573
0.0363028049469,7572
0.036857843399,7571
0.0373368263245,7570
0.0378088951111,7569
0.0385448932648,7568
0.0391128063202,7567
0.0396189689636,7566
0.0400459766388,7565
0.0404779911041,7564
0.0411489009857,7563
0.0415380001068,7562
0.0419988632202,7561
0.0424928665161,7560
0.0428249835968,7559
0.0432028770447,7558
0.0436317920685,7557
0.0442957878113,7556
0.0449349880219,7555
0.0455079078674,7554
0.0466628074646,7553
0.048309803009,7552
0.0488359928131,7551
0.0494108200073,7550
0.0500447750092,7549
0.050488948822,7548
0.0510768890381,7547
0.051629781723,7546
0.0523769855499,7545
0.0528128147125,7544
0.0531489849091,7543
0.0535719394684,7542
0.0539720058441,7541
0.0543718338013,7540
0.0548868179321,7539
0.0555229187012,7538
0.0559799671173,7537
0.0565919876099,7536
0.0569930076599,7535
0.0575368404388,7534
0.0579149723053,7533
0.0586788654327,7532
0.0591809749603,7531
0.0604197978973,7530
0.0609169006348,7529
0.0615708827972,7528
0.0620679855347,7527
0.0625739097595,7526
0.063236951828,7525
0.0637729167938,7524
0.0641219615936,7523
0.0647418498993,7522
0.0652208328247,7521
0.0658729076385,7520
0.0663058757782,7519
0.0666508674622,7518
0.0671157836914,7517
0.067421913147,7516
0.068098783493,7515
0.0684888362885,7514
0.0688879489899,7513
0.0692048072815,7512
0.0698568820953,7511
0.0703628063202,7510
0.0711019039154,7509
0.0717070102692,7508
0.0723288059235,7507
0.0726399421692,7506
0.0732388496399,7505
0.0738108158112,7504
0.0742328166962,7503
0.0747089385986,7502
0.0753560066223,7501
0.0756809711456,7500
0.076358795166,7499
0.0768518447876,7498
0.0775067806244,7497
0.077957868576,7496
0.0785138607025,7495
0.0791528224945,7494
0.0797929763794,7493
0.0802419185638,7492
0.080561876297,7491
0.0810289382935,7490
0.0814549922943,7489
0.0818259716034,7488
0.0821378231049,7487
0.0825200080872,7486
0.0829977989197,7485
0.0835189819336,7484
0.084047794342,7483
0.0843369960785,7482
0.0847909450531,7481
0.0851469039917,7480
0.0855669975281,7479
0.0860948562622,7478
0.086550951004,7477
0.0870449542999,7476
0.0875499248505,7475
0.0880749225616,7474
0.0884838104248,7473
0.0889148712158,7472
0.0892369747162,7471
0.089873790741,7470
0.0904598236084,7469
0.0908019542694,7468
0.091166973114,7467
0.0915579795837,7466
0.0918579101562,7465
0.0922918319702,7464
0.0931968688965,7463
0.0936448574066,7462
0.094114780426,7461
0.0944998264313,7460
0.0949919223785,7459
0.0957958698273,7458
0.0966649055481,7457
0.0974698066711,7456
0.097916841507,7455
0.0982120037079,7454
0.09885597229,7453
0.0994398593903,7452
0.0999109745026,7451
0.10048699379,7450
0.100966930389,7449
0.101532936096,7448
0.102061986923,7447
0.102543830872,7446
0.102912902832,7445
0.103245973587,7444
0.103851795197,7443
0.104497909546,7442
0.10493183136,7441
0.105273008347,7440
0.105789899826,7439
0.106155872345,7438
0.106505870819,7437
0.106804847717,7436
0.107708930969,7435
0.108192920685,7434
0.108756780624,7433
0.109167814255,7432
0.109713792801,7431
0.110046863556,7430
0.110842943192,7429
0.111346006393,7428
0.111848831177,7427
0.113401889801,7426
0.113945960999,7425
0.114449977875,7424
0.115352869034,7423
0.116381883621,7422
0.117006778717,7421
0.117623806,7420
0.118275880814,7419
0.119213819504,7418
0.119697809219,7417
0.120261907578,7416
0.120704889297,7415
0.121659994125,7414
0.12212395668,7413
0.123529911041,7412
0.123945951462,7411
0.124473810196,7410
0.125033855438,7409
0.125976800919,7408
0.126527786255,7407
0.127038002014,7406
0.127527952194,7405
0.128633975983,7404
0.129072904587,7403
0.129536867142,7402
0.129962921143,7401
0.130584955215,7400
0.130921840668,7399
0.131182909012,7398
0.131485939026,7397
0.131772994995,7396
0.132066011429,7395
0.132702827454,7394
0.133220911026,7393
0.134127855301,7392
0.134390830994,7391
0.134779930115,7390
0.135416984558,7389
0.13595199585,7388
0.136533975601,7387
0.137029886246,7386
0.13733291626,7385
0.13763999939,7384
0.138296842575,7383
0.139425992966,7382
0.140053987503,7381
0.140587806702,7380
0.141372919083,7379
0.14195394516,7378
0.142549991608,7377
0.143066883087,7376
0.14403295517,7375
0.144708871841,7374
0.144971847534,7373
0.145397901535,7372
0.145886898041,7371
0.14622092247,7370
0.146708965302,7369
0.147099971771,7368
0.147906780243,7367
0.148292779922,7366
0.148644924164,7365
0.148919820786,7364
0.149698972702,7363
0.150280952454,7362
0.15056180954,7361
0.150851011276,7360
0.151215791702,7359
0.151554822922,7358
0.152163982391,7357
0.152757883072,7356
0.153991937637,7355
0.154520988464,7354
0.154911994934,7353
0.155451774597,7352
0.155945777893,7351
0.156436920166,7350
0.156790971756,7349
0.157804965973,7348
0.158141851425,7347
0.158529996872,7346
0.158859968185,7345
0.159409999847,7344
0.16034579277,7343
0.160671949387,7342
0.161811828613,7341
0.162087917328,7340
0.162412881851,7339
0.163037776947,7338
0.163613796234,7337
0.164373874664,7336
0.164705991745,7335
0.165235996246,7334
0.166241884232,7333
0.166803836823,7332
0.167183876038,7331
0.167708873749,7330
0.16819190979,7329
0.168833971024,7328
0.169137954712,7327
0.169513940811,7326
0.1702709198,7325
0.170719861984,7324
0.171316862106,7323
0.172071933746,7322
0.172841787338,7321
0.17324590683,7320
0.17377281189,7319
0.17409992218,7318
0.174591779709,7317
0.175030946732,7316
0.17568397522,7315
0.175967931747,7314
0.176421880722,7313
0.176900863647,7312
0.177272796631,7311
0.178337812424,7310
0.178749799728,7309
0.179193973541,7308
0.179679870605,7307
0.180224895477,7306
0.181023836136,7305
0.181334972382,7304
0.182134866714,7303
0.182592868805,7302
0.183144807816,7301
0.183750867844,7300
0.184314966202,7299
0.184788942337,7298
0.1850669384,7297
0.186797857285,7296
0.187064886093,7295
0.187395811081,7294
0.187914848328,7293
0.188196897507,7292
0.188973903656,7291
0.18937587738,7290
0.189893007278,7289
0.191076993942,7288
0.191415786743,7287
0.191762924194,7286
0.192224979401,7285
0.193245887756,7284
0.194013834,7283
0.194553852081,7282
0.195011854172,7281
0.19534277916,7280
0.195709943771,7279
0.196063995361,7278
0.196328878403,7277
0.197229862213,7276
0.197702884674,7275
0.198027849197,7274
0.199234008789,7273
0.199620008469,7272
0.200481891632,7271
0.201069831848,7270
0.201885938644,7269
0.202366828918,7268
0.202828884125,7267
0.203482866287,7266
0.203994989395,7265
0.204895973206,7264
0.205316781998,7263
0.205636978149,7262
0.205991983414,7261
0.207356929779,7260
0.208142995834,7259
0.20863199234,7258
0.209258794785,7257
0.209875822067,7256
0.210334777832,7255
0.210847854614,7254
0.211696863174,7253
0.212112903595,7252
0.21260881424,7251
0.212993860245,7250
0.213418006897,7249
0.21383690834,7248
0.214308977127,7247
0.214860916138,7246
0.215173959732,7245
0.215473890305,7244
0.21600985527,7243
0.216387987137,7242
0.216778993607,7241
0.217290878296,7240
0.217907905579,7239
0.218575954437,7238
0.218977928162,7237
0.219399929047,7236
0.219662904739,7235
0.219996929169,7234
0.22042798996,7233
0.221282958984,7232
0.221707820892,7231
0.222222805023,7230
0.222779989243,7229
0.223060846329,7228
0.223503828049,7227
0.224092006683,7226
0.224620819092,7225
0.225952863693,7224
0.226248979568,7223
0.226710796356,7222
0.227155923843,7221
0.227648973465,7220
0.228138923645,7219
0.22855591774,7218
0.229026794434,7217
0.22950387001,7216
0.230031967163,7215
0.230360984802,7214
0.230842828751,7213
0.231383800507,7212
0.232951879501,7211
0.233580827713,7210
0.23401594162,7209
0.234913825989,7208
0.235715866089,7207
0.236106872559,7206
0.236574888229,7205
0.236966848373,7204
0.237529993057,7203
0.237922906876,7202
0.238168954849,7201
0.238664865494,7200
0.239077806473,7199
0.239400863647,7198
0.239833831787,7197
0.240088939667,7196
0.240995883942,7195
0.241420984268,7194
0.241824865341,7193
0.242226839066,7192
0.242764949799,7191
0.243016004562,7190
0.243494987488,7189
0.243825912476,7188
0.244852781296,7187
0.245219945908,7186
0.24592590332,7185
0.24622297287,7184
0.246708869934,7183
0.247089862823,7182
0.247674942017,7181
0.248208999634,7180
0.248723983765,7179
0.249008893967,7178
0.249536991119,7177
0.250077009201,7176
0.250674009323,7175
0.251249790192,7174
0.251931905746,7173
0.252445936203,7172
0.252937793732,7171
0.253441810608,7170
0.25447177887,7169
0.255060911179,7168
0.255592823029,7167
0.256176948547,7166
0.256866931915,7165
0.257387876511,7164
0.257934808731,7163
0.258248806,7162
0.259217977524,7161
0.259604930878,7160
0.260916948318,7159
0.2614569664,7158
0.261763811111,7157
0.262314796448,7156
0.262720823288,7155
0.263118982315,7154
0.263541936874,7153
0.2643699646,7152
0.264667987823,7151
0.265009880066,7150
0.265528917313,7149
0.265923976898,7148
0.267602920532,7147
0.268085002899,7146
0.268799781799,7145
0.269133806229,7144
0.270601987839,7143
0.271024942398,7142
0.271331787109,7141
0.271685838699,7140
0.272150993347,7139
0.272676944733,7138
0.273240804672,7137
0.273825883865,7136
0.274489879608,7135
0.274966955185,7134
0.275349855423,7133
0.275782823563,7132
0.276441812515,7131
0.276748895645,7130
0.277200937271,7129
0.277565002441,7128
0.277877807617,7127
0.278273820877,7126
0.278695821762,7125
0.279182910919,7124
0.280586004257,7123
0.281361818314,7122
0.282004833221,7121
0.282471895218,7120
0.282970905304,7119
0.283399820328,7118
0.283866882324,7117
0.284297943115,7116
0.284806966782,7115
0.285530805588,7114
0.286021947861,7113
0.286679983139,7112
0.286965847015,7111
0.287361860275,7110
0.287819862366,7109
0.288220882416,7108
0.289162874222,7107
0.289732933044,7106
0.290387868881,7105
0.290789842606,7104
0.291657924652,7103
0.291948795319,7102
0.292581796646,7101
0.292988777161,7100
0.293370962143,7099
0.293776988983,7098
0.294302940369,7097
0.294942855835,7096
0.295689821243,7095
0.296272993088,7094
0.297346830368,7093
0.298016786575,7092
0.29912686348,7091
0.299376964569,7090
0.300516843796,7089
0.301043987274,7088
0.301349878311,7087
0.301851987839,7086
0.302212953568,7085
0.302515983582,7084
0.303088903427,7083
0.303442955017,7082
0.303826808929,7081
0.30433678627,7080
0.304649829865,7079
0.304983854294,7078
0.3054459095,7077
0.306067943573,7076
0.307103872299,7075
0.307601928711,7074
0.308013916016,7073
0.308434009552,7072
0.309046983719,7071
0.309614896774,7070
0.310438871384,7069
0.310917854309,7068
0.311574935913,7067
0.312085866928,7066
0.313280820847,7065
0.313795804977,7064
0.314195871353,7063
0.314526796341,7062
0.315608978271,7061
0.316131830215,7060
0.317618846893,7059
0.318167924881,7058
0.318576812744,7057
0.319217920303,7056
0.319588899612,7055
0.320083856583,7054
0.321087837219,7053
0.321805000305,7052
0.322734832764,7051
0.323422908783,7050
0.324121952057,7049
0.324671983719,7048
0.325124979019,7047
0.32559299469,7046
0.326057910919,7045
0.32656788826,7044
0.327034950256,7043
0.327527999878,7042
0.32795381546,7041
0.328648805618,7040
0.32896399498,7039
0.330634832382,7038
0.33167886734,7037
0.332135915756,7036
0.332690954208,7035
0.333098888397,7034
0.3337059021,7033
0.334291934967,7032
0.334789991379,7031
0.33587884903,7030
0.337759971619,7029
0.338375806808,7028
0.338926792145,7027
0.339428901672,7026
0.339841842651,7025
0.340615987778,7024
0.341113805771,7023
0.34174489975,7022
0.342775821686,7021
0.343219995499,7020
0.343618869781,7019
0.344357967377,7018
0.346969842911,7017
0.347764968872,7016
0.348193883896,7015
0.348781824112,7014
0.349189996719,7013
0.349495887756,7012
0.350006818771,7011
0.350975990295,7010
0.351691961288,7009
0.352295875549,7008
0.352821826935,7007
0.353217840195,7006
0.353543996811,7005
0.35404086113,7004
0.354874849319,7003
0.355578899384,7002
0.35608792305,7001
0.357066869736,7000
0.357427835464,6999
0.358274936676,6998
0.358668804169,6997
0.359648942947,6996
0.360057830811,6995
0.361200809479,6994
0.362434864044,6993
0.362771987915,6992
0.363215923309,6991
0.363561868668,6990
0.363970994949,6989
0.365213871002,6988
0.36580491066,6987
0.366241931915,6986
0.366888999939,6985
0.367542982101,6984
0.368012905121,6983
0.368771791458,6982
0.369387865067,6981
0.369847774506,6980
0.371069908142,6979
0.371478796005,6978
0.371842861176,6977
0.372098922729,6976
0.372510910034,6975
0.372907876968,6974
0.373456001282,6973
0.374039888382,6972
0.374477863312,6971
0.375054836273,6970
0.3757147789,6969
0.376017808914,6968
0.376338005066,6967
0.376982927322,6966
0.37824678421,6965
0.378726005554,6964
0.379017829895,6963
0.379385948181,6962
0.380314826965,6961
0.381371974945,6960
0.382126808167,6959
0.382900953293,6958
0.383715867996,6957
0.384422779083,6956
0.38499879837,6955
0.385892868042,6954
0.386443853378,6953
0.386830806732,6952
0.387356996536,6951
0.387798786163,6950
0.388167858124,6949
0.388464927673,6948
0.389205932617,6947
0.390138864517,6946
0.390635967255,6945
0.391323804855,6944
0.391914844513,6943
0.392717838287,6942
0.39329791069,6941
0.393838882446,6940
0.394739866257,6939
0.395912885666,6938
0.396514892578,6937
0.397113800049,6936
0.398061990738,6935
0.398528814316,6934
0.398814916611,6933
0.399312973022,6932
0.401894807816,6931
0.402656793594,6930
0.40341091156,6929
0.404210805893,6928
0.404590845108,6927
0.405007839203,6926
0.405401945114,6925
0.406189918518,6924
0.406505823135,6923
0.407118797302,6922
0.407599925995,6921
0.40797996521,6920
0.40847492218,6919
0.409376859665,6918
0.409923791885,6917
0.410413980484,6916
0.411562919617,6915
0.41188287735,6914
0.412457942963,6913
0.412982940674,6912
0.413285970688,6911
0.413928985596,6910
0.414609909058,6909
0.415143966675,6908
0.415555953979,6907
0.416479825974,6906
0.418004989624,6905
0.418373823166,6904
0.418971776962,6903
0.419757843018,6902
0.420171976089,6901
0.420909881592,6900
0.421433925629,6899
0.422361850739,6898
0.422688007355,6897
0.423153877258,6896
0.424068927765,6895
0.424533843994,6894
0.425201892853,6893
0.425897836685,6892
0.426263809204,6891
0.427304983139,6890
0.427576780319,6889
0.428179979324,6888
0.429123878479,6887
0.429475784302,6886
0.429935932159,6885
0.430326938629,6884
0.431481838226,6883
0.431895971298,6882
0.432231903076,6881
0.432530879974,6880
0.432905912399,6879
0.433843851089,6878
0.434989929199,6877
0.435477972031,6876
0.436133861542,6875
0.436684846878,6874
0.437129974365,6873
0.437784910202,6872
0.438066959381,6871
0.438505887985,6870
0.43893289566,6869
0.439725875854,6868
0.440112829208,6867
0.440503835678,6866
0.44101190567,6865
0.441705942154,6864
0.442533969879,6863
0.442873001099,6862
0.443238973618,6861
0.443699836731,6860
0.444561958313,6859
0.446761846542,6858
0.44723200798,6857
0.447651863098,6856
0.448519945145,6855
0.44944190979,6854
0.449865818024,6853
0.450182914734,6852
0.450990915298,6851
0.451856851578,6850
0.452139854431,6849
0.452764987946,6848
0.453527927399,6847
0.453988790512,6846
0.455263853073,6845
0.455515861511,6844
0.456039905548,6843
0.456893920898,6842
0.457742929459,6841
0.458355903625,6840
0.458837985992,6839
0.46133184433,6838
0.46174788475,6837
0.462181806564,6836
0.462870836258,6835
0.464040994644,6834
0.464452981949,6833
0.465258836746,6832
0.466737985611,6831
0.467290878296,6830
0.467550992966,6829
0.468122959137,6828
0.468708992004,6827
0.469989776611,6826
0.470938920975,6825
0.47191286087,6824
0.472328901291,6823
0.472749948502,6822
0.473253011703,6821
0.47393488884,6820
0.474696874619,6819
0.475113868713,6818
0.475700855255,6817
0.477089881897,6816
0.478040933609,6815
0.478467941284,6814
0.478952884674,6813
0.480893850327,6812
0.481993913651,6811
0.48238992691,6810
0.482996940613,6809
0.483564853668,6808
0.484773874283,6807
0.485233783722,6806
0.485509872437,6805
0.486223936081,6804
0.486607789993,6803
0.48707985878,6802
0.487492799759,6801
0.487926959991,6800
0.489043951035,6799
0.489782810211,6798
0.490442991257,6797
0.491067886353,6796
0.491627931595,6795
0.493145942688,6794
0.493453979492,6793
0.49387383461,6792
0.494607925415,6791
0.49582195282,6790
0.496841907501,6789
0.497272968292,6788
0.497888803482,6787
0.498429775238,6786
0.499106884003,6785
0.500008821487,6784
0.50038599968,6783
0.50084400177,6782
0.501359939575,6781
0.501985788345,6780
0.502295970917,6779
0.503254890442,6778
0.503565788269,6777
0.504423856735,6776
0.505140781403,6775
0.505864858627,6774
0.506227970123,6773
0.506789922714,6772
0.507270812988,6771
0.508356809616,6770
0.508788824081,6769
0.509578943253,6768
0.509848833084,6767
0.510428905487,6766
0.510930776596,6765
0.511843919754,6764
0.512279987335,6763
0.512776851654,6762
0.513333797455,6761
0.514300823212,6760
0.515214920044,6759
0.515934944153,6758
0.51652097702,6757
0.51784491539,6756
0.51832485199,6755
0.518893957138,6754
0.520422935486,6753
0.521112918854,6752
0.521674871445,6751
0.522136926651,6750
0.522477865219,6749
0.523439884186,6748
0.524470806122,6747
0.524966001511,6746
0.526323795319,6745
0.526582956314,6744
0.527016878128,6743
0.527431964874,6742
0.52911400795,6741
0.530052900314,6740
0.531100988388,6739
0.531391859055,6738
0.532080888748,6737
0.533722877502,6736
0.534044981003,6735
0.534497976303,6734
0.534904956818,6733
0.535386800766,6732
0.535892963409,6731
0.537709951401,6730
0.538126945496,6729
0.539699792862,6728
0.539988994598,6727
0.540371894836,6726
0.540735006332,6725
0.541303873062,6724
0.542032003403,6723
0.54243183136,6722
0.5427339077,6721
0.543195009232,6720
0.543938875198,6719
0.544228792191,6718
0.545964002609,6717
0.547178983688,6716
0.54745388031,6715
0.54830789566,6714
0.549666881561,6713
0.550407886505,6712
0.550791978836,6711
0.551296949387,6710
0.552154779434,6709
0.552425861359,6708
0.553097963333,6707
0.553845882416,6706
0.554273843765,6705
0.556535005569,6704
0.55716586113,6703
0.558599948883,6702
0.559215784073,6701
0.559803009033,6700
0.560310840607,6699
0.561460971832,6698
0.561894893646,6697
0.562755823135,6696
0.564893960953,6695
0.56739282608,6694
0.568245887756,6693
0.569268941879,6692
0.569730997086,6691
0.570194959641,6690
0.570671796799,6689
0.571057796478,6688
0.571605920792,6687
0.572405815125,6686
0.572734832764,6685
0.573351860046,6684
0.573859930038,6683
0.574282884598,6682
0.575129985809,6681
0.575892925262,6680
0.576175928116,6679
0.57706284523,6678
0.578621864319,6677
0.579326868057,6676
0.579722881317,6675
0.580952882767,6674
0.58132982254,6673
0.581967830658,6672
0.582521915436,6671
0.582889795303,6670
0.583487987518,6669
0.585287809372,6668
0.586098909378,6667
0.586603879929,6666
0.587282896042,6665
0.589468002319,6664
0.59045791626,6663
0.590847969055,6662
0.591313838959,6661
0.591681003571,6660
0.592094898224,6659
0.592653989792,6658
0.593881845474,6657
0.594249010086,6656
0.594685792923,6655
0.595700979233,6654
0.596120834351,6653
0.596708774567,6652
0.597076892853,6651
0.598377943039,6650
0.599373817444,6649
0.599824905396,6648
0.600220918655,6647
0.600615978241,6646
0.602428913116,6645
0.603613853455,6644
0.604532003403,6643
0.605348825455,6642
0.605847835541,6641
0.606188774109,6640
0.607209920883,6639
0.607617855072,6638
0.608445882797,6637
0.608835935593,6636
0.610341787338,6635
0.611877918243,6634
0.613451957703,6633
0.614270925522,6632
0.614802837372,6631
0.615842819214,6630
0.616379976273,6629
0.616970777512,6628
0.617536783218,6627
0.618101835251,6626
0.619118928909,6625
0.619989871979,6624
0.620829820633,6623
0.621267795563,6622
0.622818946838,6621
0.62369799614,6620
0.624606847763,6619
0.625313997269,6618
0.626800775528,6617
0.628641843796,6616
0.629164934158,6615
0.630183935165,6614
0.630626916885,6613
0.63179397583,6612
0.632752895355,6611
0.633212804794,6610
0.63409280777,6609
0.634874820709,6608
0.63566493988,6607
0.63699889183,6606
0.637846946716,6605
0.640590906143,6604
0.641308784485,6603
0.642947912216,6602
0.643290996552,6601
0.644094944,6600
0.644440889359,6599
0.645632982254,6598
0.646089792252,6597
0.646417856216,6596
0.647494792938,6595
0.647867918015,6594
0.649260997772,6593
0.650975942612,6592
0.653369903564,6591
0.653828859329,6590
0.655048847198,6589
0.655930995941,6588
0.656257867813,6587
0.657481908798,6586
0.657979011536,6585
0.65860581398,6584
0.660780906677,6583
0.661408901215,6582
0.66261100769,6581
0.663125991821,6580
0.663549900055,6579
0.664167881012,6578
0.664885997772,6577
0.665799856186,6576
0.666079998016,6575
0.666757822037,6574
0.667102813721,6573
0.667415857315,6572
0.668697834015,6571
0.669620990753,6570
0.670338869095,6569
0.670722007751,6568
0.67120885849,6567
0.672127962112,6566
0.672732830048,6565
0.673202991486,6564
0.674829006195,6563
0.675882816315,6562
0.677757978439,6561
0.678255796432,6560
0.679223775864,6559
0.68143081665,6558
0.682801008224,6557
0.684286832809,6556
0.685508966446,6555
0.686393976212,6554
0.687833786011,6553
0.689655780792,6552
0.690075874329,6551
0.692803859711,6550
0.693899869919,6549
0.695038795471,6548
0.695522785187,6547
0.69601893425,6546
0.696383953094,6545
0.69694685936,6544
0.69727897644,6543
0.697829008102,6542
0.698331832886,6541
0.698821783066,6540
0.70103096962,6539
0.701359987259,6538
0.702314853668,6537
0.704307794571,6536
0.705978870392,6535
0.707315921783,6534
0.708675861359,6533
0.709995985031,6532
0.711042881012,6531
0.711996793747,6530
0.714036941528,6529
0.715074777603,6528
0.717381954193,6527
0.717707872391,6526
0.718330860138,6525
0.719438791275,6524
0.720445871353,6523
0.721085786819,6522
0.723443984985,6521
0.724156856537,6520
0.724799871445,6519
0.725581884384,6518
0.726532936096,6517
0.727833986282,6516
0.728200912476,6515
0.729882955551,6514
0.731215953827,6513
0.731589794159,6512
0.732064008713,6511
0.733080863953,6510
0.733647823334,6509
0.734136819839,6508
0.736902952194,6507
0.737301826477,6506
0.738587856293,6505
0.73913693428,6504
0.740386009216,6503
0.740943908691,6502
0.741414785385,6501
0.742359876633,6500
0.742920875549,6499
0.743999004364,6498
0.745416879654,6497
0.745921850204,6496
0.746531009674,6495
0.747358798981,6494
0.749408960342,6493
0.749804973602,6492
0.750533819199,6491
0.752168893814,6490
0.753132820129,6489
0.754123926163,6488
0.755078792572,6487
0.7569668293,6486
0.757272005081,6485
0.758677005768,6484
0.759883880615,6483
0.760595798492,6482
0.761991977692,6481
0.762599945068,6480
0.765774011612,6479
0.766465902328,6478
0.767156839371,6477
0.767525911331,6476
0.76821398735,6475
0.768660783768,6474
0.769684791565,6473
0.770178794861,6472
0.771497964859,6471
0.772836923599,6470
0.773453950882,6469
0.774066925049,6468
0.775473833084,6467
0.776875972748,6466
0.777504920959,6465
0.77795791626,6464
0.778478860855,6463
0.779604911804,6462
0.782611846924,6461
0.783013820648,6460
0.78444480896,6459
0.786795854568,6458
0.787350893021,6457
0.788025856018,6456
0.789524793625,6455
0.790031909943,6454
0.791617870331,6453
0.792107820511,6452
0.79247879982,6451
0.792940855026,6450
0.793367862701,6449
0.793971776962,6448
0.79460978508,6447
0.795127868652,6446
0.796412944794,6445
0.797034978867,6444
0.79799580574,6443
0.798365831375,6442
0.798990011215,6441
0.799304008484,6440
0.800323009491,6439
0.801095962524,6438
0.801590919495,6437
0.802140951157,6436
0.803195953369,6435
0.80407500267,6434
0.804984807968,6433
0.80554485321,6432
0.806733846664,6431
0.80782699585,6430
0.809381008148,6429
0.81082201004,6428
0.811106920242,6427
0.812043905258,6426
0.812795877457,6425
0.814588785172,6424
0.815140962601,6423
0.816329956055,6422
0.819058895111,6421
0.819527864456,6420
0.820279836655,6419
0.821330785751,6418
0.822429895401,6417
0.823017835617,6416
0.823421955109,6415
0.823972940445,6414
0.824512958527,6413
0.824915885925,6412
0.826527833939,6411
0.827083826065,6410
0.828723907471,6409
0.829055786133,6408
0.830214977264,6407
0.831871986389,6406
0.832653999329,6405
0.833438873291,6404
0.834963798523,6403
0.83580994606,6402
0.836287975311,6401
0.836817979813,6400
0.837525844574,6399
0.837978839874,6398
0.838629007339,6397
0.839184999466,6396
0.84219288826,6395
0.843052864075,6394
0.845263957977,6393
0.845830917358,6392
0.846712827682,6391
0.847603797913,6390
0.848634004593,6389
0.849129915237,6388
0.849490880966,6387
0.850017786026,6386
0.851318836212,6385
0.852685928345,6384
0.853227853775,6383
0.855360984802,6382
0.856594800949,6381
0.857895851135,6380
0.858716011047,6379
0.859732866287,6378
0.860036849976,6377
0.860585927963,6376
0.861894845963,6375
0.863358974457,6374
0.865439891815,6373
0.866364002228,6372
0.866798877716,6371
0.869121789932,6370
0.871201992035,6369
0.87171792984,6368
0.872335910797,6367
0.87479186058,6366
0.876984834671,6365
0.877679824829,6364
0.878307819366,6363
0.8816177845,6362
0.882369995117,6361
0.882824897766,6360
0.88320684433,6359
0.883841991425,6358
0.88486289978,6357
0.88690495491,6356
0.887440919876,6355
0.888017892838,6354
0.889135837555,6353
0.89084482193,6352
0.891185998917,6351
0.891619920731,6350
0.892952919006,6349
0.895181894302,6348
0.896083831787,6347
0.896447896957,6346
0.897812843323,6345
0.899304866791,6344
0.900775909424,6343
0.902191877365,6342
0.903237819672,6341
0.903584957123,6340
0.904187917709,6339
0.904882907867,6338
0.905936956406,6337
0.907023906708,6336
0.908588886261,6335
0.909744977951,6334
0.91143488884,6333
0.913384914398,6332
0.913893938065,6331
0.914528846741,6330
0.915381908417,6329
0.917306900024,6328
0.91779088974,6327
0.918731927872,6326
0.919642925262,6325
0.920083999634,6324
0.920355796814,6323
0.920971870422,6322
0.922551870346,6321
0.923204898834,6320
0.924852848053,6319
0.925417900085,6318
0.926951885223,6317
0.927744865417,6316
0.928248882294,6315
0.92878484726,6314
0.930844783783,6313
0.931313991547,6312
0.932129859924,6311
0.932423830032,6310
0.932756900787,6309
0.933138847351,6308
0.934668779373,6307
0.935931921005,6306
0.936397790909,6305
0.936905860901,6304
0.937745809555,6303
0.939600944519,6302
0.940732002258,6301
0.94114780426,6300
0.942990779877,6299
0.943718910217,6298
0.946022987366,6297
0.946385860443,6296
0.947060823441,6295
0.94851398468,6294
0.949033975601,6293
0.949518918991,6292
0.950834989548,6291
0.951165914536,6290
0.952031850815,6289
0.952801942825,6288
0.954612970352,6287
0.955502986908,6286
0.956132888794,6285
0.95658493042,6284
0.957060813904,6283
0.957759857178,6282
0.958628892899,6281
0.959968805313,6280
0.960618972778,6279
0.961082935333,6278
0.961483955383,6277
0.962687969208,6276
0.963223934174,6275
0.963585853577,6274
0.964763879776,6273
0.965174913406,6272
0.966616868973,6271
0.967195987701,6270
0.96769285202,6269
0.969506978989,6268
0.970063924789,6267
0.970549821854,6266
0.971113920212,6265
0.971596002579,6264
0.972041845322,6263
0.973920822144,6262
0.975425958633,6261
0.977614879608,6260
0.979294776917,6259
0.980239868164,6258
0.980886936188,6257
0.982715845108,6256
0.983660936356,6255
0.984536886215,6254
0.985225915909,6253
0.985675811768,6252
0.988475799561,6251
0.988972902298,6250
0.989360809326,6249
0.990759849548,6248
0.991328001022,6247
0.992560863495,6246
0.995208978653,6245
0.995683908463,6244
0.998612880707,6243
0.999985933304,6242
1.00043988228,6241
1.00114488602,6240
1.00276088715,6239
1.00318384171,6238
1.00439882278,6237
1.00479483604,6236
1.00590586662,6235
1.00825786591,6234
1.00972890854,6233
1.01089596748,6232
1.01211094856,6231
1.01314783096,6230
1.01397180557,6229
1.01641988754,6228
1.0177898407,6227
1.01898694038,6226
1.02039980888,6225
1.02149391174,6224
1.02250695229,6223
1.02457499504,6222
1.02551984787,6221
1.02848887444,6220
1.02900385857,6219
1.02958393097,6218
1.03018689156,6217
1.03105282784,6216
1.03188991547,6215
1.03445291519,6214
1.03513383865,6213
1.03591179848,6212
1.03761696815,6211
1.03897190094,6210
1.03950095177,6209
1.04039978981,6208
1.04306077957,6207
1.0453979969,6206
1.04592585564,6205
1.04638290405,6204
1.04706382751,6203
1.04782485962,6202
1.04932785034,6201
1.04985880852,6200
1.05037093163,6199
1.05141377449,6198
1.05201983452,6197
1.05387997627,6196
1.05418491364,6195
1.05570697784,6194
1.05649280548,6193
1.05676198006,6192
1.05812692642,6191
1.05893588066,6190
1.06372499466,6189
1.06444478035,6188
1.06535291672,6187
1.06567978859,6186
1.06687784195,6185
1.06716680527,6184
1.06809997559,6183
1.0688149929,6182
1.06971597672,6181
1.0701789856,6180
1.07062697411,6179
1.07109189034,6178
1.0713558197,6177
1.07315278053,6176
1.07367491722,6175
1.07401299477,6174
1.07479977608,6173
1.07581996918,6172
1.0762989521,6171
1.07757496834,6170
1.079600811,6169
1.0808608532,6168
1.08276987076,6167
1.08306694031,6166
1.0862197876,6165
1.08699893951,6164
1.08761382103,6163
1.08807897568,6162
1.08846592903,6161
1.09017300606,6160
1.0906457901,6159
1.09112000465,6158
1.09339594841,6157
1.09376478195,6156
1.09453678131,6155
1.09560894966,6154
1.09685778618,6153
1.09874296188,6152
1.09912991524,6151
1.0994489193,6150
1.10097789764,6149
1.1020128727,6148
1.10264086723,6147
1.10394001007,6146
1.10429000854,6145
1.10535478592,6144
1.10642790794,6143
1.10728788376,6142
1.1082777977,6141
1.10899877548,6140
1.11115694046,6139
1.11165499687,6138
1.11240887642,6137
1.11276292801,6136
1.11630797386,6135
1.11691188812,6134
1.11730599403,6133
1.11853599548,6132
1.11965179443,6131
1.12428092957,6130
1.12745594978,6129
1.12795877457,6128
1.129352808,6127
1.13065290451,6126
1.13209080696,6125
1.13265299797,6124
1.13313698769,6123
1.13561677933,6122
1.13663387299,6121
1.13988399506,6120
1.14193201065,6119
1.14281392097,6118
1.14329695702,6117
1.14428091049,6116
1.14612698555,6115
1.14738798141,6114
1.1486749649,6113
1.14943790436,6112
1.15081691742,6111
1.15146780014,6110
1.15200185776,6109
1.15679979324,6108
1.15730500221,6107
1.15793180466,6106
1.15848898888,6105
1.15929293633,6104
1.16146397591,6103
1.16208600998,6102
1.162555933,6101
1.16297888756,6100
1.16346383095,6099
1.16386985779,6098
1.16438794136,6097
1.16526794434,6096
1.16578483582,6095
1.16778898239,6094
1.17067694664,6093
1.17168688774,6092
1.17198300362,6091
1.17523694038,6090
1.17631387711,6089
1.17769789696,6088
1.17963886261,6087
1.18049192429,6086
1.18117880821,6085
1.18205285072,6084
1.18270087242,6083
1.18320584297,6082
1.18354892731,6081
1.18454790115,6080
1.18787288666,6079
1.18844890594,6078
1.18874979019,6077
1.18979096413,6076
1.19171285629,6075
1.19287085533,6074
1.19361400604,6073
1.19495582581,6072
1.19632792473,6071
1.19666981697,6070
1.19695186615,6069
1.19729781151,6068
1.19767379761,6067
1.19820189476,6066
1.19942593575,6065
1.20112395287,6064
1.20143389702,6063
1.20233082771,6062
1.2027258873,6061
1.20379495621,6060
1.20590782166,6059
1.20753097534,6058
1.20851993561,6057
1.20955085754,6056
1.21162700653,6055
1.21232390404,6054
1.21282887459,6053
1.21682977676,6052
1.21901488304,6051
1.22042584419,6050
1.22112393379,6049
1.22291278839,6048
1.2235019207,6047
1.22689580917,6046
1.22788095474,6045
1.22853183746,6044
1.23101782799,6043
1.23164200783,6042
1.2331199646,6041
1.23389101028,6040
1.23464083672,6039
1.23686885834,6038
1.24163579941,6037
1.24258184433,6036
1.24310088158,6035
1.24405479431,6034
1.24439001083,6033
1.24740386009,6032
1.24816298485,6031
1.25170898438,6030
1.25328278542,6029
1.25402784348,6028
1.25657486916,6027
1.25697588921,6026
1.25761795044,6025
1.25813579559,6024
1.25860381126,6023
1.25981688499,6022
1.26099896431,6021
1.26194691658,6020
1.26288986206,6019
1.26353287697,6018
1.26575183868,6017
1.26768779755,6016
1.26800084114,6015
1.26975798607,6014
1.27131700516,6013
1.27207183838,6012
1.27258396149,6011
1.27389597893,6010
1.27429580688,6009
1.27734398842,6008
1.27856087685,6007
1.27925992012,6006
1.2805249691,6005
1.28091192245,6004
1.28125190735,6003
1.28196287155,6002
1.28235697746,6001
1.28359794617,6000
1.28414797783,5999
1.28454589844,5998
1.28506278992,5997
1.28629589081,5996
1.28664898872,5995
1.28720188141,5994
1.28749489784,5993
1.28798294067,5992
1.2901968956,5991
1.2908539772,5990
1.29140400887,5989
1.29233288765,5988
1.29284381866,5987
1.29368495941,5986
1.29584383965,5985
1.29698085785,5984
1.29767680168,5983
1.2980029583,5982
1.30009889603,5981
1.30114197731,5980
1.30289983749,5979
1.30328297615,5978
1.30423784256,5977
1.30464982986,5976
1.30536985397,5975
1.30594587326,5974
1.30969500542,5973
1.31064796448,5972
1.31096792221,5971
1.31177282333,5970
1.3131108284,5969
1.31347680092,5968
1.31380987167,5967
1.31562399864,5966
1.31779193878,5965
1.32071900368,5964
1.32123279572,5963
1.32225084305,5962
1.32252883911,5961
1.32335090637,5960
1.32419681549,5959
1.32537484169,5958
1.32896089554,5957
1.32978487015,5956
1.33030891418,5955
1.33198094368,5954
1.3326997757,5953
1.33348798752,5952
1.33448290825,5951
1.33548879623,5950
1.33599901199,5949
1.33657884598,5948
1.34035897255,5947
1.3432238102,5946
1.34368300438,5945
1.34598183632,5944
1.34677481651,5943
1.34749388695,5942
1.34781885147,5941
1.35052895546,5940
1.35089492798,5939
1.35477685928,5938
1.35590195656,5937
1.35709881783,5936
1.35755991936,5935
1.36022877693,5934
1.36188697815,5933
1.36256098747,5932
1.3629758358,5931
1.36343193054,5930
1.36440896988,5929
1.36740684509,5928
1.36829900742,5927
1.36891388893,5926
1.36948895454,5925
1.37016987801,5924
1.37121891975,5923
1.37309885025,5922
1.37342596054,5921
1.37368297577,5920
1.37557077408,5919
1.3763217926,5918
1.37715792656,5917
1.37803387642,5916
1.37906098366,5915
1.37963700294,5914
1.38000297546,5913
1.38126897812,5912
1.38287401199,5911
1.38317084312,5910
1.38369894028,5909
1.38446187973,5908
1.38510894775,5907
1.38546299934,5906
1.3857858181,5905
1.38664984703,5904
1.38709592819,5903
1.387570858,5902
1.38800001144,5901
1.3893969059,5900
1.39111495018,5899
1.39173483849,5898
1.39280796051,5897
1.39318585396,5896
1.39363288879,5895
1.39531493187,5894
1.39565491676,5893
1.39689588547,5892
1.39771986008,5891
1.40085983276,5890
1.40291285515,5889
1.40414786339,5888
1.40457081795,5887
1.40720891953,5886
1.40865492821,5885
1.40951085091,5884
1.41233301163,5883
1.41289401054,5882
1.41393399239,5881
1.41428184509,5880
1.41562891006,5879
1.41610193253,5878
1.41659498215,5877
1.41729187965,5876
1.41803693771,5875
1.41928792,5874
1.41986989975,5873
1.42292380333,5872
1.42338585854,5871
1.42498588562,5870
1.42637991905,5869
1.42676401138,5868
1.42794299126,5867
1.43198394775,5866
1.43336987495,5865
1.43507599831,5864
1.4361448288,5863
1.43655180931,5862
1.43738985062,5861
1.43883991241,5860
1.44062185287,5859
1.4413318634,5858
1.44202899933,5857
1.44244790077,5856
1.44288277626,5855
1.44602680206,5854
1.44677400589,5853
1.44814777374,5852
1.44855380058,5851
1.44940781593,5850
1.45089197159,5849
1.45131182671,5848
1.45173478127,5847
1.45220994949,5846
1.45268177986,5845
1.45516085625,5844
1.45666384697,5843
1.45723295212,5842
1.46133685112,5841
1.46231985092,5840
1.46267199516,5839
1.4653840065,5838
1.467004776,5837
1.46740984917,5836
1.46991491318,5835
1.47027397156,5834
1.47073984146,5833
1.47176289558,5832
1.47216391563,5831
1.47243785858,5830
1.47308278084,5829
1.47409296036,5828
1.4756398201,5827
1.47673797607,5826
1.47708892822,5825
1.47852277756,5824
1.47975277901,5823
1.48014092445,5822
1.4807498455,5821
1.48127889633,5820
1.48383188248,5819
1.48522996902,5818
1.48908185959,5817
1.49097895622,5816
1.491314888,5815
1.49180078506,5814
1.49216389656,5813
1.49257278442,5812
1.49704480171,5811
1.49779891968,5810
1.50044798851,5809
1.50087094307,5808
1.50429582596,5807
1.50511479378,5806
1.50546979904,5805
1.50659799576,5804
1.50833582878,5803
1.50917291641,5802
1.5094769001,5801
1.5106549263,5800
1.51110887527,5799
1.51172399521,5798
1.51320290565,5797
1.5135178566,5796
1.51408100128,5795
1.51659393311,5794
1.51783680916,5793
1.51826691628,5792
1.51933383942,5791
1.52098894119,5790
1.5219438076,5789
1.52312493324,5788
1.52407693863,5787
1.5246219635,5786
1.52504897118,5785
1.52737498283,5784
1.52996683121,5783
1.53028392792,5782
1.53242993355,5781
1.53371691704,5780
1.53711390495,5779
1.53848791122,5778
1.53894495964,5777
1.53932785988,5776
1.54247498512,5775
1.54283380508,5774
1.54396295547,5773
1.54426193237,5772
1.54463481903,5771
1.54504489899,5770
1.54602789879,5769
1.54679393768,5768
1.54907894135,5767
1.55137181282,5766
1.55187797546,5765
1.55286693573,5764
1.55570292473,5763
1.55605983734,5762
1.55654287338,5761
1.5585258007,5760
1.56096577644,5759
1.56210184097,5758
1.56266593933,5757
1.56436800957,5756
1.56625986099,5755
1.56679677963,5754
1.57205295563,5753
1.57262182236,5752
1.57353687286,5751
1.57434177399,5750
1.57581591606,5749
1.5779979229,5748
1.58115696907,5747
1.58175182343,5746
1.58451080322,5745
1.58728289604,5744
1.5884718895,5743
1.58916497231,5742
1.58987879753,5741
1.59029579163,5740
1.59110188484,5739
1.59159994125,5738
1.59200000763,5737
1.59449696541,5736
1.59527087212,5735
1.5983338356,5734
1.59976887703,5733
1.60028386116,5732
1.60079884529,5731
1.60165500641,5730
1.60257387161,5729
1.60354685783,5728
1.60433387756,5727
1.60708880424,5726
1.60810995102,5725
1.61142897606,5724
1.6119158268,5723
1.61619496346,5722
1.61816287041,5721
1.62012887001,5720
1.62139201164,5719
1.6221678257,5718
1.62287998199,5717
1.62500786781,5716
1.62535977364,5715
1.62814879417,5714
1.62889194489,5713
1.62933588028,5712
1.6296749115,5711
1.63290381432,5710
1.63468289375,5709
1.63549685478,5708
1.63668084145,5707
1.63760089874,5706
1.63924884796,5705
1.63993000984,5704
1.64111089706,5703
1.64349889755,5702
1.64488101006,5701
1.64664888382,5700
1.64877295494,5699
1.64905595779,5698
1.6496348381,5697
1.65257000923,5696
1.6542699337,5695
1.65775990486,5694
1.65860199928,5693
1.65943479538,5692
1.65984082222,5691
1.66098189354,5690
1.66152882576,5689
1.66522789001,5688
1.66649699211,5687
1.66682100296,5686
1.66882801056,5685
1.67160892487,5684
1.67199277878,5683
1.67545795441,5682
1.67674088478,5681
1.67764997482,5680
1.67943096161,5679
1.67994785309,5678
1.68059492111,5677
1.6830239296,5676
1.68394780159,5675
1.68437886238,5674
1.68478679657,5673
1.68596291542,5672
1.68977379799,5671
1.69109392166,5670
1.69136190414,5669
1.69481897354,5668
1.69603490829,5667
1.69836688042,5666
1.69965291023,5665
1.70057487488,5664
1.70164179802,5663
1.7021188736,5662
1.70398688316,5661
1.70503878593,5660
1.70570683479,5659
1.71151399612,5658
1.7148668766,5657
1.71607494354,5656
1.7165927887,5655
1.7202038765,5654
1.72126483917,5653
1.72165584564,5652
1.72238183022,5651
1.72455692291,5650
1.72500801086,5649
1.72540187836,5648
1.72584700584,5647
1.72737193108,5646
1.72958683968,5645
1.73074483871,5644
1.73175978661,5643
1.73269581795,5642
1.73780584335,5641
1.73851180077,5640
1.7393348217,5639
1.73970794678,5638
1.74401879311,5637
1.744399786,5636
1.74579000473,5635
1.7482779026,5634
1.75037693977,5633
1.75131988525,5632
1.75170493126,5631
1.75415992737,5630
1.75623583794,5629
1.75679397583,5628
1.75763583183,5627
1.75805091858,5626
1.75938487053,5625
1.76249694824,5624
1.76402688026,5623
1.76541399956,5622
1.76629185677,5621
1.76737785339,5620
1.76987481117,5619
1.7705848217,5618
1.77271199226,5617
1.77316689491,5616
1.77512383461,5615
1.77791380882,5614
1.77897596359,5613
1.78055691719,5612
1.78105282784,5611
1.78264093399,5610
1.78406095505,5609
1.78497290611,5608
1.78597593307,5607
1.78790783882,5606
1.78942084312,5605
1.79059886932,5604
1.79706788063,5603
1.79990887642,5602
1.8004758358,5601
1.80114579201,5600
1.80333900452,5599
1.80441880226,5598
1.80514383316,5597
1.80819296837,5596
1.8086810112,5595
1.80951094627,5594
1.80989289284,5593
1.8107919693,5592
1.81142091751,5591
1.8119058609,5590
1.81582283974,5589
1.81637978554,5588
1.81704378128,5587
1.81883788109,5586
1.81910896301,5585
1.81963682175,5584
1.82040596008,5583
1.82163381577,5582
1.82299184799,5581
1.82406687737,5580
1.82462096214,5579
1.82568287849,5578
1.82636594772,5577
1.82726287842,5576
1.83061385155,5575
1.83118081093,5574
1.83309388161,5573
1.83548283577,5572
1.83597779274,5571
1.83650779724,5570
1.83753180504,5569
1.83907985687,5568
1.8394408226,5567
1.84152889252,5566
1.84198594093,5565
1.84498000145,5564
1.84623479843,5563
1.84760689735,5562
1.84926080704,5561
1.85056400299,5560
1.85312986374,5559
1.85635995865,5558
1.86141896248,5557
1.86611199379,5556
1.86656999588,5555
1.86723399162,5554
1.87016892433,5553
1.87371993065,5552
1.87625479698,5551
1.87789297104,5550
1.88043689728,5549
1.88109493256,5548
1.88277482986,5547
1.88410782814,5546
1.88705587387,5545
1.88896083832,5544
1.88968586922,5543
1.89059281349,5542
1.89253377914,5541
1.89560890198,5540
1.89679288864,5539
1.89713382721,5538
1.89738178253,5537
1.89779281616,5536
1.89892196655,5535
1.8992087841,5534
1.89957094193,5533
1.90309596062,5532
1.90359377861,5531
1.90406799316,5530
1.90510797501,5529
1.90683698654,5528
1.90915894508,5527
1.90960884094,5526
1.9108607769,5525
1.91147589684,5524
1.91218900681,5523
1.9142999649,5522
1.91625094414,5521
1.91682291031,5520
1.91817784309,5519
1.9186809063,5518
1.92677283287,5517
1.92731380463,5516
1.92779684067,5515
1.92817187309,5514
1.92902779579,5513
1.93126988411,5512
1.93222880363,5511
1.93413877487,5510
1.9364118576,5509
1.93919491768,5508
1.93955898285,5507
1.94084882736,5506
1.94395494461,5505
1.94536399841,5504
1.94568490982,5503
1.9472630024,5502
1.94953393936,5501
1.95004200935,5500
1.95163297653,5499
1.95359778404,5498
1.95485877991,5497
1.96147179604,5496
1.96272993088,5495
1.96327781677,5494
1.96412992477,5493
1.9646627903,5492
1.96641898155,5491
1.96838784218,5490
1.97017979622,5489
1.97404384613,5488
1.97724986076,5487
1.97762584686,5486
1.97849082947,5485
1.9822947979,5484
1.98496699333,5483
1.98602795601,5482
1.98632693291,5481
1.98714995384,5480
1.98749089241,5479
1.98789381981,5478
1.98829984665,5477
1.99320888519,5476
1.99422478676,5475
1.99588489532,5474
1.99663686752,5473
1.99832296371,5472
1.99980783463,5471
2.00030589104,5470
2.00106787682,5469
2.00262594223,5468
2.00340795517,5467
2.0048558712,5466
2.00547599792,5465
2.0068898201,5464
2.00867486,5463
2.00912499428,5462
2.00988292694,5461
2.01154398918,5460
2.01328396797,5459
2.01537799835,5458
2.01562595367,5457
2.01741790771,5456
2.01764893532,5455
2.01891684532,5454
2.0204539299,5453
2.02171397209,5452
2.02314996719,5451
2.02501797676,5450
2.02543187141,5449
2.02766895294,5448
2.02821278572,5447
2.02937793732,5446
2.03016495705,5445
2.03232192993,5444
2.03439879417,5443
2.03537297249,5442
2.03714895248,5441
2.03765392303,5440
2.03998088837,5439
2.04334688187,5438
2.04368281364,5437
2.0446639061,5436
2.04593396187,5435
2.04707384109,5434
2.04823088646,5433
2.04966282845,5432
2.05022883415,5431
2.05160593987,5430
2.05210494995,5429
2.05549287796,5428
2.05633187294,5427
2.0568318367,5426
2.05766677856,5425
2.05869078636,5424
2.05912089348,5423
2.06134796143,5422
2.06213092804,5421
2.06251597404,5420
2.06381583214,5419
2.06702399254,5418
2.06795787811,5417
2.06925797462,5416
2.07284379005,5415
2.07331585884,5414
2.07439684868,5413
2.07485699654,5412
2.07538890839,5411
2.07919979095,5410
2.08275485039,5409
2.0847659111,5408
2.08530592918,5407
2.08835697174,5406
2.08891987801,5405
2.09032487869,5404
2.09200286865,5403
2.09313797951,5402
2.09399294853,5401
2.09486079216,5400
2.09516191483,5399
2.09698295593,5398
2.09732890129,5397
2.09934997559,5396
2.09970188141,5395
2.10265684128,5394
2.1040289402,5393
2.10581994057,5392
2.10637283325,5391
2.10793089867,5390
2.1121339798,5389
2.11293578148,5388
2.11397981644,5387
2.1152279377,5386
2.11820793152,5385
2.11905789375,5384
2.11969399452,5383
2.12027287483,5382
2.1205329895,5381
2.12272596359,5380
2.12298488617,5379
2.12488698959,5378
2.12548089027,5377
2.12691092491,5376
2.12724995613,5375
2.12813091278,5374
2.12968492508,5373
2.13008189201,5372
2.1304090023,5371
2.13064789772,5370
2.13118481636,5369
2.13217592239,5368
2.13364100456,5367
2.13394379616,5366
2.13438391685,5365
2.13507080078,5364
2.13568997383,5363
2.13617897034,5362
2.13823580742,5361
2.13936591148,5360
2.13999700546,5359
2.14091897011,5358
2.14148879051,5357
2.14294791222,5356
2.14591097832,5355
2.14686083794,5354
2.14948391914,5353
2.15014982224,5352
2.15097498894,5351
2.15348577499,5350
2.15397882462,5349
2.154504776,5348
2.15490484238,5347
2.15602397919,5346
2.15711283684,5345
2.15953493118,5344
2.16044592857,5343
2.16108679771,5342
2.16213679314,5341
2.16267681122,5340
2.16455793381,5339
2.16713190079,5338
2.16921281815,5337
2.16991686821,5336
2.17125487328,5335
2.17149877548,5334
2.17381000519,5333
2.17443084717,5332
2.17494797707,5331
2.17584395409,5330
2.17793393135,5329
2.18022799492,5328
2.18400883675,5327
2.18560385704,5326
2.18944978714,5325
2.19164896011,5324
2.19250178337,5323
2.19294285774,5322
2.19631290436,5321
2.19747686386,5320
2.19920396805,5319
2.19983887672,5318
2.20125389099,5317
2.20479297638,5316
2.20573496819,5315
2.20754694939,5314
2.21032190323,5313
2.21203589439,5312
2.21575880051,5311
2.21635079384,5310
2.21734881401,5309
2.2186319828,5308
2.21976089478,5307
2.22103500366,5306
2.22443795204,5305
2.22520685196,5304
2.22739887238,5303
2.22910284996,5302
2.22949290276,5301
2.23243188858,5300
2.23642277718,5299
2.23966884613,5298
2.24266386032,5297
2.24375295639,5296
2.2441368103,5295
2.24484395981,5294
2.24537682533,5293
2.24841880798,5292
2.24887180328,5291
2.25119996071,5290
2.25179100037,5289
2.25290489197,5288
2.25323700905,5287
2.25435900688,5286
2.25470495224,5285
2.25569295883,5284
2.25996899605,5283
2.26188087463,5282
2.26355600357,5281
2.26543188095,5280
2.26667380333,5279
2.2669839859,5278
2.26730895042,5277
2.2678899765,5276
2.26870989799,5275
2.26926398277,5274
2.2699379921,5273
2.271504879,5272
2.27181887627,5271
2.27240085602,5270
2.27356886864,5269
2.2743229866,5268
2.27562499046,5267
2.27850198746,5266
2.2793238163,5265
2.28096580505,5264
2.2824819088,5263
2.28340196609,5262
2.28378582001,5261
2.28431797028,5260
2.28570580482,5259
2.2860147953,5258
2.28636693954,5257
2.28678488731,5256
2.28935599327,5255
2.29009985924,5254
2.29039597511,5253
2.29177880287,5252
2.29256796837,5251
2.29596686363,5250
2.30154585838,5249
2.30184388161,5248
2.30388689041,5247
2.30465388298,5246
2.30498099327,5245
2.30541300774,5244
2.30681300163,5243
2.30887293816,5242
2.30918097496,5241
2.31163287163,5240
2.3130838871,5239
2.31412577629,5238
2.31922888756,5237
2.32199788094,5236
2.32324290276,5235
2.32378077507,5234
2.32490992546,5233
2.32633900642,5232
2.32826685905,5231
2.32954382896,5230
2.32997298241,5229
2.33215379715,5228
2.33813691139,5227
2.33864784241,5226
2.33892679214,5225
2.34114789963,5224
2.34172987938,5223
2.34403586388,5222
2.34497690201,5221
2.34592700005,5220
2.34836697578,5219
2.34958100319,5218
2.34990096092,5217
2.35051488876,5216
2.35083198547,5215
2.35119581223,5214
2.35292196274,5213
2.35437178612,5212
2.35485196114,5211
2.35732293129,5210
2.35864186287,5209
2.35886883736,5208
2.35911679268,5207
2.36059093475,5206
2.36161398888,5205
2.36489677429,5204
2.3666908741,5203
2.37145495415,5202
2.37332296371,5201
2.37424492836,5200
2.3755569458,5199
2.37600278854,5198
2.37850189209,5197
2.37916183472,5196
2.38082885742,5195
2.38284087181,5194
2.38322401047,5193
2.38408398628,5192
2.38434195518,5191
2.38525986671,5190
2.38675498962,5189
2.3893969059,5188
2.39043688774,5187
2.39094090462,5186
2.39294290543,5185
2.39331793785,5184
2.3949739933,5183
2.39891791344,5182
2.40040183067,5181
2.40078687668,5180
2.40115189552,5179
2.4024438858,5178
2.40272092819,5177
2.40369582176,5176
2.40440988541,5175
2.40578579903,5174
2.40966677666,5173
2.4107298851,5172
2.41169881821,5171
2.41314077377,5170
2.41442298889,5169
2.41480779648,5168
2.4158449173,5167
2.4165558815,5166
2.41749095917,5165
2.41993379593,5164
2.42055988312,5163
2.42111492157,5162
2.42207789421,5161
2.4222869873,5160
2.42331886292,5159
2.42383885384,5158
2.43075299263,5157
2.43159294128,5156
2.43902087212,5155
2.44129300117,5154
2.44410181046,5153
2.44459295273,5152
2.4461889267,5151
2.44724488258,5150
2.4484398365,5149
2.45268988609,5148
2.45354390144,5147
2.45401287079,5146
2.45447587967,5145
2.45824193954,5144
2.45887184143,5143
2.46022987366,5142
2.46052098274,5141
2.46081995964,5140
2.46223592758,5139
2.46543383598,5138
2.46647381783,5137
2.47051477432,5136
2.47162699699,5135
2.47312188148,5134
2.47513484955,5133
2.47543883324,5132
2.47762489319,5131
2.4800620079,5130
2.48391079903,5129
2.48495078087,5128
2.48544287682,5127
2.48790478706,5126
2.48865485191,5125
2.49029183388,5124
2.49075889587,5123
2.49194288254,5122
2.49369096756,5121
2.49644994736,5120
2.49723482132,5119
2.49798583984,5118
2.49870181084,5117
2.49896287918,5116
2.50081586838,5115
2.50117182732,5114
2.50239992142,5113
2.50423598289,5112
2.50450992584,5111
2.50587892532,5110
2.50629878044,5109
2.50663685799,5108
2.50778985023,5107
2.50929379463,5106
2.51074099541,5105
2.51112294197,5104
2.51292991638,5103
2.51406693459,5102
2.51431488991,5101
2.5189268589,5100
2.51945590973,5099
2.52094292641,5098
2.52131891251,5097
2.52160096169,5096
2.52191185951,5095
2.52373385429,5094
2.52461385727,5093
2.52550077438,5092
2.52633595467,5091
2.52667188644,5090
2.52853178978,5089
2.52893090248,5088
2.53339791298,5087
2.53376293182,5086
2.53407692909,5085
2.53500890732,5084
2.53617095947,5083
2.53719687462,5082
2.53907179832,5081
2.53961396217,5080
2.54708981514,5079
2.54916882515,5078
2.55001592636,5077
2.5531539917,5076
2.55399394035,5075
2.55493187904,5074
2.55579900742,5073
2.55736398697,5072
2.5586669445,5071
2.55960392952,5070
2.5613899231,5069
2.56216096878,5068
2.56285595894,5067
2.56462478638,5066
2.565502882,5065
2.5667488575,5064
2.57348680496,5063
2.57453393936,5062
2.57516098022,5061
2.57610297203,5060
2.5768558979,5059
2.57924199104,5058
2.58033180237,5057
2.58096289635,5056
2.58283686638,5055
2.58330798149,5054
2.58529996872,5053
2.58593988419,5052
2.59149098396,5051
2.59175086021,5050
2.59398889542,5049
2.59493780136,5048
2.59683299065,5047
2.5974149704,5046
2.59830999374,5045
2.59995484352,5044
2.60070085526,5043
2.60187482834,5042
2.60530781746,5041
2.60569691658,5040
2.60595393181,5039
2.60638380051,5038
2.60821986198,5037
2.60941290855,5036
2.61118292809,5035
2.61814689636,5034
2.61893796921,5033
2.62092089653,5032
2.62144994736,5031
2.62218379974,5030
2.62358593941,5029
2.6270108223,5028
2.62810587883,5027
2.62897992134,5026
2.62930488586,5025
2.62996292114,5024
2.63039898872,5023
2.63094687462,5022
2.63351082802,5021
2.63448596001,5020
2.63517284393,5019
2.63551688194,5018
2.63610482216,5017
2.63804578781,5016
2.63944292068,5015
2.64069199562,5014
2.64130878448,5013
2.64330196381,5012
2.64399194717,5011
2.64464092255,5010
2.64591598511,5009
2.65398597717,5008
2.66440796852,5007
2.66523385048,5006
2.66597294807,5005
2.66665291786,5004
2.66698694229,5003
2.66853094101,5002
2.66934680939,5001
2.67007184029,5000
2.67176985741,4999
2.67280578613,4998
2.67374587059,4997
2.67814493179,4996
2.67872881889,4995
2.67999982834,4994
2.68182396889,4993
2.68544387817,4992
2.68792891502,4991
2.68870782852,4990
2.68947386742,4989
2.69125699997,4988
2.69253277779,4987
2.69405984879,4986
2.69568300247,4985
2.69717288017,4984
2.69814896584,4983
2.69952893257,4982
2.70098185539,4981
2.7016108036,4980
2.70302796364,4979
2.70484089851,4978
2.70575785637,4977
2.7067937851,4976
2.70753192902,4975
2.70777583122,4974
2.71254777908,4973
2.7132589817,4972
2.71822881699,4971
2.71912479401,4970
2.722260952,4969
2.72471690178,4968
2.72603797913,4967
2.72720479965,4966
2.72786998749,4965
2.73050189018,4964
2.73276281357,4963
2.73554897308,4962
2.73659682274,4961
2.74108195305,4960
2.7417318821,4959
2.74534082413,4958
2.74644398689,4957
2.74729299545,4956
2.74771881104,4955
2.74827289581,4954
2.75100898743,4953
2.75235080719,4952
2.75286793709,4951
2.75342988968,4950
2.7549059391,4949
2.75605177879,4948
2.75719094276,4947
2.75946497917,4946
2.7607588768,4945
2.7622718811,4944
2.7631688118,4943
2.76361179352,4942
2.76707291603,4941
2.76735496521,4940
2.76991295815,4939
2.77064681053,4938
2.77218294144,4937
2.7725288868,4936
2.7776119709,4935
2.77811288834,4934
2.78099489212,4933
2.78432583809,4932
2.78562092781,4931
2.78622698784,4930
2.78662800789,4929
2.79054379463,4928
2.79111289978,4927
2.79744291306,4926
2.79925394058,4925
2.79979896545,4924
2.80604481697,4923
2.80682086945,4922
2.80719780922,4921
2.80776882172,4920
2.81174993515,4919
2.81328678131,4918
2.81514000893,4917
2.81559181213,4916
2.81719398499,4915
2.81868290901,4914
2.82131695747,4913
2.82202577591,4912
2.82337784767,4911
2.82467794418,4910
2.82861089706,4909
2.83175897598,4908
2.83539891243,4907
2.83673095703,4906
2.83809995651,4905
2.83899188042,4904
2.83926892281,4903
2.83963894844,4902
2.83992481232,4901
2.84089589119,4900
2.84236884117,4899
2.8440079689,4898
2.84699392319,4897
2.84907078743,4896
2.84966993332,4895
2.8503677845,4894
2.8513739109,4893
2.85426878929,4892
2.85528898239,4891
2.85735082626,4890
2.85844898224,4889
2.86191177368,4888
2.86276483536,4887
2.86302089691,4886
2.86465883255,4885
2.86824679375,4884
2.87393188477,4883
2.87539792061,4882
2.87645697594,4881
2.87832188606,4880
2.87881994247,4879
2.87989592552,4878
2.88047981262,4877
2.88093400002,4876
2.8813188076,4875
2.88365292549,4874
2.88533782959,4873
2.88586091995,4872
2.88635396957,4871
2.88687396049,4870
2.89101099968,4869
2.89508700371,4868
2.89589881897,4867
2.89863681793,4866
2.90164995193,4865
2.90409684181,4864
2.90493583679,4863
2.91167998314,4862
2.91479277611,4861
2.91520094872,4860
2.91631889343,4859
2.92055296898,4858
2.92186594009,4857
2.9222099781,4856
2.92528986931,4855
2.92584991455,4854
2.92709994316,4853
2.9311709404,4852
2.93163585663,4851
2.93238377571,4850
2.93300199509,4849
2.935795784,4848
2.93629479408,4847
2.93858790398,4846
2.93938183784,4845
2.93974781036,4844
2.94024586678,4843
2.9422519207,4842
2.95009493828,4841
2.95109295845,4840
2.95315098763,4839
2.9537768364,4838
2.95517683029,4837
2.95571279526,4836
2.95904183388,4835
2.95955681801,4834
2.96130800247,4833
2.963367939,4832
2.96447896957,4831
2.96479678154,4830
2.96633791924,4829
2.96908783913,4828
2.9763379097,4827
2.97977685928,4826
2.98037385941,4825
2.98122692108,4824
2.98313379288,4823
2.98364186287,4822
2.98527383804,4821
2.98786592484,4820
2.98976778984,4819
2.99268698692,4818
2.99459886551,4817
2.99578499794,4816
3.00008797646,4815
3.00089478493,4814
3.00143694878,4813
3.00335383415,4812
3.00390481949,4811
3.00878977776,4810
3.00935077667,4809
3.01000881195,4808
3.01074385643,4807
3.01228284836,4806
3.01295685768,4805
3.01816391945,4804
3.02195692062,4803
3.02601480484,4802
3.02768683434,4801
3.0295779705,4800
3.03015995026,4799
3.03234100342,4798
3.0329887867,4797
3.03391599655,4796
3.03543996811,4795
3.03956484795,4794
3.04045796394,4793
3.04211497307,4792
3.0430958271,4791
3.04452800751,4790
3.04519081116,4789
3.0465669632,4788
3.04776191711,4787
3.04895877838,4786
3.05239391327,4785
3.05425286293,4784
3.05504393578,4783
3.05739378929,4782
3.05991196632,4781
3.06075787544,4780
3.06209397316,4779
3.06287288666,4778
3.0638589859,4777
3.0642619133,4776
3.06593394279,4775
3.06808781624,4774
3.06904578209,4773
3.07511878014,4772
3.08151984215,4771
3.08286499977,4770
3.08608078957,4769
3.09106779099,4768
3.09167385101,4767
3.09232592583,4766
3.09273195267,4765
3.09464597702,4764
3.09487390518,4763
3.09569883347,4762
3.09622979164,4761
3.09819698334,4760
3.0990447998,4759
3.09973287582,4758
3.09999585152,4757
3.1005089283,4756
3.10260391235,4755
3.10469388962,4754
3.11009788513,4753
3.11049485207,4752
3.11079883575,4751
3.11144590378,4750
3.11406898499,4749
3.11516594887,4748
3.11603283882,4747
3.12081289291,4746
3.12242984772,4745
3.12403893471,4744
3.12443494797,4743
3.12481594086,4742
3.12539696693,4741
3.12636089325,4740
3.12823581696,4739
3.13066792488,4738
3.13125491142,4737
3.13337087631,4736
3.13402581215,4735
3.13529682159,4734
3.13606786728,4733
3.1363928318,4732
3.13815784454,4731
3.14333581924,4730
3.14550280571,4729
3.14779686928,4728
3.14846086502,4727
3.14911198616,4726
3.14959287643,4725
3.15011882782,4724
3.15031194687,4723
3.15193581581,4722
3.15259695053,4721
3.15313696861,4720
3.15895986557,4719
3.15937185287,4718
3.16309285164,4717
3.16362094879,4716
3.16538381577,4715
3.17342877388,4714
3.17445683479,4713
3.17838287354,4712
3.17908787727,4711
3.18075299263,4710
3.18169498444,4709
3.18782877922,4708
3.1888589859,4707
3.19073295593,4706
3.19111299515,4705
3.19281888008,4704
3.19494080544,4703
3.19528698921,4702
3.20007586479,4701
3.21317791939,4700
3.21505594254,4699
3.21611380577,4698
3.21991491318,4697
3.22185897827,4696
3.22229385376,4695
3.22246193886,4694
3.22311687469,4693
3.22605895996,4692
3.22740697861,4691
3.22851085663,4690
3.22884988785,4689
3.23052000999,4688
3.23188996315,4687
3.23570179939,4686
3.23759579659,4685
3.2388420105,4684
3.24040293694,4683
3.24242401123,4682
3.24427986145,4681
3.24639487267,4680
3.25340485573,4679
3.25469779968,4678
3.25568580627,4677
3.25596094131,4676
3.25745797157,4675
3.26090097427,4674
3.26183581352,4673
3.26223397255,4672
3.2655248642,4671
3.267182827,4670
3.26824498177,4669
3.27402591705,4668
3.27615880966,4667
3.27689480782,4666
3.28064680099,4665
3.28629779816,4664
3.2874019146,4663
3.28875994682,4662
3.29173994064,4661
3.29258990288,4660
3.29564380646,4659
3.30082297325,4658
3.3068959713,4657
3.30760598183,4656
3.3128759861,4655
3.31396389008,4654
3.31544399261,4653
3.31612491608,4652
3.31878995895,4651
3.31988096237,4650
3.32074093819,4649
3.32437586784,4648
3.32529377937,4647
3.32570886612,4646
3.3262629509,4645
3.32719683647,4644
3.32980394363,4643
3.33325886726,4642
3.33500790596,4641
3.34179377556,4640
3.34357094765,4639
3.34659790993,4638
3.34799695015,4637
3.35063791275,4636
3.35100889206,4635
3.3526558876,4634
3.35436987877,4633
3.35485386848,4632
3.35610699654,4631
3.35945296288,4630
3.36145877838,4629
3.36173295975,4628
3.3634519577,4627
3.36570096016,4626
3.36612081528,4625
3.36869382858,4624
3.37212491035,4623
3.37248587608,4622
3.37353396416,4621
3.37723779678,4620
3.37864398956,4619
3.37986087799,4618
3.38163995743,4617
3.38228392601,4616
3.38283586502,4615
3.38798499107,4614
3.39162397385,4613
3.39194488525,4612
3.3928129673,4611
3.3931248188,4610
3.39351201057,4609
3.39551186562,4608
3.39706778526,4607
3.39871692657,4606
3.40046882629,4605
3.40223884583,4604
3.40465378761,4603
3.40681481361,4602
3.40939497948,4601
3.41121578217,4600
3.41327500343,4599
3.4151289463,4598
3.41663885117,4597
3.4197537899,4596
3.42007994652,4595
3.42130184174,4594
3.42197489738,4593
3.42341899872,4592
3.42640089989,4591
3.42773890495,4590
3.42848491669,4589
3.43151283264,4588
3.43207192421,4587
3.43287682533,4586
3.43780183792,4585
3.43963384628,4584
3.44008493423,4583
3.44042682648,4582
3.44269585609,4581
3.44454097748,4580
3.44500279427,4579
3.44552493095,4578
3.44724488258,4577
3.45037388802,4576
3.45349383354,4575
3.4552359581,4574
3.45568585396,4573
3.45609879494,4572
3.45833396912,4571
3.4620039463,4570
3.46299386024,4569
3.46571183205,4568
3.46630978584,4567
3.46862888336,4566
3.47129893303,4565
3.47175192833,4564
3.47283792496,4563
3.47354483604,4562
3.47394585609,4561
3.47946882248,4560
3.48446393013,4559
3.48738598824,4558
3.48939585686,4557
3.49467492104,4556
3.50253987312,4555
3.50371479988,4554
3.50663280487,4553
3.50777077675,4552
3.50861597061,4551
3.50898194313,4550
3.51117777824,4549
3.51420283318,4548
3.51442790031,4547
3.51516079903,4546
3.51839089394,4545
3.51933288574,4544
3.52091693878,4543
3.52320098877,4542
3.52407288551,4541
3.52541089058,4540
3.52601099014,4539
3.52653980255,4538
3.52890777588,4537
3.53076696396,4536
3.53112578392,4535
3.53350782394,4534
3.53643894196,4533
3.53680300713,4532
3.53836679459,4531
3.54001688957,4530
3.54035878181,4529
3.54345798492,4528
3.54395890236,4527
3.54543089867,4526
3.54665184021,4525
3.54696989059,4524
3.54878997803,4523
3.54921889305,4522
3.55115890503,4521
3.55139398575,4520
3.55179190636,4519
3.55462598801,4518
3.55501389503,4517
3.55600094795,4516
3.55774998665,4515
3.55902886391,4514
3.56641888618,4513
3.56748700142,4512
3.56962895393,4511
3.57140183449,4510
3.58035993576,4509
3.58391880989,4508
3.58513689041,4507
3.58660292625,4506
3.587266922,4505
3.58825588226,4504
3.59363794327,4503
3.59478282928,4502
3.59835886955,4501
3.60019278526,4500
3.60165500641,4499
3.60280489922,4498
3.603910923,4497
3.60613584518,4496
3.60649991035,4495
3.61159086227,4494
3.61522197723,4493
3.61729383469,4492
3.61807990074,4491
3.62130093575,4490
3.62450790405,4489
3.62656497955,4488
3.62699580193,4487
3.63215279579,4486
3.63714385033,4485
3.64009380341,4484
3.64073181152,4483
3.64137387276,4482
3.65004301071,4481
3.65144681931,4480
3.65185189247,4479
3.65295696259,4478
3.65493798256,4477
3.65641784668,4476
3.65705394745,4475
3.65777993202,4474
3.6582159996,4473
3.66064596176,4472
3.66084480286,4471
3.66198086739,4470
3.6663839817,4469
3.66698789597,4468
3.6715028286,4467
3.6761097908,4466
3.68423295021,4465
3.68719983101,4464
3.69036698341,4463
3.69113087654,4462
3.69232797623,4461
3.69351196289,4460
3.69432497025,4459
3.69520282745,4458
3.69878482819,4457
3.70037078857,4456
3.70095396042,4455
3.70412778854,4454
3.70454978943,4453
3.70976781845,4452
3.71306800842,4451
3.71454977989,4450
3.71574378014,4449
3.71804785728,4448
3.71834778786,4447
3.72220396996,4446
3.72469186783,4445
3.72735190392,4444
3.72826981544,4443
3.73013877869,4442
3.73052692413,4441
3.73466992378,4440
3.73533892632,4439
3.73609495163,4438
3.73689889908,4437
3.73960089684,4436
3.74231982231,4435
3.74287390709,4434
3.7442779541,4433
3.74583983421,4432
3.74705982208,4431
3.748295784,4430
3.7515668869,4429
3.75388598442,4428
3.75894880295,4427
3.76003599167,4426
3.76357483864,4425
3.77138185501,4424
3.77449393272,4423
3.77667379379,4422
3.77912282944,4421
3.78232097626,4420
3.78256177902,4419
3.78733301163,4418
3.79184579849,4417
3.79302597046,4416
3.79451990128,4415
3.79934477806,4414
3.80050396919,4413
3.8020927906,4412
3.80646681786,4411
3.80879187584,4410
3.81118893623,4409
3.81495285034,4408
3.81622385979,4407
3.81797480583,4406
3.81850194931,4405
3.82053899765,4404
3.82156991959,4403
3.82499980927,4402
3.82734799385,4401
3.82795095444,4400
3.82857489586,4399
3.82966899872,4398
3.83326292038,4397
3.83720397949,4396
3.83768081665,4395
3.83799481392,4394
3.83872199059,4393
3.83996582031,4392
3.84207487106,4391
3.84384584427,4390
3.84556794167,4389
3.84607601166,4388
3.85033798218,4387
3.85292100906,4386
3.85445189476,4385
3.8547809124,4384
3.85510778427,4383
3.8571498394,4382
3.85744190216,4381
3.85782289505,4380
3.86382699013,4379
3.86763596535,4378
3.86806082726,4377
3.87000989914,4376
3.87655186653,4375
3.88231682777,4374
3.88932585716,4373
3.88977980614,4372
3.89368391037,4371
3.8965909481,4370
3.89781785011,4369
3.89819693565,4368
3.90041995049,4367
3.90256381035,4366
3.90562200546,4365
3.90601181984,4364
3.90670084953,4363
3.91145396233,4362
3.9126329422,4361
3.91640400887,4360
3.91886401176,4359
3.92095088959,4358
3.92268490791,4357
3.92466783524,4356
3.92521977425,4355
3.93027591705,4354
3.93523693085,4353
3.93656396866,4352
3.94267177582,4351
3.95193195343,4350
3.95230197906,4349
3.95415782928,4348
3.95926380157,4347
3.960958004,4346
3.96281385422,4345
3.96595788002,4344
3.96923780441,4343
3.97152400017,4342
3.97171592712,4341
3.97224378586,4340
3.97314190865,4339
3.97353291512,4338
3.97390198708,4337
3.97450685501,4336
3.97753095627,4335
3.97896385193,4334
3.97989487648,4333
3.98448491096,4332
3.98867988586,4331
3.99301290512,4330
3.99551296234,4329
3.9960269928,4328
3.99768590927,4327
3.99823784828,4326
4.00025296211,4325
4.00302600861,4324
4.00338077545,4323
4.00445890427,4322
4.01345586777,4321
4.01590394974,4320
4.01749587059,4319
4.02292299271,4318
4.02438592911,4317
4.0254778862,4316
4.03468990326,4315
4.03729081154,4314
4.04026794434,4313
4.04598879814,4312
4.05102777481,4311
4.05435585976,4310
4.05567288399,4309
4.05620789528,4308
4.05747389793,4307
4.05898094177,4306
4.0605328083,4305
4.06202697754,4304
4.06315493584,4303
4.06472682953,4302
4.07011795044,4301
4.07083296776,4300
4.0712749958,4299
4.07159590721,4298
4.0736207962,4297
7.36127686501,4296
7.36646080017,4295
7.3675069809,4294
7.37277793884,4293
7.39426279068,4292
7.39715886116,4291
7.40863180161,4290
7.41204285622,4289
7.41879200935,4288
7.42178487778,4287
7.43486094475,4286
7.4426419735,4285
7.44555687904,4284
7.48718595505,4283
7.49771690369,4282
7.49817681313,4281
7.50201797485,4280
7.50718593597,4279
7.50753378868,4278
7.51600980759,4277
7.5229268074,4276
7.52658200264,4275
7.53482198715,4274
7.53734779358,4273
7.55543494225,4272
7.55582785606,4271
7.56607484818,4270
7.5738298893,4269
7.57889389992,4268
7.57928490639,4267
7.58249378204,4266
7.58586883545,4265
7.58739280701,4264
7.60141897202,4263
7.61356377602,4262
7.62290477753,4261
7.62418198586,4260
7.62468194962,4259
7.63414978981,4258
7.65148997307,4257
7.65588498116,4256
7.66278791428,4255
7.66321778297,4254
7.66698694229,4253
7.68235182762,4252
7.6898188591,4251
7.69134783745,4250
7.69262480736,4249
7.69714784622,4248
7.70153784752,4247
10.8938519955,4246
10.9041409492,4245
10.9162888527,4244
10.9189729691,4243
10.9205470085,4242
10.9333679676,4241
10.9390749931,4240
10.9456038475,4239
10.9471278191,4238
10.9507989883,4237
10.9537940025,4236
10.9597678185,4235
10.972055912,4234
10.9845509529,4233
10.9967188835,4232
10.9988799095,4231
11.0004367828,4230
11.0029098988,4229
11.0112547874,4228
11.0182259083,4227
11.0543599129,4226
11.0732707977,4225
11.0791769028,4224
11.0971689224,4223
11.0975418091,4222
11.099011898,4221
11.0999159813,4220
11.1120119095,4219
11.1397500038,4218
11.1457188129,4217
11.1512269974,4216
11.1717619896,4215
11.1753377914,4214
11.185600996,4213
11.1962428093,4212
11.205947876,4211
11.2374749184,4210
11.2515358925,4209
11.2590508461,4208
11.2781898975,4207
11.2882068157,4206
11.2909808159,4205
11.3042118549,4204
14.5805900097,4203
14.5837669373,4202
14.5962219238,4201
14.5996508598,4200
14.6014277935,4199
14.6128718853,4198
14.6199669838,4197
14.6212699413,4196
14.6219828129,4195
14.6609089375,4194
14.6665267944,4193
14.6670198441,4192
14.6718049049,4191
14.6880099773,4190
14.6902389526,4189
14.6971449852,4188
14.7103250027,4187
14.719329834,4186
14.7260708809,4185
14.7268989086,4184
14.7309908867,4183
14.7371358871,4182
14.7464158535,4181
14.7753689289,4180
14.7792949677,4179
14.7943749428,4178
14.7977769375,4177
14.8045988083,4176
14.80626297,4175
14.8162169456,4174
14.8583378792,4173
14.8761348724,4172
14.8825149536,4171
14.8954598904,4170
14.8994379044,4169
14.8999049664,4168
14.9013388157,4167
14.9270038605,4166
14.9494159222,4165
14.9569599628,4164
14.9591448307,4163
14.960231781,4162
18.4265978336,4161
18.4327008724,4160
18.4366078377,4159
18.4414739609,4158
18.4501647949,4157
18.4561638832,4156
18.4661598206,4155
18.4716198444,4154
18.4826228619,4153
18.4874379635,4152
21.6635119915,4151
21.6650729179,4150
21.6940689087,4149
21.6947479248,4148
21.7041709423,4147
21.7092978954,4146
21.7103798389,4145
21.7172548771,4144
21.718203783,4143
21.7251617908,4142
21.7274990082,4141
21.7476289272,4140
21.7513549328,4139
21.7785418034,4138
21.782435894,4137
21.8022158146,4136
21.8107538223,4135
21.8143877983,4134
21.8195118904,4133
21.8228240013,4132
21.828499794,4131
21.8343908787,4130
21.8364999294,4129
21.8378868103,4128
21.8462958336,4127
21.8722097874,4126
21.8915867805,4125
21.8922979832,4124
21.8975298405,4123
21.9051678181,4122
21.9127259254,4121
21.9178199768,4120
21.9245839119,4119
21.9358279705,4118
21.9404358864,4117
21.9522259235,4116
21.9533669949,4115
25.2030248642,4114
25.2087569237,4113
25.2348117828,4112
25.2419538498,4111
25.264964819,4110
25.2781758308,4109
25.2874059677,4108
25.3058269024,4107
25.3145349026,4106
25.3277947903,4105
25.3281497955,4104
25.3585119247,4103
25.3616108894,4102
25.3654580116,4101
25.367002964,4100
25.3774628639,4099
25.3796169758,4098
25.3811688423,4097
25.3822669983,4096
25.3848259449,4095
25.3858349323,4094
25.3888039589,4093
25.3915359974,4092
25.3963937759,4091
25.3967688084,4090
25.3988177776,4089
25.4126689434,4088
25.4148359299,4087
25.4180929661,4086
25.430300951,4085
28.8184218407,4084
28.8282048702,4083
28.842746973,4082
28.8546638489,4081
28.8606319427,4080
28.8612618446,4079
28.8691089153,4078
28.8738369942,4077
28.8821709156,4076
28.8862519264,4075
28.8891999722,4074
28.894015789,4073
28.9510757923,4072
32.4606559277,4071
32.4999518394,4070
32.5007128716,4069
32.5016288757,4068
32.519343853,4067
32.5217418671,4066
32.5266699791,4065
32.5271728039,4064
32.5401928425,4063
32.5602428913,4062
32.5625488758,4061
32.5747029781,4060
32.5780727863,4059
32.578540802,4058
32.5886068344,4057
32.5901420116,4056
36.2033178806,4055
36.2094519138,4054
36.2174317837,4053
39.668006897,4052
39.677423954,4051
39.6924448013,4050
43.2306818962,4049
43.2392668724,4048
43.242210865,4047
43.2447497845,4046
43.2481138706,4045
43.2505168915,4044
43.2798888683,4043
43.2838289738,4042
46.8049719334,4041
46.8069958687,4040
46.8098769188,4039
46.8124468327,4038
46.8196208477,4037
46.8309049606,4036
46.8389379978,4035
46.8522408009,4034
46.8702449799,4033
46.8789498806,4032
46.8808779716,4031
46.8877789974,4030
46.8961489201,4029
46.9001748562,4028
46.9145917892,4027
46.9195559025,4026
46.9286878109,4025
50.4477558136,4024
50.4549069405,4023
50.4573178291,4022
50.4628498554,4021
50.4680387974,4020
50.4747869968,4019
50.4757487774,4018
50.4867818356,4017
50.4932098389,4016
50.4970459938,4015
50.5104458332,4014
53.9521718025,4013
53.9617078304,4012
53.9625689983,4011
53.9735598564,4010
53.9843637943,4009
53.999655962,4008
54.0042479038,4007
57.4823858738,4006
57.4912958145,4005
57.4926028252,4004
57.4930839539,4003
57.5082108974,4002
57.5361068249,4001
57.5429279804,4000
57.5509579182,3999
64.8052899837,3998
64.808618784,3997
