0.0194399356842,7609
0.0200979709625,7608
0.0206100940704,7607
0.0209510326385,7606
0.0214631557465,7605
0.0220620632172,7604
0.0225541591644,7603
0.0229740142822,7602
0.0235691070557,7601
0.0241701602936,7600
0.0249869823456,7599
0.0257289409637,7598
0.0261991024017,7597
0.0266671180725,7596
0.0272879600525,7595
0.0280220508575,7594
0.0285470485687,7593
0.0289680957794,7592
0.0296461582184,7591
0.0302929878235,7590
0.0309901237488,7589
0.0315301418304,7588
0.0319640636444,7587
0.032534122467,7586
0.0331799983978,7585
0.0335640907288,7584
0.034117937088,7583
0.0346870422363,7582
0.0350430011749,7581
0.0354681015015,7580
0.0359420776367,7579
0.036365032196,7578
0.0367889404297,7577
0.0371141433716,7576
0.037467956543,7575
0.0377781391144,7574
0.0381410121918,7573
0.0385520458221,7572
0.038999080658,7571
0.039498090744,7570
0.0398831367493,7569
0.0402250289917,7568
0.0405311584473,7567
0.041032075882,7566
0.0413961410522,7565
0.0418810844421,7564
0.042149066925,7563
0.0425770282745,7562
0.0430250167847,7561
0.0435190200806,7560
0.0441300868988,7559
0.0446720123291,7558
0.0450210571289,7557
0.0453760623932,7556
0.0458450317383,7555
0.0462911128998,7554
0.0468580722809,7553
0.047219991684,7552
0.0476610660553,7551
0.0480501651764,7550
0.0483360290527,7549
0.0486550331116,7548
0.0489611625671,7547
0.0492739677429,7546
0.049553155899,7545
0.0500111579895,7544
0.0505771636963,7543
0.0511629581451,7542
0.0516259670258,7541
0.0520710945129,7540
0.052668094635,7539
0.0532009601593,7538
0.0535931587219,7537
0.05393409729,7536
0.0544559955597,7535
0.0549449920654,7534
0.0556380748749,7533
0.0562319755554,7532
0.0566930770874,7531
0.0572121143341,7530
0.0578811168671,7529
0.0583260059357,7528
0.0586590766907,7527
0.0590860843658,7526
0.0595681667328,7525
0.0600509643555,7524
0.0605480670929,7523
0.0613789558411,7522
0.0616660118103,7521
0.0622789859772,7520
0.0625531673431,7519
0.0629169940948,7518
0.0634050369263,7517
0.0636639595032,7516
0.0640380382538,7515
0.0649330615997,7514
0.0654301643372,7513
0.0661020278931,7512
0.0666930675507,7511
0.067202091217,7510
0.0677721500397,7509
0.0681660175323,7508
0.0687019824982,7507
0.0690090656281,7506
0.0695331096649,7505
0.0699219703674,7504
0.0703451633453,7503
0.0708069801331,7502
0.0714881420135,7501
0.0721290111542,7500
0.0725021362305,7499
0.0730781555176,7498
0.0737960338593,7497
0.0745670795441,7496
0.0751950740814,7495
0.0758309364319,7494
0.0763111114502,7493
0.0771839618683,7492
0.0782260894775,7491
0.0789461135864,7490
0.0796201229095,7489
0.0804109573364,7488
0.0807130336761,7487
0.081050157547,7486
0.0815181732178,7485
0.0819630622864,7484
0.0826630592346,7483
0.0835299491882,7482
0.0838651657104,7481
0.0844240188599,7480
0.0848760604858,7479
0.0860590934753,7478
0.0864820480347,7477
0.0868999958038,7476
0.0873579978943,7475
0.0878839492798,7474
0.0890100002289,7473
0.0893850326538,7472
0.0898950099945,7471
0.0904221534729,7470
0.0908920764923,7469
0.0912129878998,7468
0.0921790599823,7467
0.0927579402924,7466
0.0938849449158,7465
0.0945329666138,7464
0.0950880050659,7463
0.0953991413116,7462
0.0958349704742,7461
0.0965089797974,7460
0.0971691608429,7459
0.0974950790405,7458
0.097846031189,7457
0.0981681346893,7456
0.0988390445709,7455
0.0996520519257,7454
0.100173950195,7453
0.100631952286,7452
0.100957155228,7451
0.10133600235,7450
0.101722002029,7449
0.102385044098,7448
0.102921009064,7447
0.103497028351,7446
0.104100942612,7445
0.104491949081,7444
0.105394124985,7443
0.106337070465,7442
0.106969118118,7441
0.107558012009,7440
0.107972145081,7439
0.109070062637,7438
0.109843969345,7437
0.110978126526,7436
0.111463069916,7435
0.111971139908,7434
0.112471103668,7433
0.113074064255,7432
0.113746166229,7431
0.114177942276,7430
0.114671945572,7429
0.115059137344,7428
0.115409135818,7427
0.116080999374,7426
0.116843938828,7425
0.117191076279,7424
0.117989063263,7423
0.118270158768,7422
0.118546009064,7421
0.119096040726,7420
0.119598150253,7419
0.119874954224,7418
0.12033700943,7417
0.120952129364,7416
0.121466159821,7415
0.122015953064,7414
0.122498035431,7413
0.122799158096,7412
0.123536109924,7411
0.124127149582,7410
0.124565124512,7409
0.12565112114,7408
0.126305103302,7407
0.126675128937,7406
0.127035140991,7405
0.127954006195,7404
0.128448009491,7403
0.128858089447,7402
0.129282951355,7401
0.129673957825,7400
0.130043983459,7399
0.1304500103,7398
0.130825996399,7397
0.131327152252,7396
0.131900072098,7395
0.132167100906,7394
0.132750034332,7393
0.133083105087,7392
0.133389949799,7391
0.134029150009,7390
0.134595155716,7389
0.134907960892,7388
0.135710954666,7387
0.136073112488,7386
0.136465072632,7385
0.137102127075,7384
0.137489080429,7383
0.137827157974,7382
0.138434171677,7381
0.138859033585,7380
0.139225959778,7379
0.139508008957,7378
0.14008307457,7377
0.140584945679,7376
0.141077041626,7375
0.141752958298,7374
0.142258167267,7373
0.142621994019,7372
0.142943143845,7371
0.143486022949,7370
0.144018173218,7369
0.144382953644,7368
0.14532494545,7367
0.145683050156,7366
0.146289110184,7365
0.146759033203,7364
0.147097110748,7363
0.14736700058,7362
0.147789001465,7361
0.148257017136,7360
0.148597002029,7359
0.148899078369,7358
0.149376153946,7357
0.149760007858,7356
0.150165081024,7355
0.150665998459,7354
0.151191949844,7353
0.151811122894,7352
0.15229010582,7351
0.152697086334,7350
0.153138160706,7349
0.153969049454,7348
0.154286146164,7347
0.155022144318,7346
0.155570030212,7345
0.155831098557,7344
0.156152009964,7343
0.156680107117,7342
0.157331943512,7341
0.157768964767,7340
0.158558130264,7339
0.159456968307,7338
0.160261154175,7337
0.160758972168,7336
0.161096096039,7335
0.16156411171,7334
0.162981033325,7333
0.163334131241,7332
0.164236068726,7331
0.164535045624,7330
0.165043115616,7329
0.16547203064,7328
0.166627168655,7327
0.167380094528,7326
0.168262004852,7325
0.168905973434,7324
0.16935801506,7323
0.169744968414,7322
0.170006036758,7321
0.170669078827,7320
0.171218156815,7319
0.172517061234,7318
0.173197984695,7317
0.173920154572,7316
0.17437505722,7315
0.174844026566,7314
0.17530798912,7313
0.175799131393,7312
0.176718950272,7311
0.177287101746,7310
0.178374052048,7309
0.179253101349,7308
0.179799079895,7307
0.180360078812,7306
0.180894136429,7305
0.181473970413,7304
0.181900978088,7303
0.18280005455,7302
0.183413982391,7301
0.183820009232,7300
0.184242010117,7299
0.18479013443,7298
0.185212135315,7297
0.185683012009,7296
0.186118125916,7295
0.187031984329,7294
0.187299013138,7293
0.187818050385,7292
0.188148975372,7291
0.188639163971,7290
0.189568996429,7289
0.190099954605,7288
0.190577030182,7287
0.191100120544,7286
0.191470146179,7285
0.191782951355,7284
0.1921479702,7283
0.192674160004,7282
0.193588972092,7281
0.193990945816,7280
0.194384098053,7279
0.194806098938,7278
0.195286035538,7277
0.195611953735,7276
0.195911169052,7275
0.196681976318,7274
0.19708108902,7273
0.197622060776,7272
0.198439121246,7271
0.199016094208,7270
0.199294090271,7269
0.19971203804,7268
0.201240062714,7267
0.201761007309,7266
0.202114105225,7265
0.202451944351,7264
0.202978134155,7263
0.203396081924,7262
0.203808069229,7261
0.20422911644,7260
0.204493045807,7259
0.204861164093,7258
0.205358982086,7257
0.205691099167,7256
0.206737041473,7255
0.207276105881,7254
0.207646131516,7253
0.207971096039,7252
0.208413124084,7251
0.208743095398,7250
0.20952796936,7249
0.20982003212,7248
0.210299015045,7247
0.210862159729,7246
0.21142411232,7245
0.21225810051,7244
0.212644100189,7243
0.2131690979,7242
0.213685035706,7241
0.2141289711,7240
0.2144510746,7239
0.215358972549,7238
0.215708971024,7237
0.2160551548,7236
0.216742992401,7235
0.21710896492,7234
0.217518091202,7233
0.218717098236,7232
0.220180034637,7231
0.220700979233,7230
0.221387147903,7229
0.221812963486,7228
0.222722053528,7227
0.224001169205,7226
0.22491812706,7225
0.225229978561,7224
0.22579908371,7223
0.226629972458,7222
0.227221012115,7221
0.227981090546,7220
0.228920936584,7219
0.229344129562,7218
0.229710102081,7217
0.230005025864,7216
0.230961084366,7215
0.23162317276,7214
0.232164144516,7213
0.232531070709,7212
0.232865095139,7211
0.233263015747,7210
0.233621120453,7209
0.234019994736,7208
0.234442949295,7207
0.235234022141,7206
0.235726118088,7205
0.236350059509,7204
0.236722946167,7203
0.237138032913,7202
0.237679004669,7201
0.238284111023,7200
0.239156007767,7199
0.240235090256,7198
0.241248130798,7197
0.241956949234,7196
0.242418050766,7195
0.242810964584,7194
0.243303060532,7193
0.244032144547,7192
0.244799137115,7191
0.24520111084,7190
0.245454072952,7189
0.245793104172,7188
0.24613904953,7187
0.246659994125,7186
0.247100114822,7185
0.248095035553,7184
0.248481988907,7183
0.24906206131,7182
0.249420166016,7181
0.249742984772,7180
0.250075101852,7179
0.250476121902,7178
0.251091003418,7177
0.252064943314,7176
0.252562046051,7175
0.252897024155,7174
0.253360033035,7173
0.254152059555,7172
0.2546479702,7171
0.255187034607,7170
0.255769014359,7169
0.256191968918,7168
0.256618022919,7167
0.257193088531,7166
0.257677078247,7165
0.258448123932,7164
0.258984088898,7163
0.259580135345,7162
0.260015964508,7161
0.260319948196,7160
0.261067152023,7159
0.261418104172,7158
0.262062072754,7157
0.263319969177,7156
0.263954162598,7155
0.264420032501,7154
0.2650141716,7153
0.265543937683,7152
0.266145944595,7151
0.266620159149,7150
0.267074108124,7149
0.268067121506,7148
0.268663167953,7147
0.269317150116,7146
0.269926071167,7145
0.270188093185,7144
0.270604133606,7143
0.271161079407,7142
0.271721124649,7141
0.27217912674,7140
0.272622108459,7139
0.272984981537,7138
0.273479938507,7137
0.273954153061,7136
0.274440050125,7135
0.274938106537,7134
0.275300979614,7133
0.276669979095,7132
0.277148962021,7131
0.277611017227,7130
0.278537988663,7129
0.279495000839,7128
0.279956102371,7127
0.281070947647,7126
0.281883001328,7125
0.282784938812,7124
0.283518075943,7123
0.284330129623,7122
0.285154104233,7121
0.285820007324,7120
0.287094116211,7119
0.287698984146,7118
0.288193941116,7117
0.289345979691,7116
0.291018009186,7115
0.2918009758,7114
0.294005155563,7113
0.294547080994,7112
0.295318126678,7111
0.296368122101,7110
0.296715974808,7109
0.297047138214,7108
0.297719955444,7107
0.298079013824,7106
0.298550128937,7105
0.29883813858,7104
0.299575090408,7103
0.300085067749,7102
0.300487041473,7101
0.300940036774,7100
0.302943944931,7099
0.303504943848,7098
0.303763151169,7097
0.304226160049,7096
0.304588079453,7095
0.305112123489,7094
0.30571603775,7093
0.306100130081,7092
0.307104110718,7091
0.307535171509,7090
0.308215141296,7089
0.308797121048,7088
0.309766054153,7087
0.310225963593,7086
0.310642004013,7085
0.311226129532,7084
0.312299013138,7083
0.313179016113,7082
0.314335107803,7081
0.314728021622,7080
0.315178155899,7079
0.315761089325,7078
0.316060066223,7077
0.31667304039,7076
0.317187070847,7075
0.318534135818,7074
0.318988084793,7073
0.320081949234,7072
0.320630073547,7071
0.321006059647,7070
0.321566104889,7069
0.32222700119,7068
0.322641134262,7067
0.324434041977,7066
0.325674057007,7065
0.326614141464,7064
0.328245162964,7063
0.329046010971,7062
0.329426050186,7061
0.329880952835,7060
0.330431938171,7059
0.330975055695,7058
0.331912994385,7057
0.332823038101,7056
0.333155155182,7055
0.33359003067,7054
0.334306001663,7053
0.334921121597,7052
0.335308074951,7051
0.335941076279,7050
0.337510108948,7049
0.338042020798,7048
0.338359117508,7047
0.338881015778,7046
0.339377164841,7045
0.339780092239,7044
0.340078115463,7043
0.340573072433,7042
0.340917110443,7041
0.341740131378,7040
0.342247962952,7039
0.344380140305,7038
0.347535133362,7037
0.348083019257,7036
0.34846496582,7035
0.348793029785,7034
0.349296092987,7033
0.350288152695,7032
0.350932121277,7031
0.351493120193,7030
0.351880073547,7029
0.352488994598,7028
0.353074073792,7027
0.353357076645,7026
0.354239940643,7025
0.354836940765,7024
0.355347156525,7023
0.357362985611,7022
0.357764005661,7021
0.358211040497,7020
0.358525037766,7019
0.358911037445,7018
0.359361171722,7017
0.360591173172,7016
0.361763954163,7015
0.362084150314,7014
0.362514972687,7013
0.362843990326,7012
0.363388061523,7011
0.363811969757,7010
0.364252090454,7009
0.364819049835,7008
0.365275144577,7007
0.365658044815,7006
0.366129159927,7005
0.366625070572,7004
0.367658138275,7003
0.368447065353,7002
0.369075059891,7001
0.369518995285,7000
0.370063066483,6999
0.370344161987,6998
0.37065410614,6997
0.370978116989,6996
0.371613025665,6995
0.371991157532,6994
0.372364997864,6993
0.373147964478,6992
0.374585151672,6991
0.375143051147,6990
0.376076936722,6989
0.377555131912,6988
0.378061056137,6987
0.378771066666,6986
0.379078149796,6985
0.379400014877,6984
0.379822969437,6983
0.380367040634,6982
0.3812520504,6981
0.382107973099,6980
0.382486104965,6979
0.382992982864,6978
0.383567094803,6977
0.385069131851,6976
0.386579036713,6975
0.387318134308,6974
0.388111114502,6973
0.388690948486,6972
0.389569044113,6971
0.390205144882,6970
0.390972137451,6969
0.391960144043,6968
0.392609119415,6967
0.393799066544,6966
0.394526958466,6965
0.395159006119,6964
0.395852088928,6963
0.396412134171,6962
0.396866083145,6961
0.397938013077,6960
0.399244070053,6959
0.399925947189,6958
0.400704145432,6957
0.402197122574,6956
0.402632951736,6955
0.403334140778,6954
0.40461397171,6953
0.404904127121,6952
0.405560016632,6951
0.406219005585,6950
0.407428026199,6949
0.408385038376,6948
0.408836126328,6947
0.409140110016,6946
0.409861087799,6945
0.4103910923,6944
0.411549091339,6943
0.41218495369,6942
0.413130044937,6941
0.413646936417,6940
0.414374113083,6939
0.414693117142,6938
0.415377140045,6937
0.415843963623,6936
0.416320085526,6935
0.416944026947,6934
0.417279005051,6933
0.417582988739,6932
0.418290138245,6931
0.419144153595,6930
0.419554948807,6929
0.420179128647,6928
0.421235084534,6927
0.421671152115,6926
0.421987056732,6925
0.422899007797,6924
0.423340082169,6923
0.423916101456,6922
0.424345970154,6921
0.424900054932,6920
0.425192117691,6919
0.426052093506,6918
0.42685008049,6917
0.427649021149,6916
0.428853988647,6915
0.429228067398,6914
0.430470943451,6913
0.430765151978,6912
0.431327104568,6911
0.432104110718,6910
0.432525157928,6909
0.433068037033,6908
0.433752059937,6907
0.434260129929,6906
0.435065031052,6905
0.435620069504,6904
0.436062097549,6903
0.436325073242,6902
0.436681985855,6901
0.437787055969,6900
0.43840098381,6899
0.439154148102,6898
0.439932107925,6897
0.440438985825,6896
0.44077205658,6895
0.441509962082,6894
0.44181394577,6893
0.442646026611,6892
0.443523168564,6891
0.444092035294,6890
0.444354057312,6889
0.444756031036,6888
0.445157051086,6887
0.445688962936,6886
0.446403026581,6885
0.446731090546,6884
0.447003126144,6883
0.44787812233,6882
0.448414087296,6881
0.448835134506,6880
0.450176000595,6879
0.451537132263,6878
0.452836990356,6877
0.454302072525,6876
0.454736948013,6875
0.455347061157,6874
0.456244945526,6873
0.457215070724,6872
0.458258152008,6871
0.458599090576,6870
0.459416151047,6869
0.460839986801,6868
0.461303949356,6867
0.461922168732,6866
0.46406006813,6865
0.464638948441,6864
0.465224981308,6863
0.465512990952,6862
0.466089963913,6861
0.467074155807,6860
0.467744112015,6859
0.468436002731,6858
0.468789100647,6857
0.469999074936,6856
0.470488071442,6855
0.470983982086,6854
0.471513986588,6853
0.47199511528,6852
0.47288608551,6851
0.473305940628,6850
0.474025964737,6849
0.47514295578,6848
0.475603103638,6847
0.476108074188,6846
0.476490974426,6845
0.477564096451,6844
0.478511095047,6843
0.479428052902,6842
0.479779958725,6841
0.480757951736,6840
0.481745004654,6839
0.483602046967,6838
0.48436498642,6837
0.484925031662,6836
0.485749006271,6835
0.486045122147,6834
0.486442089081,6833
0.487185001373,6832
0.48760509491,6831
0.488826036453,6830
0.489388942719,6829
0.489887952805,6828
0.490574121475,6827
0.495459079742,6826
0.496616125107,6825
0.497141122818,6824
0.497497081757,6823
0.498020172119,6822
0.500229120255,6821
0.500524997711,6820
0.500936985016,6819
0.501889944077,6818
0.502285957336,6817
0.502676963806,6816
0.505051136017,6815
0.506057024002,6814
0.506366968155,6813
0.507220029831,6812
0.508178949356,6811
0.508682966232,6810
0.509498119354,6809
0.51016497612,6808
0.51084113121,6807
0.511216163635,6806
0.512850046158,6805
0.513404130936,6804
0.513690948486,6803
0.514251947403,6802
0.51478600502,6801
0.515440940857,6800
0.516087055206,6799
0.516746997833,6798
0.517230987549,6797
0.517728090286,6796
0.518543958664,6795
0.519052028656,6794
0.519690990448,6793
0.520565032959,6792
0.521203041077,6791
0.521829128265,6790
0.522608995438,6789
0.523326158524,6788
0.52426815033,6787
0.525197029114,6786
0.525613069534,6785
0.526242017746,6784
0.527132987976,6783
0.528076171875,6782
0.528810024261,6781
0.529303073883,6780
0.530605077744,6779
0.531481981277,6778
0.531876087189,6777
0.532389163971,6776
0.532776117325,6775
0.533285140991,6774
0.534049034119,6773
0.534744977951,6772
0.535622119904,6771
0.537089109421,6770
0.537604093552,6769
0.540595054626,6768
0.541666984558,6767
0.542469024658,6766
0.543082952499,6765
0.543658971786,6764
0.54474902153,6763
0.546282052994,6762
0.546879053116,6761
0.547384023666,6760
0.547814130783,6759
0.548309087753,6758
0.548871040344,6757
0.549291133881,6756
0.549852132797,6755
0.550215959549,6754
0.551229000092,6753
0.552457094193,6752
0.552778959274,6751
0.553091049194,6750
0.55437707901,6749
0.555802106857,6748
0.556220054626,6747
0.55655002594,6746
0.557434082031,6745
0.558357954025,6744
0.558992147446,6743
0.560151100159,6742
0.561714172363,6741
0.562215089798,6740
0.5631711483,6739
0.563923120499,6738
0.564277172089,6737
0.565435171127,6736
0.566349983215,6735
0.567594051361,6734
0.568020105362,6733
0.568480968475,6732
0.569375991821,6731
0.569862127304,6730
0.570444107056,6729
0.571040153503,6728
0.572690010071,6727
0.573519945145,6726
0.574095010757,6725
0.575927019119,6724
0.576696157455,6723
0.577206134796,6722
0.578101158142,6721
0.578983068466,6720
0.579329013824,6719
0.580229043961,6718
0.580739021301,6717
0.581202983856,6716
0.581701993942,6715
0.583601951599,6714
0.583913087845,6713
0.585018157959,6712
0.585572957993,6711
0.585909128189,6710
0.586384057999,6709
0.587470054626,6708
0.588335990906,6707
0.589236974716,6706
0.589620113373,6705
0.59041595459,6704
0.591248989105,6703
0.591972112656,6702
0.592573165894,6701
0.593093156815,6700
0.593599081039,6699
0.594414949417,6698
0.594686985016,6697
0.595013141632,6696
0.595335960388,6695
0.597166061401,6694
0.597841978073,6693
0.598299026489,6692
0.59880399704,6691
0.599524974823,6690
0.59990811348,6689
0.600268125534,6688
0.601465940475,6687
0.601998090744,6686
0.602583169937,6685
0.603024959564,6684
0.603425979614,6683
0.605313062668,6682
0.60576415062,6681
0.60634303093,6680
0.60710310936,6679
0.607653141022,6678
0.607990980148,6677
0.608653068542,6676
0.610248088837,6675
0.61067199707,6674
0.611029148102,6673
0.611853122711,6672
0.612241983414,6671
0.612736940384,6670
0.613492965698,6669
0.614909172058,6668
0.615797042847,6667
0.616171121597,6666
0.616433143616,6665
0.617539167404,6664
0.619112014771,6663
0.619657039642,6662
0.620099067688,6661
0.620465040207,6660
0.621245145798,6659
0.62192606926,6658
0.6227850914,6657
0.623561143875,6656
0.624760150909,6655
0.62526512146,6654
0.626405000687,6653
0.62694811821,6652
0.627556085587,6651
0.628092050552,6650
0.628998994827,6649
0.630432128906,6648
0.631335020065,6647
0.631903171539,6646
0.633110046387,6645
0.633543014526,6644
0.634227991104,6643
0.635328054428,6642
0.63605093956,6641
0.636635065079,6640
0.637274026871,6639
0.638084173203,6638
0.639125108719,6637
0.63944196701,6636
0.640079021454,6635
0.640527963638,6634
0.641231060028,6633
0.642639160156,6632
0.645171165466,6631
0.645661115646,6630
0.646532058716,6629
0.647629976273,6628
0.648318052292,6627
0.64901304245,6626
0.649585962296,6625
0.650005102158,6624
0.651133060455,6623
0.652838945389,6622
0.653548955917,6621
0.655116081238,6620
0.65620803833,6619
0.657289981842,6618
0.658017158508,6617
0.65832400322,6616
0.658888101578,6615
0.660166025162,6614
0.66074514389,6613
0.661182165146,6612
0.662729024887,6611
0.663505077362,6610
0.664055109024,6609
0.66451215744,6608
0.66495513916,6607
0.665577173233,6606
0.666002035141,6605
0.667543172836,6604
0.66876411438,6603
0.669909000397,6602
0.670449018478,6601
0.67095208168,6600
0.671937942505,6599
0.672605037689,6598
0.674823045731,6597
0.675928115845,6596
0.67657995224,6595
0.677495002747,6594
0.678275108337,6593
0.678730964661,6592
0.679651021957,6591
0.681833028793,6590
0.682386159897,6589
0.683071136475,6588
0.685096025467,6587
0.687066078186,6586
0.687427997589,6585
0.688364028931,6584
0.689226150513,6583
0.689877986908,6582
0.691106081009,6581
0.691811084747,6580
0.692296981812,6579
0.692595005035,6578
0.693325996399,6577
0.693854093552,6576
0.694700956345,6575
0.696124076843,6574
0.696807146072,6573
0.698254108429,6572
0.699062108994,6571
0.699723005295,6570
0.700550079346,6569
0.701416969299,6568
0.703065156937,6567
0.70406293869,6566
0.704542160034,6565
0.705693006516,6564
0.707033157349,6563
0.708030939102,6562
0.709306001663,6561
0.709762096405,6560
0.712594985962,6559
0.714208126068,6558
0.714797973633,6557
0.715870141983,6556
0.716371059418,6555
0.717015981674,6554
0.717970132828,6553
0.718332052231,6552
0.719179153442,6551
0.720143079758,6550
0.72047495842,6549
0.720736026764,6548
0.721029043198,6547
0.721897125244,6546
0.722695112228,6545
0.723540067673,6544
0.724318981171,6543
0.725275039673,6542
0.725716114044,6541
0.726253032684,6540
0.726745128632,6539
0.727327108383,6538
0.727785110474,6537
0.729288101196,6536
0.729971170425,6535
0.730283021927,6534
0.730985164642,6533
0.731565952301,6532
0.732110023499,6531
0.733222961426,6530
0.7340259552,6529
0.736266136169,6528
0.737149953842,6527
0.738140106201,6526
0.738497972488,6525
0.738988161087,6524
0.739586114883,6523
0.740734100342,6522
0.741318941116,6521
0.741984128952,6520
0.742659091949,6519
0.743309020996,6518
0.744611024857,6517
0.74515914917,6516
0.74569606781,6515
0.74643611908,6514
0.746942996979,6513
0.748231172562,6512
0.748569965363,6511
0.748911142349,6510
0.749951124191,6509
0.751832008362,6508
0.753186941147,6507
0.753699064255,6506
0.754863977432,6505
0.757035970688,6504
0.759511947632,6503
0.760914087296,6502
0.763076066971,6501
0.763556957245,6500
0.763910055161,6499
0.76430106163,6498
0.765115022659,6497
0.76558804512,6496
0.767300128937,6495
0.767775058746,6494
0.768335103989,6493
0.7688601017,6492
0.771003007889,6491
0.771867990494,6490
0.772513151169,6489
0.773508071899,6488
0.773959159851,6487
0.774326086044,6486
0.775465011597,6485
0.776745080948,6484
0.777111053467,6483
0.778239011765,6482
0.778702020645,6481
0.779215097427,6480
0.780293941498,6479
0.780588150024,6478
0.780956029892,6477
0.781387090683,6476
0.784343004227,6475
0.785447120667,6474
0.786020994186,6473
0.787556171417,6472
0.78835105896,6471
0.788786172867,6470
0.790261983871,6469
0.790677070618,6468
0.792729139328,6467
0.793133974075,6466
0.794075965881,6465
0.794477939606,6464
0.796426057816,6463
0.796864032745,6462
0.79749417305,6461
0.79861998558,6460
0.799924135208,6459
0.802173137665,6458
0.803163051605,6457
0.804425001144,6456
0.805675029755,6455
0.807269096375,6454
0.807844161987,6453
0.808901071548,6452
0.810431957245,6451
0.810964107513,6450
0.812309980392,6449
0.813891172409,6448
0.814420938492,6447
0.815677165985,6446
0.816066026688,6445
0.817006111145,6444
0.81750702858,6443
0.820204019547,6442
0.820796012878,6441
0.82220697403,6440
0.822700977325,6439
0.823627948761,6438
0.824083089828,6437
0.825176954269,6436
0.827485084534,6435
0.828273057938,6434
0.828675031662,6433
0.829623937607,6432
0.830361127853,6431
0.831911087036,6430
0.833264112473,6429
0.834154129028,6428
0.83518910408,6427
0.836337089539,6426
0.837989091873,6425
0.838477134705,6424
0.839822053909,6423
0.840739965439,6422
0.841856002808,6421
0.844635009766,6420
0.845919132233,6419
0.847459077835,6418
0.848822116852,6417
0.849143981934,6416
0.850214958191,6415
0.850805997849,6414
0.8541431427,6413
0.85492515564,6412
0.855525970459,6411
0.856505155563,6410
0.858272075653,6409
0.859127044678,6408
0.860044956207,6407
0.860577106476,6406
0.861076116562,6405
0.864082098007,6404
0.864563941956,6403
0.864997148514,6402
0.865503072739,6401
0.865945100784,6400
0.867318153381,6399
0.868844985962,6398
0.87042593956,6397
0.87224817276,6396
0.872735977173,6395
0.873378038406,6394
0.874321937561,6393
0.875668048859,6392
0.87623000145,6391
0.877557992935,6390
0.878034114838,6389
0.879109144211,6388
0.880080938339,6387
0.880399942398,6386
0.88133597374,6385
0.881716966629,6384
0.883317947388,6383
0.883876085281,6382
0.885133981705,6381
0.885625123978,6380
0.886137008667,6379
0.887506961823,6378
0.888147115707,6377
0.889086961746,6376
0.889733076096,6375
0.892348051071,6374
0.893481969833,6373
0.894006967545,6372
0.894262075424,6371
0.896064996719,6370
0.896471977234,6369
0.89684510231,6368
0.897770166397,6367
0.898365974426,6366
0.900091171265,6365
0.900463104248,6364
0.900923967361,6363
0.901601076126,6362
0.903242111206,6361
0.903620958328,6360
0.904428005219,6359
0.905096054077,6358
0.905431985855,6357
0.905991077423,6356
0.907402038574,6355
0.908023118973,6354
0.908894062042,6353
0.909482002258,6352
0.9112200737,6351
0.911623001099,6350
0.91300702095,6349
0.915686130524,6348
0.916692972183,6347
0.919758081436,6346
0.921581983566,6345
0.922565937042,6344
0.923269033432,6343
0.925160169601,6342
0.925410985947,6341
0.926232099533,6340
0.92653298378,6339
0.927237033844,6338
0.927839040756,6337
0.928502082825,6336
0.929073095322,6335
0.930406093597,6334
0.931146144867,6333
0.931468963623,6332
0.932574033737,6331
0.932886123657,6330
0.934473991394,6329
0.935260057449,6328
0.93602013588,6327
0.936522006989,6326
0.937365055084,6325
0.938229084015,6324
0.939241170883,6323
0.940006017685,6322
0.940328121185,6321
0.940701961517,6320
0.941007137299,6319
0.941534042358,6318
0.942125082016,6317
0.942620038986,6316
0.942942142487,6315
0.944167137146,6314
0.945680141449,6313
0.946388959885,6312
0.947102069855,6311
0.947427988052,6310
0.947921037674,6309
0.948861122131,6308
0.949478149414,6307
0.950221061707,6306
0.952527999878,6305
0.953619003296,6304
0.95406293869,6303
0.95471906662,6302
0.955976009369,6301
0.957103967667,6300
0.958358049393,6299
0.959294080734,6298
0.959841012955,6297
0.9609811306,6296
0.963278055191,6295
0.964017152786,6294
0.965909004211,6293
0.966706037521,6292
0.968178033829,6291
0.968956947327,6290
0.969609022141,6289
0.973623037338,6288
0.974468946457,6287
0.975352048874,6286
0.975734949112,6285
0.978054046631,6284
0.978989124298,6283
0.982749938965,6282
0.983195066452,6281
0.986730098724,6280
0.987272977829,6279
0.987807035446,6278
0.988258123398,6277
0.989498138428,6276
0.989768981934,6275
0.990612030029,6274
0.991079092026,6273
0.991613149643,6272
0.992336988449,6271
0.992587089539,6270
0.993736982346,6269
0.996387958527,6268
0.99808716774,6267
0.999367952347,6266
0.999902009964,6265
1.00151705742,6264
1.00261116028,6263
1.00365614891,6262
1.00428009033,6261
1.00485301018,6260
1.00561714172,6259
1.00664710999,6258
1.00933408737,6257
1.00991797447,6256
1.01032209396,6255
1.0106780529,6254
1.01101994514,6253
1.01169109344,6252
1.01216197014,6251
1.0128929615,6250
1.01344299316,6249
1.01429104805,6248
1.01499009132,6247
1.01578307152,6246
1.01662516594,6245
1.01698803902,6244
1.0178771019,6243
1.01855111122,6242
1.01973295212,6241
1.02019309998,6240
1.02141094208,6239
1.02196002007,6238
1.02241396904,6237
1.02964305878,6236
1.03049516678,6235
1.03101801872,6234
1.03250694275,6233
1.03436017036,6232
1.03519797325,6231
1.03572702408,6230
1.03745603561,6229
1.03919911385,6228
1.03974509239,6227
1.04014396667,6226
1.0409309864,6225
1.0418009758,6224
1.04276704788,6223
1.0437130928,6222
1.04494810104,6221
1.04534697533,6220
1.04600596428,6219
1.04786109924,6218
1.04844307899,6217
1.04905104637,6216
1.0504591465,6215
1.05111312866,6214
1.05160903931,6213
1.05548214912,6212
1.05588698387,6211
1.05658698082,6210
1.05736899376,6209
1.06062197685,6208
1.06374597549,6207
1.06443405151,6206
1.06647896767,6205
1.06744813919,6204
1.0691781044,6203
1.07010102272,6202
1.07084798813,6201
1.07150411606,6200
1.07342410088,6199
1.07382512093,6198
1.07666611671,6197
1.0795071125,6196
1.0801460743,6195
1.08120298386,6194
1.08162403107,6193
1.08195304871,6192
1.08234000206,6191
1.0828101635,6190
1.08323717117,6189
1.08359909058,6188
1.08497405052,6187
1.08727502823,6186
1.0879149437,6185
1.0881960392,6184
1.08910703659,6183
1.0895409584,6182
1.09011602402,6181
1.09143614769,6180
1.0923140049,6179
1.09382009506,6178
1.09624695778,6177
1.09700012207,6176
1.09811496735,6175
1.09870195389,6174
1.0990960598,6173
1.09960198402,6172
1.09985995293,6171
1.10033798218,6170
1.10131406784,6169
1.10156297684,6168
1.10356616974,6167
1.10490512848,6166
1.10519599915,6165
1.10567808151,6164
1.10640597343,6163
1.1074359417,6162
1.10797309875,6161
1.10935807228,6160
1.11004495621,6159
1.11039209366,6158
1.11150217056,6157
1.11190414429,6156
1.11263394356,6155
1.11303305626,6154
1.11427617073,6153
1.11499810219,6152
1.11726307869,6151
1.11918306351,6150
1.11968898773,6149
1.12078809738,6148
1.12125515938,6147
1.12178707123,6146
1.12217211723,6145
1.12296199799,6144
1.12410616875,6143
1.12553501129,6142
1.12601399422,6141
1.12636709213,6140
1.12745404243,6139
1.12921094894,6138
1.13066506386,6137
1.13243603706,6136
1.13308095932,6135
1.13413715363,6134
1.13474297523,6133
1.13522100449,6132
1.1359910965,6131
1.13709211349,6130
1.13758897781,6129
1.13825106621,6128
1.13901400566,6127
1.13972806931,6126
1.1409330368,6125
1.14145708084,6124
1.14235496521,6123
1.1434211731,6122
1.1446750164,6121
1.14583802223,6120
1.1462430954,6119
1.14672613144,6118
1.14705610275,6117
1.1475520134,6116
1.14884805679,6115
1.14927697182,6114
1.15046405792,6113
1.15132308006,6112
1.15237808228,6111
1.15289998055,6110
1.15637111664,6109
1.15733194351,6108
1.15778398514,6107
1.15854811668,6106
1.1599149704,6105
1.16405200958,6104
1.16446614265,6103
1.16496014595,6102
1.16563510895,6101
1.16673994064,6100
1.16741013527,6099
1.1692969799,6098
1.17190408707,6097
1.17333602905,6096
1.17583203316,6095
1.1762881279,6094
1.17948412895,6093
1.18112206459,6092
1.18176102638,6091
1.18277716637,6090
1.18443012238,6089
1.18479394913,6088
1.18710494041,6087
1.1875140667,6086
1.18872213364,6085
1.18944716454,6084
1.19349098206,6083
1.19460511208,6082
1.19505214691,6081
1.19561100006,6080
1.19641304016,6079
1.19705295563,6078
1.19770503044,6077
1.19953608513,6076
1.2007920742,6075
1.2016980648,6074
1.20289802551,6073
1.20354795456,6072
1.20449113846,6071
1.20820212364,6070
1.20943212509,6069
1.21031713486,6068
1.21121501923,6067
1.21173095703,6066
1.21395611763,6065
1.21598410606,6064
1.21700906754,6063
1.21833300591,6062
1.21883201599,6061
1.2208981514,6060
1.22190308571,6059
1.22236609459,6058
1.22381305695,6057
1.2243001461,6056
1.22476410866,6055
1.2262699604,6054
1.22691512108,6053
1.22919917107,6052
1.23257899284,6051
1.23352813721,6050
1.23422002792,6049
1.23531007767,6048
1.2361330986,6047
1.23709702492,6046
1.23771500587,6045
1.23977398872,6044
1.24021100998,6043
1.24077606201,6042
1.24134802818,6041
1.24500107765,6040
1.24593710899,6039
1.25056004524,6038
1.25099515915,6037
1.25199604034,6036
1.25302314758,6035
1.25362014771,6034
1.25512099266,6033
1.25580406189,6032
1.25625705719,6031
1.25691199303,6030
1.25850605965,6029
1.26326012611,6028
1.26411914825,6027
1.26473498344,6026
1.26522302628,6025
1.266726017,6024
1.26740407944,6023
1.26877117157,6022
1.26992702484,6021
1.27106809616,6020
1.27236294746,6019
1.27428603172,6018
1.27572107315,6017
1.27714896202,6016
1.27903795242,6015
1.27982711792,6014
1.28046298027,6013
1.280823946,6012
1.28172206879,6011
1.28252696991,6010
1.28294706345,6009
1.28331208229,6008
1.28446507454,6007
1.28550601006,6006
1.28583812714,6005
1.28714704514,6004
1.28761005402,6003
1.28867101669,6002
1.2918510437,6001
1.29255700111,6000
1.29310703278,5999
1.29383897781,5998
1.29506516457,5997
1.29546093941,5996
1.29603409767,5995
1.29638409615,5994
1.29730701447,5993
1.29833197594,5992
1.30102801323,5991
1.30269813538,5990
1.30505394936,5989
1.30748200417,5988
1.30945801735,5987
1.31107997894,5986
1.31137609482,5985
1.31303095818,5984
1.3133161068,5983
1.31481194496,5982
1.31843495369,5981
1.31970214844,5980
1.32195901871,5979
1.32370305061,5978
1.32416605949,5977
1.32520103455,5976
1.32716608047,5975
1.32756209373,5974
1.32881712914,5973
1.32965707779,5972
1.32994914055,5971
1.33073496819,5970
1.33244204521,5969
1.33375406265,5968
1.33624696732,5967
1.33764815331,5966
1.338504076,5965
1.33996701241,5964
1.3418340683,5963
1.3428800106,5962
1.3460791111,5961
1.34817814827,5960
1.34851312637,5959
1.34950399399,5958
1.35101795197,5957
1.35144209862,5956
1.35295510292,5955
1.35335803032,5954
1.3550350666,5953
1.35666012764,5952
1.35739207268,5951
1.35781311989,5950
1.35836410522,5949
1.36012601852,5948
1.3608341217,5947
1.36179494858,5946
1.36290717125,5945
1.36335515976,5944
1.36505007744,5943
1.36589312553,5942
1.3670771122,5941
1.36751103401,5940
1.36802101135,5939
1.36836004257,5938
1.36967110634,5937
1.37372899055,5936
1.37498211861,5935
1.3757481575,5934
1.37761211395,5933
1.37810111046,5932
1.37866616249,5931
1.38020014763,5930
1.38164710999,5929
1.38244199753,5928
1.38334703445,5927
1.38417601585,5926
1.38567495346,5925
1.38896203041,5924
1.39013910294,5923
1.3912820816,5922
1.39209794998,5921
1.39311408997,5920
1.3958940506,5919
1.39741897583,5918
1.39801096916,5917
1.39891910553,5916
1.39977312088,5915
1.40128302574,5914
1.40165615082,5913
1.40194916725,5912
1.40266108513,5911
1.4031291008,5910
1.40438914299,5909
1.40467500687,5908
1.40577697754,5907
1.40969204903,5906
1.41115307808,5905
1.41168212891,5904
1.41224098206,5903
1.41337108612,5902
1.41446995735,5901
1.41848707199,5900
1.41930603981,5899
1.4198319912,5898
1.42083501816,5897
1.4233109951,5896
1.42391896248,5895
1.426623106,5894
1.42694497108,5893
1.42748498917,5892
1.42781710625,5891
1.42819809914,5890
1.43004608154,5889
1.43033695221,5888
1.43098306656,5887
1.43197703362,5886
1.43243598938,5885
1.43287706375,5884
1.43370699883,5883
1.43422198296,5882
1.43540215492,5881
1.43641495705,5880
1.4368751049,5879
1.43753099442,5878
1.43922901154,5877
1.44245696068,5876
1.4440331459,5875
1.44679117203,5874
1.44797801971,5873
1.4485449791,5872
1.45242214203,5871
1.45351600647,5870
1.4540951252,5869
1.45448708534,5868
1.45529508591,5867
1.4570081234,5866
1.46029496193,5865
1.46066403389,5864
1.46102499962,5863
1.46393799782,5862
1.46445202827,5861
1.46503615379,5860
1.46747708321,5859
1.46804213524,5858
1.46875500679,5857
1.4691259861,5856
1.4699151516,5855
1.47066903114,5854
1.47097301483,5853
1.47136116028,5852
1.47267699242,5851
1.47317099571,5850
1.47361516953,5849
1.47417497635,5848
1.47447514534,5847
1.47489094734,5846
1.47548103333,5845
1.47577500343,5844
1.47622704506,5843
1.47676110268,5842
1.47712397575,5841
1.47833395004,5840
1.47967100143,5839
1.48043513298,5838
1.48079395294,5837
1.4831161499,5836
1.48417210579,5835
1.48467612267,5834
1.48587393761,5833
1.48662400246,5832
1.48708295822,5831
1.48837208748,5830
1.48910593987,5829
1.48962807655,5828
1.49010515213,5827
1.49278497696,5826
1.49402499199,5825
1.49498105049,5824
1.49536800385,5823
1.49732899666,5822
1.49997115135,5821
1.50045394897,5820
1.50411605835,5819
1.5050880909,5818
1.50896716118,5817
1.50987410545,5816
1.51039505005,5815
1.51108503342,5814
1.51289200783,5813
1.51485514641,5812
1.51535105705,5811
1.51695299149,5810
1.51743912697,5809
1.51785802841,5808
1.51833605766,5807
1.52102994919,5806
1.52216911316,5805
1.52420306206,5804
1.52501106262,5803
1.52639102936,5802
1.52792406082,5801
1.53439307213,5800
1.53514099121,5799
1.53557515144,5798
1.53628611565,5797
1.54034805298,5796
1.54217195511,5795
1.5426170826,5794
1.54394412041,5793
1.54669213295,5792
1.5469930172,5791
1.5510020256,5790
1.55207204819,5789
1.55279517174,5788
1.55344796181,5787
1.5539021492,5786
1.55452394485,5785
1.55605697632,5784
1.55725097656,5783
1.55761814117,5782
1.55828809738,5781
1.55902600288,5780
1.56072807312,5779
1.56143593788,5778
1.56429600716,5777
1.56522512436,5776
1.56643104553,5775
1.5667309761,5774
1.56934714317,5773
1.57012796402,5772
1.57106995583,5771
1.57137608528,5770
1.57219409943,5769
1.57335400581,5768
1.57486915588,5767
1.57549595833,5766
1.57703399658,5765
1.5781121254,5764
1.58116602898,5763
1.58280396461,5762
1.58394098282,5761
1.58482408524,5760
1.58594799042,5759
1.58640408516,5758
1.58817911148,5757
1.58925795555,5756
1.59048700333,5755
1.59193611145,5754
1.5944981575,5753
1.59498405457,5752
1.59537410736,5751
1.59826803207,5750
1.59897494316,5749
1.59945702553,5748
1.60077500343,5747
1.60365414619,5746
1.60644698143,5745
1.60801506042,5744
1.60847902298,5743
1.60889410973,5742
1.60944199562,5741
1.61082696915,5740
1.61129117012,5739
1.61209201813,5738
1.61731100082,5737
1.61777496338,5736
1.61828613281,5735
1.61873102188,5734
1.62038111687,5733
1.62174916267,5732
1.62217617035,5731
1.62269496918,5730
1.62385797501,5729
1.62451100349,5728
1.62525701523,5727
1.62614107132,5726
1.62698817253,5725
1.62760305405,5724
1.62836313248,5723
1.62876200676,5722
1.62992095947,5721
1.63207912445,5720
1.63283801079,5719
1.63462901115,5718
1.63554596901,5717
1.63652014732,5716
1.63785910606,5715
1.63898801804,5714
1.63924813271,5713
1.63975214958,5712
1.64240813255,5711
1.64303302765,5710
1.64404201508,5709
1.6453139782,5708
1.64916205406,5707
1.64982199669,5706
1.65029811859,5705
1.6511349678,5704
1.65248394012,5703
1.65293216705,5702
1.65556812286,5701
1.65857100487,5700
1.65908813477,5699
1.66145896912,5698
1.66225194931,5697
1.66274499893,5696
1.66456413269,5695
1.66596603394,5694
1.66842103004,5693
1.67143416405,5692
1.67290210724,5691
1.67489695549,5690
1.67781615257,5689
1.67893004417,5688
1.68034005165,5687
1.68307209015,5686
1.68467903137,5685
1.68569016457,5684
1.68712496758,5683
1.6895160675,5682
1.68996310234,5681
1.69152903557,5680
1.69216394424,5679
1.69804096222,5678
1.69890594482,5677
1.7004840374,5676
1.7015941143,5675
1.70273709297,5674
1.70321702957,5673
1.70411300659,5672
1.70446801186,5671
1.70492696762,5670
1.70559716225,5669
1.70822811127,5668
1.70899415016,5667
1.70947098732,5666
1.71085000038,5665
1.71115398407,5664
1.71337413788,5663
1.71462512016,5662
1.71516609192,5661
1.71726608276,5660
1.71962404251,5659
1.72064304352,5658
1.72134804726,5657
1.72197198868,5656
1.722479105,5655
1.72305893898,5654
1.72416996956,5653
1.72453904152,5652
1.7250161171,5651
1.7256231308,5650
1.72639107704,5649
1.72713112831,5648
1.7302570343,5647
1.73166108131,5646
1.7339849472,5645
1.73709416389,5644
1.73759508133,5643
1.73876714706,5642
1.73910403252,5641
1.73946404457,5640
1.74182915688,5639
1.74387311935,5638
1.74602603912,5637
1.7479300499,5636
1.7503349781,5635
1.75149512291,5634
1.75211310387,5633
1.75326395035,5632
1.75582098961,5631
1.75637602806,5630
1.75886511803,5629
1.76431202888,5628
1.76505494118,5627
1.76777696609,5626
1.77068400383,5625
1.77167510986,5624
1.7722530365,5623
1.77397608757,5622
1.7746720314,5621
1.77518796921,5620
1.77612996101,5619
1.77709794044,5618
1.77967000008,5617
1.78080701828,5616
1.78296804428,5615
1.78396701813,5614
1.78529810905,5613
1.78765511513,5612
1.79115915298,5611
1.79159498215,5610
1.79229903221,5609
1.7934820652,5608
1.79389405251,5607
1.79463815689,5606
1.79544711113,5605
1.79585695267,5604
1.79617714882,5603
1.7977449894,5602
1.79858613014,5601
1.7992041111,5600
1.80115008354,5599
1.80162906647,5598
1.80233097076,5597
1.8029589653,5596
1.80687999725,5595
1.8079431057,5594
1.80884504318,5593
1.80993294716,5592
1.81719207764,5591
1.81823515892,5590
1.81950306892,5589
1.82126712799,5588
1.82304096222,5587
1.82347106934,5586
1.82420110703,5585
1.82596802711,5584
1.82677197456,5583
1.82765197754,5582
1.8289270401,5581
1.83223009109,5580
1.83280396461,5579
1.83465695381,5578
1.83514904976,5577
1.83634305,5576
1.83830714226,5575
1.8406829834,5574
1.84242606163,5573
1.84288811684,5572
1.8457429409,5571
1.84781002998,5570
1.84972596169,5569
1.85049510002,5568
1.85127401352,5567
1.85192203522,5566
1.85495305061,5565
1.85623717308,5564
1.85675215721,5563
1.85777115822,5562
1.85827803612,5561
1.8592569828,5560
1.8596200943,5559
1.86062312126,5558
1.86361813545,5557
1.864123106,5556
1.86663007736,5555
1.86709308624,5554
1.86793494225,5553
1.86864209175,5552
1.86904907227,5551
1.86949205399,5550
1.87006115913,5549
1.87083911896,5548
1.87186908722,5547
1.87392401695,5546
1.87516903877,5545
1.8772649765,5544
1.87794613838,5543
1.87844514847,5542
1.88351202011,5541
1.88449716568,5540
1.88531112671,5539
1.88708209991,5538
1.88777899742,5537
1.89064502716,5536
1.89241600037,5535
1.89527511597,5534
1.89585494995,5533
1.89691901207,5532
1.90036201477,5531
1.90168213844,5530
1.90565800667,5529
1.90757703781,5528
1.90901017189,5527
1.90944004059,5526
1.91092705727,5525
1.91275215149,5524
1.91328811646,5523
1.91375398636,5522
1.91597008705,5521
1.91795396805,5520
1.91915607452,5519
1.9199719429,5518
1.92558407784,5517
1.92761516571,5516
1.92843294144,5515
1.9294719696,5514
1.93207597733,5513
1.9336810112,5512
1.93478703499,5511
1.93612504005,5510
1.93657708168,5509
1.93701314926,5508
1.9394030571,5507
1.94184112549,5506
1.94225502014,5505
1.94294214249,5504
1.94474196434,5503
1.94641804695,5502
1.94749903679,5501
1.95035505295,5500
1.95090699196,5499
1.95150709152,5498
1.956138134,5497
1.95689797401,5496
1.9578871727,5495
1.95844316483,5494
1.95923399925,5493
1.96059298515,5492
1.9615521431,5491
1.96472096443,5490
1.96877408028,5489
1.97128605843,5488
1.97383713722,5487
1.97445511818,5486
1.97701001167,5485
1.97749304771,5484
1.97785496712,5483
1.97942996025,5482
1.98045802116,5481
1.98176407814,5480
1.98344802856,5479
1.98904514313,5478
1.98993515968,5477
1.9910531044,5476
1.99154400826,5475
1.99360895157,5474
1.99606204033,5473
1.99658608437,5472
1.9976849556,5471
1.99892306328,5470
1.99970602989,5469
2.00585699081,5468
2.01125597954,5467
2.01388216019,5466
2.01518011093,5465
2.01575016975,5464
2.02050614357,5463
2.02330303192,5462
2.02443814278,5461
2.02490115166,5460
2.02621507645,5459
2.03088498116,5458
2.03183603287,5457
2.03222703934,5456
2.03313994408,5455
2.03367614746,5454
2.03558206558,5453
2.03665494919,5452
2.03725194931,5451
2.03840899467,5450
2.03888702393,5449
2.0392241478,5448
2.04171895981,5447
2.04244399071,5446
2.04450416565,5445
2.04534602165,5444
2.04581308365,5443
2.04668807983,5442
2.04705095291,5441
2.05188703537,5440
2.05235815048,5439
2.05284714699,5438
2.05339002609,5437
2.05383014679,5436
2.05541014671,5435
2.05586004257,5434
2.05905103683,5433
2.05946397781,5432
2.06027412415,5431
2.06051516533,5430
2.06221699715,5429
2.06385612488,5428
2.06417798996,5427
2.06457614899,5426
2.06519603729,5425
2.06707906723,5424
2.06785917282,5423
2.06914401054,5422
2.06959104538,5421
2.07173705101,5420
2.07322001457,5419
2.07475304604,5418
2.07541513443,5417
2.07680010796,5416
2.07910394669,5415
2.0828640461,5414
2.08330202103,5413
2.08545398712,5412
2.0864379406,5411
2.08973407745,5410
2.09316802025,5409
2.09400105476,5408
2.09505200386,5407
2.09576916695,5406
2.09815597534,5405
2.09921097755,5404
2.1006231308,5403
2.10326099396,5402
2.10478115082,5401
2.10702109337,5400
2.10730814934,5399
2.10754108429,5398
2.10868906975,5397
2.11252498627,5396
2.11300706863,5395
2.11336302757,5394
2.11380600929,5393
2.11606502533,5392
2.12152099609,5391
2.12419104576,5390
2.12480401993,5389
2.12594914436,5388
2.12759709358,5387
2.12899494171,5386
2.12930297852,5385
2.13108301163,5384
2.13168096542,5383
2.1324801445,5382
2.13595414162,5381
2.13640999794,5380
2.13680005074,5379
2.14057898521,5378
2.14124417305,5377
2.14260601997,5376
2.14807796478,5375
2.15312314034,5374
2.15509200096,5373
2.15691804886,5372
2.15986299515,5371
2.16036009789,5370
2.16438508034,5369
2.16710710526,5368
2.16789317131,5367
2.16851496696,5366
2.16918897629,5365
2.17272496223,5364
2.17297816277,5363
2.17399716377,5362
2.17470002174,5361
2.17509412766,5360
2.17534399033,5359
2.17563796043,5358
2.17613005638,5357
2.17656993866,5356
2.17726397514,5355
2.18201303482,5354
2.18254494667,5353
2.18374204636,5352
2.18438410759,5351
2.18603396416,5350
2.18715214729,5349
2.18783402443,5348
2.18970513344,5347
2.19082808495,5346
2.19164896011,5345
2.19465112686,5344
2.19752407074,5343
2.19862294197,5342
2.20031309128,5341
2.20239305496,5340
2.20307016373,5339
2.20355701447,5338
2.20378994942,5337
2.20413994789,5336
2.2057261467,5335
2.2083439827,5334
2.21083712578,5333
2.21182703972,5332
2.21550107002,5331
2.21753001213,5330
2.21902894974,5329
2.22309994698,5328
2.22426700592,5327
2.22529006004,5326
2.22647500038,5325
2.22744607925,5324
2.22944998741,5323
2.23070406914,5322
2.23155593872,5321
2.23211097717,5320
2.23234701157,5319
2.23285007477,5318
2.23318910599,5317
2.23547506332,5316
2.23617911339,5315
2.23677611351,5314
2.23722314835,5313
2.24037003517,5312
2.24255013466,5311
2.24305915833,5310
2.24824404716,5309
2.24907398224,5308
2.25413298607,5307
2.25452494621,5306
2.25591301918,5305
2.25904107094,5304
2.25998711586,5303
2.26278305054,5302
2.26385807991,5301
2.26432299614,5300
2.26585793495,5299
2.26693701744,5298
2.26824712753,5297
2.27055716515,5296
2.27191495895,5295
2.27222895622,5294
2.27298307419,5293
2.27463316917,5292
2.27704715729,5291
2.27741098404,5290
2.27771997452,5289
2.27831101418,5288
2.27921700478,5287
2.28006100655,5286
2.28036808968,5285
2.28168010712,5284
2.28500795364,5283
2.28572797775,5282
2.28896808624,5281
2.28951406479,5280
2.29012298584,5279
2.29080295563,5278
2.29185605049,5277
2.29458403587,5276
2.29497504234,5275
2.297768116,5274
2.29826116562,5273
2.30240607262,5272
2.30334401131,5271
2.30450296402,5270
2.30487895012,5269
2.3063390255,5268
2.30789113045,5267
2.31223416328,5266
2.31420397758,5265
2.31563806534,5264
2.31706213951,5263
2.31755208969,5262
2.31939816475,5261
2.32074093819,5260
2.32565593719,5259
2.32825493813,5258
2.32881593704,5257
2.32941412926,5256
2.3299510479,5255
2.33148813248,5254
2.33259510994,5253
2.3333530426,5252
2.33435106277,5251
2.33475899696,5250
2.3381960392,5249
2.33889198303,5248
2.33925199509,5247
2.34160995483,5246
2.34316205978,5245
2.34451603889,5244
2.34748506546,5243
2.35168814659,5242
2.35202097893,5241
2.35291314125,5240
2.35335206985,5239
2.35564899445,5238
2.35936808586,5237
2.36143302917,5236
2.36276507378,5235
2.36595606804,5234
2.36845707893,5233
2.36898303032,5232
2.37099504471,5231
2.37269902229,5230
2.37298703194,5229
2.37547016144,5228
2.37598896027,5227
2.37713503838,5226
2.3862991333,5225
2.38669395447,5224
2.38961315155,5223
2.39132714272,5222
2.39215397835,5221
2.39418911934,5220
2.39549303055,5219
2.39756608009,5218
2.404088974,5217
2.40615916252,5216
2.4091360569,5215
2.41182494164,5214
2.41362714767,5213
2.41452097893,5212
2.41546702385,5211
2.41586303711,5210
2.41711115837,5209
2.41844010353,5208
2.41882705688,5207
2.41965913773,5206
2.4210960865,5205
2.42141699791,5204
2.42226910591,5203
2.42572712898,5202
2.42716217041,5201
2.42769598961,5200
2.42889308929,5199
2.42964315414,5198
2.43020915985,5197
2.4322719574,5196
2.43450212479,5195
2.43512511253,5194
2.43651509285,5193
2.43736696243,5192
2.43870806694,5191
2.43938302994,5190
2.44006609917,5189
2.4413421154,5188
2.44368004799,5187
2.44410204887,5186
2.44510507584,5185
2.44566202164,5184
2.44612812996,5183
2.4491341114,5182
2.45214700699,5181
2.45445513725,5180
2.45726108551,5179
2.45847511292,5178
2.45915603638,5177
2.46072912216,5176
2.46113014221,5175
2.46186494827,5174
2.4622130394,5173
2.46308302879,5172
2.46364498138,5171
2.46576809883,5170
2.46740198135,5169
2.46888399124,5168
2.47128295898,5167
2.4716989994,5166
2.47519397736,5165
2.47558116913,5164
2.47596716881,5163
2.47673010826,5162
2.47772598267,5161
2.47856402397,5160
2.47956895828,5159
2.48173809052,5158
2.48785805702,5157
2.48881697655,5156
2.48950910568,5155
2.4911980629,5154
2.49191117287,5153
2.49477314949,5152
2.49541807175,5151
2.503647089,5150
2.50555801392,5149
2.5070130825,5148
2.50814294815,5147
2.50909304619,5146
2.5099670887,5145
2.51041793823,5144
2.5125181675,5143
2.51282000542,5142
2.51388907433,5141
2.51700806618,5140
2.51810407639,5139
2.51994013786,5138
2.52153897285,5137
2.52220606804,5136
2.52286911011,5135
2.52409100533,5134
2.52520704269,5133
2.52735209465,5132
2.52809810638,5131
2.52861499786,5130
2.53101706505,5129
2.53143405914,5128
2.53174710274,5127
2.53480911255,5126
2.53689312935,5125
2.5375020504,5124
2.5379011631,5123
2.5385351181,5122
2.54106998444,5121
2.54189801216,5120
2.5445561409,5119
2.548361063,5118
2.55062294006,5117
2.55236911774,5116
2.55613899231,5115
2.55943107605,5114
2.56350898743,5113
2.56495809555,5112
2.56540608406,5111
2.56629395485,5110
2.56661701202,5109
2.5687251091,5108
2.56966900826,5107
2.57117795944,5106
2.57410001755,5105
2.57511115074,5104
2.57764101028,5103
2.58096599579,5102
2.58253502846,5101
2.58618998528,5100
2.5875980854,5099
2.58806800842,5098
2.58941102028,5097
2.59617614746,5096
2.5982670784,5095
2.60028100014,5094
2.60420107841,5093
2.60461497307,5092
2.60873508453,5091
2.6103451252,5090
2.61142396927,5089
2.61262202263,5088
2.61484193802,5087
2.61595416069,5086
2.61683106422,5085
2.61803913116,5084
2.61847305298,5083
2.61949014664,5082
2.61987900734,5081
2.62023997307,5080
2.62236905098,5079
2.62292194366,5078
2.62319016457,5077
2.62534499168,5076
2.62699699402,5075
2.6284160614,5074
2.62923407555,5073
2.63076496124,5072
2.6311841011,5071
2.63155508041,5070
2.63673710823,5069
2.63708996773,5068
2.63778400421,5067
2.63866400719,5066
2.64244699478,5065
2.64282894135,5064
2.64319109917,5063
2.64344096184,5062
2.64394497871,5061
2.64482903481,5060
2.64612412453,5059
2.64709615707,5058
2.64767098427,5057
2.64851498604,5056
2.65034008026,5055
2.65089917183,5054
2.65975594521,5053
2.66270899773,5052
2.6650159359,5051
2.66548895836,5050
2.66867995262,5049
2.67001414299,5048
2.67203497887,5047
2.67307496071,5046
2.67396306992,5045
2.67693400383,5044
2.6778781414,5043
2.6785390377,5042
2.68221211433,5041
2.68332099915,5040
2.68395400047,5039
2.68712115288,5038
2.68772816658,5037
2.68983602524,5036
2.69054198265,5035
2.69134497643,5034
2.69196200371,5033
2.69561505318,5032
2.6977159977,5031
2.69897198677,5030
2.69994711876,5029
2.70202898979,5028
2.70286893845,5027
2.70496201515,5026
2.70736503601,5025
2.70831298828,5024
2.71107816696,5023
2.71220707893,5022
2.7125480175,5021
2.71410012245,5020
2.71611809731,5019
2.71781301498,5018
2.71935296059,5017
2.72275710106,5016
2.72317314148,5015
2.72604107857,5014
2.7268640995,5013
2.72783708572,5012
2.73144006729,5011
2.73254704475,5010
2.73388314247,5009
2.73458909988,5008
2.73534417152,5007
2.73758411407,5006
2.73998403549,5005
2.74031209946,5004
2.74120306969,5003
2.74161195755,5002
2.74937105179,5001
2.75015902519,5000
2.75066900253,4999
2.75419306755,4998
2.75786995888,4997
2.76215600967,4996
2.76459217072,4995
2.76617002487,4994
2.76743793488,4993
2.76881313324,4992
2.76919698715,4991
2.76953911781,4990
2.77292108536,4989
2.77422499657,4988
2.77648615837,4987
2.78117108345,4986
2.78297305107,4985
2.78513002396,4984
2.78615903854,4983
2.78672599792,4982
2.7889521122,4981
2.79026794434,4980
2.79132699966,4979
2.79307508469,4978
2.79751896858,4977
2.79888415337,4976
2.80062794685,4975
2.80109596252,4974
2.80203914642,4973
2.80481600761,4972
2.80725502968,4971
2.81113409996,4970
2.81194496155,4969
2.8143889904,4968
2.81785202026,4967
2.81869101524,4966
2.81987595558,4965
2.82214999199,4964
2.82481002808,4963
2.82811307907,4962
2.82844495773,4961
2.83135104179,4960
2.83297610283,4959
2.83349609375,4958
2.83473396301,4957
2.84026694298,4956
2.84118008614,4955
2.8442671299,4954
2.84541296959,4953
2.84569001198,4952
2.84687399864,4951
2.84749507904,4950
2.84880709648,4949
2.8513481617,4948
2.85202598572,4947
2.8531999588,4946
2.85517215729,4945
2.85612297058,4944
2.85680007935,4943
2.85809516907,4942
2.85888409615,4941
2.85963702202,4940
2.8600590229,4939
2.86120605469,4938
2.86356115341,4937
2.86415100098,4936
2.8659491539,4935
2.86808013916,4934
2.86963295937,4933
2.87147593498,4932
2.87328004837,4931
2.87671995163,4930
2.87771105766,4929
2.88449406624,4928
2.88485407829,4927
2.88551211357,4926
2.88682794571,4925
2.88814997673,4924
2.89020895958,4923
2.89084196091,4922
2.89469099045,4921
2.89532113075,4920
2.89561796188,4919
2.89808011055,4918
2.89908504486,4917
2.89942002296,4916
2.90056800842,4915
2.90125393867,4914
2.90389704704,4913
2.90546798706,4912
2.90628409386,4911
2.90866613388,4910
2.90901613235,4909
2.90935707092,4908
2.91012310982,4907
2.91390395164,4906
2.91521310806,4905
2.9173541069,4904
2.92269206047,4903
2.922976017,4902
2.9258711338,4901
2.92736697197,4900
2.92828297615,4899
2.93022608757,4898
2.93351197243,4897
2.94036197662,4896
2.94117593765,4895
2.94210600853,4894
2.94311308861,4893
2.94658708572,4892
2.94807195663,4891
2.94837212563,4890
2.95104193687,4889
2.9537730217,4888
2.95480513573,4887
2.95613002777,4886
2.95675802231,4885
2.96441602707,4884
2.96572899818,4883
2.97366714478,4882
2.9758810997,4881
2.97699809074,4880
2.98183894157,4879
2.9843120575,4878
2.98469805717,4877
2.98596000671,4876
2.98900604248,4875
2.9895169735,4874
2.9899430275,4873
2.99215316772,4872
2.99304008484,4871
2.99574804306,4870
3.00656700134,4869
3.01085114479,4868
3.01156497002,4867
3.01443195343,4866
3.01552700996,4865
3.01597714424,4864
3.01768398285,4863
3.01984810829,4862
3.020581007,4861
3.02086114883,4860
3.02133893967,4859
3.02176403999,4858
3.0223031044,4857
3.02279901505,4856
3.02321600914,4855
3.02519702911,4854
3.02734494209,4853
3.0298371315,4852
3.03172206879,4851
3.03365302086,4850
3.03479194641,4849
3.03517699242,4848
3.03621816635,4847
3.03649115562,4846
3.03719496727,4845
3.0385620594,4844
3.03965711594,4843
3.0445971489,4842
3.04542994499,4841
3.04625296593,4840
3.0467569828,4839
3.04970097542,4838
3.05006504059,4837
3.05178999901,4836
3.05385494232,4835
3.05490994453,4834
3.05598402023,4833
3.05663895607,4832
3.05959606171,4831
3.06244397163,4830
3.06299304962,4829
3.06634116173,4828
3.06860399246,4827
3.07405495644,4826
3.07700395584,4825
3.0811650753,4824
3.08172607422,4823
3.08235502243,4822
3.08297395706,4821
3.0856821537,4820
3.08630394936,4819
3.08675408363,4818
3.08888816833,4817
3.09078717232,4816
3.09232711792,4815
3.09425115585,4814
3.09733605385,4813
3.09896397591,4812
3.09959816933,4811
3.100274086,4810
3.10094094276,4809
3.10422706604,4808
3.10566306114,4807
3.10646605492,4806
3.10760307312,4805
3.11075401306,4804
3.11274814606,4803
3.1147749424,4802
3.11554908752,4801
3.1159081459,4800
3.11875700951,4799
3.12005496025,4798
3.12911915779,4797
3.12945008278,4796
3.13164615631,4795
3.13312196732,4794
3.13365602493,4793
3.13404297829,4792
3.13458704948,4791
3.13624000549,4790
3.13681602478,4789
3.13768315315,4788
3.13915300369,4787
3.13937211037,4786
3.14323806763,4785
3.14374113083,4784
3.14884805679,4783
3.15120601654,4782
3.15346002579,4781
3.15374898911,4780
3.15634512901,4779
3.15755414963,4778
3.16073703766,4777
3.16140198708,4776
3.16273593903,4775
3.16320300102,4774
3.16394996643,4773
3.16440796852,4772
3.16675901413,4771
3.16868400574,4770
3.17130708694,4769
3.1730530262,4768
3.17495512962,4767
3.17580103874,4766
3.17937207222,4765
3.18072104454,4764
3.18305516243,4763
3.18385410309,4762
3.18550395966,4761
3.18644809723,4760
3.18829703331,4759
3.1888730526,4758
3.19045615196,4757
3.19454312325,4756
3.19548201561,4755
3.19577407837,4754
3.19619202614,4753
3.19652509689,4752
3.1984269619,4751
3.19888305664,4750
3.19976401329,4749
3.20082902908,4748
3.20250606537,4747
3.20336008072,4746
3.20420908928,4745
3.20788002014,4744
3.20932102203,4743
3.21021699905,4742
3.2105679512,4741
3.21187901497,4740
3.21332097054,4739
3.21446895599,4738
3.21764612198,4737
3.22068810463,4736
3.22291302681,4735
3.22897601128,4734
3.22984814644,4733
3.23051714897,4732
3.23123002052,4731
3.23256111145,4730
3.23370599747,4729
3.23748207092,4728
3.24039506912,4727
3.24110412598,4726
3.24278211594,4725
3.24376511574,4724
3.24466896057,4723
3.24522399902,4722
3.24923610687,4721
3.2539730072,4720
3.25712895393,4719
3.25741004944,4718
3.26028203964,4717
3.26060509682,4716
3.26196813583,4715
3.2643661499,4714
3.26876211166,4713
3.26909995079,4712
3.27684116364,4711
3.27795314789,4710
3.28159308434,4709
3.28750514984,4708
3.28908610344,4707
3.29135298729,4706
3.29229617119,4705
3.29629898071,4704
3.29703402519,4703
3.29723715782,4702
3.30260109901,4701
3.30373001099,4700
3.3042910099,4699
3.30467510223,4698
3.30606794357,4697
3.3063249588,4696
3.30667710304,4695
3.31007194519,4694
3.31048893929,4693
3.31344103813,4692
3.31644415855,4691
3.31721496582,4690
3.31823515892,4689
3.31929111481,4688
3.32019710541,4687
3.32129907608,4686
3.32186698914,4685
3.32473397255,4684
3.3264670372,4683
3.32828712463,4682
3.32981514931,4681
3.33098697662,4680
3.33367800713,4679
3.33581209183,4678
3.33844399452,4677
3.34015703201,4676
3.34081816673,4675
3.34139204025,4674
3.34271216393,4673
3.34367513657,4672
3.34460306168,4671
3.34660696983,4670
3.34775900841,4669
3.34879016876,4668
3.35544204712,4667
3.35646104813,4666
3.35698699951,4665
3.36167502403,4664
3.36234998703,4663
3.36994194984,4662
3.37611794472,4661
3.37648916245,4660
3.3803601265,4659
3.38148403168,4658
3.38908004761,4657
3.39190411568,4656
3.39370107651,4655
3.3941590786,4654
3.39544415474,4653
3.39742493629,4652
3.39784216881,4651
3.40229797363,4650
3.40324616432,4649
3.40664601326,4648
3.41076517105,4647
3.4126739502,4646
3.41328001022,4645
3.4144821167,4644
3.41497707367,4643
3.42857813835,4642
3.43256807327,4641
3.43434715271,4640
3.43524813652,4639
3.43666601181,4638
3.43734407425,4637
3.44179296494,4636
3.44236016273,4635
3.44416809082,4634
3.44834494591,4633
3.45227193832,4632
3.45331406593,4631
3.45361304283,4630
3.45394015312,4629
3.45587897301,4628
3.45628404617,4627
3.45653915405,4626
3.45905900002,4625
3.46066308022,4624
3.46712207794,4623
3.47021412849,4622
3.47377514839,4621
3.47466802597,4620
3.47842597961,4619
3.48084211349,4618
3.48322796822,4617
3.48551297188,4616
3.48685598373,4615
3.48885703087,4614
3.49127197266,4613
3.49507308006,4612
3.49716806412,4611
3.50201416016,4610
3.5023150444,4609
3.50255203247,4608
3.50443100929,4607
3.50913310051,4606
3.51579093933,4605
3.51711010933,4604
3.51766204834,4603
3.51804900169,4602
3.52505517006,4601
3.53216695786,4600
3.5338909626,4599
3.53694701195,4598
3.53754496574,4597
3.53789305687,4596
3.53857398033,4595
3.5389251709,4594
3.53955006599,4593
3.53983998299,4592
3.54434204102,4591
3.54940009117,4590
3.55068397522,4589
3.55350804329,4588
3.55552816391,4587
3.56122612953,4586
3.56214499474,4585
3.56663298607,4584
3.56703615189,4583
3.56773400307,4582
3.57467603683,4581
3.57684397697,4580
3.58047199249,4579
3.58492016792,4578
3.58658003807,4577
3.58971905708,4576
3.5899720192,4575
3.59122300148,4574
3.59265303612,4573
3.59351110458,4572
3.59484601021,4571
3.59884500504,4570
3.59981799126,4569
3.60027194023,4568
3.6024119854,4567
3.60351800919,4566
3.60559797287,4565
3.60795402527,4564
3.60872197151,4563
3.60991597176,4562
3.61437916756,4561
3.61488413811,4560
3.61560297012,4559
3.61694812775,4558
3.6181910038,4557
3.62289500237,4556
3.62565803528,4555
3.62703609467,4554
3.6291821003,4553
3.63146400452,4552
3.6318230629,4551
3.63466310501,4550
3.63787508011,4549
3.63988113403,4548
3.64131999016,4547
3.64268994331,4546
3.64872503281,4545
3.64943313599,4544
3.65244793892,4543
3.65342903137,4542
3.65469694138,4541
3.65513515472,4540
3.65906405449,4539
3.66154313087,4538
3.66190195084,4537
3.66396713257,4536
3.66517114639,4535
3.66584300995,4534
3.6663839817,4533
3.66773915291,4532
3.66905808449,4531
3.67132997513,4530
3.67268514633,4529
3.67428994179,4528
3.67491698265,4527
3.68044996262,4526
3.68524098396,4525
3.68956899643,4524
3.69102597237,4523
3.69529294968,4522
3.69598507881,4521
3.70000910759,4520
3.70323896408,4519
3.70422410965,4518
3.7056851387,4517
3.70698213577,4516
3.70806694031,4515
3.71103096008,4514
3.71363806725,4513
3.71408295631,4512
3.71638703346,4511
3.71720814705,4510
3.72093009949,4509
3.72280311584,4508
3.72338294983,4507
3.72444605827,4506
3.72586011887,4505
3.72832298279,4504
3.7287671566,4503
3.72949695587,4502
3.73101902008,4501
3.73866605759,4500
3.74012207985,4499
3.74149894714,4498
3.74690198898,4497
3.74939513206,4496
3.75160813332,4495
3.75225996971,4494
3.7553191185,4493
3.75615310669,4492
3.76274704933,4491
3.76506900787,4490
3.76737594604,4489
3.76811814308,4488
3.771048069,4487
3.77148294449,4486
3.77289414406,4485
3.77378296852,4484
3.77461099625,4483
3.77661108971,4482
3.78557801247,4481
3.78885912895,4480
3.79105210304,4479
3.79608416557,4478
3.79655313492,4477
3.79837203026,4476
3.80569410324,4475
3.80708193779,4474
3.80816912651,4473
3.81157398224,4472
3.81379413605,4471
3.81508016586,4470
3.81554412842,4469
3.82263302803,4468
3.82297205925,4467
3.82434511185,4466
3.82697796822,4465
3.82935404778,4464
3.83177495003,4463
3.83510613441,4462
3.83733797073,4461
3.84070801735,4460
3.84137511253,4459
3.84226107597,4458
3.84303402901,4457
3.84476900101,4456
3.84634113312,4455
3.84661793709,4454
3.84739398956,4453
3.84997606277,4452
3.85263395309,4451
3.85348510742,4450
3.85420513153,4449
3.85563516617,4448
3.85627603531,4447
3.85813307762,4446
3.86049604416,4445
3.86134505272,4444
3.86316514015,4443
3.86574006081,4442
3.86791205406,4441
3.86960911751,4440
3.87053012848,4439
3.87124300003,4438
3.87504410744,4437
3.8777589798,4436
3.87869501114,4435
3.87917804718,4434
3.88231706619,4433
3.8829331398,4432
3.88348197937,4431
3.88388609886,4430
3.88614201546,4429
3.88842797279,4428
3.8887360096,4427
3.8956720829,4426
3.89773011208,4425
3.89961004257,4424
3.90137600899,4423
3.91096806526,4422
3.91265511513,4421
3.913367033,4420
3.91473007202,4419
3.91611504555,4418
3.91747117043,4417
3.9178609848,4416
3.92280912399,4415
3.9253411293,4414
3.92721605301,4413
3.92845416069,4412
3.92903995514,4411
3.93080997467,4410
3.93390107155,4409
3.93431901932,4408
3.93565106392,4407
3.93666195869,4406
3.93992114067,4405
3.94037604332,4404
3.94090008736,4403
3.94544315338,4402
3.94646811485,4401
3.94843101501,4400
3.94963598251,4399
3.95011305809,4398
3.95301795006,4397
3.95333600044,4396
3.95602607727,4395
3.96497416496,4394
3.96563696861,4393
3.96683907509,4392
3.96901106834,4391
3.97422504425,4390
3.97499012947,4389
3.97843003273,4388
3.97938203812,4387
3.98087000847,4386
3.98118209839,4385
3.98172998428,4384
3.98310995102,4383
3.98692011833,4382
3.98776602745,4381
3.98808407784,4380
3.98942494392,4379
3.98967814445,4378
3.99056315422,4377
3.99165797234,4376
3.9926071167,4375
3.99460697174,4374
3.99629402161,4373
3.99771404266,4372
3.99795413017,4371
4.00082802773,4370
4.00158715248,4369
4.00330305099,4368
4.00408911705,4367
4.00908613205,4366
4.01297497749,4365
4.01459217072,4364
4.01565408707,4363
4.02014708519,4362
4.02233505249,4361
4.02629613876,4360
4.02893996239,4359
4.03087902069,4358
4.03120613098,4357
4.03243398666,4356
4.03412508965,4355
4.03449702263,4354
4.03712105751,4353
4.03922796249,4352
4.04019594193,4351
4.0432510376,4350
4.04610896111,4349
4.04744195938,4348
4.05132603645,4347
4.06172513962,4346
4.06428599358,4345
4.06672596931,4344
4.07484912872,4343
4.07567811012,4342
4.07652401924,4341
4.07739901543,4340
4.07834506035,4339
4.07914805412,4338
4.08281803131,4337
4.08334302902,4336
4.08577203751,4335
4.08664703369,4334
4.09158301353,4333
4.0949280262,4332
4.09637212753,4331
4.09881401062,4330
4.09955096245,4329
4.10110712051,4328
4.10689496994,4327
4.10760307312,4326
4.10814595222,4325
4.10901403427,4324
4.10987401009,4323
4.11031913757,4322
4.11753797531,4321
4.12162208557,4320
4.12918615341,4319
4.1304500103,4318
4.13684105873,4317
4.13859915733,4316
4.13940095901,4315
4.14077401161,4314
4.14259195328,4313
4.14438414574,4312
4.14504408836,4311
4.14614510536,4310
4.14824700356,4309
4.15130805969,4308
4.15480494499,4307
4.1578130722,4306
4.15933895111,4305
4.16012597084,4304
4.16585803032,4303
4.16706109047,4302
4.16810417175,4301
4.16932296753,4300
4.1726000309,4299
4.17958498001,4298
4.18170499802,4297
4.18231201172,4296
4.18678307533,4295
4.18788814545,4294
4.19280695915,4293
4.19352316856,4292
4.19699215889,4291
4.19944000244,4290
4.20405197144,4289
4.20512795448,4288
4.2092499733,4287
4.21272706985,4286
4.21514797211,4285
4.21571111679,4284
7.52246904373,4283
7.52727198601,4282
7.53119015694,4281
7.53887915611,4280
7.54655098915,4279
7.55662894249,4278
7.57461810112,4277
7.57762503624,4276
7.58548307419,4275
7.61002206802,4274
7.61168813705,4273
7.61428403854,4272
7.62450695038,4271
7.62557601929,4270
7.63901495934,4269
7.64165401459,4268
7.65326714516,4267
7.65485095978,4266
7.6636030674,4265
7.69688796997,4264
7.70561408997,4263
7.71139907837,4262
7.72486710548,4261
7.73572516441,4260
7.769739151,4259
7.77277803421,4258
7.77690696716,4257
7.80483007431,4256
7.81679606438,4255
7.82738208771,4254
7.83618402481,4253
11.0433030128,4252
11.0590801239,4251
11.0797231197,4250
11.0979959965,4249
11.1136460304,4248
11.1155619621,4247
11.1261200905,4246
11.1360909939,4245
11.1390049458,4244
11.1556329727,4243
11.1609790325,4242
11.1614060402,4241
11.1763410568,4240
11.1767930984,4239
11.1838071346,4238
11.1860101223,4237
11.1870529652,4236
11.2237451077,4235
11.226678133,4234
11.2327921391,4233
11.2431051731,4232
11.2441880703,4231
11.2483799458,4230
11.2520451546,4229
11.2590000629,4228
11.2802729607,4227
11.2897801399,4226
11.2927250862,4225
11.2978620529,4224
11.302667141,4223
11.3057260513,4222
11.3079020977,4221
11.3117339611,4220
11.3362751007,4219
11.3375580311,4218
11.3385281563,4217
11.3550391197,4216
11.370524168,4215
11.3811299801,4214
11.3874061108,4213
11.393335104,4212
14.6214401722,4211
14.6267931461,4210
14.6631259918,4209
14.6635129452,4208
14.6705570221,4207
14.6945459843,4206
14.6991219521,4205
14.7046670914,4204
14.7193069458,4203
14.7275569439,4202
14.742305994,4201
14.7442691326,4200
14.7456300259,4199
14.7469570637,4198
14.7525150776,4197
14.7609000206,4196
14.7625291348,4195
14.7634911537,4194
14.7785041332,4193
14.7904500961,4192
14.7960340977,4191
14.8220560551,4190
14.8264560699,4189
14.8302030563,4188
14.8320839405,4187
14.8336660862,4186
14.8411450386,4185
14.8625199795,4184
14.8630270958,4183
14.9037201405,4182
14.9252951145,4181
14.9417550564,4180
14.9550280571,4179
14.9562120438,4178
14.9646971226,4177
18.3102481365,4176
18.3216691017,4175
18.3345379829,4174
18.3429660797,4173
18.376937151,4172
18.3870060444,4171
18.3890421391,4170
18.3941609859,4169
18.4045059681,4168
18.4181380272,4167
18.4551801682,4166
18.4684970379,4165
18.471476078,4164
18.4848549366,4163
18.4984409809,4162
18.5084760189,4161
18.5103070736,4160
18.5125491619,4159
18.5155980587,4158
18.5377690792,4157
18.5415370464,4156
18.542593956,4155
18.5588350296,4154
22.0140421391,4153
22.0172860622,4152
22.028149128,4151
22.0548150539,4150
22.0579299927,4149
22.0594220161,4148
22.0666999817,4147
22.0687429905,4146
22.0805900097,4145
22.0816709995,4144
22.0828559399,4143
22.0970339775,4142
22.0995759964,4141
22.1033270359,4140
22.1054401398,4139
22.1072919369,4138
22.1221060753,4137
25.6371331215,4136
25.6519069672,4135
25.6586329937,4134
25.6698040962,4133
25.6730589867,4132
25.6792910099,4131
25.6878819466,4130
25.6952631474,4129
25.698292017,4128
25.7062251568,4127
25.7190129757,4126
25.7287361622,4125
25.7322821617,4124
25.7464311123,4123
25.7566010952,4122
25.7744419575,4121
25.7825241089,4120
25.784320116,4119
25.791560173,4118
29.2452001572,4117
29.2487721443,4116
29.2508671284,4115
29.2542500496,4114
29.2647640705,4113
29.2726240158,4112
29.2868430614,4111
29.3010599613,4110
29.3045990467,4109
29.3097491264,4108
29.3135299683,4107
29.3142290115,4106
29.3232519627,4105
29.3289320469,4104
29.3442950249,4103
29.3517301083,4102
29.3616809845,4101
29.3661110401,4100
29.370661974,4099
29.3805480003,4098
29.380975008,4097
29.3858971596,4096
29.3982131481,4095
29.4086830616,4094
29.4097230434,4093
29.4297060966,4092
29.436398983,4091
32.9183151722,4090
32.9393451214,4089
32.9526410103,4088
32.9610230923,4087
32.9757959843,4086
32.9786100388,4085
32.9889910221,4084
33.0053720474,4083
36.660145998,4082
36.661659956,4081
36.6661090851,4080
36.6708879471,4079
36.6766140461,4078
36.6797921658,4077
36.6851601601,4076
36.6901619434,4075
36.6934950352,4074
36.6941461563,4073
36.6960151196,4072
36.7032110691,4071
36.7188520432,4070
36.7192950249,4069
36.7211389542,4068
36.7296719551,4067
36.7426550388,4066
36.752918005,4065
36.7640240192,4064
40.3100099564,4063
40.3221549988,4062
40.3395180702,4061
40.3490540981,4060
40.3530261517,4059
40.3568921089,4058
40.3623139858,4057
40.3667190075,4056
40.3735761642,4055
40.3823561668,4054
40.3863379955,4053
40.3895201683,4052
40.3969190121,4051
40.4024660587,4050
40.4055671692,4049
40.4139420986,4048
40.4166791439,4047
40.4234530926,4046
40.4262230396,4045
40.4329869747,4044
44.0572040081,4043
47.6441690922,4042
47.6513659954,4041
47.6542150974,4040
47.6586091518,4039
47.6749341488,4038
47.6850421429,4037
47.6988420486,4036
47.7125360966,4035
47.7153520584,4034
51.3050880432,4033
51.314699173,4032
55.1951761246,4031
55.2112491131,4030
55.2211999893,4029
55.2271709442,4028
55.2276439667,4027
55.2308440208,4026
55.2337391376,4025
55.2369811535,4024
55.2539660931,4023
58.9124121666,4022
58.9268009663,4021
58.9385261536,4020
58.9404680729,4019
58.9755730629,4018
58.9909069538,4017
59.0137190819,4016
59.0202331543,4015
77.1951079369,4014
77.1981320381,4013
77.2025899887,4012
77.2077269554,4011
77.2093341351,4010
77.2155790329,4009
77.2174129486,4008
77.2185029984,4007
