0.00229907035828,197
0.00232100486755,196
0.00234389305115,195
0.0024049282074,194
0.00242900848389,193
0.00245094299316,192
0.00253796577454,191
0.00258493423462,190
0.00260806083679,189
0.00272393226624,188
0.002760887146,187
0.00281405448914,186
0.00290393829346,185
0.00328707695007,184
0.00332593917847,183
0.00344300270081,182
0.00346398353577,181
0.00367403030396,180
0.0037989616394,179
0.0042610168457,178
0.0046079158783,177
0.00527310371399,176
0.00603890419006,175
0.00786304473877,174
0.00877690315247,173
0.0108730792999,172
0.014368057251,171
0.0152740478516,170
0.0156691074371,169
0.0157449245453,168
0.0158720016479,167
0.0227708816528,166
0.027822971344,165
0.0443029403687,164
0.193434000015,163
0.21454000473,162
0.645130872726,161
0.670173883438,160
0.75121307373,159
