0.0025749206543,197
0.00260806083679,196
0.00262904167175,195
0.0026490688324,194
0.002690076828,193
0.00271701812744,192
0.00274300575256,191
0.00276112556458,190
0.0027871131897,189
0.00294208526611,188
0.00300812721252,187
0.00339913368225,186
0.00341892242432,185
0.00368714332581,184
0.00624704360962,183
0.0064389705658,182
0.00654911994934,181
0.00680899620056,180
0.00707411766052,179
0.00752305984497,178
0.00888204574585,177
0.00906300544739,176
0.0101919174194,175
0.0126841068268,174
0.0138621330261,173
0.0218210220337,172
0.0272591114044,171
0.0398709774017,170
0.0469701290131,169
0.0502109527588,168
0.063089132309,167
0.0761520862579,166
0.188844919205,165
0.190030097961,164
0.191080093384,163
0.193433046341,162
0.195891141891,161
0.196568012238,160
