0.00379800796509,197
0.00384187698364,196
0.00387406349182,195
0.00391793251038,194
0.00394988059998,193
0.00418996810913,192
0.00420999526978,191
0.00425291061401,190
0.00431394577026,189
0.00435400009155,188
0.00441384315491,187
0.0044379234314,186
0.00447487831116,185
0.00460505485535,184
0.00489902496338,183
0.0052318572998,182
0.00527000427246,181
0.00599789619446,180
0.00603890419006,179
0.00616502761841,178
0.00822496414185,177
0.00882291793823,176
0.00958299636841,175
0.00961685180664,174
0.0102100372314,173
0.0113210678101,172
0.0132298469543,171
0.0178220272064,170
0.0181150436401,169
0.0255570411682,168
0.0395438671112,167
0.0438680648804,166
0.0450909137726,165
0.0767149925232,164
0.142809867859,163
0.145686864853,162
0.150889873505,161
0.286154031754,160
