0.00199198722839,197
0.00201392173767,196
0.00204086303711,195
0.00206184387207,194
0.00212287902832,193
0.00218391418457,192
0.00220799446106,191
0.00226783752441,190
0.00230884552002,189
0.00235199928284,188
0.00251388549805,187
0.00269389152527,186
0.00281596183777,185
0.00290703773499,184
0.0030779838562,183
0.00346183776855,182
0.00384402275085,181
0.00419497489929,180
0.00520396232605,179
0.00524401664734,178
0.00540089607239,177
0.00558805465698,176
0.00760102272034,175
0.00787401199341,174
0.00802206993103,173
0.00968503952026,172
0.0122539997101,171
0.0126800537109,170
0.0135729312897,169
0.0137748718262,168
0.0189960002899,167
0.0191979408264,166
0.0394170284271,165
0.0664050579071,164
0.124094963074,163
0.356814861298,162
0.44612288475,161
0.460098028183,160
