0.00196814537048,197
0.00199222564697,196
0.00201606750488,195
0.00203609466553,194
0.00209307670593,193
0.00213313102722,192
0.00215411186218,191
0.0021710395813,190
0.0022611618042,189
0.00231719017029,188
0.00239706039429,187
0.00243306159973,186
0.00249314308167,185
0.00253200531006,184
0.00283312797546,183
0.00287008285522,182
0.00292611122131,181
0.00324606895447,180
0.00328016281128,179
0.00417518615723,178
0.00478410720825,177
0.00654721260071,176
0.00821709632874,175
0.0104131698608,174
0.0107412338257,173
0.0127761363983,172
0.0134170055389,171
0.0147511959076,170
0.0150821208954,169
0.0167901515961,168
0.0377390384674,167
0.0652611255646,166
0.0668771266937,165
0.0802872180939,164
0.164819002151,163
0.176315069199,162
0.469310998917,161
0.503608226776,160
0.861800193787,159
