0.00197601318359,197
0.00200510025024,196
0.00202798843384,195
0.00205397605896,194
0.00207209587097,193
0.00213813781738,192
0.00216197967529,191
0.00218200683594,190
0.00220608711243,189
0.00239205360413,188
0.00253105163574,187
0.00255298614502,186
0.0027449131012,185
0.00314712524414,184
0.00333714485168,183
0.00346302986145,182
0.00399899482727,181
0.0043420791626,180
0.00446701049805,179
0.00469994544983,178
0.00471901893616,177
0.00762605667114,176
0.00797414779663,175
0.008052110672,174
0.0101130008698,173
0.0145721435547,172
0.0156850814819,171
0.0168130397797,170
0.0216710567474,169
0.0320229530334,168
0.043741941452,167
0.0440580844879,166
0.0718679428101,165
0.108575105667,164
0.122041940689,163
0.164406061172,162
0.235840082169,161
0.287807941437,160
0.744342088699,159
