0.00382304191589,1460
0.00392985343933,1459
0.00403189659119,1458
0.00409507751465,1457
0.00420093536377,1456
0.00425791740417,1455
0.00438404083252,1454
0.00450086593628,1453
0.00459098815918,1452
0.00471591949463,1451
0.00482296943665,1450
0.0048840045929,1449
0.00501203536987,1448
0.00510692596436,1447
0.00522208213806,1446
0.0053129196167,1445
0.00544905662537,1444
0.00555086135864,1443
0.00577592849731,1442
0.00584197044373,1441
0.00594091415405,1440
0.00621485710144,1439
0.00629305839539,1438
0.00637102127075,1437
0.00646996498108,1436
0.00658488273621,1435
0.00664401054382,1434
0.00677394866943,1433
0.00689506530762,1432
0.00696396827698,1431
0.00705504417419,1430
0.00711393356323,1429
0.00725197792053,1428
0.00736904144287,1427
0.00749588012695,1426
0.0075888633728,1425
0.00768303871155,1424
0.00781393051147,1423
0.00799489021301,1422
0.00818586349487,1421
0.00832486152649,1420
0.0084490776062,1419
0.00856995582581,1418
0.00866508483887,1417
0.0087878704071,1416
0.00885891914368,1415
0.00931406021118,1414
0.00937294960022,1413
0.00945591926575,1412
0.009516954422,1411
0.00958395004272,1410
0.00967407226562,1409
0.00978899002075,1408
0.00989699363708,1407
0.010027885437,1406
0.0102498531342,1405
0.0104560852051,1404
0.0105738639832,1403
0.0106830596924,1402
0.0107610225677,1401
0.0108749866486,1400
0.0109560489655,1399
0.0110518932343,1398
0.0111730098724,1397
0.0112969875336,1396
0.0114090442657,1395
0.0115089416504,1394
0.0116169452667,1393
0.0117340087891,1392
0.0119218826294,1391
0.0121228694916,1390
0.0123229026794,1389
0.0124130249023,1388
0.0126080513,1387
0.0127120018005,1386
0.0128200054169,1385
0.0129330158234,1384
0.0132598876953,1383
0.0133910179138,1382
0.0135269165039,1381
0.0136580467224,1380
0.0137329101562,1379
0.0138349533081,1378
0.014004945755,1377
0.0142920017242,1376
0.0143630504608,1375
0.0145950317383,1374
0.0147669315338,1373
0.0149140357971,1372
0.0150249004364,1371
0.0151360034943,1370
0.0152099132538,1369
0.0153980255127,1368
0.0154860019684,1367
0.0155909061432,1366
0.0157189369202,1365
0.0157759189606,1364
0.0158550739288,1363
0.0161259174347,1362
0.0162699222565,1361
0.0163719654083,1360
0.0164339542389,1359
0.0165228843689,1358
0.0166249275208,1357
0.016695022583,1356
0.0167410373688,1355
0.0167870521545,1354
0.0169439315796,1353
0.0169990062714,1352
0.0172290802002,1351
0.0174870491028,1350
0.0178909301758,1349
0.0179860591888,1348
0.0181279182434,1347
0.0181849002838,1346
0.0182309150696,1345
0.0183398723602,1344
0.0183959007263,1343
0.0184578895569,1342
0.0186328887939,1341
0.0189619064331,1340
0.0190958976746,1339
0.0191838741302,1338
0.019259929657,1337
0.0193159580231,1336
0.0193829536438,1335
0.0194420814514,1334
0.0197410583496,1333
0.019819021225,1332
0.0198600292206,1331
0.0199790000916,1330
0.0201170444489,1329
0.0205659866333,1328
0.0206689834595,1327
0.0207679271698,1326
0.0209510326385,1325
0.0210030078888,1324
0.0211470127106,1323
0.0212140083313,1322
0.0213959217072,1321
0.0215449333191,1320
0.0216369628906,1319
0.0220060348511,1318
0.0220639705658,1317
0.0221500396729,1316
0.0222668647766,1315
0.0223779678345,1314
0.022490978241,1313
0.0225808620453,1312
0.0226490497589,1311
0.0227148532867,1310
0.0228130817413,1309
0.0231120586395,1308
0.0232238769531,1307
0.0233070850372,1306
0.0234508514404,1305
0.023738861084,1304
0.0238258838654,1303
0.0239560604095,1302
0.0240709781647,1301
0.02414894104,1300
0.0242109298706,1299
0.0243859291077,1298
0.0244338512421,1297
0.0246748924255,1296
0.0247640609741,1295
0.0248198509216,1294
0.0249810218811,1293
0.0251798629761,1292
0.0254249572754,1291
0.0255839824677,1290
0.0259549617767,1289
0.0260329246521,1288
0.026104927063,1287
0.0261640548706,1286
0.0262999534607,1285
0.0263850688934,1284
0.0264658927917,1283
0.0265340805054,1282
0.0266439914703,1281
0.0267589092255,1280
0.0267980098724,1279
0.0269269943237,1278
0.0270640850067,1277
0.0275020599365,1276
0.0276019573212,1275
0.0279500484467,1274
0.0282890796661,1273
0.0283560752869,1272
0.0285489559174,1271
0.0286190509796,1270
0.0287590026855,1269
0.0288639068604,1268
0.0290169715881,1267
0.0292930603027,1266
0.0295948982239,1265
0.0298418998718,1264
0.0299379825592,1263
0.0301599502563,1262
0.0305380821228,1261
0.0308358669281,1260
0.0310668945312,1259
0.0311088562012,1258
0.0311870574951,1257
0.0312299728394,1256
0.0313940048218,1255
0.0316269397736,1254
0.0318748950958,1253
0.0319600105286,1252
0.0320699214935,1251
0.0322120189667,1250
0.0322909355164,1249
0.0324220657349,1248
0.0326910018921,1247
0.0327708721161,1246
0.0329639911652,1245
0.0330638885498,1244
0.0332169532776,1243
0.0333058834076,1242
0.0334739685059,1241
0.0335290431976,1240
0.033597946167,1239
0.0336830615997,1238
0.0337810516357,1237
0.0339200496674,1236
0.034157037735,1235
0.0342569351196,1234
0.0346789360046,1233
0.0347208976746,1232
0.0347690582275,1231
0.0350048542023,1230
0.035099029541,1229
0.0352320671082,1228
0.0353169441223,1227
0.0357849597931,1226
0.0359389781952,1225
0.0361640453339,1224
0.0362720489502,1223
0.0363709926605,1222
0.0365459918976,1221
0.0368309020996,1220
0.0372538566589,1219
0.0374739170074,1218
0.0380880832672,1217
0.0382299423218,1216
0.0384578704834,1215
0.0387330055237,1214
0.0390639305115,1213
0.0394718647003,1212
0.0395760536194,1211
0.0396220684052,1210
0.0399730205536,1209
0.040118932724,1208
0.0402250289917,1207
0.0403859615326,1206
0.0404670238495,1205
0.0405919551849,1204
0.0408148765564,1203
0.0409798622131,1202
0.0412418842316,1201
0.0413248538971,1200
0.0414550304413,1199
0.0421168804169,1198
0.0421929359436,1197
0.0423319339752,1196
0.0426640510559,1195
0.0428619384766,1194
0.0429890155792,1193
0.0431499481201,1192
0.043338060379,1191
0.0434219837189,1190
0.0436239242554,1189
0.0436868667603,1188
0.0438680648804,1187
0.044086933136,1186
0.0442850589752,1185
0.0444090366364,1184
0.0446438789368,1183
0.044753074646,1182
0.0449800491333,1181
0.0454590320587,1180
0.0457429885864,1179
0.0458769798279,1178
0.0461270809174,1177
0.0464658737183,1176
0.0465340614319,1175
0.0467128753662,1174
0.0469739437103,1173
0.0472609996796,1172
0.0473399162292,1171
0.0474028587341,1170
0.0482699871063,1169
0.0485110282898,1168
0.0485999584198,1167
0.0489468574524,1166
0.0489900112152,1165
0.0490889549255,1164
0.0492608547211,1163
0.0493800640106,1162
0.0497620105743,1161
0.0505678653717,1160
0.0507490634918,1159
0.0508148670197,1158
0.0510230064392,1157
0.0510759353638,1156
0.0514590740204,1155
0.0515320301056,1154
0.0516929626465,1153
0.0518879890442,1152
0.0523679256439,1151
0.0528960227966,1150
0.0530378818512,1149
0.0536868572235,1148
0.0540080070496,1147
0.0541808605194,1146
0.0542690753937,1145
0.0545899868011,1144
0.0547540187836,1143
0.0549619197845,1142
0.0555710792542,1141
0.0561649799347,1140
0.0562789440155,1139
0.0567018985748,1138
0.0571820735931,1137
0.0572650432587,1136
0.0574369430542,1135
0.0581829547882,1134
0.0582809448242,1133
0.0583419799805,1132
0.0586500167847,1131
0.0591309070587,1130
0.0591700077057,1129
0.0593299865723,1128
0.0596289634705,1127
0.0606050491333,1126
0.0615060329437,1125
0.061784029007,1124
0.0618760585785,1123
0.0619568824768,1122
0.062178850174,1121
0.0623490810394,1120
0.0623850822449,1119
0.062460899353,1118
0.062567949295,1117
0.0626170635223,1116
0.0628318786621,1115
0.0632660388947,1114
0.0641040802002,1113
0.0645060539246,1112
0.0647208690643,1111
0.0649440288544,1110
0.0653400421143,1109
0.0654928684235,1108
0.0655789375305,1107
0.0659170150757,1106
0.0659830570221,1105
0.0660929679871,1104
0.0662090778351,1103
0.0666170120239,1102
0.0668618679047,1101
0.0673379898071,1100
0.0678429603577,1099
0.0679929256439,1098
0.0683648586273,1097
0.0685119628906,1096
0.0685858726501,1095
0.0704410076141,1094
0.0708658695221,1093
0.0712249279022,1092
0.0713329315186,1091
0.0716018676758,1090
0.0718369483948,1089
0.071907043457,1088
0.0724549293518,1087
0.0726370811462,1086
0.0727128982544,1085
0.0728240013123,1084
0.0732169151306,1083
0.0738098621368,1082
0.0742819309235,1081
0.0744168758392,1080
0.0744760036469,1079
0.0747919082642,1078
0.0756089687347,1077
0.0757389068604,1076
0.0760049819946,1075
0.0760488510132,1074
0.0763778686523,1073
0.0764398574829,1072
0.0767300128937,1071
0.077094078064,1070
0.0775458812714,1069
0.0779490470886,1068
0.078057050705,1067
0.0782668590546,1066
0.0788400173187,1065
0.079400062561,1064
0.0794658660889,1063
0.0795919895172,1062
0.0798308849335,1061
0.0801260471344,1060
0.0803060531616,1059
0.0804920196533,1058
0.0807840824127,1057
0.0811688899994,1056
0.0821568965912,1055
0.0823400020599,1054
0.0827989578247,1053
0.0834550857544,1052
0.0837230682373,1051
0.0838749408722,1050
0.0840609073639,1049
0.0843269824982,1048
0.0845010280609,1047
0.0847780704498,1046
0.0852179527283,1045
0.0857520103455,1044
0.085816860199,1043
0.086030960083,1042
0.0867218971252,1041
0.0868048667908,1040
0.0869069099426,1039
0.0870809555054,1038
0.0872149467468,1037
0.0873730182648,1036
0.0879168510437,1035
0.0879819393158,1034
0.0885770320892,1033
0.0886700153351,1032
0.0892159938812,1031
0.0905680656433,1030
0.091038942337,1029
0.0914330482483,1028
0.0919508934021,1027
0.0924429893494,1026
0.0925090312958,1025
0.0927090644836,1024
0.0932378768921,1023
0.0936179161072,1022
0.0937700271606,1021
0.0940129756927,1020
0.0942618846893,1019
0.0946249961853,1018
0.0947110652924,1017
0.0947639942169,1016
0.0949449539185,1015
0.0951080322266,1014
0.0954508781433,1013
0.0957989692688,1012
0.0962560176849,1011
0.0970389842987,1010
0.0979690551758,1009
0.0982840061188,1008
0.09938788414,1007
0.0995059013367,1006
0.100063085556,1005
0.100507974625,1004
0.100667953491,1003
0.101265907288,1002
0.101994991302,1001
0.103442907333,1000
0.103904008865,999
0.104208946228,998
0.104292869568,997
0.104961872101,996
0.105052947998,995
0.105756998062,994
0.106210947037,993
0.106515884399,992
0.106649875641,991
0.106775045395,990
0.106833934784,989
0.107148885727,988
0.107281923294,987
0.107341051102,986
0.107446908951,985
0.107862949371,984
0.108556032181,983
0.108641862869,982
0.108691930771,981
0.109219074249,980
0.111326932907,979
0.111588001251,978
0.111816883087,977
0.112936019897,976
0.114208936691,975
0.11577796936,974
0.115899085999,973
0.11656498909,972
0.117117881775,971
0.117356061935,970
0.118481874466,969
0.118663072586,968
0.11882185936,967
0.119046926498,966
0.119313001633,965
0.120339870453,964
0.120662927628,963
0.120776891708,962
0.120943069458,961
0.121027946472,960
0.121824026108,959
0.122298955917,958
0.122792005539,957
0.1241710186,956
0.124779939651,955
0.125962972641,954
0.126174926758,953
0.1267619133,952
0.12685585022,951
0.127161026001,950
0.127532958984,949
0.127604961395,948
0.128010034561,947
0.128586053848,946
0.128758907318,945
0.129384040833,944
0.129908084869,943
0.130492925644,942
0.130542993546,941
0.131234884262,940
0.131737947464,939
0.131921052933,938
0.132209062576,937
0.132647037506,936
0.132752895355,935
0.132822036743,934
0.133082866669,933
0.133194923401,932
0.134698867798,931
0.134755849838,930
0.13512301445,929
0.135298013687,928
0.135366916656,927
0.135756969452,926
0.136476993561,925
0.136888027191,924
0.137423992157,923
0.137477874756,922
0.13774394989,921
0.13818192482,920
0.138581037521,919
0.140460014343,918
0.140920877457,917
0.141265869141,916
0.267407894135,915
0.269558906555,914
0.270601034164,913
0.528790950775,912
0.789283037186,911
0.921117067337,910
0.923791885376,909
0.926594018936,908
1.06671285629,907
1.06893491745,906
1.37086486816,905
1.37322807312,904
1.37403893471,903
1.52098989487,902
1.78155398369,901
1.78223085403,900
