0.00576305389404,1460
0.00597214698792,1459
0.00616717338562,1458
0.00644421577454,1457
0.00660920143127,1456
0.00676202774048,1455
0.0069591999054,1454
0.00707006454468,1453
0.00714111328125,1452
0.00720310211182,1451
0.00731205940247,1450
0.00737309455872,1449
0.0074942111969,1448
0.00757002830505,1447
0.0077211856842,1446
0.00787305831909,1445
0.00793814659119,1444
0.00808310508728,1443
0.00823903083801,1442
0.0083441734314,1441
0.00845003128052,1440
0.00853800773621,1439
0.00866413116455,1438
0.00873517990112,1437
0.00885701179504,1436
0.0090160369873,1435
0.00908613204956,1434
0.0091860294342,1433
0.00929808616638,1432
0.00939607620239,1431
0.00951814651489,1430
0.00967502593994,1429
0.00988411903381,1428
0.010046005249,1427
0.0101270675659,1426
0.0102210044861,1425
0.0102829933167,1424
0.0104050636292,1423
0.0104901790619,1422
0.0105850696564,1421
0.010703086853,1420
0.0107760429382,1419
0.0108830928802,1418
0.0109550952911,1417
0.0110499858856,1416
0.0111210346222,1415
0.011244058609,1414
0.0114281177521,1413
0.0115461349487,1412
0.011666059494,1411
0.0117380619049,1410
0.0120720863342,1409
0.0121610164642,1408
0.012234210968,1407
0.0123071670532,1406
0.0124650001526,1405
0.0126581192017,1404
0.0127701759338,1403
0.0128490924835,1402
0.0129280090332,1401
0.0130732059479,1400
0.0131521224976,1399
0.0133271217346,1398
0.0134100914001,1397
0.0134701728821,1396
0.0135350227356,1395
0.0136611461639,1394
0.0137560367584,1393
0.0138750076294,1392
0.0139391422272,1391
0.0141701698303,1390
0.0142571926117,1389
0.0143802165985,1388
0.0145630836487,1387
0.0146470069885,1386
0.0147521495819,1385
0.0148530006409,1384
0.0149531364441,1383
0.0151240825653,1382
0.0157680511475,1381
0.0160582065582,1380
0.0163102149963,1379
0.016391992569,1378
0.0164821147919,1377
0.0166130065918,1376
0.0169041156769,1375
0.0170130729675,1374
0.0171999931335,1373
0.0172991752625,1372
0.0174012184143,1371
0.0174641609192,1370
0.0178151130676,1369
0.0179560184479,1368
0.0181000232697,1367
0.0182321071625,1366
0.0183520317078,1365
0.0185570716858,1364
0.018728017807,1363
0.0190300941467,1362
0.0191230773926,1361
0.0192790031433,1360
0.0193300247192,1359
0.0194561481476,1358
0.0195441246033,1357
0.0197432041168,1356
0.0198380947113,1355
0.0199010372162,1354
0.0199780464172,1353
0.0201811790466,1352
0.0202770233154,1351
0.0205881595612,1350
0.0206851959229,1349
0.0209271907806,1348
0.0209941864014,1347
0.0212061405182,1346
0.0214509963989,1345
0.0215201377869,1344
0.0217390060425,1343
0.0220839977264,1342
0.0222551822662,1341
0.0225760936737,1340
0.0226390361786,1339
0.0227761268616,1338
0.0228571891785,1337
0.0229270458221,1336
0.0231621265411,1335
0.0233430862427,1334
0.0234751701355,1333
0.0235841274261,1332
0.0236899852753,1331
0.0237731933594,1330
0.0238242149353,1329
0.0240139961243,1328
0.0241160392761,1327
0.0241770744324,1326
0.0242750644684,1325
0.0245380401611,1324
0.0247611999512,1323
0.0248792171478,1322
0.0250260829926,1321
0.0250890254974,1320
0.0252470970154,1319
0.025395154953,1318
0.0257420539856,1317
0.0260031223297,1316
0.0261180400848,1315
0.0262141227722,1314
0.026388168335,1313
0.026465177536,1312
0.0265262126923,1311
0.0267641544342,1310
0.0269181728363,1309
0.0270051956177,1308
0.0270590782166,1307
0.0273320674896,1306
0.0274891853333,1305
0.0276851654053,1304
0.0278911590576,1303
0.0284190177917,1302
0.0285060405731,1301
0.0288071632385,1300
0.0289700031281,1299
0.0290901660919,1298
0.0292952060699,1297
0.0294330120087,1296
0.0294940471649,1295
0.0295820236206,1294
0.0300080776215,1293
0.030100107193,1292
0.0303010940552,1291
0.0303912162781,1290
0.030501127243,1289
0.0307021141052,1288
0.0310051441193,1287
0.0313119888306,1286
0.0314910411835,1285
0.0315880775452,1284
0.0316681861877,1283
0.031818151474,1282
0.0319521427155,1281
0.0322182178497,1280
0.0323791503906,1279
0.0326120853424,1278
0.0326731204987,1277
0.0329082012177,1276
0.0331301689148,1275
0.0331799983978,1274
0.0332701206207,1273
0.03364610672,1272
0.0337431430817,1271
0.0338971614838,1270
0.0339841842651,1269
0.034154176712,1268
0.0342571735382,1267
0.0343890190125,1266
0.0345380306244,1265
0.0345830917358,1264
0.034677028656,1263
0.0348100662231,1262
0.0350441932678,1261
0.0351850986481,1260
0.0352711677551,1259
0.0354650020599,1258
0.0355660915375,1257
0.0361289978027,1256
0.0362319946289,1255
0.036404132843,1254
0.036502122879,1253
0.0366251468658,1252
0.0367441177368,1251
0.036924123764,1250
0.0370900630951,1249
0.0376482009888,1248
0.0379300117493,1247
0.0382091999054,1246
0.0384612083435,1245
0.0386080741882,1244
0.0389931201935,1243
0.0391230583191,1242
0.0393030643463,1241
0.0394530296326,1240
0.0400321483612,1239
0.0401110649109,1238
0.04044008255,1237
0.0406100749969,1236
0.0409491062164,1235
0.0410730838776,1234
0.0413250923157,1233
0.0414161682129,1232
0.0415961742401,1231
0.0416450500488,1230
0.0419101715088,1229
0.0422551631927,1228
0.0423641204834,1227
0.0424430370331,1226
0.0425961017609,1225
0.0430591106415,1224
0.0434250831604,1223
0.0435600280762,1222
0.0436270236969,1221
0.0438611507416,1220
0.0439372062683,1219
0.0441100597382,1218
0.0441701412201,1217
0.0449321269989,1216
0.0450031757355,1215
0.0453131198883,1214
0.0454170703888,1213
0.0459082126617,1212
0.0462911128998,1211
0.0463712215424,1210
0.046459197998,1209
0.0467131137848,1208
0.0469641685486,1207
0.0471050739288,1206
0.0471510887146,1205
0.0473411083221,1204
0.0474162101746,1203
0.0481131076813,1202
0.0486421585083,1201
0.048840045929,1200
0.0490760803223,1199
0.0493001937866,1198
0.0494220256805,1197
0.049506187439,1196
0.0496380329132,1195
0.0500152111053,1194
0.0502421855927,1193
0.0506501197815,1192
0.0507340431213,1191
0.0508341789246,1190
0.0509271621704,1189
0.0510010719299,1188
0.0514550209045,1187
0.0515491962433,1186
0.0524551868439,1185
0.0525879859924,1184
0.0527031421661,1183
0.0528471469879,1182
0.0530960559845,1181
0.0532732009888,1180
0.0533452033997,1179
0.0535039901733,1178
0.0537791252136,1177
0.0541040897369,1176
0.0545511245728,1175
0.0549900531769,1174
0.0552060604095,1173
0.0553572177887,1172
0.0554230213165,1171
0.0555281639099,1170
0.0555770397186,1169
0.0558681488037,1168
0.0564730167389,1167
0.0565600395203,1166
0.0568671226501,1165
0.0569081306458,1164
0.0569710731506,1163
0.0572581291199,1162
0.0578532218933,1161
0.0581080913544,1160
0.0583231449127,1159
0.0584690570831,1158
0.0593161582947,1157
0.0593721866608,1156
0.0597810745239,1155
0.0599191188812,1154
0.0600411891937,1153
0.0603270530701,1152
0.0607280731201,1151
0.0610620975494,1150
0.0615282058716,1149
0.0617082118988,1148
0.0618460178375,1147
0.0618970394135,1146
0.0619690418243,1145
0.062087059021,1144
0.062557220459,1143
0.0626451969147,1142
0.0627191066742,1141
0.0629861354828,1140
0.0631320476532,1139
0.0632631778717,1138
0.0638270378113,1137
0.0639681816101,1136
0.0640389919281,1135
0.0641391277313,1134
0.0643231868744,1133
0.0646290779114,1132
0.064738035202,1131
0.0649230480194,1130
0.0651919841766,1129
0.0652601718903,1128
0.0662519931793,1127
0.0664939880371,1126
0.0665531158447,1125
0.066801071167,1124
0.0675060749054,1123
0.0683150291443,1122
0.0684731006622,1121
0.0685391426086,1120
0.0685930252075,1119
0.0698862075806,1118
0.0703871250153,1117
0.0708000659943,1116
0.0709609985352,1115
0.0714120864868,1114
0.0716931819916,1113
0.0718212127686,1112
0.0719292163849,1111
0.0727951526642,1110
0.0730822086334,1109
0.0732431411743,1108
0.0735111236572,1107
0.0737590789795,1106
0.0738871097565,1105
0.0739591121674,1104
0.074184179306,1103
0.0743970870972,1102
0.074784040451,1101
0.074923992157,1100
0.0750811100006,1099
0.0759060382843,1098
0.0760700702667,1097
0.0766861438751,1096
0.0768539905548,1095
0.0776960849762,1094
0.0777900218964,1093
0.0778350830078,1092
0.0780181884766,1091
0.0785801410675,1090
0.0787460803986,1089
0.0788660049438,1088
0.0793120861053,1087
0.0800180435181,1086
0.0801041126251,1085
0.0804781913757,1084
0.0806050300598,1083
0.0807461738586,1082
0.0808842182159,1081
0.0815320014954,1080
0.0825600624084,1079
0.0829582214355,1078
0.0830941200256,1077
0.0837450027466,1076
0.0838840007782,1075
0.0839200019836,1074
0.0845620632172,1073
0.084813117981,1072
0.084892988205,1071
0.0852382183075,1070
0.0854561328888,1069
0.0857231616974,1068
0.085853099823,1067
0.0858960151672,1066
0.0859501361847,1065
0.086067199707,1064
0.0861580371857,1063
0.0862720012665,1062
0.0864970684052,1061
0.0869371891022,1060
0.0870621204376,1059
0.0873551368713,1058
0.0874290466309,1057
0.0880382061005,1056
0.0884201526642,1055
0.0885891914368,1054
0.0888760089874,1053
0.088944196701,1052
0.0892012119293,1051
0.0894792079926,1050
0.090261220932,1049
0.0905511379242,1048
0.0907690525055,1047
0.0909421443939,1046
0.0913851261139,1045
0.0915350914001,1044
0.0916152000427,1043
0.0917780399323,1042
0.0918660163879,1041
0.0919420719147,1040
0.0919961929321,1039
0.0926702022552,1038
0.092835187912,1037
0.0930352210999,1036
0.0931560993195,1035
0.0939722061157,1034
0.0941441059113,1033
0.0948572158813,1032
0.0951890945435,1031
0.0952501296997,1030
0.0956740379333,1029
0.0957660675049,1028
0.096127986908,1027
0.0963830947876,1026
0.0965311527252,1025
0.0973620414734,1024
0.0983650684357,1023
0.0986261367798,1022
0.098865032196,1021
0.0991680622101,1020
0.0996692180634,1019
0.0999851226807,1018
0.100291013718,1017
0.100447177887,1016
0.100646018982,1015
0.10073018074,1014
0.101441144943,1013
0.102173089981,1012
0.102354049683,1011
0.102618217468,1010
0.10299706459,1009
0.103389024734,1008
0.103862047195,1007
0.103935003281,1006
0.104462146759,1005
0.104536056519,1004
0.105459213257,1003
0.10574221611,1002
0.10631608963,1001
0.106651067734,1000
0.106698036194,999
0.10685801506,998
0.107094049454,997
0.107223987579,996
0.107290029526,995
0.107362985611,994
0.107451200485,993
0.107674121857,992
0.107949018478,991
0.108005046844,990
0.108433008194,989
0.109101057053,988
0.10929608345,987
0.109368085861,986
0.109482049942,985
0.109870195389,984
0.110018014908,983
0.11022400856,982
0.110854148865,981
0.11208319664,980
0.112523078918,979
0.112686157227,978
0.113071203232,977
0.11449098587,976
0.11464214325,975
0.11539721489,974
0.115709066391,973
0.116791009903,972
0.116939067841,971
0.117579221725,970
0.117645025253,969
0.117774009705,968
0.11842918396,967
0.118494033813,966
0.11946606636,965
0.121704101562,964
0.121915102005,963
0.122598171234,962
0.122990131378,961
0.123131990433,960
0.123269081116,959
0.123347997665,958
0.124324083328,957
0.125164031982,956
0.125552177429,955
0.126183986664,954
0.126306056976,953
0.12645316124,952
0.128710031509,951
0.130728006363,950
0.131656169891,949
0.134744167328,948
0.135842084885,947
0.135896205902,946
0.135943174362,945
0.136087179184,944
0.136192083359,943
0.136775016785,942
0.138006210327,941
0.139483213425,940
0.139757156372,939
0.142043113708,938
0.142487049103,937
0.142729997635,936
0.143082141876,935
0.144225120544,934
0.144945144653,933
0.14580821991,932
0.14670419693,931
0.147058010101,930
0.147441148758,929
0.148416042328,928
0.276939153671,927
0.278999090195,926
0.279965162277,925
0.396469116211,924
0.396738052368,923
0.397587060928,922
0.403529167175,921
0.404687166214,920
0.405028104782,919
0.40540099144,918
0.407019138336,917
0.408172130585,916
0.410644054413,915
0.52888917923,914
0.539157152176,913
0.813131093979,912
0.813914060593,911
0.818209171295,910
1.2520430088,909
1.2536251545,908
1.25482916832,907
1.39824604988,906
1.39948320389,905
2.08491921425,904
2.2084851265,903
2.20936608315,902
2.21487617493,901
