0.00577187538147,1460
0.00596690177917,1459
0.00612688064575,1458
0.00620198249817,1457
0.00627398490906,1456
0.00639796257019,1455
0.00647592544556,1454
0.00653386116028,1453
0.0066339969635,1452
0.00670695304871,1451
0.00676798820496,1450
0.00690388679504,1449
0.00697588920593,1448
0.00706791877747,1447
0.00714182853699,1446
0.00725603103638,1445
0.00740003585815,1444
0.00755095481873,1443
0.00767302513123,1442
0.00775790214539,1441
0.00794982910156,1440
0.00803089141846,1439
0.00815296173096,1438
0.00827383995056,1437
0.00835299491882,1436
0.00841689109802,1435
0.00847387313843,1434
0.00855302810669,1433
0.00868487358093,1432
0.00882482528687,1431
0.00895881652832,1430
0.00903487205505,1429
0.00915098190308,1428
0.00926494598389,1427
0.00947785377502,1426
0.00953388214111,1425
0.00962996482849,1424
0.00988698005676,1423
0.00998687744141,1422
0.0100939273834,1421
0.0101668834686,1420
0.0102479457855,1419
0.010479927063,1418
0.010586977005,1417
0.0107009410858,1416
0.010764837265,1415
0.0108549594879,1414
0.0110368728638,1413
0.0111169815063,1412
0.0111830234528,1411
0.0113198757172,1410
0.011433839798,1409
0.0115549564362,1408
0.0116379261017,1407
0.0117290019989,1406
0.0117988586426,1405
0.0119409561157,1404
0.0120449066162,1403
0.0121598243713,1402
0.0122399330139,1401
0.0124440193176,1400
0.0125138759613,1399
0.0125949382782,1398
0.0127079486847,1397
0.0127999782562,1396
0.0129888057709,1395
0.0130519866943,1394
0.0131509304047,1393
0.0133328437805,1392
0.0134630203247,1391
0.0136649608612,1390
0.0137419700623,1389
0.0138230323792,1388
0.0139048099518,1387
0.0139818191528,1386
0.0141780376434,1385
0.0143058300018,1384
0.0144398212433,1383
0.0146429538727,1382
0.0148179531097,1381
0.0149509906769,1380
0.0150918960571,1379
0.0151789188385,1378
0.0152559280396,1377
0.0153620243073,1376
0.0156400203705,1375
0.0157198905945,1374
0.0157859325409,1373
0.0160608291626,1372
0.0162718296051,1371
0.016429901123,1370
0.0169110298157,1369
0.0170278549194,1368
0.0172300338745,1367
0.0173079967499,1366
0.0174059867859,1365
0.0176019668579,1364
0.0177309513092,1363
0.0178208351135,1362
0.0179109573364,1361
0.0179688930511,1360
0.0180459022522,1359
0.0182328224182,1358
0.0182809829712,1357
0.0183479785919,1356
0.0184500217438,1355
0.0186498165131,1354
0.0187079906464,1353
0.0188019275665,1352
0.0189628601074,1351
0.0191369056702,1350
0.0192070007324,1349
0.0192899703979,1348
0.019553899765,1347
0.0197448730469,1346
0.0198259353638,1345
0.019896030426,1344
0.0200879573822,1343
0.0201728343964,1342
0.0202260017395,1341
0.0203900337219,1340
0.0205140113831,1339
0.0210218429565,1338
0.0212409496307,1337
0.021332025528,1336
0.0214288234711,1335
0.0218019485474,1334
0.0219359397888,1333
0.0220010280609,1332
0.0220909118652,1331
0.0223059654236,1330
0.022351026535,1329
0.0224449634552,1328
0.022588968277,1327
0.0228388309479,1326
0.0229299068451,1325
0.0230078697205,1324
0.0231049060822,1323
0.0231919288635,1322
0.0232708454132,1321
0.0233688354492,1320
0.0236058235168,1319
0.0237839221954,1318
0.0239319801331,1317
0.024032831192,1316
0.0242168903351,1315
0.0243058204651,1314
0.0243988037109,1313
0.0245599746704,1312
0.024621963501,1311
0.0247089862823,1310
0.0247848033905,1309
0.0248839855194,1308
0.0249328613281,1307
0.0250339508057,1306
0.0251150131226,1305
0.0252239704132,1304
0.0253458023071,1303
0.0254418849945,1302
0.0255448818207,1301
0.0256299972534,1300
0.0257089138031,1299
0.0260889530182,1298
0.0262458324432,1297
0.0266218185425,1296
0.0266938209534,1295
0.0267930030823,1294
0.0268650054932,1293
0.0270299911499,1292
0.0271949768066,1291
0.0274229049683,1290
0.0275499820709,1289
0.0278038978577,1288
0.0280020236969,1287
0.0282118320465,1286
0.0283088684082,1285
0.0285270214081,1284
0.0286808013916,1283
0.0288228988647,1282
0.0288798809052,1281
0.0289459228516,1280
0.0290729999542,1279
0.0291619300842,1278
0.029275894165,1277
0.0296108722687,1276
0.0296909809113,1275
0.0299928188324,1274
0.0301899909973,1273
0.0302488803864,1272
0.0303339958191,1271
0.0306408405304,1270
0.0307250022888,1269
0.0308678150177,1268
0.0309360027313,1267
0.031131029129,1266
0.0314939022064,1265
0.0315668582916,1264
0.0321249961853,1263
0.032399892807,1262
0.0325748920441,1261
0.0327858924866,1260
0.0328888893127,1259
0.0332119464874,1258
0.0333688259125,1257
0.0335078239441,1256
0.0335748195648,1255
0.0336468219757,1254
0.0338628292084,1253
0.033942937851,1252
0.0340099334717,1251
0.0343389511108,1250
0.0344388484955,1249
0.0345718860626,1248
0.0347678661346,1247
0.0348749160767,1246
0.0350358486176,1245
0.0352578163147,1244
0.0354509353638,1243
0.0355448722839,1242
0.0356040000916,1241
0.0359578132629,1240
0.0363340377808,1239
0.0365319252014,1238
0.0366239547729,1237
0.0368919372559,1236
0.0369679927826,1235
0.0371479988098,1234
0.0373239517212,1233
0.0374119281769,1232
0.0374999046326,1231
0.0375969409943,1230
0.0377140045166,1229
0.0378680229187,1228
0.0380578041077,1227
0.0384278297424,1226
0.0385398864746,1225
0.0386879444122,1224
0.0387868881226,1223
0.0390079021454,1222
0.0391418933868,1221
0.0393810272217,1220
0.0395059585571,1219
0.0395929813385,1218
0.0396749973297,1217
0.0397808551788,1216
0.0403690338135,1215
0.0405759811401,1214
0.0409178733826,1213
0.0409948825836,1212
0.0411269664764,1211
0.0413420200348,1210
0.0414760112762,1209
0.041524887085,1208
0.0417349338531,1207
0.0417838096619,1206
0.0419068336487,1205
0.0422129631042,1204
0.0424299240112,1203
0.0428519248962,1202
0.0430059432983,1201
0.0431048870087,1200
0.0436508655548,1199
0.0437469482422,1198
0.0438859462738,1197
0.0439758300781,1196
0.0446438789368,1195
0.0448958873749,1194
0.0451669692993,1193
0.0453958511353,1192
0.0462889671326,1191
0.0463600158691,1190
0.0464978218079,1189
0.0465819835663,1188
0.0466439723969,1187
0.0469160079956,1186
0.0469830036163,1185
0.0470509529114,1184
0.0472598075867,1183
0.0476069450378,1182
0.0477068424225,1181
0.0481648445129,1180
0.048348903656,1179
0.0485098361969,1178
0.0485849380493,1177
0.0490319728851,1176
0.0491118431091,1175
0.0492420196533,1174
0.0499429702759,1173
0.050176858902,1172
0.0504238605499,1171
0.0505518913269,1170
0.0510289669037,1169
0.0521628856659,1168
0.0522329807281,1167
0.0528919696808,1166
0.0538508892059,1165
0.053915977478,1164
0.0542228221893,1163
0.0547518730164,1162
0.0551178455353,1161
0.0552580356598,1160
0.0553388595581,1159
0.0554208755493,1158
0.0556139945984,1157
0.0557148456573,1156
0.0559418201447,1155
0.0563538074493,1154
0.0571539402008,1153
0.0578949451447,1152
0.058109998703,1151
0.0582518577576,1150
0.0583689212799,1149
0.0592188835144,1148
0.0593678951263,1147
0.0596508979797,1146
0.0597369670868,1145
0.0598278045654,1144
0.0600879192352,1143
0.0606999397278,1142
0.0607769489288,1141
0.0616679191589,1140
0.0618999004364,1139
0.0620369911194,1138
0.0621268749237,1137
0.0623400211334,1136
0.0625348091125,1135
0.063316822052,1134
0.0634369850159,1133
0.063619852066,1132
0.0637609958649,1131
0.0640008449554,1130
0.064090013504,1129
0.0641448497772,1128
0.0646460056305,1127
0.0650298595428,1126
0.0658588409424,1125
0.0659568309784,1124
0.0662598609924,1123
0.0665378570557,1122
0.0668408870697,1121
0.0669898986816,1120
0.067234992981,1119
0.0674560070038,1118
0.0675489902496,1117
0.0678448677063,1116
0.0679578781128,1115
0.0680289268494,1114
0.0681519508362,1113
0.0682559013367,1112
0.0686528682709,1111
0.0689949989319,1110
0.0696778297424,1109
0.0706448554993,1108
0.070779800415,1107
0.0711209774017,1106
0.0715520381927,1105
0.0718059539795,1104
0.0719678401947,1103
0.0721499919891,1102
0.0722489356995,1101
0.0726189613342,1100
0.0732469558716,1099
0.0734779834747,1098
0.0736830234528,1097
0.0740358829498,1096
0.0748460292816,1095
0.0751650333405,1094
0.0759768486023,1093
0.0761668682098,1092
0.0762519836426,1091
0.0771858692169,1090
0.0774140357971,1089
0.0777258872986,1088
0.0779030323029,1087
0.078104019165,1086
0.0784139633179,1085
0.0789229869843,1084
0.0791318416595,1083
0.0793688297272,1082
0.0795979499817,1081
0.0796978473663,1080
0.0807988643646,1079
0.0809338092804,1078
0.0814368724823,1077
0.0814888477325,1076
0.0816688537598,1075
0.0819189548492,1074
0.0819590091705,1073
0.0820879936218,1072
0.08216381073,1071
0.0824749469757,1070
0.0829269886017,1069
0.0830478668213,1068
0.0835309028625,1067
0.0837118625641,1066
0.0838768482208,1065
0.0840489864349,1064
0.0845739841461,1063
0.0846219062805,1062
0.0846819877625,1061
0.0850009918213,1060
0.0856118202209,1059
0.0856950283051,1058
0.0858068466187,1057
0.0859129428864,1056
0.0872628688812,1055
0.0873289108276,1054
0.0875580310822,1053
0.087630033493,1052
0.088073015213,1051
0.0881578922272,1050
0.0883429050446,1049
0.0890638828278,1048
0.0892879962921,1047
0.0895419120789,1046
0.0895938873291,1045
0.0909509658813,1044
0.0910468101501,1043
0.0912988185883,1042
0.0917828083038,1041
0.0923149585724,1040
0.0939028263092,1039
0.0945689678192,1038
0.0947179794312,1037
0.0949559211731,1036
0.0951528549194,1035
0.095489025116,1034
0.0961630344391,1033
0.096391916275,1032
0.0971639156342,1031
0.0977728366852,1030
0.097886800766,1029
0.0982649326324,1028
0.0988969802856,1027
0.0992708206177,1026
0.0993189811707,1025
0.0996549129486,1024
0.100078821182,1023
0.100229024887,1022
0.10102391243,1021
0.101488828659,1020
0.10157084465,1019
0.102574825287,1018
0.102634906769,1017
0.10283780098,1016
0.102908849716,1015
0.104027986526,1014
0.104754924774,1013
0.104911804199,1012
0.105132818222,1011
0.105397939682,1010
0.105708837509,1009
0.105836868286,1008
0.106245994568,1007
0.106961011887,1006
0.107666969299,1005
0.107754945755,1004
0.108094930649,1003
0.108754873276,1002
0.108897924423,1001
0.109316825867,1000
0.109387874603,999
0.109890937805,998
0.110095024109,997
0.110309839249,996
0.110496997833,995
0.11079788208,994
0.111119031906,993
0.111373901367,992
0.111416816711,991
0.111814975739,990
0.112337827682,989
0.112752914429,988
0.112926959991,987
0.11328291893,986
0.113736867905,985
0.114244937897,984
0.114473819733,983
0.115437030792,982
0.115769863129,981
0.115836858749,980
0.117720842361,979
0.118168830872,978
0.118502855301,977
0.11878490448,976
0.119352817535,975
0.119864940643,974
0.119989871979,973
0.120169878006,972
0.120260953903,971
0.120555877686,970
0.120669841766,969
0.121095895767,968
0.122267961502,967
0.12268781662,966
0.122757911682,965
0.123689889908,964
0.12411403656,963
0.124763011932,962
0.125304937363,961
0.125370979309,960
0.126087903976,959
0.126396894455,958
0.126760005951,957
0.126977920532,956
0.127053022385,955
0.127480983734,954
0.127856016159,953
0.12793302536,952
0.128140926361,951
0.128906965256,950
0.130715847015,949
0.13306593895,948
0.134081840515,947
0.134253978729,946
0.134557962418,945
0.135022878647,944
0.135139942169,943
0.135792016983,942
0.136961936951,941
0.137312889099,940
0.137964963913,939
0.138931035995,938
0.139583826065,937
0.139668941498,936
0.139744997025,935
0.140162944794,934
0.140553951263,933
0.140949964523,932
0.141625881195,931
0.141782999039,930
0.141882896423,929
0.141954898834,928
0.142707824707,927
0.144095897675,926
0.145525932312,925
0.146112918854,924
0.146508932114,923
0.147089958191,922
0.147676944733,921
0.147832870483,920
0.26839184761,919
0.271633863449,918
0.276041984558,917
0.278437852859,916
0.278926849365,915
0.533792972565,914
0.536088943481,913
0.796139001846,912
0.918957948685,911
0.927850961685,910
1.06919980049,909
1.07383489609,908
1.07413482666,907
1.20662999153,906
1.62075591087,905
1.6214799881,904
1.75254893303,903
2.28927493095,902
2.2906229496,901
