0.00899982452393,4940
0.00921702384949,4939
0.00942492485046,4938
0.00964903831482,4937
0.010046005249,4936
0.0104179382324,4935
0.0107350349426,4934
0.0109009742737,4933
0.011216878891,4932
0.0115659236908,4931
0.0117499828339,4930
0.0119919776917,4929
0.0123178958893,4928
0.0125060081482,4927
0.0128169059753,4926
0.0130109786987,4925
0.0132458209991,4924
0.0133910179138,4923
0.0137870311737,4922
0.0139830112457,4921
0.014289855957,4920
0.0146059989929,4919
0.0149099826813,4918
0.0153248310089,4917
0.0158159732819,4916
0.0159878730774,4915
0.0161409378052,4914
0.0165269374847,4913
0.0167939662933,4912
0.0170109272003,4911
0.0172789096832,4910
0.0174579620361,4909
0.0176589488983,4908
0.0178639888763,4907
0.0181469917297,4906
0.0183148384094,4905
0.0184559822083,4904
0.0188000202179,4903
0.0190780162811,4902
0.0194599628448,4901
0.0198149681091,4900
0.0201849937439,4899
0.0205888748169,4898
0.0209209918976,4897
0.0212268829346,4896
0.0216159820557,4895
0.021773815155,4894
0.0221109390259,4893
0.022323846817,4892
0.0225968360901,4891
0.0229330062866,4890
0.0231029987335,4889
0.0233919620514,4888
0.0235829353333,4887
0.0239298343658,4886
0.0242669582367,4885
0.0246639251709,4884
0.0250308513641,4883
0.0252418518066,4882
0.0254018306732,4881
0.025671005249,4880
0.025810956955,4879
0.0261838436127,4878
0.0264558792114,4877
0.0267009735107,4876
0.0270979404449,4875
0.0273008346558,4874
0.027694940567,4873
0.0278639793396,4872
0.0280768871307,4871
0.0284559726715,4870
0.0287640094757,4869
0.0289700031281,4868
0.0291090011597,4867
0.0293529033661,4866
0.0297038555145,4865
0.0300838947296,4864
0.0302460193634,4863
0.0304720401764,4862
0.0307898521423,4861
0.0310258865356,4860
0.0313498973846,4859
0.0315849781036,4858
0.0317749977112,4857
0.0321369171143,4856
0.0322849750519,4855
0.0326569080353,4854
0.03297996521,4853
0.0331280231476,4852
0.0333149433136,4851
0.0336740016937,4850
0.034049987793,4849
0.0342388153076,4848
0.0344669818878,4847
0.0347018241882,4846
0.0348529815674,4845
0.0351538658142,4844
0.0355339050293,4843
0.0358419418335,4842
0.0361499786377,4841
0.0364468097687,4840
0.0366818904877,4839
0.0368399620056,4838
0.0371239185333,4837
0.0374109745026,4836
0.0375878810883,4835
0.0379810333252,4834
0.0383729934692,4833
0.038813829422,4832
0.0392818450928,4831
0.039608001709,4830
0.0397439002991,4829
0.0399768352509,4828
0.0404169559479,4827
0.0407848358154,4826
0.0411858558655,4825
0.0415728092194,4824
0.0417249202728,4823
0.0420248508453,4822
0.0424158573151,4821
0.042781829834,4820
0.0431218147278,4819
0.0434658527374,4818
0.0437579154968,4817
0.0439879894257,4816
0.0442039966583,4815
0.0444929599762,4814
0.0446698665619,4813
0.0449278354645,4812
0.0452890396118,4811
0.0454268455505,4810
0.0461008548737,4809
0.0464668273926,4808
0.0467970371246,4807
0.0471918582916,4806
0.0474138259888,4805
0.0477819442749,4804
0.0479528903961,4803
0.048182964325,4802
0.0484459400177,4801
0.0486288070679,4800
0.0488369464874,4799
0.0490930080414,4798
0.0494868755341,4797
0.0496349334717,4796
0.0499589443207,4795
0.0502638816833,4794
0.0504639148712,4793
0.0506188869476,4792
0.0511119365692,4791
0.051442861557,4790
0.0515840053558,4789
0.0517480373383,4788
0.0522768497467,4787
0.0528869628906,4786
0.0532469749451,4785
0.0533878803253,4784
0.0535459518433,4783
0.05379986763,4782
0.0540728569031,4781
0.0543978214264,4780
0.0547490119934,4779
0.0550220012665,4778
0.0554749965668,4777
0.0557909011841,4776
0.0560929775238,4775
0.0563268661499,4774
0.0567178726196,4773
0.0568768978119,4772
0.0571618080139,4771
0.05744099617,4770
0.0576219558716,4769
0.0578489303589,4768
0.0585298538208,4767
0.0587818622589,4766
0.0591399669647,4765
0.0594148635864,4764
0.0597958564758,4763
0.0600278377533,4762
0.060163974762,4761
0.0605669021606,4760
0.0607769489288,4759
0.061096906662,4758
0.0615408420563,4757
0.0618298053741,4756
0.0621998310089,4755
0.0625269412994,4754
0.0628929138184,4753
0.0631859302521,4752
0.0634000301361,4751
0.0637190341949,4750
0.0639519691467,4749
0.0643439292908,4748
0.0645658969879,4747
0.0647969245911,4746
0.0653228759766,4745
0.0655419826508,4744
0.0657429695129,4743
0.066116809845,4742
0.0664918422699,4741
0.0668108463287,4740
0.0672099590302,4739
0.0673978328705,4738
0.0677268505096,4737
0.0679500102997,4736
0.0681209564209,4735
0.0683488845825,4734
0.0686728954315,4733
0.068902015686,4732
0.0692269802094,4731
0.0695869922638,4730
0.0699739456177,4729
0.0702388286591,4728
0.0707039833069,4727
0.0709338188171,4726
0.0712959766388,4725
0.0716869831085,4724
0.0720038414001,4723
0.0722308158875,4722
0.0724189281464,4721
0.0727338790894,4720
0.072988986969,4719
0.0732588768005,4718
0.0734939575195,4717
0.0741229057312,4716
0.0742948055267,4715
0.0745229721069,4714
0.0746948719025,4713
0.0748298168182,4712
0.0751929283142,4711
0.0754249095917,4710
0.0758068561554,4709
0.0759918689728,4708
0.0761318206787,4707
0.0763189792633,4706
0.0764799118042,4705
0.076611995697,4704
0.0768828392029,4703
0.0771808624268,4702
0.0773739814758,4701
0.0777659416199,4700
0.0781400203705,4699
0.0786340236664,4698
0.0789308547974,4697
0.0792789459229,4696
0.0794308185577,4695
0.0795960426331,4694
0.0798699855804,4693
0.0800638198853,4692
0.0802049636841,4691
0.0805280208588,4690
0.0808229446411,4689
0.0811238288879,4688
0.081435918808,4687
0.081619977951,4686
0.0817608833313,4685
0.0820269584656,4684
0.0823819637299,4683
0.0827078819275,4682
0.0828919410706,4681
0.08327293396,4680
0.0836198329926,4679
0.0839128494263,4678
0.0840618610382,4677
0.0843348503113,4676
0.08455991745,4675
0.0848779678345,4674
0.0851449966431,4673
0.0854499340057,4672
0.0858159065247,4671
0.0860238075256,4670
0.0862920284271,4669
0.0864288806915,4668
0.0866479873657,4667
0.0870089530945,4666
0.0875890254974,4665
0.0877919197083,4664
0.0880658626556,4663
0.0882978439331,4662
0.0885348320007,4661
0.088711977005,4660
0.0889308452606,4659
0.0890820026398,4658
0.0892939567566,4657
0.0896258354187,4656
0.0898308753967,4655
0.0902988910675,4654
0.090616941452,4653
0.0907559394836,4652
0.0908908843994,4651
0.0912480354309,4650
0.0915310382843,4649
0.0919098854065,4648
0.0921938419342,4647
0.0924868583679,4646
0.092710018158,4645
0.0930650234222,4644
0.0933089256287,4643
0.0936899185181,4642
0.0940968990326,4641
0.0942468643188,4640
0.0945909023285,4639
0.0948119163513,4638
0.0951118469238,4637
0.0953388214111,4636
0.0957248210907,4635
0.0959529876709,4634
0.0961408615112,4633
0.0964260101318,4632
0.0967059135437,4631
0.0970799922943,4630
0.0973069667816,4629
0.097461938858,4628
0.097797870636,4627
0.098109960556,4626
0.0984690189362,4625
0.0986590385437,4624
0.0988509654999,4623
0.0991430282593,4622
0.0995268821716,4621
0.0996658802032,4620
0.100036859512,4619
0.100237846375,4618
0.100414037704,4617
0.10062789917,4616
0.100986003876,4615
0.1011698246,4614
0.101557016373,4613
0.101812839508,4612
0.101992845535,4611
0.102260828018,4610
0.102882862091,4609
0.103106021881,4608
0.103237867355,4607
0.103489875793,4606
0.103782892227,4605
0.103938817978,4604
0.104195833206,4603
0.104462862015,4602
0.104626893997,4601
0.104763031006,4600
0.104954004288,4599
0.105509996414,4598
0.105855941772,4597
0.106169939041,4596
0.106371879578,4595
0.106689929962,4594
0.106964826584,4593
0.10728096962,4592
0.107563972473,4591
0.107841968536,4590
0.108044862747,4589
0.10821890831,4588
0.108500003815,4587
0.108700037003,4586
0.108949899673,4585
0.109282970428,4584
0.109447956085,4583
0.109664916992,4582
0.109925031662,4581
0.110098838806,4580
0.110543012619,4579
0.110910892487,4578
0.111076831818,4577
0.111409902573,4576
0.111757040024,4575
0.112150907516,4574
0.112538814545,4573
0.113116979599,4572
0.113425970078,4571
0.113780021667,4570
0.114022016525,4569
0.114364862442,4568
0.114645004272,4567
0.114856958389,4566
0.115065813065,4565
0.115267038345,4564
0.11548781395,4563
0.115918874741,4562
0.116101980209,4561
0.116282939911,4560
0.116564035416,4559
0.116916894913,4558
0.117288827896,4557
0.117558002472,4556
0.117727994919,4555
0.117995023727,4554
0.118153810501,4553
0.118433952332,4552
0.118903875351,4551
0.119271039963,4550
0.119577884674,4549
0.119874000549,4548
0.120100975037,4547
0.120236873627,4546
0.120591878891,4545
0.120771884918,4544
0.121140003204,4543
0.121510028839,4542
0.12185883522,4541
0.122161865234,4540
0.12247300148,4539
0.122960805893,4538
0.123109817505,4537
0.123399019241,4536
0.123834848404,4535
0.124130010605,4534
0.124321937561,4533
0.124572992325,4532
0.124886035919,4531
0.125171899796,4530
0.125542879105,4529
0.125809907913,4528
0.126034975052,4527
0.126400947571,4526
0.126789808273,4525
0.127069950104,4524
0.12722992897,4523
0.127431869507,4522
0.127789020538,4521
0.127916812897,4520
0.128198862076,4519
0.128463029861,4518
0.128679037094,4517
0.128993988037,4516
0.12917304039,4515
0.1296479702,4514
0.129976034164,4513
0.13055896759,4512
0.130894899368,4511
0.13117980957,4510
0.131536006927,4509
0.131852865219,4508
0.13222694397,4507
0.132454872131,4506
0.132786989212,4505
0.133100032806,4504
0.133319854736,4503
0.133559942245,4502
0.133860826492,4501
0.13401889801,4500
0.134191036224,4499
0.134543895721,4498
0.134881973267,4497
0.135043859482,4496
0.135368824005,4495
0.135658979416,4494
0.136169910431,4493
0.136314868927,4492
0.136643886566,4491
0.136860847473,4490
0.137229919434,4489
0.137712955475,4488
0.137920856476,4487
0.138125896454,4486
0.138284921646,4485
0.138438940048,4484
0.13871383667,4483
0.138919830322,4482
0.139132976532,4481
0.139261960983,4480
0.139622926712,4479
0.139957904816,4478
0.140563964844,4477
0.140776872635,4476
0.140996932983,4475
0.141220808029,4474
0.141520023346,4473
0.142045021057,4472
0.142290830612,4471
0.14252281189,4470
0.142721891403,4469
0.143028020859,4468
0.143270015717,4467
0.143466949463,4466
0.143793821335,4465
0.143959999084,4464
0.144328832626,4463
0.144748926163,4462
0.144919872284,4461
0.145195007324,4460
0.145576000214,4459
0.14622592926,4458
0.146567821503,4457
0.14691901207,4456
0.147500991821,4455
0.147637844086,4454
0.148000001907,4453
0.148241996765,4452
0.148679971695,4451
0.149101018906,4450
0.149315834045,4449
0.14962387085,4448
0.149902820587,4447
0.150281906128,4446
0.150429964066,4445
0.150745868683,4444
0.151079893112,4443
0.151430845261,4442
0.151630878448,4441
0.151953935623,4440
0.152300834656,4439
0.152557849884,4438
0.152928829193,4437
0.153323888779,4436
0.153657913208,4435
0.153987884521,4434
0.154209852219,4433
0.15452504158,4432
0.154858827591,4431
0.155226945877,4430
0.15593290329,4429
0.156086921692,4428
0.156548976898,4427
0.157065868378,4426
0.157269001007,4425
0.157428979874,4424
0.15763092041,4423
0.157843828201,4422
0.158002853394,4421
0.158138990402,4420
0.158629894257,4419
0.158864974976,4418
0.15899682045,4417
0.15916800499,4416
0.159468889236,4415
0.159678936005,4414
0.160378932953,4413
0.160743951797,4412
0.160921812057,4411
0.161224842072,4410
0.161731958389,4409
0.162274837494,4408
0.162503957748,4407
0.16282081604,4406
0.164166927338,4405
0.164435863495,4404
0.165237903595,4403
0.165367841721,4402
0.165603876114,4401
0.165786027908,4400
0.165937900543,4399
0.166087865829,4398
0.166621923447,4397
0.166781902313,4396
0.166952848434,4395
0.167129039764,4394
0.167482852936,4393
0.168298959732,4392
0.168807029724,4391
0.169014930725,4390
0.1693379879,4389
0.169598817825,4388
0.169785022736,4387
0.170262813568,4386
0.17077088356,4385
0.17124080658,4384
0.171442985535,4383
0.171777963638,4382
0.17208480835,4381
0.172341823578,4380
0.172621011734,4379
0.172993898392,4378
0.173358917236,4377
0.173624038696,4376
0.173967838287,4375
0.174275875092,4374
0.174556016922,4373
0.174690008163,4372
0.174971818924,4371
0.175154924393,4370
0.175407886505,4369
0.175848960876,4368
0.176065921783,4367
0.176671981812,4366
0.176976919174,4365
0.177280902863,4364
0.177762985229,4363
0.178212881088,4362
0.178674936295,4361
0.178954839706,4360
0.179167032242,4359
0.179411888123,4358
0.179782867432,4357
0.179934024811,4356
0.180266857147,4355
0.180527925491,4354
0.181035041809,4353
0.181164979935,4352
0.181485891342,4351
0.181704998016,4350
0.181999921799,4349
0.182176828384,4348
0.182386875153,4347
0.182687997818,4346
0.183012008667,4345
0.183230876923,4344
0.183413028717,4343
0.18369102478,4342
0.183926820755,4341
0.184144020081,4340
0.184309959412,4339
0.18457198143,4338
0.184943914413,4337
0.185434818268,4336
0.18560385704,4335
0.185962915421,4334
0.186211824417,4333
0.186451911926,4332
0.187006950378,4331
0.187281847,4330
0.187558889389,4329
0.187867879868,4328
0.188076972961,4327
0.18842291832,4326
0.188771009445,4325
0.189200878143,4324
0.189505815506,4323
0.189806938171,4322
0.189957857132,4321
0.190095901489,4320
0.190310001373,4319
0.190562009811,4318
0.190778017044,4317
0.191000938416,4316
0.191291809082,4315
0.191668987274,4314
0.191910028458,4313
0.192163944244,4312
0.192598819733,4311
0.1928358078,4310
0.193089962006,4309
0.193421840668,4308
0.194197893143,4307
0.194435834885,4306
0.194779872894,4305
0.194970846176,4304
0.195294857025,4303
0.19565486908,4302
0.19593000412,4301
0.196092844009,4300
0.196254968643,4299
0.196482896805,4298
0.19686794281,4297
0.197530031204,4296
0.197793006897,4295
0.19807100296,4294
0.198374032974,4293
0.198817014694,4292
0.198987960815,4291
0.199187040329,4290
0.199534893036,4289
0.19987487793,4288
0.200083017349,4287
0.20027589798,4286
0.200636863708,4285
0.201187849045,4284
0.201469898224,4283
0.201663970947,4282
0.202054023743,4281
0.202383041382,4280
0.202665805817,4279
0.202998876572,4278
0.203473806381,4277
0.203852891922,4276
0.204278945923,4275
0.204607009888,4274
0.204813957214,4273
0.205065011978,4272
0.205410957336,4271
0.205668926239,4270
0.205919981003,4269
0.206547021866,4268
0.206689834595,4267
0.206957817078,4266
0.207140922546,4265
0.207311868668,4264
0.207744836807,4263
0.208302974701,4262
0.208756923676,4261
0.209004878998,4260
0.209303855896,4259
0.209543943405,4258
0.209853887558,4257
0.210125923157,4256
0.210494041443,4255
0.210748910904,4254
0.211422920227,4253
0.211622953415,4252
0.211860895157,4251
0.21212387085,4250
0.212330818176,4249
0.234597921371,4248
0.234925031662,4247
0.235271930695,4246
0.235670804977,4245
0.235848903656,4244
0.235992908478,4243
0.236258983612,4242
0.236462831497,4241
0.236974000931,4240
0.237112998962,4239
0.237299919128,4238
0.237461805344,4237
0.238070011139,4236
0.238444805145,4235
0.239023923874,4234
0.239153862,4233
0.23946595192,4232
0.239883899689,4231
0.24002790451,4230
0.241431951523,4229
0.241703987122,4228
0.241904020309,4227
0.242213964462,4226
0.242504835129,4225
0.24276304245,4224
0.243026018143,4223
0.243551969528,4222
0.243811845779,4221
0.244238853455,4220
0.244968891144,4219
0.245225906372,4218
0.245355844498,4217
0.245896816254,4216
0.246140956879,4215
0.246903896332,4214
0.247223854065,4213
0.247529983521,4212
0.24787402153,4211
0.248055934906,4210
0.248342990875,4209
0.248731851578,4208
0.248869895935,4207
0.24921298027,4206
0.249500989914,4205
0.250042915344,4204
0.250310897827,4203
0.250448942184,4202
0.250612974167,4201
0.250955820084,4200
0.251269817352,4199
0.251961946487,4198
0.25229382515,4197
0.252645969391,4196
0.252919912338,4195
0.253659009933,4194
0.253836870193,4193
0.254035949707,4192
0.254287004471,4191
0.254828929901,4190
0.255116939545,4189
0.255265951157,4188
0.255570888519,4187
0.255771875381,4186
0.256031036377,4185
0.256301879883,4184
0.256717920303,4183
0.256855010986,4182
0.257151842117,4181
0.257339954376,4180
0.257694005966,4179
0.258313894272,4178
0.258668899536,4177
0.259130001068,4176
0.259405851364,4175
0.260095834732,4174
0.260416984558,4173
0.260567903519,4172
0.260912895203,4171
0.261720895767,4170
0.261974811554,4169
0.26229095459,4168
0.262887954712,4167
0.263348817825,4166
0.263787984848,4165
0.264370918274,4164
0.2645008564,4163
0.264770030975,4162
0.265118837357,4161
0.265388011932,4160
0.265599966049,4159
0.265978813171,4158
0.266954898834,4157
0.267248868942,4156
0.267832994461,4155
0.268184900284,4154
0.268399000168,4153
0.268656015396,4152
0.268910884857,4151
0.269374847412,4150
0.269585847855,4149
0.269789934158,4148
0.269994974136,4147
0.270278930664,4146
0.270929813385,4145
0.271106958389,4144
0.271402835846,4143
0.271756887436,4142
0.271977901459,4141
0.272413015366,4140
0.272895812988,4139
0.273313999176,4138
0.273823976517,4137
0.274086952209,4136
0.274408817291,4135
0.274562835693,4134
0.274879932404,4133
0.275276899338,4132
0.275823831558,4131
0.276113986969,4130
0.276320934296,4129
0.276628017426,4128
0.277163028717,4127
0.277444839478,4126
0.277757883072,4125
0.278146028519,4124
0.278906822205,4123
0.279188871384,4122
0.279455900192,4121
0.27978682518,4120
0.280016899109,4119
0.280341863632,4118
0.281060934067,4117
0.281337022781,4116
0.281461000443,4115
0.281725883484,4114
0.282013893127,4113
0.282146930695,4112
0.282862901688,4111
0.283033847809,4110
0.28361082077,4109
0.283910036087,4108
0.284216880798,4107
0.284632921219,4106
0.284893989563,4105
0.285197019577,4104
0.285523891449,4103
0.285810947418,4102
0.28612780571,4101
0.286485910416,4100
0.286685943604,4099
0.287027835846,4098
0.287314891815,4097
0.287850856781,4096
0.28821182251,4095
0.288391828537,4094
0.288745880127,4093
0.288959980011,4092
0.289224863052,4091
0.289427995682,4090
0.289702892303,4089
0.29020190239,4088
0.290491819382,4087
0.290693998337,4086
0.291014909744,4085
0.291422843933,4084
0.291548967361,4083
0.29185795784,4082
0.292068958282,4081
0.292541027069,4080
0.292737007141,4079
0.292948961258,4078
0.293365001678,4077
0.294283866882,4076
0.294867038727,4075
0.295082807541,4074
0.295424938202,4073
0.295609951019,4072
0.295882940292,4071
0.29615688324,4070
0.296437978745,4069
0.297078847885,4068
0.297479867935,4067
0.297684907913,4066
0.297885894775,4065
0.298346042633,4064
0.298666954041,4063
0.298799037933,4062
0.29914689064,4061
0.299432992935,4060
0.300043821335,4059
0.300179004669,4058
0.30036687851,4057
0.300707817078,4056
0.300931930542,4055
0.301149845123,4054
0.301311969757,4053
0.301620960236,4052
0.301841974258,4051
0.302263975143,4050
0.302456855774,4049
0.302796840668,4048
0.303193807602,4047
0.303462028503,4046
0.303586006165,4045
0.30385184288,4044
0.30405497551,4043
0.304258823395,4042
0.304458856583,4041
0.304713964462,4040
0.305020809174,4039
0.305353879929,4038
0.305687904358,4037
0.305984020233,4036
0.306311845779,4035
0.306463956833,4034
0.306805849075,4033
0.307281970978,4032
0.307951927185,4031
0.308210849762,4030
0.308674812317,4029
0.308985948563,4028
0.309693813324,4027
0.309963941574,4026
0.310169935226,4025
0.310298919678,4024
0.310539960861,4023
0.310734987259,4022
0.311125993729,4021
0.311300992966,4020
0.311893939972,4019
0.312074899673,4018
0.312312841415,4017
0.312569856644,4016
0.313023805618,4015
0.313318014145,4014
0.313617944717,4013
0.313845872879,4012
0.314244031906,4011
0.314682006836,4010
0.315433979034,4009
0.31561088562,4008
0.315814971924,4007
0.316160917282,4006
0.316565036774,4005
0.316872835159,4004
0.317131996155,4003
0.317301034927,4002
0.31751704216,4001
0.317767858505,4000
0.317937850952,3999
0.318634033203,3998
0.318872928619,3997
0.319563865662,3996
0.319988012314,3995
0.3202688694,3994
0.320497989655,3993
0.320714950562,3992
0.321131944656,3991
0.321346998215,3990
0.322095870972,3989
0.322275876999,3988
0.322528839111,3987
0.322775840759,3986
0.323148012161,3985
0.323433876038,3984
0.323912858963,3983
0.324177026749,3982
0.324335813522,3981
0.32471203804,3980
0.32483792305,3979
0.325178861618,3978
0.325363874435,3977
0.325706958771,3976
0.326047897339,3975
0.326272010803,3974
0.326475858688,3973
0.326741933823,3972
0.327021837234,3971
0.327626943588,3970
0.327960014343,3969
0.328264951706,3968
0.328487873077,3967
0.328722953796,3966
0.32897901535,3965
0.329219818115,3964
0.329468011856,3963
0.329733848572,3962
0.32998085022,3961
0.330235958099,3960
0.330621957779,3959
0.33078789711,3958
0.331149816513,3957
0.331492900848,3956
0.331828832626,3955
0.331998825073,3954
0.332338809967,3953
0.332607030869,3952
0.332857847214,3951
0.334113836288,3950
0.334298849106,3949
0.334431886673,3948
0.334969997406,3947
0.335268974304,3946
0.33545589447,3945
0.33573102951,3944
0.335969924927,3943
0.336263895035,3942
0.336467981339,3941
0.336922883987,3940
0.337132930756,3939
0.337452888489,3938
0.337779998779,3937
0.337965011597,3936
0.338287830353,3935
0.338512897491,3934
0.338924884796,3933
0.339426994324,3932
0.339612007141,3931
0.339913845062,3930
0.340232849121,3929
0.340654850006,3928
0.340828895569,3927
0.341133832932,3926
0.341271877289,3925
0.341878890991,3924
0.342010974884,3923
0.342198848724,3922
0.34245300293,3921
0.342715024948,3920
0.343005895615,3919
0.343700885773,3918
0.344012022018,3917
0.344331979752,3916
0.344453811646,3915
0.344676971436,3914
0.345206022263,3913
0.345499038696,3912
0.346002817154,3911
0.346122026443,3910
0.346457958221,3909
0.346805810928,3908
0.346976995468,3907
0.347275018692,3906
0.347468852997,3905
0.347851991653,3904
0.348145008087,3903
0.348294019699,3902
0.348568916321,3901
0.34881901741,3900
0.349109888077,3899
0.349509954453,3898
0.34968495369,3897
0.350260019302,3896
0.350474834442,3895
0.350802898407,3894
0.351119041443,3893
0.351675033569,3892
0.35188794136,3891
0.352191925049,3890
0.352540969849,3889
0.352829933167,3888
0.353052854538,3887
0.353268861771,3886
0.353520870209,3885
0.354024887085,3884
0.354202985764,3883
0.354408979416,3882
0.354691028595,3881
0.355170965195,3880
0.355594873428,3879
0.35601401329,3878
0.356283903122,3877
0.356659889221,3876
0.356859922409,3875
0.357019901276,3874
0.357200860977,3873
0.357667922974,3872
0.357995033264,3871
0.358148813248,3870
0.358552932739,3869
0.358783006668,3868
0.359444856644,3867
0.359673023224,3866
0.360003948212,3865
0.360239028931,3864
0.360733985901,3863
0.361145973206,3862
0.361311912537,3861
0.361616849899,3860
0.361758947372,3859
0.362112998962,3858
0.362248897552,3857
0.362680912018,3856
0.363026857376,3855
0.36327791214,3854
0.36360001564,3853
0.363732814789,3852
0.364027023315,3851
0.364202022552,3850
0.364452838898,3849
0.364953041077,3848
0.365130901337,3847
0.365407943726,3846
0.365543842316,3845
0.366237878799,3844
0.366390943527,3843
0.366778850555,3842
0.366940021515,3841
0.367159843445,3840
0.367319822311,3839
0.367652893066,3838
0.367803812027,3837
0.368060827255,3836
0.368350028992,3835
0.368474006653,3834
0.36886382103,3833
0.36917090416,3832
0.369294881821,3831
0.369504928589,3830
0.369772911072,3829
0.370091915131,3828
0.370400905609,3827
0.370630979538,3826
0.370885848999,3825
0.371343851089,3824
0.371618032455,3823
0.371937990189,3822
0.372339010239,3821
0.372628927231,3820
0.372911930084,3819
0.373607873917,3818
0.374315023422,3817
0.374545812607,3816
0.375218868256,3815
0.375689029694,3814
0.376204967499,3813
0.376399993896,3812
0.376544952393,3811
0.376834869385,3810
0.37729382515,3809
0.377411842346,3808
0.377698898315,3807
0.378413915634,3806
0.378739833832,3805
0.37889790535,3804
0.379451990128,3803
0.379719018936,3802
0.379951000214,3801
0.380206823349,3800
0.380373001099,3799
0.380754947662,3798
0.380932807922,3797
0.381219863892,3796
0.381465911865,3795
0.381717920303,3794
0.382107973099,3793
0.382550001144,3792
0.382804870605,3791
0.383128881454,3790
0.383816957474,3789
0.384135007858,3788
0.385141849518,3787
0.385535955429,3786
0.38570690155,3785
0.385885000229,3784
0.386080980301,3783
0.386544942856,3782
0.387284040451,3781
0.387687921524,3780
0.387890815735,3779
0.388141870499,3778
0.388273954391,3777
0.388566970825,3776
0.388741970062,3775
0.38911485672,3774
0.389401912689,3773
0.389647960663,3772
0.390169858932,3771
0.390358924866,3770
0.390514850616,3769
0.390794038773,3768
0.391013860703,3767
0.391263008118,3766
0.391829967499,3765
0.392297029495,3764
0.392463922501,3763
0.392623901367,3762
0.393043994904,3761
0.393415927887,3760
0.393679857254,3759
0.393821954727,3758
0.394145011902,3757
0.394398927689,3756
0.394721031189,3755
0.394958019257,3754
0.395402908325,3753
0.395839929581,3752
0.396169900894,3751
0.396400928497,3750
0.396725893021,3749
0.396857976913,3748
0.397053956985,3747
0.397775888443,3746
0.397938013077,3745
0.398931026459,3744
0.399116039276,3743
0.399803876877,3742
0.400061845779,3741
0.400213956833,3740
0.400476932526,3739
0.40079498291,3738
0.401036024094,3737
0.401314020157,3736
0.402292966843,3735
0.402856826782,3734
0.403553962708,3733
0.403702974319,3732
0.403954029083,3731
0.404142856598,3730
0.404299020767,3729
0.404546022415,3728
0.404670953751,3727
0.405143976212,3726
0.40534901619,3725
0.405714035034,3724
0.406210899353,3723
0.406723976135,3722
0.407003879547,3721
0.407136917114,3720
0.407316923141,3719
0.407523870468,3718
0.407842874527,3717
0.408762931824,3716
0.409066915512,3715
0.410017967224,3714
0.410462856293,3713
0.411207914352,3712
0.411479949951,3711
0.411933898926,3710
0.41216301918,3709
0.412751913071,3708
0.413059949875,3707
0.413542032242,3706
0.41365981102,3705
0.413825035095,3704
0.414111852646,3703
0.414510965347,3702
0.41507601738,3701
0.415194988251,3700
0.415441036224,3699
0.41560792923,3698
0.416147947311,3697
0.416661024094,3696
0.416870832443,3695
0.417016029358,3694
0.417443037033,3693
0.417601823807,3692
0.417742013931,3691
0.418113946915,3690
0.418820858002,3689
0.419167041779,3688
0.419500827789,3687
0.419809818268,3686
0.420053005219,3685
0.420485973358,3684
0.420979976654,3683
0.421612977982,3682
0.421908855438,3681
0.422508955002,3680
0.422782897949,3679
0.423295021057,3678
0.423610925674,3677
0.423941850662,3676
0.424229860306,3675
0.424418926239,3674
0.424734830856,3673
0.424885034561,3672
0.425276041031,3671
0.425547838211,3670
0.425786018372,3669
0.426030874252,3668
0.426337003708,3667
0.426589012146,3666
0.426882982254,3665
0.42706489563,3664
0.427305936813,3663
0.427655935287,3662
0.428228855133,3661
0.428768873215,3660
0.429459810257,3659
0.429639816284,3658
0.429759979248,3657
0.429884910583,3656
0.430181980133,3655
0.430379867554,3654
0.430792808533,3653
0.431012868881,3652
0.431334972382,3651
0.431475877762,3650
0.432147979736,3649
0.432543992996,3648
0.432981014252,3647
0.43341588974,3646
0.433636903763,3645
0.433961868286,3644
0.434262990952,3643
0.434587955475,3642
0.434773921967,3641
0.435245037079,3640
0.435529947281,3639
0.43591094017,3638
0.436625957489,3637
0.436872005463,3636
0.437439918518,3635
0.437739849091,3634
0.438377857208,3633
0.438920021057,3632
0.439096927643,3631
0.439838886261,3630
0.440596818924,3629
0.441509962082,3628
0.441921949387,3627
0.442379951477,3626
0.442623853683,3625
0.442852973938,3624
0.44304394722,3623
0.443341970444,3622
0.443641901016,3621
0.443930864334,3620
0.444231987,3619
0.444695949554,3618
0.444866895676,3617
0.445261001587,3616
0.445854902267,3615
0.447044849396,3614
0.447343826294,3613
0.447934865952,3612
0.448413848877,3611
0.448690891266,3610
0.44911980629,3609
0.449304819107,3608
0.449612855911,3607
0.449904918671,3606
0.450223922729,3605
0.4507188797,3604
0.450855970383,3603
0.451570034027,3602
0.451880931854,3601
0.452348947525,3600
0.452533006668,3599
0.452705860138,3598
0.453558921814,3597
0.454465866089,3596
0.454641819,3595
0.455057859421,3594
0.455274820328,3593
0.456578969955,3592
0.456748962402,3591
0.45704293251,3590
0.457273006439,3589
0.457942008972,3588
0.458443880081,3587
0.458770990372,3586
0.459156990051,3585
0.46004486084,3584
0.460951805115,3583
0.461621999741,3582
0.462383031845,3581
0.462739944458,3580
0.462870836258,3579
0.463307857513,3578
0.463822841644,3577
0.464111804962,3576
0.464576005936,3575
0.464802980423,3574
0.465229988098,3573
0.465595960617,3572
0.466054916382,3571
0.466961860657,3570
0.46710896492,3569
0.467401981354,3568
0.467653989792,3567
0.467869997025,3566
0.468358039856,3565
0.468662977219,3564
0.469153881073,3563
0.470082998276,3562
0.47044301033,3561
0.470739841461,3560
0.471027851105,3559
0.471263885498,3558
0.472023963928,3557
0.472287893295,3556
0.472404003143,3555
0.472613811493,3554
0.47336101532,3553
0.47386598587,3552
0.474119901657,3551
0.474398851395,3550
0.475011825562,3549
0.47514796257,3548
0.475390911102,3547
0.475528001785,3546
0.47598195076,3545
0.476208925247,3544
0.47701883316,3543
0.477327823639,3542
0.47803401947,3541
0.478714942932,3540
0.479157924652,3539
0.479431867599,3538
0.479892969131,3537
0.480181932449,3536
0.480424880981,3535
0.480679035187,3534
0.480808019638,3533
0.481645822525,3532
0.482126951218,3531
0.482481002808,3530
0.482721805573,3529
0.482877016068,3528
0.483081817627,3527
0.483731985092,3526
0.483987808228,3525
0.484138965607,3524
0.484670877457,3523
0.485989809036,3522
0.486121892929,3521
0.48663187027,3520
0.487740039825,3519
0.487987995148,3518
0.48819899559,3517
0.488575935364,3516
0.48880982399,3515
0.48942899704,3514
0.490090847015,3513
0.490733861923,3512
0.491060972214,3511
0.491487026215,3510
0.492033958435,3509
0.492341041565,3508
0.492681980133,3507
0.493319988251,3506
0.493705034256,3505
0.494308948517,3504
0.494477987289,3503
0.494815826416,3502
0.495031833649,3501
0.495299816132,3500
0.495437860489,3499
0.495563983917,3498
0.495730876923,3497
0.495914936066,3496
0.496371984482,3495
0.496686935425,3494
0.496865987778,3493
0.497149944305,3492
0.497568845749,3491
0.498121976852,3490
0.498648881912,3489
0.499032974243,3488
0.499459981918,3487
0.50034403801,3486
0.500830888748,3485
0.50147485733,3484
0.501652002335,3483
0.50178694725,3482
0.501993894577,3481
0.50270986557,3480
0.50306892395,3479
0.503644943237,3478
0.503988981247,3477
0.504462957382,3476
0.505319833755,3475
0.505486965179,3474
0.505635976791,3473
0.506457805634,3472
0.506675958633,3471
0.507814884186,3470
0.508401870728,3469
0.508625984192,3468
0.508757829666,3467
0.509124040604,3466
0.50942492485,3465
0.509733915329,3464
0.510169029236,3463
0.510453939438,3462
0.510844945908,3461
0.511683940887,3460
0.512135982513,3459
0.512383937836,3458
0.512537002563,3457
0.51277089119,3456
0.512924909592,3455
0.513145923615,3454
0.513315916061,3453
0.513685941696,3452
0.514632940292,3451
0.515252828598,3450
0.515477895737,3449
0.516083955765,3448
0.516247987747,3447
0.516393899918,3446
0.516777992249,3445
0.517174005508,3444
0.517614841461,3443
0.518057823181,3442
0.518283843994,3441
0.518584012985,3440
0.518810033798,3439
0.519062995911,3438
0.519201040268,3437
0.519425868988,3436
0.519758939743,3435
0.5198969841,3434
0.520102977753,3433
0.520387887955,3432
0.520720005035,3431
0.521029949188,3430
0.521410942078,3429
0.52204990387,3428
0.522258996964,3427
0.522823810577,3426
0.522967815399,3425
0.523177862167,3424
0.523473024368,3423
0.523772954941,3422
0.524029016495,3421
0.524806022644,3420
0.525095939636,3419
0.525275945663,3418
0.525568962097,3417
0.525837898254,3416
0.526055812836,3415
0.526434898376,3414
0.526834964752,3413
0.527272939682,3412
0.52755689621,3411
0.527853965759,3410
0.52805685997,3409
0.528637886047,3408
0.529120922089,3407
0.529582023621,3406
0.530090808868,3405
0.530362844467,3404
0.530545949936,3403
0.530773878098,3402
0.530977964401,3401
0.53119802475,3400
0.53182387352,3399
0.53212594986,3398
0.532419919968,3397
0.532970905304,3396
0.533195972443,3395
0.53412604332,3394
0.53434586525,3393
0.534997940063,3392
0.535526990891,3391
0.535768032074,3390
0.536110877991,3389
0.536741018295,3388
0.537025928497,3387
0.537540912628,3386
0.537688016891,3385
0.537834882736,3384
0.53883600235,3383
0.539880990982,3382
0.540863037109,3381
0.5412068367,3380
0.541496038437,3379
0.541664838791,3378
0.541895866394,3377
0.542279958725,3376
0.542598962784,3375
0.542871952057,3374
0.543032884598,3373
0.544512033463,3372
0.544659852982,3371
0.545284032822,3370
0.545758962631,3369
0.545943021774,3368
0.546365022659,3367
0.54696393013,3366
0.547086000443,3365
0.547377824783,3364
0.547502040863,3363
0.548317909241,3362
0.548621892929,3361
0.548868894577,3360
0.549558877945,3359
0.549785852432,3358
0.550129890442,3357
0.550592899323,3356
0.550875902176,3355
0.551285982132,3354
0.551554918289,3353
0.551849842072,3352
0.552089929581,3351
0.552572965622,3350
0.552969932556,3349
0.553323984146,3348
0.553731918335,3347
0.554078817368,3346
0.554417848587,3345
0.55494093895,3344
0.555106878281,3343
0.556133985519,3342
0.556304931641,3341
0.556834936142,3340
0.55703997612,3339
0.557336807251,3338
0.557587862015,3337
0.557837963104,3336
0.558218955994,3335
0.558466911316,3334
0.558691978455,3333
0.559226036072,3332
0.559640884399,3331
0.559870958328,3330
0.560665845871,3329
0.561019897461,3328
0.56139588356,3327
0.561694860458,3326
0.562428951263,3325
0.563351869583,3324
0.563571929932,3323
0.564064979553,3322
0.564708948135,3321
0.565398931503,3320
0.565593004227,3319
0.565763950348,3318
0.566551923752,3317
0.567374944687,3316
0.567627906799,3315
0.568488836288,3314
0.569494962692,3313
0.570349931717,3312
0.570943832397,3311
0.571090936661,3310
0.571316957474,3309
0.571964979172,3308
0.572424888611,3307
0.573052883148,3306
0.573187828064,3305
0.573382854462,3304
0.573776960373,3303
0.573967933655,3302
0.574107885361,3301
0.574908018112,3300
0.575620889664,3299
0.57611489296,3298
0.576323032379,3297
0.576471805573,3296
0.57678604126,3295
0.577080011368,3294
0.577872991562,3293
0.578094959259,3292
0.578648805618,3291
0.58039689064,3290
0.58071398735,3289
0.580976009369,3288
0.581634998322,3287
0.582808971405,3286
0.582973003387,3285
0.583249807358,3284
0.583577871323,3283
0.584108829498,3282
0.584241867065,3281
0.584386825562,3280
0.584656000137,3279
0.584897041321,3278
0.58508181572,3277
0.586267948151,3276
0.58695101738,3275
0.587530851364,3274
0.587787866592,3273
0.58801984787,3272
0.588222026825,3271
0.588385820389,3270
0.588745832443,3269
0.589077949524,3268
0.589411020279,3267
0.59058880806,3266
0.591581821442,3265
0.591792821884,3264
0.591940879822,3263
0.592082023621,3262
0.592356920242,3261
0.592597961426,3260
0.593257904053,3259
0.593492984772,3258
0.593773841858,3257
0.593936920166,3256
0.594154834747,3255
0.595326900482,3254
0.596060037613,3253
0.596555948257,3252
0.597026824951,3251
0.597318887711,3250
0.597852945328,3249
0.598313808441,3248
0.59843993187,3247
0.598841905594,3246
0.599169015884,3245
0.600874900818,3244
0.601135015488,3243
0.601394891739,3242
0.601534843445,3241
0.60183095932,3240
0.602110862732,3239
0.602334022522,3238
0.602840900421,3237
0.604463815689,3236
0.604722976685,3235
0.604975938797,3234
0.605542898178,3233
0.605901956558,3232
0.606344938278,3231
0.606631040573,3230
0.60712480545,3229
0.607385873795,3228
0.607659816742,3227
0.607798814774,3226
0.607933998108,3225
0.608193874359,3224
0.608899831772,3223
0.609262943268,3222
0.610436916351,3221
0.610556840897,3220
0.610900878906,3219
0.611114025116,3218
0.611315011978,3217
0.611531972885,3216
0.611817836761,3215
0.612591028214,3214
0.612749814987,3213
0.613368034363,3212
0.613977909088,3211
0.614418983459,3210
0.614665985107,3209
0.614904880524,3208
0.61511182785,3207
0.615419864655,3206
0.615744829178,3205
0.616539001465,3204
0.616941928864,3203
0.617198944092,3202
0.617830038071,3201
0.618018865585,3200
0.618196964264,3199
0.619380950928,3198
0.61952996254,3197
0.619841814041,3196
0.620067834854,3195
0.620764970779,3194
0.622057914734,3193
0.622247934341,3192
0.622849941254,3191
0.623047828674,3190
0.623948812485,3189
0.624465942383,3188
0.624730825424,3187
0.62596988678,3186
0.626240968704,3185
0.626822948456,3184
0.627333879471,3183
0.628350019455,3182
0.628525972366,3181
0.628698825836,3180
0.629460811615,3179
0.629757881165,3178
0.630434989929,3177
0.630985975266,3176
0.631423950195,3175
0.631669998169,3174
0.632535934448,3173
0.632973909378,3172
0.633249998093,3171
0.633539915085,3170
0.634169816971,3169
0.63449382782,3168
0.634780883789,3167
0.635025978088,3166
0.635852813721,3165
0.636279821396,3164
0.636704921722,3163
0.636929988861,3162
0.637069940567,3161
0.637298822403,3160
0.63768696785,3159
0.638032913208,3158
0.638621807098,3157
0.639618873596,3156
0.639889955521,3155
0.640177965164,3154
0.640801906586,3153
0.640933036804,3152
0.641319990158,3151
0.641456842422,3150
0.641664028168,3149
0.641865968704,3148
0.64244890213,3147
0.642804861069,3146
0.642987012863,3145
0.643147945404,3144
0.643711805344,3143
0.64405298233,3142
0.644315004349,3141
0.644937992096,3140
0.645264863968,3139
0.645478963852,3138
0.645815849304,3137
0.646642923355,3136
0.646889925003,3135
0.6470079422,3134
0.647154808044,3133
0.647647857666,3132
0.648032903671,3131
0.648497819901,3130
0.648815870285,3129
0.649529933929,3128
0.650416851044,3127
0.650856018066,3126
0.65126490593,3125
0.651770830154,3124
0.652220964432,3123
0.652577877045,3122
0.652897834778,3121
0.653964042664,3120
0.654637813568,3119
0.655166864395,3118
0.655773878098,3117
0.656495809555,3116
0.656929969788,3115
0.658072948456,3114
0.658260822296,3113
0.659145832062,3112
0.659611940384,3111
0.659901857376,3110
0.660050868988,3109
0.661571979523,3108
0.66232085228,3107
0.662624835968,3106
0.663321971893,3105
0.664410829544,3104
0.664803028107,3103
0.664994001389,3102
0.665227890015,3101
0.665720939636,3100
0.667052984238,3099
0.668419837952,3098
0.668637037277,3097
0.669006824493,3096
0.669621944427,3095
0.669886827469,3094
0.670152902603,3093
0.670315980911,3092
0.670889854431,3091
0.671186923981,3090
0.671461820602,3089
0.672430038452,3088
0.67283987999,3087
0.673007011414,3086
0.673347949982,3085
0.673836946487,3084
0.674044847488,3083
0.674763917923,3082
0.675290822983,3081
0.67546582222,3080
0.675850868225,3079
0.676087856293,3078
0.67623090744,3077
0.676533937454,3076
0.676792860031,3075
0.677035808563,3074
0.677399873734,3073
0.678256034851,3072
0.678642988205,3071
0.678880929947,3070
0.679000854492,3069
0.679639816284,3068
0.680085897446,3067
0.680351018906,3066
0.680567979813,3065
0.680907964706,3064
0.682636976242,3063
0.682960987091,3062
0.685070991516,3061
0.685663938522,3060
0.685854911804,3059
0.686149835587,3058
0.686272859573,3057
0.686653852463,3056
0.687038898468,3055
0.687317848206,3054
0.687711000443,3053
0.688199996948,3052
0.68842291832,3051
0.689126968384,3050
0.690238952637,3049
0.690397977829,3048
0.690606832504,3047
0.690886974335,3046
0.69179391861,3045
0.69216799736,3044
0.692291975021,3043
0.692576885223,3042
0.692975997925,3041
0.693120956421,3040
0.693689823151,3039
0.693881034851,3038
0.694207906723,3037
0.694404840469,3036
0.694702863693,3035
0.695056915283,3034
0.695318937302,3033
0.695587873459,3032
0.695868968964,3031
0.696415901184,3030
0.696928024292,3029
0.697345972061,3028
0.697839021683,3027
0.698014974594,3026
0.6984770298,3025
0.69912481308,3024
0.699716806412,3023
0.699908018112,3022
0.700335025787,3021
0.700979948044,3020
0.701220989227,3019
0.70138502121,3018
0.701848983765,3017
0.702482938766,3016
0.702888965607,3015
0.703183889389,3014
0.703522920609,3013
0.704222917557,3012
0.704413890839,3011
0.704632997513,3010
0.704916954041,3009
0.705123901367,3008
0.706208944321,3007
0.707221984863,3006
0.707381010056,3005
0.707635879517,3004
0.708325862885,3003
0.708694934845,3002
0.709154844284,3001
0.709390878677,3000
0.709986925125,2999
0.710788965225,2998
0.711361885071,2997
0.712136983871,2996
0.712833881378,2995
0.714753866196,2994
0.715011835098,2993
0.715142011642,2992
0.715807914734,2991
0.716054916382,2990
0.716615915298,2989
0.717864990234,2988
0.718268871307,2987
0.718451023102,2986
0.718914031982,2985
0.719137907028,2984
0.7208340168,2983
0.721081972122,2982
0.722375869751,2981
0.722586870193,2980
0.722895860672,2979
0.723362922668,2978
0.723522901535,2977
0.723985910416,2976
0.724295854568,2975
0.725082874298,2974
0.725481033325,2973
0.725760936737,2972
0.725978851318,2971
0.726441860199,2970
0.726692914963,2969
0.726982831955,2968
0.727682828903,2967
0.727932929993,2966
0.728282928467,2965
0.728803873062,2964
0.729769945145,2963
0.730042934418,2962
0.73036980629,2961
0.730917930603,2960
0.73113489151,2959
0.731456041336,2958
0.732959032059,2957
0.733141899109,2956
0.734690904617,2955
0.735309839249,2954
0.735811948776,2953
0.735944986343,2952
0.736268997192,2951
0.73673582077,2950
0.737586975098,2949
0.738278865814,2948
0.738534927368,2947
0.739317893982,2946
0.739586830139,2945
0.740258932114,2944
0.740499973297,2943
0.741115808487,2942
0.741636991501,2941
0.741935968399,2940
0.743106842041,2939
0.7436439991,2938
0.744752883911,2937
0.745026826859,2936
0.745296955109,2935
0.7457280159,2934
0.746136903763,2933
0.746657848358,2932
0.746984958649,2931
0.747298955917,2930
0.748119831085,2929
0.748713970184,2928
0.748960971832,2927
0.749632835388,2926
0.7501308918,2925
0.752290010452,2924
0.753634929657,2923
0.753891944885,2922
0.754127979279,2921
0.75500702858,2920
0.755214929581,2919
0.75590801239,2918
0.756167888641,2917
0.75649189949,2916
0.75678896904,2915
0.757110834122,2914
0.757480859756,2913
0.757848978043,2912
0.758320808411,2911
0.759119033813,2910
0.759554862976,2909
0.759817838669,2908
0.760289907455,2907
0.760546922684,2906
0.760723829269,2905
0.76106595993,2904
0.762130975723,2903
0.762270927429,2902
0.762718915939,2901
0.763664007187,2900
0.763940811157,2899
0.764716863632,2898
0.765223026276,2897
0.765705823898,2896
0.765921831131,2895
0.766613006592,2894
0.767036914825,2893
0.767491817474,2892
0.767678022385,2891
0.767808914185,2890
0.768869876862,2889
0.769562959671,2888
0.770210027695,2887
0.770504951477,2886
0.771263837814,2885
0.771854877472,2884
0.771975040436,2883
0.772110939026,2882
0.772481918335,2881
0.772652864456,2880
0.773290872574,2879
0.773571968079,2878
0.773835897446,2877
0.774238824844,2876
0.774372816086,2875
0.775703907013,2874
0.776017904282,2873
0.776530981064,2872
0.776875019073,2871
0.777010917664,2870
0.777448892593,2869
0.777659893036,2868
0.777933835983,2867
0.778951883316,2866
0.779392957687,2865
0.779680967331,2864
0.779821872711,2863
0.78013086319,2862
0.780256032944,2861
0.780431985855,2860
0.780684947968,2859
0.780946969986,2858
0.78120803833,2857
0.781481027603,2856
0.781826019287,2855
0.782089948654,2854
0.782896995544,2853
0.783241987228,2852
0.784135818481,2851
0.784257888794,2850
0.784476041794,2849
0.784942865372,2848
0.785470962524,2847
0.785846948624,2846
0.786067962646,2845
0.786406993866,2844
0.787621974945,2843
0.788120031357,2842
0.788563966751,2841
0.78968501091,2840
0.790148019791,2839
0.790365934372,2838
0.790665864944,2837
0.790807008743,2836
0.79145693779,2835
0.791628837585,2834
0.792238950729,2833
0.792551040649,2832
0.793862819672,2831
0.794229984283,2830
0.795600891113,2829
0.795943021774,2828
0.796191930771,2827
0.796425819397,2826
0.796680927277,2825
0.796861886978,2824
0.797669887543,2823
0.799207925797,2822
0.799885034561,2821
0.800101041794,2820
0.800721883774,2819
0.801091909409,2818
0.801293849945,2817
0.803006887436,2816
0.803150892258,2815
0.803288936615,2814
0.803684949875,2813
0.804400920868,2812
0.804620981216,2811
0.805312871933,2810
0.806176900864,2809
0.806382894516,2808
0.806882858276,2807
0.807173013687,2806
0.807462930679,2805
0.808159828186,2804
0.808566808701,2803
0.808948993683,2802
0.809365034103,2801
0.810052871704,2800
0.810179948807,2799
0.810703992844,2798
0.811035871506,2797
0.811319828033,2796
0.811769008636,2795
0.812021017075,2794
0.812283039093,2793
0.812510967255,2792
0.813724994659,2791
0.814144849777,2790
0.814394950867,2789
0.815102815628,2788
0.815335035324,2787
0.815546989441,2786
0.816795825958,2785
0.816931962967,2784
0.817056894302,2783
0.818089962006,2782
0.818264007568,2781
0.818639993668,2780
0.819907903671,2779
0.820026874542,2778
0.820272922516,2777
0.820690870285,2776
0.821389913559,2775
0.821848869324,2774
0.82279586792,2773
0.824796915054,2772
0.825619935989,2771
0.825971841812,2770
0.826378822327,2769
0.828119039536,2768
0.828342914581,2767
0.828523874283,2766
0.829185009003,2765
0.830070972443,2764
0.831861019135,2763
0.833765029907,2762
0.834144830704,2761
0.834494829178,2760
0.834793806076,2759
0.835922956467,2758
0.836483001709,2757
0.836621999741,2756
0.838318824768,2755
0.839339971542,2754
0.840543985367,2753
0.840996980667,2752
0.843185901642,2751
0.843657016754,2750
0.844062805176,2749
0.844573974609,2748
0.845264911652,2747
0.846673965454,2746
0.84796500206,2745
0.848520994186,2744
0.849465847015,2743
0.849637985229,2742
0.849833011627,2741
0.850004911423,2740
0.851161956787,2739
0.851514816284,2738
0.851840019226,2737
0.852069854736,2736
0.85223197937,2735
0.85319185257,2734
0.853418827057,2733
0.853896856308,2732
0.854835987091,2731
0.855082988739,2730
0.856258869171,2729
0.856932878494,2728
0.859369039536,2727
0.859942913055,2726
0.860622882843,2725
0.860832929611,2724
0.860983848572,2723
0.861232995987,2722
0.861685037613,2721
0.863062858582,2720
0.863759040833,2719
0.86501789093,2718
0.865142822266,2717
0.865435838699,2716
0.865576028824,2715
0.865761995316,2714
0.866132974625,2713
0.866739988327,2712
0.868100881577,2711
0.868567943573,2710
0.868701934814,2709
0.869166851044,2708
0.869390010834,2707
0.869850873947,2706
0.871568918228,2705
0.872067928314,2704
0.8729159832,2703
0.87443780899,2702
0.874917030334,2701
0.875821828842,2700
0.876056909561,2699
0.877092838287,2698
0.877666950226,2697
0.878125905991,2696
0.879074811935,2695
0.87930893898,2694
0.87943983078,2693
0.879681825638,2692
0.879909038544,2691
0.880421876907,2690
0.880723953247,2689
0.88180398941,2688
0.881983041763,2687
0.882234811783,2686
0.882393836975,2685
0.882601976395,2684
0.882970809937,2683
0.88352894783,2682
0.884578943253,2681
0.884886026382,2680
0.885242938995,2679
0.885915994644,2678
0.886112928391,2677
0.888237953186,2676
0.888569831848,2675
0.888891935349,2674
0.889101028442,2673
0.889351844788,2672
0.890395879745,2671
0.891160964966,2670
0.892007827759,2669
0.893164873123,2668
0.893518924713,2667
0.893940925598,2666
0.896518945694,2665
0.898326873779,2664
0.898633956909,2663
0.900493860245,2662
0.901422023773,2661
0.90170788765,2660
0.901832818985,2659
0.902073860168,2658
0.902473926544,2657
0.902901887894,2656
0.904443025589,2655
0.904932975769,2654
0.905154943466,2653
0.905412912369,2652
0.906108856201,2651
0.906481981277,2650
0.906844854355,2649
0.907811880112,2648
0.908370018005,2647
0.908629894257,2646
0.909633874893,2645
0.909940958023,2644
0.910262823105,2643
0.911007881165,2642
0.91233086586,2641
0.913228034973,2640
0.913367986679,2639
0.913600921631,2638
0.914244890213,2637
0.914597988129,2636
0.915228843689,2635
0.916273832321,2634
0.917279958725,2633
0.917517900467,2632
0.91779589653,2631
0.918005943298,2630
0.918687820435,2629
0.91908288002,2628
0.919281005859,2627
0.919442892075,2626
0.919692993164,2625
0.921061038971,2624
0.922001838684,2623
0.922665834427,2622
0.923079013824,2621
0.923317909241,2620
0.926431894302,2619
0.926753997803,2618
0.927251815796,2617
0.927709817886,2616
0.928172826767,2615
0.928397893906,2614
0.929039001465,2613
0.929517030716,2612
0.929775953293,2611
0.929931879044,2610
0.930246829987,2609
0.930426836014,2608
0.93096780777,2607
0.931286811829,2606
0.931497812271,2605
0.932052850723,2604
0.9326608181,2603
0.933458805084,2602
0.934110879898,2601
0.935074806213,2600
0.935464859009,2599
0.935828924179,2598
0.936225891113,2597
0.936802864075,2596
0.937494039536,2595
0.937737941742,2594
0.938583850861,2593
0.939720869064,2592
0.94145488739,2591
0.94278383255,2590
0.943677902222,2589
0.944254875183,2588
0.944617033005,2587
0.944792985916,2586
0.945132017136,2585
0.945873022079,2584
0.947541952133,2583
0.948006868362,2582
0.948635816574,2581
0.948931932449,2580
0.949398994446,2579
0.95099902153,2578
0.951844930649,2577
0.953091859818,2576
0.953416824341,2575
0.95365691185,2574
0.953995943069,2573
0.955786943436,2572
0.956167936325,2571
0.956452846527,2570
0.956691026688,2569
0.957242012024,2568
0.958410978317,2567
0.96003985405,2566
0.961192846298,2565
0.961381912231,2564
0.962162971497,2563
0.962649822235,2562
0.963027954102,2561
0.963712930679,2560
0.964452981949,2559
0.964926958084,2558
0.965302944183,2557
0.965751886368,2556
0.966547966003,2555
0.967018842697,2554
0.968808889389,2553
0.970085859299,2552
0.971089839935,2551
0.973605871201,2550
0.974042892456,2549
0.974532842636,2548
0.976001024246,2547
0.976702928543,2546
0.977156877518,2545
0.977897882462,2544
0.978535890579,2543
0.978802919388,2542
0.980167865753,2541
0.980674982071,2540
0.981547832489,2539
0.982254981995,2538
0.982534885406,2537
0.98366189003,2536
0.98491692543,2535
0.985355854034,2534
0.985567808151,2533
0.986635923386,2532
0.987156867981,2531
0.98788189888,2530
0.988680839539,2529
0.988816976547,2528
0.991055011749,2527
0.99133682251,2526
0.991603851318,2525
0.992616891861,2524
0.993108987808,2523
0.99338388443,2522
0.993746042252,2521
0.99448299408,2520
0.994879961014,2519
0.995301961899,2518
0.996335983276,2517
0.997272968292,2516
0.99751496315,2515
0.998955011368,2514
0.999745845795,2513
1.00167584419,2512
1.00186681747,2511
1.00242996216,2510
1.00304603577,2509
1.00451302528,2508
1.00555181503,2507
1.00582385063,2506
1.00625896454,2505
1.00677895546,2504
1.00707292557,2503
1.0073018074,2502
1.00957489014,2501
1.01012587547,2500
1.01039290428,2499
1.01214289665,2498
1.01284694672,2497
1.01336693764,2496
1.01436901093,2495
1.01489186287,2494
1.01549887657,2493
1.01676893234,2492
1.01775288582,2491
1.01864480972,2490
1.02051401138,2489
1.02092599869,2488
1.02258682251,2487
1.02275586128,2486
1.02299880981,2485
1.02454996109,2484
1.02528381348,2483
1.02552199364,2482
1.02580404282,2481
1.02647781372,2480
1.02707982063,2479
1.02735090256,2478
1.02892899513,2477
1.02949881554,2476
1.02981686592,2475
1.03057599068,2474
1.03227496147,2473
1.03362393379,2472
1.03407287598,2471
1.03464484215,2470
1.03487682343,2469
1.0355079174,2468
1.03688097,2467
1.03777694702,2466
1.03898596764,2465
1.03995680809,2464
1.04014801979,2463
1.04238700867,2462
1.04290485382,2461
1.04595685005,2460
1.04613494873,2459
1.04789280891,2458
1.04851984978,2457
1.04895401001,2456
1.04974889755,2455
1.05199885368,2454
1.05463600159,2453
1.05513691902,2452
1.05545902252,2451
1.05667996407,2450
1.05697703362,2449
1.05908703804,2448
1.05956292152,2447
1.05982685089,2446
1.06138300896,2445
1.06160593033,2444
1.06235980988,2443
1.06281685829,2442
1.0643928051,2441
1.06573987007,2440
1.06671690941,2439
1.06686687469,2438
1.06709504128,2437
1.06812000275,2436
1.06946396828,2435
1.06974291801,2434
1.07091999054,2433
1.07230186462,2432
1.07440900803,2431
1.07467389107,2430
1.07578682899,2429
1.07641196251,2428
1.07667589188,2427
1.07847499847,2426
1.97690296173,2425
1.97820687294,2424
1.98072695732,2423
1.98468899727,2422
1.99050998688,2421
1.99144887924,2420
1.99466991425,2419
2.00262403488,2418
2.00524687767,2417
2.00577688217,2416
2.01058483124,2415
2.01444602013,2414
2.01855397224,2413
2.01882791519,2412
2.02207589149,2411
2.02472496033,2410
2.02753090858,2409
2.02930784225,2408
2.03128480911,2407
2.03217601776,2406
2.03258180618,2405
2.03286981583,2404
2.03333187103,2403
2.03790593147,2402
2.89160203934,2401
2.89675402641,2400
2.90051293373,2399
2.90152287483,2398
2.90277600288,2397
2.90529799461,2396
2.90609383583,2395
2.9077630043,2394
2.90979385376,2393
2.91549897194,2392
2.91656899452,2391
2.92173480988,2390
2.92262101173,2389
2.92526102066,2388
2.92565703392,2387
2.93042898178,2386
2.93097996712,2385
3.83824682236,2384
3.84207391739,2383
3.84523296356,2382
3.84661197662,2381
3.84907388687,2380
3.85009002686,2379
3.8521528244,2378
3.85971903801,2377
3.86376786232,2376
3.86526489258,2375
3.86737799644,2374
3.88018083572,2373
3.8831050396,2372
3.88339495659,2371
3.88540482521,2370
3.88675785065,2369
3.8881418705,2368
3.89059185982,2367
4.78462982178,2366
4.785353899,2365
4.78599381447,2364
4.78649401665,2363
4.78904390335,2362
4.79147982597,2361
4.79242300987,2360
4.79305791855,2359
5.6770939827,2358
5.67924690247,2357
5.68114089966,2356
5.68171596527,2355
5.68329596519,2354
6.59249091148,2353
6.59383487701,2352
6.59586882591,2351
6.59732294083,2350
6.59773898125,2349
6.60036802292,2348
6.60349392891,2347
6.60388588905,2346
6.60515594482,2345
6.61084103584,2344
7.50579881668,2343
7.50625681877,2342
7.50807285309,2341
7.50923895836,2340
7.51042199135,2339
8.38890194893,2338
8.39075899124,2337
8.39270091057,2336
8.39292383194,2335
8.39585590363,2334
8.39809083939,2333
9.3213968277,2332
10.2431619167,2331
10.2435870171,2330
10.2475419044,2329
10.2479448318,2328
10.2510130405,2327
10.2538259029,2326
11.1737778187,2325
11.1775939465,2324
11.1798980236,2323
11.1850728989,2322
11.1865508556,2321
11.186964035,2320
11.1946299076,2319
11.1978490353,2318
12.0864899158,2317
12.092705965,2316
12.0940868855,2315
12.0943558216,2314
12.0950238705,2313
12.0965180397,2312
12.0987899303,2311
12.0996968746,2310
13.0459678173,2309
13.0464599133,2308
13.049492836,2307
14.0102109909,2306
14.8909008503,2305
14.8916559219,2304
14.8939340115,2303
14.9000849724,2302
14.9052379131,2301
16.8314669132,2300
16.831840992,2299
16.8359518051,2298
17.7270789146,2297
17.7284710407,2296
17.7296319008,2295
17.7311329842,2294
17.7328999043,2293
17.7332849503,2292
18.6717259884,2291
18.6730380058,2290
18.6749429703,2289
18.6752178669,2288
18.6761569977,2287
18.6775069237,2286
18.6848328114,2285
