0.00889992713928,4940
0.00916910171509,4939
0.00936412811279,4938
0.00970792770386,4937
0.00994205474854,4936
0.0103011131287,4935
0.010684967041,4934
0.0108959674835,4933
0.0112359523773,4932
0.0114719867706,4931
0.0116150379181,4930
0.0117740631104,4929
0.0120100975037,4928
0.0122900009155,4927
0.0126919746399,4926
0.0129919052124,4925
0.0133059024811,4924
0.0136630535126,4923
0.0139639377594,4922
0.0143151283264,4921
0.0145020484924,4920
0.0147540569305,4919
0.0149030685425,4918
0.0151720046997,4917
0.0155119895935,4916
0.0158541202545,4915
0.0159959793091,4914
0.0162110328674,4913
0.016529083252,4912
0.0169239044189,4911
0.0171530246735,4910
0.0175290107727,4909
0.0179080963135,4908
0.0182569026947,4907
0.0184769630432,4906
0.0186901092529,4905
0.0190501213074,4904
0.0192139148712,4903
0.0198650360107,4902
0.0200979709625,4901
0.0204820632935,4900
0.0208740234375,4899
0.0211870670319,4898
0.0214469432831,4897
0.021831035614,4896
0.0222029685974,4895
0.0226109027863,4894
0.0229260921478,4893
0.0232610702515,4892
0.0234189033508,4891
0.0237889289856,4890
0.0243110656738,4889
0.0245459079742,4888
0.024924993515,4887
0.0251550674438,4886
0.0254600048065,4885
0.0257630348206,4884
0.0261340141296,4883
0.0264019966125,4882
0.0265870094299,4881
0.0269570350647,4880
0.0271010398865,4879
0.0274600982666,4878
0.0278120040894,4877
0.0281939506531,4876
0.0286030769348,4875
0.0288860797882,4874
0.0290479660034,4873
0.029403924942,4872
0.029639005661,4871
0.0299088954926,4870
0.0301871299744,4869
0.0303559303284,4868
0.0306770801544,4867
0.0309629440308,4866
0.0312399864197,4865
0.0316359996796,4864
0.031769990921,4863
0.0319559574127,4862
0.0322480201721,4861
0.0326189994812,4860
0.0330200195312,4859
0.0332899093628,4858
0.0336971282959,4857
0.0338790416718,4856
0.0340240001678,4855
0.0341811180115,4854
0.0345339775085,4853
0.0347440242767,4852
0.0349600315094,4851
0.0351009368896,4850
0.0354640483856,4849
0.0357038974762,4848
0.0359671115875,4847
0.0361170768738,4846
0.0364830493927,4845
0.0366399288177,4844
0.0367970466614,4843
0.0369739532471,4842
0.0372610092163,4841
0.0375571250916,4840
0.037938117981,4839
0.0382840633392,4838
0.0384690761566,4837
0.0386319160461,4836
0.0388300418854,4835
0.0391869544983,4834
0.0393869876862,4833
0.03959608078,4832
0.0397469997406,4831
0.0399880409241,4830
0.040235042572,4829
0.0406019687653,4828
0.041002035141,4827
0.0413880348206,4826
0.0419158935547,4825
0.0422921180725,4824
0.0426409244537,4823
0.0429739952087,4822
0.0433609485626,4821
0.0436000823975,4820
0.0439569950104,4819
0.044312953949,4818
0.0444869995117,4817
0.0447111129761,4816
0.0450880527496,4815
0.0454609394073,4814
0.0457670688629,4813
0.0459549427032,4812
0.0462539196014,4811
0.0466918945312,4810
0.0468399524689,4809
0.0471420288086,4808
0.047534942627,4807
0.0478389263153,4806
0.0480489730835,4805
0.0481910705566,4804
0.0484089851379,4803
0.0486440658569,4802
0.0488729476929,4801
0.0492041110992,4800
0.0493879318237,4799
0.0496480464935,4798
0.0498650074005,4797
0.0500500202179,4796
0.0502519607544,4795
0.0504031181335,4794
0.0507779121399,4793
0.0509629249573,4792
0.0510969161987,4791
0.0514349937439,4790
0.051609992981,4789
0.051815032959,4788
0.0519850254059,4787
0.0523149967194,4786
0.0525979995728,4785
0.0528450012207,4784
0.0529839992523,4783
0.0533668994904,4782
0.0535359382629,4781
0.0539081096649,4780
0.0541920661926,4779
0.0543959140778,4778
0.0547740459442,4777
0.0552639961243,4776
0.0555191040039,4775
0.0557470321655,4774
0.05601811409,4773
0.0563380718231,4772
0.0566821098328,4771
0.056853055954,4770
0.0572381019592,4769
0.0574951171875,4768
0.0577239990234,4767
0.0579741001129,4766
0.0584421157837,4765
0.0586080551147,4764
0.0587739944458,4763
0.0590441226959,4762
0.0593280792236,4761
0.0595479011536,4760
0.0596990585327,4759
0.0600190162659,4758
0.0605010986328,4757
0.0608921051025,4756
0.0611910820007,4755
0.0615859031677,4754
0.0619540214539,4753
0.0622420310974,4752
0.0627720355988,4751
0.0629570484161,4750
0.0631101131439,4749
0.063257932663,4748
0.0636401176453,4747
0.0638070106506,4746
0.0641529560089,4745
0.0645380020142,4744
0.0648069381714,4743
0.0652070045471,4742
0.0654730796814,4741
0.0656509399414,4740
0.0660231113434,4739
0.0664210319519,4738
0.0666439533234,4737
0.0667979717255,4736
0.0672590732574,4735
0.0676369667053,4734
0.0679829120636,4733
0.0681509971619,4732
0.0686650276184,4731
0.0689680576324,4730
0.0698499679565,4729
0.0701189041138,4728
0.0706069469452,4727
0.0709481239319,4726
0.0712909698486,4725
0.0716359615326,4724
0.0719621181488,4723
0.0721130371094,4722
0.0725100040436,4721
0.0727229118347,4720
0.0730969905853,4719
0.0733249187469,4718
0.0734779834747,4717
0.0738039016724,4716
0.0741620063782,4715
0.0745639801025,4714
0.0748019218445,4713
0.0749840736389,4712
0.0752711296082,4711
0.0756618976593,4710
0.0758080482483,4709
0.0760889053345,4708
0.0762650966644,4707
0.0766100883484,4706
0.0768399238586,4705
0.0771329402924,4704
0.0774791240692,4703
0.0776460170746,4702
0.0778610706329,4701
0.0780069828033,4700
0.0783970355988,4699
0.078537940979,4698
0.0789210796356,4697
0.0792870521545,4696
0.0795741081238,4695
0.0798671245575,4694
0.0802049636841,4693
0.0804100036621,4692
0.0806829929352,4691
0.080915927887,4690
0.0812129974365,4689
0.0815539360046,4688
0.0817160606384,4687
0.081857919693,4686
0.0821499824524,4685
0.0822820663452,4684
0.0826399326324,4683
0.0830290317535,4682
0.0832569599152,4681
0.0836379528046,4680
0.083909034729,4679
0.084203004837,4678
0.0844841003418,4677
0.0847060680389,4676
0.0850279331207,4675
0.0857760906219,4674
0.085972070694,4673
0.0863010883331,4672
0.0867350101471,4671
0.0870590209961,4670
0.0874099731445,4669
0.0876929759979,4668
0.0878601074219,4667
0.0882139205933,4666
0.0884840488434,4665
0.0888431072235,4664
0.0891299247742,4663
0.0894730091095,4662
0.0897409915924,4661
0.0900299549103,4660
0.090204000473,4659
0.0905809402466,4658
0.0907649993896,4657
0.0910530090332,4656
0.0912179946899,4655
0.0915749073029,4654
0.0918529033661,4653
0.0919990539551,4652
0.0922470092773,4651
0.0926160812378,4650
0.0929698944092,4649
0.0933260917664,4648
0.0935909748077,4647
0.0939071178436,4646
0.0942311286926,4645
0.0945250988007,4644
0.0947229862213,4643
0.0950961112976,4642
0.0954430103302,4641
0.0957820415497,4640
0.0961380004883,4639
0.0964500904083,4638
0.0966739654541,4637
0.0968399047852,4636
0.0972619056702,4635
0.0974669456482,4634
0.0977349281311,4633
0.0978810787201,4632
0.0980429649353,4631
0.0983741283417,4630
0.0989680290222,4629
0.099133014679,4628
0.0992720127106,4627
0.0994389057159,4626
0.0998821258545,4625
0.100136995316,4624
0.100414037704,4623
0.100565910339,4622
0.100821971893,4621
0.101004123688,4620
0.10120010376,4619
0.101375102997,4618
0.101598978043,4617
0.102149963379,4616
0.102297067642,4615
0.102472066879,4614
0.103066921234,4613
0.103410005569,4612
0.104142904282,4611
0.104321956635,4610
0.104490041733,4609
0.104626893997,4608
0.104965925217,4607
0.105119943619,4606
0.105353116989,4605
0.105536937714,4604
0.10590004921,4603
0.106132030487,4602
0.10669708252,4601
0.107062101364,4600
0.107408046722,4599
0.107764959335,4598
0.108134031296,4597
0.108297109604,4596
0.108761072159,4595
0.109210014343,4594
0.109705924988,4593
0.110021114349,4592
0.110229969025,4591
0.110520124435,4590
0.110853910446,4589
0.111226081848,4588
0.111447095871,4587
0.111798048019,4586
0.112090110779,4585
0.112571954727,4584
0.112910032272,4583
0.113265991211,4582
0.113584041595,4581
0.113795042038,4580
0.114181995392,4579
0.114346981049,4578
0.114991903305,4577
0.115324020386,4576
0.115562915802,4575
0.115848064423,4574
0.116044998169,4573
0.116281986237,4572
0.116426944733,4571
0.116713047028,4570
0.116849899292,4569
0.117175102234,4568
0.117370128632,4567
0.118257045746,4566
0.118571996689,4565
0.118720054626,4564
0.118969917297,4563
0.11917591095,4562
0.119547128677,4561
0.120027065277,4560
0.120161056519,4559
0.120507955551,4558
0.121053934097,4557
0.1212849617,4556
0.121666908264,4555
0.121933937073,4554
0.122253894806,4553
0.122529983521,4552
0.123003959656,4551
0.123296022415,4550
0.123486042023,4549
0.123836994171,4548
0.124069929123,4547
0.124354124069,4546
0.124778032303,4545
0.125154972076,4544
0.125417947769,4543
0.12597489357,4542
0.126297950745,4541
0.126713037491,4540
0.126868009567,4539
0.12700510025,4538
0.127161979675,4537
0.127511024475,4536
0.12788105011,4535
0.128379106522,4534
0.128653049469,4533
0.129029035568,4532
0.129310131073,4531
0.129468917847,4530
0.129782915115,4529
0.130135059357,4528
0.130281925201,4527
0.130636930466,4526
0.13091802597,4525
0.131179094315,4524
0.131479024887,4523
0.131751060486,4522
0.131907939911,4521
0.132199048996,4520
0.13254904747,4519
0.132949113846,4518
0.133316040039,4517
0.133696079254,4516
0.133903026581,4515
0.134099960327,4514
0.134280920029,4513
0.134480953217,4512
0.134838104248,4511
0.135102987289,4510
0.135528087616,4509
0.136076927185,4508
0.136240005493,4507
0.136590957642,4506
0.136826992035,4505
0.137023925781,4504
0.137223005295,4503
0.137438058853,4502
0.137712955475,4501
0.137907028198,4500
0.138195991516,4499
0.138735055923,4498
0.138994932175,4497
0.139331102371,4496
0.139678001404,4495
0.140039920807,4494
0.140501976013,4493
0.141053915024,4492
0.141416072845,4491
0.141788959503,4490
0.141974925995,4489
0.142278909683,4488
0.142560005188,4487
0.142806053162,4486
0.143142938614,4485
0.14347410202,4484
0.143762111664,4483
0.14409995079,4482
0.144244909286,4481
0.144490003586,4480
0.144802093506,4479
0.145010948181,4478
0.145302057266,4477
0.145478010178,4476
0.145678043365,4475
0.145898103714,4474
0.146102905273,4473
0.146320104599,4472
0.146687030792,4471
0.146912097931,4470
0.147047042847,4469
0.147469043732,4468
0.147884130478,4467
0.148154020309,4466
0.148322105408,4465
0.148760080338,4464
0.148893117905,4463
0.149344921112,4462
0.149533987045,4461
0.15004491806,4460
0.150187015533,4459
0.150523900986,4458
0.150835990906,4457
0.151212930679,4456
0.151557922363,4455
0.151739120483,4454
0.151926040649,4453
0.152055978775,4452
0.152283906937,4451
0.152570009232,4450
0.15273308754,4449
0.152931928635,4448
0.153064012527,4447
0.153614044189,4446
0.153939008713,4445
0.154643058777,4444
0.155133008957,4443
0.155631065369,4442
0.155996084213,4441
0.156393051147,4440
0.156522989273,4439
0.156816005707,4438
0.157175064087,4437
0.157418012619,4436
0.157681941986,4435
0.158169031143,4434
0.158638954163,4433
0.158867120743,4432
0.159255981445,4431
0.159445047379,4430
0.159878015518,4429
0.160123109818,4428
0.160608053207,4427
0.160741090775,4426
0.161022901535,4425
0.161785125732,4424
0.162125110626,4423
0.162328004837,4422
0.16264796257,4421
0.162821054459,4420
0.163466930389,4419
0.163798093796,4418
0.164103984833,4417
0.164725065231,4416
0.165228128433,4415
0.16539812088,4414
0.165663003922,4413
0.166165113449,4412
0.166534900665,4411
0.167144060135,4410
0.167478084564,4409
0.167840003967,4408
0.168086051941,4407
0.168386936188,4406
0.168595075607,4405
0.168955087662,4404
0.169188022614,4403
0.169687986374,4402
0.169820070267,4401
0.170006036758,4400
0.170231103897,4399
0.17048406601,4398
0.170828104019,4397
0.171294927597,4396
0.171875,4395
0.172087907791,4394
0.172280073166,4393
0.172689914703,4392
0.172902107239,4391
0.173502922058,4390
0.173943996429,4389
0.174247980118,4388
0.174879074097,4387
0.175043106079,4386
0.175184965134,4385
0.17538189888,4384
0.175547122955,4383
0.175806999207,4382
0.176490068436,4381
0.177010059357,4380
0.177211999893,4379
0.177571058273,4378
0.177773952484,4377
0.178256034851,4376
0.178456068039,4375
0.17872595787,4374
0.178900003433,4373
0.179201126099,4372
0.179446935654,4371
0.179670095444,4370
0.180237054825,4369
0.180504083633,4368
0.180788993835,4367
0.181126117706,4366
0.181422948837,4365
0.181622028351,4364
0.181987047195,4363
0.182326078415,4362
0.18275308609,4361
0.182961940765,4360
0.183125019073,4359
0.183252096176,4358
0.183442115784,4357
0.183875083923,4356
0.184129953384,4355
0.184370040894,4354
0.184582948685,4353
0.184978961945,4352
0.185321092606,4351
0.185657978058,4350
0.185866117477,4349
0.186034917831,4348
0.186161994934,4347
0.187071084976,4346
0.187458992004,4345
0.187891960144,4344
0.188103914261,4343
0.188288927078,4342
0.188606977463,4341
0.189023017883,4340
0.189289093018,4339
0.189496994019,4338
0.189630031586,4337
0.18988609314,4336
0.190140962601,4335
0.190333127975,4334
0.190669059753,4333
0.190938949585,4332
0.19145989418,4331
0.191844940186,4330
0.192060947418,4329
0.192455053329,4328
0.192629098892,4327
0.192791938782,4326
0.193064928055,4325
0.193707942963,4324
0.193917036057,4323
0.194114923477,4322
0.194334030151,4321
0.194714069366,4320
0.194842100143,4319
0.195113897324,4318
0.195447921753,4317
0.195774078369,4316
0.195955991745,4315
0.196165084839,4314
0.196352958679,4313
0.196527004242,4312
0.19678401947,4311
0.197017908096,4310
0.19716501236,4309
0.197533130646,4308
0.197744131088,4307
0.198184013367,4306
0.198471069336,4305
0.198879957199,4304
0.199213981628,4303
0.199362039566,4302
0.199503898621,4301
0.199872970581,4300
0.200268030167,4299
0.200434923172,4298
0.200639009476,4297
0.200922966003,4296
0.201085090637,4295
0.201575994492,4294
0.20197892189,4293
0.20220208168,4292
0.202507019043,4291
0.203038930893,4290
0.203316926956,4289
0.203543901443,4288
0.204153060913,4287
0.20445895195,4286
0.204626083374,4285
0.20515203476,4284
0.205377101898,4283
0.205507993698,4282
0.206036090851,4281
0.206165075302,4280
0.206479072571,4279
0.206811904907,4278
0.20734500885,4277
0.207688093185,4276
0.207973003387,4275
0.208240032196,4274
0.208432912827,4273
0.208656072617,4272
0.20941901207,4271
0.209683895111,4270
0.210123062134,4269
0.210710048676,4268
0.210967063904,4267
0.211326122284,4266
0.211570978165,4265
0.211786985397,4264
0.21208691597,4263
0.21232008934,4262
0.212615966797,4261
0.212954044342,4260
0.213340997696,4259
0.21355509758,4258
0.213882923126,4257
0.21411895752,4256
0.214384078979,4255
0.214644908905,4254
0.214947938919,4253
0.215075016022,4252
0.215212106705,4251
0.215408086777,4250
0.215670108795,4249
0.21590089798,4248
0.216202974319,4247
0.216381072998,4246
0.216553926468,4245
0.216917991638,4244
0.217121124268,4243
0.217400074005,4242
0.217607975006,4241
0.217844963074,4240
0.218118906021,4239
0.218410015106,4238
0.218641996384,4237
0.219074010849,4236
0.219438076019,4235
0.21989107132,4234
0.220236063004,4233
0.220582962036,4232
0.220904111862,4231
0.221345901489,4230
0.221548080444,4229
0.221830129623,4228
0.222148895264,4227
0.222299098969,4226
0.222661972046,4225
0.222897052765,4224
0.223052024841,4223
0.223347902298,4222
0.223606109619,4221
0.22389793396,4220
0.224030971527,4219
0.224461078644,4218
0.22466802597,4217
0.225198030472,4216
0.225435018539,4215
0.225852012634,4214
0.226121902466,4213
0.226452112198,4212
0.226722002029,4211
0.227230072021,4210
0.227421998978,4209
0.228209972382,4208
0.228521108627,4207
0.228724956512,4206
0.229022026062,4205
0.229311943054,4204
0.231008052826,4203
0.231287956238,4202
0.231609106064,4201
0.231962919235,4200
0.232194900513,4199
0.232897043228,4198
0.233222961426,4197
0.233365058899,4196
0.233612060547,4195
0.233948945999,4194
0.234261989594,4193
0.234530925751,4192
0.2348279953,4191
0.235086917877,4190
0.235402107239,4189
0.235667943954,4188
0.235994100571,4187
0.236299991608,4186
0.236510038376,4185
0.236648082733,4184
0.236835956573,4183
0.237035989761,4182
0.237394094467,4181
0.237634897232,4180
0.237925052643,4179
0.238060951233,4178
0.238542079926,4177
0.238893985748,4176
0.239144086838,4175
0.239588975906,4174
0.239792108536,4173
0.240139007568,4172
0.240654945374,4171
0.240916967392,4170
0.241141080856,4169
0.241463899612,4168
0.241686105728,4167
0.241816997528,4166
0.242589950562,4165
0.242793083191,4164
0.242921113968,4163
0.243279933929,4162
0.24365901947,4161
0.243931055069,4160
0.244071006775,4159
0.244251012802,4158
0.244657039642,4157
0.245455026627,4156
0.245897054672,4155
0.246110916138,4154
0.246246099472,4153
0.246648073196,4152
0.247054100037,4151
0.247335910797,4150
0.247680902481,4149
0.248023986816,4148
0.248279094696,4147
0.248588085175,4146
0.248765945435,4145
0.248898029327,4144
0.249413013458,4143
0.249679088593,4142
0.249819040298,4141
0.250423908234,4140
0.250601053238,4139
0.250781059265,4138
0.250939130783,4137
0.251270055771,4136
0.251606941223,4135
0.251734018326,4134
0.252025127411,4133
0.252373933792,4132
0.252578020096,4131
0.252876996994,4130
0.253065109253,4129
0.253396034241,4128
0.253608942032,4127
0.253791093826,4126
0.253919124603,4125
0.254211902618,4124
0.254643917084,4123
0.255065917969,4122
0.255438089371,4121
0.255620956421,4120
0.255741119385,4119
0.256174087524,4118
0.257230043411,4117
0.257375001907,4116
0.25771689415,4115
0.25795006752,4114
0.258412122726,4113
0.25869011879,4112
0.258973121643,4111
0.259267091751,4110
0.259402036667,4109
0.259676933289,4108
0.259921073914,4107
0.260230064392,4106
0.260514974594,4105
0.261007070541,4104
0.261322975159,4103
0.261580944061,4102
0.261761903763,4101
0.26221203804,4100
0.262340068817,4099
0.262569904327,4098
0.262912988663,4097
0.263085126877,4096
0.263344049454,4095
0.263632059097,4094
0.263904094696,4093
0.26420712471,4092
0.264665126801,4091
0.264795064926,4090
0.265358924866,4089
0.265851020813,4088
0.266093015671,4087
0.266241073608,4086
0.266499996185,4085
0.266752004623,4084
0.267246007919,4083
0.267499923706,4082
0.267725944519,4081
0.267941951752,4080
0.268420934677,4079
0.268963098526,4078
0.269479036331,4077
0.270045995712,4076
0.270436048508,4075
0.270625114441,4074
0.270858049393,4073
0.271270036697,4072
0.271827936172,4071
0.27226805687,4070
0.27244591713,4069
0.272825956345,4068
0.273407936096,4067
0.273646116257,4066
0.274073123932,4065
0.274341106415,4064
0.274853944778,4063
0.275345087051,4062
0.275645017624,4061
0.275913000107,4060
0.276253938675,4059
0.277060031891,4058
0.277430057526,4057
0.277719974518,4056
0.27792096138,4055
0.278513908386,4054
0.278904914856,4053
0.27922296524,4052
0.279395103455,4051
0.279664993286,4050
0.280210018158,4049
0.280424118042,4048
0.28086400032,4047
0.281053066254,4046
0.281593084335,4045
0.282186985016,4044
0.282423973083,4043
0.282659053802,4042
0.282910108566,4041
0.283117055893,4040
0.283555030823,4039
0.283999919891,4038
0.284338951111,4037
0.284702062607,4036
0.284878969193,4035
0.285223960876,4034
0.285584926605,4033
0.285891056061,4032
0.286067962646,4031
0.286261081696,4030
0.286536931992,4029
0.28675699234,4028
0.286921024323,4027
0.2871530056,4026
0.287425041199,4025
0.287785053253,4024
0.288180112839,4023
0.288510084152,4022
0.288876056671,4021
0.289230108261,4020
0.289593935013,4019
0.289974927902,4018
0.29020190239,4017
0.290452003479,4016
0.290703058243,4015
0.291132926941,4014
0.292268037796,4013
0.292443990707,4012
0.292789936066,4011
0.29338312149,4010
0.29364991188,4009
0.293818950653,4008
0.294491052628,4007
0.294696092606,4006
0.294905900955,4005
0.295063018799,4004
0.295249938965,4003
0.295644044876,4002
0.296504974365,4001
0.29678106308,4000
0.297768115997,3999
0.298085927963,3998
0.298357009888,3997
0.298653125763,3996
0.299072027206,3995
0.299331903458,3994
0.299530982971,3993
0.299685001373,3992
0.300103902817,3991
0.300417900085,3990
0.301022052765,3989
0.301379919052,3988
0.301665067673,3987
0.302009105682,3986
0.302854061127,3985
0.303110122681,3984
0.303514957428,3983
0.304013967514,3982
0.304529905319,3981
0.304860115051,3980
0.305078029633,3979
0.305465936661,3978
0.305748939514,3977
0.306035041809,3976
0.306750059128,3975
0.306967020035,3974
0.307590007782,3973
0.307976007462,3972
0.308351039886,3971
0.308681964874,3970
0.308901071548,3969
0.309376001358,3968
0.31024312973,3967
0.310862064362,3966
0.311002016068,3965
0.311243057251,3964
0.311412096024,3963
0.312146902084,3962
0.312376022339,3961
0.312536001205,3960
0.31276011467,3959
0.313127994537,3958
0.313352108002,3957
0.313741922379,3956
0.313987970352,3955
0.314213991165,3954
0.314561128616,3953
0.314857006073,3952
0.315057039261,3951
0.315252065659,3950
0.315524101257,3949
0.316111087799,3948
0.31659412384,3947
0.317567110062,3946
0.317852973938,3945
0.318031072617,3944
0.318529129028,3943
0.319236040115,3942
0.319628000259,3941
0.319921970367,3940
0.320243120193,3939
0.320481061935,3938
0.320810079575,3937
0.321128129959,3936
0.32130408287,3935
0.321489095688,3934
0.322103023529,3933
0.323295116425,3932
0.323446035385,3931
0.323776960373,3930
0.324554920197,3929
0.324963092804,3928
0.325164079666,3927
0.325380086899,3926
0.326093912125,3925
0.32657289505,3924
0.3269739151,3923
0.327198982239,3922
0.327523946762,3921
0.327992916107,3920
0.328325986862,3919
0.328550100327,3918
0.32888507843,3917
0.329169034958,3916
0.329788923264,3915
0.33015704155,3914
0.330559015274,3913
0.331169128418,3912
0.331465005875,3911
0.331645011902,3910
0.331821918488,3909
0.332076072693,3908
0.332361936569,3907
0.332567930222,3906
0.332719087601,3905
0.332906961441,3904
0.333611965179,3903
0.333831071854,3902
0.334289073944,3901
0.335865974426,3900
0.336585998535,3899
0.337198972702,3898
0.337351083755,3897
0.337670087814,3896
0.337965011597,3895
0.338289022446,3894
0.33855509758,3893
0.338908910751,3892
0.339385032654,3891
0.339661121368,3890
0.339863061905,3889
0.340301036835,3888
0.340651035309,3887
0.341558933258,3886
0.341948032379,3885
0.342206954956,3884
0.342680931091,3883
0.342972040176,3882
0.343259096146,3881
0.343924999237,3880
0.344546079636,3879
0.344691991806,3878
0.345053911209,3877
0.345941066742,3876
0.346148967743,3875
0.346600055695,3874
0.347090959549,3873
0.347461938858,3872
0.347790956497,3871
0.348289012909,3870
0.348614931107,3869
0.348978042603,3868
0.349462032318,3867
0.349797964096,3866
0.350107908249,3865
0.350372076035,3864
0.350678920746,3863
0.35089302063,3862
0.351278066635,3861
0.351608037949,3860
0.351898908615,3859
0.352262020111,3858
0.352548122406,3857
0.353657960892,3856
0.354342937469,3855
0.354875087738,3854
0.355324029922,3853
0.355494022369,3852
0.355842113495,3851
0.356419086456,3850
0.356704950333,3849
0.357141017914,3848
0.357372999191,3847
0.357575893402,3846
0.358231067657,3845
0.358640909195,3844
0.358920097351,3843
0.359673976898,3842
0.360076904297,3841
0.360394954681,3840
0.360727071762,3839
0.361054897308,3838
0.361443996429,3837
0.36176609993,3836
0.362025022507,3835
0.362257957458,3834
0.362548112869,3833
0.362893104553,3832
0.363207101822,3831
0.363364934921,3830
0.363662958145,3829
0.363999128342,3828
0.364289999008,3827
0.364540100098,3826
0.365170955658,3825
0.365958929062,3824
0.366096973419,3823
0.36643910408,3822
0.3670399189,3821
0.367413043976,3820
0.367588996887,3819
0.367943048477,3818
0.368163108826,3817
0.368473052979,3816
0.368844032288,3815
0.368978977203,3814
0.369206905365,3813
0.369563102722,3812
0.370230913162,3811
0.370528936386,3810
0.37153506279,3809
0.371896028519,3808
0.372126102448,3807
0.372358083725,3806
0.37255692482,3805
0.373528003693,3804
0.373759031296,3803
0.374180078506,3802
0.374511957169,3801
0.374651908875,3800
0.375108957291,3799
0.375443935394,3798
0.375859975815,3797
0.376037120819,3796
0.376246929169,3795
0.376782894135,3794
0.377274990082,3793
0.377473115921,3792
0.377710103989,3791
0.377883911133,3790
0.378237009048,3789
0.378689050674,3788
0.378993034363,3787
0.379166126251,3786
0.379472017288,3785
0.379813909531,3784
0.380089044571,3783
0.380588054657,3782
0.380744934082,3781
0.381391048431,3780
0.38201212883,3779
0.382206916809,3778
0.382343053818,3777
0.38294005394,3776
0.383796930313,3775
0.384073019028,3774
0.384298086166,3773
0.384560108185,3772
0.384845018387,3771
0.385634899139,3770
0.385777950287,3769
0.386091947556,3768
0.386359930038,3767
0.386517047882,3766
0.386709928513,3765
0.38778090477,3764
0.388085126877,3763
0.38835310936,3762
0.389034986496,3761
0.389427900314,3760
0.389746904373,3759
0.390616893768,3758
0.390769004822,3757
0.391196012497,3756
0.391706943512,3755
0.392575979233,3754
0.392879962921,3753
0.393225908279,3752
0.393523931503,3751
0.39387512207,3750
0.39430809021,3749
0.394599914551,3748
0.395211935043,3747
0.395592927933,3746
0.395764112473,3745
0.396086931229,3744
0.396265029907,3743
0.397104024887,3742
0.397701978683,3741
0.397959947586,3740
0.398495912552,3739
0.398658037186,3738
0.398907899857,3737
0.39919090271,3736
0.399493932724,3735
0.3998670578,3734
0.400780916214,3733
0.401449918747,3732
0.402056932449,3731
0.402215003967,3730
0.402561903,3729
0.402810096741,3728
0.403161048889,3727
0.4033639431,3726
0.403662919998,3725
0.403959035873,3724
0.404328107834,3723
0.404541969299,3722
0.404695034027,3721
0.40500497818,3720
0.405366897583,3719
0.40623998642,3718
0.406981945038,3717
0.407310962677,3716
0.407645940781,3715
0.407988071442,3714
0.408231973648,3713
0.408529043198,3712
0.409271001816,3711
0.409622907639,3710
0.409904003143,3709
0.410248041153,3708
0.410490036011,3707
0.410830020905,3706
0.410990953445,3705
0.411186933517,3704
0.411540985107,3703
0.412219047546,3702
0.412533044815,3701
0.412753105164,3700
0.413985013962,3699
0.414294958115,3698
0.414561033249,3697
0.414881944656,3696
0.415064096451,3695
0.415332078934,3694
0.41551399231,3693
0.415678024292,3692
0.415995121002,3691
0.416433095932,3690
0.416731119156,3689
0.417609930038,3688
0.417844057083,3687
0.418141126633,3686
0.418350934982,3685
0.420090913773,3684
0.420368909836,3683
0.420690059662,3682
0.421140909195,3681
0.42143702507,3680
0.421853065491,3679
0.422001123428,3678
0.4223549366,3677
0.422805070877,3676
0.423676013947,3675
0.423929929733,3674
0.424246072769,3673
0.42450594902,3672
0.424916028976,3671
0.425920963287,3670
0.426441907883,3669
0.42661690712,3668
0.427338123322,3667
0.427634954453,3666
0.427868127823,3665
0.428448915482,3664
0.428864002228,3663
0.429600000381,3662
0.430314064026,3661
0.430581092834,3660
0.430819988251,3659
0.431586027145,3658
0.43191409111,3657
0.432415962219,3656
0.432610034943,3655
0.43293094635,3654
0.433494091034,3653
0.434191942215,3652
0.434633016586,3651
0.435420036316,3650
0.435914993286,3649
0.436337947845,3648
0.437024116516,3647
0.437814950943,3646
0.438256978989,3645
0.438709020615,3644
0.438888072968,3643
0.43914604187,3642
0.43943810463,3641
0.440170049667,3640
0.44075012207,3639
0.441566944122,3638
0.442220926285,3637
0.442646980286,3636
0.443087100983,3635
0.443435907364,3634
0.443936109543,3633
0.444509029388,3632
0.444698095322,3631
0.445029020309,3630
0.445209980011,3629
0.445480108261,3628
0.445928096771,3627
0.446399927139,3626
0.446715116501,3625
0.447427988052,3624
0.448162078857,3623
0.449434041977,3622
0.45019197464,3621
0.450395107269,3620
0.450742006302,3619
0.451047897339,3618
0.451879024506,3617
0.452390909195,3616
0.452713012695,3615
0.453727006912,3614
0.45387005806,3613
0.454310894012,3612
0.45489192009,3611
0.455241918564,3610
0.455562114716,3609
0.456276893616,3608
0.456514120102,3607
0.457559108734,3606
0.457890033722,3605
0.458374023438,3604
0.458640098572,3603
0.458990097046,3602
0.459688901901,3601
0.460117101669,3600
0.460350990295,3599
0.460779905319,3598
0.46110701561,3597
0.461282968521,3596
0.461556911469,3595
0.462028980255,3594
0.462219953537,3593
0.462911128998,3592
0.463491916656,3591
0.463666915894,3590
0.463839054108,3589
0.464143037796,3588
0.464883089066,3587
0.465383052826,3586
0.465866088867,3585
0.466367006302,3584
0.466859102249,3583
0.467137098312,3582
0.467535018921,3581
0.467761039734,3580
0.46790599823,3579
0.468327045441,3578
0.469033002853,3577
0.469322919846,3576
0.46965098381,3575
0.470061063766,3574
0.470289945602,3573
0.470642089844,3572
0.471154928207,3571
0.471553087234,3570
0.471693992615,3569
0.472394943237,3568
0.472805023193,3567
0.473345994949,3566
0.473969936371,3565
0.474632024765,3564
0.474905967712,3563
0.475929021835,3562
0.476449012756,3561
0.477035999298,3560
0.477520942688,3559
0.478132009506,3558
0.478394985199,3557
0.478811979294,3556
0.479856967926,3555
0.481820106506,3554
0.483057022095,3553
0.483781099319,3552
0.484000921249,3551
0.484177112579,3550
0.484549999237,3549
0.484796047211,3548
0.485366106033,3547
0.486005067825,3546
0.486596107483,3545
0.48689699173,3544
0.487795114517,3543
0.488323926926,3542
0.489206075668,3541
0.489620923996,3540
0.49023604393,3539
0.490564107895,3538
0.490790128708,3537
0.491106987,3536
0.491395950317,3535
0.492317914963,3534
0.492579936981,3533
0.493000984192,3532
0.493357896805,3531
0.493734121323,3530
0.493931055069,3529
0.494226932526,3528
0.494573116302,3527
0.494858026505,3526
0.495063066483,3525
0.495616912842,3524
0.495960950851,3523
0.496171951294,3522
0.496623039246,3521
0.497496128082,3520
0.49781703949,3519
0.498086929321,3518
0.498331069946,3517
0.498543977737,3516
0.498693943024,3515
0.499300003052,3514
0.49952507019,3513
0.499819993973,3512
0.500066041946,3511
0.500673055649,3510
0.501456975937,3509
0.501667022705,3508
0.501883983612,3507
0.502218961716,3506
0.50283908844,3505
0.50329709053,3504
0.503978013992,3503
0.504137039185,3502
0.504702091217,3501
0.505135059357,3500
0.505275011063,3499
0.505573034286,3498
0.5060069561,3497
0.506146907806,3496
0.506330013275,3495
0.50684094429,3494
0.507636070251,3493
0.507894039154,3492
0.508254051208,3491
0.50858092308,3490
0.508857965469,3489
0.509206056595,3488
0.509624004364,3487
0.51007604599,3486
0.510287046432,3485
0.510591983795,3484
0.511044025421,3483
0.511209011078,3482
0.51170706749,3481
0.511977910995,3480
0.512121915817,3479
0.512413024902,3478
0.512672901154,3477
0.512937068939,3476
0.513271093369,3475
0.513417959213,3474
0.514142036438,3473
0.515181064606,3472
0.515331983566,3471
0.515836954117,3470
0.516129016876,3469
0.516593933105,3468
0.516987085342,3467
0.517292022705,3466
0.517626047134,3465
0.518644094467,3464
0.518974065781,3463
0.519309043884,3462
0.519776105881,3461
0.52022600174,3460
0.520461082458,3459
0.521384000778,3458
0.522032976151,3457
0.522248983383,3456
0.522383928299,3455
0.522552967072,3454
0.522861003876,3453
0.523104906082,3452
0.52329492569,3451
0.523579120636,3450
0.524004936218,3449
0.524230003357,3448
0.524708032608,3447
0.524842977524,3446
0.525658130646,3445
0.526093959808,3444
0.526595115662,3443
0.526879072189,3442
0.527013063431,3441
0.527190923691,3440
0.528242111206,3439
0.528654098511,3438
0.529036045074,3437
0.529275894165,3436
0.529563903809,3435
0.529851913452,3434
0.530457019806,3433
0.530761957169,3432
0.531170129776,3431
0.531372070312,3430
0.5319480896,3429
0.532222986221,3428
0.532452106476,3427
0.533085107803,3426
0.533585071564,3425
0.533833026886,3424
0.534176111221,3423
0.534879922867,3422
0.535099983215,3421
0.535236120224,3420
0.535427093506,3419
0.535664081573,3418
0.536572933197,3417
0.536901950836,3416
0.537137985229,3415
0.537576913834,3414
0.537879943848,3413
0.538216114044,3412
0.538595914841,3411
0.53880906105,3410
0.538991928101,3409
0.539577007294,3408
0.539868116379,3407
0.54047203064,3406
0.54100394249,3405
0.541609048843,3404
0.542038917542,3403
0.542212963104,3402
0.542520046234,3401
0.542679071426,3400
0.543566942215,3399
0.543741941452,3398
0.544063091278,3397
0.544434070587,3396
0.544929027557,3395
0.545172929764,3394
0.545777082443,3393
0.546097993851,3392
0.547609090805,3391
0.547946929932,3390
0.548522949219,3389
0.548981904984,3388
0.549778938293,3387
0.550283908844,3386
0.550924062729,3385
0.551728963852,3384
0.552139043808,3383
0.553483009338,3382
0.554311990738,3381
0.554817914963,3380
0.555089950562,3379
0.555494070053,3378
0.555803060532,3377
0.556131124496,3376
0.556417942047,3375
0.556571006775,3374
0.557481050491,3373
0.557992935181,3372
0.558331012726,3371
0.5590031147,3370
0.559638977051,3369
0.559902906418,3368
0.560244083405,3367
0.561396121979,3366
0.56196808815,3365
0.562151908875,3364
0.562706947327,3363
0.563112020493,3362
0.563380002975,3361
0.563924074173,3360
0.564981937408,3359
0.565197944641,3358
0.565834999084,3357
0.566517114639,3356
0.56666302681,3355
0.567186117172,3354
0.567456960678,3353
0.567953109741,3352
0.568363904953,3351
0.568743944168,3350
0.569255113602,3349
0.569525003433,3348
0.569895982742,3347
0.570399999619,3346
0.570688962936,3345
0.57176399231,3344
0.572046995163,3343
0.572380065918,3342
0.573729991913,3341
0.574275016785,3340
0.574490070343,3339
0.575746059418,3338
0.576239109039,3337
0.576960086823,3336
0.577676057816,3335
0.57811999321,3334
0.578459978104,3333
0.578598976135,3332
0.579138040543,3331
0.579890966415,3330
0.580095052719,3329
0.580980062485,3328
0.58119392395,3327
0.582622051239,3326
0.582906961441,3325
0.583199977875,3324
0.583488941193,3323
0.583817958832,3322
0.584424972534,3321
0.585300922394,3320
0.585643053055,3319
0.586509943008,3318
0.586766958237,3317
0.587671995163,3316
0.588571071625,3315
0.588740110397,3314
0.58943104744,3313
0.589803934097,3312
0.590210914612,3311
0.590390920639,3310
0.591425895691,3309
0.59165096283,3308
0.591852903366,3307
0.592179059982,3306
0.59277009964,3305
0.5931661129,3304
0.593354940414,3303
0.593764066696,3302
0.593938112259,3301
0.594600915909,3300
0.594971895218,3299
0.595223903656,3298
0.595674037933,3297
0.596288919449,3296
0.596494913101,3295
0.597353935242,3294
0.597908973694,3293
0.59811091423,3292
0.598789930344,3291
0.598968029022,3290
0.599253892899,3289
0.599421977997,3288
0.59965801239,3287
0.600122928619,3286
0.600438117981,3285
0.600630998611,3284
0.60101890564,3283
0.601501941681,3282
0.602283000946,3281
0.602565050125,3280
0.603131055832,3279
0.603512048721,3278
0.604001045227,3277
0.604931116104,3276
0.6052339077,3275
0.605520963669,3274
0.605833053589,3273
0.606033086777,3272
0.606923103333,3271
0.607095003128,3270
0.607259988785,3269
0.607747077942,3268
0.608086109161,3267
0.608346939087,3266
0.608560085297,3265
0.609071969986,3264
0.609339952469,3263
0.610055923462,3262
0.610388994217,3261
0.611871004105,3260
0.612045049667,3259
0.612178087234,3258
0.613203048706,3257
0.613615036011,3256
0.613756895065,3255
0.614211082458,3254
0.614378929138,3253
0.615894079208,3252
0.616092920303,3251
0.616420030594,3250
0.616758108139,3249
0.616948127747,3248
0.617340087891,3247
0.617634057999,3246
0.61812710762,3245
0.618360042572,3244
0.618849039078,3243
0.619009971619,3242
0.619323968887,3241
0.620070934296,3240
0.620645046234,3239
0.620978116989,3238
0.621452093124,3237
0.622558116913,3236
0.623958110809,3235
0.624236106873,3234
0.625294923782,3233
0.626439094543,3232
0.626971960068,3231
0.627254962921,3230
0.62822508812,3229
0.628505945206,3228
0.62907409668,3227
0.629265069962,3226
0.629838943481,3225
0.63036108017,3224
0.630795955658,3223
0.630943059921,3222
0.631659030914,3221
0.632725954056,3220
0.632975101471,3219
0.633390903473,3218
0.633908987045,3217
0.634062051773,3216
0.634283065796,3215
0.634829044342,3214
0.635041952133,3213
0.635550022125,3212
0.635950088501,3211
0.636389970779,3210
0.636701107025,3209
0.636981010437,3208
0.637219905853,3207
0.638289928436,3206
0.638787031174,3205
0.638956069946,3204
0.639267921448,3203
0.639542102814,3202
0.639863967896,3201
0.640471935272,3200
0.640916109085,3199
0.641175031662,3198
0.641716957092,3197
0.642086029053,3196
0.642957925797,3195
0.643630027771,3194
0.644155025482,3193
0.644335031509,3192
0.644608020782,3191
0.645498037338,3190
0.646261930466,3189
0.646493911743,3188
0.646815061569,3187
0.647290945053,3186
0.647789955139,3185
0.648377895355,3184
0.648654937744,3183
0.649342060089,3182
0.650466918945,3181
0.650725126266,3180
0.651994943619,3179
0.652516126633,3178
0.652987003326,3177
0.653515100479,3176
0.653938055038,3175
0.654688119888,3174
0.654863119125,3173
0.655142068863,3172
0.656229019165,3171
0.656795978546,3170
0.657093048096,3169
0.657469987869,3168
0.657731056213,3167
0.657880067825,3166
0.658623933792,3165
0.65887594223,3164
0.659317970276,3163
0.659677028656,3162
0.661597967148,3161
0.662172079086,3160
0.663623094559,3159
0.663933038712,3158
0.664321899414,3157
0.664613962173,3156
0.665051937103,3155
0.665703058243,3154
0.665926933289,3153
0.666182994843,3152
0.666707992554,3151
0.66731095314,3150
0.667850971222,3149
0.668072938919,3148
0.668394088745,3147
0.669287919998,3146
0.66961312294,3145
0.669819116592,3144
0.670124053955,3143
0.670449972153,3142
0.670824050903,3141
0.670979976654,3140
0.671267032623,3139
0.672034978867,3138
0.672898054123,3137
0.673655986786,3136
0.674696922302,3135
0.674974918365,3134
0.675426006317,3133
0.675924062729,3132
0.676357984543,3131
0.676692008972,3130
0.677130937576,3129
0.677563905716,3128
0.677777051926,3127
0.677949905396,3126
0.678112030029,3125
0.678419113159,3124
0.678950071335,3123
0.679588079453,3122
0.67972111702,3121
0.679930925369,3120
0.680134057999,3119
0.681524991989,3118
0.68173289299,3117
0.683239936829,3116
0.684475898743,3115
0.684811115265,3114
0.685220956802,3113
0.685743093491,3112
0.686257123947,3111
0.686501979828,3110
0.686859130859,3109
0.687154054642,3108
0.687534093857,3107
0.688335895538,3106
0.688571929932,3105
0.688919067383,3104
0.689172029495,3103
0.691108942032,3102
0.691695928574,3101
0.692512989044,3100
0.692892074585,3099
0.693037033081,3098
0.694165945053,3097
0.694703102112,3096
0.69590306282,3095
0.696264028549,3094
0.697165966034,3093
0.697467088699,3092
0.697851896286,3091
0.69833111763,3090
0.699011087418,3089
0.69960308075,3088
0.69981098175,3087
0.700387954712,3086
0.700680971146,3085
0.702007055283,3084
0.702363967896,3083
0.703037977219,3082
0.703649997711,3081
0.704301118851,3080
0.706237077713,3079
0.70659995079,3078
0.706763982773,3077
0.707279920578,3076
0.707559108734,3075
0.707957983017,3074
0.709207057953,3073
0.710276126862,3072
0.711451053619,3071
0.711772918701,3070
0.712139129639,3069
0.713709115982,3068
0.714018106461,3067
0.714189052582,3066
0.71484708786,3065
0.715281963348,3064
0.71563410759,3063
0.716036081314,3062
0.716469049454,3061
0.71673989296,3060
0.716994047165,3059
0.717613935471,3058
0.718106031418,3057
0.718528032303,3056
0.718837022781,3055
0.719805002213,3054
0.720071077347,3053
0.720498085022,3052
0.721023082733,3051
0.721658945084,3050
0.722343921661,3049
0.722964048386,3048
0.723400115967,3047
0.724505901337,3046
0.724869966507,3045
0.72549700737,3044
0.725769996643,3043
0.726645946503,3042
0.726965904236,3041
0.727620124817,3040
0.728868961334,3039
0.729108095169,3038
0.729512929916,3037
0.730227947235,3036
0.730638027191,3035
0.730991125107,3034
0.731261014938,3033
0.731401920319,3032
0.73221206665,3031
0.732409954071,3030
0.733892917633,3029
0.734091043472,3028
0.734524965286,3027
0.734699964523,3026
0.734971046448,3025
0.735357999802,3024
0.735543012619,3023
0.736293077469,3022
0.737035036087,3021
0.737809896469,3020
0.737966060638,3019
0.738169908524,3018
0.738418102264,3017
0.738806009293,3016
0.739217042923,3015
0.739524126053,3014
0.739725112915,3013
0.741144895554,3012
0.742348909378,3011
0.742964029312,3010
0.743276119232,3009
0.743554115295,3008
0.744056940079,3007
0.74459195137,3006
0.744944095612,3005
0.745270967484,3004
0.745568037033,3003
0.746489048004,3002
0.746737003326,3001
0.747122049332,3000
0.749659061432,2999
0.750309944153,2998
0.750494003296,2997
0.750991106033,2996
0.751607894897,2995
0.751848936081,2994
0.753103971481,2993
0.753808021545,2992
0.754302024841,2991
0.754612922668,2990
0.755043983459,2989
0.755228042603,2988
0.755535125732,2987
0.757265090942,2986
0.757540941238,2985
0.7578561306,2984
0.758527994156,2983
0.758671998978,2982
0.760020971298,2981
0.760339975357,2980
0.760792016983,2979
0.761334896088,2978
0.761651992798,2977
0.762166023254,2976
0.762461900711,2975
0.763511896133,2974
0.764771938324,2973
0.765119075775,2972
0.765361070633,2971
0.765897989273,2970
0.766324043274,2969
0.766770124435,2968
0.766989946365,2967
0.76726102829,2966
0.767596006393,2965
0.767740011215,2964
0.76803612709,2963
0.76894402504,2962
0.769685029984,2961
0.770323991776,2960
0.77127790451,2959
0.771553039551,2958
0.772557973862,2957
0.772695064545,2956
0.772962093353,2955
0.773379087448,2954
0.774182081223,2953
0.775474071503,2952
0.776056051254,2951
0.77656006813,2950
0.776998996735,2949
0.777460098267,2948
0.778136968613,2947
0.778575897217,2946
0.779516935349,2945
0.780692100525,2944
0.781929969788,2943
0.782084941864,2942
0.78319311142,2941
0.7836830616,2940
0.784364938736,2939
0.784584999084,2938
0.785427093506,2937
0.78593993187,2936
0.786559104919,2935
0.786819934845,2934
0.787166118622,2933
0.787373065948,2932
0.788258075714,2931
0.790112018585,2930
0.792155981064,2929
0.79231095314,2928
0.79355096817,2927
0.794280052185,2926
0.794927120209,2925
0.795704126358,2924
0.796426057816,2923
0.797425985336,2922
0.79825091362,2921
0.798701047897,2920
0.799221992493,2919
0.79935503006,2918
0.801563978195,2917
0.801753997803,2916
0.802444934845,2915
0.80263209343,2914
0.803271055222,2913
0.803890943527,2912
0.80421090126,2911
0.80449795723,2910
0.804745912552,2909
0.805905103683,2908
0.806199073792,2907
0.80738401413,2906
0.807537078857,2905
0.808260917664,2904
0.808918952942,2903
0.809585094452,2902
0.809960126877,2901
0.810266017914,2900
0.810547113419,2899
0.810715913773,2898
0.811662912369,2897
0.811809062958,2896
0.813262939453,2895
0.813410997391,2894
0.813632965088,2893
0.814668893814,2892
0.815921068192,2891
0.816206932068,2890
0.816587924957,2889
0.817306041718,2888
0.817680120468,2887
0.818103075027,2886
0.819123983383,2885
0.819298028946,2884
0.819832086563,2883
0.820614099503,2882
0.821209907532,2881
0.821777105331,2880
0.822052001953,2879
0.822406053543,2878
0.823090076447,2877
0.823504924774,2876
0.823801994324,2875
0.823935985565,2874
0.82416510582,2873
0.824656963348,2872
0.824892997742,2871
0.82507610321,2870
0.8255879879,2869
0.825877904892,2868
0.827269077301,2867
0.827987909317,2866
0.828431129456,2865
0.828718900681,2864
0.829345941544,2863
0.830498933792,2862
0.830718994141,2861
0.831238985062,2860
0.83186006546,2859
0.83228802681,2858
0.832528114319,2857
0.833144903183,2856
0.8334441185,2855
0.834156036377,2854
0.834753990173,2853
0.834985017776,2852
0.835355043411,2851
0.836095094681,2850
0.837003946304,2849
0.838119029999,2848
0.838407993317,2847
0.839844942093,2846
0.840121030807,2845
0.8413169384,2844
0.841574907303,2843
0.841897010803,2842
0.843082904816,2841
0.844053983688,2840
0.844316959381,2839
0.845005989075,2838
0.845407009125,2837
0.845672130585,2836
0.845880031586,2835
0.846168994904,2834
0.846545934677,2833
0.846957921982,2832
0.847440958023,2831
0.848424911499,2830
0.849225997925,2829
0.849949121475,2828
0.850235939026,2827
0.850960969925,2826
0.85120010376,2825
0.852550983429,2824
0.853806018829,2823
0.854097127914,2822
0.854597091675,2821
0.855952978134,2820
0.856113910675,2819
0.856943130493,2818
0.85771894455,2817
0.857898950577,2816
0.858459949493,2815
0.858664989471,2814
0.858932971954,2813
0.85933303833,2812
0.860330104828,2811
0.861234903336,2810
0.861498117447,2809
0.861802101135,2808
0.861956119537,2807
0.862988948822,2806
0.863737106323,2805
0.863951921463,2804
0.865694999695,2803
0.86644411087,2802
0.866760015488,2801
0.867218971252,2800
0.867918968201,2799
0.868310928345,2798
0.868849039078,2797
0.869590997696,2796
0.870279073715,2795
0.870688915253,2794
0.871237039566,2793
0.87148809433,2792
0.871719121933,2791
0.872268915176,2790
0.875423908234,2789
0.876291036606,2788
0.876812934875,2787
0.877063989639,2786
0.877294063568,2785
0.878076076508,2784
0.878375053406,2783
0.879265069962,2782
0.879839897156,2781
0.880078077316,2780
0.881325006485,2779
0.881855964661,2778
0.883224964142,2777
0.883647918701,2776
0.884136915207,2775
0.88431596756,2774
0.884562015533,2773
0.885026931763,2772
0.885490894318,2771
0.886208057404,2770
0.886487007141,2769
0.886965036392,2768
0.887914896011,2767
0.888516902924,2766
0.889936923981,2765
0.890100955963,2764
0.891035079956,2763
0.891273975372,2762
0.891911029816,2761
0.892091989517,2760
0.89245390892,2759
0.892858028412,2758
0.893191099167,2757
0.894819021225,2756
0.89515209198,2755
0.895443916321,2754
0.896881103516,2753
0.897183895111,2752
0.897473096848,2751
0.898843050003,2750
0.899084091187,2749
0.901925086975,2748
0.902447938919,2747
0.902861118317,2746
0.903237104416,2745
0.903409957886,2744
0.903882026672,2743
0.904906988144,2742
0.905230045319,2741
0.905421972275,2740
0.907712936401,2739
0.908000946045,2738
0.908939123154,2737
0.910463094711,2736
0.911078929901,2735
0.912075042725,2734
0.912487030029,2733
0.913271903992,2732
0.913628101349,2731
0.914025068283,2730
0.914797067642,2729
0.915259122849,2728
0.915550947189,2727
0.915802001953,2726
0.917380094528,2725
0.917879104614,2724
0.918446063995,2723
0.918782949448,2722
0.919080018997,2721
0.9193379879,2720
0.9213950634,2719
0.922801971436,2718
0.92315196991,2717
0.923435926437,2716
0.924319028854,2715
0.924845933914,2714
0.926531076431,2713
0.926784992218,2712
0.92727804184,2711
0.927551984787,2710
0.928365945816,2709
0.928731918335,2708
0.930561065674,2707
0.931121110916,2706
0.932783126831,2705
0.933506965637,2704
0.935503959656,2703
0.935638904572,2702
0.935837030411,2701
0.935998916626,2700
0.936705112457,2699
0.936930894852,2698
0.937474966049,2697
0.937771081924,2696
0.938107967377,2695
0.938389062881,2694
0.939301013947,2693
0.939752101898,2692
0.942145109177,2691
0.942712068558,2690
0.943202972412,2689
0.943502902985,2688
0.943864107132,2687
0.944076061249,2686
0.944313049316,2685
0.944875001907,2684
0.945833921432,2683
0.947036981583,2682
0.94731593132,2681
0.948240995407,2680
0.94882106781,2679
0.949011087418,2678
0.949284076691,2677
0.950015068054,2676
0.951205968857,2675
0.95157289505,2674
0.952044010162,2673
0.952841997147,2672
0.954653024673,2671
0.955415010452,2670
0.957217931747,2669
0.957479000092,2668
0.957649946213,2667
0.958292961121,2666
0.95981502533,2665
0.960251092911,2664
0.961795091629,2663
0.962079048157,2662
0.962902069092,2661
0.963054895401,2660
0.963496923447,2659
0.963860988617,2658
0.966351985931,2657
0.966991901398,2656
0.968744039536,2655
0.969345092773,2654
0.970218896866,2653
0.971103906631,2652
0.972196102142,2651
0.972496986389,2650
0.973228931427,2649
0.973616123199,2648
0.973899126053,2647
0.974035024643,2646
0.974277973175,2645
0.975543022156,2644
0.976629018784,2643
0.976897001266,2642
0.978183031082,2641
0.979474067688,2640
0.980272054672,2639
0.981004953384,2638
0.981986045837,2637
0.982275009155,2636
0.983334064484,2635
0.984349966049,2634
0.984653949738,2633
0.98484992981,2632
0.985348939896,2631
0.985615968704,2630
0.986083984375,2629
0.988430023193,2628
0.991291999817,2627
0.992733001709,2626
0.993128061295,2625
0.99379491806,2624
0.9944190979,2623
0.995139122009,2622
0.995577096939,2621
0.995810985565,2620
0.996531009674,2619
0.997390985489,2618
0.998281002045,2617
0.998718976974,2616
1.00023889542,2615
1.00133109093,2614
1.00204110146,2613
1.0031850338,2612
1.00366091728,2611
1.00436210632,2610
1.00521707535,2609
1.00583100319,2608
1.00618195534,2607
1.00684189796,2606
1.00709009171,2605
1.00743508339,2604
1.00781798363,2603
1.00801301003,2602
1.00845909119,2601
1.00880408287,2600
1.01040697098,2599
1.01078701019,2598
1.01103591919,2597
1.01131391525,2596
1.01156210899,2595
1.0118329525,2594
1.013215065,2593
1.01340603828,2592
1.01405596733,2591
1.01440691948,2590
1.01476502419,2589
1.01525998116,2588
1.01549601555,2587
1.01578903198,2586
1.01684594154,2585
1.01812791824,2584
1.01930403709,2583
1.01988697052,2582
1.02014803886,2581
1.02096796036,2580
1.02123498917,2579
1.02341890335,2578
1.02552509308,2577
1.02571105957,2576
1.02623295784,2575
1.02652597427,2574
1.02709412575,2573
1.02746701241,2572
1.0282459259,2571
1.02973604202,2570
1.03017807007,2569
1.0317530632,2568
1.0324780941,2567
1.03349900246,2566
1.03500390053,2565
1.0358440876,2564
1.03708195686,2563
1.03875207901,2562
1.03928589821,2561
1.03958010674,2560
1.0398979187,2559
1.04157590866,2558
1.04176998138,2557
1.04265999794,2556
1.0438849926,2555
1.04482698441,2554
1.04505801201,2553
1.04586100578,2552
1.046241045,2551
1.0483341217,2550
1.04973506927,2549
1.05048489571,2548
1.05187702179,2547
1.05249500275,2546
1.05535507202,2545
1.05746793747,2544
1.05860209465,2543
1.05979204178,2542
1.06364512444,2541
1.06450605392,2540
1.06500911713,2539
1.06542301178,2538
1.06662297249,2537
1.06717705727,2536
1.06954407692,2535
1.07257390022,2534
1.07303404808,2533
1.07334303856,2532
1.07352089882,2531
1.07408189774,2530
1.07468390465,2529
1.07536101341,2528
1.07971310616,2527
1.08053803444,2526
1.08070492744,2525
1.08223605156,2524
1.0824649334,2523
1.08278012276,2522
1.08304190636,2521
1.08396291733,2520
1.08466601372,2519
1.08566498756,2518
1.08759307861,2517
1.08785295486,2516
1.08865904808,2515
1.09031009674,2514
1.0917160511,2513
1.09211707115,2512
1.09255290031,2511
1.09354090691,2510
1.09386610985,2509
1.09461903572,2508
1.09587001801,2507
1.09621906281,2506
1.09650206566,2505
1.09804797173,2504
1.10115194321,2503
1.10186505318,2502
1.1031460762,2501
1.10380506516,2500
1.10585403442,2499
1.10703611374,2498
1.10756707191,2497
1.10824489594,2496
1.10840296745,2495
1.10900712013,2494
1.10942792892,2493
1.10966706276,2492
1.11007404327,2491
1.11049509048,2490
1.11282396317,2489
1.1130669117,2488
1.11330294609,2487
1.11384510994,2486
1.11509108543,2485
1.11583590508,2484
1.1161301136,2483
1.11714506149,2482
1.11742091179,2481
1.1177520752,2480
1.11878800392,2479
1.1198580265,2478
1.12034010887,2477
1.12100601196,2476
1.1219830513,2475
1.12216901779,2474
1.12289500237,2473
1.12466001511,2472
1.12557291985,2471
1.12718296051,2470
1.12782597542,2469
1.12966895103,2468
1.12982392311,2467
1.13100409508,2466
1.13124203682,2465
1.13230490685,2464
1.13285398483,2463
1.13298606873,2462
1.13445496559,2461
1.13467693329,2460
1.13483691216,2459
1.13517999649,2458
1.13595509529,2457
1.13706207275,2456
1.13794803619,2455
1.1381919384,2454
1.13911509514,2453
1.13997411728,2452
1.14057302475,2451
1.14098501205,2450
1.14112305641,2449
1.14494299889,2448
1.14516997337,2447
1.1465959549,2446
1.14702892303,2445
1.14784908295,2444
1.14861607552,2443
1.15135097504,2442
1.99811911583,2441
1.99914503098,2440
1.99944710732,2439
2.00299811363,2438
2.00516009331,2437
2.00542402267,2436
2.01323604584,2435
2.01478505135,2434
2.01558589935,2433
2.01602005959,2432
2.01660299301,2431
2.02411794662,2430
2.02732491493,2429
2.02767109871,2428
2.02831912041,2427
2.02975893021,2426
2.03473496437,2425
2.03689694405,2424
2.0395629406,2423
2.0477309227,2422
2.04873394966,2421
2.05204701424,2420
2.05255889893,2419
2.05509495735,2418
2.05812001228,2417
2.05933499336,2416
2.05955290794,2415
2.06201505661,2414
2.06421804428,2413
2.06460189819,2412
2.96082210541,2411
2.96111893654,2410
2.96627402306,2409
2.9687640667,2408
2.96907091141,2407
2.97985696793,2406
2.98165893555,2405
2.98310303688,2404
2.98836493492,2403
2.99001502991,2402
2.99182891846,2401
2.99934196472,2400
3.00147104263,2399
3.00346112251,2398
3.00705599785,2397
3.00734496117,2396
3.86791205406,2395
3.8689699173,2394
3.86984610558,2393
3.871104002,2392
3.87172007561,2391
3.87378311157,2390
3.87401390076,2389
3.87578010559,2388
3.87689590454,2387
3.87765192986,2386
3.87841892242,2385
3.88112902641,2384
3.88177204132,2383
3.88313293457,2382
3.88483905792,2381
3.88734412193,2380
3.88792705536,2379
3.89590501785,2378
3.8965420723,2377
3.90234899521,2376
3.90345096588,2375
4.75575089455,2374
4.75633692741,2373
4.75683307648,2372
4.75886011124,2371
4.76060700417,2370
4.76760005951,2369
4.77282309532,2368
4.77418208122,2367
4.77738595009,2366
4.78075408936,2365
4.78421211243,2364
4.78501009941,2363
4.78654694557,2362
4.7910630703,2361
4.79683995247,2360
5.71436595917,2359
5.71639990807,2358
5.7203040123,2357
5.72100305557,2356
5.72259998322,2355
5.72384905815,2354
5.72786903381,2353
5.72945594788,2352
6.58888792992,2351
6.59165596962,2350
6.59618711472,2349
6.59886789322,2348
6.60077905655,2347
6.60331392288,2346
6.60649800301,2345
6.61184501648,2344
6.61331105232,2343
6.61700391769,2342
6.6207909584,2341
6.62214112282,2340
7.5667860508,2339
7.56955504417,2338
7.56993889809,2337
7.57612895966,2336
7.57867598534,2335
7.57911992073,2334
7.58248591423,2333
7.5860350132,2332
7.58655905724,2331
7.58996510506,2330
7.59130907059,2329
7.59194207191,2328
8.4822909832,2327
8.48277902603,2326
8.48517894745,2325
8.48603105545,2324
8.48733401299,2323
8.48889899254,2322
8.48989295959,2321
8.49089789391,2320
8.49285793304,2319
8.49358606339,2318
9.41374707222,2317
9.4141740799,2316
9.41740894318,2315
9.42028808594,2314
9.42160606384,2313
9.42522406578,2312
9.42919993401,2311
9.43025302887,2310
10.3176369667,2309
11.2636070251,2308
11.2656569481,2307
11.2660701275,2306
11.2670369148,2305
11.2674069405,2304
11.2678189278,2303
11.2685210705,2302
11.2701830864,2301
11.2714319229,2300
11.2768380642,2299
12.1468539238,2298
12.1480391026,2297
12.1528339386,2296
12.1565411091,2295
12.1584739685,2294
13.0286118984,2293
13.0295789242,2292
13.0303430557,2291
13.035476923,2290
13.0433869362,2289
13.0464091301,2288
13.9334208965,2287
13.9337320328,2286
13.9386730194,2285
13.939964056,2284
