0.00897288322449,4940
0.00925898551941,4939
0.00947380065918,4938
0.00963997840881,4937
0.00980401039124,4936
0.0101389884949,4935
0.0102889537811,4934
0.0104608535767,4933
0.0107429027557,4932
0.0109570026398,4931
0.0112907886505,4930
0.0115218162537,4929
0.0118088722229,4928
0.0122509002686,4927
0.0124659538269,4926
0.0128610134125,4925
0.0130469799042,4924
0.0132648944855,4923
0.0134878158569,4922
0.0136938095093,4921
0.0139429569244,4920
0.0141649246216,4919
0.0143809318542,4918
0.0147228240967,4917
0.0151238441467,4916
0.015291929245,4915
0.0155727863312,4914
0.0157558917999,4913
0.0160868167877,4912
0.016364812851,4911
0.0166218280792,4910
0.0169489383698,4909
0.0173428058624,4908
0.0175199508667,4907
0.017805814743,4906
0.0181829929352,4905
0.0185699462891,4904
0.0188980102539,4903
0.019054889679,4902
0.019348859787,4901
0.0195178985596,4900
0.0198500156403,4899
0.0200970172882,4898
0.0203659534454,4897
0.0205309391022,4896
0.020938873291,4895
0.0211179256439,4894
0.0213048458099,4893
0.0215709209442,4892
0.0218839645386,4891
0.0222527980804,4890
0.0224108695984,4889
0.0227999687195,4888
0.023099899292,4887
0.0233769416809,4886
0.023824930191,4885
0.0241219997406,4884
0.0244269371033,4883
0.0247318744659,4882
0.0250639915466,4881
0.0254538059235,4880
0.0257499217987,4879
0.0260188579559,4878
0.0264120101929,4877
0.0266439914703,4876
0.0268468856812,4875
0.0271317958832,4874
0.02747797966,4873
0.0277178287506,4872
0.0278987884521,4871
0.0280368328094,4870
0.0282368659973,4869
0.0285439491272,4868
0.0287718772888,4867
0.0290589332581,4866
0.0292568206787,4865
0.0296339988708,4864
0.0300419330597,4863
0.0302817821503,4862
0.0304629802704,4861
0.0308289527893,4860
0.0310389995575,4859
0.0312278270721,4858
0.0313777923584,4857
0.0315878391266,4856
0.031996011734,4855
0.0321538448334,4854
0.0326099395752,4853
0.0327849388123,4852
0.0329909324646,4851
0.0331997871399,4850
0.0333378314972,4849
0.0335438251495,4848
0.033900976181,4847
0.0342018604279,4846
0.034423828125,4845
0.0347759723663,4844
0.0350639820099,4843
0.0354609489441,4842
0.0358138084412,4841
0.036022901535,4840
0.0361888408661,4839
0.0365009307861,4838
0.0368509292603,4837
0.0370328426361,4836
0.0372388362885,4835
0.0375947952271,4834
0.0378129482269,4833
0.038192987442,4832
0.0385990142822,4831
0.03892993927,4830
0.0392019748688,4829
0.0394229888916,4828
0.0396299362183,4827
0.0399558544159,4826
0.0401709079742,4825
0.0404658317566,4824
0.0408208370209,4823
0.0409808158875,4822
0.0411288738251,4821
0.0413229465485,4820
0.0414979457855,4819
0.041806936264,4818
0.0420968532562,4817
0.0424978733063,4816
0.0428049564362,4815
0.0430309772491,4814
0.0433177947998,4813
0.0437099933624,4812
0.0440609455109,4811
0.044440984726,4810
0.0446429252625,4809
0.0450358390808,4808
0.0454199314117,4807
0.0457220077515,4806
0.0460178852081,4805
0.0464777946472,4804
0.0468058586121,4803
0.0470128059387,4802
0.0472128391266,4801
0.0473828315735,4800
0.0476689338684,4799
0.0478188991547,4798
0.0480709075928,4797
0.048360824585,4796
0.0485229492188,4795
0.0487608909607,4794
0.0489230155945,4793
0.0492680072784,4792
0.0495989322662,4791
0.0497779846191,4790
0.0500957965851,4789
0.0504579544067,4788
0.0509967803955,4787
0.0512290000916,4786
0.0515828132629,4785
0.051784992218,4784
0.0521519184113,4783
0.0526468753815,4782
0.052848815918,4781
0.0531389713287,4780
0.0533368587494,4779
0.0536630153656,4778
0.053820848465,4777
0.0542168617249,4776
0.0544629096985,4775
0.0546178817749,4774
0.0547668933868,4773
0.0550198554993,4772
0.0552458763123,4771
0.0556118488312,4770
0.0558428764343,4769
0.0562028884888,4768
0.0566329956055,4767
0.0568180084229,4766
0.0571668148041,4765
0.0574688911438,4764
0.0577619075775,4763
0.057993888855,4762
0.0582389831543,4761
0.0586009025574,4760
0.0587978363037,4759
0.0590758323669,4758
0.0592548847198,4757
0.0594749450684,4756
0.0597097873688,4755
0.0598998069763,4754
0.060154914856,4753
0.0605819225311,4752
0.0608608722687,4751
0.0611729621887,4750
0.0613589286804,4749
0.0617139339447,4748
0.0619080066681,4747
0.0621349811554,4746
0.0624618530273,4745
0.062600851059,4744
0.0628879070282,4743
0.0630519390106,4742
0.0633687973022,4741
0.0635159015656,4740
0.0639159679413,4739
0.0642018318176,4738
0.0645229816437,4737
0.0648620128632,4736
0.0650019645691,4735
0.065192937851,4734
0.0655179023743,4733
0.0657248497009,4732
0.066214799881,4731
0.0663838386536,4730
0.0666148662567,4729
0.0669748783112,4728
0.0672609806061,4727
0.0674698352814,4726
0.0678567886353,4725
0.0681099891663,4724
0.0682609081268,4723
0.0685069561005,4722
0.0687727928162,4721
0.0691628456116,4720
0.0693838596344,4719
0.0697100162506,4718
0.0700149536133,4717
0.0704298019409,4716
0.070827960968,4715
0.0711309909821,4714
0.0714190006256,4713
0.0717418193817,4712
0.0720639228821,4711
0.072408914566,4710
0.0727348327637,4709
0.0730547904968,4708
0.0731918811798,4707
0.0735559463501,4706
0.0737318992615,4705
0.0739099979401,4704
0.0742509365082,4703
0.0745458602905,4702
0.074777841568,4701
0.0750110149384,4700
0.0752718448639,4699
0.0756108760834,4698
0.0758628845215,4697
0.0762138366699,4696
0.0765798091888,4695
0.0768008232117,4694
0.0771389007568,4693
0.0775020122528,4692
0.0777750015259,4691
0.0779778957367,4690
0.078174829483,4689
0.078341960907,4688
0.0787298679352,4687
0.0790679454803,4686
0.079333782196,4685
0.0795249938965,4684
0.0798468589783,4683
0.0801057815552,4682
0.0804510116577,4681
0.0808079242706,4680
0.0810329914093,4679
0.0812258720398,4678
0.0814349651337,4677
0.0815877914429,4676
0.0818059444427,4675
0.0819988250732,4674
0.0823810100555,4673
0.0825798511505,4672
0.0828039646149,4671
0.0831007957458,4670
0.0833737850189,4669
0.0839529037476,4668
0.0843548774719,4667
0.0847458839417,4666
0.0850918292999,4665
0.0853338241577,4664
0.0856177806854,4663
0.0858399868011,4662
0.0862100124359,4661
0.0863528251648,4660
0.0866727828979,4659
0.0871338844299,4658
0.0874238014221,4657
0.0877978801727,4656
0.0880148410797,4655
0.088310956955,4654
0.0885429382324,4653
0.0888879299164,4652
0.0892009735107,4651
0.0894629955292,4650
0.0896489620209,4649
0.0899767875671,4648
0.0903179645538,4647
0.0904638767242,4646
0.0907218456268,4645
0.090922832489,4644
0.091178894043,4643
0.091374874115,4642
0.0918037891388,4641
0.0920197963715,4640
0.0923128128052,4639
0.0925159454346,4638
0.0928609371185,4637
0.0930569171906,4636
0.0932428836823,4635
0.0935659408569,4634
0.0938529968262,4633
0.0941028594971,4632
0.0943958759308,4631
0.0946838855743,4630
0.0950469970703,4629
0.0952968597412,4628
0.095535993576,4627
0.0958659648895,4626
0.0960929393768,4625
0.0964980125427,4624
0.0967078208923,4623
0.0969879627228,4622
0.0972299575806,4621
0.0977249145508,4620
0.0979759693146,4619
0.0981729030609,4618
0.0985989570618,4617
0.0989239215851,4616
0.0990629196167,4615
0.0995798110962,4614
0.100155830383,4613
0.100452899933,4612
0.100658893585,4611
0.100823879242,4610
0.101220846176,4609
0.101512908936,4608
0.101876974106,4607
0.102023839951,4606
0.102312803268,4605
0.102707862854,4604
0.10302901268,4603
0.103368997574,4602
0.10370182991,4601
0.103882789612,4600
0.104154825211,4599
0.104477882385,4598
0.104743003845,4597
0.105161905289,4596
0.105544805527,4595
0.105747938156,4594
0.106079816818,4593
0.106337785721,4592
0.106975793839,4591
0.107113838196,4590
0.107474803925,4589
0.107860803604,4588
0.108277797699,4587
0.108589887619,4586
0.108796834946,4585
0.109061002731,4584
0.109232902527,4583
0.109550952911,4582
0.109702825546,4581
0.110008955002,4580
0.110484838486,4579
0.110986948013,4578
0.111262798309,4577
0.111460924149,4576
0.111758947372,4575
0.111971855164,4574
0.112175941467,4573
0.112336874008,4572
0.112492799759,4571
0.1128718853,4570
0.113404989243,4569
0.113617897034,4568
0.114101886749,4567
0.114284992218,4566
0.114645004272,4565
0.114981889725,4564
0.115263938904,4563
0.115397930145,4562
0.115592002869,4561
0.115922927856,4560
0.11620092392,4559
0.116549015045,4558
0.116899967194,4557
0.117097854614,4556
0.117441892624,4555
0.117777824402,4554
0.118140935898,4553
0.118357896805,4552
0.118718862534,4551
0.11886382103,4550
0.11908197403,4549
0.119318008423,4548
0.119800806046,4547
0.120111942291,4546
0.120683908463,4545
0.12081694603,4544
0.120951890945,4543
0.121221780777,4542
0.121507883072,4541
0.121687889099,4540
0.122052907944,4539
0.122270822525,4538
0.122483968735,4537
0.123075008392,4536
0.123295783997,4535
0.123565912247,4534
0.12393283844,4533
0.124284982681,4532
0.124430894852,4531
0.124815940857,4530
0.125414848328,4529
0.125897884369,4528
0.126352787018,4527
0.126724004745,4526
0.126885890961,4525
0.127230882645,4524
0.12740778923,4523
0.12756896019,4522
0.128198862076,4521
0.12847495079,4520
0.128868818283,4519
0.129018783569,4518
0.129206895828,4517
0.129485845566,4516
0.129839897156,4515
0.130061864853,4514
0.130214929581,4513
0.130495786667,4512
0.130670785904,4511
0.130984783173,4510
0.131156921387,4509
0.131348848343,4508
0.131794929504,4507
0.131950855255,4506
0.132363796234,4505
0.132747888565,4504
0.133076906204,4503
0.133327960968,4502
0.133666992188,4501
0.133922815323,4500
0.134287834167,4499
0.134617805481,4498
0.134907960892,4497
0.135279893875,4496
0.135663986206,4495
0.136029958725,4494
0.136319875717,4493
0.136693954468,4492
0.136830806732,4491
0.137353897095,4490
0.137489795685,4489
0.137712001801,4488
0.13792681694,4487
0.138266801834,4486
0.13847899437,4485
0.138758897781,4484
0.139105796814,4483
0.139252901077,4482
0.139457941055,4481
0.139618873596,4480
0.139845848083,4479
0.140554904938,4478
0.140803813934,4477
0.141152858734,4476
0.141497850418,4475
0.142049789429,4474
0.142191886902,4473
0.142336845398,4472
0.142609834671,4471
0.142872810364,4470
0.143242835999,4469
0.143706798553,4468
0.143862009048,4467
0.144336938858,4466
0.144600868225,4465
0.144979000092,4464
0.145210981369,4463
0.145867824554,4462
0.146231889725,4461
0.146556854248,4460
0.147097826004,4459
0.14754986763,4458
0.147803783417,4457
0.148021936417,4456
0.14843082428,4455
0.148628950119,4454
0.148995876312,4453
0.149147987366,4452
0.149627923965,4451
0.149861812592,4450
0.150304794312,4449
0.150592803955,4448
0.151138782501,4447
0.151276826859,4446
0.151657819748,4445
0.151978969574,4444
0.152274847031,4443
0.152553796768,4442
0.152825832367,4441
0.153174877167,4440
0.15348482132,4439
0.153852939606,4438
0.154510974884,4437
0.15484380722,4436
0.155186891556,4435
0.15543794632,4434
0.155613899231,4433
0.156095981598,4432
0.156292915344,4431
0.156602859497,4430
0.157032012939,4429
0.157377004623,4428
0.157737016678,4427
0.157916784286,4426
0.158085823059,4425
0.158363819122,4424
0.158634901047,4423
0.15877699852,4422
0.159060955048,4421
0.159593820572,4420
0.159896850586,4419
0.160272836685,4418
0.160682916641,4417
0.160905838013,4416
0.161269903183,4415
0.161633014679,4414
0.161942958832,4413
0.162304878235,4412
0.162573814392,4411
0.162916898727,4410
0.163271903992,4409
0.163603782654,4408
0.163891792297,4407
0.164172887802,4406
0.164361000061,4405
0.164558887482,4404
0.16491484642,4403
0.165081977844,4402
0.165463924408,4401
0.165803909302,4400
0.166073799133,4399
0.166267871857,4398
0.16651391983,4397
0.166792869568,4396
0.167147874832,4395
0.167581796646,4394
0.167725801468,4393
0.167984008789,4392
0.16823387146,4391
0.168395996094,4390
0.168916940689,4389
0.169180870056,4388
0.169740915298,4387
0.169903993607,4386
0.17027592659,4385
0.170668840408,4384
0.170947790146,4383
0.171377897263,4382
0.171514987946,4381
0.171811819077,4380
0.172120809555,4379
0.172524929047,4378
0.172832965851,4377
0.173191785812,4376
0.173391819,4375
0.174036979675,4374
0.174286842346,4373
0.174659967422,4372
0.174812793732,4371
0.175056934357,4370
0.17550778389,4369
0.175786972046,4368
0.176149845123,4367
0.176496982574,4366
0.176847934723,4365
0.176997900009,4364
0.177253007889,4363
0.177802801132,4362
0.178119897842,4361
0.17830991745,4360
0.178589820862,4359
0.178815841675,4358
0.179129838943,4357
0.179483890533,4356
0.179613828659,4355
0.179805994034,4354
0.180166959763,4353
0.18045592308,4352
0.180835008621,4351
0.181172847748,4350
0.181374788284,4349
0.181651830673,4348
0.181998968124,4347
0.182137966156,4346
0.182331800461,4345
0.182720899582,4344
0.182894945145,4343
0.183652877808,4342
0.183974981308,4341
0.1842918396,4340
0.184436798096,4339
0.184757947922,4338
0.184913873672,4337
0.185241937637,4336
0.18536901474,4335
0.185697793961,4334
0.18591594696,4333
0.186280965805,4332
0.186632871628,4331
0.186941862106,4330
0.187079906464,4329
0.187418937683,4328
0.187634944916,4327
0.187990903854,4326
0.188179016113,4325
0.188457965851,4324
0.188691854477,4323
0.189430952072,4322
0.19008898735,4321
0.19068980217,4320
0.191005945206,4319
0.191173791885,4318
0.19159579277,4317
0.191952943802,4316
0.192505836487,4315
0.192785978317,4314
0.193072795868,4313
0.193676948547,4312
0.193933963776,4311
0.194598913193,4310
0.194977998734,4309
0.195453882217,4308
0.195772886276,4307
0.196077823639,4306
0.196244955063,4305
0.196369886398,4304
0.196616888046,4303
0.197160959244,4302
0.197373867035,4301
0.197675943375,4300
0.197893857956,4299
0.198112010956,4298
0.198369979858,4297
0.198536872864,4296
0.198746919632,4295
0.198879003525,4294
0.199067831039,4293
0.199307918549,4292
0.199546813965,4291
0.199876785278,4290
0.201008796692,4289
0.201290845871,4288
0.201700925827,4287
0.201953887939,4286
0.202174901962,4285
0.202657938004,4284
0.202796936035,4283
0.203251838684,4282
0.203454017639,4281
0.203854799271,4280
0.203998804092,4279
0.204295873642,4278
0.204548835754,4277
0.205251932144,4276
0.205451011658,4275
0.205702781677,4274
0.206028938293,4273
0.206352949142,4272
0.206598997116,4271
0.207103967667,4270
0.207354784012,4269
0.207707881927,4268
0.208057880402,4267
0.208986997604,4266
0.209275960922,4265
0.209495782852,4264
0.209877967834,4263
0.210187911987,4262
0.210426807404,4261
0.210565805435,4260
0.210816860199,4259
0.211417913437,4258
0.211713790894,4257
0.211841821671,4256
0.212141990662,4255
0.212440013885,4254
0.212803840637,4253
0.212968826294,4252
0.213284015656,4251
0.213498830795,4250
0.213809967041,4249
0.214200973511,4248
0.214374780655,4247
0.214663982391,4246
0.214990854263,4245
0.215348005295,4244
0.216058015823,4243
0.216272830963,4242
0.216592788696,4241
0.21675491333,4240
0.216920852661,4239
0.217200994492,4238
0.217615842819,4237
0.217970848083,4236
0.218640804291,4235
0.218931913376,4234
0.219250917435,4233
0.219424009323,4232
0.219658851624,4231
0.220220804214,4230
0.220412015915,4229
0.220705986023,4228
0.221143007278,4227
0.221498012543,4226
0.222068786621,4225
0.222414970398,4224
0.222651004791,4223
0.223112821579,4222
0.223292827606,4221
0.223568916321,4220
0.223694801331,4219
0.224013805389,4218
0.224326848984,4217
0.224509000778,4216
0.224768877029,4215
0.225078821182,4214
0.225631952286,4213
0.225879907608,4212
0.226207971573,4211
0.22651386261,4210
0.227111816406,4209
0.227304935455,4208
0.227475881577,4207
0.227926015854,4206
0.228286981583,4205
0.22864985466,4204
0.228852987289,4203
0.229169845581,4202
0.229337930679,4201
0.229494810104,4200
0.229643821716,4199
0.22993683815,4198
0.230264902115,4197
0.230702877045,4196
0.231193780899,4195
0.231559991837,4194
0.231790781021,4193
0.231993913651,4192
0.232150793076,4191
0.232455968857,4190
0.232688903809,4189
0.232982873917,4188
0.233628988266,4187
0.233847856522,4186
0.234608888626,4185
0.234852790833,4184
0.235155820847,4183
0.235587835312,4182
0.235855817795,4181
0.236073970795,4180
0.236308813095,4179
0.236662864685,4178
0.236931800842,4177
0.237362861633,4176
0.237581968307,4175
0.237854957581,4174
0.238165855408,4173
0.238433837891,4172
0.238627910614,4171
0.238970994949,4170
0.239151954651,4169
0.239384889603,4168
0.239645957947,4167
0.239823818207,4166
0.240180015564,4165
0.240530967712,4164
0.240761995316,4163
0.241288900375,4162
0.241509914398,4161
0.242311000824,4160
0.242702007294,4159
0.243035793304,4158
0.243255853653,4157
0.243640899658,4156
0.243912935257,4155
0.244071006775,4154
0.244272947311,4153
0.244510889053,4152
0.244664907455,4151
0.244879961014,4150
0.245147943497,4149
0.245288848877,4148
0.245577812195,4147
0.245734930038,4146
0.246082782745,4145
0.246617794037,4144
0.246922969818,4143
0.247231006622,4142
0.247572898865,4141
0.247779846191,4140
0.247908830643,4139
0.248193979263,4138
0.248401880264,4137
0.248645782471,4136
0.248948812485,4135
0.249087810516,4134
0.249426841736,4133
0.249562978745,4132
0.249942779541,4131
0.25008893013,4130
0.250295877457,4129
0.25088095665,4128
0.251134872437,4127
0.251287937164,4126
0.251596927643,4125
0.251841783524,4124
0.252337932587,4123
0.252546787262,4122
0.252851963043,4121
0.25319981575,4120
0.253706932068,4119
0.25385093689,4118
0.254132986069,4117
0.254478931427,4116
0.255014896393,4115
0.255259990692,4114
0.25571680069,4113
0.255896806717,4112
0.256150007248,4111
0.256672859192,4110
0.256912946701,4109
0.257540941238,4108
0.257744789124,4107
0.258061885834,4106
0.258349895477,4105
0.258567810059,4104
0.258741855621,4103
0.259152889252,4102
0.25946187973,4101
0.259707927704,4100
0.259975910187,4099
0.260273933411,4098
0.260682821274,4097
0.261148929596,4096
0.261469841003,4095
0.261651992798,4094
0.261910915375,4093
0.262115955353,4092
0.262303829193,4091
0.262527942657,4090
0.262786865234,4089
0.263135910034,4088
0.263436794281,4087
0.263660907745,4086
0.263863801956,4085
0.264075994492,4084
0.264239788055,4083
0.26472401619,4082
0.265216827393,4081
0.265705823898,4080
0.265858888626,4079
0.266071796417,4078
0.266396999359,4077
0.266584873199,4076
0.266719818115,4075
0.267061948776,4074
0.267270803452,4073
0.26789689064,4072
0.268143892288,4071
0.268487930298,4070
0.268705844879,4069
0.268968820572,4068
0.269143819809,4067
0.269364833832,4066
0.269576787949,4065
0.270011901855,4064
0.270457983017,4063
0.270677804947,4062
0.271451950073,4061
0.271778821945,4060
0.27206492424,4059
0.272327899933,4058
0.272664785385,4057
0.272897005081,4056
0.273102998734,4055
0.273343801498,4054
0.273593902588,4053
0.274220943451,4052
0.274658918381,4051
0.274883985519,4050
0.275147914886,4049
0.275431871414,4048
0.27561879158,4047
0.276067972183,4046
0.276388883591,4045
0.276721954346,4044
0.276844978333,4043
0.27702498436,4042
0.277330875397,4041
0.277596950531,4040
0.278084993362,4039
0.27840089798,4038
0.278995990753,4037
0.279271841049,4036
0.279979944229,4035
0.280268907547,4034
0.280629873276,4033
0.280901908875,4032
0.281165838242,4031
0.281683921814,4030
0.282402992249,4029
0.282917976379,4028
0.283193826675,4027
0.283533811569,4026
0.284096956253,4025
0.284276008606,4024
0.284597873688,4023
0.2848508358,4022
0.285137891769,4021
0.285579919815,4020
0.285909891129,4019
0.286346912384,4018
0.286680936813,4017
0.286870956421,4016
0.287280797958,4015
0.287787914276,4014
0.288213014603,4013
0.288877010345,4012
0.289196014404,4011
0.289462804794,4010
0.289809942245,4009
0.290133953094,4008
0.290715932846,4007
0.290951967239,4006
0.291085958481,4005
0.291293859482,4004
0.29163980484,4003
0.291770935059,4002
0.292462825775,4001
0.293029785156,4000
0.293534994125,3999
0.294001817703,3998
0.294351816177,3997
0.294616937637,3996
0.294984817505,3995
0.295929908752,3994
0.296891927719,3993
0.297614812851,3992
0.298133850098,3991
0.298702001572,3990
0.299082994461,3989
0.299237012863,3988
0.299361944199,3987
0.299774885178,3986
0.300004959106,3985
0.300486803055,3984
0.30096578598,3983
0.301285982132,3982
0.301695823669,3981
0.30196595192,3980
0.302110910416,3979
0.302501916885,3978
0.3028819561,3977
0.303205013275,3976
0.303740978241,3975
0.303876876831,3974
0.304142951965,3973
0.304360866547,3972
0.304668903351,3971
0.305140972137,3970
0.305423974991,3969
0.306303977966,3968
0.306473016739,3967
0.306610822678,3966
0.307370901108,3965
0.307986974716,3964
0.308157920837,3963
0.308320999146,3962
0.308478832245,3961
0.309010982513,3960
0.309574842453,3959
0.309893846512,3958
0.310639858246,3957
0.310920953751,3956
0.31139087677,3955
0.311789989471,3954
0.311935901642,3953
0.313087940216,3952
0.313589811325,3951
0.313836812973,3950
0.313985824585,3949
0.314133882523,3948
0.314361810684,3947
0.314639806747,3946
0.314781904221,3945
0.315011978149,3944
0.315200805664,3943
0.315550804138,3942
0.315888881683,3941
0.316174983978,3940
0.317600011826,3939
0.317878007889,3938
0.318040847778,3937
0.318293809891,3936
0.318719863892,3935
0.318951845169,3934
0.319190979004,3933
0.319379806519,3932
0.320209980011,3931
0.320410966873,3930
0.320811986923,3929
0.320964813232,3928
0.321703910828,3927
0.322036981583,3926
0.322178840637,3925
0.32275390625,3924
0.322977781296,3923
0.32315993309,3922
0.323424816132,3921
0.324126958847,3920
0.324386835098,3919
0.324566841125,3918
0.32519197464,3917
0.325448989868,3916
0.325764894485,3915
0.326241970062,3914
0.326486825943,3913
0.327128887177,3912
0.327367782593,3911
0.32750582695,3910
0.327795982361,3909
0.328024864197,3908
0.328466892242,3907
0.328795909882,3906
0.329088926315,3905
0.329258918762,3904
0.329814910889,3903
0.329946994781,3902
0.330133914948,3901
0.330253839493,3900
0.330459833145,3899
0.330770969391,3898
0.331784963608,3897
0.332120895386,3896
0.332669973373,3895
0.333019971848,3894
0.333976984024,3893
0.334217786789,3892
0.334350824356,3891
0.33465385437,3890
0.334831953049,3889
0.335019826889,3888
0.335283994675,3887
0.335495948792,3886
0.335774898529,3885
0.336099863052,3884
0.336344003677,3883
0.336530923843,3882
0.336655855179,3881
0.337157011032,3880
0.337605953217,3879
0.33779001236,3878
0.337996006012,3877
0.338439941406,3876
0.338678836823,3875
0.338832855225,3874
0.339047908783,3873
0.339237928391,3872
0.339439868927,3871
0.340096950531,3870
0.340260982513,3869
0.341113805771,3868
0.341545820236,3867
0.342154979706,3866
0.342344999313,3865
0.342925786972,3864
0.343084812164,3863
0.343374967575,3862
0.343695878983,3861
0.343825817108,3860
0.344149827957,3859
0.344357013702,3858
0.344493865967,3857
0.344648838043,3856
0.345137834549,3855
0.345321893692,3854
0.345872879028,3853
0.346015930176,3852
0.346140861511,3851
0.346312999725,3850
0.346650838852,3849
0.347098827362,3848
0.347344875336,3847
0.348033905029,3846
0.348214864731,3845
0.348341941833,3844
0.34857583046,3843
0.349555969238,3842
0.34984588623,3841
0.35027885437,3840
0.350453853607,3839
0.350578784943,3838
0.350787878036,3837
0.350922822952,3836
0.351306915283,3835
0.351542949677,3834
0.351759910583,3833
0.352138996124,3832
0.352303981781,3831
0.3526699543,3830
0.353132009506,3829
0.353267908096,3828
0.353587865829,3827
0.353882789612,3826
0.354316949844,3825
0.354510784149,3824
0.354685783386,3823
0.354808807373,3822
0.355185985565,3821
0.355415821075,3820
0.355704784393,3819
0.35603094101,3818
0.35663485527,3817
0.356756925583,3816
0.357167005539,3815
0.357312917709,3814
0.357777833939,3813
0.358099937439,3812
0.358375787735,3811
0.358502864838,3810
0.358999967575,3809
0.359258890152,3808
0.359493970871,3807
0.359751939774,3806
0.360199928284,3805
0.360327959061,3804
0.360544919968,3803
0.3607609272,3802
0.361027956009,3801
0.361367940903,3800
0.361496925354,3799
0.362226009369,3798
0.362887859344,3797
0.363373994827,3796
0.363826990128,3795
0.364435911179,3794
0.364841938019,3793
0.365019798279,3792
0.365288972855,3791
0.365420818329,3790
0.366391897202,3789
0.366649866104,3788
0.366803884506,3787
0.367092847824,3786
0.367268800735,3785
0.367400884628,3784
0.367779016495,3783
0.36790394783,3782
0.368063926697,3781
0.368505954742,3780
0.368825912476,3779
0.369145870209,3778
0.369379997253,3777
0.370380878448,3776
0.370640993118,3775
0.37078499794,3774
0.37092590332,3773
0.371404886246,3772
0.371596813202,3771
0.371834993362,3770
0.372011899948,3769
0.372156858444,3768
0.372406959534,3767
0.372805833817,3766
0.373420000076,3765
0.37369799614,3764
0.374320983887,3763
0.374478816986,3762
0.374693870544,3761
0.375255823135,3760
0.375502824783,3759
0.376002788544,3758
0.376160860062,3757
0.376713991165,3756
0.376951932907,3755
0.377419948578,3754
0.37761092186,3753
0.377946853638,3752
0.378172874451,3751
0.378588914871,3750
0.379323005676,3749
0.379647016525,3748
0.379944801331,3747
0.380370855331,3746
0.381097793579,3745
0.381398916245,3744
0.382886886597,3743
0.383224964142,3742
0.383504867554,3741
0.383931875229,3740
0.38427901268,3739
0.384598970413,3738
0.38481593132,3737
0.385407924652,3736
0.385754823685,3735
0.386377811432,3734
0.386801958084,3733
0.38729095459,3732
0.388437986374,3731
0.389352798462,3730
0.38965678215,3729
0.390020847321,3728
0.391780853271,3727
0.392176866531,3726
0.392354011536,3725
0.392822980881,3724
0.392957925797,3723
0.393113851547,3722
0.393840789795,3721
0.393994808197,3720
0.394441843033,3719
0.394788980484,3718
0.395093917847,3717
0.395354986191,3716
0.395576000214,3715
0.395817995071,3714
0.39618897438,3713
0.396828889847,3712
0.397208929062,3711
0.397558927536,3710
0.398052930832,3709
0.398249864578,3708
0.398755788803,3707
0.398978948593,3706
0.399361848831,3705
0.399488925934,3704
0.399773836136,3703
0.400326013565,3702
0.400810003281,3701
0.401232004166,3700
0.401390790939,3699
0.401798963547,3698
0.402096986771,3697
0.402411937714,3696
0.402561903,3695
0.402783870697,3694
0.403333902359,3693
0.403519868851,3692
0.403743982315,3691
0.404012918472,3690
0.40429186821,3689
0.404477834702,3688
0.404930830002,3687
0.405236005783,3686
0.405601978302,3685
0.405828952789,3684
0.406467914581,3683
0.406678915024,3682
0.407392978668,3681
0.407661914825,3680
0.408102989197,3679
0.40837597847,3678
0.408670902252,3677
0.409142971039,3676
0.409442901611,3675
0.409669876099,3674
0.409901857376,3673
0.410567998886,3672
0.41099691391,3671
0.411294937134,3670
0.411620855331,3669
0.411837816238,3668
0.411975860596,3667
0.4122569561,3666
0.412425994873,3665
0.412706851959,3664
0.412947893143,3663
0.413373947144,3662
0.413739919662,3661
0.413916826248,3660
0.414552927017,3659
0.414774894714,3658
0.414979934692,3657
0.41525888443,3656
0.415416955948,3655
0.415656805038,3654
0.416188955307,3653
0.416672945023,3652
0.417405843735,3651
0.417578935623,3650
0.417734861374,3649
0.417915821075,3648
0.418159008026,3647
0.418447971344,3646
0.418643951416,3645
0.419540882111,3644
0.419751882553,3643
0.420080900192,3642
0.420408964157,3641
0.420557975769,3640
0.421027898788,3639
0.421244859695,3638
0.421897888184,3637
0.422472000122,3636
0.422954797745,3635
0.42311501503,3634
0.423374891281,3633
0.423769950867,3632
0.424643993378,3631
0.425085783005,3630
0.425700902939,3629
0.426169872284,3628
0.426365852356,3627
0.426545858383,3626
0.426925897598,3625
0.427164793015,3624
0.427401781082,3623
0.427567005157,3622
0.428154945374,3621
0.428849935532,3620
0.429233789444,3619
0.42954492569,3618
0.429730892181,3617
0.429939985275,3616
0.430223941803,3615
0.430447816849,3614
0.43085694313,3613
0.431504011154,3612
0.431813955307,3611
0.431951999664,3610
0.432107925415,3609
0.43244099617,3608
0.432816982269,3607
0.433092832565,3606
0.433394908905,3605
0.433570861816,3604
0.433843851089,3603
0.434095859528,3602
0.434630870819,3601
0.435364961624,3600
0.435835838318,3599
0.436100006104,3598
0.436491012573,3597
0.437014818192,3596
0.437238931656,3595
0.437500953674,3594
0.437888860703,3593
0.438327789307,3592
0.438520908356,3591
0.43879699707,3590
0.439133882523,3589
0.439298868179,3588
0.439770936966,3587
0.440596818924,3586
0.44103884697,3585
0.44181394577,3584
0.442065954208,3583
0.442313909531,3582
0.442554950714,3581
0.443197965622,3580
0.44362783432,3579
0.444230794907,3578
0.444525003433,3577
0.444832801819,3576
0.445091962814,3575
0.445405960083,3574
0.445792913437,3573
0.445937871933,3572
0.44616985321,3571
0.446307897568,3570
0.446584939957,3569
0.447141885757,3568
0.447548866272,3567
0.447933912277,3566
0.448180913925,3565
0.448323965073,3564
0.449103832245,3563
0.449656963348,3562
0.44996881485,3561
0.450443983078,3560
0.45068192482,3559
0.452792882919,3558
0.453205823898,3557
0.453350782394,3556
0.453610897064,3555
0.454380989075,3554
0.454507827759,3553
0.454816818237,3552
0.455338001251,3551
0.456518888474,3550
0.45670580864,3549
0.456978797913,3548
0.457154989243,3547
0.457657814026,3546
0.45837688446,3545
0.459051847458,3544
0.459466934204,3543
0.459731817245,3542
0.459944963455,3541
0.460134983063,3540
0.461213827133,3539
0.461510896683,3538
0.461773872375,3537
0.462226867676,3536
0.462950944901,3535
0.463083982468,3534
0.463214874268,3533
0.463529825211,3532
0.463662862778,3531
0.463918924332,3530
0.464197874069,3529
0.46467590332,3528
0.464860916138,3527
0.465461969376,3526
0.465928792953,3525
0.466156005859,3524
0.466496944427,3523
0.466636896133,3522
0.466823816299,3521
0.467080831528,3520
0.467505931854,3519
0.468110799789,3518
0.468461990356,3517
0.468835830688,3516
0.469005823135,3515
0.469732999802,3514
0.4700319767,3513
0.470291852951,3512
0.470590829849,3511
0.470853805542,3510
0.471568822861,3509
0.471924781799,3508
0.472218990326,3507
0.472481966019,3506
0.472749948502,3505
0.473111867905,3504
0.47340297699,3503
0.473680973053,3502
0.474514961243,3501
0.475130796432,3500
0.475318908691,3499
0.475724935532,3498
0.475961923599,3497
0.47622179985,3496
0.476430892944,3495
0.477412939072,3494
0.47785782814,3493
0.478193998337,3492
0.478379964828,3491
0.478596925735,3490
0.47886800766,3489
0.479004859924,3488
0.479304790497,3487
0.479652881622,3486
0.479909896851,3485
0.48021697998,3484
0.480363845825,3483
0.480546951294,3482
0.481036901474,3481
0.481320858002,3480
0.481596946716,3479
0.481971979141,3478
0.482126951218,3477
0.482366800308,3476
0.482659816742,3475
0.483451843262,3474
0.484279870987,3473
0.4848279953,3472
0.486209869385,3471
0.48674082756,3470
0.486925840378,3469
0.487195968628,3468
0.487468957901,3467
0.487669944763,3466
0.487967967987,3465
0.488454818726,3464
0.48881483078,3463
0.489283800125,3462
0.490393877029,3461
0.490927934647,3460
0.491412878036,3459
0.491964817047,3458
0.492383003235,3457
0.492884874344,3456
0.493109941483,3455
0.493480920792,3454
0.493881940842,3453
0.494658946991,3452
0.495035886765,3451
0.495486974716,3450
0.495770931244,3449
0.496076822281,3448
0.49622297287,3447
0.496414899826,3446
0.496554851532,3445
0.497502803802,3444
0.497738838196,3443
0.49796295166,3442
0.498992919922,3441
0.499289989471,3440
0.499703884125,3439
0.500082969666,3438
0.500523805618,3437
0.501024007797,3436
0.501197814941,3435
0.501489877701,3434
0.501708984375,3433
0.502081871033,3432
0.502375841141,3431
0.502607822418,3430
0.502889871597,3429
0.503170013428,3428
0.503618955612,3427
0.50387597084,3426
0.504045009613,3425
0.504517793655,3424
0.504644870758,3423
0.505766868591,3422
0.505915880203,3421
0.506587982178,3420
0.50692987442,3419
0.50713300705,3418
0.507250785828,3417
0.508298873901,3416
0.508455991745,3415
0.509015798569,3414
0.509321928024,3413
0.510167837143,3412
0.510340929031,3411
0.510620832443,3410
0.511036872864,3409
0.511357784271,3408
0.511482954025,3407
0.511737823486,3406
0.511911869049,3405
0.512038946152,3404
0.512585878372,3403
0.512809991837,3402
0.513338804245,3401
0.513580799103,3400
0.513859987259,3399
0.51408290863,3398
0.514383792877,3397
0.514760017395,3396
0.51615691185,3395
0.516638994217,3394
0.517191886902,3393
0.517377853394,3392
0.517605781555,3391
0.517868995667,3390
0.518308877945,3389
0.518622875214,3388
0.519468784332,3387
0.519690990448,3386
0.520033836365,3385
0.52074098587,3384
0.521093845367,3383
0.521271944046,3382
0.521472930908,3381
0.521641969681,3380
0.521852970123,3379
0.522286891937,3378
0.522682905197,3377
0.52298283577,3376
0.523161888123,3375
0.523410797119,3374
0.523701906204,3373
0.523966789246,3372
0.524376869202,3371
0.525205850601,3370
0.525424957275,3369
0.525678873062,3368
0.526345968246,3367
0.527017831802,3366
0.527956008911,3365
0.528214931488,3364
0.528883934021,3363
0.529147863388,3362
0.529402971268,3361
0.530369997025,3360
0.530570983887,3359
0.530742883682,3358
0.531128883362,3357
0.53147482872,3356
0.531673908234,3355
0.532132863998,3354
0.532385826111,3353
0.533095836639,3352
0.533475875854,3351
0.533802986145,3350
0.53425693512,3349
0.535086870193,3348
0.535508871078,3347
0.535676002502,3346
0.535885810852,3345
0.536228895187,3344
0.536484956741,3343
0.536677837372,3342
0.537074804306,3341
0.537437915802,3340
0.537796974182,3339
0.538407802582,3338
0.538739919662,3337
0.538880825043,3336
0.539171934128,3335
0.539924860001,3334
0.540405988693,3333
0.540634870529,3332
0.541059970856,3331
0.541389942169,3330
0.541663885117,3329
0.54204082489,3328
0.542747974396,3327
0.542979001999,3326
0.543467998505,3325
0.543607950211,3324
0.543732881546,3323
0.544014930725,3322
0.544328927994,3321
0.544883012772,3320
0.545046806335,3319
0.545229911804,3318
0.545484781265,3317
0.545627832413,3316
0.546092987061,3315
0.54702091217,3314
0.547446012497,3313
0.547869920731,3312
0.548616886139,3311
0.549741983414,3310
0.549911975861,3309
0.550175905228,3308
0.550312995911,3307
0.550804853439,3306
0.551280975342,3305
0.551522016525,3304
0.551797866821,3303
0.552471876144,3302
0.552608013153,3301
0.552931785583,3300
0.554865837097,3299
0.555063009262,3298
0.555444955826,3297
0.556449890137,3296
0.556645870209,3295
0.556862831116,3294
0.557042837143,3293
0.557330846786,3292
0.557624816895,3291
0.558017969131,3290
0.558471918106,3289
0.558746814728,3288
0.558948993683,3287
0.559109926224,3286
0.559337854385,3285
0.55958199501,3284
0.559882879257,3283
0.560259819031,3282
0.561129808426,3281
0.561430931091,3280
0.561565876007,3279
0.561926841736,3278
0.562939882278,3277
0.563221931458,3276
0.563536882401,3275
0.563768863678,3274
0.564000844955,3273
0.564750909805,3272
0.565176010132,3271
0.565545797348,3270
0.565881967545,3269
0.566386938095,3268
0.566706895828,3267
0.567381858826,3266
0.567850828171,3265
0.56819486618,3264
0.569104909897,3263
0.569333791733,3262
0.569467782974,3261
0.570233821869,3260
0.570410966873,3259
0.571108818054,3258
0.571624994278,3257
0.571854829788,3256
0.572150945663,3255
0.572475910187,3254
0.572796821594,3253
0.572999000549,3252
0.573363780975,3251
0.573969841003,3250
0.574126958847,3249
0.574388980865,3248
0.574681997299,3247
0.575548887253,3246
0.575936794281,3245
0.576714992523,3244
0.577134847641,3243
0.577315807343,3242
0.577499866486,3241
0.577715873718,3240
0.578036785126,3239
0.578696966171,3238
0.579016923904,3237
0.579284906387,3236
0.579530000687,3235
0.580752849579,3234
0.581002950668,3233
0.581185817719,3232
0.581615924835,3231
0.581799983978,3230
0.582226991653,3229
0.582484960556,3228
0.583261966705,3227
0.583481788635,3226
0.583962917328,3225
0.584275960922,3224
0.584444999695,3223
0.58486199379,3222
0.585983991623,3221
0.586340904236,3220
0.586857795715,3219
0.58717083931,3218
0.587308883667,3217
0.587532997131,3216
0.58794593811,3215
0.588246822357,3214
0.588431835175,3213
0.588645935059,3212
0.589902877808,3211
0.590709924698,3210
0.591006994247,3209
0.591392993927,3208
0.591813802719,3207
0.592264890671,3206
0.592839002609,3205
0.593053817749,3204
0.593519926071,3203
0.593841791153,3202
0.594017982483,3201
0.594256877899,3200
0.59473490715,3199
0.595268964767,3198
0.595495939255,3197
0.595968008041,3196
0.596234798431,3195
0.596527814865,3194
0.596848011017,3193
0.597004890442,3192
0.597231864929,3191
0.597405910492,3190
0.598368883133,3189
0.598774909973,3188
0.599212884903,3187
0.600358009338,3186
0.600844860077,3185
0.602433919907,3184
0.603055000305,3183
0.603604793549,3182
0.603893995285,3181
0.604195833206,3180
0.604350805283,3179
0.604887962341,3178
0.606298923492,3177
0.606482982635,3176
0.606596946716,3175
0.606892824173,3174
0.607537984848,3173
0.607913970947,3172
0.608033895493,3171
0.608267784119,3170
0.608647823334,3169
0.609196901321,3168
0.609740972519,3167
0.610950946808,3166
0.611144781113,3165
0.612482786179,3164
0.612996816635,3163
0.613873004913,3162
0.615075826645,3161
0.615685939789,3160
0.615875005722,3159
0.616897821426,3158
0.617141962051,3157
0.617281913757,3156
0.617599010468,3155
0.617826938629,3154
0.618225812912,3153
0.618347883224,3152
0.618675947189,3151
0.618923902512,3150
0.619089841843,3149
0.620056867599,3148
0.620186805725,3147
0.620555877686,3146
0.620931863785,3145
0.621351003647,3144
0.621644973755,3143
0.62185382843,3142
0.623275995255,3141
0.623522996902,3140
0.624280929565,3139
0.624584913254,3138
0.624794960022,3137
0.625176906586,3136
0.625505924225,3135
0.626231908798,3134
0.626567840576,3133
0.627530813217,3132
0.627676963806,3131
0.627933979034,3130
0.628791809082,3129
0.629479885101,3128
0.629834890366,3127
0.632054805756,3126
0.632396936417,3125
0.632541894913,3124
0.632958889008,3123
0.633955001831,3122
0.635137796402,3121
0.635355949402,3120
0.636307001114,3119
0.636574983597,3118
0.63703083992,3117
0.637437820435,3116
0.63768196106,3115
0.637984991074,3114
0.63810300827,3113
0.638659954071,3112
0.63906788826,3111
0.639947891235,3110
0.640245914459,3109
0.640424966812,3108
0.64089679718,3107
0.641182899475,3106
0.641593933105,3105
0.642285823822,3104
0.642463922501,3103
0.64270401001,3102
0.642991781235,3101
0.644078016281,3100
0.644409894943,3099
0.644706010818,3098
0.645390987396,3097
0.645612955093,3096
0.645886898041,3095
0.64626789093,3094
0.647136926651,3093
0.647308826447,3092
0.647749900818,3091
0.64835190773,3090
0.649103879929,3089
0.649518966675,3088
0.649749994278,3087
0.649990797043,3086
0.650594949722,3085
0.650731801987,3084
0.650872945786,3083
0.651287794113,3082
0.651562929153,3081
0.651782989502,3080
0.652225017548,3079
0.652459859848,3078
0.652607917786,3077
0.652997016907,3076
0.653392791748,3075
0.653514862061,3074
0.653750896454,3073
0.654085874557,3072
0.654344797134,3071
0.654990911484,3070
0.655601978302,3069
0.656188964844,3068
0.656446933746,3067
0.657888889313,3066
0.65807390213,3065
0.658348798752,3064
0.65855884552,3063
0.659044981003,3062
0.659487962723,3061
0.659719944,3060
0.660919904709,3059
0.661412000656,3058
0.661588907242,3057
0.662081956863,3056
0.662586927414,3055
0.662933826447,3054
0.66317486763,3053
0.663587808609,3052
0.664312839508,3051
0.664595842361,3050
0.66487288475,3049
0.665735960007,3048
0.665955781937,3047
0.666245937347,3046
0.666886806488,3045
0.667109012604,3044
0.667327880859,3043
0.667631864548,3042
0.667904853821,3041
0.6685090065,3040
0.669250011444,3039
0.669499874115,3038
0.669764995575,3037
0.669986009598,3036
0.670601844788,3035
0.672194957733,3034
0.672607898712,3033
0.672820806503,3032
0.67320895195,3031
0.674383878708,3030
0.67574095726,3029
0.67625784874,3028
0.676524877548,3027
0.676949977875,3026
0.67719078064,3025
0.677416801453,3024
0.677917957306,3023
0.678265810013,3022
0.678389787674,3021
0.678975820541,3020
0.679462909698,3019
0.680639982224,3018
0.681696891785,3017
0.682323932648,3016
0.682597875595,3015
0.683198928833,3014
0.68341588974,3013
0.683955907822,3012
0.684347867966,3011
0.684540987015,3010
0.684740781784,3009
0.685817956924,3008
0.6859998703,3007
0.686482906342,3006
0.686677932739,3005
0.687332868576,3004
0.687903881073,3003
0.688861846924,3002
0.68927693367,3001
0.68972492218,3000
0.690503835678,2999
0.690778970718,2998
0.691213846207,2997
0.691550016403,2996
0.691906929016,2995
0.692333936691,2994
0.692634820938,2993
0.692838907242,2992
0.693022012711,2991
0.693506002426,2990
0.694717884064,2989
0.695472002029,2988
0.696283817291,2987
0.696417808533,2986
0.696762800217,2985
0.696905851364,2984
0.697646856308,2983
0.698037862778,2982
0.698339939117,2981
0.698594808578,2980
0.699333906174,2979
0.700037956238,2978
0.701417922974,2977
0.701550960541,2976
0.70202589035,2975
0.702915906906,2974
0.703118801117,2973
0.703467845917,2972
0.704082965851,2971
0.704563856125,2970
0.704716920853,2969
0.705103874207,2968
0.706103801727,2967
0.70624089241,2966
0.706512928009,2965
0.706840991974,2964
0.707016944885,2963
0.707774877548,2962
0.707927942276,2961
0.708431959152,2960
0.708597898483,2959
0.709049940109,2958
0.709275007248,2957
0.709625005722,2956
0.710080862045,2955
0.711668014526,2954
0.712466955185,2953
0.712791919708,2952
0.713204860687,2951
0.713440895081,2950
0.713604927063,2949
0.71373796463,2948
0.714760780334,2947
0.715186834335,2946
0.715538978577,2945
0.716006994247,2944
0.716266870499,2943
0.71639084816,2942
0.716662883759,2941
0.718398809433,2940
0.71851682663,2939
0.719055891037,2938
0.719944000244,2937
0.72011089325,2936
0.720349788666,2935
0.72110080719,2934
0.72136592865,2933
0.721613883972,2932
0.721815824509,2931
0.722471952438,2930
0.722715854645,2929
0.722929000854,2928
0.724265813828,2927
0.724581956863,2926
0.72474193573,2925
0.725192785263,2924
0.725844860077,2923
0.726254940033,2922
0.726534843445,2921
0.727029800415,2920
0.7280189991,2919
0.728724956512,2918
0.729041814804,2917
0.730356931686,2916
0.730493783951,2915
0.731395959854,2914
0.731514930725,2913
0.731647968292,2912
0.732149839401,2911
0.73353600502,2910
0.733955860138,2909
0.734705924988,2908
0.735168933868,2907
0.736596822739,2906
0.736937999725,2905
0.737653017044,2904
0.737895965576,2903
0.738397836685,2902
0.739120006561,2901
0.739728927612,2900
0.74053478241,2899
0.741083860397,2898
0.741856813431,2897
0.743568897247,2896
0.743739843369,2895
0.744069814682,2894
0.746102809906,2893
0.746724843979,2892
0.746922969818,2891
0.747052907944,2890
0.747265815735,2889
0.747674942017,2888
0.748562812805,2887
0.748899936676,2886
0.749265909195,2885
0.749688863754,2884
0.750604867935,2883
0.75144982338,2882
0.751720905304,2881
0.752198934555,2880
0.752815961838,2879
0.753690958023,2878
0.754029989243,2877
0.755312919617,2876
0.755738973618,2875
0.756277799606,2874
0.756897926331,2873
0.757164001465,2872
0.757422924042,2871
0.757757902145,2870
0.757900953293,2869
0.758899927139,2868
0.760173797607,2867
0.760861873627,2866
0.76122379303,2865
0.761739969254,2864
0.761960983276,2863
0.762794017792,2862
0.763514995575,2861
0.764143943787,2860
0.764758825302,2859
0.766712903976,2858
0.767025947571,2857
0.767616987228,2856
0.768883943558,2855
0.769347906113,2854
0.769492864609,2853
0.769778966904,2852
0.771050930023,2851
0.771390914917,2850
0.772183895111,2849
0.772748947144,2848
0.773636817932,2847
0.77464389801,2846
0.77490401268,2845
0.775224924088,2844
0.775626897812,2843
0.77628993988,2842
0.777053833008,2841
0.77889585495,2840
0.779091835022,2839
0.779860973358,2838
0.780497789383,2837
0.780742883682,2836
0.78095293045,2835
0.781991958618,2834
0.782681941986,2833
0.783694982529,2832
0.784933805466,2831
0.785055875778,2830
0.785282850266,2829
0.785670995712,2828
0.786121845245,2827
0.786315917969,2826
0.787250995636,2825
0.787539958954,2824
0.790512800217,2823
0.791823863983,2822
0.79202580452,2821
0.793190956116,2820
0.793703794479,2819
0.793942928314,2818
0.794925928116,2817
0.795157909393,2816
0.795388936996,2815
0.795598983765,2814
0.796268939972,2813
0.797736883163,2812
0.79817700386,2811
0.798855781555,2810
0.799425840378,2809
0.799834012985,2808
0.799997806549,2807
0.800254821777,2806
0.80042886734,2805
0.801617860794,2804
0.802083015442,2803
0.802757978439,2802
0.803438901901,2801
0.80468583107,2800
0.804939985275,2799
0.805537939072,2798
0.806104898453,2797
0.806994915009,2796
0.808043003082,2795
0.809126853943,2794
0.809340000153,2793
0.809476852417,2792
0.809602975845,2791
0.810670852661,2790
0.811806917191,2789
0.812168836594,2788
0.812414884567,2787
0.812721014023,2786
0.813713788986,2785
0.81481385231,2784
0.815038919449,2783
0.815260887146,2782
0.815644979477,2781
0.816146850586,2780
0.816468954086,2779
0.816972970963,2778
0.817191839218,2777
0.817399978638,2776
0.817814826965,2775
0.818162918091,2774
0.81937289238,2773
0.820279836655,2772
0.820906877518,2771
0.822533845901,2770
0.822983980179,2769
0.823857784271,2768
0.824353933334,2767
0.824600934982,2766
0.824977874756,2765
0.825884819031,2764
0.826088905334,2763
0.826393842697,2762
0.82652592659,2761
0.826678991318,2760
0.826896905899,2759
0.827514886856,2758
0.827703952789,2757
0.829263925552,2756
0.829708814621,2755
0.830754995346,2754
0.831368923187,2753
0.831627845764,2752
0.831830978394,2751
0.832218885422,2750
0.832632780075,2749
0.833771944046,2748
0.834862947464,2747
0.835609912872,2746
0.835754871368,2745
0.83595085144,2744
0.836335897446,2743
0.836593866348,2742
0.836964845657,2741
0.837593793869,2740
0.838647842407,2739
0.838984012604,2738
0.839201927185,2737
0.840420007706,2736
0.840721845627,2735
0.840929985046,2734
0.841173887253,2733
0.841333866119,2732
0.841495990753,2731
0.841957807541,2730
0.842269897461,2729
0.842853784561,2728
0.844024896622,2727
0.84427690506,2726
0.846093893051,2725
0.846303939819,2724
0.846446990967,2723
0.846979856491,2722
0.847208976746,2721
0.848871946335,2720
0.849218845367,2719
0.849890947342,2718
0.850893974304,2717
0.851066827774,2716
0.851700782776,2715
0.851981878281,2714
0.852375984192,2713
0.852574825287,2712
0.852762937546,2711
0.855839014053,2710
0.855970859528,2709
0.856157779694,2708
0.856626987457,2707
0.857195854187,2706
0.858453989029,2705
0.858949899673,2704
0.859105825424,2703
0.859422922134,2702
0.859798908234,2701
0.860020875931,2700
0.860599994659,2699
0.861572980881,2698
0.861795902252,2697
0.862552881241,2696
0.864162921906,2695
0.864383935928,2694
0.865011930466,2693
0.865284919739,2692
0.865486860275,2691
0.865785837173,2690
0.866338968277,2689
0.867053985596,2688
0.869065999985,2687
0.870199918747,2686
0.870819807053,2685
0.871091842651,2684
0.87146282196,2683
0.872340917587,2682
0.873802900314,2681
0.874122858047,2680
0.874882936478,2679
0.875384807587,2678
0.875801801682,2677
0.876135826111,2676
0.877763986588,2675
0.878178834915,2674
0.879562854767,2673
0.880370855331,2672
0.88102388382,2671
0.881626844406,2670
0.881832838058,2669
0.88232088089,2668
0.884641885757,2667
0.885124921799,2666
0.885386943817,2665
0.885870933533,2664
0.886258840561,2663
0.887089967728,2662
0.887322902679,2661
0.88783788681,2660
0.88809299469,2659
0.888859987259,2658
0.890318870544,2657
0.890585899353,2656
0.890961885452,2655
0.891319990158,2654
0.891796827316,2653
0.892168998718,2652
0.892481803894,2651
0.892751932144,2650
0.893209934235,2649
0.894212961197,2648
0.895487785339,2647
0.895744800568,2646
0.89718079567,2645
0.898072957993,2644
0.899377822876,2643
0.89960193634,2642
0.900367975235,2641
0.901317834854,2640
0.901873826981,2639
0.902453899384,2638
0.903333902359,2637
0.903734922409,2636
0.903857946396,2635
0.904050827026,2634
0.904502868652,2633
0.904629945755,2632
0.904859781265,2631
0.90504193306,2630
0.905723810196,2629
0.906966924667,2628
0.907555818558,2627
0.908070802689,2626
0.909238815308,2625
0.909703016281,2624
0.910362958908,2623
0.910537004471,2622
0.911155939102,2621
0.911785840988,2620
0.912136793137,2619
0.912580013275,2618
0.913130998611,2617
0.913503885269,2616
0.913776874542,2615
0.914022922516,2614
0.915694952011,2613
0.916063785553,2612
0.916496992111,2611
0.917068004608,2610
0.917486906052,2609
0.917690992355,2608
0.918304920197,2607
0.918563842773,2606
0.920121908188,2605
0.921228885651,2604
0.921487808228,2603
0.921841859818,2602
0.92230796814,2601
0.923080921173,2600
0.923321962357,2599
0.923637866974,2598
0.924210786819,2597
0.925311803818,2596
0.925714015961,2595
0.927454948425,2594
0.928296804428,2593
0.929803848267,2592
0.93044090271,2591
0.930808782578,2590
0.930923938751,2589
0.931901931763,2588
0.932763814926,2587
0.933035850525,2586
0.933720827103,2585
0.934001922607,2584
0.9350669384,2583
0.936074972153,2582
0.937402009964,2581
0.939152956009,2580
0.93970990181,2579
0.940478801727,2578
0.940735816956,2577
0.941437005997,2576
0.941589832306,2575
0.941849946976,2574
0.942126989365,2573
0.945294857025,2572
0.94572687149,2571
0.945888996124,2570
0.946263790131,2569
0.947438955307,2568
0.94771695137,2567
0.948217868805,2566
0.948458909988,2565
0.948633909225,2564
0.948958873749,2563
0.949716806412,2562
0.950073003769,2561
0.950371980667,2560
0.951400995255,2559
0.95233297348,2558
0.953007936478,2557
0.953652858734,2556
0.953880786896,2555
0.954538822174,2554
0.955177783966,2553
0.956386804581,2552
0.956918954849,2551
0.95716381073,2550
0.957504987717,2549
0.957937955856,2548
0.95844078064,2547
0.959040880203,2546
0.959313869476,2545
0.9605448246,2544
0.96097278595,2543
0.962085008621,2542
0.962245941162,2541
0.962468862534,2540
0.964249849319,2539
0.966237783432,2538
0.966419935226,2537
0.96667098999,2536
0.967892885208,2535
0.968235969543,2534
0.968886852264,2533
0.969536781311,2532
0.970122814178,2531
0.97030878067,2530
0.971143007278,2529
0.971665859222,2528
0.972887992859,2527
0.973348855972,2526
0.973898887634,2525
0.975656986237,2524
0.97657084465,2523
0.977138996124,2522
0.977693796158,2521
0.97848200798,2520
0.979331970215,2519
0.9799888134,2518
0.981827974319,2517
0.98269200325,2516
0.983141899109,2515
0.98356795311,2514
0.983749866486,2513
0.986299991608,2512
0.987114906311,2511
0.988386869431,2510
0.989338874817,2509
0.989774942398,2508
0.990141868591,2507
0.990656852722,2506
0.990916967392,2505
0.991537809372,2504
0.993575811386,2503
0.994323015213,2502
0.995260953903,2501
0.995968818665,2500
0.998615980148,2499
1.00017595291,2498
1.00051283836,2497
1.00231289864,2496
1.00285887718,2495
1.00319194794,2494
1.00440478325,2493
1.0046889782,2492
1.00534892082,2491
1.00622296333,2490
1.00672793388,2489
1.00893688202,2488
1.0092458725,2487
1.00945186615,2486
1.00993180275,2485
1.01147890091,2484
1.01190495491,2483
1.01371979713,2482
1.01544499397,2481
1.01631379128,2480
1.01705694199,2479
1.01868987083,2478
1.018835783,2477
1.01951694489,2476
1.02095484734,2475
1.02132081985,2474
1.02176690102,2473
1.02224993706,2472
1.02344894409,2471
1.02428483963,2470
1.02468085289,2469
1.02535891533,2468
1.02569890022,2467
1.02795290947,2466
1.02851486206,2465
1.02866697311,2464
1.02951383591,2463
1.02987599373,2462
1.03014683723,2461
1.0304749012,2460
1.03129982948,2459
1.03149294853,2458
1.03171396255,2457
1.0322599411,2456
1.0332429409,2455
1.03531098366,2454
1.0360789299,2453
1.0364408493,2452
1.03684592247,2451
1.03726482391,2450
1.03885388374,2449
1.03959679604,2448
1.04055786133,2447
1.04284882545,2446
1.0432767868,2445
1.04394698143,2444
1.04439783096,2443
1.04480886459,2442
1.04578089714,2441
1.04799079895,2440
1.04862189293,2439
1.04878997803,2438
1.05159878731,2437
1.0519759655,2436
1.05214595795,2435
1.05236792564,2434
1.05334186554,2433
1.05418682098,2432
1.05517983437,2431
1.05578184128,2430
1.05598282814,2429
1.980727911,2428
1.98145484924,2427
1.98471879959,2426
1.98605680466,2425
1.99554896355,2424
1.99996995926,2423
2.002409935,2422
2.0030939579,2421
2.00628900528,2420
2.01046395302,2419
2.01102280617,2418
2.86753582954,2417
2.87029194832,2416
2.87298488617,2415
2.87392878532,2414
2.87622189522,2413
2.8819270134,2412
2.88323998451,2411
2.88631296158,2410
2.88669085503,2409
2.88749480247,2408
2.89145684242,2407
2.89210987091,2406
2.8938498497,2405
2.8949649334,2404
2.89929294586,2403
2.90111589432,2402
2.90144491196,2401
2.90179300308,2400
2.90272688866,2399
2.90517187119,2398
3.77670693398,2397
3.77831983566,2396
3.78047800064,2395
3.7821199894,2394
3.78474187851,2393
3.78859496117,2392
3.78954291344,2391
3.7914788723,2390
3.79208278656,2389
3.79787182808,2388
3.79979491234,2387
3.80034399033,2386
3.80098199844,2385
3.80163478851,2384
3.80318284035,2383
3.80484485626,2382
3.80636692047,2381
3.80812692642,2380
3.80839180946,2379
3.8101580143,2378
3.81139779091,2377
4.74513101578,2376
4.74612498283,2375
4.75347280502,2374
4.75463891029,2373
4.75700187683,2372
4.75736379623,2371
4.75777983665,2370
4.75803089142,2369
4.75834584236,2368
4.7600069046,2367
4.76305794716,2366
4.76730680466,2365
4.76775693893,2364
4.77023792267,2363
4.77074480057,2362
4.77159190178,2361
4.78134393692,2360
5.73129487038,2359
5.73663187027,2358
5.73727297783,2357
5.7375228405,2356
6.6771838665,2355
6.6842148304,2354
6.68509888649,2353
6.68759799004,2352
6.68938398361,2351
6.69104480743,2350
7.56214690208,2349
7.56346893311,2348
7.56530499458,2347
7.56598496437,2346
7.5699698925,2345
7.57329893112,2344
7.57358694077,2343
7.57427978516,2342
7.57811999321,2341
7.57965278625,2340
7.58271288872,2339
8.52922582626,2338
8.52967596054,2337
9.39128994942,2336
9.39736700058,2335
9.39798378944,2334
9.40053892136,2333
9.40166282654,2332
9.40544295311,2331
9.4056699276,2330
9.40750694275,2329
9.41359996796,2328
9.41421580315,2327
9.41511678696,2326
9.41754078865,2325
9.41850185394,2324
10.3605589867,2323
10.3617699146,2322
10.3639779091,2321
10.3664438725,2320
10.372895956,2319
11.2644410133,2318
12.2121119499,2317
12.2139248848,2316
12.2144448757,2315
13.103441,2314
13.106913805,2313
13.1100327969,2312
13.1153969765,2311
13.1159229279,2310
13.1192018986,2309
14.945045948,2308
14.9491648674,2307
14.9495718479,2306
14.955329895,2305
14.956537962,2304
15.8992300034,2303
15.8999569416,2302
15.9020709991,2301
15.9073858261,2300
15.9110469818,2299
15.912719965,2298
16.7941029072,2297
16.796505928,2296
17.7430617809,2295
19.5837128162,2294
19.5852189064,2293
19.5895760059,2292
