0.114932060242,11022
0.115625143051,11021
0.116863965988,11020
0.117713928223,11019
0.118475914001,11018
0.119599103928,11017
0.120615005493,11016
0.121388912201,11015
0.121918916702,11014
0.122705936432,11013
0.123489141464,11012
0.124130010605,11011
0.125180959702,11010
0.126187086105,11009
0.126712083817,11008
0.12721991539,11007
0.128032922745,11006
0.129203081131,11005
0.129785060883,11004
0.130865097046,11003
0.13142991066,11002
0.132013082504,11001
0.132451057434,11000
0.133105993271,10999
0.134625911713,10998
0.135318994522,10997
0.136510133743,10996
0.137395143509,10995
0.138790130615,10994
0.139809131622,10993
0.141520023346,10992
0.142966032028,10991
0.144356012344,10990
0.145273923874,10989
0.147195100784,10988
0.148067951202,10987
0.14911198616,10986
0.149617910385,10985
0.150639057159,10984
0.151253938675,10983
0.151869058609,10982
0.152776002884,10981
0.153547048569,10980
0.155436992645,10979
0.156769037247,10978
0.157545089722,10977
0.158209085464,10976
0.158937931061,10975
0.159651994705,10974
0.160732984543,10973
0.161320924759,10972
0.161912918091,10971
0.162436962128,10970
0.163376092911,10969
0.164037942886,10968
0.164781093597,10967
0.165225982666,10966
0.165691137314,10965
0.166640996933,10964
0.167506933212,10963
0.168647050858,10962
0.169393062592,10961
0.169959068298,10960
0.170510053635,10959
0.171458005905,10958
0.172194957733,10957
0.172941923141,10956
0.173738956451,10955
0.174926042557,10954
0.175769090652,10953
0.176867008209,10952
0.177910089493,10951
0.179472923279,10950
0.180264949799,10949
0.18142414093,10948
0.182209014893,10947
0.182948112488,10946
0.184085130692,10945
0.185267925262,10944
0.185925006866,10943
0.186671972275,10942
0.187223911285,10941
0.18866109848,10940
0.189543008804,10939
0.190694093704,10938
0.19170498848,10937
0.192692995071,10936
0.193428993225,10935
0.194641113281,10934
0.195541143417,10933
0.1960709095,10932
0.196520090103,10931
0.197010993958,10930
0.197749137878,10929
0.198256969452,10928
0.198765993118,10927
0.199283123016,10926
0.199799060822,10925
0.200242996216,10924
0.201218128204,10923
0.201833963394,10922
0.202610015869,10921
0.203439950943,10920
0.204301118851,10919
0.204989910126,10918
0.206238985062,10917
0.208822965622,10916
0.209622144699,10915
0.211014986038,10914
0.212484121323,10913
0.213573932648,10912
0.215152978897,10911
0.215809106827,10910
0.216471910477,10909
0.217423915863,10908
0.218450069427,10907
0.219294071198,10906
0.22082400322,10905
0.222018957138,10904
0.222862005234,10903
0.223628997803,10902
0.225224971771,10901
0.228135108948,10900
0.228876113892,10899
0.229813098907,10898
0.23051404953,10897
0.231141090393,10896
0.232342004776,10895
0.23335313797,10894
0.234437942505,10893
0.235219955444,10892
0.235835075378,10891
0.236447095871,10890
0.237221002579,10889
0.237790107727,10888
0.238585948944,10887
0.239428043365,10886
0.240154027939,10885
0.241912126541,10884
0.242422103882,10883
0.243014097214,10882
0.243577003479,10881
0.244205951691,10880
0.245299100876,10879
0.24603509903,10878
0.246675014496,10877
0.247236967087,10876
0.247968912125,10875
0.248903036118,10874
0.249706029892,10873
0.250888109207,10872
0.25164604187,10871
0.252306938171,10870
0.253739118576,10869
0.255849123001,10868
0.257322072983,10867
0.258425951004,10866
0.25935792923,10865
0.260972976685,10864
0.262532949448,10863
0.264097929001,10862
0.265089988708,10861
0.266037940979,10860
0.266961097717,10859
0.267925977707,10858
0.269726991653,10857
0.270658969879,10856
0.272172927856,10855
0.273499011993,10854
0.274922132492,10853
0.275684118271,10852
0.276320934296,10851
0.276890039444,10850
0.278159141541,10849
0.280089139938,10848
0.281152963638,10847
0.281672954559,10846
0.282577037811,10845
0.283666133881,10844
0.284661054611,10843
0.286020994186,10842
0.286802053452,10841
0.287874937057,10840
0.289035081863,10839
0.290234088898,10838
0.29085111618,10837
0.292002916336,10836
0.292829036713,10835
0.293934106827,10834
0.294771909714,10833
0.295361995697,10832
0.295882940292,10831
0.29644203186,10830
0.297132968903,10829
0.297567129135,10828
0.298007011414,10827
0.298517942429,10826
0.299962043762,10825
0.300490140915,10824
0.301111936569,10823
0.302011013031,10822
0.303009986877,10821
0.304251909256,10820
0.305061101913,10819
0.306577920914,10818
0.307467937469,10817
0.308170080185,10816
0.30916595459,10815
0.310027122498,10814
0.310876131058,10813
0.311546087265,10812
0.312256097794,10811
0.313525915146,10810
0.314162015915,10809
0.314744949341,10808
0.315635919571,10807
0.316503047943,10806
0.317551136017,10805
0.318871021271,10804
0.319675922394,10803
0.320845127106,10802
0.321413993835,10801
0.322757005692,10800
0.323621034622,10799
0.324772119522,10798
0.325886011124,10797
0.32644701004,10796
0.327918052673,10795
0.328830957413,10794
0.329514026642,10793
0.330204963684,10792
0.331098079681,10791
0.332263946533,10790
0.333692073822,10789
0.334738016129,10788
0.336035966873,10787
0.338073015213,10786
0.338679075241,10785
0.339313983917,10784
0.340336084366,10783
0.342401981354,10782
0.3432700634,10781
0.345008134842,10780
0.345758914948,10779
0.346534967422,10778
0.34706401825,10777
0.348094940186,10776
0.348562002182,10775
0.34910607338,10774
0.349767923355,10773
0.350613117218,10772
0.351769924164,10771
0.353549957275,10770
0.355124950409,10769
0.35676407814,10768
0.358180999756,10767
0.359894990921,10766
0.360681056976,10765
0.361233949661,10764
0.362139940262,10763
0.362955093384,10762
0.363379001617,10761
0.364248991013,10760
0.36518907547,10759
0.365857124329,10758
0.367949962616,10757
0.368968009949,10756
0.370306968689,10755
0.371266126633,10754
0.372218132019,10753
0.373934030533,10752
0.376377105713,10751
0.377039909363,10750
0.377682924271,10749
0.378761053085,10748
0.379292011261,10747
0.37998509407,10746
0.381231069565,10745
0.382211923599,10744
0.382828950882,10743
0.383534908295,10742
0.384650945663,10741
0.385605096817,10740
0.38637304306,10739
0.387301921844,10738
0.388435125351,10737
0.389076948166,10736
0.389965057373,10735
0.390470027924,10734
0.391000986099,10733
0.392252922058,10732
0.392907142639,10731
0.393309116364,10730
0.393960952759,10729
0.394909143448,10728
0.395447015762,10727
0.395931005478,10726
0.396744012833,10725
0.397655010223,10724
0.398154020309,10723
0.399775028229,10722
0.400507926941,10721
0.401629924774,10720
0.402323961258,10719
0.403628110886,10718
0.404367923737,10717
0.405919075012,10716
0.407120943069,10715
0.408519983292,10714
0.409277915955,10713
0.409869909286,10712
0.410604953766,10711
0.411580085754,10710
0.412370920181,10709
0.412887096405,10708
0.413337945938,10707
0.414192914963,10706
0.415661096573,10705
0.416255950928,10704
0.419672012329,10703
0.420305013657,10702
0.420953035355,10701
0.422315120697,10700
0.423762083054,10699
0.424754142761,10698
0.425496101379,10697
0.427324056625,10696
0.428259134293,10695
0.429589033127,10694
0.430408000946,10693
0.432090044022,10692
0.433610916138,10691
0.434318065643,10690
0.435230016708,10689
0.435859918594,10688
0.436767101288,10687
0.437732934952,10686
0.439100980759,10685
0.440525054932,10684
0.442373991013,10683
0.443445920944,10682
0.443977117538,10681
0.444972991943,10680
0.445770025253,10679
0.446779966354,10678
0.449404001236,10677
0.45015001297,10676
0.451539039612,10675
0.452702999115,10674
0.454118967056,10673
0.455681085587,10672
0.457330942154,10671
0.458380937576,10670
0.459213018417,10669
0.460922002792,10668
0.46310710907,10667
0.463711023331,10666
0.464263916016,10665
0.465589046478,10664
0.466519117355,10663
0.467257976532,10662
0.468217134476,10661
0.469514131546,10660
0.470660924911,10659
0.471334934235,10658
0.47220492363,10657
0.473807096481,10656
0.47491812706,10655
0.477425098419,10654
0.478323936462,10653
0.480067968369,10652
0.48130607605,10651
0.482111930847,10650
0.483241081238,10649
0.485420942307,10648
0.48604798317,10647
0.488605976105,10646
0.489906072617,10645
0.491790056229,10644
0.492882966995,10643
0.494187116623,10642
0.49495100975,10641
0.498354911804,10640
0.499810934067,10639
0.50125002861,10638
0.501919031143,10637
0.502515077591,10636
0.503579139709,10635
0.506273031235,10634
0.507297992706,10633
0.508175134659,10632
0.509179115295,10631
0.510402917862,10630
0.511308908463,10629
0.511897087097,10628
0.512913942337,10627
0.513957023621,10626
0.515279054642,10625
0.516004085541,10624
0.516794919968,10623
0.517513036728,10622
0.518243074417,10621
0.519216060638,10620
0.520703077316,10619
0.521862030029,10618
0.522550106049,10617
0.524878978729,10616
0.525982141495,10615
0.52793598175,10614
0.528664112091,10613
0.529425144196,10612
0.530862092972,10611
0.532346963882,10610
0.535671949387,10609
0.536737918854,10608
0.538025140762,10607
0.538908958435,10606
0.539850950241,10605
0.540485143661,10604
0.541337966919,10603
0.542511940002,10602
0.543970108032,10601
0.547302961349,10600
0.54820394516,10599
0.549538135529,10598
0.550395965576,10597
0.551425933838,10596
0.554386138916,10595
0.555215120316,10594
0.556558132172,10593
0.558157920837,10592
0.561334133148,10591
0.562879085541,10590
0.564085006714,10589
0.565393924713,10588
0.565988063812,10587
0.566998004913,10586
0.567891120911,10585
0.568541049957,10584
0.570493936539,10583
0.571226119995,10582
0.574013948441,10581
0.575608968735,10580
0.576529026031,10579
0.577333927155,10578
0.579829931259,10577
0.581358909607,10576
0.582085132599,10575
0.583034038544,10574
0.583611011505,10573
0.584244966507,10572
0.585336923599,10571
0.586010932922,10570
0.586810112,10569
0.589393138885,10568
0.590485095978,10567
0.591494083405,10566
0.59246301651,10565
0.594254970551,10564
0.595209121704,10563
0.597589969635,10562
0.598679065704,10561
0.599703073502,10560
0.600466012955,10559
0.601288080215,10558
0.603066921234,10557
0.604385137558,10556
0.60586810112,10555
0.608076095581,10554
0.609482049942,10553
0.610816001892,10552
0.612164974213,10551
0.613424062729,10550
0.616744041443,10549
0.618572950363,10548
0.619303941727,10547
0.62076997757,10546
0.621830940247,10545
0.622856140137,10544
0.623759031296,10543
0.624967098236,10542
0.625855922699,10541
0.627351045609,10540
0.628794908524,10539
0.629585981369,10538
0.631072998047,10537
0.632070064545,10536
0.633024930954,10535
0.633593082428,10534
0.635095119476,10533
0.635714054108,10532
0.636404037476,10531
0.637007951736,10530
0.638152122498,10529
0.639504909515,10528
0.640378952026,10527
0.642179012299,10526
0.644550085068,10525
0.646059036255,10524
0.647620916367,10523
0.648244142532,10522
0.64955997467,10521
0.6512799263,10520
0.653221130371,10519
0.653887987137,10518
0.654575109482,10517
0.655331134796,10516
0.656182050705,10515
0.657562971115,10514
0.658894062042,10513
0.663634061813,10512
0.664219141006,10511
0.665413141251,10510
0.666424036026,10509
0.666996002197,10508
0.6676030159,10507
0.668215036392,10506
0.669147968292,10505
0.669919013977,10504
0.670685052872,10503
0.67143201828,10502
0.672152996063,10501
0.672929048538,10500
0.674839019775,10499
0.675523042679,10498
0.676023960114,10497
0.676598072052,10496
0.680827140808,10495
0.68141913414,10494
0.682163000107,10493
0.682956933975,10492
0.683619976044,10491
0.684838056564,10490
0.687540054321,10489
0.688163995743,10488
0.688904047012,10487
0.68967294693,10486
0.6903860569,10485
0.692013978958,10484
0.692735910416,10483
0.693853139877,10482
0.694864034653,10481
0.696241140366,10480
0.697309970856,10479
0.698324918747,10478
0.700654029846,10477
0.701174974442,10476
0.702289104462,10475
0.703012943268,10474
0.70392203331,10473
0.704623937607,10472
0.705968141556,10471
0.707317113876,10470
0.711081981659,10469
0.716398954391,10468
0.717117071152,10467
0.71794295311,10466
0.718611001968,10465
0.719594955444,10464
0.720785140991,10463
0.721523046494,10462
0.722242116928,10461
0.722880125046,10460
0.723931074142,10459
0.724551916122,10458
0.725278139114,10457
0.725796937943,10456
0.726432085037,10455
0.726949930191,10454
0.728692054749,10453
0.729912996292,10452
0.730392932892,10451
0.730924129486,10450
0.731420993805,10449
0.73334312439,10448
0.733905076981,10447
0.735328912735,10446
0.736113071442,10445
0.737631082535,10444
0.738122940063,10443
0.738982915878,10442
0.739944934845,10441
0.740858078003,10440
0.741426944733,10439
0.742702007294,10438
0.743233919144,10437
0.743726968765,10436
0.744247913361,10435
0.744920015335,10434
0.745558023453,10433
0.74647808075,10432
0.747354030609,10431
0.748029947281,10430
0.74918794632,10429
0.750314950943,10428
0.750864028931,10427
0.751284122467,10426
0.75178194046,10425
0.754059076309,10424
0.754914999008,10423
0.756035089493,10422
0.756525993347,10421
0.75875210762,10420
0.759746074677,10419
0.760323047638,10418
0.760867118835,10417
0.761641025543,10416
0.763142108917,10415
0.763991117477,10414
0.765382051468,10413
0.765952110291,10412
0.766492128372,10411
0.767056941986,10410
0.767674922943,10409
0.768579959869,10408
0.769936084747,10407
0.770765066147,10406
0.774209022522,10405
0.774905920029,10404
0.776153087616,10403
0.777193069458,10402
0.77786397934,10401
0.778831005096,10400
0.779652118683,10399
0.781074047089,10398
0.783164024353,10397
0.784199953079,10396
0.784863948822,10395
0.787559986115,10394
0.788336992264,10393
0.789026021957,10392
0.791131973267,10391
0.793267965317,10390
0.794178962708,10389
0.794933080673,10388
0.79648399353,10387
0.797516107559,10386
0.798177957535,10385
0.798918962479,10384
0.799859046936,10383
0.800426006317,10382
0.801537036896,10381
0.802144050598,10380
0.803116083145,10379
0.803810119629,10378
0.805429935455,10377
0.80655503273,10376
0.807707071304,10375
0.80837893486,10374
0.80899310112,10373
0.810018062592,10372
0.810518026352,10371
0.811461925507,10370
0.812716007233,10369
0.814038038254,10368
0.814671039581,10367
0.81637597084,10366
0.816921949387,10365
0.818395137787,10364
0.819304943085,10363
0.820337057114,10362
0.822395086288,10361
0.82297205925,10360
0.823537111282,10359
0.824162006378,10358
0.824733972549,10357
0.826329946518,10356
0.827486991882,10355
0.82883810997,10354
0.832773923874,10353
0.833746910095,10352
0.834882974625,10351
0.835763931274,10350
0.836760044098,10349
0.838343143463,10348
0.838932037354,10347
0.839865922928,10346
0.840619087219,10345
0.842005968094,10344
0.843953132629,10343
0.844531059265,10342
0.84533405304,10341
0.846363067627,10340
0.847341060638,10339
0.848649978638,10338
0.849272012711,10337
0.852504968643,10336
0.855600118637,10335
0.856405973434,10334
0.85783290863,10333
0.859837055206,10332
0.860451936722,10331
0.861515045166,10330
0.862426996231,10329
0.865761041641,10328
0.868104934692,10327
0.86857509613,10326
0.86910700798,10325
0.870754957199,10324
0.871421098709,10323
0.872514009476,10322
0.873534917831,10321
0.874274969101,10320
0.875037908554,10319
0.87633895874,10318
0.876868009567,10317
0.877413034439,10316
0.877988100052,10315
0.878508090973,10314
0.879357099533,10313
0.880631923676,10312
0.881191015244,10311
0.88173699379,10310
0.882220983505,10309
0.883384943008,10308
0.883939981461,10307
0.885280132294,10306
0.886480093002,10305
0.887798070908,10304
0.889066934586,10303
0.889997005463,10302
0.891066074371,10301
0.891575098038,10300
0.892241001129,10299
0.89278793335,10298
0.893290042877,10297
0.893960952759,10296
0.895164966583,10295
0.895746946335,10294
0.89655995369,10293
0.897452116013,10292
0.898428916931,10291
0.899873018265,10290
0.901397943497,10289
0.902436971664,10288
0.903662919998,10287
0.904545068741,10286
0.90532207489,10285
0.906429052353,10284
0.906925916672,10283
0.908317089081,10282
0.90885591507,10281
0.909377098083,10280
0.910634040833,10279
0.912811994553,10278
0.913944959641,10277
0.914680957794,10276
0.915199995041,10275
0.915728092194,10274
0.916618108749,10273
0.917854070663,10272
0.918553113937,10271
0.919064998627,10270
0.919595956802,10269
0.920313119888,10268
0.920831918716,10267
0.921661138535,10266
0.92218708992,10265
0.922709941864,10264
0.923223972321,10263
0.924533128738,10262
0.925364971161,10261
0.926738977432,10260
0.927202939987,10259
0.92804813385,10258
0.928514003754,10257
0.929590940475,10256
0.930118083954,10255
0.930598020554,10254
0.932598114014,10253
0.933109998703,10252
0.934332132339,10251
0.935239076614,10250
0.935754060745,10249
0.936209917068,10248
0.937672138214,10247
0.938441991806,10246
0.938899993896,10245
0.939382076263,10244
0.940032958984,10243
0.940696001053,10242
0.941345930099,10241
0.945400953293,10240
0.946278095245,10239
0.94751906395,10238
0.949002027512,10237
0.950489044189,10236
0.951631069183,10235
0.952194929123,10234
0.952805042267,10233
0.95351600647,10232
0.954595088959,10231
0.95511007309,10230
0.955776929855,10229
0.957008123398,10228
0.9576420784,10227
0.959623098373,10226
0.960999011993,10225
0.962623119354,10224
0.963599920273,10223
0.965296983719,10222
0.967255115509,10221
0.968653917313,10220
0.96928191185,10219
0.970873117447,10218
0.971398115158,10217
0.971940040588,10216
0.976231098175,10215
0.976793050766,10214
0.977262973785,10213
0.978253126144,10212
0.980379104614,10211
0.98083114624,10210
0.982065916061,10209
0.983130931854,10208
0.983844995499,10207
0.984628915787,10206
0.985325098038,10205
0.98638010025,10204
0.98711514473,10203
0.987570047379,10202
0.9886739254,10201
0.989566087723,10200
0.989989042282,10199
0.990517139435,10198
0.992212057114,10197
0.99409198761,10196
0.994569063187,10195
0.995723962784,10194
0.997080087662,10193
0.998785018921,10192
0.999462127686,10191
1.00074696541,10190
1.00142002106,10189
1.00223898888,10188
1.00418901443,10187
1.00544095039,10186
1.00659394264,10185
1.00759005547,10184
1.00916790962,10183
1.01079893112,10182
1.01151895523,10181
1.01223397255,10180
1.01278114319,10179
1.01330804825,10178
1.01415491104,10177
1.01465511322,10176
1.01571106911,10175
1.01620101929,10174
1.01730203629,10173
1.01782107353,10172
1.01902413368,10171
1.01949095726,10170
1.01997113228,10169
1.02085995674,10168
1.02225399017,10167
1.02271199226,10166
1.02321505547,10165
1.0239341259,10164
1.02476191521,10163
1.02545213699,10162
1.02632498741,10161
1.02835011482,10160
1.03156805038,10159
1.03271698952,10158
1.033618927,10157
1.03549098969,10156
1.03596401215,10155
1.03716897964,10154
1.03771591187,10153
1.03821992874,10152
1.03971195221,10151
1.04060411453,10150
1.04199504852,10149
1.04249310493,10148
1.04333496094,10147
1.04458999634,10146
1.04562497139,10145
1.04632806778,10144
1.04718208313,10143
1.04768610001,10142
1.04818892479,10141
1.04871606827,10140
1.04998397827,10139
1.05088710785,10138
1.05138993263,10137
1.05266404152,10136
1.0536711216,10135
1.05453801155,10134
1.05602502823,10133
1.05666303635,10132
1.05743098259,10131
1.05795502663,10130
1.05856704712,10129
1.0617210865,10128
1.06358098984,10127
1.06453990936,10126
1.06557393074,10125
1.06609892845,10124
1.06674909592,10123
1.06843113899,10122
1.0692050457,10121
1.0704240799,10120
1.07130908966,10119
1.07211494446,10118
1.07341599464,10117
1.07407212257,10116
1.07459402084,10115
1.07551002502,10114
1.07638907433,10113
1.0799639225,10112
1.08073210716,10111
1.08170413971,10110
1.08243894577,10109
1.0846581459,10108
1.08595299721,10107
1.08878397942,10106
1.09036707878,10105
1.09134912491,10104
1.09245705605,10103
1.09308791161,10102
1.09632611275,10101
1.0968401432,10100
1.09940505028,10099
1.09987592697,10098
1.10059905052,10097
1.10127711296,10096
1.10172390938,10095
1.10222291946,10094
1.10288596153,10093
1.10403895378,10092
1.10476112366,10091
1.10710692406,10090
1.10761594772,10089
1.10809493065,10088
1.10867404938,10087
1.10915994644,10086
1.10980701447,10085
1.11031508446,10084
1.11123394966,10083
1.11209511757,10082
1.11412501335,10081
1.11615991592,10080
1.11710000038,10079
1.11760807037,10078
1.11844301224,10077
1.1189289093,10076
1.11980009079,10075
1.12064194679,10074
1.12293505669,10073
1.12340497971,10072
1.12421011925,10071
1.1268029213,10070
1.12775802612,10069
1.12873411179,10068
1.13157510757,10067
1.13209295273,10066
1.13279891014,10065
1.13327407837,10064
1.13407611847,10063
1.1350979805,10062
1.13570594788,10061
1.13702893257,10060
1.13829112053,10059
1.13895106316,10058
1.13971304893,10057
1.14043498039,10056
1.14173197746,10055
1.14225292206,10054
1.14331507683,10053
1.14425611496,10052
1.14486098289,10051
1.14531803131,10050
1.14603710175,10049
1.14724612236,10048
1.14829611778,10047
1.14899396896,10046
1.15053510666,10045
1.15099692345,10044
1.15143299103,10043
1.15185499191,10042
1.15327501297,10041
1.15391302109,10040
1.15527200699,10039
1.15703392029,10038
1.15751314163,10037
1.15802192688,10036
1.15851306915,10035
1.16042304039,10034
1.1615049839,10033
1.16213798523,10032
1.1630859375,10031
1.1649711132,10030
1.16573905945,10029
1.16866707802,10028
1.17037200928,10027
1.1714861393,10026
1.1736330986,10025
1.17413806915,10024
1.17499709129,10023
1.17601799965,10022
1.17713809013,10021
1.17838811874,10020
1.18019104004,10019
1.18068695068,10018
1.18276906013,10017
1.18431091309,10016
1.18484902382,10015
1.18534612656,10014
1.18596410751,10013
1.18678092957,10012
1.18917107582,10011
1.18981194496,10010
1.19200491905,10009
1.19417214394,10008
1.19551801682,10007
1.1962659359,10006
1.19677400589,10005
1.19730997086,10004
1.19792413712,10003
1.20007109642,10002
1.20130991936,10001
1.20211601257,10000
1.20287394524,9999
1.20502495766,9998
1.20782208443,9997
1.20852208138,9996
1.21020698547,9995
1.21130394936,9994
1.21257710457,9993
1.21307897568,9992
1.2135720253,9991
1.21416091919,9990
1.21531391144,9989
1.21663403511,9988
1.21716308594,9987
1.21830701828,9986
1.22026014328,9985
1.2212240696,9984
1.22175192833,9983
1.2235660553,9982
1.22442293167,9981
1.22489500046,9980
1.22582912445,9979
1.22627091408,9978
1.22697710991,9977
1.22931694984,9976
1.2298579216,9975
1.23130297661,9974
1.23311495781,9973
1.23397994041,9972
1.23443007469,9971
1.23515605927,9970
1.2356030941,9969
1.23623299599,9968
1.24093604088,9967
1.24200391769,9966
1.24247193336,9965
1.24317502975,9964
1.24367403984,9963
1.24496507645,9962
1.24616098404,9961
1.24684500694,9960
1.24906802177,9959
1.24983096123,9958
1.25100111961,9957
1.2517080307,9956
1.25415802002,9955
1.25466513634,9954
1.25516200066,9953
1.2556951046,9952
1.2563290596,9951
1.2584400177,9950
1.25958299637,9949
1.26104712486,9948
1.26298809052,9947
1.26366114616,9946
1.26430296898,9945
1.2654569149,9944
1.26638507843,9943
1.26789402962,9942
1.2712199688,9941
1.27280092239,9940
1.27373504639,9939
1.2742099762,9938
1.27466011047,9937
1.27555298805,9936
1.27611303329,9935
1.2770819664,9934
1.27759003639,9933
1.27874302864,9932
1.27927398682,9931
1.27977395058,9930
1.28172302246,9929
1.28222107887,9928
1.28376507759,9927
1.28496193886,9926
1.28586196899,9925
1.28639292717,9924
1.28730893135,9923
1.2878510952,9922
1.28834891319,9921
1.28917694092,9920
1.28964805603,9919
1.2901289463,9918
1.29196405411,9917
1.29248809814,9916
1.29300308228,9915
1.29369807243,9914
1.29521799088,9913
1.29695391655,9912
1.29747700691,9911
1.29817509651,9910
1.29865193367,9909
1.30014610291,9908
1.30107212067,9907
1.30155801773,9906
1.3022840023,9905
1.30500507355,9904
1.30590200424,9903
1.30780601501,9902
1.30857992172,9901
1.30944108963,9900
1.31028103828,9899
1.31081700325,9898
1.31131100655,9897
1.31244111061,9896
1.31457996368,9895
1.31564211845,9894
1.31666493416,9893
1.31769514084,9892
1.31819105148,9891
1.31887292862,9890
1.32168793678,9889
1.32300710678,9888
1.32366108894,9887
1.32472705841,9886
1.32586407661,9885
1.32656407356,9884
1.32743597031,9883
1.32818007469,9882
1.32871699333,9881
1.33021092415,9880
1.33086109161,9879
1.33136296272,9878
1.33206295967,9877
1.33318305016,9876
1.33368706703,9875
1.33527898788,9874
1.3357129097,9873
1.3370320797,9872
1.33750796318,9871
1.3389840126,9870
1.34015607834,9869
1.34066700935,9868
1.34126496315,9867
1.34438490868,9866
1.34544706345,9865
1.34627509117,9864
1.34909796715,9863
1.35072207451,9862
1.35119605064,9861
1.35170507431,9860
1.35221004486,9859
1.35513305664,9858
1.35723996162,9857
1.35771298409,9856
1.35868310928,9855
1.35922193527,9854
1.35969996452,9853
1.36310911179,9852
1.36404705048,9851
1.36476111412,9850
1.36538004875,9849
1.36588597298,9848
1.36774206161,9847
1.36824893951,9846
1.36972594261,9845
1.37024712563,9844
1.3706741333,9843
1.37118697166,9842
1.37231612206,9841
1.37322211266,9840
1.37492394447,9839
1.37600493431,9838
1.37689709663,9837
1.37814092636,9836
1.38062000275,9835
1.38110899925,9834
1.3817820549,9833
1.38340806961,9832
1.384786129,9831
1.38539505005,9830
1.38641810417,9829
1.38688802719,9828
1.38871312141,9827
1.38918995857,9826
1.39220094681,9825
1.39487695694,9824
1.39611005783,9823
1.39679813385,9822
1.39799499512,9821
1.39986109734,9820
1.40162992477,9819
1.40294003487,9818
1.40342998505,9817
1.404556036,9816
1.40556406975,9815
1.40602993965,9814
1.40656304359,9813
1.40749907494,9812
1.40872907639,9811
1.40925312042,9810
1.40974807739,9809
1.41023993492,9808
1.41134810448,9807
1.4118449688,9806
1.41235494614,9805
1.41309499741,9804
1.41427707672,9803
1.41496610641,9802
1.41605496407,9801
1.41759395599,9800
1.41845607758,9799
1.41890597343,9798
1.42015099525,9797
1.4216530323,9796
1.42216992378,9795
1.42267608643,9794
1.42382097244,9793
1.42479395866,9792
1.425770998,9791
1.426445961,9790
1.427765131,9789
1.42992591858,9788
1.43120408058,9787
1.43175697327,9786
1.4338760376,9785
1.43434095383,9784
1.43497395515,9783
1.43648409843,9782
1.43695306778,9781
1.43819212914,9780
1.43930697441,9779
1.44059705734,9778
1.44103002548,9777
1.44323205948,9776
1.44372200966,9775
1.44482398033,9774
1.44739699364,9773
1.44894099236,9772
1.44967699051,9771
1.45016098022,9770
1.45129704475,9769
1.45251107216,9768
1.45296907425,9767
1.4537320137,9766
1.45497894287,9765
1.45575809479,9764
1.45899105072,9763
1.45982003212,9762
1.46043395996,9761
1.46137094498,9760
1.46328997612,9759
1.46595907211,9758
1.46649813652,9757
1.46717691422,9756
1.4680249691,9755
1.468542099,9754
1.46904301643,9753
1.47065997124,9752
1.47279810905,9751
1.47391009331,9750
1.47533202171,9749
1.4766831398,9748
1.48079609871,9747
1.48128604889,9746
1.4823551178,9745
1.48394393921,9744
1.486068964,9743
1.48657798767,9742
1.48707604408,9741
1.48753905296,9740
1.48830413818,9739
1.4895529747,9738
1.49002599716,9737
1.49072003365,9736
1.49190497398,9735
1.49299192429,9734
1.49348211288,9733
1.49512791634,9732
1.49700808525,9731
1.49821901321,9730
1.49889993668,9729
1.49939203262,9728
1.50066614151,9727
1.50129795074,9726
1.50195002556,9725
1.5034301281,9724
1.50399398804,9723
1.50505900383,9722
1.50638008118,9721
1.50687503815,9720
1.50798010826,9719
1.50919795036,9718
1.51023292542,9717
1.51403713226,9716
1.51530504227,9715
1.51652002335,9714
1.51701807976,9713
1.51747393608,9712
1.51935195923,9711
1.51985192299,9710
1.52165913582,9709
1.52387809753,9708
1.526004076,9707
1.52677202225,9706
1.5274040699,9705
1.5287771225,9704
1.52926301956,9703
1.53026795387,9702
1.53154993057,9701
1.53235793114,9700
1.53391814232,9699
1.53485512733,9698
1.53671002388,9697
1.54229307175,9696
1.5434191227,9695
1.54410004616,9694
1.54541110992,9693
1.54628109932,9692
1.5470161438,9691
1.54770493507,9690
1.54883408546,9689
1.54990005493,9688
1.55051493645,9687
1.55206394196,9686
1.55256795883,9685
1.55327510834,9684
1.5539700985,9683
1.55560898781,9682
1.55636692047,9681
1.55717396736,9680
1.55935406685,9679
1.56015205383,9678
1.56061291695,9677
1.56276893616,9676
1.56664991379,9675
1.56802392006,9674
1.56887292862,9673
1.57002401352,9672
1.57089304924,9671
1.57513999939,9670
1.57660293579,9669
1.57848596573,9668
1.57949113846,9667
1.58415699005,9666
1.58462810516,9665
1.58587598801,9664
1.58638906479,9663
1.5868909359,9662
1.58772397041,9661
1.58983802795,9660
1.59101891518,9659
1.59151697159,9658
1.59223008156,9657
1.59405207634,9656
1.59622097015,9655
1.59743309021,9654
1.59991312027,9653
1.60060691833,9652
1.60185098648,9651
1.60332798958,9650
1.60396695137,9649
1.604418993,9648
1.60507702827,9647
1.6055970192,9646
1.60669398308,9645
1.60718512535,9644
1.6086230278,9643
1.60905814171,9642
1.6095559597,9641
1.61071705818,9640
1.61417198181,9639
1.61534905434,9638
1.61582612991,9637
1.61867809296,9636
1.62283301353,9635
1.62335205078,9634
1.62381196022,9633
1.62492394447,9632
1.62541913986,9631
1.62672901154,9630
1.62722206116,9629
1.62832808495,9628
1.62976098061,9627
1.6308529377,9626
1.63136005402,9625
1.63234710693,9624
1.63341093063,9623
1.63434004784,9622
1.63648796082,9621
1.63698101044,9620
1.63784909248,9619
1.63851904869,9618
1.63976597786,9617
1.64331197739,9616
1.6447250843,9615
1.64541196823,9614
1.6468091011,9613
1.6474750042,9612
1.65028691292,9611
1.65165710449,9610
1.65240812302,9609
1.65498614311,9608
1.65591001511,9607
1.65640902519,9606
1.65762495995,9605
1.65866112709,9604
1.6595890522,9603
1.66010212898,9602
1.66059613228,9601
1.66105508804,9600
1.66220808029,9599
1.66367697716,9598
1.66580200195,9597
1.66678214073,9596
1.6685321331,9595
1.66938400269,9594
1.66988897324,9593
1.6707110405,9592
1.67232394218,9591
1.67280006409,9590
1.67383909225,9589
1.67539596558,9588
1.6766140461,9587
1.67783999443,9586
1.67901706696,9585
1.68025398254,9584
1.68160891533,9583
1.68332409859,9582
1.68537306786,9581
1.68926596642,9580
1.6918721199,9579
1.69286894798,9578
1.69325900078,9577
1.69373106956,9576
1.69487500191,9575
1.69558095932,9574
1.69667196274,9573
1.6977250576,9572
1.69969701767,9571
1.70098114014,9570
1.70296502113,9569
1.7034330368,9568
1.70698308945,9567
1.70763111115,9566
1.70883512497,9565
1.70967912674,9564
1.71551704407,9563
1.71593403816,9562
1.71641111374,9561
1.71804308891,9560
1.7188129425,9559
1.71923398972,9558
1.72080612183,9557
1.7212741375,9556
1.72170591354,9555
1.72263097763,9554
1.72424292564,9553
1.72535204887,9552
1.72763299942,9551
1.72805595398,9550
1.72928905487,9549
1.73063707352,9548
1.73225402832,9547
1.73323893547,9546
1.73370909691,9545
1.73434209824,9544
1.73503708839,9543
1.73554396629,9542
1.73599505424,9541
1.73645210266,9540
1.73747301102,9539
1.73793506622,9538
1.73940610886,9537
1.73981499672,9536
1.74267506599,9535
1.74316906929,9534
1.74616193771,9533
1.74847102165,9532
1.74959802628,9531
1.75034594536,9530
1.75133609772,9529
1.7520070076,9528
1.75303196907,9527
1.75411510468,9526
1.75492501259,9525
1.75551199913,9524
1.75632810593,9523
1.75673794746,9522
1.7582950592,9521
1.75905013084,9520
1.76096391678,9519
1.76339101791,9518
1.76620912552,9517
1.7672290802,9516
1.7677590847,9515
1.76972007751,9514
1.77286195755,9513
1.77360796928,9512
1.77424693108,9511
1.77566504478,9510
1.77895998955,9509
1.77966713905,9508
1.78218698502,9507
1.78318095207,9506
1.78386807442,9505
1.78444004059,9504
1.78614807129,9503
1.78708791733,9502
1.78862404823,9501
1.7925131321,9500
1.79292607307,9499
1.79645013809,9498
1.79685711861,9497
1.80009198189,9496
1.80113005638,9495
1.80154514313,9494
1.80295014381,9493
1.80356693268,9492
1.80399298668,9491
1.80598211288,9490
1.80679607391,9489
1.80836892128,9488
1.8092110157,9487
1.81036496162,9486
1.81082105637,9485
1.81240296364,9484
1.81322312355,9483
1.81463193893,9482
1.81561899185,9481
1.81610393524,9480
1.81734800339,9479
1.81796002388,9478
1.81858897209,9477
1.81914806366,9476
1.8199660778,9475
1.82103300095,9474
1.8214969635,9473
1.82195496559,9472
1.82356309891,9471
1.82443714142,9470
1.82489013672,9469
1.82550191879,9468
1.82628202438,9467
1.82675099373,9466
1.82830405235,9465
1.82919502258,9464
1.82986807823,9463
1.83138108253,9462
1.83330798149,9461
1.83497905731,9460
1.83565592766,9459
1.84311699867,9458
1.84409594536,9457
1.84500408173,9456
1.84697198868,9455
1.848913908,9454
1.84937000275,9453
1.84982395172,9452
1.8502471447,9451
1.85473704338,9450
1.85709810257,9449
1.85824608803,9448
1.86069703102,9447
1.86110091209,9446
1.86189699173,9445
1.86250901222,9444
1.86584806442,9443
1.86746096611,9442
1.8700940609,9441
1.87061595917,9440
1.87261605263,9439
1.87448811531,9438
1.87500810623,9437
1.87592411041,9436
1.87666106224,9435
1.87873101234,9434
1.88004398346,9433
1.88066196442,9432
1.8820400238,9431
1.88267707825,9430
1.88311195374,9429
1.88490104675,9428
1.88630700111,9427
1.8872859478,9426
1.88774991035,9425
1.88857793808,9424
1.88902902603,9423
1.89012312889,9422
1.89073204994,9421
1.89115595818,9420
1.89168691635,9419
1.89291906357,9418
1.89352893829,9417
1.89493703842,9416
1.8963599205,9415
1.89700007439,9414
1.89781594276,9413
1.89862799644,9412
1.90007710457,9411
1.90216493607,9410
1.90337491035,9409
1.9046049118,9408
1.90546798706,9407
1.90642404556,9406
1.9085290432,9405
1.91047501564,9404
1.91093301773,9403
1.9125649929,9402
1.91363096237,9401
1.91538691521,9400
1.91621899605,9399
1.91690397263,9398
1.91816496849,9397
1.91862010956,9396
1.91937208176,9395
1.92279410362,9394
1.92428612709,9393
1.9298119545,9392
1.93020701408,9391
1.93174099922,9390
1.93339300156,9389
1.93476605415,9388
1.93572402,9387
1.93812513351,9386
1.93946409225,9385
1.93992209435,9384
1.94093513489,9383
1.94354295731,9382
1.94633603096,9381
1.94784593582,9380
1.94845294952,9379
1.94928002357,9378
1.95049595833,9377
1.95236492157,9376
1.95325613022,9375
1.9546790123,9374
1.95562195778,9373
1.95659899712,9372
1.95828104019,9371
1.95929813385,9370
1.96098613739,9369
1.96314191818,9368
1.9661989212,9367
1.96714401245,9366
1.9687359333,9365
1.97020697594,9364
1.97627401352,9363
1.97964096069,9362
1.98071813583,9361
1.98370313644,9360
1.98412513733,9359
1.98508906364,9358
1.98633098602,9357
1.98704099655,9356
1.98918604851,9355
1.99099993706,9354
1.99161291122,9353
1.99220609665,9352
1.99382996559,9351
1.99714493752,9350
1.99757099152,9349
2.00248599052,9348
2.00380396843,9347
2.00552797318,9346
2.00767207146,9345
2.01006293297,9344
2.01207900047,9343
2.01374006271,9342
2.01455402374,9341
2.01570105553,9340
2.01614809036,9339
2.0167529583,9338
2.01876306534,9337
2.0196750164,9336
2.02049398422,9335
2.0219950676,9334
2.02327108383,9333
2.02489304543,9332
2.02531599998,9331
2.02568411827,9330
2.02940607071,9329
2.03132390976,9328
2.03236508369,9327
2.03277111053,9326
2.03404593468,9325
2.03582501411,9324
2.03646302223,9323
2.04028201103,9322
2.04130411148,9321
2.04174804688,9320
2.04426693916,9319
2.04491114616,9318
2.04537391663,9317
2.04701399803,9316
2.05001091957,9315
2.0517449379,9314
2.0530090332,9313
2.05411195755,9312
2.05528211594,9311
2.05703496933,9310
2.05797505379,9309
2.06288695335,9308
2.06479096413,9307
2.06690597534,9306
2.06771302223,9305
2.06894397736,9304
2.07181096077,9303
2.07554101944,9302
2.07632708549,9301
2.07694506645,9300
2.07740902901,9299
2.07983899117,9298
2.080286026,9297
2.08176612854,9296
2.08399105072,9295
2.08526611328,9294
2.08620595932,9293
2.08878803253,9292
2.0901761055,9291
2.09112095833,9290
2.09152698517,9289
2.09387493134,9288
2.09632611275,9287
2.09699511528,9286
2.10125994682,9285
2.10393595695,9284
2.10506606102,9283
2.10548400879,9282
2.10690999031,9281
2.10800909996,9280
2.10914206505,9279
2.1099050045,9278
2.11153292656,9277
2.11946201324,9276
2.11990594864,9275
2.12156295776,9274
2.12201809883,9273
2.1234369278,9272
2.12384295464,9271
2.1252849102,9270
2.12573599815,9269
2.1263730526,9268
2.12702393532,9267
2.13124704361,9266
2.13304901123,9265
2.13349914551,9264
2.13431191444,9263
2.1348130703,9262
2.13711500168,9261
2.13859510422,9260
2.13927412033,9259
2.14362001419,9258
2.14432692528,9257
2.14477992058,9256
2.1455450058,9255
2.14619803429,9254
2.14743494987,9253
2.14837598801,9252
2.14903712273,9251
2.15113210678,9250
2.15469312668,9249
2.15612101555,9248
2.15898299217,9247
2.16337895393,9246
2.16676807404,9245
2.16724014282,9244
2.1684179306,9243
2.16975307465,9242
2.17042207718,9241
2.17085409164,9240
2.17286801338,9239
2.17475509644,9238
2.18060493469,9237
2.18112206459,9236
2.18179798126,9235
2.18245506287,9234
2.18785405159,9233
2.18857598305,9232
2.18929100037,9231
2.19035100937,9230
2.19097709656,9229
2.19416713715,9228
2.19550800323,9227
2.20243906975,9226
2.20508098602,9225
2.20958209038,9224
2.21017694473,9223
2.21702194214,9222
2.2197971344,9221
2.22225093842,9220
2.22723197937,9219
2.22889494896,9218
2.23033905029,9217
2.23187994957,9216
2.23428297043,9215
2.2354221344,9214
2.23600411415,9213
2.23953509331,9212
2.24212408066,9211
2.24353694916,9210
2.24398493767,9209
2.24443602562,9208
2.24811291695,9207
2.24946713448,9206
2.2502310276,9205
2.25267100334,9204
2.2547109127,9203
2.25511598587,9202
2.25554013252,9201
2.25763607025,9200
2.25979208946,9199
2.2601981163,9198
2.26158714294,9197
2.26200199127,9196
2.263641119,9195
2.26538300514,9194
2.2670071125,9193
2.27049994469,9192
2.27154397964,9191
2.27509903908,9190
2.27965593338,9189
2.28039193153,9188
2.28184700012,9187
2.28311896324,9186
2.28355407715,9185
2.28497314453,9184
2.28686308861,9183
2.29267501831,9182
2.29368400574,9181
2.29579091072,9180
2.30073714256,9179
2.30154800415,9178
2.30198311806,9177
2.30243396759,9176
2.3032310009,9175
2.30504798889,9174
2.30757808685,9173
2.30865311623,9172
2.30910897255,9171
2.31278014183,9170
2.31322598457,9169
2.31404304504,9168
2.31767010689,9167
2.3180949688,9166
2.3193359375,9165
2.32143211365,9164
2.32221913338,9163
2.32349705696,9162
2.32522296906,9161
2.32567596436,9160
2.32611203194,9159
2.32885503769,9158
2.33005309105,9157
2.33182406425,9156
2.33392095566,9155
2.3343629837,9154
2.33616709709,9153
2.33658003807,9152
2.33702492714,9151
2.33781504631,9150
2.3388030529,9149
2.34289193153,9148
2.34334802628,9147
2.34920597076,9146
2.35346007347,9145
2.35413002968,9144
2.35644006729,9143
2.35804390907,9142
2.35867905617,9141
2.35998392105,9140
2.36154794693,9139
2.36195397377,9138
2.36282110214,9137
2.36325597763,9136
2.36913108826,9135
2.37129497528,9134
2.37174296379,9133
2.37217903137,9132
2.37351298332,9131
2.37485694885,9130
2.37784790993,9129
2.38106703758,9128
2.38210296631,9127
2.38458800316,9126
2.38928508759,9125
2.39106011391,9124
2.39279294014,9123
2.39398097992,9122
2.3974199295,9121
2.39959692955,9120
2.40056300163,9119
2.40302705765,9118
2.40435004234,9117
2.40569901466,9116
2.40921592712,9115
2.41179394722,9114
2.41514110565,9113
2.41747713089,9112
2.42167305946,9111
2.42361497879,9110
2.42540597916,9109
2.42619991302,9108
2.42765498161,9107
2.42880797386,9106
2.42918205261,9105
2.43069291115,9104
2.43106198311,9103
2.43229103088,9102
2.43269300461,9101
2.43332791328,9100
2.43509292603,9099
2.4354929924,9098
2.43841695786,9097
2.4408121109,9096
2.44275093079,9095
2.4440510273,9094
2.44447112083,9093
2.44510197639,9092
2.44607210159,9091
2.44653296471,9090
2.44775605202,9089
2.45439100266,9088
2.45629310608,9087
2.46060013771,9086
2.4613931179,9085
2.46358203888,9084
2.4643599987,9083
2.46780109406,9082
2.47212409973,9081
2.47259497643,9080
2.47711396217,9079
2.47920203209,9078
2.48076891899,9077
2.48399400711,9076
2.48510694504,9075
2.48750591278,9074
2.48799991608,9073
2.49296498299,9072
2.49343109131,9071
2.49434900284,9070
2.49476599693,9069
2.49525308609,9068
2.49631690979,9067
2.49736309052,9066
2.50187492371,9065
2.50343799591,9064
2.50401210785,9063
2.50478005409,9062
2.50524997711,9061
2.50763893127,9060
2.50804805756,9059
2.50858998299,9058
2.50980710983,9057
2.51191997528,9056
2.51270294189,9055
2.51323199272,9054
2.51481199265,9053
2.51606893539,9052
2.51972198486,9051
2.52143502235,9050
2.52203297615,9049
2.52429199219,9048
2.52669596672,9047
2.52713298798,9046
2.52868700027,9045
2.53544592857,9044
2.53729891777,9043
2.5376701355,9042
2.53894400597,9041
2.5431830883,9040
2.55026102066,9039
2.55096292496,9038
2.55136299133,9037
2.55358195305,9036
2.55609107018,9035
2.55756211281,9034
2.5580060482,9033
2.55963993073,9032
2.56084704399,9031
2.56865310669,9030
2.57033896446,9029
2.5712659359,9028
2.57195305824,9027
2.57248306274,9026
2.57396292686,9025
2.57896614075,9024
2.57993102074,9023
2.58235192299,9022
2.58311891556,9021
2.58616805077,9020
2.58736801147,9019
2.58806490898,9018
2.5905020237,9017
2.59171199799,9016
2.59231114388,9015
2.59947514534,9014
2.60757398605,9013
2.60963392258,9012
2.61183309555,9011
2.61377501488,9010
2.61564207077,9009
2.6176700592,9008
2.62025713921,9007
2.62074398994,9006
2.62264609337,9005
2.62308692932,9004
2.62404108047,9003
2.62462997437,9002
2.62603592873,9001
2.62740302086,9000
2.62905311584,8999
2.6302819252,8998
2.63343596458,8997
2.63421607018,8996
2.63539791107,8995
2.63657307625,8994
2.63718008995,8993
2.63909912109,8992
2.63950109482,8991
2.64054393768,8990
2.64094901085,8989
2.64274001122,8988
2.64718794823,8987
2.64763092995,8986
2.64856600761,8985
2.65107893944,8984
2.65404200554,8983
2.65443897247,8982
2.65740609169,8981
2.66058707237,8980
2.66207814217,8979
2.66333198547,8978
2.66512393951,8977
2.66692900658,8976
2.67241597176,8975
2.67312598228,8974
2.67554306984,8973
2.67684102058,8972
2.67823910713,8971
2.67893600464,8970
2.67939209938,8969
2.68208909035,8968
2.68271493912,8967
2.68318200111,8966
2.68402314186,8965
2.68552494049,8964
2.68774008751,8963
2.6883559227,8962
2.69094800949,8961
2.69488811493,8960
2.69743895531,8959
2.69803404808,8958
2.69977593422,8957
2.70085310936,8956
2.70165610313,8955
2.70249414444,8954
2.70595908165,8953
2.70659708977,8952
2.70860099792,8951
2.71047401428,8950
2.71288108826,8949
2.71664810181,8948
2.71765613556,8947
2.71814799309,8946
2.71993398666,8945
2.72093892097,8944
2.72174501419,8943
2.72250008583,8942
2.72818303108,8941
2.73274898529,8940
2.73386001587,8939
2.73491597176,8938
2.73535609245,8937
2.73723101616,8936
2.73770213127,8935
2.73855996132,8934
2.74031591415,8933
2.74080395699,8932
2.74177193642,8931
2.74695301056,8930
2.74781513214,8929
2.74825596809,8928
2.74974012375,8927
2.75164008141,8926
2.75243210793,8925
2.75495505333,8924
2.75644898415,8923
2.75718402863,8922
2.7576110363,8921
2.7590200901,8920
2.76538395882,8919
2.76706504822,8918
2.77003908157,8917
2.77523398399,8916
2.78246498108,8915
2.78315210342,8914
2.78911399841,8913
2.79010295868,8912
2.79271292686,8911
2.79644012451,8910
2.80040311813,8909
2.8018860817,8908
2.80524110794,8907
2.80764508247,8906
2.80806303024,8905
2.80856704712,8904
2.80902504921,8903
2.81056904793,8902
2.81216597557,8901
2.81332111359,8900
2.81661200523,8899
2.81728410721,8898
2.81777906418,8897
2.81824612617,8896
2.82051706314,8895
2.8243970871,8894
2.82641410828,8893
2.8272819519,8892
2.8300640583,8891
2.83569097519,8890
2.8432199955,8889
2.84729194641,8888
2.84854102135,8887
2.8492410183,8886
2.84971499443,8885
2.8536491394,8884
2.85465502739,8883
2.85700893402,8882
2.85750508308,8881
2.85932803154,8880
2.86230492592,8879
2.86363697052,8878
2.86996197701,8877
2.87756299973,8876
2.88022303581,8875
2.88946890831,8874
2.89195013046,8873
2.90999007225,8872
2.91255402565,8871
2.91471099854,8870
2.91597890854,8869
2.92164707184,8868
2.93245410919,8867
2.93309807777,8866
2.9352350235,8865
2.93833994865,8864
2.93958497047,8863
2.94621610641,8862
2.94855999947,8861
2.94953393936,8860
2.9542760849,8859
2.95486998558,8858
2.95561504364,8857
2.95624494553,8856
2.95730900764,8855
2.96109509468,8854
2.96295404434,8853
2.97122097015,8852
2.97173595428,8851
2.97252392769,8850
2.97619700432,8849
2.9780600071,8848
2.97909593582,8847
2.98024892807,8846
2.98094892502,8845
2.98487710953,8844
2.99035191536,8843
2.99098706245,8842
2.99409198761,8841
2.99517703056,8840
2.99625611305,8839
2.9968149662,8838
2.99819111824,8837
3.00011110306,8836
3.00188803673,8835
3.00244402885,8834
3.00318908691,8833
3.00684499741,8832
3.01100492477,8831
3.01230502129,8830
3.01320004463,8829
3.01414299011,8828
3.01481413841,8827
3.0215420723,8826
3.02289414406,8825
3.02533602715,8824
3.02662611008,8823
3.02709102631,8822
3.02753806114,8821
3.02837610245,8820
3.03568506241,8819
3.03666400909,8818
3.04072713852,8817
3.04368901253,8816
3.04461812973,8815
3.04519295692,8814
3.04751801491,8813
3.04923295975,8812
3.05077004433,8811
3.05495214462,8810
3.06022906303,8809
3.06164908409,8808
3.06844496727,8807
3.07710599899,8806
3.07808995247,8805
3.08046793938,8804
3.08163404465,8803
3.082062006,8802
3.08250808716,8801
3.08295893669,8800
3.0839009285,8799
3.08434200287,8798
3.08583402634,8797
3.08856201172,8796
3.09024310112,8795
3.090914011,8794
3.09159493446,8793
3.09422802925,8792
3.1000430584,8791
3.10049510002,8790
3.10387206078,8789
3.10480594635,8788
3.1058409214,8787
3.10897803307,8786
3.11365008354,8785
3.11563396454,8784
3.11750197411,8783
3.11832809448,8782
3.1260061264,8781
3.12826108932,8780
3.12941002846,8779
3.13445711136,8778
3.13663005829,8777
3.13723492622,8776
3.13841891289,8775
3.13888096809,8774
3.14002799988,8773
3.14079809189,8772
3.14157795906,8771
3.14579391479,8770
3.14828300476,8769
3.14890813828,8768
3.14970302582,8767
3.15016698837,8766
3.1525349617,8765
3.1536591053,8764
3.16203999519,8763
3.16658091545,8762
3.16763496399,8761
3.16941094398,8760
3.17553591728,8759
3.17603993416,8758
3.1771979332,8757
3.18192195892,8756
3.18379497528,8755
3.19061613083,8754
3.19341301918,8753
3.19556713104,8752
3.19601392746,8751
3.19794106483,8750
3.19941902161,8749
3.20336794853,8748
3.20896601677,8747
3.21021795273,8746
3.2132461071,8745
3.21410608292,8744
3.21588110924,8743
3.21722412109,8742
3.21962308884,8741
3.22158694267,8740
3.22253513336,8739
3.22339391708,8738
3.2238240242,8737
3.22483205795,8736
3.22563695908,8735
3.22890806198,8734
3.2320690155,8733
3.23319911957,8732
3.23525214195,8731
3.23726296425,8730
3.2396709919,8729
3.24063611031,8728
3.24151110649,8727
3.24306297302,8726
3.243475914,8725
3.25254511833,8724
3.25486111641,8723
3.25802612305,8722
3.25953006744,8721
3.26259708405,8720
3.26491808891,8719
3.26573991776,8718
3.26716995239,8717
3.26926994324,8716
3.2707130909,8715
3.27165102959,8714
3.27345991135,8713
3.27600598335,8712
3.27643203735,8711
3.27779603004,8710
3.27839994431,8709
3.28116703033,8708
3.28296399117,8707
3.28337597847,8706
3.28683495522,8705
3.28726911545,8704
3.28860712051,8703
3.28944206238,8702
3.29215097427,8701
3.2963321209,8700
3.30151510239,8699
3.30238509178,8698
3.31103396416,8697
3.31182193756,8696
3.31643104553,8695
3.31922793388,8694
3.32146406174,8693
3.32186794281,8692
3.32301497459,8691
3.32576608658,8690
3.32659506798,8689
3.32775306702,8688
3.33188891411,8687
3.33535695076,8686
3.33685302734,8685
3.337485075,8684
3.33815312386,8683
3.34026193619,8682
3.34742307663,8681
3.35336613655,8680
3.35471010208,8679
3.36025309563,8678
3.36163711548,8677
3.36734008789,8676
3.37286996841,8675
3.37590813637,8674
3.37636899948,8673
3.37717700005,8672
3.37901091576,8671
3.37996697426,8670
3.3809709549,8669
3.38546395302,8668
3.38804793358,8667
3.39423894882,8666
3.39568805695,8665
3.39696097374,8664
3.39859294891,8663
3.40018010139,8662
3.40113902092,8661
3.40264201164,8660
3.40375995636,8659
3.40474009514,8658
3.40551900864,8657
3.4116230011,8656
3.41236305237,8655
3.41320014,8654
3.41680908203,8653
3.4180431366,8652
3.42249798775,8651
3.42609596252,8650
3.42725491524,8649
3.43110108376,8648
3.43213891983,8647
3.4334089756,8646
3.43621993065,8645
3.44174098969,8644
3.44221401215,8643
3.44534397125,8642
3.44756603241,8641
3.45347905159,8640
3.45414996147,8639
3.45473003387,8638
3.45642113686,8637
3.45956206322,8636
3.46001911163,8635
3.46072697639,8634
3.46305012703,8633
3.46500992775,8632
3.46699404716,8631
3.46853613853,8630
3.46898698807,8629
3.47908592224,8628
3.48247313499,8627
3.48967909813,8626
3.49075102806,8625
3.49740099907,8624
3.50624608994,8623
3.50846505165,8622
3.51007199287,8621
3.51339507103,8620
3.51416301727,8619
3.51598906517,8618
3.52622008324,8617
3.53113293648,8616
3.53422999382,8615
3.5347340107,8614
3.54193210602,8613
3.54900813103,8612
3.54942107201,8611
3.55080103874,8610
3.5513920784,8609
3.55185508728,8608
3.55294013023,8607
3.5581240654,8606
3.55941605568,8605
3.56344103813,8604
3.56858897209,8603
3.56899809837,8602
3.57375693321,8601
3.58064603806,8600
3.58147192001,8599
3.58272004128,8598
3.58425807953,8597
3.58484911919,8596
3.58596396446,8595
3.58639001846,8594
3.58714413643,8593
3.60262703896,8592
3.60907101631,8591
3.61104011536,8590
3.61246013641,8589
3.61338996887,8588
3.61592197418,8587
3.61703014374,8586
3.62243008614,8585
3.62683701515,8584
3.62942409515,8583
3.63316392899,8582
3.63726496696,8581
3.63765192032,8580
3.63823914528,8579
3.63883209229,8578
3.63925790787,8577
3.64001011848,8576
3.64572691917,8575
3.6485209465,8574
3.65276002884,8573
3.6573369503,8572
3.65955710411,8571
3.66111707687,8570
3.66150403023,8569
3.66274213791,8568
3.6659040451,8567
3.66775608063,8566
3.66943311691,8565
3.67119193077,8564
3.67680907249,8563
3.67897295952,8562
3.68425607681,8561
3.68489909172,8560
3.68698811531,8559
3.68738913536,8558
3.68779110909,8557
3.68855500221,8556
3.69108510017,8555
3.69150900841,8554
3.69757294655,8553
3.69861006737,8552
3.7006509304,8551
3.70436692238,8550
3.70620894432,8549
3.70656204224,8548
3.71343302727,8547
3.71524596214,8546
3.71564793587,8545
3.71895098686,8544
3.72610998154,8543
3.72774910927,8542
3.74166512489,8541
3.74360013008,8540
3.7498190403,8539
3.75241613388,8538
3.75652503967,8537
3.76463198662,8536
3.76506590843,8535
3.76718592644,8534
3.76980304718,8533
3.77272701263,8532
3.78233003616,8531
3.78346300125,8530
3.78459811211,8529
3.78744506836,8528
3.7908539772,8527
3.79914999008,8526
3.80054998398,8525
3.80515408516,8524
3.80554699898,8523
3.80801105499,8522
3.81637096405,8521
3.82043600082,8520
3.83478713036,8519
3.83745408058,8518
3.83780908585,8517
3.84177708626,8516
3.84414410591,8515
3.84454703331,8514
3.8469440937,8513
3.84875297546,8512
3.84914302826,8511
3.84988498688,8510
3.85323810577,8509
3.85594296455,8508
3.85819005966,8507
3.86371397972,8506
3.86613106728,8505
3.86732912064,8504
3.8736770153,8503
3.88478398323,8502
3.88540697098,8501
3.88798904419,8500
3.8896291256,8499
3.89059591293,8498
3.89122796059,8497
3.89239597321,8496
3.89504694939,8495
3.89770793915,8494
3.91366410255,8493
3.91524791718,8492
3.91622900963,8491
3.91894602776,8490
3.91940307617,8489
3.92494392395,8488
3.92569804192,8487
3.93307805061,8486
3.93440008163,8485
3.94475102425,8484
3.94813799858,8483
3.94924807549,8482
3.9496409893,8481
3.95331811905,8480
3.95372200012,8479
3.95611691475,8478
3.9575009346,8477
3.95886111259,8476
3.96610307693,8475
3.96717905998,8474
3.96852207184,8473
3.97836112976,8472
3.98012399673,8471
3.98097705841,8470
3.99283409119,8469
3.99618005753,8468
4.00196099281,8467
4.00485801697,8466
4.00822496414,8465
4.01168608665,8464
4.01450395584,8463
4.01510190964,8462
4.01713514328,8461
4.01814103127,8460
4.01977300644,8459
4.02566409111,8458
4.03512310982,8457
4.03860497475,8456
4.04306507111,8455
4.04443502426,8454
4.0498149395,8453
4.05296707153,8452
4.05566501617,8451
4.0586180687,8450
4.05938506126,8449
4.06076312065,8448
4.06945610046,8447
4.07057094574,8446
4.07215213776,8445
4.07355594635,8444
4.0740070343,8443
4.08290410042,8442
4.0857629776,8441
4.08918905258,8440
4.09038114548,8439
4.09244799614,8438
4.09699010849,8437
4.10406398773,8436
4.10643601418,8435
4.10840392113,8434
4.11055612564,8433
4.11473608017,8432
4.1179869175,8431
4.12134814262,8430
4.12286710739,8429
4.12685513496,8428
4.13646006584,8427
4.13877701759,8426
4.14221191406,8425
4.14263892174,8424
4.14338207245,8423
4.14741110802,8422
4.14912009239,8421
4.14970803261,8420
4.15196990967,8419
4.15715003014,8418
4.15801811218,8417
4.15858101845,8416
4.16516494751,8415
4.16977405548,8414
4.17275905609,8413
4.17519593239,8412
4.17753601074,8411
4.1823489666,8410
4.18333005905,8409
4.18873810768,8408
4.19694805145,8407
4.19896292686,8406
4.20065903664,8405
4.20345401764,8404
4.21300292015,8403
4.2154519558,8402
4.22071504593,8401
4.22263503075,8400
4.22498393059,8399
4.24406194687,8398
4.24500012398,8397
4.24812602997,8396
4.24997210503,8395
4.25179004669,8394
4.25274014473,8393
4.26987695694,8392
4.2793469429,8391
4.28041100502,8390
4.28495192528,8389
4.29096508026,8388
4.29167103767,8387
4.29543805122,8386
4.29932904243,8385
4.30720496178,8384
4.30829405785,8383
4.31223607063,8382
4.31698703766,8381
4.31968307495,8380
4.32342791557,8379
4.32989907265,8378
4.33259606361,8377
4.33304309845,8376
4.33524298668,8375
4.33703804016,8374
4.33762001991,8373
4.34275698662,8372
4.35021495819,8371
4.35198998451,8370
4.3527109623,8369
4.35924005508,8368
4.36614394188,8367
4.37206697464,8366
4.37264204025,8365
4.3844730854,8364
4.39437198639,8363
4.39673304558,8362
4.40000009537,8361
4.40268397331,8360
4.40530109406,8359
4.41238594055,8358
4.41450095177,8357
4.42144012451,8356
4.42308497429,8355
4.42365694046,8354
4.42464900017,8353
4.43941903114,8352
4.43982291222,8351
4.4434709549,8350
4.44451403618,8349
4.45473408699,8348
4.45559501648,8347
4.45828604698,8346
4.45963811874,8345
4.46196699142,8344
4.46253991127,8343
4.46368312836,8342
4.46850991249,8341
4.47284412384,8340
4.47789502144,8339
4.48507714272,8338
4.48595094681,8337
4.48857092857,8336
4.49580907822,8335
4.49784302711,8334
4.4990670681,8333
4.50469303131,8332
4.50582814217,8331
4.51516008377,8330
4.51952505112,8329
4.52244400978,8328
4.52601003647,8327
4.53678202629,8326
4.53869509697,8325
4.5401570797,8324
4.54362106323,8323
4.55871891975,8322
4.56386208534,8321
4.56428909302,8320
4.56843400002,8319
4.56929802895,8318
4.57047796249,8317
4.57305192947,8316
4.5757830143,8315
4.5815141201,8314
4.58395910263,8313
4.58627104759,8312
4.59169697762,8311
4.5925590992,8310
4.59659600258,8309
4.59801101685,8308
4.59887599945,8307
4.59979200363,8306
4.60495996475,8305
4.61303210258,8304
4.61414194107,8303
4.61468911171,8302
4.61833810806,8301
4.62286496162,8300
4.62761497498,8299
4.62829113007,8298
4.62883090973,8297
4.63116908073,8296
4.64726495743,8295
4.66036009789,8294
4.66793298721,8293
4.67663311958,8292
4.68767905235,8291
4.68844008446,8290
4.69483399391,8289
4.6952791214,8288
4.70422410965,8287
4.71706295013,8286
4.72202205658,8285
4.723072052,8284
4.72639703751,8283
4.72783112526,8282
4.7318379879,8281
4.73406100273,8280
4.73841810226,8279
4.74004006386,8278
4.74327111244,8277
4.75195598602,8276
4.75351810455,8275
4.75520396233,8274
4.76177191734,8273
4.76321601868,8272
4.78018093109,8271
4.78272509575,8270
4.78777313232,8269
4.79530096054,8268
4.80003595352,8267
4.80043911934,8266
4.80643010139,8265
4.80961298943,8264
4.81865906715,8263
4.82042503357,8262
4.82138800621,8261
4.82463097572,8260
4.82612204552,8259
4.82838797569,8258
4.8289270401,8257
4.83616805077,8256
4.84584212303,8255
4.85000991821,8254
4.85146713257,8253
4.85318112373,8252
4.8535630703,8251
4.86001491547,8250
4.8652150631,8249
4.87335801125,8248
4.87389492989,8247
4.87676310539,8246
4.89006590843,8245
4.89303708076,8244
4.90952110291,8243
4.90991902351,8242
4.91030311584,8241
4.91185808182,8240
4.91256308556,8239
4.91446709633,8238
4.92536401749,8237
4.931235075,8236
4.94153213501,8235
4.94817399979,8234
4.95228600502,8233
4.95604014397,8232
4.95915198326,8231
4.96791505814,8230
4.97012495995,8229
4.97640800476,8228
4.9806470871,8227
4.98240995407,8226
4.98520898819,8225
4.98577213287,8224
4.99037504196,8223
4.99998307228,8222
5.00285196304,8221
5.01329493523,8220
5.01535105705,8219
5.02552604675,8218
5.02777600288,8217
5.04114294052,8216
5.04255795479,8215
5.0443239212,8214
5.04906105995,8213
5.05422592163,8212
5.06828904152,8211
5.07133793831,8210
5.07930707932,8209
5.09177803993,8208
5.09431695938,8207
5.09477305412,8206
5.11174607277,8205
5.1234600544,8204
5.14899206161,8203
5.15164208412,8202
5.15433502197,8201
5.15625095367,8200
5.15708994865,8199
5.16469192505,8198
5.16722393036,8197
5.17086696625,8196
5.18100500107,8195
5.20077013969,8194
5.20389604568,8193
5.20476198196,8192
5.2108271122,8191
5.211810112,8190
5.21266508102,8189
5.21313405037,8188
5.21930003166,8187
5.2199139595,8186
5.22317695618,8185
5.23329401016,8184
5.23542404175,8183
5.25266194344,8182
5.25690102577,8181
5.25758004189,8180
5.25918102264,8179
5.26130104065,8178
5.26371312141,8177
5.26510596275,8176
5.26987195015,8175
5.27878904343,8174
5.28848791122,8173
5.29594111443,8172
5.30539107323,8171
5.32308197021,8170
5.3290719986,8169
5.33056592941,8168
5.35090303421,8167
5.35959506035,8166
5.36524510384,8165
5.36860013008,8164
5.37500405312,8163
5.38023591042,8162
5.38085508347,8161
5.38532209396,8160
5.38635993004,8159
5.38972401619,8158
5.40957212448,8157
5.4139289856,8156
5.4167470932,8155
5.42053103447,8154
5.42535400391,8153
5.43512701988,8152
5.43600893021,8151
5.45023107529,8150
5.46198105812,8149
5.46410012245,8148
5.46483397484,8147
5.46728897095,8146
5.46895694733,8145
5.47104310989,8144
5.47357201576,8143
5.47729897499,8142
5.48452806473,8141
5.4863049984,8140
5.49495410919,8139
5.51065802574,8138
5.51696610451,8137
5.52757692337,8136
5.56070208549,8135
5.56633210182,8134
5.57403492928,8133
5.57714796066,8132
5.58745598793,8131
5.5879919529,8130
5.59147500992,8129
5.5929350853,8128
5.5937371254,8127
5.59742093086,8126
5.60680603981,8125
5.60734391212,8124
5.62596201897,8123
5.62700796127,8122
5.63950896263,8121
5.64508700371,8120
5.6577270031,8119
5.66209697723,8118
5.67156195641,8117
5.67661714554,8116
5.6816740036,8115
5.68487691879,8114
5.69158792496,8113
5.69954895973,8112
5.71394395828,8111
5.71462011337,8110
5.72061300278,8109
5.72150802612,8108
5.72210597992,8107
5.73287296295,8106
5.73493504524,8105
5.74410295486,8104
5.75277209282,8103
5.77910494804,8102
5.78182411194,8101
5.80511593819,8100
5.81124305725,8099
5.81964802742,8098
5.83720803261,8097
5.83965301514,8096
5.86144709587,8095
5.86555194855,8094
5.87452292442,8093
5.87541913986,8092
5.88070511818,8091
5.88825798035,8090
5.8965280056,8089
5.90155696869,8088
5.90261101723,8087
5.90300393105,8086
5.90930104256,8085
5.91474914551,8084
5.91671991348,8083
5.92997813225,8082
5.93796396255,8081
5.93893098831,8080
5.95057702065,8079
5.97347903252,8078
5.97449398041,8077
5.98017501831,8076
5.98760294914,8075
5.98827695847,8074
5.99906206131,8073
6.00138092041,8072
6.00753307343,8071
6.01759600639,8070
6.02091312408,8069
6.03712511063,8068
6.04219293594,8067
6.04308700562,8066
6.04626703262,8065
6.05120897293,8064
6.05382394791,8063
6.06074810028,8062
6.07968592644,8061
6.08337306976,8060
6.09153413773,8059
6.09267711639,8058
6.09955000877,8057
6.11548995972,8056
6.12543106079,8055
6.12586593628,8054
6.12697410583,8053
6.13490200043,8052
6.13561892509,8051
6.1427090168,8050
6.14639997482,8049
6.14806103706,8048
6.15073800087,8047
6.15778112411,8046
6.16053295135,8045
6.16767406464,8044
6.18477201462,8043
6.18552613258,8042
6.20254898071,8041
6.20493912697,8040
6.24361014366,8039
6.24424505234,8038
6.24681091309,8037
6.25661706924,8036
6.27441906929,8035
6.28126001358,8034
6.28999209404,8033
6.29702711105,8032
6.30025696754,8031
6.31668305397,8030
6.31735396385,8029
6.32943201065,8028
6.33028006554,8027
6.33825111389,8026
6.34009814262,8025
6.36183905602,8024
6.36548614502,8023
6.39251613617,8022
6.39608001709,8021
6.39847898483,8020
6.43205809593,8019
6.44734096527,8018
6.46098613739,8017
6.46838092804,8016
6.47764205933,8015
6.48442602158,8014
6.48544192314,8013
6.4881939888,8012
6.50838804245,8011
6.5193169117,8010
6.5358080864,8009
6.53754496574,8008
6.54822897911,8007
6.55465912819,8006
6.56375813484,8005
6.5913040638,8004
6.59190702438,8003
6.61617612839,8002
6.6308350563,8001
6.64544391632,8000
6.64817690849,7999
6.65012598038,7998
6.65834093094,7997
6.6619489193,7996
6.66389203072,7995
6.66752099991,7994
6.68643498421,7993
6.69862604141,7992
6.7096221447,7991
6.72025513649,7990
6.72431492805,7989
6.73705601692,7988
6.7748799324,7987
6.77739596367,7986
6.79017496109,7985
6.79282093048,7984
6.79761004448,7983
6.80452299118,7982
6.81060409546,7981
6.81220698357,7980
6.81609106064,7979
6.81985592842,7978
6.82939505577,7977
6.83829092979,7976
6.86494207382,7975
6.87090802193,7974
6.87310194969,7973
6.87606406212,7972
6.89487504959,7971
6.90017294884,7970
6.90179300308,7969
6.90738892555,7968
6.91547513008,7967
6.91604995728,7966
6.93984007835,7965
6.996778965,7964
6.99914002419,7963
7.00512099266,7962
7.0262169838,7961
7.03878712654,7960
7.04434394836,7959
7.06675004959,7958
7.07124996185,7957
7.07301211357,7956
7.08512997627,7955
7.1014111042,7954
7.11705493927,7953
7.12343001366,7952
7.16329693794,7951
7.17738294601,7950
7.19088506699,7949
7.19736504555,7948
7.20150899887,7947
7.22440004349,7946
7.22478604317,7945
7.23328709602,7944
7.23506402969,7943
7.24973106384,7942
7.25222802162,7941
7.25630497932,7940
7.31465601921,7939
7.31696391106,7938
7.31945800781,7937
7.33899307251,7936
7.35214114189,7935
7.35789704323,7934
7.36135292053,7933
7.37152910233,7932
7.39694714546,7931
7.40906310081,7930
7.41118311882,7929
7.4180021286,7928
7.43656992912,7927
7.44008994102,7926
7.44755101204,7925
7.44981813431,7924
7.45092105865,7923
7.452283144,7922
7.46107411385,7921
7.47379493713,7920
7.47863101959,7919
7.48495793343,7918
7.49033594131,7917
7.5005300045,7916
7.51207208633,7915
7.51535701752,7914
7.51644301414,7913
7.52731204033,7912
7.53873610497,7911
7.54289793968,7910
7.54375004768,7909
7.56926298141,7908
7.58044910431,7907
7.58133196831,7906
7.58659005165,7905
7.59966993332,7904
7.60887312889,7903
7.62705111504,7902
7.6312661171,7901
7.63775205612,7900
7.63938593864,7899
7.64196801186,7898
7.64985013008,7897
7.65387296677,7896
7.65472197533,7895
7.66588807106,7894
7.68330001831,7893
7.68763899803,7892
7.69857192039,7891
7.70280194283,7890
7.7031879425,7889
7.71237707138,7888
7.71361708641,7887
7.73236608505,7886
7.74038100243,7885
7.75256705284,7884
7.77277612686,7883
7.80873203278,7882
7.82636499405,7881
7.82673811913,7880
7.84006404877,7879
7.84149909019,7878
7.84996795654,7877
7.85605192184,7876
7.87438392639,7875
7.88107013702,7874
7.89484500885,7873
7.89834213257,7872
7.91281104088,7871
7.91817903519,7870
7.92871212959,7869
7.93072509766,7868
7.9384701252,7867
7.94331908226,7866
7.94576406479,7865
7.94760394096,7864
7.94847297668,7863
7.97685313225,7862
7.97743296623,7861
7.98545908928,7860
8.00416612625,7859
8.02311110497,7858
8.02553701401,7857
8.04212713242,7856
8.05945205688,7855
8.06369400024,7854
8.07799196243,7853
8.08100795746,7852
8.08256292343,7851
8.08628797531,7850
8.08724212646,7849
8.10203194618,7848
8.11213612556,7847
8.11744403839,7846
8.12926506996,7845
8.14441895485,7844
8.15117001534,7843
8.16753911972,7842
8.25706410408,7841
8.26334500313,7840
8.26731610298,7839
8.27353405952,7838
8.30904507637,7837
8.31137895584,7836
8.32801103592,7835
8.391258955,7834
8.39283394814,7833
8.40965199471,7832
8.41006493568,7831
8.42291903496,7830
8.43194293976,7829
8.44973397255,7828
8.45278310776,7827
8.45434212685,7826
8.47245192528,7825
8.49615192413,7824
8.50817394257,7823
8.51701807976,7822
8.54965209961,7821
8.56551814079,7820
8.59409713745,7819
8.59868001938,7818
8.60171508789,7817
8.61645197868,7816
8.63244605064,7815
8.63635110855,7814
8.63879299164,7813
8.65337991714,7812
8.68758010864,7811
8.69111800194,7810
8.70822811127,7809
8.7177400589,7808
8.72682595253,7807
8.72813105583,7806
8.74057912827,7805
8.77088713646,7804
8.83985209465,7803
8.84119606018,7802
8.88850998878,7801
8.88885903358,7800
8.89903998375,7799
8.9173951149,7798
8.9273481369,7797
8.94652700424,7796
8.95930099487,7795
8.99288105965,7794
8.9937620163,7793
8.9957139492,7792
8.99694800377,7791
9.01316905022,7790
9.0170340538,7789
9.03877902031,7788
9.04823708534,7787
9.04862594604,7786
9.08166599274,7785
9.09198093414,7784
9.12013792992,7783
9.15362095833,7782
9.16909599304,7781
9.20097899437,7780
9.21740293503,7779
9.22637104988,7778
9.22828006744,7777
9.24297714233,7776
9.25076007843,7775
9.25894904137,7774
9.27449011803,7773
9.33130908012,7772
9.33558011055,7771
9.3577170372,7770
9.42001605034,7769
9.42345404625,7768
9.45720911026,7767
9.53143310547,7766
9.54264807701,7765
9.54376006126,7764
9.54680609703,7763
9.61489605904,7762
9.64051008224,7761
9.64240312576,7760
9.67316603661,7759
9.78504991531,7758
9.80470514297,7757
9.82529592514,7756
9.84874391556,7755
9.85656309128,7754
9.85944890976,7753
9.8827791214,7752
9.91053295135,7751
9.92711496353,7750
9.93496608734,7749
9.94241714478,7748
9.98749113083,7747
9.98787903786,7746
10.0229699612,7745
10.0288300514,7744
10.0291991234,7743
10.0661129951,7742
10.066642046,7741
10.0740511417,7740
10.0761549473,7739
10.1012220383,7738
10.1134860516,7737
10.1371889114,7736
10.1663649082,7735
10.1728689671,7734
10.1973941326,7733
10.2620129585,7732
10.2915511131,7731
10.2997360229,7730
10.3101201057,7729
10.3935909271,7728
10.4331269264,7727
10.6210110188,7726
10.6724641323,7725
10.674145937,7724
10.7144401073,7723
10.7418789864,7722
10.7516491413,7721
10.7870090008,7720
10.8018810749,7719
10.8199720383,7718
10.8486700058,7717
10.8773629665,7716
10.8784940243,7715
10.8843779564,7714
10.9131820202,7713
10.9591910839,7712
10.999876976,7711
11.0349779129,7710
11.0387411118,7709
11.1267020702,7708
11.1296861172,7707
11.1624081135,7706
11.1656939983,7705
11.1752829552,7704
11.1906449795,7703
11.2065889835,7702
11.2281589508,7701
11.2462670803,7700
11.313947916,7699
11.3420660496,7698
11.3428900242,7697
11.3727030754,7696
11.4566681385,7695
11.4674890041,7694
11.4858529568,7693
11.4893059731,7692
11.4938890934,7691
11.5168709755,7690
11.569961071,7689
11.6447219849,7688
11.6540870667,7687
11.7215099335,7686
11.7261629105,7685
11.7601101398,7684
11.8489019871,7683
11.9675741196,7682
12.0891160965,7681
12.196228981,7680
12.2521290779,7679
12.2826509476,7678
12.2880780697,7677
12.3068010807,7676
12.3150210381,7675
12.3276760578,7674
12.4837751389,7673
12.5030219555,7672
12.5752279758,7671
12.6534669399,7670
12.6543989182,7669
12.6691861153,7668
12.6959879398,7667
12.8167219162,7666
12.821737051,7665
12.8727009296,7664
12.9576411247,7663
13.2051670551,7662
13.2641730309,7661
13.3021910191,7660
13.3072829247,7659
13.3115940094,7658
13.3387010098,7657
13.3565750122,7656
13.3810169697,7655
13.3830649853,7654
13.4225590229,7653
13.4256579876,7652
13.4614441395,7651
13.4904839993,7650
13.5751929283,7649
13.7104659081,7648
13.8128919601,7647
13.8735260963,7646
13.8802230358,7645
13.889756918,7644
14.0255601406,7643
14.2368159294,7642
14.3043861389,7641
14.4227230549,7640
14.4357850552,7639
14.4493091106,7638
14.4982469082,7637
14.7695410252,7636
14.8424899578,7635
14.947576046,7634
15.0460450649,7633
15.1305091381,7632
15.2056560516,7631
15.2796211243,7630
15.3024830818,7629
15.380521059,7628
15.4245650768,7627
15.507969141,7626
15.5540750027,7625
15.5795309544,7624
15.6803100109,7623
15.7683990002,7622
15.8953809738,7621
15.9026539326,7620
15.9148509502,7619
15.9166281223,7618
15.9340839386,7617
15.9564220905,7616
16.0025210381,7615
16.035048008,7614
16.0823640823,7613
16.2513070107,7612
16.3982400894,7611
16.4818439484,7610
16.4878599644,7609
16.5762219429,7608
16.577819109,7607
16.6124229431,7606
16.6309900284,7605
16.8436031342,7604
17.1064300537,7603
17.2533080578,7602
17.3454909325,7601
17.3550050259,7600
17.4739000797,7599
17.6973340511,7598
17.8205740452,7597
17.8322949409,7596
17.9912590981,7595
18.0806269646,7594
18.0946359634,7593
18.0993881226,7592
18.142209053,7591
18.1607019901,7590
18.1953699589,7589
18.3174180984,7588
18.752352953,7587
18.7910120487,7586
18.9591219425,7585
19.1533899307,7584
19.4046001434,7583
19.5453190804,7582
19.8002259731,7581
19.8688430786,7580
19.9550790787,7579
20.3250770569,7578
20.4385859966,7577
33.1454529762,7576
33.2798969746,7575
33.2909889221,7574
33.5558140278,7573
33.745552063,7572
33.911413908,7571
34.6706860065,7570
34.8898789883,7569
35.0832419395,7568
35.0895049572,7567
35.3712329865,7566
35.6867539883,7565
35.9616720676,7564
36.4638230801,7563
36.5299940109,7562
37.7995040417,7561
39.9007840157,7560
40.1136040688,7559
54.6506979465,7558
54.7021050453,7557
54.9317479134,7556
55.7523620129,7555
56.1637530327,7554
56.7800581455,7553
56.8328139782,7552
57.9378471375,7551
58.0799090862,7550
58.1432800293,7549
58.1865561008,7548
59.6575069427,7547
60.035269022,7546
60.5273900032,7545
61.0727870464,7544
74.4849300385,7543
74.7374300957,7542
75.0358300209,7541
75.3997819424,7540
75.7102279663,7539
76.6632649899,7538
77.7876310349,7537
77.8211500645,7536
78.7247691154,7535
80.2176320553,7534
80.2912979126,7533
80.5021469593,7532
81.1569569111,7531
81.300786972,7530
81.3978900909,7529
82.4516680241,7528
82.5120229721,7527
100.16958499,7526
100.204553127,7525
100.32737112,7524
101.189058065,7523
101.492557049,7522
101.583873034,7521
101.882605076,7520
102.086209059,7519
102.498310089,7518
103.35105896,7517
120.370898008,7516
120.746396065,7515
121.771840096,7514
122.862149954,7513
122.927401066,7512
123.195598125,7511
123.222723961,7510
136.966365099,7509
137.772674084,7508
137.801392078,7507
137.809540987,7506
138.425063133,7505
139.502583981,7504
139.74950099,7503
140.142940044,7502
141.377907991,7501
143.788357973,7500
160.025274038,7499
160.449521065,7498
163.761198997,7497
163.819968939,7496
164.050868988,7495
184.858333111,7494
186.104874134,7493
186.165678024,7492
202.313812017,7491
202.41210103,7490
203.693747997,7489
205.949607134,7488
207.728779078,7487
208.304497004,7486
208.460665941,7485
208.734730005,7484
208.985072136,7483
223.206053019,7482
223.378919125,7481
223.967450142,7480
225.947432995,7479
228.50236392,7478
229.488713026,7477
229.632143021,7476
230.946079969,7475
245.839698076,7474
246.800745964,7473
246.915700912,7472
247.004719019,7471
247.032514095,7470
247.690500021,7469
248.03707099,7468
248.870970964,7467
249.155112028,7466
249.62589407,7465
250.033517122,7464
270.005154133,7463
270.348984957,7462
291.674634933,7461
333.260586977,7460
334.876531124,7459
350.795088053,7458
350.831352949,7457
351.124789953,7456
351.573838949,7455
351.639209032,7454
353.414875031,7453
355.734584093,7452
358.07723403,7451
379.716187,7450
399.957427025,7449
400.154742002,7448
402.251899958,7447
403.708101034,7446
420.221274137,7445
424.450268984,7444
438.055585146,7443
438.170978069,7442
438.676028967,7441
440.00652194,7440
440.526973963,7439
440.765406132,7438
443.558373928,7437
