0.092052936554,11022
0.0932340621948,11021
0.0938611030579,11020
0.094831943512,11019
0.0958781242371,11018
0.0967531204224,11017
0.0976259708405,11016
0.0984990596771,11015
0.0991079807281,11014
0.0997660160065,11013
0.100327968597,11012
0.100821971893,11011
0.101629972458,11010
0.102160930634,11009
0.102826118469,11008
0.103305101395,11007
0.10381603241,11006
0.104635953903,11005
0.105463027954,11004
0.106383085251,11003
0.107644081116,11002
0.108458042145,11001
0.109293937683,11000
0.110810995102,10999
0.11198091507,10998
0.112679004669,10997
0.113410949707,10996
0.113996982574,10995
0.114773035049,10994
0.115539073944,10993
0.116322040558,10992
0.117275953293,10991
0.118209123611,10990
0.1190969944,10989
0.119817018509,10988
0.121315956116,10987
0.121908903122,10986
0.122386932373,10985
0.122951030731,10984
0.123956918716,10983
0.124514102936,10982
0.125231981277,10981
0.126055002213,10980
0.126740932465,10979
0.127959012985,10978
0.129776000977,10977
0.130697965622,10976
0.131617069244,10975
0.132354021072,10974
0.13307094574,10973
0.133999109268,10972
0.13498711586,10971
0.135741949081,10970
0.136822938919,10969
0.137737035751,10968
0.138684034348,10967
0.139506101608,10966
0.140387058258,10965
0.14109992981,10964
0.141541957855,10963
0.142230987549,10962
0.142915010452,10961
0.143486022949,10960
0.143995046616,10959
0.14472413063,10958
0.145347118378,10957
0.146208047867,10956
0.146853923798,10955
0.147753000259,10954
0.148247003555,10953
0.148708105087,10952
0.149119138718,10951
0.149924993515,10950
0.150419950485,10949
0.15120100975,10948
0.152100086212,10947
0.15282702446,10946
0.153376102448,10945
0.153866052628,10944
0.1543841362,10943
0.154886960983,10942
0.155580997467,10941
0.15625,10940
0.156666994095,10939
0.157341003418,10938
0.157763004303,10937
0.158606052399,10936
0.159088134766,10935
0.160172939301,10934
0.160573959351,10933
0.161427021027,10932
0.162071943283,10931
0.162557125092,10930
0.163034915924,10929
0.163739919662,10928
0.16425204277,10927
0.16508102417,10926
0.165566921234,10925
0.166404008865,10924
0.167058944702,10923
0.167827129364,10922
0.168471097946,10921
0.16897892952,10920
0.169495105743,10919
0.169925928116,10918
0.170799016953,10917
0.171421051025,10916
0.171929121017,10915
0.172737121582,10914
0.173520088196,10913
0.174309015274,10912
0.174806118011,10911
0.175221920013,10910
0.176136016846,10909
0.176777124405,10908
0.177504062653,10907
0.177906036377,10906
0.178355932236,10905
0.178833007812,10904
0.179269075394,10903
0.180098056793,10902
0.180819034576,10901
0.181679964066,10900
0.182467937469,10899
0.182950019836,10898
0.183367967606,10897
0.184843063354,10896
0.185714006424,10895
0.186234951019,10894
0.186778068542,10893
0.187838077545,10892
0.188308000565,10891
0.189429044724,10890
0.189898014069,10889
0.190583944321,10888
0.191090106964,10887
0.191816091537,10886
0.192238092422,10885
0.19306397438,10884
0.193763017654,10883
0.194488048553,10882
0.19497013092,10881
0.195379972458,10880
0.196006059647,10879
0.196625947952,10878
0.197134017944,10877
0.197650909424,10876
0.198741912842,10875
0.200138092041,10874
0.201044082642,10873
0.201476097107,10872
0.202070951462,10871
0.202930927277,10870
0.203464031219,10869
0.203891038895,10868
0.204405069351,10867
0.205231904984,10866
0.205663919449,10865
0.206140995026,10864
0.20692896843,10863
0.207735061646,10862
0.208224058151,10861
0.209145069122,10860
0.20955491066,10859
0.210050106049,10858
0.210978031158,10857
0.211479902267,10856
0.212204933167,10855
0.213015079498,10854
0.213760137558,10853
0.214498996735,10852
0.215271949768,10851
0.216067075729,10850
0.216839075089,10849
0.218248128891,10848
0.219731092453,10847
0.220417022705,10846
0.221061944962,10845
0.221775054932,10844
0.223057985306,10843
0.223658084869,10842
0.224513053894,10841
0.225784063339,10840
0.227006912231,10839
0.229485034943,10838
0.230505943298,10837
0.23145699501,10836
0.231892108917,10835
0.232403039932,10834
0.233321905136,10833
0.234632015228,10832
0.235419988632,10831
0.236170053482,10830
0.236997127533,10829
0.237800121307,10828
0.238476991653,10827
0.239748001099,10826
0.240222930908,10825
0.241092920303,10824
0.241518974304,10823
0.242134094238,10822
0.242605924606,10821
0.243298053741,10820
0.244000911713,10819
0.245989084244,10818
0.24676990509,10817
0.247246026993,10816
0.247725009918,10815
0.248357057571,10814
0.249056100845,10813
0.249840974808,10812
0.25035905838,10811
0.250808000565,10810
0.251469135284,10809
0.252061128616,10808
0.253364086151,10807
0.254120111465,10806
0.254606962204,10805
0.255033969879,10804
0.256031990051,10803
0.25670003891,10802
0.257169008255,10801
0.258338928223,10800
0.259083986282,10799
0.259520053864,10798
0.260257959366,10797
0.260740041733,10796
0.261471986771,10795
0.26195192337,10794
0.262619972229,10793
0.263364076614,10792
0.264218091965,10791
0.265100002289,10790
0.265902996063,10789
0.266330003738,10788
0.267240047455,10787
0.268028974533,10786
0.268508911133,10785
0.268997907639,10784
0.26950097084,10783
0.270362138748,10782
0.271193981171,10781
0.271685123444,10780
0.272119045258,10779
0.272666931152,10778
0.273149967194,10777
0.274019956589,10776
0.274478912354,10775
0.275083065033,10774
0.276073932648,10773
0.276735067368,10772
0.277190923691,10771
0.277908086777,10770
0.279846906662,10769
0.280328989029,10768
0.281090021133,10767
0.281620979309,10766
0.282201051712,10765
0.283447980881,10764
0.284328937531,10763
0.284809112549,10762
0.285649061203,10761
0.286546945572,10760
0.287533998489,10759
0.288033008575,10758
0.289241075516,10757
0.289969921112,10756
0.290394067764,10755
0.290884017944,10754
0.291697025299,10753
0.292474985123,10752
0.293323993683,10751
0.294003009796,10750
0.294891119003,10749
0.295768022537,10748
0.296307086945,10747
0.296806097031,10746
0.297258138657,10745
0.298114061356,10744
0.29860496521,10743
0.299814939499,10742
0.300300121307,10741
0.301713943481,10740
0.302215099335,10739
0.302706003189,10738
0.303550958633,10737
0.303977966309,10736
0.304479122162,10735
0.305334091187,10734
0.305773019791,10733
0.306939125061,10732
0.307593107224,10731
0.308210134506,10730
0.308716058731,10729
0.309741973877,10728
0.310557126999,10727
0.311825037003,10726
0.312447071075,10725
0.313769102097,10724
0.314518928528,10723
0.314986944199,10722
0.315459012985,10721
0.315948963165,10720
0.316376924515,10719
0.317434072495,10718
0.318242073059,10717
0.318713903427,10716
0.319194078445,10715
0.320138931274,10714
0.321595907211,10713
0.322142124176,10712
0.322747945786,10711
0.323521137238,10710
0.324388027191,10709
0.324953079224,10708
0.325650930405,10707
0.326105117798,10706
0.326543092728,10705
0.32719707489,10704
0.328001022339,10703
0.329304933548,10702
0.330791950226,10701
0.331686019897,10700
0.332580089569,10699
0.333322048187,10698
0.334057092667,10697
0.334645032883,10696
0.335168123245,10695
0.335863113403,10694
0.336719036102,10693
0.338228940964,10692
0.338690042496,10691
0.33918595314,10690
0.340111970901,10689
0.340794086456,10688
0.34126996994,10687
0.341737031937,10686
0.342586040497,10685
0.344110012054,10684
0.345221042633,10683
0.346192121506,10682
0.346645116806,10681
0.347552061081,10680
0.348205089569,10679
0.348695993423,10678
0.349318027496,10677
0.349771976471,10676
0.35076212883,10675
0.351763010025,10674
0.352661132812,10673
0.353464126587,10672
0.354577064514,10671
0.355348110199,10670
0.356430053711,10669
0.356909990311,10668
0.357605934143,10667
0.358317136765,10666
0.358761072159,10665
0.359461069107,10664
0.361057043076,10663
0.362577915192,10662
0.363306999207,10661
0.36398601532,10660
0.36528801918,10659
0.365953922272,10658
0.367118120193,10657
0.367715120316,10656
0.368214130402,10655
0.368916988373,10654
0.369396924973,10653
0.370575904846,10652
0.371688127518,10651
0.373326063156,10650
0.373750925064,10649
0.37422990799,10648
0.374696016312,10647
0.375097990036,10646
0.375560998917,10645
0.376729011536,10644
0.377533912659,10643
0.378314971924,10642
0.379310131073,10641
0.379833936691,10640
0.381230115891,10639
0.381916999817,10638
0.382430076599,10637
0.383645057678,10636
0.385396003723,10635
0.386189937592,10634
0.387028932571,10633
0.387460947037,10632
0.387861013412,10631
0.388463973999,10630
0.389163017273,10629
0.390352964401,10628
0.390819072723,10627
0.391257047653,10626
0.392040014267,10625
0.39302611351,10624
0.393441915512,10623
0.394117116928,10622
0.394774913788,10621
0.395422935486,10620
0.397161960602,10619
0.397596120834,10618
0.398574113846,10617
0.399061918259,10616
0.400273084641,10615
0.400927066803,10614
0.401351928711,10613
0.40201997757,10612
0.402585029602,10611
0.403060913086,10610
0.404112100601,10609
0.40459895134,10608
0.405421972275,10607
0.405859947205,10606
0.406503915787,10605
0.407479047775,10604
0.408715963364,10603
0.40919303894,10602
0.409883022308,10601
0.410362958908,10600
0.410833120346,10599
0.412282943726,10598
0.412759065628,10597
0.413561105728,10596
0.414364099503,10595
0.414834976196,10594
0.415719985962,10593
0.41677904129,10592
0.417271137238,10591
0.418131113052,10590
0.419635057449,10589
0.420428037643,10588
0.420920133591,10587
0.421772956848,10586
0.422521114349,10585
0.423130989075,10584
0.423562049866,10583
0.424586057663,10582
0.427200078964,10581
0.427725076675,10580
0.42999792099,10579
0.430871963501,10578
0.433001041412,10577
0.433605909348,10576
0.434515953064,10575
0.435040950775,10574
0.435929059982,10573
0.436593055725,10572
0.437031984329,10571
0.43753194809,10570
0.438350915909,10569
0.438851118088,10568
0.439501047134,10567
0.439986944199,10566
0.440459012985,10565
0.441518068314,10564
0.442138910294,10563
0.444226980209,10562
0.444858074188,10561
0.445338010788,10560
0.445766925812,10559
0.44629406929,10558
0.446974039078,10557
0.448225975037,10556
0.452028989792,10555
0.452924013138,10554
0.453404903412,10553
0.454831123352,10552
0.455543041229,10551
0.456144094467,10550
0.456741094589,10549
0.457263946533,10548
0.457889080048,10547
0.458396911621,10546
0.458795070648,10545
0.459270000458,10544
0.45975112915,10543
0.460217952728,10542
0.461462974548,10541
0.463123083115,10540
0.463562965393,10539
0.464298963547,10538
0.464751958847,10537
0.465855121613,10536
0.466780900955,10535
0.46746301651,10534
0.467929124832,10533
0.469208955765,10532
0.470072031021,10531
0.472388982773,10530
0.47322010994,10529
0.474195957184,10528
0.474893093109,10527
0.475358963013,10526
0.476047039032,10525
0.476543903351,10524
0.478323936462,10523
0.479130029678,10522
0.479762077332,10521
0.480237960815,10520
0.481051921844,10519
0.481667041779,10518
0.482518911362,10517
0.484344005585,10516
0.485475063324,10515
0.486040115356,10514
0.486535072327,10513
0.487385988235,10512
0.487778902054,10511
0.488615036011,10510
0.489674091339,10509
0.490835905075,10508
0.491703033447,10507
0.492423057556,10506
0.493212938309,10505
0.493628978729,10504
0.494115114212,10503
0.495506048203,10502
0.495916128159,10501
0.49644112587,10500
0.496961116791,10499
0.497527122498,10498
0.498034954071,10497
0.49950003624,10496
0.50035405159,10495
0.501042127609,10494
0.501538038254,10493
0.502398014069,10492
0.503817081451,10491
0.504321098328,10490
0.505684137344,10489
0.506418943405,10488
0.506927013397,10487
0.509952068329,10486
0.510721921921,10485
0.511528015137,10484
0.512023925781,10483
0.513104915619,10482
0.514667034149,10481
0.51518201828,10480
0.515950918198,10479
0.517041921616,10478
0.518378973007,10477
0.519436120987,10476
0.520254135132,10475
0.521147012711,10474
0.521584033966,10473
0.522129058838,10472
0.52326798439,10471
0.523988962173,10470
0.525360107422,10469
0.526262044907,10468
0.526766061783,10467
0.528692007065,10466
0.529592990875,10465
0.532100915909,10464
0.534735918045,10463
0.536327123642,10462
0.537060976028,10461
0.538661956787,10460
0.53933095932,10459
0.540182113647,10458
0.541516065598,10457
0.542094945908,10456
0.543465137482,10455
0.54416513443,10454
0.546641111374,10453
0.548182964325,10452
0.548702955246,10451
0.549391031265,10450
0.550121068954,10449
0.550960063934,10448
0.551679134369,10447
0.553301095963,10446
0.553770065308,10445
0.55494594574,10444
0.555752038956,10443
0.556270122528,10442
0.556757926941,10441
0.557672023773,10440
0.558342933655,10439
0.559520959854,10438
0.56001496315,10437
0.561697006226,10436
0.563350915909,10435
0.563857078552,10434
0.564321994781,10433
0.564809083939,10432
0.565629005432,10431
0.566163063049,10430
0.567596912384,10429
0.568499088287,10428
0.569922924042,10427
0.570405006409,10426
0.571706056595,10425
0.572647094727,10424
0.573142051697,10423
0.573945045471,10422
0.577402114868,10421
0.58025097847,10420
0.582571029663,10419
0.583060026169,10418
0.583746910095,10417
0.58479309082,10416
0.585817098618,10415
0.586342096329,10414
0.586842060089,10413
0.587739944458,10412
0.588135004044,10411
0.588616132736,10410
0.590451955795,10409
0.590950012207,10408
0.591686010361,10407
0.592850923538,10406
0.59335398674,10405
0.594178915024,10404
0.595544099808,10403
0.596030950546,10402
0.596895933151,10401
0.598388910294,10400
0.600117921829,10399
0.60063791275,10398
0.601090908051,10397
0.604059934616,10396
0.604939937592,10395
0.606305122375,10394
0.606949090958,10393
0.60789513588,10392
0.608412027359,10391
0.609616994858,10390
0.610173940659,10389
0.6106300354,10388
0.611328125,10387
0.61181807518,10386
0.613141059875,10385
0.613932132721,10384
0.614629030228,10383
0.6165599823,10382
0.61735701561,10381
0.617998123169,10380
0.618926048279,10379
0.620345115662,10378
0.621052980423,10377
0.621798992157,10376
0.622462034225,10375
0.623479127884,10374
0.624758958817,10373
0.625437021255,10372
0.62611913681,10371
0.626959085464,10370
0.62761092186,10369
0.629118919373,10368
0.630522012711,10367
0.631685018539,10366
0.632962942123,10365
0.634164094925,10364
0.634984970093,10363
0.636687994003,10362
0.637855052948,10361
0.638782978058,10360
0.639183044434,10359
0.639814138412,10358
0.641160964966,10357
0.641837120056,10356
0.64267206192,10355
0.643759012222,10354
0.645471096039,10353
0.646871089935,10352
0.648384094238,10351
0.649684906006,10350
0.650890111923,10349
0.652198076248,10348
0.653335094452,10347
0.654664993286,10346
0.655179977417,10345
0.655751943588,10344
0.656538963318,10343
0.658323049545,10342
0.659291028976,10341
0.660062074661,10340
0.660535097122,10339
0.66123008728,10338
0.66305398941,10337
0.663932085037,10336
0.664418935776,10335
0.664998054504,10334
0.665453910828,10333
0.66591501236,10332
0.667053937912,10331
0.668550014496,10330
0.669429063797,10329
0.669946908951,10328
0.671807050705,10327
0.672220945358,10326
0.67308306694,10325
0.673571109772,10324
0.675163030624,10323
0.675673007965,10322
0.676186084747,10321
0.676824092865,10320
0.678904056549,10319
0.679511070251,10318
0.68005490303,10317
0.682239055634,10316
0.682960033417,10315
0.683422088623,10314
0.684195995331,10313
0.685256004333,10312
0.686834096909,10311
0.687719106674,10310
0.688408136368,10309
0.688872098923,10308
0.689567089081,10307
0.69008398056,10306
0.691937923431,10305
0.692466974258,10304
0.69296002388,10303
0.693483114243,10302
0.695285081863,10301
0.695775985718,10300
0.698837041855,10299
0.699321985245,10298
0.700262069702,10297
0.701831102371,10296
0.702255964279,10295
0.703747034073,10294
0.704231023788,10293
0.705070972443,10292
0.706248998642,10291
0.707108974457,10290
0.707566976547,10289
0.7082259655,10288
0.709083080292,10287
0.70957493782,10286
0.710866928101,10285
0.711828947067,10284
0.71234703064,10283
0.714679002762,10282
0.716325998306,10281
0.717139005661,10280
0.717634916306,10279
0.718167066574,10278
0.720647096634,10277
0.721982955933,10276
0.722702026367,10275
0.723166942596,10274
0.723833084106,10273
0.724358081818,10272
0.725402116776,10271
0.726125955582,10270
0.726619005203,10269
0.727407932281,10268
0.728718996048,10267
0.732186079025,10266
0.732881069183,10265
0.733829021454,10264
0.73521399498,10263
0.736059904099,10262
0.737364053726,10261
0.738616943359,10260
0.739959955215,10259
0.740790128708,10258
0.741704940796,10257
0.742223024368,10256
0.743040084839,10255
0.743514060974,10254
0.745185136795,10253
0.745655059814,10252
0.747750997543,10251
0.749391078949,10250
0.750055074692,10249
0.750791072845,10248
0.751895904541,10247
0.752593994141,10246
0.753004074097,10245
0.753720998764,10244
0.75452208519,10243
0.755607128143,10242
0.756083965302,10241
0.757705926895,10240
0.758348941803,10239
0.760335922241,10238
0.760801076889,10237
0.762924909592,10236
0.763902902603,10235
0.764544010162,10234
0.766106128693,10233
0.767519950867,10232
0.768285989761,10231
0.769299983978,10230
0.770497083664,10229
0.771187067032,10228
0.772244930267,10227
0.772833108902,10226
0.77330994606,10225
0.77442407608,10224
0.775876045227,10223
0.776288032532,10222
0.777261018753,10221
0.778054952621,10220
0.778835058212,10219
0.779261112213,10218
0.781202077866,10217
0.782128095627,10216
0.78308391571,10215
0.784631967545,10214
0.788168907166,10213
0.791295051575,10212
0.79297709465,10211
0.794435977936,10210
0.795036077499,10209
0.795583963394,10208
0.796070098877,10207
0.797123908997,10206
0.798141956329,10205
0.799468040466,10204
0.80099105835,10203
0.802943944931,10202
0.807177066803,10201
0.808130979538,10200
0.809257030487,10199
0.81086397171,10198
0.814377069473,10197
0.81484913826,10196
0.816030025482,10195
0.816509962082,10194
0.817361116409,10193
0.817804098129,10192
0.818820953369,10191
0.819289922714,10190
0.820003986359,10189
0.820459127426,10188
0.820867061615,10187
0.822773933411,10186
0.823256969452,10185
0.82371711731,10184
0.82430100441,10183
0.824980974197,10182
0.82544708252,10181
0.825855016708,10180
0.826592922211,10179
0.827774047852,10178
0.828891992569,10177
0.829316139221,10176
0.831619977951,10175
0.834682941437,10174
0.835431098938,10173
0.837963104248,10172
0.83992099762,10171
0.840580940247,10170
0.841094970703,10169
0.841550111771,10168
0.842035055161,10167
0.842528104782,10166
0.843007087708,10165
0.844636917114,10164
0.845950126648,10163
0.846421957016,10162
0.846883058548,10161
0.848066091537,10160
0.848685979843,10159
0.85017490387,10158
0.851069927216,10157
0.851963996887,10156
0.8525390625,10155
0.853111982346,10154
0.853653907776,10153
0.854216098785,10152
0.854835033417,10151
0.855976104736,10150
0.857346057892,10149
0.85964512825,10148
0.860955953598,10147
0.861434936523,10146
0.863171100616,10145
0.86437702179,10144
0.866087913513,10143
0.866873979568,10142
0.86740899086,10141
0.868648052216,10140
0.869722127914,10139
0.870266914368,10138
0.870804071426,10137
0.871617078781,10136
0.874329090118,10135
0.875868082047,10134
0.878334999084,10133
0.878863096237,10132
0.879523038864,10131
0.88094496727,10130
0.881657123566,10129
0.882301092148,10128
0.883834123611,10127
0.884608983994,10126
0.885656118393,10125
0.886558055878,10124
0.887242078781,10123
0.888734102249,10122
0.889177083969,10121
0.889684915543,10120
0.891366004944,10119
0.892148971558,10118
0.894941091537,10117
0.895509004593,10116
0.897112131119,10115
0.897998094559,10114
0.899048089981,10113
0.900535106659,10112
0.901400089264,10111
0.904005050659,10110
0.904438972473,10109
0.906292915344,10108
0.90723991394,10107
0.907977104187,10106
0.908817052841,10105
0.910636901855,10104
0.913828134537,10103
0.915333986282,10102
0.916085004807,10101
0.917979001999,10100
0.918734073639,10099
0.919806003571,10098
0.920393943787,10097
0.923150062561,10096
0.924097061157,10095
0.925754070282,10094
0.926234960556,10093
0.926705121994,10092
0.928131103516,10091
0.928863048553,10090
0.932970046997,10089
0.934128046036,10088
0.934690952301,10087
0.937994003296,10086
0.938988924026,10085
0.941740989685,10084
0.942264080048,10083
0.942724943161,10082
0.94326210022,10081
0.944358110428,10080
0.944839954376,10079
0.945297956467,10078
0.946046113968,10077
0.947262048721,10076
0.947958946228,10075
0.948421955109,10074
0.951102018356,10073
0.953464984894,10072
0.954838037491,10071
0.955814123154,10070
0.956573009491,10069
0.957085132599,10068
0.957988977432,10067
0.959247112274,10066
0.959672927856,10065
0.961441040039,10064
0.962165117264,10063
0.962687015533,10062
0.963203907013,10061
0.96414399147,10060
0.964612960815,10059
0.965838909149,10058
0.96624994278,10057
0.967571020126,10056
0.968348026276,10055
0.970322132111,10054
0.97159409523,10053
0.972525119781,10052
0.973261117935,10051
0.975126981735,10050
0.976244926453,10049
0.976771116257,10048
0.977656126022,10047
0.978977918625,10046
0.979500055313,10045
0.980570077896,10044
0.986162900925,10043
0.987468957901,10042
0.98818898201,10041
0.98859000206,10040
0.989798069,10039
0.990261077881,10038
0.991209983826,10037
0.992500066757,10036
0.994595050812,10035
0.995026111603,10034
0.996371030807,10033
0.996737003326,10032
0.998770952225,10031
0.999737024307,10030
1.00022697449,10029
1.00066590309,10028
1.00256109238,10027
1.00351691246,10026
1.00435400009,10025
1.0050330162,10024
1.00544595718,10023
1.00590205193,10022
1.00658106804,10021
1.00814795494,10020
1.00970005989,10019
1.01016712189,10018
1.01166200638,10017
1.01208400726,10016
1.01311302185,10015
1.01397895813,10014
1.01445698738,10013
1.01551008224,10012
1.01672911644,10011
1.01739096642,10010
1.01894807816,10009
1.01998305321,10008
1.02086997032,10007
1.02230000496,10006
1.0251750946,10005
1.0272769928,10004
1.02866792679,10003
1.03015708923,10002
1.03207802773,10001
1.03403806686,10000
1.03464913368,9999
1.03606700897,9998
1.03721404076,9997
1.03770303726,9996
1.03890800476,9995
1.03938913345,9994
1.04024910927,9993
1.04066610336,9992
1.04246997833,9991
1.04404807091,9990
1.04451990128,9989
1.04516100883,9988
1.04618310928,9987
1.04664111137,9986
1.04729795456,9985
1.04766011238,9984
1.04895091057,9983
1.04932308197,9982
1.04995512962,9981
1.05060505867,9980
1.05188298225,9979
1.05328702927,9978
1.05373191833,9977
1.05415201187,9976
1.05458498001,9975
1.05502104759,9974
1.05548191071,9973
1.05590009689,9972
1.0564789772,9971
1.0575170517,9970
1.0579559803,9969
1.05997109413,9968
1.06041097641,9967
1.06081795692,9966
1.06129002571,9965
1.06263899803,9964
1.063133955,9963
1.06365013123,9962
1.06409597397,9961
1.06456899643,9960
1.06504011154,9959
1.06728601456,9958
1.06790590286,9957
1.06835603714,9956
1.06899690628,9955
1.06940698624,9954
1.07009196281,9953
1.07134199142,9952
1.07233500481,9951
1.07278609276,9950
1.07323312759,9949
1.0745909214,9948
1.07551407814,9947
1.07636094093,9946
1.07681107521,9945
1.07853007317,9944
1.0790040493,9943
1.07966113091,9942
1.08011412621,9941
1.08262491226,9940
1.08309197426,9939
1.08387708664,9938
1.08592605591,9937
1.08633208275,9936
1.08718299866,9935
1.0879380703,9934
1.08973193169,9933
1.09038710594,9932
1.09081602097,9931
1.09158301353,9930
1.09221410751,9929
1.09316110611,9928
1.09644412994,9927
1.09690213203,9926
1.09819102287,9925
1.09863901138,9924
1.10012102127,9923
1.10078191757,9922
1.10176205635,9921
1.1021900177,9920
1.10279202461,9919
1.10412096977,9918
1.10526609421,9917
1.10625195503,9916
1.10826396942,9915
1.10974812508,9914
1.11053991318,9913
1.1116900444,9912
1.11295890808,9911
1.11421704292,9910
1.11496210098,9909
1.11546897888,9908
1.11610412598,9907
1.11656999588,9906
1.11757206917,9905
1.11810708046,9904
1.11916208267,9903
1.12007498741,9902
1.12325692177,9901
1.12830591202,9900
1.12881302834,9899
1.13022613525,9898
1.13180112839,9897
1.13289308548,9896
1.13406705856,9895
1.13502812386,9894
1.13634395599,9893
1.13715600967,9892
1.13798809052,9891
1.13939499855,9890
1.1398730278,9889
1.14110398293,9888
1.14229393005,9887
1.1430721283,9886
1.14352202415,9885
1.14399003983,9884
1.14469003677,9883
1.14604997635,9882
1.14649605751,9881
1.14817595482,9880
1.15029907227,9879
1.15094208717,9878
1.15208411217,9877
1.15418291092,9876
1.1549949646,9875
1.15545797348,9874
1.15597891808,9873
1.15749907494,9872
1.15796804428,9871
1.15837812424,9870
1.15884590149,9869
1.15930104256,9868
1.16028213501,9867
1.16113805771,9866
1.16194105148,9865
1.16360902786,9864
1.16660690308,9863
1.16865992546,9862
1.16943502426,9861
1.16986012459,9860
1.17147803307,9859
1.17212605476,9858
1.17396306992,9857
1.17524790764,9856
1.17679810524,9855
1.17814493179,9854
1.17878007889,9853
1.18009901047,9852
1.18160104752,9851
1.1822810173,9850
1.18453907967,9849
1.18575906754,9848
1.18641209602,9847
1.18853807449,9846
1.19052195549,9845
1.19424700737,9844
1.19464993477,9843
1.19531798363,9842
1.19639396667,9841
1.19836711884,9840
1.19917392731,9839
1.20176196098,9838
1.20256090164,9837
1.20305204391,9836
1.20353007317,9835
1.20460009575,9834
1.20655608177,9833
1.20709609985,9832
1.20754694939,9831
1.20891499519,9830
1.20934891701,9829
1.21273708344,9828
1.21321892738,9827
1.21451711655,9826
1.21590304375,9825
1.21683502197,9824
1.21736502647,9823
1.21806812286,9822
1.21916294098,9821
1.22026205063,9820
1.22119402885,9819
1.22230505943,9818
1.22345209122,9817
1.22410798073,9816
1.22457098961,9815
1.22632813454,9814
1.22691607475,9813
1.22774600983,9812
1.22823810577,9811
1.22864699364,9810
1.22965693474,9809
1.23157811165,9808
1.23201704025,9807
1.23247790337,9806
1.23344612122,9805
1.23594093323,9804
1.23851799965,9803
1.23930692673,9802
1.23979711533,9801
1.24064612389,9800
1.24112606049,9799
1.24192905426,9798
1.2430870533,9797
1.24732112885,9796
1.24802613258,9795
1.24897408485,9794
1.25050902367,9793
1.25110602379,9792
1.25190997124,9791
1.25236392021,9790
1.25443196297,9789
1.25489211082,9788
1.25532007217,9787
1.25636100769,9786
1.257158041,9785
1.25796103477,9784
1.25924396515,9783
1.26028609276,9782
1.26347899437,9781
1.2646689415,9780
1.26511597633,9779
1.266258955,9778
1.26673603058,9777
1.2693529129,9776
1.2697930336,9775
1.27024698257,9774
1.27067303658,9773
1.27113604546,9772
1.27245998383,9771
1.27404212952,9770
1.27468204498,9769
1.27509593964,9768
1.27590894699,9767
1.27718901634,9766
1.27956199646,9765
1.28032803535,9764
1.28089809418,9763
1.28132891655,9762
1.28198099136,9761
1.28306007385,9760
1.28386998177,9759
1.28498411179,9758
1.28591704369,9757
1.28684592247,9756
1.28742003441,9755
1.29015302658,9754
1.29060506821,9753
1.29217505455,9752
1.29294395447,9751
1.29476904869,9750
1.2961370945,9749
1.29716110229,9748
1.29759097099,9747
1.30022311211,9746
1.30071306229,9745
1.3011739254,9744
1.30182099342,9743
1.30334305763,9742
1.3055961132,9741
1.30610799789,9740
1.30709195137,9739
1.30807495117,9738
1.3091480732,9737
1.31012296677,9736
1.31123709679,9735
1.3129389286,9734
1.31451201439,9733
1.31506896019,9732
1.31552910805,9731
1.31626701355,9730
1.31841897964,9729
1.31887292862,9728
1.31930398941,9727
1.32245492935,9726
1.32371401787,9725
1.32432508469,9724
1.32474303246,9723
1.32754898071,9722
1.32860398293,9721
1.32926607132,9720
1.32969093323,9719
1.33054900169,9718
1.3310110569,9717
1.33258795738,9716
1.33398890495,9715
1.33557891846,9714
1.33637809753,9713
1.33706498146,9712
1.33764696121,9711
1.33902812004,9710
1.33961391449,9709
1.34010696411,9708
1.3408510685,9707
1.34190893173,9706
1.34378695488,9705
1.34419512749,9704
1.34503793716,9703
1.34762310982,9702
1.34841895103,9701
1.34880113602,9700
1.35177397728,9699
1.35237002373,9698
1.3544280529,9697
1.35488390923,9696
1.35619807243,9695
1.35734391212,9694
1.35896897316,9693
1.35942602158,9692
1.36012005806,9691
1.36089706421,9690
1.36216402054,9689
1.36262607574,9688
1.36494612694,9687
1.36585998535,9686
1.36987900734,9685
1.37049794197,9684
1.37194013596,9683
1.37477612495,9682
1.37663006783,9681
1.38102197647,9680
1.38289999962,9679
1.38482809067,9678
1.38543605804,9677
1.38818597794,9676
1.38878798485,9675
1.39047908783,9674
1.39109706879,9673
1.39172101021,9672
1.39430093765,9671
1.39545893669,9670
1.39796495438,9669
1.39851999283,9668
1.40121102333,9667
1.40272402763,9666
1.40376901627,9665
1.40443301201,9664
1.40494608879,9663
1.40547299385,9662
1.40734791756,9661
1.4093170166,9660
1.41002297401,9659
1.41444802284,9658
1.41741204262,9657
1.41897702217,9656
1.4196460247,9655
1.42032599449,9654
1.42095994949,9653
1.42595100403,9652
1.42669296265,9651
1.42798709869,9650
1.4291100502,9649
1.43074202538,9648
1.43162512779,9647
1.4334359169,9646
1.43519210815,9645
1.43753409386,9644
1.4390630722,9643
1.44001603127,9642
1.44086503983,9641
1.44299006462,9640
1.44407701492,9639
1.44563603401,9638
1.44633293152,9637
1.44812893867,9636
1.44932508469,9635
1.45202112198,9634
1.45290207863,9633
1.45416092873,9632
1.45570993423,9631
1.45753097534,9630
1.45799994469,9629
1.45963191986,9628
1.46110510826,9627
1.46156692505,9626
1.4623529911,9625
1.46281003952,9624
1.46340608597,9623
1.46388196945,9622
1.46576213837,9621
1.46695804596,9620
1.4675359726,9619
1.46851992607,9618
1.46909093857,9617
1.47022294998,9616
1.47084999084,9615
1.4722430706,9614
1.47266602516,9613
1.47349596024,9612
1.47541999817,9611
1.47607707977,9610
1.47686505318,9609
1.47919392586,9608
1.48319792747,9607
1.48469805717,9606
1.49068212509,9605
1.49150109291,9604
1.49193310738,9603
1.49360799789,9602
1.49423003197,9601
1.49517893791,9600
1.49583506584,9599
1.49690794945,9598
1.5023829937,9597
1.50659108162,9596
1.50779008865,9595
1.50862693787,9594
1.50990009308,9593
1.51082801819,9592
1.51127409935,9591
1.51224398613,9590
1.51292610168,9589
1.51356291771,9588
1.51447105408,9587
1.51491808891,9586
1.51616406441,9585
1.517318964,9584
1.51831102371,9583
1.51895308495,9582
1.51941299438,9581
1.52035808563,9580
1.52209091187,9579
1.52273607254,9578
1.52603912354,9577
1.52997303009,9576
1.53043413162,9575
1.53203892708,9574
1.53339791298,9573
1.53385591507,9572
1.53485298157,9571
1.53561806679,9570
1.53656506538,9569
1.53735494614,9568
1.54078698158,9567
1.54263710976,9566
1.54552197456,9565
1.54658007622,9564
1.54980897903,9563
1.55109190941,9562
1.55172991753,9561
1.55344390869,9560
1.55486798286,9559
1.55564498901,9558
1.55666708946,9557
1.55725812912,9556
1.55976295471,9555
1.56041407585,9554
1.56278896332,9553
1.56344008446,9552
1.56387400627,9551
1.56427598,9550
1.56684303284,9549
1.56782507896,9548
1.57115197182,9547
1.57292509079,9546
1.5743291378,9545
1.57669210434,9544
1.57709312439,9543
1.58034801483,9542
1.58286690712,9541
1.58357691765,9540
1.58434391022,9539
1.58478498459,9538
1.58597612381,9537
1.58708095551,9536
1.58766508102,9535
1.58965802193,9534
1.59063100815,9533
1.59120106697,9532
1.59395909309,9531
1.59524106979,9530
1.59589910507,9529
1.59761309624,9528
1.60145497322,9527
1.60346102715,9526
1.6052839756,9525
1.60582995415,9524
1.60644102097,9523
1.60710000992,9522
1.60936713219,9521
1.61056804657,9520
1.61151504517,9519
1.61199402809,9518
1.6129450798,9517
1.61374807358,9516
1.6159350872,9515
1.61845111847,9514
1.61891508102,9513
1.62115693092,9512
1.62173891068,9511
1.62218904495,9510
1.62350296974,9509
1.6255979538,9508
1.62601995468,9507
1.62701106071,9506
1.62743496895,9505
1.62908911705,9504
1.63017201424,9503
1.63146209717,9502
1.63304901123,9501
1.63544392586,9500
1.63628411293,9499
1.63982105255,9498
1.64282894135,9497
1.6468911171,9496
1.64743113518,9495
1.64882493019,9494
1.64959311485,9493
1.65154194832,9492
1.65269613266,9491
1.65431594849,9490
1.65688109398,9489
1.65863490105,9488
1.65903711319,9487
1.66229510307,9486
1.66428494453,9485
1.6654510498,9484
1.66842293739,9483
1.66902899742,9482
1.66948008537,9481
1.67115497589,9480
1.67255806923,9479
1.67322802544,9478
1.67499995232,9477
1.67651700974,9476
1.68035507202,9475
1.68260192871,9474
1.68364095688,9473
1.68407702446,9472
1.68544197083,9471
1.68658709526,9470
1.6878631115,9469
1.68830895424,9468
1.68872904778,9467
1.68916106224,9466
1.69027900696,9465
1.69159507751,9464
1.69203400612,9463
1.69266295433,9462
1.69441103935,9461
1.69521713257,9460
1.69564890862,9459
1.69751501083,9458
1.7008330822,9457
1.70239591599,9456
1.70484495163,9455
1.70544695854,9454
1.70608091354,9453
1.70862698555,9452
1.71003699303,9451
1.71279811859,9450
1.71377897263,9449
1.71561694145,9448
1.71754813194,9447
1.7192261219,9446
1.7200460434,9445
1.72232508659,9444
1.72420501709,9443
1.72548699379,9442
1.72711205482,9441
1.72756099701,9440
1.72875213623,9439
1.72938799858,9438
1.73027706146,9437
1.73090291023,9436
1.73274993896,9435
1.73367190361,9434
1.73525691032,9433
1.73905301094,9432
1.74407291412,9431
1.74474406242,9430
1.74556803703,9429
1.74603199959,9428
1.74650812149,9427
1.7480199337,9426
1.74852395058,9425
1.74901008606,9424
1.75024294853,9423
1.75083899498,9422
1.75216007233,9421
1.75273108482,9420
1.75318002701,9419
1.75520992279,9418
1.75634908676,9417
1.75751805305,9416
1.7593460083,9415
1.76153111458,9414
1.7627389431,9413
1.76350307465,9412
1.76411604881,9411
1.76512813568,9410
1.76577997208,9409
1.76679611206,9408
1.77067708969,9407
1.77204108238,9406
1.77266407013,9405
1.7739470005,9404
1.77468895912,9403
1.7752699852,9402
1.77572393417,9401
1.7761759758,9400
1.77901697159,9399
1.77988195419,9398
1.78207111359,9397
1.78284811974,9396
1.7837460041,9395
1.78641796112,9394
1.78683590889,9393
1.78764200211,9392
1.78859305382,9391
1.78960108757,9390
1.79054713249,9389
1.79446911812,9388
1.7952311039,9387
1.79567599297,9386
1.79741501808,9385
1.7987549305,9384
1.79946613312,9383
1.7999060154,9382
1.80030894279,9381
1.80414509773,9380
1.80855298042,9379
1.81022596359,9378
1.81164312363,9377
1.81371212006,9376
1.81416201591,9375
1.81493401527,9374
1.81953406334,9373
1.82048296928,9372
1.82197499275,9371
1.82356905937,9370
1.8239710331,9369
1.82450199127,9368
1.82493805885,9367
1.82540106773,9366
1.82585310936,9365
1.82630801201,9364
1.8267390728,9363
1.82815599442,9362
1.82942700386,9361
1.83256697655,9360
1.8351559639,9359
1.84263896942,9358
1.84332203865,9357
1.84518694878,9356
1.84575891495,9355
1.84657502174,9354
1.84866809845,9353
1.84911394119,9352
1.8497159481,9351
1.85256791115,9350
1.85404109955,9349
1.85444903374,9348
1.85507702827,9347
1.8560359478,9346
1.85982894897,9345
1.86077308655,9344
1.8618350029,9343
1.86223912239,9342
1.86295008659,9341
1.86386799812,9340
1.86449313164,9339
1.86532092094,9338
1.86577606201,9337
1.8681139946,9336
1.86856198311,9335
1.86958193779,9334
1.87066912651,9333
1.87112307549,9332
1.87277197838,9331
1.8740401268,9330
1.87602996826,9329
1.87660193443,9328
1.87744307518,9327
1.87820601463,9326
1.87862992287,9325
1.88097500801,9324
1.88538408279,9323
1.88681507111,9322
1.88760399818,9321
1.88834810257,9320
1.89039206505,9319
1.89081692696,9318
1.89254808426,9317
1.8937330246,9316
1.89473199844,9315
1.89534902573,9314
1.89596390724,9313
1.90014505386,9312
1.90251612663,9311
1.90343499184,9310
1.91008090973,9309
1.91147494316,9308
1.91190099716,9307
1.912981987,9306
1.91493797302,9305
1.91683411598,9304
1.9180150032,9303
1.91938304901,9302
1.92075490952,9301
1.92160797119,9300
1.922342062,9299
1.92272400856,9298
1.92370009422,9297
1.92793297768,9296
1.92867302895,9295
1.92908191681,9294
1.92986702919,9293
1.93031311035,9292
1.93073296547,9291
1.93153595924,9290
1.93537211418,9289
1.93605208397,9288
1.94474005699,9287
1.94644713402,9286
1.94772005081,9285
1.94913101196,9284
1.95090413094,9283
1.95150399208,9282
1.95293402672,9281
1.95339608192,9280
1.95379304886,9279
1.95458912849,9278
1.95703601837,9277
1.95823597908,9276
1.95888495445,9275
1.96026802063,9274
1.96117806435,9273
1.96161794662,9272
1.9633409977,9271
1.96399497986,9270
1.96461200714,9269
1.96539306641,9268
1.96602797508,9267
1.96950006485,9266
1.97018694878,9265
1.97164392471,9264
1.97223806381,9263
1.97268009186,9262
1.97369813919,9261
1.97409200668,9260
1.97530508041,9259
1.97702598572,9258
1.9774711132,9257
1.97887301445,9256
1.9802749157,9255
1.9838540554,9254
1.98503613472,9253
1.98648905754,9252
1.98762512207,9251
1.98803710938,9250
1.98992204666,9249
1.99068403244,9248
1.99340510368,9247
1.99546790123,9246
1.99604296684,9245
1.99666690826,9244
1.99843502045,9243
2.00221705437,9242
2.00739502907,9241
2.00878405571,9240
2.01219391823,9239
2.01522898674,9238
2.01704001427,9237
2.01836299896,9236
2.0214779377,9235
2.02188491821,9234
2.02502703667,9233
2.02912211418,9232
2.02951598167,9231
2.03339195251,9230
2.03432106972,9229
2.03644108772,9228
2.03682494164,9227
2.03926610947,9226
2.04087901115,9225
2.0413620472,9224
2.0444920063,9223
2.04495096207,9222
2.04642796516,9221
2.04737305641,9220
2.04852199554,9219
2.04942703247,9218
2.05131196976,9217
2.05349707603,9216
2.05745792389,9215
2.0585000515,9214
2.05979394913,9213
2.06038212776,9212
2.06078600883,9211
2.0626540184,9210
2.06344509125,9209
2.06456708908,9208
2.06533503532,9207
2.06650996208,9206
2.06742811203,9205
2.06819105148,9204
2.06898403168,9203
2.06942391396,9202
2.07002305984,9201
2.0711710453,9200
2.07230710983,9199
2.07426309586,9198
2.07677507401,9197
2.07773995399,9196
2.07866191864,9195
2.0810379982,9194
2.08173799515,9193
2.08370995522,9192
2.08576893806,9191
2.0867331028,9190
2.08876395226,9189
2.08956694603,9188
2.09044408798,9187
2.09100198746,9186
2.09254002571,9185
2.09451413155,9184
2.09576392174,9183
2.09705996513,9182
2.1006860733,9181
2.10145807266,9180
2.10296702385,9179
2.10709190369,9178
2.10951304436,9177
2.11323404312,9176
2.11500811577,9175
2.11570096016,9174
2.11655592918,9173
2.1180961132,9172
2.11919212341,9171
2.12073493004,9170
2.12138795853,9169
2.12418007851,9168
2.12680411339,9167
2.13008499146,9166
2.13392400742,9165
2.13461399078,9164
2.13556408882,9163
2.13605594635,9162
2.13733696938,9161
2.13900899887,9160
2.14183402061,9159
2.14292502403,9158
2.14482593536,9157
2.14713311195,9156
2.15027809143,9155
2.1526260376,9154
2.15307092667,9153
2.15344500542,9152
2.15521502495,9151
2.1571791172,9150
2.16187810898,9149
2.16627907753,9148
2.17172408104,9147
2.17463493347,9146
2.17601299286,9145
2.17756509781,9144
2.17819404602,9143
2.17932796478,9142
2.18168210983,9141
2.18529701233,9140
2.18578290939,9139
2.18847203255,9138
2.1911149025,9137
2.19368290901,9136
2.1951649189,9135
2.19557213783,9134
2.19659399986,9133
2.19770598412,9132
2.19874596596,9131
2.20499610901,9130
2.20588612556,9129
2.20841908455,9128
2.20915293694,9127
2.21277403831,9126
2.21320700645,9125
2.21362304688,9124
2.21517801285,9123
2.21701812744,9122
2.21858406067,9121
2.21978592873,9120
2.22129607201,9119
2.2224919796,9118
2.22292900085,9117
2.2234749794,9116
2.2265651226,9115
2.22731399536,9114
2.22938513756,9113
2.22992396355,9112
2.230727911,9111
2.2328619957,9110
2.23328304291,9109
2.23623895645,9108
2.24084401131,9107
2.24255394936,9106
2.2444460392,9105
2.24623513222,9104
2.24745512009,9103
2.25149703026,9102
2.25438594818,9101
2.25514411926,9100
2.25576996803,9099
2.25785803795,9098
2.25829792023,9097
2.25874590874,9096
2.26262402534,9095
2.26347398758,9094
2.26687693596,9093
2.26908993721,9092
2.27011609077,9091
2.27197313309,9090
2.27460098267,9089
2.27503108978,9088
2.27626490593,9087
2.27670502663,9086
2.2789940834,9085
2.27958011627,9084
2.28026795387,9083
2.28178095818,9082
2.28272294998,9081
2.28526902199,9080
2.28938102722,9079
2.29218697548,9078
2.29258203506,9077
2.2963180542,9076
2.29918503761,9075
2.29995012283,9074
2.30311203003,9073
2.3048760891,9072
2.30747509003,9071
2.31120491028,9070
2.31233596802,9069
2.31451392174,9068
2.31719613075,9067
2.31810092926,9066
2.31867194176,9065
2.31943798065,9064
2.32131004333,9063
2.32285904884,9062
2.32423305511,9061
2.32667803764,9060
2.32712197304,9059
2.32770705223,9058
2.32876992226,9057
2.33035993576,9056
2.3325009346,9055
2.33441901207,9054
2.33625507355,9053
2.33738613129,9052
2.33837103844,9051
2.34008598328,9050
2.34230804443,9049
2.34375810623,9048
2.34430599213,9047
2.34649300575,9046
2.34763598442,9045
2.34838294983,9044
2.34879994392,9043
2.34935212135,9042
2.35095691681,9041
2.35152006149,9040
2.35430598259,9039
2.3564260006,9038
2.3601129055,9037
2.3626101017,9036
2.3642001152,9035
2.36459302902,9034
2.36540102959,9033
2.36652302742,9032
2.36875104904,9031
2.37267708778,9030
2.37779307365,9029
2.37869596481,9028
2.38090491295,9027
2.38261508942,9026
2.38318490982,9025
2.38403391838,9024
2.3849439621,9023
2.38541293144,9022
2.38663697243,9021
2.38706302643,9020
2.38830494881,9019
2.39126610756,9018
2.39212608337,9017
2.39253902435,9016
2.3934109211,9015
2.39401507378,9014
2.39727401733,9013
2.39808511734,9012
2.39863801003,9011
2.39902997017,9010
2.40236711502,9009
2.40277099609,9008
2.40599012375,9007
2.40676808357,9006
2.40972590446,9005
2.41458392143,9004
2.41497802734,9003
2.41612100601,9002
2.41975092888,9001
2.42168712616,9000
2.42239999771,8999
2.42286705971,8998
2.42342090607,8997
2.42401504517,8996
2.42584609985,8995
2.42790198326,8994
2.42882490158,8993
2.43094301224,8992
2.43397498131,8991
2.43437695503,8990
2.43565392494,8989
2.43610191345,8988
2.43649506569,8987
2.43687200546,8986
2.43728709221,8985
2.4393389225,8984
2.44576311111,8983
2.44845509529,8982
2.44906306267,8981
2.45019412041,8980
2.45274400711,8979
2.45393109322,8978
2.45576405525,8977
2.45619893074,8976
2.45875096321,8975
2.4593360424,8974
2.45975399017,8973
2.46034193039,8972
2.46351790428,8971
2.46727895737,8970
2.46917295456,8969
2.47001791,8968
2.47343301773,8967
2.47426700592,8966
2.47541904449,8965
2.4778470993,8964
2.47920203209,8963
2.47980308533,8962
2.48087692261,8961
2.48237204552,8960
2.48363113403,8959
2.48555994034,8958
2.4863319397,8957
2.48870396614,8956
2.49030995369,8955
2.49143695831,8954
2.49257111549,8953
2.4962439537,8952
2.49787902832,8951
2.49996399879,8950
2.50254511833,8949
2.50298500061,8948
2.50762009621,8947
2.50840210915,8946
2.50940799713,8945
2.52017998695,8944
2.52335190773,8943
2.52487301826,8942
2.52599692345,8941
2.52727794647,8940
2.53027892113,8939
2.53069806099,8938
2.53111100197,8937
2.53151011467,8936
2.5354681015,8935
2.53915691376,8934
2.54270911217,8933
2.54746007919,8932
2.55122303963,8931
2.55174612999,8930
2.55217695236,8929
2.55908513069,8928
2.56110906601,8927
2.56449604034,8926
2.56816697121,8925
2.56859207153,8924
2.56971001625,8923
2.57029509544,8922
2.57071495056,8921
2.57182502747,8920
2.57238698006,8919
2.57518696785,8918
2.57598805428,8917
2.58028697968,8916
2.58086490631,8915
2.5851829052,8914
2.58622097969,8913
2.58864712715,8912
2.58975195885,8911
2.59032797813,8910
2.59136390686,8909
2.59415793419,8908
2.59608006477,8907
2.59676194191,8906
2.59753513336,8905
2.59861803055,8904
2.60003304482,8903
2.60046696663,8902
2.60090303421,8901
2.6020629406,8900
2.60326099396,8899
2.60436296463,8898
2.60808396339,8897
2.60990691185,8896
2.61126613617,8895
2.61321806908,8894
2.61450099945,8893
2.61667895317,8892
2.61772704124,8891
2.62109899521,8890
2.62444806099,8889
2.63042402267,8888
2.63077402115,8887
2.63199496269,8886
2.63278102875,8885
2.63496994972,8884
2.63671207428,8883
2.63779902458,8882
2.64564299583,8881
2.65011405945,8880
2.65700101852,8879
2.6581120491,8878
2.65868496895,8877
2.6595480442,8876
2.66396403313,8875
2.66516709328,8874
2.66840791702,8873
2.66899991035,8872
2.67025208473,8871
2.67548394203,8870
2.67604804039,8869
2.67838811874,8868
2.67913413048,8867
2.68178796768,8866
2.6866209507,8865
2.68726301193,8864
2.689193964,8863
2.69224405289,8862
2.69603800774,8861
2.69743704796,8860
2.70335698128,8859
2.70626306534,8858
2.70741891861,8857
2.70839095116,8856
2.70975613594,8855
2.71198797226,8854
2.71339797974,8853
2.71415996552,8852
2.71794390678,8851
2.71914100647,8850
2.72221398354,8849
2.72357010841,8848
2.72399902344,8847
2.72754192352,8846
2.72793006897,8845
2.73119401932,8844
2.73267507553,8843
2.73598003387,8842
2.73690795898,8841
2.73879694939,8840
2.74492907524,8839
2.74662494659,8838
2.74757313728,8837
2.74818897247,8836
2.75005793571,8835
2.75475907326,8834
2.75656604767,8833
2.75871610641,8832
2.75984501839,8831
2.76184797287,8830
2.76483297348,8829
2.7679400444,8828
2.76844191551,8827
2.76888108253,8826
2.77555298805,8825
2.77742195129,8824
2.78047800064,8823
2.78187704086,8822
2.78288602829,8821
2.78487110138,8820
2.78603506088,8819
2.78679490089,8818
2.7889020443,8817
2.7902469635,8816
2.79177308083,8815
2.79301309586,8814
2.79354190826,8813
2.79606294632,8812
2.79647302628,8811
2.79975700378,8810
2.80207300186,8809
2.8040459156,8808
2.80668711662,8807
2.8070731163,8806
2.81103205681,8805
2.81442308426,8804
2.8166179657,8803
2.81765794754,8802
2.82241511345,8801
2.82611513138,8800
2.82724690437,8799
2.82784295082,8798
2.83183193207,8797
2.8349609375,8796
2.84057593346,8795
2.84830093384,8794
2.84890413284,8793
2.85085391998,8792
2.85311508179,8791
2.85556912422,8790
2.85655713081,8789
2.85696005821,8788
2.85812211037,8787
2.85904812813,8786
2.85958003998,8785
2.86016702652,8784
2.86071300507,8783
2.86147594452,8782
2.86651206017,8781
2.87063908577,8780
2.87119293213,8779
2.87291407585,8778
2.87383699417,8777
2.87519407272,8776
2.87898206711,8775
2.88017702103,8774
2.88057112694,8773
2.88286805153,8772
2.88373708725,8771
2.88451600075,8770
2.88700604439,8769
2.88916492462,8768
2.89071297646,8767
2.89298701286,8766
2.8934071064,8765
2.89583706856,8764
2.89621496201,8763
2.89748001099,8762
2.89786791801,8761
2.89986205101,8760
2.90044212341,8759
2.90390110016,8758
2.90523409843,8757
2.90574598312,8756
2.91347408295,8755
2.91390299797,8754
2.91652011871,8753
2.91691207886,8752
2.91898012161,8751
2.92624402046,8750
2.92666697502,8749
2.93454694748,8748
2.93662595749,8747
2.9387280941,8746
2.94017505646,8745
2.94272994995,8744
2.94729590416,8743
2.95221710205,8742
2.95430803299,8741
2.95934605598,8740
2.96213006973,8739
2.96288299561,8738
2.96634292603,8737
2.96863293648,8736
2.96980595589,8735
2.97023391724,8734
2.97062706947,8733
2.97153306007,8732
2.97386598587,8731
2.97534990311,8730
2.98136711121,8729
2.98194909096,8728
2.98522400856,8727
2.99283194542,8726
2.99668002129,8725
3.00009512901,8724
3.00268292427,8723
3.00541710854,8722
3.00691604614,8721
3.00816512108,8720
3.00921392441,8719
3.01044797897,8718
3.0129570961,8717
3.01644206047,8716
3.01989412308,8715
3.02279090881,8714
3.02353596687,8713
3.02444410324,8712
3.02540111542,8711
3.02852797508,8710
3.03261899948,8709
3.03515100479,8708
3.03630399704,8707
3.03855895996,8706
3.04263091087,8705
3.04501104355,8704
3.04779100418,8703
3.05177092552,8702
3.05286312103,8701
3.05429697037,8700
3.05685091019,8699
3.05982112885,8698
3.06168293953,8697
3.0625269413,8696
3.06386113167,8695
3.06645202637,8694
3.07111907005,8693
3.07180690765,8692
3.07262802124,8691
3.07415103912,8690
3.07516813278,8689
3.07613110542,8688
3.08022594452,8687
3.08964705467,8686
3.09327101707,8685
3.09395909309,8684
3.09444308281,8683
3.09488797188,8682
3.09536004066,8681
3.10182309151,8680
3.1059820652,8679
3.10956001282,8678
3.11891412735,8677
3.12341809273,8676
3.1268351078,8675
3.12730908394,8674
3.1284070015,8673
3.13427209854,8672
3.13795900345,8671
3.13844013214,8670
3.14172506332,8669
3.14242100716,8668
3.14455604553,8667
3.14820408821,8666
3.14929008484,8665
3.1506459713,8664
3.15265202522,8663
3.15399098396,8662
3.15508413315,8661
3.15647697449,8660
3.16321396828,8659
3.16714811325,8658
3.16775798798,8657
3.16885399818,8656
3.17136693001,8655
3.1812441349,8654
3.18173098564,8653
3.18316912651,8652
3.18542003632,8651
3.18679404259,8650
3.18741703033,8649
3.18850111961,8648
3.18979310989,8647
3.20013999939,8646
3.20410013199,8645
3.204818964,8644
3.20533013344,8643
3.20735406876,8642
3.20983505249,8641
3.21728205681,8640
3.21881508827,8639
3.22101902962,8638
3.22181105614,8637
3.22854113579,8636
3.23031497002,8635
3.231153965,8634
3.23499011993,8633
3.23713493347,8632
3.23776102066,8631
3.23985409737,8630
3.24029803276,8629
3.24152207375,8628
3.24372291565,8627
3.24710392952,8626
3.25003910065,8625
3.26422595978,8624
3.27146410942,8623
3.27413797379,8622
3.27918791771,8621
3.28149700165,8620
3.28807592392,8619
3.29005503654,8618
3.29633712769,8617
3.29885697365,8616
3.3000600338,8615
3.30252504349,8614
3.30380892754,8613
3.30541396141,8612
3.306828022,8611
3.30767297745,8610
3.31281590462,8609
3.31410193443,8608
3.31664395332,8607
3.31830906868,8606
3.31929802895,8605
3.32173299789,8604
3.33358597755,8603
3.3376159668,8602
3.34095692635,8601
3.34701108932,8600
3.34788393974,8599
3.35244297981,8598
3.35725402832,8597
3.35884904861,8596
3.35993409157,8595
3.36635708809,8594
3.36878013611,8593
3.37104797363,8592
3.37523007393,8591
3.37566113472,8590
3.37837791443,8589
3.37880992889,8588
3.38106894493,8587
3.3819360733,8586
3.39158201218,8585
3.39254903793,8584
3.39633107185,8583
3.40033197403,8582
3.40102696419,8581
3.40854310989,8580
3.40955805779,8579
3.41069793701,8578
3.41182613373,8577
3.41317892075,8576
3.4177839756,8575
3.42000508308,8574
3.42382311821,8573
3.42753195763,8572
3.42851805687,8571
3.44033503532,8570
3.44183707237,8569
3.44992995262,8568
3.45173692703,8567
3.45895195007,8566
3.45937395096,8565
3.46680212021,8564
3.47125291824,8563
3.47315907478,8562
3.47526693344,8561
3.47573900223,8560
3.48151397705,8559
3.48250412941,8558
3.48368191719,8557
3.48412895203,8556
3.48759794235,8555
3.48890304565,8554
3.49207997322,8553
3.49342393875,8552
3.49442100525,8551
3.5024471283,8550
3.5036239624,8549
3.51250100136,8548
3.51391506195,8547
3.51540613174,8546
3.51654911041,8545
3.51709508896,8544
3.52426505089,8543
3.52621293068,8542
3.52745294571,8541
3.53638696671,8540
3.53797698021,8539
3.53986310959,8538
3.54026913643,8537
3.54232597351,8536
3.54488801956,8535
3.54616212845,8534
3.5483751297,8533
3.55032110214,8532
3.55444812775,8531
3.55710196495,8530
3.55866599083,8529
3.56960201263,8528
3.57259607315,8527
3.57419610023,8526
3.57716393471,8525
3.58653593063,8524
3.58792591095,8523
3.59042096138,8522
3.59786200523,8521
3.60551095009,8520
3.62102913857,8519
3.62191796303,8518
3.62270307541,8517
3.62311601639,8516
3.62490296364,8515
3.6263320446,8514
3.63340210915,8513
3.63653802872,8512
3.63823413849,8511
3.6390349865,8510
3.64329791069,8509
3.64970898628,8508
3.65372109413,8507
3.65737295151,8506
3.66122293472,8505
3.67097997665,8504
3.67233991623,8503
3.67595505714,8502
3.67649507523,8501
3.6768860817,8500
3.68001794815,8499
3.68098497391,8498
3.68722105026,8497
3.69306111336,8496
3.69506502151,8495
3.70021891594,8494
3.70060110092,8493
3.70306801796,8492
3.70491790771,8491
3.70675492287,8490
3.70715594292,8489
3.7077319622,8488
3.7098031044,8487
3.71225404739,8486
3.71806097031,8485
3.71929502487,8484
3.72023010254,8483
3.72600197792,8482
3.72641992569,8481
3.73060894012,8480
3.73498702049,8479
3.73876094818,8478
3.74435400963,8477
3.74517893791,8476
3.74792098999,8475
3.75264906883,8474
3.75566697121,8473
3.75619292259,8472
3.75659513474,8471
3.75886297226,8470
3.76097106934,8469
3.76326203346,8468
3.76365804672,8467
3.76416301727,8466
3.7719540596,8465
3.7728741169,8464
3.77468705177,8463
3.77585911751,8462
3.77864694595,8461
3.78012609482,8460
3.78054690361,8459
3.78156995773,8458
3.78489398956,8457
3.786039114,8456
3.78802800179,8455
3.79021811485,8454
3.79128599167,8453
3.7976500988,8452
3.80011892319,8451
3.80415296555,8450
3.81211805344,8449
3.81374502182,8448
3.81589603424,8447
3.82000303268,8446
3.82617211342,8445
3.82998800278,8444
3.83511900902,8443
3.83623313904,8442
3.83696007729,8441
3.83756804466,8440
3.84501791,8439
3.85322713852,8438
3.8558781147,8437
3.85687208176,8436
3.85903811455,8435
3.8599460125,8434
3.86032295227,8433
3.86835503578,8432
3.87491512299,8431
3.87866997719,8430
3.87906098366,8429
3.88079810143,8428
3.88493299484,8427
3.89175200462,8426
3.90148210526,8425
3.90260195732,8424
3.90653610229,8423
3.91272306442,8422
3.91553211212,8421
3.91596007347,8420
3.918612957,8419
3.92285704613,8418
3.92976093292,8417
3.93159294128,8416
3.9343020916,8415
3.93588495255,8414
3.93697190285,8413
3.94117307663,8412
3.94291400909,8411
3.94351792336,8410
3.9451239109,8409
3.95676112175,8408
3.95717191696,8407
3.95880198479,8406
3.96110510826,8405
3.96438503265,8404
3.96875309944,8403
3.97132301331,8402
3.97204399109,8401
3.97531795502,8400
3.97802400589,8399
3.98151302338,8398
3.98340511322,8397
3.98764801025,8396
3.98873305321,8395
4.00499105453,8394
4.01503896713,8393
4.01806592941,8392
4.02783298492,8391
4.03350090981,8390
4.03408408165,8389
4.03450393677,8388
4.03627896309,8387
4.03673696518,8386
4.03827810287,8385
4.04373192787,8384
4.04674291611,8383
4.04742407799,8382
4.05549502373,8381
4.05928611755,8380
4.06716895103,8379
4.07528305054,8378
4.07874703407,8377
4.08029603958,8376
4.08216500282,8375
4.08668112755,8374
4.08710503578,8373
4.0969350338,8372
4.09874200821,8371
4.10712599754,8370
4.11281609535,8369
4.11407613754,8368
4.11551308632,8367
4.12038803101,8366
4.12367892265,8365
4.12414002419,8364
4.12838101387,8363
4.13054990768,8362
4.13280200958,8361
4.13530492783,8360
4.13832592964,8359
4.13986206055,8358
4.14108109474,8357
4.1431119442,8356
4.14447903633,8355
4.14580512047,8354
4.14681100845,8353
4.14869809151,8352
4.15054392815,8351
4.15554094315,8350
4.15672707558,8349
4.16228103638,8348
4.17063999176,8347
4.17714691162,8346
4.17885303497,8345
4.18176412582,8344
4.18434405327,8343
4.18531703949,8342
4.18590593338,8341
4.18712306023,8340
4.1958899498,8339
4.19756793976,8338
4.20222091675,8337
4.20282196999,8336
4.20956993103,8335
4.21637296677,8334
4.22923994064,8333
4.23163700104,8332
4.23831892014,8331
4.24384498596,8330
4.24607992172,8329
4.2478890419,8328
4.25078105927,8327
4.25315904617,8326
4.25961613655,8325
4.26191496849,8324
4.27173709869,8323
4.27782607079,8322
4.28021502495,8321
4.28117609024,8320
4.28359699249,8319
4.2839910984,8318
4.28486800194,8317
4.29166507721,8316
4.29257106781,8315
4.29296898842,8314
4.29697108269,8313
4.2978451252,8312
4.29930710793,8311
4.31257891655,8310
4.32023191452,8309
4.32114696503,8308
4.32385993004,8307
4.32550001144,8306
4.32788896561,8305
4.32858705521,8304
4.32971811295,8303
4.33365392685,8302
4.33546209335,8301
4.34726309776,8300
4.35152101517,8299
4.35574007034,8298
4.36898303032,8297
4.37770199776,8296
4.37872600555,8295
4.38825798035,8294
4.38977098465,8293
4.39049196243,8292
4.39483690262,8291
4.39754700661,8290
4.39872598648,8289
4.40065097809,8288
4.40204405785,8287
4.40301513672,8286
4.40639591217,8285
4.41742706299,8284
4.41935396194,8283
4.4222009182,8282
4.42809605598,8281
4.43040895462,8280
4.43882012367,8279
4.43949794769,8278
4.44003009796,8277
4.44112992287,8276
4.44542503357,8275
4.44947290421,8274
4.45902109146,8273
4.46487998962,8272
4.46657896042,8271
4.46843099594,8270
4.46881890297,8269
4.46955394745,8268
4.47122597694,8267
4.47279691696,8266
4.47318601608,8265
4.47850513458,8264
4.47889399529,8263
4.48531007767,8262
4.49086499214,8261
4.49167299271,8260
4.49507594109,8259
4.49572300911,8258
4.49861001968,8257
4.50629901886,8256
4.51009297371,8255
4.51755309105,8254
4.51878404617,8253
4.51935696602,8252
4.5224211216,8251
4.52844595909,8250
4.53325200081,8249
4.53593397141,8248
4.54222798347,8247
4.54522109032,8246
4.54883408546,8245
4.54973506927,8244
4.55165290833,8243
4.55493807793,8242
4.55686712265,8241
4.56971406937,8240
4.57096409798,8239
4.57534503937,8238
4.58064508438,8237
4.58997297287,8236
4.59124994278,8235
4.59460091591,8234
4.6087501049,8233
4.61150813103,8232
4.61795210838,8231
4.62108302116,8230
4.62432813644,8229
4.624751091,8228
4.62582993507,8227
4.62753891945,8226
4.64626502991,8225
4.64695096016,8224
4.6483399868,8223
4.65038394928,8222
4.65576195717,8221
4.66978597641,8220
4.67177700996,8219
4.67580699921,8218
4.67704105377,8217
4.68725013733,8216
4.68848991394,8215
4.69708395004,8214
4.70065593719,8213
4.70245790482,8212
4.71014094353,8211
4.71178412437,8210
4.72113895416,8209
4.72182798386,8208
4.72515296936,8207
4.72860312462,8206
4.73142409325,8205
4.7415471077,8204
4.74486899376,8203
4.7462310791,8202
4.74898409843,8201
4.7604970932,8200
4.77229094505,8199
4.78492093086,8198
4.79054999352,8197
4.79316401482,8196
4.80268096924,8195
4.80485892296,8194
4.80627608299,8193
4.80756211281,8192
4.81403613091,8191
4.81860113144,8190
4.82318806648,8189
4.82413911819,8188
4.83105897903,8187
4.83253502846,8186
4.83326292038,8185
4.83692002296,8184
4.84113001823,8183
4.84196305275,8182
4.8481259346,8181
4.84926795959,8180
4.85061407089,8179
4.85346698761,8178
4.85799312592,8177
4.86584997177,8176
4.87066197395,8175
4.87967395782,8174
4.8832089901,8173
4.88787102699,8172
4.88887095451,8171
4.89529705048,8170
4.90096998215,8169
4.92123293877,8168
4.92354106903,8167
4.92564296722,8166
4.9312441349,8165
4.9329791069,8164
4.93367409706,8163
4.93493008614,8162
4.93531894684,8161
4.93952202797,8160
4.94056892395,8159
4.95225596428,8158
4.96204400063,8157
4.96694302559,8156
4.98168301582,8155
4.99282097816,8154
5.0125579834,8153
5.01363396645,8152
5.02614092827,8151
5.02650904655,8150
5.02861595154,8149
5.03427910805,8148
5.03923606873,8147
5.03960609436,8146
5.04469799995,8145
5.04509997368,8144
5.04632496834,8143
5.05230808258,8142
5.06241297722,8141
5.06703400612,8140
5.0717921257,8139
5.07223391533,8138
5.07308602333,8137
5.07462692261,8136
5.09159207344,8135
5.09408307076,8134
5.10049009323,8133
5.10549592972,8132
5.10873103142,8131
5.11032509804,8130
5.11905407906,8129
5.1201851368,8128
5.13430094719,8127
5.14024496078,8126
5.14269113541,8125
5.14788198471,8124
5.15515208244,8123
5.15922403336,8122
5.16036701202,8121
5.17425203323,8120
5.17874193192,8119
5.18296408653,8118
5.18476390839,8117
5.1895301342,8116
5.20253992081,8115
5.20487713814,8114
5.20557498932,8113
5.20836210251,8112
5.20990490913,8111
5.22021198273,8110
5.22764897346,8109
5.22933697701,8108
5.24290108681,8107
5.24606609344,8106
5.28337812424,8105
5.29522895813,8104
5.2967839241,8103
5.29982709885,8102
5.30159807205,8101
5.30621290207,8100
5.30793905258,8099
5.30926609039,8098
5.32272410393,8097
5.33173894882,8096
5.33894610405,8095
5.34500002861,8094
5.35725903511,8093
5.35985994339,8092
5.36117696762,8091
5.3636200428,8090
5.36865305901,8089
5.39046406746,8088
5.39798808098,8087
5.39897012711,8086
5.40152096748,8085
5.41743302345,8084
5.41835212708,8083
5.43311810493,8082
5.44772005081,8081
5.45719099045,8080
5.46474909782,8079
5.46602106094,8078
5.47089004517,8077
5.47173690796,8076
5.47439098358,8075
5.47676301003,8074
5.47905111313,8073
5.48949408531,8072
5.49067306519,8071
5.50263905525,8070
5.51420593262,8069
5.5174100399,8068
5.52255105972,8067
5.52540898323,8066
5.52854204178,8065
5.53681397438,8064
5.5427570343,8063
5.5434589386,8062
5.56769800186,8061
5.57396912575,8060
5.59185791016,8059
5.59329795837,8058
5.60714793205,8057
5.61280202866,8056
5.61444592476,8055
5.62391710281,8054
5.62580895424,8053
5.62680792809,8052
5.63056302071,8051
5.63300013542,8050
5.63465595245,8049
5.64511203766,8048
5.66734004021,8047
5.67528390884,8046
5.6996691227,8045
5.71157503128,8044
5.71482300758,8043
5.71783709526,8042
5.71855998039,8041
5.72308301926,8040
5.72589898109,8039
5.73454713821,8038
5.76019001007,8037
5.76090502739,8036
5.76941990852,8035
5.77151012421,8034
5.77652096748,8033
5.77690505981,8032
5.78122210503,8031
5.78703093529,8030
5.78743100166,8029
5.7890291214,8028
5.81528306007,8027
5.81758093834,8026
5.81844902039,8025
5.81883311272,8024
5.82154297829,8023
5.85029602051,8022
5.85085010529,8021
5.87155199051,8020
5.88456296921,8019
5.8901860714,8018
5.89219903946,8017
5.90016913414,8016
5.90912604332,8015
5.94358301163,8014
5.94396305084,8013
5.9451789856,8012
5.95319604874,8011
5.95357608795,8010
5.96935391426,8009
5.97493290901,8008
5.98185491562,8007
5.99793505669,8006
6.00637412071,8005
6.00920701027,8004
6.01582193375,8003
6.02430891991,8002
6.02906799316,8001
6.04858803749,8000
6.05133390427,7999
6.05545711517,7998
6.05630397797,7997
6.06441402435,7996
6.08217000961,7995
6.08367490768,7994
6.08569598198,7993
6.08947491646,7992
6.09572601318,7991
6.10430908203,7990
6.11283493042,7989
6.1268260479,7988
6.13560891151,7987
6.1426949501,7986
6.15447902679,7985
6.16286611557,7984
6.17981600761,7983
6.18082404137,7982
6.18269705772,7981
6.18812203407,7980
6.19198608398,7979
6.20157909393,7978
6.20314002037,7977
6.2099480629,7976
6.21320009232,7975
6.23590993881,7974
6.23810100555,7973
6.24277806282,7972
6.24989199638,7971
6.25859594345,7970
6.26455593109,7969
6.26776790619,7968
6.27279400826,7967
6.28632211685,7966
6.29154896736,7965
6.30302095413,7964
6.3065969944,7963
6.30946111679,7962
6.30986595154,7961
6.31710290909,7960
6.31834101677,7959
6.31987690926,7958
6.32163405418,7957
6.33013606071,7956
6.35414004326,7955
6.36853909492,7954
6.37024593353,7953
6.38208794594,7952
6.38536000252,7951
6.3897819519,7950
6.39544510841,7949
6.3981089592,7948
6.40533590317,7947
6.40780711174,7946
6.44504404068,7945
6.44888210297,7944
6.45291209221,7943
6.45331406593,7942
6.48038291931,7941
6.48609900475,7940
6.48774194717,7939
6.51624512672,7938
6.51954197884,7937
6.53334593773,7936
6.5346031189,7935
6.54226398468,7934
6.5431830883,7933
6.54385900497,7932
6.5735039711,7931
6.57504892349,7930
6.5780570507,7929
6.61389994621,7928
6.62142491341,7927
6.62570309639,7926
6.64363098145,7925
6.6585149765,7924
6.66543793678,7923
6.68785309792,7922
6.69002890587,7921
6.70463395119,7920
6.72189998627,7919
6.72749209404,7918
6.72984409332,7917
6.73072004318,7916
6.74299502373,7915
6.75340199471,7914
6.75641608238,7913
6.76270198822,7912
6.76471710205,7911
6.78312110901,7910
6.78635597229,7909
6.800385952,7908
6.81403613091,7907
6.83266711235,7906
6.8439540863,7905
6.85289096832,7904
6.85480809212,7903
6.8572499752,7902
6.87372899055,7901
6.88154411316,7900
6.88409805298,7899
6.8851621151,7898
6.91710090637,7897
6.92406511307,7896
6.93206000328,7895
6.96109700203,7894
6.96685695648,7893
6.9712600708,7892
6.98102998734,7891
6.98155593872,7890
6.98357605934,7889
6.98863506317,7888
6.99475598335,7887
6.99988508224,7886
7.04173612595,7885
7.05536913872,7884
7.0616300106,7883
7.07861495018,7882
7.08084893227,7881
7.11587309837,7880
7.11714506149,7879
7.14288711548,7878
7.1580889225,7877
7.1596660614,7876
7.18238306046,7875
7.18358302116,7874
7.19322299957,7873
7.2007420063,7872
7.20751404762,7871
7.20860910416,7870
7.21347093582,7869
7.2163939476,7868
7.21724796295,7867
7.23882508278,7866
7.23938798904,7865
7.25511312485,7864
7.26960611343,7863
7.27777194977,7862
7.28734993935,7861
7.29903101921,7860
7.3082010746,7859
7.32348108292,7858
7.32429099083,7857
7.35336399078,7856
7.35748100281,7855
7.37648296356,7854
7.3769659996,7853
7.39078998566,7852
7.3924601078,7851
7.41052699089,7850
7.41658592224,7849
7.44744110107,7848
7.46146297455,7847
7.46746897697,7846
7.4828350544,7845
7.51015591621,7844
7.54374504089,7843
7.5827999115,7842
7.58770394325,7841
7.59737896919,7840
7.63206410408,7839
7.63696408272,7838
7.64085698128,7837
7.6435379982,7836
7.65289711952,7835
7.69183301926,7834
7.69637799263,7833
7.69960904121,7832
7.70744013786,7831
7.71483492851,7830
7.79817795753,7829
7.80199193954,7828
7.8116440773,7827
7.81201195717,7826
7.81718993187,7825
7.81923699379,7824
7.82450699806,7823
7.8592851162,7822
7.86857199669,7821
7.88451004028,7820
7.88917207718,7819
7.89751410484,7818
7.93680596352,7817
7.95395612717,7816
7.95777606964,7815
7.95963406563,7814
7.97710800171,7813
7.98117995262,7812
7.98226308823,7811
7.98912596703,7810
7.99500799179,7809
7.99896192551,7808
7.99948310852,7807
8.00595092773,7806
8.06878495216,7805
8.09044003487,7804
8.09261107445,7803
8.10029196739,7802
8.12100291252,7801
8.12254190445,7800
8.12296891212,7799
8.12539601326,7798
8.13451194763,7797
8.14514899254,7796
8.15837407112,7795
8.16369390488,7794
8.17678999901,7793
8.18104195595,7792
8.19127607346,7791
8.19424510002,7790
8.19643592834,7789
8.22025108337,7788
8.22702002525,7787
8.22843694687,7786
8.25104308128,7785
8.28847503662,7784
8.32142806053,7783
8.3261680603,7782
8.35732603073,7781
8.35988402367,7780
8.3799700737,7779
8.38722801208,7778
8.38872909546,7777
8.43097305298,7776
8.43771696091,7775
8.45194101334,7774
8.45613002777,7773
8.4641520977,7772
8.46936702728,7771
8.4699010849,7770
8.54473209381,7769
8.5690600872,7768
8.59044098854,7767
8.63232398033,7766
8.63926005363,7765
8.65578103065,7764
8.68436813354,7763
8.7491440773,7762
8.7851600647,7761
8.82104706764,7760
8.88279104233,7759
8.90646409988,7758
8.93058204651,7757
8.95543909073,7756
8.99675107002,7755
9.01133298874,7754
9.01379013062,7753
9.09102892876,7752
9.10691213608,7751
9.18395495415,7750
9.23683691025,7749
9.30634403229,7748
9.31113290787,7747
9.31716012955,7746
9.34230995178,7745
9.35315394402,7744
9.40260100365,7743
9.42839503288,7742
9.43389511108,7741
9.44225692749,7740
9.44457507133,7739
9.448168993,7738
9.44887208939,7737
9.48807907104,7736
9.52015209198,7735
9.52846193314,7734
9.53261399269,7733
9.55829811096,7732
9.57597208023,7731
9.57925009727,7730
9.60703611374,7729
9.62507510185,7728
9.65288901329,7727
9.65573310852,7726
9.66421604156,7725
9.72620010376,7724
9.73127508163,7723
9.74587893486,7722
9.80033493042,7721
9.82571411133,7720
9.86350393295,7719
9.87133097649,7718
9.8903169632,7717
9.92035698891,7716
9.92175602913,7715
9.93307495117,7714
9.9412560463,7713
9.94177508354,7712
9.94691491127,7711
9.99912691116,7710
10.1158459187,7709
10.1380879879,7708
10.1609470844,7707
10.1724429131,7706
10.1908609867,7705
10.2084269524,7704
10.2370269299,7703
10.2854549885,7702
10.2912869453,7701
10.3418431282,7700
10.3569600582,7699
10.3580350876,7698
10.3785710335,7697
10.3895959854,7696
10.3951830864,7695
10.4006550312,7694
10.4216849804,7693
10.4392669201,7692
10.4553909302,7691
10.4692919254,7690
10.5118029118,7689
10.5436990261,7688
10.5542860031,7687
10.6386070251,7686
10.6660881042,7685
10.8137700558,7684
10.8185310364,7683
10.8286631107,7682
10.9152879715,7681
10.9883079529,7680
11.0358119011,7679
11.0583350658,7678
11.0611510277,7677
11.1017229557,7676
11.139508009,7675
11.1418719292,7674
11.1448860168,7673
11.1708960533,7672
11.1895139217,7671
11.2225821018,7670
11.2351210117,7669
11.2483839989,7668
11.2684860229,7667
11.3024399281,7666
11.3304679394,7665
11.3558199406,7664
11.3587551117,7663
11.4572160244,7662
11.4789090157,7661
11.5565080643,7660
11.6181929111,7659
11.7199671268,7658
11.7336070538,7657
11.739356041,7656
11.7574329376,7655
11.9016261101,7654
11.9523539543,7653
12.0078480244,7652
12.0162699223,7651
12.0332069397,7650
12.0781269073,7649
12.1018710136,7648
12.1407659054,7647
12.1498680115,7646
12.2074999809,7645
12.2464311123,7644
12.3416130543,7643
12.4131150246,7642
12.4256329536,7641
12.5459270477,7640
12.6840000153,7639
12.6868789196,7638
12.7092370987,7637
12.758865118,7636
12.7768321037,7635
12.8345930576,7634
12.926733017,7633
12.9487509727,7632
12.9524509907,7631
13.0263710022,7630
13.1127240658,7629
13.1700339317,7628
13.1745810509,7627
13.1832959652,7626
13.3584890366,7625
13.4292609692,7624
13.5460169315,7623
13.5597760677,7622
13.7123069763,7621
13.7166011333,7620
13.73781991,7619
13.7606360912,7618
13.7619509697,7617
13.7836101055,7616
13.7848069668,7615
13.8892929554,7614
13.8897850513,7613
13.9325649738,7612
13.9871180058,7611
14.0052239895,7610
14.0069389343,7609
14.0936739445,7608
14.1681931019,7607
14.2148239613,7606
14.3080470562,7605
14.3175199032,7604
14.3573250771,7603
14.3651709557,7602
14.4446120262,7601
14.4931800365,7600
14.6429760456,7599
15.2519700527,7598
15.5674729347,7597
15.812515974,7596
15.8604581356,7595
15.8758089542,7594
15.8816540241,7593
16.0142009258,7592
16.0880489349,7591
16.4066309929,7590
16.4178910255,7589
16.4587371349,7588
16.5741701126,7587
16.7114539146,7586
16.7369549274,7585
16.8489699364,7584
17.0957291126,7583
17.3183720112,7582
17.3731760979,7581
17.3773970604,7580
17.4894299507,7579
17.6001291275,7578
17.8459789753,7577
18.1210379601,7576
18.296446085,7575
18.4003510475,7574
18.4900460243,7573
19.0612981319,7572
19.2845990658,7571
19.2989470959,7570
19.4247570038,7569
19.5843961239,7568
19.6190569401,7567
19.651268959,7566
19.8232109547,7565
19.9190781116,7564
19.9284110069,7563
20.2379260063,7562
20.3142750263,7561
34.4248390198,7560
34.7563040257,7559
34.7623500824,7558
35.0353550911,7557
35.255562067,7556
35.5121819973,7555
35.7036321163,7554
35.9481179714,7553
36.2895340919,7552
36.2927150726,7551
36.8571910858,7550
37.8480949402,7549
38.3475539684,7548
38.7983899117,7547
39.4449009895,7546
52.900247097,7545
53.0295479298,7544
53.0541241169,7543
53.2255089283,7542
53.695939064,7541
53.8710029125,7540
54.0449991226,7539
54.4016039371,7538
54.405559063,7537
54.4580659866,7536
54.7576560974,7535
54.8381769657,7534
54.9118471146,7533
55.3057370186,7532
55.3398199081,7531
56.1958699226,7530
57.6355481148,7529
57.934360981,7528
58.0427000523,7527
58.3902709484,7526
59.0273520947,7525
59.0820510387,7524
59.2040910721,7523
59.4855730534,7522
59.6713709831,7521
59.920758009,7520
72.2897770405,7519
72.6001689434,7518
73.1089990139,7517
73.3565840721,7516
73.9337320328,7515
74.3699500561,7514
74.4787940979,7513
75.0413351059,7512
75.447165966,7511
77.418200016,7510
78.1495001316,7509
78.2099299431,7508
78.4519650936,7507
78.5132861137,7506
78.8408761024,7505
78.9963929653,7504
93.4531319141,7503
93.4920659065,7502
93.5720999241,7501
93.7077310085,7500
93.7817659378,7499
94.123789072,7498
94.756592989,7497
94.9642601013,7496
96.2285709381,7495
116.359411001,7494
116.51060009,7493
117.740056038,7492
119.646640062,7491
120.838160992,7490
138.839482069,7489
139.21954608,7488
140.838884115,7487
141.864784002,7486
197.567843914,7485
197.608901024,7484
197.800342083,7483
198.222357988,7482
200.918353081,7481
239.286168098,7480
239.709501028,7479
239.784512043,7478
239.82000494,7477
241.395152092,7476
241.555014133,7475
343.222562075,7474
344.711944103,7473
348.305624008,7472
365.780309916,7471
366.820456028,7470
368.247453928,7469
382.63577795,7468
382.824209929,7467
382.965939999,7466
383.370549917,7465
383.458132982,7464
383.521757126,7463
383.789354086,7462
387.527344942,7461
392.328171968,7460
