0.0948979854584,11022
0.0953948497772,11021
0.0961308479309,11020
0.0966129302979,11019
0.0970439910889,11018
0.0974960327148,11017
0.0982270240784,11016
0.0990040302277,11015
0.0997400283813,11014
0.10015296936,11013
0.100633859634,11012
0.101465940475,11011
0.102190971375,11010
0.102732896805,11009
0.103213071823,11008
0.104094982147,11007
0.104652881622,11006
0.105299949646,11005
0.105746984482,11004
0.106395959854,11003
0.107081890106,11002
0.107748985291,11001
0.10826086998,11000
0.10893201828,10999
0.109835863113,10998
0.110687017441,10997
0.111672878265,10996
0.112097024918,10995
0.112825870514,10994
0.113250017166,10993
0.114110946655,10992
0.115063905716,10991
0.115830898285,10990
0.116703987122,10989
0.117172002792,10988
0.117617845535,10987
0.118488073349,10986
0.119506835938,10985
0.120174884796,10984
0.121114015579,10983
0.121943950653,10982
0.1224360466,10981
0.123312950134,10980
0.123892068863,10979
0.124620914459,10978
0.12553191185,10977
0.126152038574,10976
0.126848936081,10975
0.127424955368,10974
0.127888917923,10973
0.128303050995,10972
0.128820896149,10971
0.129874944687,10970
0.130784988403,10969
0.131296873093,10968
0.131952047348,10967
0.132745981216,10966
0.133460044861,10965
0.133882045746,10964
0.134755849838,10963
0.135208845139,10962
0.13571190834,10961
0.136224985123,10960
0.136710882187,10959
0.137362003326,10958
0.138023853302,10957
0.138767004013,10956
0.139472007751,10955
0.139981985092,10954
0.140951871872,10953
0.141664028168,10952
0.142544984818,10951
0.143025875092,10950
0.143528938293,10949
0.144033908844,10948
0.144538879395,10947
0.145504951477,10946
0.1461789608,10945
0.146803855896,10944
0.147284984589,10943
0.1479139328,10942
0.148375034332,10941
0.148879051208,10940
0.149363994598,10939
0.150239944458,10938
0.15074300766,10937
0.15120100975,10936
0.151955842972,10935
0.152606010437,10934
0.153324842453,10933
0.15376496315,10932
0.15421295166,10931
0.154670000076,10930
0.155761957169,10929
0.156254053116,10928
0.156733036041,10927
0.157230854034,10926
0.15790104866,10925
0.158701896667,10924
0.159570932388,10923
0.160405874252,10922
0.160929918289,10921
0.161443948746,10920
0.163298845291,10919
0.163946866989,10918
0.164851903915,10917
0.165408849716,10916
0.165917873383,10915
0.166743040085,10914
0.167293071747,10913
0.16819691658,10912
0.168937921524,10911
0.169450044632,10910
0.170352935791,10909
0.170809030533,10908
0.171313047409,10907
0.172029018402,10906
0.172894001007,10905
0.173346042633,10904
0.174172878265,10903
0.174665927887,10902
0.17539191246,10901
0.176279067993,10900
0.176728963852,10899
0.177129030228,10898
0.177599906921,10897
0.178042888641,10896
0.178576946259,10895
0.179405927658,10894
0.179879903793,10893
0.18038392067,10892
0.181220054626,10891
0.182345867157,10890
0.183264017105,10889
0.183758020401,10888
0.184449911118,10887
0.185323953629,10886
0.186136960983,10885
0.187002897263,10884
0.18789601326,10883
0.188446998596,10882
0.190887928009,10881
0.191669940948,10880
0.192352056503,10879
0.193675041199,10878
0.194175958633,10877
0.194581985474,10876
0.195448875427,10875
0.195971012115,10874
0.196828842163,10873
0.197272062302,10872
0.197965860367,10871
0.198945999146,10870
0.199393033981,10869
0.200397014618,10868
0.201128959656,10867
0.202466964722,10866
0.202962875366,10865
0.203464984894,10864
0.20387005806,10863
0.204385042191,10862
0.204899072647,10861
0.205335855484,10860
0.206763029099,10859
0.207697868347,10858
0.208190917969,10857
0.208817005157,10856
0.209465026855,10855
0.209961891174,10854
0.210461854935,10853
0.211221933365,10852
0.211910963058,10851
0.212359905243,10850
0.213003873825,10849
0.213486909866,10848
0.213980913162,10847
0.214869022369,10846
0.215870857239,10845
0.216569900513,10844
0.217498064041,10843
0.218086957932,10842
0.218580961227,10841
0.219472885132,10840
0.22061085701,10839
0.22142791748,10838
0.222228050232,10837
0.222720861435,10836
0.223136901855,10835
0.223876953125,10834
0.224360942841,10833
0.22505402565,10832
0.22548699379,10831
0.226928949356,10830
0.227797031403,10829
0.228302001953,10828
0.229080915451,10827
0.229730844498,10826
0.230788946152,10825
0.231251001358,10824
0.232434034348,10823
0.233170032501,10822
0.23362493515,10821
0.234101057053,10820
0.234600067139,10819
0.235827922821,10818
0.236811876297,10817
0.237601041794,10816
0.238080978394,10815
0.238492965698,10814
0.239398002625,10813
0.239902973175,10812
0.241013050079,10811
0.241495847702,10810
0.241973876953,10809
0.242416858673,10808
0.242816925049,10807
0.24330496788,10806
0.244299888611,10805
0.245491027832,10804
0.246178865433,10803
0.246716022491,10802
0.248005867004,10801
0.248663902283,10800
0.249165058136,10799
0.249675989151,10798
0.250174999237,10797
0.251504898071,10796
0.252191066742,10795
0.25263094902,10794
0.253398895264,10793
0.254256010056,10792
0.254866838455,10791
0.256278991699,10790
0.256814002991,10789
0.257322072983,10788
0.258098840714,10787
0.258538961411,10786
0.258980035782,10785
0.259920835495,10784
0.261080980301,10783
0.261947870255,10782
0.262378931046,10781
0.263046979904,10780
0.263517856598,10779
0.263936042786,10778
0.264946937561,10777
0.265409946442,10776
0.266196012497,10775
0.267062902451,10774
0.267520904541,10773
0.268202066422,10772
0.268741846085,10771
0.269233942032,10770
0.269794940948,10769
0.270276069641,10768
0.270967006683,10767
0.272070884705,10766
0.272897005081,10765
0.273521900177,10764
0.27422785759,10763
0.274636983871,10762
0.275193929672,10761
0.275987863541,10760
0.276847839355,10759
0.27755689621,10758
0.278378009796,10757
0.279098987579,10756
0.279581069946,10755
0.280282020569,10754
0.28169798851,10753
0.282099962234,10752
0.282758951187,10751
0.283218860626,10750
0.284265041351,10749
0.2847468853,10748
0.285250902176,10747
0.286015987396,10746
0.286874055862,10745
0.287725925446,10744
0.288229942322,10743
0.288962841034,10742
0.289761066437,10741
0.290605068207,10740
0.291499853134,10739
0.292276859283,10738
0.292752027512,10737
0.293550014496,10736
0.294307947159,10735
0.294999837875,10734
0.295439958572,10733
0.296123981476,10732
0.296808004379,10731
0.297544002533,10730
0.298050880432,10729
0.298863887787,10728
0.299324989319,10727
0.299732923508,10726
0.300364017487,10725
0.300801992416,10724
0.30273604393,10723
0.303474903107,10722
0.304400920868,10721
0.30489897728,10720
0.305428028107,10719
0.305986881256,10718
0.307775974274,10717
0.30869102478,10716
0.309403896332,10715
0.309887886047,10714
0.310724973679,10713
0.31175494194,10712
0.312502861023,10711
0.313493967056,10710
0.31397485733,10709
0.314586877823,10708
0.315265893936,10707
0.315764904022,10706
0.317173957825,10705
0.31844496727,10704
0.319141864777,10703
0.319645881653,10702
0.320155858994,10701
0.32101392746,10700
0.321701049805,10699
0.322679042816,10698
0.323161840439,10697
0.324118852615,10696
0.324579954147,10695
0.325475931168,10694
0.325968027115,10693
0.326712846756,10692
0.327591896057,10691
0.328697919846,10690
0.329359054565,10689
0.330451965332,10688
0.331290960312,10687
0.332180023193,10686
0.332989931107,10685
0.334110021591,10684
0.335016965866,10683
0.33763885498,10682
0.338259935379,10681
0.338824987411,10680
0.339473009109,10679
0.340039014816,10678
0.340677022934,10677
0.341560840607,10676
0.3429210186,10675
0.344722986221,10674
0.345665931702,10673
0.346173048019,10672
0.346678972244,10671
0.347228050232,10670
0.347979068756,10669
0.348940849304,10668
0.349740982056,10667
0.350569009781,10666
0.352169036865,10665
0.352846860886,10664
0.353473901749,10663
0.354109048843,10662
0.35468006134,10661
0.355273008347,10660
0.356361865997,10659
0.356966972351,10658
0.357526063919,10657
0.358125925064,10656
0.358847856522,10655
0.359375,10654
0.360197067261,10653
0.361186981201,10652
0.362192869186,10651
0.363761901855,10650
0.364557027817,10649
0.365550041199,10648
0.366450071335,10647
0.366914987564,10646
0.367393016815,10645
0.368412017822,10644
0.368999958038,10643
0.36957192421,10642
0.370542049408,10641
0.371211051941,10640
0.372037887573,10639
0.372622966766,10638
0.373132944107,10637
0.373658895493,10636
0.374258995056,10635
0.375115871429,10634
0.376272916794,10633
0.377244949341,10632
0.377939939499,10631
0.378893852234,10630
0.379651069641,10629
0.380229949951,10628
0.381202936172,10627
0.381770849228,10626
0.382354021072,10625
0.383571863174,10624
0.384199857712,10623
0.384764909744,10622
0.385557889938,10621
0.386287927628,10620
0.387081861496,10619
0.387634038925,10618
0.38938498497,10617
0.391480922699,10616
0.391970872879,10615
0.392477035522,10614
0.393118858337,10613
0.393905878067,10612
0.394510030746,10611
0.394988059998,10610
0.395499944687,10609
0.396432876587,10608
0.396862030029,10607
0.397959947586,10606
0.398428916931,10605
0.399169921875,10604
0.39969086647,10603
0.40034198761,10602
0.400826931,10601
0.401303052902,10600
0.401916027069,10599
0.402375936508,10598
0.403578042984,10597
0.404814004898,10596
0.405822038651,10595
0.40632390976,10594
0.407202005386,10593
0.408156871796,10592
0.409080982208,10591
0.40966796875,10590
0.410196065903,10589
0.410706996918,10588
0.411126852036,10587
0.411953926086,10586
0.412698984146,10585
0.413182973862,10584
0.413868904114,10583
0.414350032806,10582
0.414846897125,10581
0.415916919708,10580
0.416547060013,10579
0.417428970337,10578
0.417917966843,10577
0.418683052063,10576
0.419354915619,10575
0.420192956924,10574
0.42067193985,10573
0.421576023102,10572
0.422185897827,10571
0.423603057861,10570
0.424190044403,10569
0.425688028336,10568
0.426295995712,10567
0.426863908768,10566
0.427644968033,10565
0.428732872009,10564
0.429710865021,10563
0.430384874344,10562
0.431241989136,10561
0.432348012924,10560
0.433901071548,10559
0.434382915497,10558
0.435852050781,10557
0.436714887619,10556
0.437201023102,10555
0.438010931015,10554
0.439952850342,10553
0.440639019012,10552
0.441158056259,10551
0.442697048187,10550
0.443819999695,10549
0.444490909576,10548
0.445458889008,10547
0.447543859482,10546
0.448015928268,10545
0.449383974075,10544
0.449846029282,10543
0.450325012207,10542
0.450796842575,10541
0.451586961746,10540
0.452493906021,10539
0.452952861786,10538
0.453443050385,10537
0.454100847244,10536
0.454524040222,10535
0.455360889435,10534
0.457602024078,10533
0.458384037018,10532
0.458917856216,10531
0.460726976395,10530
0.46152806282,10529
0.462625980377,10528
0.463120937347,10527
0.464006900787,10526
0.464977025986,10525
0.46629691124,10524
0.466716051102,10523
0.467181921005,10522
0.467956066132,10521
0.468483924866,10520
0.469650030136,10519
0.470378875732,10518
0.471159934998,10517
0.472264051437,10516
0.473774909973,10515
0.47424197197,10514
0.474644899368,10513
0.475255012512,10512
0.476053953171,10511
0.477100849152,10510
0.477967023849,10509
0.479485988617,10508
0.480217933655,10507
0.480700969696,10506
0.482172966003,10505
0.482573986053,10504
0.48388004303,10503
0.484961986542,10502
0.485437870026,10501
0.486285924911,10500
0.486783027649,10499
0.487431049347,10498
0.488443851471,10497
0.489147901535,10496
0.489610910416,10495
0.491474866867,10494
0.492122888565,10493
0.493005037308,10492
0.494240045547,10491
0.494878053665,10490
0.495543956757,10489
0.496558904648,10488
0.497305870056,10487
0.498381853104,10486
0.498867034912,10485
0.49952507019,10484
0.499994039536,10483
0.50049996376,10482
0.502816915512,10481
0.503203868866,10480
0.503980875015,10479
0.504405975342,10478
0.505091905594,10477
0.50549697876,10476
0.505914926529,10475
0.506504058838,10474
0.509001016617,10473
0.509484052658,10472
0.510184049606,10471
0.510647058487,10470
0.51112985611,10469
0.511630058289,10468
0.512413024902,10467
0.512892961502,10466
0.514530897141,10465
0.515388011932,10464
0.516233921051,10463
0.517238855362,10462
0.519207954407,10461
0.519624948502,10460
0.521790027618,10459
0.522183895111,10458
0.522996902466,10457
0.523825883865,10456
0.524548053741,10455
0.525511026382,10454
0.526777029037,10453
0.527255058289,10452
0.527750968933,10451
0.528404951096,10450
0.529238939285,10449
0.530071020126,10448
0.531486034393,10447
0.531952857971,10446
0.532716035843,10445
0.533185958862,10444
0.534747838974,10443
0.535197973251,10442
0.535799026489,10441
0.536377906799,10440
0.537106990814,10439
0.538151979446,10438
0.538624048233,10437
0.539590835571,10436
0.540030002594,10435
0.540495872498,10434
0.541347980499,10433
0.542144060135,10432
0.542796850204,10431
0.544187068939,10430
0.545600891113,10429
0.546728849411,10428
0.547131061554,10427
0.547627925873,10426
0.548436880112,10425
0.55131983757,10424
0.552070856094,10423
0.552917957306,10422
0.553362846375,10421
0.553833961487,10420
0.554440021515,10419
0.555444955826,10418
0.556823968887,10417
0.557348966599,10416
0.557936906815,10415
0.559110879898,10414
0.560023069382,10413
0.560726881027,10412
0.562154054642,10411
0.563175916672,10410
0.564311981201,10409
0.564772844315,10408
0.566956043243,10407
0.567885875702,10406
0.569306850433,10405
0.570001840591,10404
0.570497989655,10403
0.570986032486,10402
0.572378873825,10401
0.573215007782,10400
0.57425904274,10399
0.574781894684,10398
0.575535058975,10397
0.576601028442,10396
0.577383041382,10395
0.578189849854,10394
0.579424858093,10393
0.580307006836,10392
0.580791950226,10391
0.581462860107,10390
0.582102060318,10389
0.582607030869,10388
0.583348989487,10387
0.584045886993,10386
0.584930896759,10385
0.585798978806,10384
0.58775806427,10383
0.588423013687,10382
0.589127063751,10381
0.589560985565,10380
0.590232849121,10379
0.590671062469,10378
0.591389894485,10377
0.592952013016,10376
0.593441963196,10375
0.593972921371,10374
0.595761060715,10373
0.596457958221,10372
0.596962928772,10371
0.59880399704,10370
0.599735975266,10369
0.60062289238,10368
0.60111784935,10367
0.601552963257,10366
0.602334976196,10365
0.603949069977,10364
0.604907035828,10363
0.606585025787,10362
0.607034921646,10361
0.608118057251,10360
0.608588933945,10359
0.609662055969,10358
0.610343933105,10357
0.610759019852,10356
0.61120891571,10355
0.611796855927,10354
0.612407922745,10353
0.612863063812,10352
0.613379955292,10351
0.614722013474,10350
0.615211963654,10349
0.616036891937,10348
0.617756843567,10347
0.618854045868,10346
0.619541883469,10345
0.620002985001,10344
0.620476007462,10343
0.621732950211,10342
0.622470855713,10341
0.62543296814,10340
0.626415014267,10339
0.627161026001,10338
0.628025054932,10337
0.628509998322,10336
0.629076957703,10335
0.629613876343,10334
0.630109071732,10333
0.631789922714,10332
0.632304906845,10331
0.633022069931,10330
0.633637905121,10329
0.634302854538,10328
0.635155916214,10327
0.635997056961,10326
0.637506961823,10325
0.637980937958,10324
0.640224933624,10323
0.641473054886,10322
0.642118930817,10321
0.642544031143,10320
0.643671989441,10319
0.64438700676,10318
0.644836902618,10317
0.645253896713,10316
0.646821022034,10315
0.647557973862,10314
0.648160934448,10313
0.648561000824,10312
0.649407863617,10311
0.651108980179,10310
0.651638031006,10309
0.652950048447,10308
0.653818845749,10307
0.654412984848,10306
0.65499997139,10305
0.655472993851,10304
0.656507968903,10303
0.656997919083,10302
0.657736063004,10301
0.658375024796,10300
0.660033941269,10299
0.660868883133,10298
0.661282062531,10297
0.662519931793,10296
0.663754940033,10295
0.666568994522,10294
0.667871952057,10293
0.668356895447,10292
0.673128843307,10291
0.674219846725,10290
0.674911022186,10289
0.676023006439,10288
0.677382946014,10287
0.678266048431,10286
0.678868055344,10285
0.679767847061,10284
0.681642055511,10283
0.682234048843,10282
0.683476924896,10281
0.686686038971,10280
0.688953876495,10279
0.691437959671,10278
0.692004919052,10277
0.692754983902,10276
0.696116924286,10275
0.697886943817,10274
0.699176073074,10273
0.699863910675,10272
0.700588941574,10271
0.701128959656,10270
0.701891899109,10269
0.702455043793,10268
0.703441858292,10267
0.704756975174,10266
0.706465005875,10265
0.707040071487,10264
0.707625865936,10263
0.708572864532,10262
0.710145950317,10261
0.710819959641,10260
0.711796998978,10259
0.712442874908,10258
0.713294029236,10257
0.713763952255,10256
0.714273929596,10255
0.716657876968,10254
0.718201875687,10253
0.719084024429,10252
0.721576929092,10251
0.722046852112,10250
0.722533941269,10249
0.724957942963,10248
0.725587844849,10247
0.727427005768,10246
0.729198932648,10245
0.729672908783,10244
0.730390071869,10243
0.731613874435,10242
0.732624053955,10241
0.733103990555,10240
0.734223842621,10239
0.734946012497,10238
0.736400842667,10237
0.736868858337,10236
0.737848043442,10235
0.738293886185,10234
0.738774061203,10233
0.73979306221,10232
0.741102933884,10231
0.7415599823,10230
0.742760896683,10229
0.744646072388,10228
0.745136976242,10227
0.746557950974,10226
0.747221946716,10225
0.748476982117,10224
0.748955965042,10223
0.751127004623,10222
0.751610994339,10221
0.752099990845,10220
0.752804994583,10219
0.753504991531,10218
0.75415802002,10217
0.754777908325,10216
0.755396842957,10215
0.757772922516,10214
0.758635044098,10213
0.759876966476,10212
0.761117935181,10211
0.76222205162,10210
0.763433933258,10209
0.765291929245,10208
0.765724897385,10207
0.767555952072,10206
0.768064975739,10205
0.768494844437,10204
0.769033908844,10203
0.770063877106,10202
0.77154302597,10201
0.772295951843,10200
0.773537874222,10199
0.774410963058,10198
0.775539875031,10197
0.776146888733,10196
0.777652978897,10195
0.779350042343,10194
0.780063867569,10193
0.781002044678,10192
0.782585859299,10191
0.783098936081,10190
0.78396987915,10189
0.784785032272,10188
0.785682916641,10187
0.786303043365,10186
0.786718845367,10185
0.787814855576,10184
0.788941860199,10183
0.789530038834,10182
0.790313005447,10181
0.790964841843,10180
0.793035030365,10179
0.795352935791,10178
0.796642065048,10177
0.801806926727,10176
0.803904056549,10175
0.807194948196,10174
0.809510946274,10173
0.810044050217,10172
0.811007976532,10171
0.812003850937,10170
0.812916994095,10169
0.813369989395,10168
0.814262866974,10167
0.815588951111,10166
0.818202018738,10165
0.820297956467,10164
0.822509050369,10163
0.82315993309,10162
0.82386302948,10161
0.827524900436,10160
0.828002929688,10159
0.828467845917,10158
0.83015704155,10157
0.831843852997,10156
0.832603931427,10155
0.835131883621,10154
0.836457014084,10153
0.837467908859,10152
0.83794593811,10151
0.840065956116,10150
0.840921878815,10149
0.842205047607,10148
0.842838048935,10147
0.843504905701,10146
0.844126939774,10145
0.844814062119,10144
0.845275878906,10143
0.845751047134,10142
0.846817016602,10141
0.848093986511,10140
0.848556995392,10139
0.851280927658,10138
0.85351896286,10137
0.853983879089,10136
0.855768918991,10135
0.856242895126,10134
0.856940031052,10133
0.857547044754,10132
0.85843205452,10131
0.8598549366,10130
0.860929012299,10129
0.861400842667,10128
0.861839056015,10127
0.865530967712,10126
0.866522073746,10125
0.867668867111,10124
0.869004011154,10123
0.870131015778,10122
0.870975971222,10121
0.871492862701,10120
0.87247800827,10119
0.876440048218,10118
0.877117872238,10117
0.877549886703,10116
0.879636049271,10115
0.880342960358,10114
0.880993843079,10113
0.882493972778,10112
0.883672952652,10111
0.886029958725,10110
0.886703968048,10109
0.88929605484,10108
0.890712022781,10107
0.891299962997,10106
0.892575979233,10105
0.89352107048,10104
0.894012928009,10103
0.895364046097,10102
0.89587187767,10101
0.896760940552,10100
0.897608041763,10099
0.898411035538,10098
0.898913860321,10097
0.899621009827,10096
0.900047063828,10095
0.900754928589,10094
0.90193605423,10093
0.903146982193,10092
0.904625892639,10091
0.905778884888,10090
0.908656835556,10089
0.914255857468,10088
0.91587805748,10087
0.919142007828,10086
0.920446872711,10085
0.921484947205,10084
0.92223405838,10083
0.923024892807,10082
0.923861980438,10081
0.92490696907,10080
0.926074028015,10079
0.926568984985,10078
0.927255868912,10077
0.927753925323,10076
0.928678035736,10075
0.929965019226,10074
0.930462837219,10073
0.930968999863,10072
0.932992935181,10071
0.933554887772,10070
0.93404006958,10069
0.935904026031,10068
0.938259840012,10067
0.941046953201,10066
0.942065954208,10065
0.942677974701,10064
0.944052934647,10063
0.944772005081,10062
0.947947025299,10061
0.949007987976,10060
0.949523925781,10059
0.950562000275,10058
0.951153993607,10057
0.952560901642,10056
0.953063964844,10055
0.954900979996,10054
0.955776929855,10053
0.956266880035,10052
0.956722021103,10051
0.958050012589,10050
0.959027051926,10049
0.960340976715,10048
0.962903022766,10047
0.963780879974,10046
0.964424848557,10045
0.96493601799,10044
0.966063976288,10043
0.967834949493,10042
0.968517065048,10041
0.969413995743,10040
0.970783948898,10039
0.971281051636,10038
0.972424030304,10037
0.972902059555,10036
0.973937988281,10035
0.97692990303,10034
0.977846860886,10033
0.97890496254,10032
0.979984998703,10031
0.983721971512,10030
0.985980033875,10029
0.988489866257,10028
0.989004850388,10027
0.989511013031,10026
0.990206956863,10025
0.991312026978,10024
0.991946935654,10023
0.992802858353,10022
0.994104862213,10021
0.994996070862,10020
0.995892047882,10019
0.996985912323,10018
0.997984886169,10017
1.00012683868,10016
1.00248289108,10015
1.00314307213,10014
1.00391101837,10013
1.00542593002,10012
1.00587487221,10011
1.00701189041,10010
1.00784993172,10009
1.00835990906,10008
1.00924992561,10007
1.00990891457,10006
1.01157593727,10005
1.01348900795,10004
1.01401805878,10003
1.01557087898,10002
1.01610183716,10001
1.01660704613,10000
1.01732587814,9999
1.01780486107,9998
1.01932907104,9997
1.02015900612,9996
1.02094006538,9995
1.02143406868,9994
1.02210402489,9993
1.02488803864,9992
1.02548193932,9991
1.02600693703,9990
1.02945184708,9989
1.0335559845,9988
1.03624486923,9987
1.0369720459,9986
1.04025292397,9985
1.04110097885,9984
1.04201006889,9983
1.04343986511,9982
1.04448103905,9981
1.04501605034,9980
1.04560089111,9979
1.04666996002,9978
1.04775905609,9977
1.04822492599,9976
1.04959702492,9975
1.05004787445,9974
1.05348491669,9973
1.05441784859,9972
1.05510306358,9971
1.05663299561,9970
1.05849385262,9969
1.06012201309,9968
1.06084299088,9967
1.0612950325,9966
1.06277489662,9965
1.06350803375,9964
1.06623291969,9963
1.0688290596,9962
1.06965398788,9961
1.07015585899,9960
1.07058286667,9959
1.07154488564,9958
1.07213807106,9957
1.07298088074,9956
1.07536697388,9955
1.07603001595,9954
1.0765349865,9953
1.07730484009,9952
1.07815384865,9951
1.07878088951,9950
1.07942199707,9949
1.08004784584,9948
1.082654953,9947
1.08338785172,9946
1.08444285393,9945
1.0850789547,9944
1.08719396591,9943
1.08836483955,9942
1.08971500397,9941
1.0908780098,9940
1.0932700634,9939
1.09406399727,9938
1.09611392021,9937
1.09672284126,9936
1.09805488586,9935
1.09978604317,9934
1.1006629467,9933
1.10120105743,9932
1.10229301453,9931
1.10317087173,9930
1.10373497009,9929
1.10431694984,9928
1.106539011,9927
1.10705184937,9926
1.11055898666,9925
1.11141085625,9924
1.11242890358,9923
1.11306786537,9922
1.11376786232,9921
1.11454105377,9920
1.11543107033,9919
1.11593699455,9918
1.11840295792,9917
1.12032294273,9916
1.12077403069,9915
1.12135386467,9914
1.12181687355,9913
1.12252902985,9912
1.12304091454,9911
1.12540888786,9910
1.12839794159,9909
1.12893390656,9908
1.13305401802,9907
1.13444399834,9906
1.13552498817,9905
1.13600897789,9904
1.13673996925,9903
1.13722586632,9902
1.13787484169,9901
1.13860797882,9900
1.13993597031,9899
1.14053893089,9898
1.14299702644,9897
1.14367485046,9896
1.14483594894,9895
1.14635205269,9894
1.14716386795,9893
1.14757299423,9892
1.14824390411,9891
1.14902997017,9890
1.15041995049,9889
1.15222787857,9888
1.15275096893,9887
1.15326285362,9886
1.15375900269,9885
1.1545958519,9884
1.15565299988,9883
1.15616893768,9882
1.15691184998,9881
1.15740084648,9880
1.15789794922,9879
1.15949892998,9878
1.16033101082,9877
1.16112303734,9876
1.16160488129,9875
1.16323184967,9874
1.1637198925,9873
1.16433286667,9872
1.16507291794,9871
1.16597104073,9870
1.16691303253,9869
1.1688079834,9868
1.16969490051,9867
1.17079687119,9866
1.17153787613,9865
1.17451405525,9864
1.17661094666,9863
1.17730903625,9862
1.1783080101,9861
1.17913889885,9860
1.17982888222,9859
1.18295097351,9858
1.18345093727,9857
1.18391704559,9856
1.18472886086,9855
1.18544006348,9854
1.18823194504,9853
1.18873786926,9852
1.18947887421,9851
1.18986988068,9850
1.19035291672,9849
1.19189405441,9848
1.19234085083,9847
1.19279694557,9846
1.19526290894,9845
1.19668292999,9844
1.19793605804,9843
1.19892406464,9842
1.19982385635,9841
1.20094895363,9840
1.20246100426,9839
1.20295500755,9838
1.20401787758,9837
1.2046880722,9836
1.20552802086,9835
1.20639896393,9834
1.2068810463,9833
1.20855283737,9832
1.20978593826,9831
1.21088695526,9830
1.2119820118,9829
1.212900877,9828
1.21346592903,9827
1.21424794197,9826
1.21553707123,9825
1.21706986427,9824
1.21851396561,9823
1.21914100647,9822
1.22100806236,9821
1.22311997414,9820
1.22402691841,9819
1.2244758606,9818
1.22556805611,9817
1.22841906548,9816
1.22905302048,9815
1.23005795479,9814
1.23102092743,9813
1.23169398308,9812
1.2328209877,9811
1.23330593109,9810
1.23510694504,9809
1.23717403412,9808
1.23800706863,9807
1.23906803131,9806
1.23957490921,9805
1.24060702324,9804
1.24118995667,9803
1.2428278923,9802
1.24388384819,9801
1.24448299408,9800
1.24508404732,9799
1.24589085579,9798
1.24702191353,9797
1.2480070591,9796
1.24999284744,9795
1.25199985504,9794
1.25310492516,9793
1.25363492966,9792
1.25412392616,9791
1.25587105751,9790
1.25634598732,9789
1.25684905052,9788
1.25988507271,9787
1.26198101044,9786
1.26262593269,9785
1.26613092422,9784
1.26667284966,9783
1.26779985428,9782
1.26924085617,9781
1.2703139782,9780
1.27074885368,9779
1.27130293846,9778
1.27182388306,9777
1.27364301682,9776
1.27487897873,9775
1.2756319046,9774
1.27903389931,9773
1.28011989594,9772
1.28060889244,9771
1.28373503685,9770
1.28439688683,9769
1.28514504433,9768
1.28577303886,9767
1.28645896912,9766
1.28824901581,9765
1.29019904137,9764
1.29065585136,9763
1.29139089584,9762
1.29381895065,9761
1.29666304588,9760
1.29874205589,9759
1.30251598358,9758
1.30504894257,9757
1.30556488037,9756
1.30702090263,9755
1.30816507339,9754
1.3101708889,9753
1.31119894981,9752
1.31237697601,9751
1.31448507309,9750
1.3149459362,9749
1.31545591354,9748
1.31738805771,9747
1.31850886345,9746
1.31964588165,9745
1.32211089134,9744
1.32461190224,9743
1.32523703575,9742
1.32730603218,9741
1.32816290855,9740
1.32876801491,9739
1.32973003387,9738
1.33096385002,9737
1.33315205574,9736
1.3340780735,9735
1.33578085899,9734
1.33631300926,9733
1.33808588982,9732
1.34001302719,9731
1.34058403969,9730
1.34655404091,9729
1.34892606735,9728
1.3500649929,9727
1.35057592392,9726
1.35245704651,9725
1.35385394096,9724
1.35544490814,9723
1.35631084442,9722
1.35728883743,9721
1.35979294777,9720
1.36297798157,9719
1.36422300339,9718
1.36905384064,9717
1.37008905411,9716
1.37123703957,9715
1.37208199501,9714
1.3739669323,9713
1.37738204002,9712
1.3783159256,9711
1.38138794899,9710
1.38317203522,9709
1.38371801376,9708
1.38448500633,9707
1.38854289055,9706
1.39072585106,9705
1.391258955,9704
1.39220690727,9703
1.39660000801,9702
1.39735102654,9701
1.39785695076,9700
1.39908099174,9699
1.40106487274,9698
1.40658402443,9697
1.40707588196,9696
1.40759205818,9695
1.40835404396,9694
1.41008400917,9693
1.41104793549,9692
1.41175889969,9691
1.41242790222,9690
1.41323900223,9689
1.41374897957,9688
1.41447091103,9687
1.41725897789,9686
1.41824698448,9685
1.41901683807,9684
1.41968488693,9683
1.4202029705,9682
1.4217839241,9681
1.42227888107,9680
1.42404294014,9679
1.42603707314,9678
1.42655205727,9677
1.42710590363,9676
1.42855095863,9675
1.43007087708,9674
1.43063902855,9673
1.43233585358,9672
1.43399906158,9671
1.43487501144,9670
1.43641090393,9669
1.43733096123,9668
1.43805885315,9667
1.43852591515,9666
1.43917298317,9665
1.43976688385,9664
1.44152092934,9663
1.44347691536,9662
1.44447588921,9661
1.44606184959,9660
1.44877004623,9659
1.44929504395,9658
1.451130867,9657
1.45197701454,9656
1.45297384262,9655
1.45559692383,9654
1.45608592033,9653
1.45707201958,9652
1.45774006844,9651
1.45894598961,9650
1.45957398415,9649
1.46096491814,9648
1.46396303177,9647
1.46722793579,9646
1.46832084656,9645
1.47034096718,9644
1.47156596184,9643
1.47227406502,9642
1.47287893295,9641
1.47338485718,9640
1.47391295433,9639
1.47443890572,9638
1.47507286072,9637
1.47633290291,9636
1.47727489471,9635
1.478069067,9634
1.47905492783,9633
1.48250985146,9632
1.48298192024,9631
1.48541593552,9630
1.48888087273,9629
1.4902279377,9628
1.49098801613,9627
1.49486589432,9626
1.49588489532,9625
1.49685287476,9624
1.49939203262,9623
1.50034284592,9622
1.50109386444,9621
1.50538086891,9620
1.50587296486,9619
1.50638198853,9618
1.50713801384,9617
1.50802493095,9616
1.50903391838,9615
1.50970602036,9614
1.51073098183,9613
1.51302099228,9612
1.51350498199,9611
1.51399087906,9610
1.51583504677,9609
1.51633191109,9608
1.51702404022,9607
1.51752686501,9606
1.51820206642,9605
1.51858901978,9604
1.52194690704,9603
1.523665905,9602
1.52484583855,9601
1.5276799202,9600
1.52874684334,9599
1.53003907204,9598
1.53318691254,9597
1.53440284729,9596
1.53500795364,9595
1.53741788864,9594
1.53786301613,9593
1.53960490227,9592
1.53997588158,9591
1.54103684425,9590
1.54173207283,9589
1.54232907295,9588
1.54361891747,9587
1.54447889328,9586
1.5464360714,9585
1.5485599041,9584
1.54948306084,9583
1.5502910614,9582
1.55178403854,9581
1.55631184578,9580
1.55716395378,9579
1.55774784088,9578
1.55945301056,9577
1.56003904343,9576
1.561013937,9575
1.56145501137,9574
1.56188297272,9573
1.56303501129,9572
1.56385803223,9571
1.56593799591,9570
1.56739902496,9569
1.56833100319,9568
1.57101106644,9567
1.57447600365,9566
1.57489585876,9565
1.57552289963,9564
1.57952404022,9563
1.58037304878,9562
1.58256697655,9561
1.58426594734,9560
1.58636498451,9559
1.58719301224,9558
1.58806586266,9557
1.5919508934,9556
1.59342503548,9555
1.59391999245,9554
1.59464287758,9553
1.59514093399,9552
1.59617304802,9551
1.59658503532,9550
1.59763503075,9549
1.5994079113,9548
1.60070085526,9547
1.60534095764,9546
1.60599803925,9545
1.60823702812,9544
1.61002993584,9543
1.6120018959,9542
1.61281299591,9541
1.61467289925,9540
1.61508893967,9539
1.61679196358,9538
1.62087202072,9537
1.62176704407,9536
1.62491583824,9535
1.62609195709,9534
1.62769198418,9533
1.63129901886,9532
1.6317589283,9531
1.63246703148,9530
1.6341278553,9529
1.63492488861,9528
1.63713598251,9527
1.63833498955,9526
1.64027500153,9525
1.64469790459,9524
1.6452050209,9523
1.6469950676,9522
1.64742898941,9521
1.65007996559,9520
1.65056991577,9519
1.65098500252,9518
1.65261387825,9517
1.65316796303,9516
1.65627098083,9515
1.65671992302,9514
1.65718197823,9513
1.65763401985,9512
1.65928006172,9511
1.6597340107,9510
1.66084098816,9509
1.66348004341,9508
1.66438794136,9507
1.6658039093,9506
1.66627693176,9505
1.66721892357,9504
1.66782903671,9503
1.66919183731,9502
1.66986584663,9501
1.67068791389,9500
1.67337703705,9499
1.67747497559,9498
1.67887306213,9497
1.68137097359,9496
1.68228793144,9495
1.6831638813,9494
1.68424391747,9493
1.68486595154,9492
1.68585300446,9491
1.68654203415,9490
1.68698692322,9489
1.68761491776,9488
1.69020295143,9487
1.69128894806,9486
1.69230389595,9485
1.69276690483,9484
1.69337892532,9483
1.6945309639,9482
1.69516205788,9481
1.69580292702,9480
1.69621992111,9479
1.69738388062,9478
1.7004070282,9477
1.70087099075,9476
1.70143294334,9475
1.70256304741,9474
1.70309305191,9473
1.70381402969,9472
1.70476984978,9471
1.70657801628,9470
1.70997595787,9469
1.71138691902,9468
1.7123708725,9467
1.71458792686,9466
1.71504092216,9465
1.71768689156,9464
1.72038698196,9463
1.72099804878,9462
1.72163486481,9461
1.72269201279,9460
1.7231400013,9459
1.72560596466,9458
1.72646594048,9457
1.72922801971,9456
1.72978305817,9455
1.73370885849,9454
1.73449993134,9453
1.73697590828,9452
1.73947906494,9451
1.74064207077,9450
1.74261283875,9449
1.7458999157,9448
1.75365304947,9447
1.75567793846,9446
1.75907588005,9445
1.76081585884,9444
1.76172089577,9443
1.76304388046,9442
1.76362586021,9441
1.76487994194,9440
1.76566886902,9439
1.76638197899,9438
1.76676487923,9437
1.76720905304,9436
1.77122306824,9435
1.77185106277,9434
1.77452397346,9433
1.77495288849,9432
1.77581906319,9431
1.77745485306,9430
1.77893590927,9429
1.78097891808,9428
1.78177285194,9427
1.78900885582,9426
1.79148888588,9425
1.791918993,9424
1.79274201393,9423
1.79316806793,9422
1.79548692703,9421
1.79629206657,9420
1.79680395126,9419
1.79764986038,9418
1.79929685593,9417
1.80382704735,9416
1.80694198608,9415
1.80734586716,9414
1.81129193306,9413
1.81170201302,9412
1.81409907341,9411
1.81500101089,9410
1.81725096703,9409
1.81871891022,9408
1.81923890114,9407
1.81971096992,9406
1.82437896729,9405
1.82650589943,9404
1.83081388474,9403
1.83128094673,9402
1.83168888092,9401
1.83214688301,9400
1.8347389698,9399
1.83589196205,9398
1.83681488037,9397
1.83718299866,9396
1.84013605118,9395
1.84282302856,9394
1.84449291229,9393
1.84490895271,9392
1.84679698944,9391
1.84733700752,9390
1.85178303719,9389
1.85240602493,9388
1.85399198532,9387
1.8561668396,9386
1.85960483551,9385
1.86011695862,9384
1.86066889763,9383
1.86118793488,9382
1.86192798615,9381
1.86314797401,9380
1.86798000336,9379
1.86946105957,9378
1.86996889114,9377
1.87124204636,9376
1.87216997147,9375
1.87326097488,9374
1.87372303009,9373
1.87482786179,9372
1.87742805481,9371
1.87963891029,9370
1.88112187386,9369
1.88210296631,9368
1.88302397728,9367
1.88523793221,9366
1.88890504837,9365
1.89026904106,9364
1.89391303062,9363
1.89436006546,9362
1.8952858448,9361
1.89686584473,9360
1.89848399162,9359
1.89931201935,9358
1.90008687973,9357
1.90113687515,9356
1.90296697617,9355
1.90525007248,9354
1.90675806999,9353
1.90720200539,9352
1.90925884247,9351
1.9120850563,9350
1.91481184959,9349
1.91728401184,9348
1.92100000381,9347
1.92222690582,9346
1.92631292343,9345
1.92683506012,9344
1.92779302597,9343
1.92825293541,9342
1.92871499062,9341
1.93042993546,9340
1.93094396591,9339
1.93140006065,9338
1.93277192116,9337
1.9337978363,9336
1.93424391747,9335
1.93513798714,9334
1.93710303307,9333
1.93869304657,9332
1.94044494629,9331
1.94146490097,9330
1.94197201729,9329
1.9430680275,9328
1.9436788559,9327
1.94505286217,9326
1.94761586189,9325
1.94883704185,9324
1.94947600365,9323
1.95012593269,9322
1.95119094849,9321
1.95173597336,9320
1.95224094391,9319
1.95270395279,9318
1.95318198204,9317
1.95374703407,9316
1.95434594154,9315
1.95558691025,9314
1.95841383934,9313
1.96195602417,9312
1.96287798882,9311
1.96371102333,9310
1.96622490883,9309
1.9670009613,9308
1.96868991852,9307
1.96948099136,9306
1.96996092796,9305
1.9709789753,9304
1.97241592407,9303
1.97305488586,9302
1.97730898857,9301
1.97841691971,9300
1.97977805138,9299
1.98089504242,9298
1.98148202896,9297
1.98193693161,9296
1.98321986198,9295
1.98460292816,9294
1.98664283752,9293
1.98916006088,9292
1.98994994164,9291
1.99428391457,9290
1.99478983879,9289
1.9958589077,9288
1.99636888504,9287
1.99718904495,9286
1.99833703041,9285
1.9987988472,9284
2.00275993347,9283
2.00429987907,9282
2.00479698181,9281
2.00638103485,9280
2.00915288925,9279
2.01054000854,9278
2.01181793213,9277
2.01229405403,9276
2.01430392265,9275
2.0161690712,9274
2.01687097549,9273
2.01834893227,9272
2.01981091499,9271
2.02083992958,9270
2.02362203598,9269
2.0252699852,9268
2.02660703659,9267
2.0293200016,9266
2.02977490425,9265
2.03398704529,9264
2.03438186646,9263
2.03553986549,9262
2.03595995903,9261
2.03911495209,9260
2.04202604294,9259
2.04246997833,9258
2.04440999031,9257
2.0458688736,9256
2.04626893997,9255
2.04763102531,9254
2.04806303978,9253
2.0504488945,9252
2.05177783966,9251
2.0521800518,9250
2.05259799957,9249
2.05304694176,9248
2.05445599556,9247
2.05490589142,9246
2.05530405045,9245
2.05574584007,9244
2.05719184875,9243
2.05852603912,9242
2.05973887444,9241
2.06059885025,9240
2.06252789497,9239
2.06320500374,9238
2.0638718605,9237
2.06580591202,9236
2.06643295288,9235
2.06722402573,9234
2.07333302498,9233
2.07395195961,9232
2.07754993439,9231
2.07795500755,9230
2.07983589172,9229
2.08025789261,9228
2.0808429718,9227
2.0843770504,9226
2.08703494072,9225
2.08818101883,9224
2.09116196632,9223
2.09720206261,9222
2.09828090668,9221
2.10009288788,9220
2.10264492035,9219
2.10526585579,9218
2.10723805428,9217
2.10841298103,9216
2.10964798927,9215
2.11009192467,9214
2.11087989807,9213
2.11529803276,9212
2.11574602127,9211
2.11660885811,9210
2.11706805229,9209
2.11822795868,9208
2.11922502518,9207
2.11966204643,9206
2.12010502815,9205
2.13097596169,9204
2.13253903389,9203
2.13538002968,9202
2.13576984406,9201
2.13640189171,9200
2.13803696632,9199
2.14040994644,9198
2.14104104042,9197
2.14335894585,9196
2.14430785179,9195
2.14541292191,9194
2.14586186409,9193
2.14787602425,9192
2.15056204796,9191
2.15314984322,9190
2.15414595604,9189
2.15484786034,9188
2.15525603294,9187
2.15762996674,9186
2.15909695625,9185
2.15946388245,9184
2.16010403633,9183
2.1620080471,9182
2.1632900238,9181
2.1639509201,9180
2.16709899902,9179
2.16810894012,9178
2.16876196861,9177
2.17108488083,9176
2.17255592346,9175
2.17838191986,9174
2.17976284027,9173
2.18255400658,9172
2.18602800369,9171
2.1864259243,9170
2.18718004227,9169
2.19196987152,9168
2.19244098663,9167
2.1934568882,9166
2.19539093971,9165
2.19592189789,9164
2.19719099998,9163
2.19803094864,9162
2.19847583771,9161
2.2039399147,9160
2.20500588417,9159
2.20565295219,9158
2.21358084679,9157
2.21478891373,9156
2.21685504913,9155
2.21756005287,9154
2.21800494194,9153
2.22094893456,9152
2.2214448452,9151
2.22328186035,9150
2.22393488884,9149
2.22490787506,9148
2.22643685341,9147
2.22684192657,9146
2.22727704048,9145
2.22789597511,9144
2.22870492935,9143
2.2308549881,9142
2.23125696182,9141
2.23445701599,9140
2.23527503014,9139
2.24016690254,9138
2.24056196213,9137
2.24095487595,9136
2.24266791344,9135
2.24306988716,9134
2.24491000175,9133
2.2453558445,9132
2.24576306343,9131
2.24961590767,9130
2.25164890289,9129
2.25210499763,9128
2.25333094597,9127
2.25492501259,9126
2.25536489487,9125
2.25618290901,9124
2.25680994987,9123
2.25853204727,9122
2.25893592834,9121
2.26023101807,9120
2.26154303551,9119
2.26198387146,9118
2.26882505417,9117
2.26943397522,9116
2.27099084854,9115
2.27180695534,9114
2.2724339962,9113
2.27429485321,9112
2.27576184273,9111
2.28091883659,9110
2.28185606003,9109
2.28304791451,9108
2.28500294685,9107
2.28617405891,9106
2.28678584099,9105
2.28933000565,9104
2.29253602028,9103
2.29333806038,9102
2.29416584969,9101
2.29832291603,9100
2.29910802841,9099
2.30021286011,9098
2.30280089378,9097
2.30340790749,9096
2.30389094353,9095
2.30483698845,9094
2.30588006973,9093
2.30910801888,9092
2.31614398956,9091
2.31734800339,9090
2.32127404213,9089
2.32221698761,9088
2.32264304161,9087
2.32772397995,9086
2.32817387581,9085
2.33022403717,9084
2.33172488213,9083
2.33641791344,9082
2.33741688728,9081
2.33981490135,9080
2.34046697617,9079
2.34188699722,9078
2.34256696701,9077
2.35029506683,9076
2.35507488251,9075
2.36033296585,9074
2.36073184013,9073
2.36427593231,9072
2.36593985558,9071
2.36947202682,9070
2.37368297577,9069
2.37705302238,9068
2.37975692749,9067
2.38019490242,9066
2.38202285767,9065
2.38611006737,9064
2.38769197464,9063
2.3890619278,9062
2.39070987701,9061
2.39277100563,9060
2.39505600929,9059
2.39627194405,9058
2.39901399612,9057
2.40028691292,9056
2.40105986595,9055
2.40170693398,9054
2.40214300156,9053
2.40431690216,9052
2.40537691116,9051
2.41011190414,9050
2.41217684746,9049
2.41336488724,9048
2.41522192955,9047
2.41890692711,9046
2.41926693916,9045
2.42340397835,9044
2.4262919426,9043
2.42703986168,9042
2.42897891998,9041
2.43237400055,9040
2.4332048893,9039
2.43890404701,9038
2.44303703308,9037
2.44508290291,9036
2.44768190384,9035
2.44858884811,9034
2.449862957,9033
2.45098090172,9032
2.45172286034,9031
2.45570898056,9030
2.45630097389,9029
2.45778203011,9028
2.46006989479,9027
2.4608540535,9026
2.46131896973,9025
2.46339201927,9024
2.46512198448,9023
2.4672498703,9022
2.4707570076,9021
2.47294306755,9020
2.47338986397,9019
2.47446799278,9018
2.4767999649,9017
2.4786438942,9016
2.47937202454,9015
2.48738503456,9014
2.49031996727,9013
2.49074792862,9012
2.49119400978,9011
2.49236893654,9010
2.49299192429,9009
2.49760484695,9008
2.49811387062,9007
2.49852895737,9006
2.51232194901,9005
2.5159869194,9004
2.51733183861,9003
2.51796793938,9002
2.51919198036,9001
2.52002286911,9000
2.52067804337,8999
2.52262401581,8998
2.52320599556,8997
2.5239739418,8996
2.5246899128,8995
2.52543997765,8994
2.52663993835,8993
2.52738690376,8992
2.52847599983,8991
2.53202199936,8990
2.53337097168,8989
2.53756189346,8988
2.53849887848,8987
2.53892493248,8986
2.54040503502,8985
2.54109501839,8984
2.54190707207,8983
2.54250788689,8982
2.54450297356,8981
2.54592704773,8980
2.54698085785,8979
2.54765987396,8978
2.55088186264,8977
2.55469489098,8976
2.55527687073,8975
2.55779194832,8974
2.5594689846,8973
2.56167888641,8972
2.56407690048,8971
2.56474304199,8970
2.56550097466,8969
2.56697487831,8968
2.56996703148,8967
2.57519006729,8966
2.57890892029,8965
2.57947802544,8964
2.58005189896,8963
2.58122491837,8962
2.58173584938,8961
2.58531999588,8960
2.58601093292,8959
2.58809900284,8958
2.58953404427,8957
2.59119391441,8956
2.59193301201,8955
2.5924539566,8954
2.59862089157,8953
2.59984993935,8952
2.60083794594,8951
2.60453391075,8950
2.60912084579,8949
2.60961794853,8948
2.61072206497,8947
2.61120486259,8946
2.61658287048,8945
2.61976599693,8944
2.62213802338,8943
2.62363505363,8942
2.62886691093,8941
2.63004302979,8940
2.63049602509,8939
2.6315908432,8938
2.64152789116,8937
2.64290595055,8936
2.64717197418,8935
2.65058684349,8934
2.65423798561,8933
2.6554889679,8932
2.65594792366,8931
2.65643906593,8930
2.65687298775,8929
2.6593170166,8928
2.66218805313,8927
2.66417193413,8926
2.66462492943,8925
2.66604495049,8924
2.66902685165,8923
2.67062807083,8922
2.6730568409,8921
2.67997503281,8920
2.68070197105,8919
2.68111991882,8918
2.68275594711,8917
2.68416595459,8916
2.68652200699,8915
2.69334888458,8914
2.69633102417,8913
2.69875097275,8912
2.69921088219,8911
2.69966101646,8910
2.70270586014,8909
2.70368504524,8908
2.70761799812,8907
2.70953893661,8906
2.71132397652,8905
2.7121348381,8904
2.71378803253,8903
2.71643900871,8902
2.71791291237,8901
2.71872401237,8900
2.72124195099,8899
2.72282886505,8898
2.72363686562,8897
2.72926688194,8896
2.72968506813,8895
2.73394298553,8894
2.73570895195,8893
2.74030590057,8892
2.74283099174,8891
2.74614405632,8890
2.7469830513,8889
2.74778389931,8888
2.75252890587,8887
2.75415897369,8886
2.75572085381,8885
2.75653386116,8884
2.75851988792,8883
2.75971007347,8882
2.76236796379,8881
2.76437306404,8880
2.76737689972,8879
2.77113199234,8878
2.7739109993,8877
2.77438092232,8876
2.7774579525,8875
2.77989196777,8874
2.78425097466,8873
2.78580594063,8872
2.78625583649,8871
2.78729987144,8870
2.79019188881,8869
2.79060602188,8868
2.79159998894,8867
2.79221487045,8866
2.79637503624,8865
2.79903197289,8864
2.80307602882,8863
2.80353403091,8862
2.80690383911,8861
2.80794596672,8860
2.8105340004,8859
2.81483197212,8858
2.81529307365,8857
2.81579685211,8856
2.82129788399,8855
2.82179093361,8854
2.82313299179,8853
2.82358694077,8852
2.82635784149,8851
2.82748889923,8850
2.82842206955,8849
2.82887005806,8848
2.83019399643,8847
2.83511900902,8846
2.83741903305,8845
2.84375286102,8844
2.8446969986,8843
2.84520292282,8842
2.84636187553,8841
2.84677791595,8840
2.84835100174,8839
2.84900188446,8838
2.85152387619,8837
2.85497283936,8836
2.85566186905,8835
2.85648488998,8834
2.85961389542,8833
2.86310887337,8832
2.86588597298,8831
2.86877393723,8830
2.87171506882,8829
2.87746906281,8828
2.87791085243,8827
2.88044500351,8826
2.88280105591,8825
2.8869638443,8824
2.892318964,8823
2.89698195457,8822
2.89755392075,8821
2.90150403976,8820
2.9039208889,8819
2.90454697609,8818
2.9050579071,8817
2.90801501274,8816
2.90935707092,8815
2.91654896736,8814
2.91717195511,8813
2.91854286194,8812
2.91894197464,8811
2.91975402832,8810
2.92134189606,8809
2.92380094528,8808
2.9242670536,8807
2.92585086823,8806
2.92735600471,8805
2.92881989479,8804
2.93068003654,8803
2.93189001083,8802
2.93281388283,8801
2.93555188179,8800
2.93595290184,8799
2.9375538826,8798
2.93970489502,8797
2.94366598129,8796
2.94470596313,8795
2.94757199287,8794
2.9493830204,8793
2.95612287521,8792
2.95753788948,8791
2.9580180645,8790
2.96032691002,8789
2.96330189705,8788
2.96378803253,8787
2.96604084969,8786
2.97006988525,8785
2.9705748558,8784
2.97241997719,8783
2.97292494774,8782
2.97522687912,8781
2.97654891014,8780
2.97713088989,8779
2.98219895363,8778
2.98264098167,8777
2.98411297798,8776
2.98566889763,8775
2.99735283852,8774
3.00163888931,8773
3.00292396545,8772
3.00702190399,8771
3.0100069046,8770
3.0140440464,8769
3.01570391655,8768
3.02020096779,8767
3.02166891098,8766
3.0243370533,8765
3.02652192116,8764
3.02744698524,8763
3.02854704857,8762
3.0316889286,8761
3.03346586227,8760
3.03715801239,8759
3.03938007355,8758
3.04085588455,8757
3.04341101646,8756
3.04853200912,8755
3.0495018959,8754
3.05183696747,8753
3.05793499947,8752
3.06273984909,8751
3.06457901001,8750
3.06506490707,8749
3.07647895813,8748
3.08261704445,8747
3.08493995667,8746
3.08618497849,8745
3.09645700455,8744
3.09850502014,8743
3.10313200951,8742
3.11523485184,8741
3.11614894867,8740
3.1168088913,8739
3.11821889877,8738
3.11881184578,8737
3.12041687965,8736
3.12147688866,8735
3.12229800224,8734
3.12377095222,8733
3.12556099892,8732
3.12755203247,8731
3.12900304794,8730
3.12988090515,8729
3.13099598885,8728
3.13240289688,8727
3.1331679821,8726
3.13362193108,8725
3.13671183586,8724
3.13734197617,8723
3.13958001137,8722
3.14115786552,8721
3.15026688576,8720
3.15633797646,8719
3.16079807281,8718
3.16154098511,8717
3.16227293015,8716
3.16321897507,8715
3.16528296471,8714
3.16795086861,8713
3.17229604721,8712
3.17439889908,8711
3.17935204506,8710
3.18099188805,8709
3.1828289032,8708
3.18332791328,8707
3.18755292892,8706
3.18817400932,8705
3.18908405304,8704
3.19046187401,8703
3.19172096252,8702
3.19461202621,8701
3.19533896446,8700
3.19785499573,8699
3.19955801964,8698
3.20035600662,8697
3.20385789871,8696
3.20499897003,8695
3.20583987236,8694
3.21141290665,8693
3.21504187584,8692
3.21633195877,8691
3.21873188019,8690
3.22007989883,8689
3.22050786018,8688
3.22188305855,8687
3.22540187836,8686
3.2304019928,8685
3.23178601265,8684
3.23576188087,8683
3.23903298378,8682
3.24177694321,8681
3.24279594421,8680
3.24674105644,8679
3.25059294701,8678
3.25961184502,8677
3.26083087921,8676
3.26473689079,8675
3.2670378685,8674
3.27343201637,8673
3.27463197708,8672
3.27917098999,8671
3.28050494194,8670
3.28222799301,8669
3.28347301483,8668
3.28613495827,8667
3.28787899017,8666
3.28833699226,8665
3.29926490784,8664
3.31106305122,8663
3.31465697289,8662
3.31868886948,8661
3.31964588165,8660
3.32027387619,8659
3.32479691505,8658
3.32854199409,8657
3.33460307121,8656
3.33785200119,8655
3.33827805519,8654
3.34195303917,8653
3.34255886078,8652
3.34427499771,8651
3.35100483894,8650
3.35170602798,8649
3.35650992393,8648
3.3598818779,8647
3.36183190346,8646
3.37191987038,8645
3.37276697159,8644
3.37893891335,8643
3.38289284706,8642
3.38685584068,8641
3.39244484901,8640
3.39598488808,8639
3.39860486984,8638
3.40335583687,8637
3.40442204475,8636
3.41811394691,8635
3.41857004166,8634
3.42405486107,8633
3.43556499481,8632
3.4376039505,8631
3.43910098076,8630
3.44516587257,8629
3.44591593742,8628
3.44632291794,8627
3.44772291183,8626
3.45380187035,8625
3.45990085602,8624
3.47451090813,8623
3.47558283806,8622
3.4770128727,8621
3.47782492638,8620
3.48178696632,8619
3.482213974,8618
3.48871588707,8617
3.48931384087,8616
3.48987698555,8615
3.49029493332,8614
3.49508500099,8613
3.49584197998,8612
3.49783587456,8611
3.49874687195,8610
3.50041985512,8609
3.50762486458,8608
3.512830019,8607
3.51715302467,8606
3.51855897903,8605
3.52081203461,8604
3.52392506599,8603
3.52945685387,8602
3.53015398979,8601
3.53055405617,8600
3.5345928669,8599
3.54063105583,8598
3.54191803932,8597
3.54560089111,8596
3.55110096931,8595
3.55202293396,8594
3.55668187141,8593
3.55830597878,8592
3.57187986374,8591
3.57478499413,8590
3.57894086838,8589
3.58574104309,8588
3.58796191216,8587
3.59409284592,8586
3.60213685036,8585
3.60401105881,8584
3.60534906387,8583
3.61067700386,8582
3.61627793312,8581
3.61974596977,8580
3.62048602104,8579
3.62252306938,8578
3.62306904793,8577
3.62379598618,8576
3.62461590767,8575
3.62624597549,8574
3.63065290451,8573
3.63181591034,8572
3.6349439621,8571
3.63533306122,8570
3.63969802856,8569
3.64625096321,8568
3.64928102493,8567
3.65159702301,8566
3.65412592888,8565
3.65939497948,8564
3.65979290009,8563
3.66159892082,8562
3.66253995895,8561
3.66685795784,8560
3.66727495193,8559
3.66782999039,8558
3.67115783691,8557
3.67371487617,8556
3.68018603325,8555
3.68245387077,8554
3.68661904335,8553
3.69010090828,8552
3.69445586205,8551
3.69826483727,8550
3.70376396179,8549
3.7069580555,8548
3.70985794067,8547
3.71102404594,8546
3.71452093124,8545
3.71527099609,8544
3.71959495544,8543
3.72120785713,8542
3.72413086891,8541
3.7256538868,8540
3.72735285759,8539
3.72798395157,8538
3.73065185547,8537
3.73122501373,8536
3.73630285263,8535
3.74231004715,8534
3.74486899376,8533
3.75045990944,8532
3.75543403625,8531
3.75841093063,8530
3.75938892365,8529
3.76209497452,8528
3.76455903053,8527
3.76576089859,8526
3.7661550045,8525
3.76804804802,8524
3.77821683884,8523
3.77952504158,8522
3.78219985962,8521
3.78552794456,8520
3.78753900528,8519
3.78966498375,8518
3.79122900963,8517
3.79491686821,8516
3.7965259552,8515
3.7995929718,8514
3.80006790161,8513
3.8035929203,8512
3.80852103233,8511
3.80963087082,8510
3.81625294685,8509
3.81668305397,8508
3.8179268837,8507
3.8183619976,8506
3.82134795189,8505
3.82454991341,8504
3.83036899567,8503
3.83460903168,8502
3.83610105515,8501
3.83747386932,8500
3.84437990189,8499
3.84492707253,8498
3.84543991089,8497
3.84704089165,8496
3.85073590279,8495
3.85144901276,8494
3.85262799263,8493
3.85515403748,8492
3.85742688179,8491
3.86117196083,8490
3.8656899929,8489
3.87441396713,8488
3.87904405594,8487
3.87994790077,8486
3.88068699837,8485
3.88170194626,8484
3.88296103477,8483
3.89835095406,8482
3.90264797211,8481
3.90640807152,8480
3.91137599945,8479
3.92196393013,8478
3.9234149456,8477
3.92605400085,8476
3.92796707153,8475
3.93540501595,8474
3.93640184402,8473
3.93770289421,8472
3.93810606003,8471
3.94121003151,8470
3.94465494156,8469
3.94731402397,8468
3.94878602028,8467
3.95275497437,8466
3.95321989059,8465
3.9602098465,8464
3.96241092682,8463
3.96493196487,8462
3.96686887741,8461
3.97312784195,8460
3.9769859314,8459
3.97806406021,8458
3.97964191437,8457
3.98549389839,8456
3.99127292633,8455
3.99386191368,8454
3.9990670681,8453
4.0051419735,8452
4.01041388512,8451
4.0120408535,8450
4.01428890228,8449
4.0344388485,8448
4.03979492188,8447
4.04043006897,8446
4.04694104195,8445
4.04843401909,8444
4.05369591713,8443
4.05433607101,8442
4.05529499054,8441
4.05717396736,8440
4.07228803635,8439
4.07385087013,8438
4.07789587975,8437
4.07944583893,8436
4.08104801178,8435
4.08605003357,8434
4.08660197258,8433
4.0877199173,8432
4.09094405174,8431
4.09238195419,8430
4.09718394279,8429
4.10384607315,8428
4.10606503487,8427
4.10793304443,8426
4.10836601257,8425
4.10914087296,8424
4.1103579998,8423
4.11114788055,8422
4.11281085014,8421
4.11383390427,8420
4.11497402191,8419
4.11680483818,8418
4.11793398857,8417
4.11888003349,8416
4.12363386154,8415
4.12403202057,8414
4.12486100197,8413
4.12622594833,8412
4.13527202606,8411
4.1370909214,8410
4.14209794998,8409
4.14390206337,8408
4.14495706558,8407
4.14586997032,8406
4.14962601662,8405
4.15695786476,8404
4.15738892555,8403
4.16183185577,8402
4.16245102882,8401
4.17418694496,8400
4.17610287666,8399
4.18070602417,8398
4.18701100349,8397
4.19304394722,8396
4.19378185272,8395
4.19648885727,8394
4.19743084908,8393
4.20255994797,8392
4.20380306244,8391
4.20880198479,8390
4.21373987198,8389
4.215102911,8388
4.2192800045,8387
4.22645497322,8386
4.22997188568,8385
4.23201584816,8384
4.23362398148,8383
4.23933386803,8382
4.24251484871,8381
4.24622893333,8380
4.24669504166,8379
4.25358486176,8378
4.26134490967,8377
4.26245594025,8376
4.26801085472,8375
4.2731859684,8374
4.27637386322,8373
4.28023791313,8372
4.29052591324,8371
4.29159092903,8370
4.29778790474,8369
4.29980707169,8368
4.30274200439,8367
4.3087580204,8366
4.31334400177,8365
4.31374883652,8364
4.3146378994,8363
4.31652402878,8362
4.31785297394,8361
4.33261990547,8360
4.33563089371,8359
4.3394908905,8358
4.33995199203,8357
4.34277391434,8356
4.34318494797,8355
4.34481692314,8354
4.34794092178,8353
4.34833788872,8352
4.35583496094,8351
4.36688494682,8350
4.3753490448,8349
4.38149785995,8348
4.38379788399,8347
4.38720583916,8346
4.3892929554,8345
4.39377999306,8344
4.39585995674,8343
4.39780902863,8342
4.39924693108,8341
4.40258383751,8340
4.40792703629,8339
4.41381192207,8338
4.4164788723,8337
4.42256498337,8336
4.43070101738,8335
4.43555784225,8334
4.43689799309,8333
4.43874597549,8332
4.4434299469,8331
4.45352387428,8330
4.45490193367,8329
4.45547103882,8328
4.45590186119,8327
4.45840001106,8326
4.45987987518,8325
4.4697239399,8324
4.4726099968,8323
4.47753190994,8322
4.47824907303,8321
4.48076200485,8320
4.4856698513,8319
4.48625588417,8318
4.49125099182,8317
4.49618005753,8316
4.49901485443,8315
4.50512599945,8314
4.50743293762,8313
4.51271891594,8312
4.51456189156,8311
4.51648187637,8310
4.52427887917,8309
4.53089594841,8308
4.53189897537,8307
4.54044389725,8306
4.54563689232,8305
4.5549249649,8304
4.55580806732,8303
4.55616688728,8302
4.55949687958,8301
4.56436395645,8300
4.57739400864,8299
4.57857894897,8298
4.58588790894,8297
4.59138894081,8296
4.59708499908,8295
4.59812188148,8294
4.5990049839,8293
4.60071802139,8292
4.60479903221,8291
4.61398696899,8290
4.61450600624,8289
4.61671996117,8288
4.62166690826,8287
4.62594294548,8286
4.62727093697,8285
4.63038492203,8284
4.63140487671,8283
4.64096093178,8282
4.64714193344,8281
4.65162205696,8280
4.65421199799,8279
4.65771389008,8278
4.66169905663,8277
4.66796898842,8276
4.67425203323,8275
4.6767539978,8274
4.68027591705,8273
4.68364500999,8272
4.68872094154,8271
4.68914294243,8270
4.69456791878,8269
4.69725203514,8268
4.69773006439,8267
4.70747995377,8266
4.7082259655,8265
4.70968294144,8264
4.71495103836,8263
4.73773002625,8262
4.74228596687,8261
4.75014901161,8260
4.75216293335,8259
4.78434991837,8258
4.78686785698,8257
4.7872569561,8256
4.79896593094,8255
4.80688285828,8254
4.81022787094,8253
4.81573987007,8252
4.81713485718,8251
4.81980490685,8250
4.82958388329,8249
4.84651589394,8248
4.84962701797,8247
4.85016083717,8246
4.85395383835,8245
4.85512590408,8244
4.86118197441,8243
4.86665892601,8242
4.8682050705,8241
4.86898589134,8240
4.89152503014,8239
4.89700198174,8238
4.90634393692,8237
4.90671992302,8236
4.9131770134,8235
4.91683197021,8234
4.91746687889,8233
4.92373895645,8232
4.92701506615,8231
4.92768287659,8230
4.93205285072,8229
4.93295407295,8228
4.9433028698,8227
4.96093392372,8226
4.97529792786,8225
4.97924590111,8224
4.98883485794,8223
5.00144290924,8222
5.00411200523,8221
5.00466799736,8220
5.02189207077,8219
5.02930498123,8218
5.03268504143,8217
5.03463196754,8216
5.03747606277,8215
5.04149603844,8214
5.04193496704,8213
5.04387593269,8212
5.0458920002,8211
5.04937195778,8210
5.05424594879,8209
5.06804490089,8208
5.0684158802,8207
5.08086895943,8206
5.08842086792,8205
5.091796875,8204
5.10209393501,8203
5.10920500755,8202
5.12763094902,8201
5.12817001343,8200
5.13388991356,8199
5.13625884056,8198
5.13722491264,8197
5.14035892487,8196
5.14837288857,8195
5.14998102188,8194
5.15065097809,8193
5.15684986115,8192
5.16157793999,8191
5.16570687294,8190
5.1686809063,8189
5.17003893852,8188
5.17245793343,8187
5.17474794388,8186
5.17710494995,8185
5.18031787872,8184
5.18256807327,8183
5.18557190895,8182
5.18829298019,8181
5.18954896927,8180
5.2047150135,8179
5.21602296829,8178
5.217263937,8177
5.22133684158,8176
5.22254085541,8175
5.22412896156,8174
5.24002099037,8173
5.24974393845,8172
5.2510330677,8171
5.2514359951,8170
5.26603984833,8169
5.26666593552,8168
5.26911902428,8167
5.26950883865,8166
5.27157998085,8165
5.2752058506,8164
5.30343294144,8163
5.3058719635,8162
5.31162691116,8161
5.3190908432,8160
5.33307886124,8159
5.33991193771,8158
5.34900403023,8157
5.35229706764,8156
5.35309386253,8155
5.35950899124,8154
5.36678791046,8153
5.37465691566,8152
5.37985396385,8151
5.38116002083,8150
5.38160896301,8149
5.38631486893,8148
5.39187598228,8147
5.39337587357,8146
5.39627695084,8145
5.39924287796,8144
5.40059399605,8143
5.40549302101,8142
5.40689706802,8141
5.40736484528,8140
5.41312789917,8139
5.42631697655,8138
5.43450284004,8137
5.43575000763,8136
5.44810390472,8135
5.45293593407,8134
5.45626306534,8133
5.45729088783,8132
5.48278284073,8131
5.48462700844,8130
5.51479387283,8129
5.54229784012,8128
5.54564905167,8127
5.54641389847,8126
5.552038908,8125
5.55812907219,8124
5.5586130619,8123
5.56661200523,8122
5.58190393448,8121
5.5982260704,8120
5.62081384659,8119
5.62341094017,8118
5.63017892838,8117
5.63223385811,8116
5.63683199883,8115
5.6397459507,8114
5.64653491974,8113
5.65820884705,8112
5.66023993492,8111
5.66164588928,8110
5.67079591751,8109
5.68334007263,8108
5.68591189384,8107
5.68827700615,8106
5.69462585449,8105
5.69610905647,8104
5.69781589508,8103
5.69926905632,8102
5.71801185608,8101
5.72245192528,8100
5.72328400612,8099
5.72742891312,8098
5.76080584526,8097
5.7689499855,8096
5.77306389809,8095
5.78768992424,8094
5.78827905655,8093
5.78930997849,8092
5.79514884949,8091
5.7956969738,8090
5.79775190353,8089
5.80125284195,8088
5.81639885902,8087
5.83697485924,8086
5.84079504013,8085
5.84562802315,8084
5.85160183907,8083
5.85615706444,8082
5.8595700264,8081
5.86226391792,8080
5.8628590107,8079
5.86739206314,8078
5.87342691422,8077
5.87861895561,8076
5.8838019371,8075
5.89033985138,8074
5.90728998184,8073
5.91288089752,8072
5.92373895645,8071
5.93214297295,8070
5.93575906754,8069
5.93773794174,8068
5.93961906433,8067
5.94004797935,8066
5.94440484047,8065
5.97578787804,8064
5.97793698311,8063
5.98224306107,8062
5.98711395264,8061
5.98904204369,8060
5.99658799171,8059
6.00403189659,8058
6.00497102737,8057
6.00771284103,8056
6.01100897789,8055
6.01227998734,8054
6.01508903503,8053
6.02482891083,8052
6.02532696724,8051
6.03199505806,8050
6.03464889526,8049
6.03825306892,8048
6.04138588905,8047
6.04499387741,8046
6.04633283615,8045
6.06051588058,8044
6.07187104225,8043
6.08021998405,8042
6.09441804886,8041
6.09723687172,8040
6.09796094894,8039
6.11046791077,8038
6.11892390251,8037
6.12080788612,8036
6.1254119873,8035
6.13046193123,8034
6.14102196693,8033
6.1440448761,8032
6.15194988251,8031
6.15523600578,8030
6.16471886635,8029
6.16744685173,8028
6.17315387726,8027
6.17810797691,8026
6.17992806435,8025
6.18939900398,8024
6.1923019886,8023
6.19713306427,8022
6.21281385422,8021
6.22531890869,8020
6.22616291046,8019
6.23817205429,8018
6.24503588676,8017
6.25049185753,8016
6.2544260025,8015
6.26058387756,8014
6.27082085609,8013
6.27517604828,8012
6.27693986893,8011
6.28311705589,8010
6.29108285904,8009
6.29302692413,8008
6.300303936,8007
6.31195092201,8006
6.31361699104,8005
6.32608389854,8004
6.34466600418,8003
6.37900185585,8002
6.40652704239,8001
6.41258692741,8000
6.41893100739,7999
6.41981697083,7998
6.42053890228,7997
6.42479801178,7996
6.43039703369,7995
6.43318295479,7994
6.43679594994,7993
6.44804286957,7992
6.4563999176,7991
6.46120786667,7990
6.46292996407,7989
6.48949384689,7988
6.49403786659,7987
6.49835085869,7986
6.50515985489,7985
6.50562596321,7984
6.5071208477,7983
6.52578306198,7982
6.53259801865,7981
6.54271888733,7980
6.54817485809,7979
6.54911184311,7978
6.55803704262,7977
6.57230305672,7976
6.57374501228,7975
6.57413697243,7974
6.58845996857,7973
6.62444400787,7972
6.63113498688,7971
6.64693403244,7970
6.64952301979,7969
6.66348290443,7968
6.68930196762,7967
6.69108891487,7966
6.72699403763,7965
6.72831988335,7964
6.73008084297,7963
6.73499703407,7962
6.73699593544,7961
6.73827290535,7960
6.73869204521,7959
6.7436850071,7958
6.7636179924,7957
6.7880730629,7956
6.79155802727,7955
6.79952692986,7954
6.81103491783,7953
6.81801104546,7952
6.840102911,7951
6.84855794907,7950
6.85683202744,7949
6.86425304413,7948
6.87128686905,7947
6.88362789154,7946
6.88400888443,7945
6.88748407364,7944
6.89939594269,7943
6.90464687347,7942
6.92873191833,7941
6.93609499931,7940
6.93700385094,7939
6.94499588013,7938
6.948802948,7937
6.98257803917,7936
6.9988758564,7935
7.00447893143,7934
7.01101088524,7933
7.05359101295,7932
7.06521296501,7931
7.07006406784,7930
7.12198591232,7929
7.12697196007,7928
7.15678405762,7927
7.16282486916,7926
7.16483902931,7925
7.2111389637,7924
7.23321700096,7923
7.24482893944,7922
7.24879598618,7921
7.25699996948,7920
7.27423787117,7919
7.31414604187,7918
7.33781504631,7917
7.36014604568,7916
7.37122893333,7915
7.37951683998,7914
7.38261604309,7913
7.38298797607,7912
7.43985795975,7911
7.44341087341,7910
7.45172691345,7909
7.45558786392,7908
7.45614790916,7907
7.47127985954,7906
7.47837305069,7905
7.48856902122,7904
7.49700593948,7903
7.50693392754,7902
7.51516389847,7901
7.51620101929,7900
7.54387593269,7899
7.55439400673,7898
7.55855107307,7897
7.57111597061,7896
7.57306885719,7895
7.58209896088,7894
7.58440303802,7893
7.59393501282,7892
7.60042405128,7891
7.60271692276,7890
7.62217903137,7889
7.6269659996,7888
7.6331949234,7887
7.6347360611,7886
7.645362854,7885
7.6670498848,7884
7.67654085159,7883
7.67941904068,7882
7.68134093285,7881
7.69706702232,7880
7.74491786957,7879
7.74545097351,7878
7.7630238533,7877
7.77437090874,7876
7.80169296265,7875
7.80650997162,7874
7.81876707077,7873
7.81946992874,7872
7.82209205627,7871
7.83117794991,7870
7.85003089905,7869
7.85972189903,7868
7.87737798691,7867
7.91656899452,7866
7.92176604271,7865
7.92593383789,7864
7.93119502068,7863
7.93859195709,7862
7.9552719593,7861
7.96787405014,7860
7.97239589691,7859
8.010876894,7858
8.02173495293,7857
8.05109786987,7856
8.05441594124,7855
8.06114196777,7854
8.07710886002,7853
8.12794494629,7852
8.13751602173,7851
8.14683890343,7850
8.15115404129,7849
8.15713787079,7848
8.17420291901,7847
8.17514586449,7846
8.18050789833,7845
8.18814206123,7844
8.24391198158,7843
8.26990389824,7842
8.28115391731,7841
8.29628396034,7840
8.29759502411,7839
8.31656694412,7838
8.34578299522,7837
8.3461830616,7836
8.35350584984,7835
8.36500000954,7834
8.36786389351,7833
8.3763449192,7832
8.39224696159,7831
8.41010594368,7830
8.44022393227,7829
8.45170783997,7828
8.46148085594,7827
8.46200704575,7826
8.46331191063,7825
8.4990708828,7824
8.51389098167,7823
8.51661205292,7822
8.53266787529,7821
8.53780007362,7820
8.55789399147,7819
8.55845403671,7818
8.5646378994,7817
8.58041191101,7816
8.58871006966,7815
8.59001684189,7814
8.59739804268,7813
8.60333991051,7812
8.60810685158,7811
8.60885000229,7810
8.62071585655,7809
8.65330505371,7808
8.65551304817,7807
8.67038393021,7806
8.6726038456,7805
8.69612884521,7804
8.69930386543,7803
8.70208787918,7802
8.72256183624,7801
8.73999905586,7800
8.76313900948,7799
8.76420092583,7798
8.77715992928,7797
8.78081989288,7796
8.78917789459,7795
8.78957104683,7794
8.79976701736,7793
8.80607891083,7792
8.80731201172,7791
8.81165599823,7790
8.82799506187,7789
8.84261083603,7788
8.86154484749,7787
8.8625190258,7786
8.88061189651,7785
8.89445900917,7784
8.9486720562,7783
8.97888493538,7782
9.00818896294,7781
9.01983094215,7780
9.02078795433,7779
9.03313398361,7778
9.07621097565,7777
9.08063602448,7776
9.10135793686,7775
9.10178399086,7774
9.10992097855,7773
9.11118483543,7772
9.12057805061,7771
9.15855693817,7770
9.16783189774,7769
9.16829991341,7768
9.23267292976,7767
9.26292085648,7766
9.26450300217,7765
9.29103088379,7764
9.33997988701,7763
9.34863901138,7762
9.37673091888,7761
9.38217306137,7760
9.39354896545,7759
9.39512586594,7758
9.40942287445,7757
9.43074297905,7756
9.47870087624,7755
9.50506806374,7754
9.52388191223,7753
9.61105585098,7752
9.62388086319,7751
9.65047597885,7750
9.73758792877,7749
9.7409119606,7748
9.75184893608,7747
9.78718400002,7746
9.8092019558,7745
9.81841301918,7744
9.85746693611,7743
9.94351100922,7742
9.9624478817,7741
10.01420784,7740
10.0251998901,7739
10.043918848,7738
10.0608949661,7737
10.0944359303,7736
10.1549639702,7735
10.1829550266,7734
10.2224678993,7733
10.3298079967,7732
10.4121918678,7731
10.414801836,7730
10.4193358421,7729
10.4285650253,7728
10.4767298698,7727
10.513365984,7726
10.5713629723,7725
10.6203989983,7724
10.6270768642,7723
10.6462218761,7722
10.6542110443,7721
10.6962599754,7720
10.7024378777,7719
10.7611539364,7718
10.7868959904,7717
10.8128600121,7716
10.8381829262,7715
10.861866951,7714
10.9198789597,7713
11.022124052,7712
11.068748951,7711
11.1190378666,7710
11.1545929909,7709
11.234858036,7708
11.2754838467,7707
11.2876799107,7706
11.337280035,7705
11.3902220726,7704
11.4307279587,7703
11.4570128918,7702
11.4868299961,7701
11.4970519543,7700
11.5133459568,7699
11.6450228691,7698
11.6590070724,7697
11.748623848,7696
11.8266539574,7695
11.873693943,7694
11.8969340324,7693
11.9489769936,7692
11.9530000687,7691
11.961812973,7690
12.0023229122,7689
12.0393550396,7688
12.1238780022,7687
12.130243063,7686
12.1413018703,7685
12.1486608982,7684
12.2745139599,7683
12.332365036,7682
12.3736469746,7681
12.5460050106,7680
12.5488848686,7679
12.780397892,7678
12.8155260086,7677
12.8219559193,7676
12.8490748405,7675
12.8866109848,7674
12.9731919765,7673
13.1057698727,7672
13.1869049072,7671
13.2657220364,7670
13.2670259476,7669
13.3436949253,7668
13.5038080215,7667
13.5317909718,7666
13.5821020603,7665
13.6059188843,7664
13.6374900341,7663
13.6986918449,7662
13.7031979561,7661
13.8162589073,7660
13.9869580269,7659
13.9896450043,7658
14.0037989616,7657
14.0137498379,7656
14.0241119862,7655
14.054874897,7654
14.1351468563,7653
14.219990015,7652
14.2848088741,7651
14.2969009876,7650
14.3226568699,7649
14.3788878918,7648
14.4402399063,7647
14.5935549736,7646
14.684278965,7645
14.7310409546,7644
14.9690420628,7643
14.9738869667,7642
15.3275110722,7641
15.3818888664,7640
15.4333369732,7639
15.443377018,7638
15.513365984,7637
15.5657060146,7636
15.6061859131,7635
15.743377924,7634
15.7619318962,7633
15.8171370029,7632
15.8370759487,7631
15.8687150478,7630
16.1129620075,7629
16.1424210072,7628
16.405110836,7627
16.5349440575,7626
16.6675100327,7625
16.8092498779,7624
16.8569779396,7623
16.9282090664,7622
17.0046370029,7621
17.0089609623,7620
17.1287350655,7619
17.1879198551,7618
17.1921160221,7617
17.271887064,7616
17.5095200539,7615
17.5268168449,7614
17.747355938,7613
17.8522489071,7612
17.9741799831,7611
18.024561882,7610
18.0643179417,7609
18.1635580063,7608
18.2439060211,7607
18.2452180386,7606
18.2903800011,7605
18.3128528595,7604
18.5039448738,7603
18.6662969589,7602
18.8489768505,7601
18.8821959496,7600
18.8835840225,7599
19.0268158913,7598
19.075756073,7597
19.1045789719,7596
19.1441910267,7595
19.2287800312,7594
19.3171360493,7593
19.3900558949,7592
19.4744639397,7591
19.666975975,7590
19.9264349937,7589
19.9738469124,7588
20.0739090443,7587
20.2378690243,7586
20.2607388496,7585
20.4895219803,7584
20.6676299572,7583
20.691493988,7582
31.6976270676,7581
31.7178249359,7580
31.8464019299,7579
31.8689620495,7578
31.9095320702,7577
31.949534893,7576
31.9575588703,7575
32.0418539047,7574
32.1276168823,7573
32.5193920135,7572
32.5589928627,7571
32.7538809776,7570
33.442291975,7569
33.5321478844,7568
33.7574100494,7567
34.2988519669,7566
34.3155229092,7565
34.7250919342,7564
34.7256309986,7563
35.4273078442,7562
35.6697909832,7561
36.1308689117,7560
37.7001769543,7559
38.0215790272,7558
38.1091048717,7557
39.2909049988,7556
39.3169460297,7555
39.5057399273,7554
40.1148159504,7553
54.2241828442,7552
54.6984219551,7551
55.1594860554,7550
55.3997330666,7549
55.4760379791,7548
55.6750569344,7547
56.0184009075,7546
56.1793060303,7545
56.1948559284,7544
57.2530210018,7543
57.3448419571,7542
57.3923180103,7541
57.501388073,7540
57.6085679531,7539
57.9800429344,7538
59.2548289299,7537
60.0068180561,7536
60.032148838,7535
72.5417449474,7534
72.6237199306,7533
72.6266679764,7532
72.9849760532,7531
73.0076329708,7530
73.0211720467,7529
73.617002964,7528
73.9811499119,7527
74.1147789955,7526
74.1272368431,7525
75.4641468525,7524
75.5770120621,7523
75.6173920631,7522
75.7629349232,7521
75.8115980625,7520
76.4525859356,7519
76.4708008766,7518
76.7821788788,7517
78.3828048706,7516
81.1612930298,7515
81.7920968533,7514
81.8010878563,7513
96.908905983,7512
98.4194049835,7511
98.7752599716,7510
99.2008099556,7509
99.2894258499,7508
99.9883818626,7507
101.65218091,7506
119.485066891,7505
119.624156952,7504
119.625161886,7503
120.013757944,7502
121.181825876,7501
121.521564007,7500
122.713029861,7499
143.063047886,7498
143.782062054,7497
161.353366852,7496
161.462276936,7495
162.314856052,7494
162.804986,7493
163.273894072,7492
165.102468014,7491
165.320982933,7490
181.489611864,7489
182.476176977,7488
182.555822849,7487
182.634887934,7486
182.829956055,7485
184.000867844,7484
185.005069971,7483
245.154620886,7482
245.493083954,7481
246.061317921,7480
248.084897995,7479
264.231580973,7478
264.362663031,7477
265.363132,7476
267.285654068,7475
358.23971796,7474
359.294936895,7473
375.861971855,7472
377.029034853,7471
377.161552906,7470
377.339624882,7469
402.986891031,7468
403.194730043,7467
439.975400925,7466
441.849694014,7465
