0.116679191589,11022
0.117547988892,11021
0.11823797226,11020
0.119106054306,11019
0.119615077972,11018
0.120390176773,11017
0.121226072311,11016
0.122091054916,11015
0.122650146484,11014
0.12317109108,11013
0.123654127121,11012
0.124176025391,11011
0.124932050705,11010
0.125415086746,11009
0.125928163528,11008
0.126365184784,11007
0.127272129059,11006
0.127766132355,11005
0.128259181976,11004
0.128918170929,11003
0.12960600853,11002
0.130033016205,11001
0.130549192429,11000
0.131067037582,10999
0.131703138351,10998
0.132220029831,10997
0.133061170578,10996
0.133913993835,10995
0.134627103806,10994
0.135110139847,10993
0.135620117188,10992
0.136288166046,10991
0.13680100441,10990
0.13765501976,10989
0.138144016266,10988
0.138566017151,10987
0.139038085938,10986
0.139460086823,10985
0.139964103699,10984
0.140766143799,10983
0.141189098358,10982
0.141678094864,10981
0.142553091049,10980
0.14305305481,10979
0.143526077271,10978
0.143939971924,10977
0.144653081894,10976
0.145138978958,10975
0.145895004272,10974
0.146409034729,10973
0.146906137466,10972
0.147406101227,10971
0.148187160492,10970
0.148945093155,10969
0.149743080139,10968
0.150235176086,10967
0.150739192963,10966
0.151231050491,10965
0.151750087738,10964
0.152398109436,10963
0.152889966965,10962
0.153381109238,10961
0.153868198395,10960
0.154500007629,10959
0.154987096786,10958
0.155393123627,10957
0.155858039856,10956
0.156347036362,10955
0.156830072403,10954
0.157269001007,10953
0.157850980759,10952
0.158428192139,10951
0.159317970276,10950
0.159826040268,10949
0.160840034485,10948
0.161476135254,10947
0.161959171295,10946
0.162741184235,10945
0.163625001907,10944
0.164110183716,10943
0.164790153503,10942
0.165431022644,10941
0.16594004631,10940
0.166431188583,10939
0.166903018951,10938
0.167942047119,10937
0.168447971344,10936
0.168964147568,10935
0.169684171677,10934
0.170485019684,10933
0.171164989471,10932
0.171867132187,10931
0.172324180603,10930
0.172837972641,10929
0.173345088959,10928
0.174040079117,10927
0.175086021423,10926
0.176872968674,10925
0.177604198456,10924
0.178318023682,10923
0.179170131683,10922
0.180378198624,10921
0.181140184402,10920
0.181965112686,10919
0.182682037354,10918
0.183480024338,10917
0.184270143509,10916
0.185434103012,10915
0.186202049255,10914
0.186985015869,10913
0.187829017639,10912
0.188532114029,10911
0.190965175629,10910
0.192440986633,10909
0.193269968033,10908
0.194437026978,10907
0.195924043655,10906
0.196725130081,10905
0.197762966156,10904
0.199187040329,10903
0.200057029724,10902
0.200648069382,10901
0.201188087463,10900
0.201905012131,10899
0.202586174011,10898
0.203392028809,10897
0.203905105591,10896
0.20440196991,10895
0.204822063446,10894
0.205672979355,10893
0.208477020264,10892
0.209093093872,10891
0.209832191467,10890
0.210927009583,10889
0.211547136307,10888
0.212107181549,10887
0.212613105774,10886
0.213129997253,10885
0.213792085648,10884
0.214239120483,10883
0.214950084686,10882
0.215857028961,10881
0.216770172119,10880
0.218062162399,10879
0.218993186951,10878
0.219799041748,10877
0.220246076584,10876
0.220765113831,10875
0.221278190613,10874
0.22170996666,10873
0.222535133362,10872
0.222974061966,10871
0.223685026169,10870
0.22526216507,10869
0.225717067719,10868
0.226224184036,10867
0.227073192596,10866
0.227745056152,10865
0.228586196899,10864
0.229402065277,10863
0.229890108109,10862
0.230682134628,10861
0.231594085693,10860
0.232248067856,10859
0.232758045197,10858
0.233175992966,10857
0.23409819603,10856
0.235407114029,10855
0.235886096954,10854
0.236648082733,10853
0.237495183945,10852
0.238008022308,10851
0.238806009293,10850
0.239292144775,10849
0.239991188049,10848
0.240915060043,10847
0.241662979126,10846
0.242478132248,10845
0.243190050125,10844
0.243844032288,10843
0.244696140289,10842
0.245189189911,10841
0.246654987335,10840
0.247268199921,10839
0.248049020767,10838
0.249600172043,10837
0.250025987625,10836
0.250524044037,10835
0.250984191895,10834
0.251852035522,10833
0.253199100494,10832
0.253699064255,10831
0.25442814827,10830
0.254837036133,10829
0.255640983582,10828
0.256128072739,10827
0.256961107254,10826
0.257475137711,10825
0.257966041565,10824
0.258781194687,10823
0.259855031967,10822
0.260389089584,10821
0.260894060135,10820
0.261813163757,10819
0.262314081192,10818
0.263005971909,10817
0.26344203949,10816
0.264461994171,10815
0.264949083328,10814
0.26539516449,10813
0.266128063202,10812
0.266605138779,10811
0.267108201981,10810
0.267841100693,10809
0.268583059311,10808
0.270117998123,10807
0.270833969116,10806
0.271462202072,10805
0.271870136261,10804
0.272484064102,10803
0.273327112198,10802
0.273820161819,10801
0.274307966232,10800
0.276029109955,10799
0.276853084564,10798
0.277346134186,10797
0.278110980988,10796
0.278761148453,10795
0.279689073563,10794
0.280502080917,10793
0.280996084213,10792
0.281479120255,10791
0.282744169235,10790
0.28357219696,10789
0.284489154816,10788
0.285583019257,10787
0.286060094833,10786
0.286857128143,10785
0.28759598732,10784
0.288048028946,10783
0.288967132568,10782
0.290389060974,10781
0.290877103806,10780
0.291715145111,10779
0.292231082916,10778
0.292783021927,10777
0.293514966965,10776
0.29416513443,10775
0.295026063919,10774
0.295921087265,10773
0.297159194946,10772
0.299376964569,10771
0.300395011902,10770
0.30316400528,10769
0.304037094116,10768
0.306568145752,10767
0.308520078659,10766
0.310506105423,10765
0.311480998993,10764
0.312724113464,10763
0.313810110092,10762
0.316306114197,10761
0.318729162216,10760
0.319496154785,10759
0.320615053177,10758
0.321472167969,10757
0.322401046753,10756
0.323569059372,10755
0.324465036392,10754
0.325216054916,10753
0.326441049576,10752
0.327303171158,10751
0.328528165817,10750
0.329379081726,10749
0.330576181412,10748
0.33137011528,10747
0.332404136658,10746
0.333578109741,10745
0.334393978119,10744
0.335785150528,10743
0.337157964706,10742
0.338648080826,10741
0.3394510746,10740
0.34030008316,10739
0.341166973114,10738
0.342339038849,10737
0.343259096146,10736
0.344120979309,10735
0.345319986343,10734
0.346786022186,10733
0.347656965256,10732
0.348461151123,10731
0.349002122879,10730
0.349717140198,10729
0.350239992142,10728
0.351107120514,10727
0.35200715065,10726
0.352939128876,10725
0.353785037994,10724
0.35468506813,10723
0.355508089066,10722
0.356043100357,10721
0.356908082962,10720
0.357414007187,10719
0.35799908638,10718
0.359179973602,10717
0.359723091125,10716
0.360232114792,10715
0.361023187637,10714
0.361994028091,10713
0.363774061203,10712
0.364766120911,10711
0.365995168686,10710
0.366990089417,10709
0.367496967316,10708
0.36830496788,10707
0.368972063065,10706
0.369485139847,10705
0.369944095612,10704
0.370489120483,10703
0.371020078659,10702
0.37150812149,10701
0.371963024139,10700
0.372470140457,10699
0.373641967773,10698
0.37433719635,10697
0.375251054764,10696
0.376209974289,10695
0.377880096436,10694
0.378396987915,10693
0.379137992859,10692
0.379978179932,10691
0.380915164948,10690
0.381443023682,10689
0.381982088089,10688
0.382765054703,10687
0.383475065231,10686
0.385748147964,10685
0.387184143066,10684
0.387698173523,10683
0.388236045837,10682
0.38914513588,10681
0.390505075455,10680
0.391066074371,10679
0.391857147217,10678
0.392325162888,10677
0.393162965775,10676
0.394124031067,10675
0.394646167755,10674
0.395117044449,10673
0.395667076111,10672
0.396128177643,10671
0.397046089172,10670
0.397562026978,10669
0.398881196976,10668
0.399392127991,10667
0.399923086166,10666
0.4011490345,10665
0.401601076126,10664
0.40455698967,10663
0.405086040497,10662
0.405616044998,10661
0.406121969223,10660
0.407071113586,10659
0.407706975937,10658
0.409018039703,10657
0.410315990448,10656
0.410917043686,10655
0.411543130875,10654
0.412186145782,10653
0.413352966309,10652
0.414389133453,10651
0.415004968643,10650
0.415683031082,10649
0.416230201721,10648
0.416944026947,10647
0.417436122894,10646
0.417965173721,10645
0.419398069382,10644
0.420809030533,10643
0.421332120895,10642
0.422253131866,10641
0.423586130142,10640
0.424632072449,10639
0.425467967987,10638
0.426148176193,10637
0.426777124405,10636
0.427296161652,10635
0.42782497406,10634
0.428349971771,10633
0.429485082626,10632
0.430266141891,10631
0.431744098663,10630
0.432538032532,10629
0.433076143265,10628
0.433539152145,10627
0.43406701088,10626
0.434947967529,10625
0.436047077179,10624
0.436583995819,10623
0.437097072601,10622
0.437776088715,10621
0.440216064453,10620
0.440733194351,10619
0.441481113434,10618
0.44250202179,10617
0.443018198013,10616
0.443482160568,10615
0.443972110748,10614
0.444863080978,10613
0.445369005203,10612
0.445931196213,10611
0.446390151978,10610
0.447198152542,10609
0.448657035828,10608
0.449697971344,10607
0.450736999512,10606
0.45178103447,10605
0.45249915123,10604
0.453488111496,10603
0.455320119858,10602
0.456395149231,10601
0.457353115082,10600
0.458646059036,10599
0.459437131882,10598
0.461146116257,10597
0.46200299263,10596
0.46289896965,10595
0.464107990265,10594
0.465031147003,10593
0.465619087219,10592
0.466624975204,10591
0.46772813797,10590
0.469118118286,10589
0.469592094421,10588
0.470174074173,10587
0.4710521698,10586
0.472036123276,10585
0.473716020584,10584
0.474460124969,10583
0.475461006165,10582
0.475988149643,10581
0.476942062378,10580
0.477451086044,10579
0.477981090546,10578
0.478504180908,10577
0.481026172638,10576
0.482149124146,10575
0.482671976089,10574
0.483183145523,10573
0.483695030212,10572
0.484225988388,10571
0.485035181046,10570
0.486287117004,10569
0.48712015152,10568
0.488059043884,10567
0.488738059998,10566
0.48924612999,10565
0.490210056305,10564
0.491455078125,10563
0.492686033249,10562
0.494054079056,10561
0.494846105576,10560
0.496155023575,10559
0.496620178223,10558
0.497163057327,10557
0.49818110466,10556
0.49872303009,10555
0.500923156738,10554
0.502432107925,10553
0.502962112427,10552
0.504436969757,10551
0.505136013031,10550
0.505686044693,10549
0.506211042404,10548
0.506934165955,10547
0.507884979248,10546
0.509181022644,10545
0.51166510582,10544
0.512829065323,10543
0.513852119446,10542
0.51512503624,10541
0.516801118851,10540
0.518408060074,10539
0.519356012344,10538
0.519873142242,10537
0.520612001419,10536
0.522088050842,10535
0.523171186447,10534
0.524796009064,10533
0.525605201721,10532
0.526841163635,10531
0.527397155762,10530
0.527933120728,10529
0.528618097305,10528
0.529151201248,10527
0.529663085938,10526
0.530506134033,10525
0.532459974289,10524
0.532930135727,10523
0.534024000168,10522
0.53484916687,10521
0.535582065582,10520
0.537448167801,10519
0.539561033249,10518
0.541177034378,10517
0.541658163071,10516
0.542647123337,10515
0.543196201324,10514
0.543961048126,10513
0.544480085373,10512
0.545459985733,10511
0.546634197235,10510
0.547363996506,10509
0.547888994217,10508
0.549147129059,10507
0.54967713356,10506
0.550178050995,10505
0.551485061646,10504
0.552139043808,10503
0.554938077927,10502
0.55715918541,10501
0.558325052261,10500
0.559434175491,10499
0.560264110565,10498
0.560950994492,10497
0.561688184738,10496
0.56240105629,10495
0.562848091125,10494
0.563702106476,10493
0.564544200897,10492
0.565600156784,10491
0.56609916687,10490
0.567128181458,10489
0.567635059357,10488
0.568547010422,10487
0.569177150726,10486
0.57114315033,10485
0.571624994278,10484
0.572791099548,10483
0.57324719429,10482
0.574880123138,10481
0.575350999832,10480
0.575833082199,10479
0.576490163803,10478
0.578260183334,10477
0.578802108765,10476
0.580513000488,10475
0.581005096436,10474
0.58146905899,10473
0.58211016655,10472
0.582734107971,10471
0.583232164383,10470
0.583721160889,10469
0.584150075912,10468
0.584653139114,10467
0.586147069931,10466
0.587366104126,10465
0.587814092636,10464
0.589020013809,10463
0.589689016342,10462
0.590483188629,10461
0.591937065125,10460
0.592621088028,10459
0.594113111496,10458
0.594551086426,10457
0.595154047012,10456
0.595839977264,10455
0.59662604332,10454
0.597393035889,10453
0.598232984543,10452
0.601238965988,10451
0.60235619545,10450
0.603619098663,10449
0.604297161102,10448
0.605072975159,10447
0.607251167297,10446
0.607843160629,10445
0.609218120575,10444
0.609958171844,10443
0.610718011856,10442
0.611227989197,10441
0.612509012222,10440
0.614967107773,10439
0.615942001343,10438
0.617078065872,10437
0.617506980896,10436
0.618185997009,10435
0.618672132492,10434
0.620490074158,10433
0.620927095413,10432
0.62189912796,10431
0.622334003448,10430
0.623439073563,10429
0.623882055283,10428
0.624977111816,10427
0.627289056778,10426
0.628077983856,10425
0.62873506546,10424
0.629201173782,10423
0.629693031311,10422
0.630346059799,10421
0.630828142166,10420
0.633036136627,10419
0.635889053345,10418
0.636569023132,10417
0.637876987457,10416
0.638638019562,10415
0.639473199844,10414
0.640567064285,10413
0.641256093979,10412
0.642656087875,10411
0.643108129501,10410
0.643582105637,10409
0.645650148392,10408
0.647050142288,10407
0.647469043732,10406
0.649319171906,10405
0.650130033493,10404
0.650735139847,10403
0.651226997375,10402
0.652423143387,10401
0.653046131134,10400
0.653463125229,10399
0.654277086258,10398
0.655277013779,10397
0.656155109406,10396
0.656716108322,10395
0.657200098038,10394
0.658096075058,10393
0.658812999725,10392
0.659880161285,10391
0.661614179611,10390
0.66232419014,10389
0.66295003891,10388
0.6634349823,10387
0.664551973343,10386
0.664966106415,10385
0.665835142136,10384
0.66686296463,10383
0.668526172638,10382
0.67020201683,10381
0.672680139542,10380
0.673163175583,10379
0.673842191696,10378
0.674566030502,10377
0.675003051758,10376
0.676891088486,10375
0.678507089615,10374
0.679568052292,10373
0.681688070297,10372
0.682573080063,10371
0.683066129684,10370
0.683746099472,10369
0.684239149094,10368
0.684705018997,10367
0.685194969177,10366
0.685675144196,10365
0.687513113022,10364
0.687991142273,10363
0.688471078873,10362
0.689447164536,10361
0.68992805481,10360
0.690780162811,10359
0.69122505188,10358
0.691856145859,10357
0.692516088486,10356
0.69330906868,10355
0.693777084351,10354
0.694272994995,10353
0.694728136063,10352
0.69554400444,10351
0.696029186249,10350
0.696794986725,10349
0.699122190475,10348
0.699737071991,10347
0.700208187103,10346
0.702010154724,10345
0.70306801796,10344
0.703916072845,10343
0.706274032593,10342
0.706788063049,10341
0.707417964935,10340
0.70819401741,10339
0.709468126297,10338
0.711408138275,10337
0.712743997574,10336
0.713827133179,10335
0.714660167694,10334
0.716006040573,10333
0.716511964798,10332
0.718099117279,10331
0.719124078751,10330
0.720216035843,10329
0.720659971237,10328
0.721404075623,10327
0.722613096237,10326
0.723109006882,10325
0.723483085632,10324
0.723917007446,10323
0.724542140961,10322
0.725015163422,10321
0.725457191467,10320
0.726418972015,10319
0.727416992188,10318
0.727910041809,10317
0.728887081146,10316
0.729683160782,10315
0.730370044708,10314
0.731729030609,10313
0.732338190079,10312
0.734236001968,10311
0.734685182571,10310
0.735387086868,10309
0.7362241745,10308
0.736656188965,10307
0.737112045288,10306
0.738559007645,10305
0.739935159683,10304
0.740401029587,10303
0.741676092148,10302
0.743113994598,10301
0.744007110596,10300
0.746361017227,10299
0.746807098389,10298
0.748383045197,10297
0.749482154846,10296
0.754643201828,10295
0.757302045822,10294
0.758136987686,10293
0.758613109589,10292
0.759216070175,10291
0.760274171829,10290
0.761147022247,10289
0.763948202133,10288
0.765920162201,10287
0.76633310318,10286
0.767019987106,10285
0.768059015274,10284
0.768550157547,10283
0.769937992096,10282
0.770359039307,10281
0.773478984833,10280
0.774347066879,10279
0.775624990463,10278
0.776686191559,10277
0.777999162674,10276
0.783343076706,10275
0.784402132034,10274
0.785613059998,10273
0.786420106888,10272
0.787839174271,10271
0.78911113739,10270
0.790459156036,10269
0.791037082672,10268
0.791879177094,10267
0.793958187103,10266
0.794409990311,10265
0.795184135437,10264
0.796055078506,10263
0.797101020813,10262
0.797559022903,10261
0.798483133316,10260
0.8013920784,10259
0.802544116974,10258
0.803269147873,10257
0.803968191147,10256
0.804428100586,10255
0.805181980133,10254
0.806931972504,10253
0.807766199112,10252
0.811146020889,10251
0.812199115753,10250
0.812996149063,10249
0.816148042679,10248
0.816780090332,10247
0.817780971527,10246
0.81906414032,10245
0.820089101791,10244
0.820754051208,10243
0.822637081146,10242
0.823079109192,10241
0.825045108795,10240
0.82553601265,10239
0.826541185379,10238
0.827026128769,10237
0.827458143234,10236
0.828332185745,10235
0.828984022141,10234
0.830028057098,10233
0.830808162689,10232
0.832092046738,10231
0.832915067673,10230
0.833710193634,10229
0.835587978363,10228
0.836063146591,10227
0.836542129517,10226
0.837005138397,10225
0.837893009186,10224
0.838390111923,10223
0.839517116547,10222
0.83998298645,10221
0.840453147888,10220
0.841838121414,10219
0.842318058014,10218
0.843167066574,10217
0.845035076141,10216
0.84571814537,10215
0.847700119019,10214
0.848177194595,10213
0.849445104599,10212
0.850567102432,10211
0.851292133331,10210
0.852570056915,10209
0.8534719944,10208
0.854700088501,10207
0.855437040329,10206
0.856512069702,10205
0.856979131699,10204
0.85786318779,10203
0.859486103058,10202
0.859978199005,10201
0.861241102219,10200
0.862029075623,10199
0.865153074265,10198
0.86617898941,10197
0.86680316925,10196
0.867289066315,10195
0.868455171585,10194
0.869199037552,10193
0.869739055634,10192
0.870213031769,10191
0.874070167542,10190
0.875109195709,10189
0.876168966293,10188
0.876816987991,10187
0.877287149429,10186
0.878475189209,10185
0.880112171173,10184
0.88121509552,10183
0.881628036499,10182
0.882946014404,10181
0.884229183197,10180
0.885599136353,10179
0.886082172394,10178
0.886888980865,10177
0.887361049652,10176
0.888174057007,10175
0.88950920105,10174
0.89055109024,10173
0.891515016556,10172
0.892503976822,10171
0.893414974213,10170
0.895586013794,10169
0.896605968475,10168
0.897516965866,10167
0.898884057999,10166
0.899433135986,10165
0.899970054626,10164
0.900847196579,10163
0.901395082474,10162
0.902922153473,10161
0.904814004898,10160
0.905305147171,10159
0.906017065048,10158
0.907855033875,10157
0.908387184143,10156
0.909464120865,10155
0.910163164139,10154
0.911229133606,10153
0.911843061447,10152
0.914139986038,10151
0.916360139847,10150
0.916979074478,10149
0.918450117111,10148
0.91906619072,10147
0.922016143799,10146
0.922789096832,10145
0.92388010025,10144
0.924359083176,10143
0.926478147507,10142
0.927476167679,10141
0.928905010223,10140
0.931759119034,10139
0.932773113251,10138
0.934110164642,10137
0.934962034225,10136
0.935564994812,10135
0.937201023102,10134
0.937959194183,10133
0.938416004181,10132
0.938886165619,10131
0.939917087555,10130
0.941210031509,10129
0.94252705574,10128
0.943511009216,10127
0.943989038467,10126
0.944912195206,10125
0.94538807869,10124
0.945995092392,10123
0.946444988251,10122
0.947282075882,10121
0.948161125183,10120
0.9489569664,10119
0.949468135834,10118
0.951994180679,10117
0.95246219635,10116
0.953214168549,10115
0.953905105591,10114
0.954349040985,10113
0.956346988678,10112
0.958799123764,10111
0.95968413353,10110
0.960331201553,10109
0.960757017136,10108
0.961750984192,10107
0.963608980179,10106
0.964277982712,10105
0.96555018425,10104
0.967697143555,10103
0.96918296814,10102
0.970591068268,10101
0.971027135849,10100
0.973399162292,10099
0.974018096924,10098
0.974501132965,10097
0.975958108902,10096
0.976869106293,10095
0.978006124496,10094
0.978854179382,10093
0.979274988174,10092
0.980018138885,10091
0.980499982834,10090
0.980967998505,10089
0.981847047806,10088
0.982432126999,10087
0.983642101288,10086
0.984106063843,10085
0.984579086304,10084
0.985426187515,10083
0.985923051834,10082
0.987831115723,10081
0.989387989044,10080
0.991517066956,10079
0.991937160492,10078
0.994145154953,10077
0.994871139526,10076
0.995329141617,10075
0.998044967651,10074
0.998998165131,10073
0.999659061432,10072
1.00101017952,10071
1.00282716751,10070
1.00398111343,10069
1.00544810295,10068
1.00595402718,10067
1.00644898415,10066
1.00775814056,10065
1.00946116447,10064
1.01040697098,10063
1.01198506355,10062
1.01291918755,10061
1.01338005066,10060
1.01454305649,10059
1.01548099518,10058
1.01604413986,10057
1.01654601097,10056
1.01703000069,10055
1.01860904694,10054
1.01983308792,10053
1.02027606964,10052
1.02113509178,10051
1.02161407471,10050
1.02269411087,10049
1.02341914177,10048
1.0243461132,10047
1.02626013756,10046
1.02817106247,10045
1.02892518044,10044
1.03083515167,10043
1.03132200241,10042
1.03338718414,10041
1.03562116623,10040
1.03687500954,10039
1.03736114502,10038
1.03784012794,10037
1.03867411613,10036
1.03960800171,10035
1.04006719589,10034
1.0404920578,10033
1.04122209549,10032
1.04284000397,10031
1.04346513748,10030
1.04412603378,10029
1.04537510872,10028
1.04576206207,10027
1.04642701149,10026
1.04776716232,10025
1.05139899254,10024
1.05177497864,10023
1.05264115334,10022
1.05456018448,10021
1.05645298958,10020
1.05741405487,10019
1.05828809738,10018
1.05952119827,10017
1.06014204025,10016
1.06058001518,10015
1.06106519699,10014
1.06412911415,10013
1.06458711624,10012
1.06750798225,10011
1.06932115555,10010
1.07120919228,10009
1.07369017601,10008
1.07506799698,10007
1.07599115372,10006
1.07897901535,10005
1.07948207855,10004
1.07995200157,10003
1.08352017403,10002
1.08398008347,10001
1.08601999283,10000
1.0865252018,9999
1.08905005455,9998
1.0895280838,9997
1.0901889801,9996
1.09063911438,9995
1.09106206894,9994
1.0929980278,9993
1.09346818924,9992
1.09421110153,9991
1.09466314316,9990
1.0956799984,9989
1.09665513039,9988
1.09708213806,9987
1.09789419174,9986
1.09826517105,9985
1.09869003296,9984
1.09916996956,9983
1.09963512421,9982
1.10106515884,9981
1.10222816467,9980
1.10282707214,9979
1.10467410088,9978
1.10515403748,9977
1.10558700562,9976
1.10709309578,9975
1.10853099823,9974
1.10936617851,9973
1.11095499992,9972
1.11419010162,9971
1.11604213715,9970
1.11738204956,9969
1.11841702461,9968
1.11922216415,9967
1.1198220253,9966
1.12042713165,9965
1.12086796761,9964
1.12366199493,9963
1.1241350174,9962
1.12703299522,9961
1.12814807892,9960
1.12859797478,9959
1.12906098366,9958
1.12953996658,9957
1.13216209412,9956
1.13314914703,9955
1.13628816605,9954
1.13732099533,9953
1.13774299622,9952
1.13821101189,9951
1.13919997215,9950
1.14125299454,9949
1.14173197746,9948
1.14232301712,9947
1.14407205582,9946
1.14478206635,9945
1.14546608925,9944
1.14594197273,9943
1.14669799805,9942
1.14845919609,9941
1.14923000336,9940
1.14980006218,9939
1.15031909943,9938
1.15086507797,9937
1.15139198303,9936
1.15188312531,9935
1.15238213539,9934
1.15289902687,9933
1.15491604805,9932
1.1563642025,9931
1.15722107887,9930
1.15885710716,9929
1.15936017036,9928
1.15994715691,9927
1.16042304039,9926
1.16098999977,9925
1.16222119331,9924
1.16380214691,9923
1.16427302361,9922
1.16546416283,9921
1.16587615013,9920
1.16688203812,9919
1.16754817963,9918
1.16929411888,9917
1.17057418823,9916
1.17120099068,9915
1.17406415939,9914
1.1745390892,9913
1.17493605614,9912
1.17593216896,9911
1.17640113831,9910
1.17797517776,9909
1.17867016792,9908
1.17966604233,9907
1.18013715744,9906
1.18084096909,9905
1.18128204346,9904
1.18351316452,9903
1.18426418304,9902
1.18561816216,9901
1.18790817261,9900
1.18842196465,9899
1.18988204002,9898
1.19055104256,9897
1.19101500511,9896
1.19408297539,9895
1.19456410408,9894
1.19541597366,9893
1.19621515274,9892
1.19669103622,9891
1.19746208191,9890
1.19960403442,9889
1.20019316673,9888
1.20061707497,9887
1.20105719566,9886
1.20396399498,9885
1.20524907112,9884
1.2068271637,9883
1.20848298073,9882
1.20983219147,9881
1.21312904358,9880
1.21725106239,9879
1.21779108047,9878
1.21854305267,9877
1.21905303001,9876
1.21966910362,9875
1.22011399269,9874
1.22167515755,9873
1.22257304192,9872
1.22372603416,9871
1.2241961956,9870
1.2263879776,9869
1.22686600685,9868
1.2273349762,9867
1.23156714439,9866
1.23237705231,9865
1.23367118835,9864
1.23454117775,9863
1.23554706573,9862
1.23653101921,9861
1.23899006844,9860
1.23946213722,9859
1.24051713943,9858
1.24098110199,9857
1.2414419651,9856
1.24191713333,9855
1.24236512184,9854
1.24343299866,9853
1.24446296692,9852
1.24530911446,9851
1.2466571331,9850
1.25060105324,9849
1.2514321804,9848
1.25349497795,9847
1.25393104553,9846
1.25473499298,9845
1.25542116165,9844
1.25649213791,9843
1.25709819794,9842
1.25950717926,9841
1.25997018814,9840
1.26252603531,9839
1.26292514801,9838
1.2635409832,9837
1.26400303841,9836
1.2670071125,9835
1.26922702789,9834
1.26971817017,9833
1.27037811279,9832
1.27147102356,9831
1.27223515511,9830
1.2726919651,9829
1.27316617966,9828
1.2737801075,9827
1.27444815636,9826
1.27548313141,9825
1.27828216553,9824
1.27931714058,9823
1.28106999397,9822
1.28266811371,9821
1.28309798241,9820
1.28370308876,9819
1.28527402878,9818
1.28714418411,9817
1.28775596619,9816
1.28932619095,9815
1.28986501694,9814
1.29034018517,9813
1.29148197174,9812
1.29293298721,9811
1.29458117485,9810
1.29503107071,9809
1.29554009438,9808
1.29704999924,9807
1.29747104645,9806
1.2981441021,9805
1.29952597618,9804
1.30036497116,9803
1.30145716667,9802
1.30225300789,9801
1.30273318291,9800
1.30316114426,9799
1.30409812927,9798
1.30456900597,9797
1.30542397499,9796
1.30615997314,9795
1.30762314796,9794
1.30859613419,9793
1.30985617638,9792
1.31070113182,9791
1.31169700623,9790
1.31256008148,9789
1.315513134,9788
1.3166000843,9787
1.31722307205,9786
1.31801605225,9785
1.31886100769,9784
1.32068800926,9783
1.32113909721,9782
1.32155418396,9781
1.32340216637,9780
1.32484698296,9779
1.32725811005,9778
1.3277220726,9777
1.32832503319,9776
1.32897400856,9775
1.33062911034,9774
1.33138918877,9773
1.33205699921,9772
1.33325719833,9771
1.33387303352,9770
1.33433103561,9769
1.33500313759,9768
1.33585000038,9767
1.3395011425,9766
1.34049105644,9765
1.34095597267,9764
1.34136009216,9763
1.34202218056,9762
1.34305500984,9761
1.34390497208,9760
1.34439301491,9759
1.34859013557,9758
1.35098218918,9757
1.35143899918,9756
1.35210108757,9755
1.3525121212,9754
1.35466217995,9753
1.35675501823,9752
1.35736513138,9751
1.35783100128,9750
1.35868811607,9749
1.36008620262,9748
1.36054611206,9747
1.36187696457,9746
1.36323308945,9745
1.36408615112,9744
1.36526012421,9743
1.36573314667,9742
1.3671040535,9741
1.3677880764,9740
1.36883616447,9739
1.3698849678,9738
1.37216901779,9737
1.37347602844,9736
1.3768620491,9735
1.37728404999,9734
1.37774515152,9733
1.37837600708,9732
1.37903118134,9731
1.3799932003,9730
1.38076901436,9729
1.38156104088,9728
1.38205718994,9727
1.38313412666,9726
1.38417601585,9725
1.3846449852,9724
1.38525104523,9723
1.38608717918,9722
1.38656210899,9721
1.38906908035,9720
1.39174008369,9719
1.39323210716,9718
1.39392399788,9717
1.3969681263,9716
1.39833307266,9715
1.3987660408,9714
1.39923620224,9713
1.39969205856,9712
1.40238404274,9711
1.40416908264,9710
1.40458607674,9709
1.40589213371,9708
1.40753912926,9707
1.40920519829,9706
1.41057801247,9705
1.41104507446,9704
1.41156101227,9703
1.41222405434,9702
1.4128100872,9701
1.41375112534,9700
1.4148440361,9699
1.41587209702,9698
1.41798400879,9697
1.41987609863,9696
1.42038798332,9695
1.42084503174,9694
1.42151117325,9693
1.42442011833,9692
1.4252371788,9691
1.42682504654,9690
1.42999815941,9689
1.43085312843,9688
1.43165397644,9687
1.43324613571,9686
1.43407011032,9685
1.434882164,9684
1.43659710884,9683
1.43729519844,9682
1.4377310276,9681
1.43861103058,9680
1.43907618523,9679
1.44165897369,9678
1.4433619976,9677
1.44381904602,9676
1.44536018372,9675
1.44579219818,9674
1.44781398773,9673
1.44842910767,9672
1.44983816147,9671
1.45035004616,9670
1.45093107224,9669
1.45205807686,9668
1.45390105247,9667
1.455119133,9666
1.45596718788,9665
1.45679497719,9664
1.45785617828,9663
1.45832109451,9662
1.45882916451,9661
1.4626531601,9660
1.46308207512,9659
1.46475100517,9658
1.4668610096,9657
1.47052407265,9656
1.47098517418,9655
1.47214317322,9654
1.47514820099,9653
1.47614908218,9652
1.47728204727,9651
1.47838401794,9650
1.47895002365,9649
1.4793920517,9648
1.48014497757,9647
1.48114514351,9646
1.48289012909,9645
1.48422408104,9644
1.48549318314,9643
1.48666810989,9642
1.4899661541,9641
1.49042320251,9640
1.4910671711,9639
1.49173212051,9638
1.4928560257,9637
1.49331116676,9636
1.49415516853,9635
1.49485898018,9634
1.49578619003,9633
1.49661707878,9632
1.49952197075,9631
1.50029706955,9630
1.50482916832,9629
1.50664806366,9628
1.50776100159,9627
1.51003718376,9626
1.51069808006,9625
1.51358509064,9624
1.51922416687,9623
1.52335619926,9622
1.52512598038,9621
1.52573204041,9620
1.52699112892,9619
1.5285589695,9618
1.53016805649,9617
1.53064513206,9616
1.53310608864,9615
1.53733110428,9614
1.53778815269,9613
1.54083108902,9612
1.54276514053,9611
1.54960608482,9610
1.55035018921,9609
1.55082511902,9608
1.55299401283,9607
1.55393600464,9606
1.55457019806,9605
1.55497312546,9604
1.55651497841,9603
1.55990004539,9602
1.56474208832,9601
1.56662106514,9600
1.56793808937,9599
1.5687379837,9598
1.57023310661,9597
1.57071518898,9596
1.57121014595,9595
1.57333397865,9594
1.57442808151,9593
1.57543206215,9592
1.57674407959,9591
1.57741808891,9590
1.57873010635,9589
1.57924604416,9588
1.57981801033,9587
1.58029317856,9586
1.58169102669,9585
1.58270597458,9584
1.58319616318,9583
1.58385896683,9582
1.58618211746,9581
1.58708000183,9580
1.58750319481,9579
1.5879881382,9578
1.58847212791,9577
1.5895960331,9576
1.59058499336,9575
1.5927259922,9574
1.59319114685,9573
1.59527206421,9572
1.59733510017,9571
1.59781813622,9570
1.59967398643,9569
1.60070610046,9568
1.60118103027,9567
1.60226297379,9566
1.60458803177,9565
1.60790419579,9564
1.60872197151,9563
1.60939002037,9562
1.61040997505,9561
1.6114461422,9560
1.6122200489,9559
1.61320114136,9558
1.61878299713,9557
1.61929798126,9556
1.62122416496,9555
1.62182402611,9554
1.62542819977,9553
1.62684798241,9552
1.62835001945,9551
1.62970519066,9550
1.63205003738,9549
1.63364815712,9548
1.63413715363,9547
1.6378121376,9546
1.64022111893,9545
1.64133810997,9544
1.64220619202,9543
1.64330220222,9542
1.64412999153,9541
1.64526200294,9540
1.64789414406,9539
1.6487660408,9538
1.64933919907,9537
1.64989209175,9536
1.6504650116,9535
1.65159201622,9534
1.65207719803,9533
1.65364313126,9532
1.65751719475,9531
1.65907001495,9530
1.66087603569,9529
1.66163802147,9528
1.66211414337,9527
1.66357302666,9526
1.66408014297,9525
1.66480016708,9524
1.66520810127,9523
1.66762208939,9522
1.66909408569,9521
1.67153906822,9520
1.67321300507,9519
1.67409515381,9518
1.67535018921,9517
1.67602515221,9516
1.67758703232,9515
1.67939519882,9514
1.68015503883,9513
1.68206501007,9512
1.68760418892,9511
1.68895697594,9510
1.68940520287,9509
1.68983411789,9508
1.69079303741,9507
1.69393610954,9506
1.69476008415,9505
1.69521307945,9504
1.69649004936,9503
1.70191311836,9502
1.70252609253,9501
1.70310497284,9500
1.70426416397,9499
1.70622515678,9498
1.70812606812,9497
1.71082019806,9496
1.71205115318,9495
1.71356606483,9494
1.71568012238,9493
1.71718597412,9492
1.71836614609,9491
1.72029399872,9490
1.72116017342,9489
1.72218704224,9488
1.72273802757,9487
1.72357606888,9486
1.72411108017,9485
1.72608017921,9484
1.7281332016,9483
1.72879719734,9482
1.72977900505,9481
1.73020219803,9480
1.73227000237,9479
1.73381900787,9478
1.73423409462,9477
1.7373290062,9476
1.7388920784,9475
1.73982000351,9474
1.74048113823,9473
1.74091005325,9472
1.74157118797,9471
1.74360108376,9470
1.74406099319,9469
1.74510717392,9468
1.74711108208,9467
1.74789404869,9466
1.74872612953,9465
1.7501411438,9464
1.75221419334,9463
1.75861120224,9462
1.75938796997,9461
1.75980305672,9460
1.76199507713,9459
1.76346206665,9458
1.76473498344,9457
1.76612019539,9456
1.77042913437,9455
1.77245903015,9454
1.77311110497,9453
1.77424502373,9452
1.77571797371,9451
1.77641201019,9450
1.77756500244,9449
1.781208992,9448
1.78194403648,9447
1.78258299828,9446
1.78371500969,9445
1.78416800499,9444
1.78460001945,9443
1.78515100479,9442
1.78573417664,9441
1.78656816483,9440
1.78752398491,9439
1.78810119629,9438
1.79087901115,9437
1.79133796692,9436
1.79397797585,9435
1.79440402985,9434
1.7959420681,9433
1.79711008072,9432
1.79855298996,9431
1.79901003838,9430
1.79946517944,9429
1.80023312569,9428
1.80078697205,9427
1.80120301247,9426
1.80463814735,9425
1.80506205559,9424
1.80589413643,9423
1.80742311478,9422
1.80860114098,9421
1.80946397781,9420
1.80994796753,9419
1.81073212624,9418
1.81187796593,9417
1.81261897087,9416
1.81411314011,9415
1.81451702118,9414
1.81573414803,9413
1.8162791729,9412
1.81887602806,9411
1.8199801445,9410
1.82091999054,9409
1.82382512093,9408
1.8247590065,9407
1.82745409012,9406
1.82868909836,9405
1.82972002029,9404
1.83076310158,9403
1.83214998245,9402
1.83257198334,9401
1.83448505402,9400
1.83506917953,9399
1.83550405502,9398
1.83759999275,9397
1.83862614632,9396
1.83984017372,9395
1.84102416039,9394
1.84302711487,9393
1.84517598152,9392
1.84592318535,9391
1.84897112846,9390
1.85158920288,9389
1.85279202461,9388
1.8539481163,9387
1.8561630249,9386
1.8574411869,9385
1.85863113403,9384
1.85908007622,9383
1.86004710197,9382
1.86108708382,9381
1.86501002312,9380
1.86543512344,9379
1.8658850193,9378
1.86912417412,9377
1.86957502365,9376
1.87055397034,9375
1.87167811394,9374
1.87298417091,9373
1.87543296814,9372
1.87617516518,9371
1.87921214104,9370
1.88070607185,9369
1.88178610802,9368
1.88278007507,9367
1.88418102264,9366
1.88464403152,9365
1.88510107994,9364
1.88558506966,9363
1.88971400261,9362
1.8901591301,9361
1.89261603355,9360
1.89497208595,9359
1.89682602882,9358
1.89915513992,9357
1.89958119392,9356
1.90020108223,9355
1.90061616898,9354
1.90190815926,9353
1.90330505371,9352
1.90456914902,9351
1.90596604347,9350
1.90659499168,9349
1.90757012367,9348
1.90802001953,9347
1.90847015381,9346
1.91135001183,9345
1.91177010536,9344
1.91346216202,9343
1.9149479866,9342
1.91610312462,9341
1.91851902008,9340
1.91987204552,9339
1.92261815071,9338
1.92392396927,9337
1.92981410027,9336
1.93034005165,9335
1.93279910088,9334
1.93318009377,9333
1.9341750145,9332
1.93523716927,9331
1.93568611145,9330
1.93750715256,9329
1.93894815445,9328
1.93931913376,9327
1.94058299065,9326
1.94329810143,9325
1.94560003281,9324
1.94764614105,9323
1.94812011719,9322
1.94902706146,9321
1.95001196861,9320
1.95047712326,9319
1.95122098923,9318
1.95158910751,9317
1.95221209526,9316
1.95261406898,9315
1.95480012894,9314
1.95758008957,9313
1.95891904831,9312
1.9612569809,9311
1.96263813972,9310
1.96428108215,9309
1.96546196938,9308
1.96835899353,9307
1.97338318825,9306
1.9754960537,9305
1.97665214539,9304
1.97753000259,9303
1.97923707962,9302
1.9802441597,9301
1.98106813431,9300
1.98165202141,9299
1.98513817787,9298
1.98554801941,9297
1.99060201645,9296
1.99106097221,9295
1.9919719696,9294
1.99233603477,9293
1.99351119995,9292
1.99396014214,9291
1.99442005157,9290
1.99547219276,9289
1.99972820282,9288
2.00117206573,9287
2.00250911713,9286
2.00327420235,9285
2.00789117813,9284
2.00851416588,9283
2.01439213753,9282
2.0148100853,9281
2.01744914055,9280
2.02260613441,9279
2.02630996704,9278
2.02759408951,9277
2.03029298782,9276
2.03089809418,9275
2.03197717667,9274
2.03373813629,9273
2.03641915321,9272
2.03678798676,9271
2.0372440815,9270
2.03815317154,9269
2.03941011429,9268
2.04707098007,9267
2.04891610146,9266
2.05499219894,9265
2.05677700043,9264
2.05982899666,9263
2.06067109108,9262
2.06111598015,9261
2.06192016602,9260
2.06299209595,9259
2.06539297104,9258
2.06711697578,9257
2.06793308258,9256
2.07084298134,9255
2.07240414619,9254
2.07680296898,9253
2.07800507545,9252
2.07920908928,9251
2.07993817329,9250
2.08093500137,9249
2.08173918724,9248
2.08218502998,9247
2.08524918556,9246
2.08708906174,9245
2.08807301521,9244
2.08969497681,9243
2.09014201164,9242
2.09465909004,9241
2.09510397911,9240
2.09650397301,9239
2.09803009033,9238
2.09851312637,9237
2.10001111031,9236
2.10145902634,9235
2.10402011871,9234
2.1044690609,9233
2.10806012154,9232
2.10850811005,9231
2.108959198,9230
2.1093981266,9229
2.1104221344,9228
2.11084699631,9227
2.11528706551,9226
2.11574411392,9225
2.11619305611,9224
2.11824297905,9223
2.12392020226,9222
2.12440299988,9221
2.12709307671,9220
2.1289961338,9219
2.13010311127,9218
2.13202619553,9217
2.13376498222,9216
2.13642311096,9215
2.13968515396,9214
2.14244198799,9213
2.14447116852,9212
2.14642810822,9211
2.1473941803,9210
2.14983415604,9209
2.15053796768,9208
2.15231704712,9207
2.15306711197,9206
2.15445804596,9205
2.15498805046,9204
2.15555906296,9203
2.15743708611,9202
2.15976810455,9201
2.16117811203,9200
2.165569067,9199
2.16794419289,9198
2.16965603828,9197
2.17246818542,9196
2.17291903496,9195
2.17352819443,9194
2.17476320267,9193
2.17579817772,9192
2.17996716499,9191
2.18074798584,9190
2.18137311935,9189
2.18179512024,9188
2.18283414841,9187
2.18344211578,9186
2.18558311462,9185
2.18703818321,9184
2.19307518005,9183
2.19445919991,9182
2.19643211365,9181
2.19976615906,9180
2.2066590786,9179
2.20740818977,9178
2.20783019066,9177
2.20844602585,9176
2.21064901352,9175
2.21251606941,9174
2.21324706078,9173
2.21499109268,9172
2.21748900414,9171
2.2179851532,9170
2.22147417068,9169
2.22585511208,9168
2.226583004,9167
2.22817897797,9166
2.23369598389,9165
2.23543000221,9164
2.23756718636,9163
2.23914909363,9162
2.24057197571,9161
2.24288702011,9160
2.2460091114,9159
2.24713516235,9158
2.2476670742,9157
2.24856805801,9156
2.25144720078,9155
2.25195407867,9154
2.25305199623,9153
2.25421905518,9152
2.26073718071,9151
2.26169800758,9150
2.26405596733,9149
2.26478719711,9148
2.26592707634,9147
2.26807117462,9146
2.27121305466,9145
2.27383804321,9144
2.27477502823,9143
2.277354002,9142
2.27779603004,9141
2.27898097038,9140
2.2812101841,9139
2.28414106369,9138
2.28767800331,9137
2.28883504868,9136
2.28932619095,9135
2.29028201103,9134
2.29078316689,9133
2.29645514488,9132
2.29858398438,9131
2.30094003677,9130
2.3046901226,9129
2.30871796608,9128
2.30968809128,9127
2.31047415733,9126
2.31091618538,9125
2.31131410599,9124
2.31398797035,9123
2.31981301308,9122
2.32114696503,9121
2.32265996933,9120
2.32714915276,9119
2.33301711082,9118
2.33466219902,9117
2.33554816246,9116
2.33607697487,9115
2.34323215485,9114
2.3436729908,9113
2.34543013573,9112
2.34643006325,9111
2.35028505325,9110
2.3546860218,9109
2.35545611382,9108
2.35683917999,9107
2.35843610764,9106
2.35888004303,9105
2.35985517502,9104
2.36109304428,9103
2.36302709579,9102
2.36554002762,9101
2.36869215965,9100
2.36911201477,9099
2.36955499649,9098
2.37026119232,9097
2.3836350441,9096
2.38569307327,9095
2.38855218887,9094
2.3903400898,9093
2.3921661377,9092
2.39253902435,9091
2.3931350708,9090
2.39755415916,9089
2.39813303947,9088
2.39905714989,9087
2.39992904663,9086
2.40094709396,9085
2.40498805046,9084
2.40612816811,9083
2.40891098976,9082
2.40950202942,9081
2.41203904152,9080
2.41497015953,9079
2.41577506065,9078
2.42023897171,9077
2.42065310478,9076
2.421033144,9075
2.43095207214,9074
2.43383598328,9073
2.43543601036,9072
2.43585896492,9071
2.43957209587,9070
2.44294810295,9069
2.44405698776,9068
2.44833016396,9067
2.45219802856,9066
2.45314717293,9065
2.45494604111,9064
2.45847916603,9063
2.46192407608,9062
2.46267914772,9061
2.46686601639,9060
2.47825813293,9059
2.47926998138,9058
2.4811360836,9057
2.48212218285,9056
2.48298406601,9055
2.48579216003,9054
2.48622298241,9053
2.48684406281,9052
2.4880001545,9051
2.49045300484,9050
2.49156308174,9049
2.49356913567,9048
2.4941880703,9047
2.4946141243,9046
2.49674797058,9045
2.49907517433,9044
2.49983716011,9043
2.5004491806,9042
2.5024740696,9041
2.50489401817,9040
2.50570011139,9039
2.51000905037,9038
2.51103496552,9037
2.51292300224,9036
2.51396203041,9035
2.51602602005,9034
2.51810717583,9033
2.52143001556,9032
2.52281808853,9031
2.52752709389,9030
2.53122997284,9029
2.53218698502,9028
2.53343319893,9027
2.53836607933,9026
2.53938102722,9025
2.54249715805,9024
2.54461216927,9023
2.54714202881,9022
2.54794096947,9021
2.55111598969,9020
2.55153512955,9019
2.55335617065,9018
2.55379509926,9017
2.55672311783,9016
2.55749201775,9015
2.55906319618,9014
2.56050205231,9013
2.56157302856,9012
2.56195211411,9011
2.56309008598,9010
2.56541919708,9009
2.56672906876,9008
2.57169413567,9007
2.57416009903,9006
2.57586216927,9005
2.57692909241,9004
2.57945919037,9003
2.5830271244,9002
2.58366918564,9001
2.58802819252,9000
2.58944416046,8999
2.59277915955,8998
2.59386110306,8997
2.59770607948,8996
2.59920406342,8995
2.60658216476,8994
2.60756611824,8993
2.60971999168,8992
2.61259508133,8991
2.61336302757,8990
2.61377000809,8989
2.61682915688,8988
2.61822319031,8987
2.61916518211,8986
2.62368106842,8985
2.6248049736,8984
2.62528300285,8983
2.63094806671,8982
2.63216209412,8981
2.63351297379,8980
2.636687994,8979
2.63960409164,8978
2.64321804047,8977
2.64363312721,8976
2.64439415932,8975
2.6453371048,8974
2.64619803429,8973
2.64720106125,8972
2.65105199814,8971
2.6582801342,8970
2.66082215309,8969
2.66229701042,8968
2.66538906097,8967
2.66583204269,8966
2.66771101952,8965
2.66817712784,8964
2.67460203171,8963
2.68169307709,8962
2.68339419365,8961
2.68499207497,8960
2.68560314178,8959
2.68680715561,8958
2.69020819664,8957
2.69271397591,8956
2.6933991909,8955
2.69610404968,8954
2.69760298729,8953
2.69899010658,8952
2.69947719574,8951
2.70485115051,8950
2.70548915863,8949
2.70694708824,8948
2.70835900307,8947
2.71066617966,8946
2.71376514435,8945
2.71474599838,8944
2.71522307396,8943
2.71966218948,8942
2.7204811573,8941
2.72086596489,8940
2.72132706642,8939
2.72196817398,8938
2.72295212746,8937
2.72358798981,8936
2.72579813004,8935
2.72847819328,8934
2.73076105118,8933
2.73707604408,8932
2.73754405975,8931
2.73971509933,8930
2.7403421402,8929
2.74331617355,8928
2.74630618095,8927
2.74676203728,8926
2.75042819977,8925
2.7527050972,8924
2.75356197357,8923
2.75546717644,8922
2.75705313683,8921
2.76027011871,8920
2.76850199699,8919
2.7689139843,8918
2.7695851326,8917
2.77026200294,8916
2.77278900146,8915
2.77453708649,8914
2.77609300613,8913
2.77891898155,8912
2.78081417084,8911
2.78449511528,8910
2.78490900993,8909
2.78729605675,8908
2.78890299797,8907
2.79209518433,8906
2.79602408409,8905
2.80354619026,8904
2.80594801903,8903
2.80956816673,8902
2.81036520004,8901
2.81480503082,8900
2.81562399864,8899
2.81682300568,8898
2.81766915321,8897
2.81809020042,8896
2.82018208504,8895
2.82057905197,8894
2.82233214378,8893
2.82427811623,8892
2.82692599297,8891
2.82845211029,8890
2.83049297333,8889
2.83302497864,8888
2.83419513702,8887
2.83547616005,8886
2.83951401711,8885
2.8399271965,8884
2.84387612343,8883
2.84443616867,8882
2.84635210037,8881
2.84963917732,8880
2.85170197487,8879
2.8521270752,8878
2.85262918472,8877
2.85519909859,8876
2.85564017296,8875
2.85676002502,8874
2.85736203194,8873
2.85931611061,8872
2.8604221344,8871
2.86097717285,8870
2.86161804199,8869
2.86207008362,8868
2.86369800568,8867
2.8663020134,8866
2.86917304993,8865
2.86977005005,8864
2.87258815765,8863
2.87371206284,8862
2.87412714958,8861
2.88086605072,8860
2.88211417198,8859
2.88304901123,8858
2.88378810883,8857
2.88902497292,8856
2.89084506035,8855
2.89326500893,8854
2.89459514618,8853
2.89624714851,8852
2.89722013474,8851
2.90150403976,8850
2.90226316452,8849
2.9065849781,8848
2.90982604027,8847
2.91257214546,8846
2.91688513756,8845
2.91805911064,8844
2.91893005371,8843
2.92002606392,8842
2.92252802849,8841
2.92687916756,8840
2.93041419983,8839
2.93839716911,8838
2.93959903717,8837
2.94081616402,8836
2.94186019897,8835
2.94306898117,8834
2.94476819038,8833
2.9454600811,8832
2.94589018822,8831
2.95054197311,8830
2.95197415352,8829
2.95512199402,8828
2.95572900772,8827
2.95972800255,8826
2.96585297585,8825
2.96626520157,8824
2.96670103073,8823
2.96709704399,8822
2.97236299515,8821
2.97386407852,8820
2.97650313377,8819
2.97913098335,8818
2.98180413246,8817
2.98270201683,8816
2.98313808441,8815
2.98401904106,8814
2.98609113693,8813
2.98718810081,8812
2.98855400085,8811
2.98971009254,8810
2.99006319046,8809
2.99179410934,8808
2.9925301075,8807
2.99623203278,8806
2.99744606018,8805
2.99870300293,8804
3.00455999374,8803
3.0080640316,8802
3.00950312614,8801
3.01036119461,8800
3.01082205772,8799
3.01147317886,8798
3.01892209053,8797
3.01946496964,8796
3.02203917503,8795
3.02246308327,8794
3.02566504478,8793
3.02694606781,8792
3.02822113037,8791
3.03252410889,8790
3.03735399246,8789
3.03779101372,8788
3.04125404358,8787
3.04293107986,8786
3.04359602928,8785
3.04492211342,8784
3.0458521843,8783
3.0478451252,8782
3.04894018173,8781
3.05025100708,8780
3.05432105064,8779
3.05557513237,8778
3.06279206276,8777
3.06373620033,8776
3.06464219093,8775
3.06505918503,8774
3.06681919098,8773
3.07314515114,8772
3.07355117798,8771
3.07445216179,8770
3.07805609703,8769
3.07874011993,8768
3.07975816727,8767
3.08066415787,8766
3.08236503601,8765
3.08277797699,8764
3.08478116989,8763
3.08518815041,8762
3.08702397346,8761
3.09240818024,8760
3.09281802177,8759
3.09370303154,8758
3.09794807434,8757
3.09855008125,8756
3.10214400291,8755
3.10274410248,8754
3.10315608978,8753
3.10514903069,8752
3.10680103302,8751
3.10818910599,8750
3.11274409294,8749
3.1146800518,8748
3.1167280674,8747
3.11715602875,8746
3.1187710762,8745
3.12069416046,8744
3.12220215797,8743
3.12263607979,8742
3.12742304802,8741
3.12864613533,8740
3.13181018829,8739
3.13424110413,8738
3.13583302498,8737
3.13700819016,8736
3.13776111603,8735
3.13865613937,8734
3.14042019844,8733
3.14544916153,8732
3.14619398117,8731
3.14812517166,8730
3.14957118034,8729
3.15667819977,8728
3.15781903267,8727
3.16037511826,8726
3.16700100899,8725
3.16743302345,8724
3.17096710205,8723
3.17170906067,8722
3.1739180088,8721
3.17551708221,8720
3.17591309547,8719
3.17713308334,8718
3.17846298218,8717
3.1798081398,8716
3.18103408813,8715
3.18457913399,8714
3.18937706947,8713
3.18980312347,8712
3.19301605225,8711
3.19404697418,8710
3.19617199898,8709
3.19864416122,8708
3.20068001747,8707
3.20124197006,8706
3.20167613029,8705
3.20355010033,8704
3.2051410675,8703
3.20585298538,8702
3.20674920082,8701
3.20718097687,8700
3.21381497383,8699
3.21499609947,8698
3.21618914604,8697
3.2189040184,8696
3.22839999199,8695
3.23112607002,8694
3.23309803009,8693
3.23421096802,8692
3.23994803429,8691
3.24260401726,8690
3.24554109573,8689
3.24594306946,8688
3.24816298485,8687
3.25030612946,8686
3.25949311256,8685
3.26213908195,8684
3.26323413849,8683
3.26558208466,8682
3.26651501656,8681
3.27031803131,8680
3.27402997017,8679
3.27623701096,8678
3.27972507477,8677
3.28199100494,8676
3.28354406357,8675
3.28394818306,8674
3.28536701202,8673
3.29192709923,8672
3.29261398315,8671
3.29498410225,8670
3.29887700081,8669
3.30197119713,8668
3.30866003036,8667
3.31066918373,8666
3.31162309647,8665
3.31235408783,8664
3.31369113922,8663
3.31442904472,8662
3.31767201424,8661
3.31914520264,8660
3.32045316696,8659
3.32137799263,8658
3.32241606712,8657
3.32493519783,8656
3.32552504539,8655
3.32781505585,8654
3.33072304726,8653
3.33177304268,8652
3.33616805077,8651
3.33677911758,8650
3.33984398842,8649
3.34097409248,8648
3.34712815285,8647
3.34770298004,8646
3.35110998154,8645
3.35256505013,8644
3.3546731472,8643
3.35692214966,8642
3.35875296593,8641
3.36303114891,8640
3.36780309677,8639
3.37014913559,8638
3.37336611748,8637
3.37409210205,8636
3.3745059967,8635
3.37644720078,8634
3.37696814537,8633
3.38244700432,8632
3.38283610344,8631
3.38449811935,8630
3.38539814949,8629
3.38688516617,8628
3.38757300377,8627
3.3896291256,8626
3.3912050724,8625
3.39280200005,8624
3.39387607574,8623
3.39448618889,8622
3.39575219154,8621
3.39691114426,8620
3.39959311485,8619
3.41102409363,8618
3.41243600845,8617
3.41573810577,8616
3.41861820221,8615
3.41917920113,8614
3.42049002647,8613
3.42249917984,8612
3.42376613617,8611
3.42700409889,8610
3.4273891449,8609
3.42797613144,8608
3.42837119102,8607
3.4296541214,8606
3.43695616722,8605
3.43850398064,8604
3.44277405739,8603
3.44444799423,8602
3.44646906853,8601
3.44925403595,8600
3.45138001442,8599
3.45475816727,8598
3.45744514465,8597
3.45971798897,8596
3.46156311035,8595
3.46460914612,8594
3.46631598473,8593
3.46777200699,8592
3.47237300873,8591
3.47643113136,8590
3.47736001015,8589
3.47949099541,8588
3.47991013527,8587
3.48141813278,8586
3.48183512688,8585
3.490650177,8584
3.49107813835,8583
3.50291419029,8582
3.50516915321,8581
3.50876808167,8580
3.51187610626,8579
3.51885700226,8578
3.52006816864,8577
3.52426505089,8576
3.53028106689,8575
3.53133916855,8574
3.53974103928,8573
3.54499602318,8572
3.54581904411,8571
3.54675197601,8570
3.55302619934,8569
3.55554413795,8568
3.56420111656,8567
3.56533312798,8566
3.5671479702,8565
3.58390212059,8564
3.58504509926,8563
3.58545517921,8562
3.58798098564,8561
3.59765219688,8560
3.60013818741,8559
3.60456418991,8558
3.60559415817,8557
3.60806202888,8556
3.61496901512,8555
3.61645817757,8554
3.61735701561,8553
3.62184906006,8552
3.62540817261,8551
3.62580800056,8550
3.62920713425,8549
3.63008618355,8548
3.63049316406,8547
3.63247299194,8546
3.63755202293,8545
3.63945603371,8544
3.64133000374,8543
3.64205098152,8542
3.64304113388,8541
3.64987015724,8540
3.65099811554,8539
3.65532803535,8538
3.67110610008,8537
3.67247319221,8536
3.67549610138,8535
3.67618513107,8534
3.67657017708,8533
3.67895412445,8532
3.67948508263,8531
3.67988109589,8530
3.68052196503,8529
3.68153715134,8528
3.68679308891,8527
3.6918721199,8526
3.69458198547,8525
3.69880914688,8524
3.70007205009,8523
3.70186018944,8522
3.70399308205,8521
3.71234703064,8520
3.71553206444,8519
3.72042012215,8518
3.72084307671,8517
3.72216796875,8516
3.72432112694,8515
3.72590017319,8514
3.73143815994,8513
3.73479413986,8512
3.73982715607,8511
3.74233913422,8510
3.74323511124,8509
3.74435997009,8508
3.74546408653,8507
3.74821519852,8506
3.74912309647,8505
3.74976396561,8504
3.75098109245,8503
3.75638508797,8502
3.7677590847,8501
3.77081608772,8500
3.77227807045,8499
3.77353405952,8498
3.77552103996,8497
3.77593898773,8496
3.78152799606,8495
3.78285217285,8494
3.78468108177,8493
3.78725814819,8492
3.79288816452,8491
3.79377508163,8490
3.79415202141,8489
3.79553604126,8488
3.79594898224,8487
3.79635810852,8486
3.80016708374,8485
3.80071616173,8484
3.80292320251,8483
3.80682516098,8482
3.80725598335,8481
3.81684398651,8480
3.82113099098,8479
3.82171916962,8478
3.82233500481,8477
3.82445216179,8476
3.82914113998,8475
3.83108115196,8474
3.84217500687,8473
3.84755706787,8472
3.84972214699,8471
3.85663414001,8470
3.85783314705,8469
3.86351203918,8468
3.8661980629,8467
3.86963701248,8466
3.87471604347,8465
3.87645506859,8464
3.87836718559,8463
3.87952208519,8462
3.88209414482,8461
3.8829870224,8460
3.88337111473,8459
3.89451599121,8458
3.8950741291,8457
3.89981198311,8456
3.90597915649,8455
3.90922117233,8454
3.9128010273,8453
3.91541910172,8452
3.91823220253,8451
3.92317700386,8450
3.92534708977,8449
3.92618918419,8448
3.92659711838,8447
3.92819809914,8446
3.93430399895,8445
3.93803215027,8444
3.94322705269,8443
3.94391107559,8442
3.94843411446,8441
3.94905018806,8440
3.95087718964,8439
3.95240497589,8438
3.95507717133,8437
3.95605015755,8436
3.95787405968,8435
3.95900607109,8434
3.95939803123,8433
3.96366405487,8432
3.96516299248,8431
3.9661231041,8430
3.96673202515,8429
3.96822500229,8428
3.96893405914,8427
3.97009515762,8426
3.97621703148,8425
3.97894597054,8424
3.98312807083,8423
3.98430514336,8422
3.98747014999,8421
3.98913407326,8420
3.98955202103,8419
3.99163198471,8418
3.99326300621,8417
3.99489617348,8416
3.99654102325,8415
3.99748516083,8414
3.99807715416,8413
3.99849009514,8412
4.00093102455,8411
4.01312613487,8410
4.01352500916,8409
4.01552200317,8408
4.01982212067,8407
4.02148914337,8406
4.02832603455,8405
4.03001403809,8404
4.03040409088,8403
4.03141307831,8402
4.04783606529,8401
4.05274200439,8400
4.05358314514,8399
4.05579209328,8398
4.05889010429,8397
4.0604121685,8396
4.06079316139,8395
4.06503510475,8394
4.07031297684,8393
4.07293319702,8392
4.07457113266,8391
4.07850599289,8390
4.0862300396,8389
4.08664608002,8388
4.08822917938,8387
4.09758710861,8386
4.10178208351,8385
4.11387205124,8384
4.11816596985,8383
4.12268400192,8382
4.12595510483,8381
4.12764811516,8380
4.1337120533,8379
4.13783717155,8378
4.13852906227,8377
4.14011597633,8376
4.14136910439,8375
4.14397406578,8374
4.15046811104,8373
4.15481519699,8372
4.15882110596,8371
4.15968608856,8370
4.16303706169,8369
4.16660618782,8368
4.17011499405,8367
4.17424607277,8366
4.17522406578,8365
4.18728399277,8364
4.1885881424,8363
4.18959212303,8362
4.19366502762,8361
4.19525098801,8360
4.1961081028,8359
4.1977481842,8358
4.20750212669,8357
4.21066403389,8356
4.21444606781,8355
4.21681308746,8354
4.21923398972,8353
4.22021102905,8352
4.22700810432,8351
4.23208999634,8350
4.23797798157,8349
4.24824714661,8348
4.25051212311,8347
4.25307416916,8346
4.26179599762,8345
4.26239919662,8344
4.26374697685,8343
4.26546311378,8342
4.26829814911,8341
4.26885509491,8340
4.27113699913,8339
4.27299308777,8338
4.27483606339,8337
4.27521514893,8336
4.27859115601,8335
4.28126215935,8334
4.28267502785,8333
4.28773617744,8332
4.29713916779,8331
4.29806399345,8330
4.30462598801,8329
4.30707907677,8328
4.30749416351,8327
4.31006217003,8326
4.31346511841,8325
4.31545305252,8324
4.32490301132,8323
4.32578802109,8322
4.32815313339,8321
4.3296751976,8320
4.33010101318,8319
4.33702397346,8318
4.33748412132,8317
4.34679698944,8316
4.35187911987,8315
4.35326600075,8314
4.3643951416,8313
4.36593914032,8312
4.36756896973,8311
4.37126612663,8310
4.3735370636,8309
4.37760806084,8308
4.38181614876,8307
4.39245009422,8306
4.39671707153,8305
4.4057431221,8304
4.40691709518,8303
4.40920305252,8302
4.41114902496,8301
4.41210699081,8300
4.41457009315,8299
4.42897510529,8298
4.43080306053,8297
4.43261599541,8296
4.43485307693,8295
4.4361550808,8294
4.44479608536,8293
4.44798398018,8292
4.45238804817,8291
4.4558300972,8290
4.45739817619,8289
4.46281099319,8288
4.46379804611,8287
4.4662501812,8286
4.47619819641,8285
4.48073601723,8284
4.4833791256,8283
4.48753118515,8282
4.48998999596,8281
4.49560713768,8280
4.5022611618,8279
4.50629806519,8278
4.5081820488,8277
4.50970506668,8276
4.51061201096,8275
4.51169204712,8274
4.51875019073,8273
4.52310705185,8272
4.53080797195,8271
4.53721499443,8270
4.53826999664,8269
4.54881310463,8268
4.56786799431,8267
4.56825709343,8266
4.57204413414,8265
4.57385396957,8264
4.57758402824,8263
4.57875704765,8262
4.5808391571,8261
4.58515310287,8260
4.58563399315,8259
4.58660411835,8258
4.58734703064,8257
4.58788514137,8256
4.59336209297,8255
4.60023403168,8254
4.60380506516,8253
4.60521316528,8252
4.60920619965,8251
4.61611008644,8250
4.62834501266,8249
4.63017296791,8248
4.63288903236,8247
4.63669800758,8246
4.64048910141,8245
4.64645314217,8244
4.6477060318,8243
4.65007901192,8242
4.65574598312,8241
4.66843914986,8240
4.67005705833,8239
4.67448711395,8238
4.6767539978,8237
4.67989706993,8236
4.68779611588,8235
4.70465707779,8234
4.71208715439,8233
4.71652007103,8232
4.72626304626,8231
4.72765207291,8230
4.73158717155,8229
4.73491311073,8228
4.7516040802,8227
4.75333118439,8226
4.75652098656,8225
4.76378297806,8224
4.76850414276,8223
4.77086210251,8222
4.78545117378,8221
4.78984713554,8220
4.79199910164,8219
4.79750609398,8218
4.80107808113,8217
4.80411720276,8216
4.81159996986,8215
4.81456899643,8214
4.81999897957,8213
4.83574318886,8212
4.83785414696,8211
4.84271907806,8210
4.84947013855,8209
4.84999608994,8208
4.85206413269,8207
4.85542416573,8206
4.86288118362,8205
4.87127017975,8204
4.8720471859,8203
4.88033103943,8202
4.88625216484,8201
4.90155911446,8200
4.90348911285,8199
4.90458607674,8198
4.90497899055,8197
4.90818119049,8196
4.91002416611,8195
4.91107916832,8194
4.91255116463,8193
4.91290807724,8192
4.92715811729,8191
4.93753099442,8190
4.93864107132,8189
4.93905711174,8188
4.93958210945,8187
4.94030499458,8186
4.94471812248,8185
4.95111918449,8184
4.95184111595,8183
4.96148014069,8182
4.96385908127,8181
4.96793699265,8180
4.98211503029,8179
4.99283909798,8178
4.99494719505,8177
4.99723601341,8176
4.99833106995,8175
5.00001811981,8174
5.00722098351,8173
5.02302002907,8172
5.02526712418,8171
5.06770515442,8170
5.07350707054,8169
5.07439017296,8168
5.07578706741,8167
5.07773017883,8166
5.08238506317,8165
5.08351397514,8164
5.08442211151,8163
5.08575606346,8162
5.09098005295,8161
5.09559416771,8160
5.10360312462,8159
5.11031198502,8158
5.11443305016,8157
5.11801719666,8156
5.12317705154,8155
5.12678098679,8154
5.13003396988,8153
5.13327312469,8152
5.13557600975,8151
5.14049601555,8150
5.14102911949,8149
5.14295315742,8148
5.14334201813,8147
5.14451003075,8146
5.14535307884,8145
5.15267896652,8144
5.15429711342,8143
5.16215705872,8142
5.17558312416,8141
5.18686008453,8140
5.18794608116,8139
5.18833708763,8138
5.19842410088,8137
5.20035910606,8136
5.20101618767,8135
5.20458698273,8134
5.21968412399,8133
5.23055505753,8132
5.23239517212,8131
5.24758505821,8130
5.25719308853,8129
5.26005911827,8128
5.26075100899,8127
5.26266217232,8126
5.26622104645,8125
5.2819340229,8124
5.28570699692,8123
5.2950861454,8122
5.31017518044,8121
5.31461000443,8120
5.31678318977,8119
5.32123708725,8118
5.323346138,8117
5.34248614311,8116
5.34627199173,8115
5.35862016678,8114
5.36041808128,8113
5.36552906036,8112
5.36604809761,8111
5.37367200851,8110
5.37406897545,8109
5.37777614594,8108
5.38207101822,8107
5.38292908669,8106
5.38810801506,8105
5.39140605927,8104
5.3999311924,8103
5.4026081562,8102
5.40421700478,8101
5.4074280262,8100
5.41038417816,8099
5.4319190979,8098
5.44656705856,8097
5.4594771862,8096
5.46103811264,8095
5.4631819725,8094
5.47649908066,8093
5.47778105736,8092
5.48050308228,8091
5.48631501198,8090
5.48720598221,8089
5.49175310135,8088
5.49391317368,8087
5.50488209724,8086
5.50889515877,8085
5.5109910965,8084
5.51472616196,8083
5.51615214348,8082
5.52208900452,8081
5.52726316452,8080
5.53165411949,8079
5.54742598534,8078
5.5484380722,8077
5.55845403671,8076
5.5652961731,8075
5.57052111626,8074
5.58890414238,8073
5.59316802025,8072
5.59856915474,8071
5.60062813759,8070
5.61728715897,8069
5.62552309036,8068
5.62707805634,8067
5.6284430027,8066
5.63432812691,8065
5.64235115051,8064
5.6495411396,8063
5.65535402298,8062
5.6605629921,8061
5.66983008385,8060
5.67654514313,8059
5.6778960228,8058
5.68255519867,8057
5.68608999252,8056
5.6981420517,8055
5.6999630928,8054
5.70747518539,8053
5.71417498589,8052
5.72991418839,8051
5.73256802559,8050
5.75118398666,8049
5.75764703751,8048
5.77337598801,8047
5.77452611923,8046
5.7796421051,8045
5.78177213669,8044
5.8089029789,8043
5.80992102623,8042
5.81321001053,8041
5.8214571476,8040
5.82701516151,8039
5.83565616608,8038
5.84719920158,8037
5.84845018387,8036
5.85208106041,8035
5.85439610481,8034
5.85641503334,8033
5.86508798599,8032
5.86763501167,8031
5.86909508705,8030
5.88821005821,8029
5.88973402977,8028
5.90226006508,8027
5.90778613091,8026
5.91991114616,8025
5.92537403107,8024
5.92727017403,8023
5.92763805389,8022
5.92872405052,8021
5.93296408653,8020
5.94092702866,8019
5.94342708588,8018
5.94384098053,8017
5.95814800262,8016
5.97403597832,8015
5.97734904289,8014
5.97913908958,8013
5.98408102989,8012
5.984634161,8011
5.99049496651,8010
6.00134110451,8009
6.00274801254,8008
6.01552605629,8007
6.0238571167,8006
6.04261612892,8005
6.04688811302,8004
6.04772901535,8003
6.05915212631,8002
6.06292104721,8001
6.07220005989,8000
6.08204507828,7999
6.09772706032,7998
6.10181498528,7997
6.11165308952,7996
6.11678099632,7995
6.12641000748,7994
6.12690019608,7993
6.13570618629,7992
6.14549708366,7991
6.14693212509,7990
6.14831113815,7989
6.15267300606,7988
6.16136598587,7987
6.16563510895,7986
6.17279314995,7985
6.17965912819,7984
6.18191313744,7983
6.19696903229,7982
6.19733905792,7981
6.1982049942,7980
6.22564506531,7979
6.22965216637,7978
6.24230313301,7977
6.24862718582,7976
6.25253009796,7975
6.27202916145,7974
6.28497815132,7973
6.32906913757,7972
6.34278512001,7971
6.35973405838,7970
6.36279916763,7969
6.36645412445,7968
6.3734190464,7967
6.37394618988,7966
6.38717007637,7965
6.39108800888,7964
6.40284514427,7963
6.40452718735,7962
6.41178202629,7961
6.413159132,7960
6.42814207077,7959
6.44063615799,7958
6.46318411827,7957
6.48441720009,7956
6.49470806122,7955
6.49917507172,7954
6.51049017906,7953
6.53158402443,7952
6.54427719116,7951
6.54526400566,7950
6.56315302849,7949
6.56841611862,7948
6.5696849823,7947
6.57104110718,7946
6.57239699364,7945
6.57656812668,7944
6.57919096947,7943
6.58212709427,7942
6.58988809586,7941
6.59305310249,7940
6.60203719139,7939
6.60988616943,7938
6.61820411682,7937
6.6185760498,7936
6.62387800217,7935
6.62422418594,7934
6.62762212753,7933
6.64054203033,7932
6.64786601067,7931
6.65743517876,7930
6.66102099419,7929
6.67199397087,7928
6.69078707695,7927
6.69440698624,7926
6.73403215408,7925
6.73795199394,7924
6.74623417854,7923
6.74831414223,7922
6.75216412544,7921
6.7537560463,7920
6.77025318146,7919
6.78245711327,7918
6.79489207268,7917
6.80920505524,7916
6.810806036,7915
6.81795597076,7914
6.82100009918,7913
6.82509613037,7912
6.87082505226,7911
6.875259161,7910
6.87672710419,7909
6.88284015656,7908
6.90111708641,7907
6.90439200401,7906
6.91628599167,7905
6.92323899269,7904
6.92630505562,7903
6.93620419502,7902
6.936658144,7901
6.94555401802,7900
6.95341110229,7899
6.95389199257,7898
6.96965003014,7897
6.97787308693,7896
6.99249505997,7895
7.02149796486,7894
7.02242016792,7893
7.06267118454,7892
7.07904815674,7891
7.08643007278,7890
7.09088015556,7889
7.09334206581,7888
7.0996491909,7887
7.10009407997,7886
7.11031317711,7885
7.11189198494,7884
7.12050318718,7883
7.12845206261,7882
7.13427209854,7881
7.15364718437,7880
7.15659213066,7879
7.19518613815,7878
7.19563102722,7877
7.21409797668,7876
7.23894309998,7875
7.24458003044,7874
7.24932312965,7873
7.25680613518,7872
7.26307201385,7871
7.27395009995,7870
7.27621912956,7869
7.27904105186,7868
7.28411197662,7867
7.28549313545,7866
7.28669214249,7865
7.38765716553,7864
7.40248703957,7863
7.42222309113,7862
7.42276310921,7861
7.44893312454,7860
7.50620603561,7859
7.51254105568,7858
7.51601099968,7857
7.51925611496,7856
7.523458004,7855
7.57788205147,7854
7.61151409149,7853
7.62902903557,7852
7.63122010231,7851
7.64405608177,7850
7.67947816849,7849
7.68375706673,7848
7.6861281395,7847
7.68976616859,7846
7.72810316086,7845
7.74111509323,7844
7.7801630497,7843
7.78835511208,7842
7.81201219559,7841
7.82257509232,7840
7.8441221714,7839
7.84697318077,7838
7.85935711861,7837
7.86636018753,7836
7.87908196449,7835
7.90442299843,7834
7.91160011292,7833
7.92359304428,7832
7.94700098038,7831
7.96350216866,7830
7.96637606621,7829
7.99151515961,7828
8.01553797722,7827
8.02614307404,7826
8.04042315483,7825
8.04302811623,7824
8.04912018776,7823
8.07241201401,7822
8.07626104355,7821
8.08233714104,7820
8.11790919304,7819
8.13845300674,7818
8.14499616623,7817
8.14666604996,7816
8.18231701851,7815
8.20001196861,7814
8.22039318085,7813
8.22214603424,7812
8.22908616066,7811
8.23326206207,7810
8.23678612709,7809
8.24153900146,7808
8.2420861721,7807
8.25533699989,7806
8.2919781208,7805
8.34010100365,7804
8.3702981472,7803
8.37337207794,7802
8.44404315948,7801
8.45651912689,7800
8.46518611908,7799
8.46864414215,7798
8.48367905617,7797
8.49326610565,7796
8.53848218918,7795
8.56760597229,7794
8.59732198715,7793
8.63193297386,7792
8.64184212685,7791
8.65332913399,7790
8.65823507309,7789
8.69847011566,7788
8.73355197906,7787
8.73546719551,7786
8.73907113075,7785
8.80362200737,7784
8.81218004227,7783
8.83486104012,7782
8.83583498001,7781
8.84277796745,7780
8.88682603836,7779
8.8922290802,7778
8.9023630619,7777
8.9204120636,7776
8.94177603722,7775
8.94522213936,7774
8.94664907455,7773
8.95419406891,7772
9.00423598289,7771
9.06305217743,7770
9.12767004967,7769
9.13074207306,7768
9.13315320015,7767
9.14997816086,7766
9.17840909958,7765
9.230946064,7764
9.24127197266,7763
9.2679669857,7762
9.29742097855,7761
9.29899311066,7760
9.3106470108,7759
9.32925915718,7758
9.35200309753,7757
9.35786700249,7756
9.36368298531,7755
9.3829061985,7754
9.40002799034,7753
9.41054105759,7752
9.46877717972,7751
9.4810461998,7750
9.49130511284,7749
9.50291204453,7748
9.50391101837,7747
9.51606202126,7746
9.52598714828,7745
9.52999305725,7744
9.54076814651,7743
9.5648431778,7742
9.56528806686,7741
9.6151611805,7740
9.64588618279,7739
9.65951299667,7738
9.71469402313,7737
9.81054711342,7736
9.81724905968,7735
9.82928705215,7734
9.84568619728,7733
9.87459802628,7732
9.89069199562,7731
9.9805431366,7730
9.99754619598,7729
10.0220041275,7728
10.036714077,7727
10.0711460114,7726
10.1121380329,7725
10.1479489803,7724
10.1510720253,7723
10.1842660904,7722
10.1971859932,7721
10.2408070564,7720
10.2434799671,7719
10.2444660664,7718
10.2959301472,7717
10.5223691463,7716
10.61860919,7715
10.6733651161,7714
10.7051160336,7713
10.7394320965,7712
10.7572460175,7711
10.8721630573,7710
10.8772540092,7709
10.922522068,7708
10.9247140884,7707
10.9531471729,7706
10.9690220356,7705
10.9897589684,7704
11.0692670345,7703
11.0722570419,7702
11.1345980167,7701
11.2126460075,7700
11.2442121506,7699
11.2462890148,7698
11.2806711197,7697
11.3938810825,7696
11.4215919971,7695
11.4459261894,7694
11.4519271851,7693
11.4922761917,7692
11.5090310574,7691
11.5148291588,7690
11.5340809822,7689
11.5612950325,7688
11.5810489655,7687
11.581444025,7686
11.5831480026,7685
11.5838911533,7684
11.7423081398,7683
11.7440881729,7682
11.7538781166,7681
11.8239221573,7680
11.8311049938,7679
11.8326551914,7678
11.8565042019,7677
11.8896670341,7676
11.8986570835,7675
11.9160740376,7674
11.9528560638,7673
12.0069010258,7672
12.0583059788,7671
12.0603220463,7670
12.1681001186,7669
12.168541193,7668
12.1695489883,7667
12.2093441486,7666
12.2157561779,7665
12.2327241898,7664
12.4164869785,7663
12.4856700897,7662
12.5923910141,7661
12.6094050407,7660
12.6207621098,7659
12.6607370377,7658
12.6613199711,7657
12.6622321606,7656
12.6693460941,7655
12.7670331001,7654
12.8094260693,7653
12.8436961174,7652
12.9770929813,7651
12.9914200306,7650
12.9949471951,7649
13.0120210648,7648
13.0375339985,7647
13.0750181675,7646
13.0899341106,7645
13.1841070652,7644
13.1952011585,7643
13.2332689762,7642
13.3428041935,7641
13.4631340504,7640
13.5966231823,7639
13.6162850857,7638
13.6727859974,7637
13.6808481216,7636
13.8459851742,7635
14.1503000259,7634
14.1640181541,7633
14.2132101059,7632
14.232199192,7631
14.2861561775,7630
14.3270430565,7629
14.4048080444,7628
14.4949250221,7627
14.5874330997,7626
14.626871109,7625
14.6502220631,7624
14.8266541958,7623
14.870141983,7622
14.8739421368,7621
15.1534790993,7620
15.3446061611,7619
15.4439330101,7618
15.5252711773,7617
15.5936720371,7616
15.6735210419,7615
15.6799991131,7614
15.7750840187,7613
15.8074500561,7612
15.8607230186,7611
15.9110431671,7610
16.0013561249,7609
16.2043261528,7608
16.2590470314,7607
16.2630500793,7606
16.4904391766,7605
16.5282821655,7604
16.5949130058,7603
16.6178081036,7602
16.6494600773,7601
16.7012929916,7600
16.7852630615,7599
16.8040630817,7598
16.8737251759,7597
16.9215621948,7596
16.9269430637,7595
17.0250561237,7594
17.0746731758,7593
17.3635041714,7592
17.5420930386,7591
17.7490751743,7590
17.8245229721,7589
17.8258430958,7588
18.0101599693,7587
18.0171670914,7586
18.165033102,7585
18.183797121,7584
18.2774531841,7583
18.3692221642,7582
18.4547920227,7581
18.4591240883,7580
18.741861105,7579
19.1217041016,7578
19.1382451057,7577
19.1533310413,7576
19.157679081,7575
19.1765491962,7574
19.2590019703,7573
19.4165651798,7572
19.8294870853,7571
19.8906550407,7570
19.9492230415,7569
29.5816559792,7568
29.7909731865,7567
29.8000321388,7566
29.8324639797,7565
29.893597126,7564
29.980066061,7563
29.9933960438,7562
30.1283831596,7561
30.6097521782,7560
32.1398141384,7559
32.1941330433,7558
32.7921881676,7557
32.8701272011,7556
33.0204219818,7555
33.187319994,7554
33.4984791279,7553
33.7551000118,7552
33.7736899853,7551
35.5732831955,7550
36.0086901188,7549
36.6816129684,7548
37.4895610809,7547
37.905547142,7546
40.2424340248,7545
54.8663010597,7544
55.1022391319,7543
55.7776830196,7542
56.1110651493,7541
56.6119379997,7540
57.3404200077,7539
57.6795070171,7538
59.2459831238,7537
59.7694761753,7536
94.0433239937,7535
94.0656151772,7534
94.126262188,7533
94.1327471733,7532
94.266906023,7531
95.3720011711,7530
95.5017311573,7529
96.9076421261,7528
97.1726520061,7527
97.6320950985,7526
97.8397760391,7525
97.9054131508,7524
110.369665146,7523
110.390254021,7522
111.04864502,7521
111.137820005,7520
111.588764191,7519
111.912075043,7518
112.941313028,7517
113.146644115,7516
113.472193003,7515
113.533416986,7514
113.594158173,7513
114.039716005,7512
116.862748146,7511
117.404105186,7510
118.308176041,7509
119.418289185,7508
138.587167978,7507
138.666970015,7506
138.674057007,7505
138.705018044,7504
139.263684034,7503
139.845216036,7502
157.433408976,7501
158.2094841,7500
158.404216051,7499
159.15794611,7498
180.489801168,7497
201.584989071,7496
215.241573095,7495
215.547828197,7494
216.910969019,7493
217.156190157,7492
221.081649065,7491
221.868105173,7490
260.529466152,7489
261.729431152,7488
278.665335178,7487
278.807351112,7486
279.680932999,7485
280.076117992,7484
294.283559084,7483
294.320008039,7482
294.751309156,7481
294.918207169,7480
294.957940102,7479
295.196417093,7478
295.778331995,7477
295.964119196,7476
296.101134062,7475
297.239982128,7474
297.919399023,7473
301.107110977,7472
