0.0935020446777,11022
0.0940229892731,11021
0.094731092453,11020
0.0952780246735,11019
0.0957760810852,11018
0.0962240695953,11017
0.0967350006104,11016
0.0972421169281,11015
0.0979471206665,11014
0.0983860492706,11013
0.098876953125,11012
0.0993850231171,11011
0.0998401641846,11010
0.100248098373,11009
0.101094961166,11008
0.101608037949,11007
0.102430105209,11006
0.103165149689,11005
0.10383105278,11004
0.104238033295,11003
0.104715108871,11002
0.105495929718,11001
0.10599899292,11000
0.106414079666,10999
0.107188940048,10998
0.10799908638,10997
0.108492136002,10996
0.109004020691,10995
0.109778165817,10994
0.110228061676,10993
0.110731124878,10992
0.111381053925,10991
0.111837148666,10990
0.11256313324,10989
0.11358499527,10988
0.114356994629,10987
0.114812135696,10986
0.115700960159,10985
0.116466999054,10984
0.116946935654,10983
0.117601156235,10982
0.118366003036,10981
0.118859052658,10980
0.119673013687,10979
0.120304107666,10978
0.12081193924,10977
0.12154006958,10976
0.122339963913,10975
0.122836112976,10974
0.123719930649,10973
0.124227046967,10972
0.124715089798,10971
0.125504016876,10970
0.126245975494,10969
0.126955032349,10968
0.127867937088,10967
0.128376960754,10966
0.129224061966,10965
0.129678010941,10964
0.130178928375,10963
0.130694150925,10962
0.13122010231,10961
0.132020950317,10960
0.132486104965,10959
0.133381128311,10958
0.134294986725,10957
0.135195970535,10956
0.13593506813,10955
0.136604070663,10954
0.137109041214,10953
0.137758016586,10952
0.138472080231,10951
0.138909101486,10950
0.139824151993,10949
0.140311956406,10948
0.140763044357,10947
0.141625165939,10946
0.142365932465,10945
0.143180131912,10944
0.143692016602,10943
0.144557952881,10942
0.14523601532,10941
0.145710945129,10940
0.146465063095,10939
0.146912097931,10938
0.147421121597,10937
0.148272037506,10936
0.148760080338,10935
0.149183034897,10934
0.149882078171,10933
0.150381088257,10932
0.151219129562,10931
0.151756048203,10930
0.152486085892,10929
0.153038978577,10928
0.153469085693,10927
0.153959989548,10926
0.154982089996,10925
0.155725955963,10924
0.156767129898,10923
0.157272100449,10922
0.15819811821,10921
0.158935070038,10920
0.159783124924,10919
0.16029214859,10918
0.16077709198,10917
0.161775112152,10916
0.162266016006,10915
0.163151979446,10914
0.163830041885,10913
0.164652109146,10912
0.16507101059,10911
0.166877985001,10910
0.167402982712,10909
0.1682741642,10908
0.168812036514,10907
0.169912099838,10906
0.170439958572,10905
0.170989990234,10904
0.171513080597,10903
0.171947956085,10902
0.172852039337,10901
0.173337936401,10900
0.173750162125,10899
0.174818992615,10898
0.175529003143,10897
0.176206111908,10896
0.176620006561,10895
0.177148103714,10894
0.177844047546,10893
0.178369045258,10892
0.179311990738,10891
0.180776119232,10890
0.181260108948,10889
0.182049036026,10888
0.182867050171,10887
0.183547973633,10886
0.183979034424,10885
0.184457063675,10884
0.18528008461,10883
0.18572306633,10882
0.18622303009,10881
0.187277078629,10880
0.189409017563,10879
0.19002699852,10878
0.190715074539,10877
0.191296100616,10876
0.192270040512,10875
0.19304394722,10874
0.193649053574,10873
0.194700956345,10872
0.195631027222,10871
0.196347951889,10870
0.196954011917,10869
0.197555065155,10868
0.198053121567,10867
0.198616981506,10866
0.199840068817,10865
0.200464963913,10864
0.201298952103,10863
0.201912164688,10862
0.202420949936,10861
0.202971935272,10860
0.203510046005,10859
0.204098939896,10858
0.204599142075,10857
0.205098152161,10856
0.205701112747,10855
0.206252098083,10854
0.206794977188,10853
0.207766056061,10852
0.208338975906,10851
0.209242105484,10850
0.209973096848,10849
0.210515975952,10848
0.211374998093,10847
0.212157964706,10846
0.21320605278,10845
0.214157104492,10844
0.214869976044,10843
0.215440034866,10842
0.216135025024,10841
0.216846942902,10840
0.217890024185,10839
0.218394994736,10838
0.219155073166,10837
0.219907045364,10836
0.22074007988,10835
0.221357107162,10834
0.222028017044,10833
0.222721099854,10832
0.223248004913,10831
0.223755121231,10830
0.224180936813,10829
0.22486114502,10828
0.225342035294,10827
0.225808143616,10826
0.226634979248,10825
0.227949142456,10824
0.228875160217,10823
0.229373931885,10822
0.229859113693,10821
0.230690956116,10820
0.2312271595,10819
0.231987953186,10818
0.23245215416,10817
0.233364105225,10816
0.23381114006,10815
0.234442949295,10814
0.235311031342,10813
0.236550092697,10812
0.237017154694,10811
0.237866163254,10810
0.23937702179,10809
0.23988199234,10808
0.24036693573,10807
0.240873098373,10806
0.241583108902,10805
0.242289066315,10804
0.24276804924,10803
0.243807077408,10802
0.244302988052,10801
0.245077133179,10800
0.245779037476,10799
0.246263980865,10798
0.247398138046,10797
0.248351097107,10796
0.249011993408,10795
0.249503135681,10794
0.249993085861,10793
0.250473022461,10792
0.25114607811,10791
0.251579999924,10790
0.252097129822,10789
0.253005981445,10788
0.254380941391,10787
0.25526714325,10786
0.255661010742,10785
0.256371021271,10784
0.257277011871,10783
0.258142948151,10782
0.258628129959,10781
0.259493112564,10780
0.260314941406,10779
0.26101899147,10778
0.261831998825,10777
0.262609958649,10776
0.264313936234,10775
0.26481294632,10774
0.266097068787,10773
0.266579151154,10772
0.267107009888,10771
0.2677090168,10770
0.268455982208,10769
0.269102096558,10768
0.270018100739,10767
0.270877122879,10766
0.272091150284,10765
0.272550106049,10764
0.273044109344,10763
0.273936986923,10762
0.275514125824,10761
0.276000976562,10760
0.276390075684,10759
0.277280092239,10758
0.277959108353,10757
0.279476165771,10756
0.279955148697,10755
0.280869007111,10754
0.281767129898,10753
0.282729148865,10752
0.283384084702,10751
0.283861160278,10750
0.28532910347,10749
0.285820007324,10748
0.286437034607,10747
0.286981105804,10746
0.287480115891,10745
0.287995100021,10744
0.288505077362,10743
0.289263963699,10742
0.289741039276,10741
0.29052901268,10740
0.291329145432,10739
0.292258024216,10738
0.293175935745,10737
0.29444694519,10736
0.295252084732,10735
0.295742034912,10734
0.296616077423,10733
0.297475099564,10732
0.298185110092,10731
0.298635005951,10730
0.299140930176,10729
0.299777984619,10728
0.300877094269,10727
0.30158495903,10726
0.302073955536,10725
0.302965164185,10724
0.303812026978,10723
0.304289102554,10722
0.304782152176,10721
0.305488109589,10720
0.306836128235,10719
0.307284116745,10718
0.307783126831,10717
0.30899310112,10716
0.309616088867,10715
0.310094118118,10714
0.310503005981,10713
0.311329126358,10712
0.311776161194,10711
0.312246084213,10710
0.313229084015,10709
0.313729047775,10708
0.314489126205,10707
0.315829992294,10706
0.316494941711,10705
0.316972017288,10704
0.317455053329,10703
0.317961931229,10702
0.318451166153,10701
0.318880081177,10700
0.319343090057,10699
0.319839000702,10698
0.320332050323,10697
0.320796966553,10696
0.321259021759,10695
0.321896076202,10694
0.322323083878,10693
0.323992967606,10692
0.324470043182,10691
0.324996948242,10690
0.325605154037,10689
0.327203989029,10688
0.328267097473,10687
0.32906293869,10686
0.329801082611,10685
0.330799102783,10684
0.331778049469,10683
0.33233499527,10682
0.333249092102,10681
0.333838939667,10680
0.334349155426,10679
0.335066080093,10678
0.335557937622,10677
0.336035966873,10676
0.336954116821,10675
0.337780952454,10674
0.338258981705,10673
0.338804006577,10672
0.339553117752,10671
0.340669155121,10670
0.341387987137,10669
0.341815948486,10668
0.342314958572,10667
0.343230962753,10666
0.343930006027,10665
0.344355106354,10664
0.3449010849,10663
0.346559047699,10662
0.347053050995,10661
0.347483158112,10660
0.347995042801,10659
0.348495006561,10658
0.34903216362,10657
0.34950709343,10656
0.350001096725,10655
0.350471019745,10654
0.351177930832,10653
0.351608037949,10652
0.352193117142,10651
0.353062152863,10650
0.353523015976,10649
0.354042053223,10648
0.354512929916,10647
0.356205940247,10646
0.357083082199,10645
0.358438968658,10644
0.358947992325,10643
0.359652042389,10642
0.360275030136,10641
0.360748052597,10640
0.361190080643,10639
0.361871004105,10638
0.362745046616,10637
0.363233089447,10636
0.363749980927,10635
0.364551067352,10634
0.365028142929,10633
0.365626096725,10632
0.366358995438,10631
0.367062091827,10630
0.367560148239,10629
0.368062973022,10628
0.368557929993,10627
0.370074033737,10626
0.371474981308,10625
0.3718791008,10624
0.372926950455,10623
0.373480081558,10622
0.373927116394,10621
0.374648094177,10620
0.375158071518,10619
0.375627040863,10618
0.376065969467,10617
0.376933097839,10616
0.377752065659,10615
0.37880396843,10614
0.379454135895,10613
0.37989115715,10612
0.380779981613,10611
0.381317138672,10610
0.382202148438,10609
0.383023023605,10608
0.384390115738,10607
0.384851932526,10606
0.385503053665,10605
0.386204004288,10604
0.386896133423,10603
0.387840986252,10602
0.389855146408,10601
0.390731096268,10600
0.391644001007,10599
0.39220905304,10598
0.39278793335,10597
0.393356084824,10596
0.394155025482,10595
0.39474105835,10594
0.395576953888,10593
0.398121118546,10592
0.398785114288,10591
0.399538040161,10590
0.400061130524,10589
0.400606155396,10588
0.401865005493,10587
0.402591943741,10586
0.403378009796,10585
0.404092073441,10584
0.404952049255,10583
0.405842065811,10582
0.406774044037,10581
0.408653020859,10580
0.409563064575,10579
0.41007399559,10578
0.410701036453,10577
0.411464929581,10576
0.411955118179,10575
0.412874937057,10574
0.413566112518,10573
0.415050983429,10572
0.415522098541,10571
0.416770935059,10570
0.4172539711,10569
0.418099164963,10568
0.419096946716,10567
0.419782161713,10566
0.420276165009,10565
0.420928001404,10564
0.422632932663,10563
0.423051118851,10562
0.425617933273,10561
0.426102161407,10560
0.426768064499,10559
0.427536964417,10558
0.428391933441,10557
0.428820133209,10556
0.429842948914,10555
0.43073797226,10554
0.431421041489,10553
0.43235206604,10552
0.433279037476,10551
0.433994054794,10550
0.434704065323,10549
0.435374975204,10548
0.436177015305,10547
0.43659901619,10546
0.437200069427,10545
0.438001155853,10544
0.439609050751,10543
0.440881967545,10542
0.441565990448,10541
0.442059993744,10540
0.442532062531,10539
0.443352937698,10538
0.443803071976,10537
0.444577932358,10536
0.445420980453,10535
0.446196079254,10534
0.446684122086,10533
0.447741985321,10532
0.449237108231,10531
0.449739933014,10530
0.450426101685,10529
0.45179104805,10528
0.45255112648,10527
0.452966928482,10526
0.453410148621,10525
0.454230070114,10524
0.454695940018,10523
0.455183029175,10522
0.457425117493,10521
0.457903146744,10520
0.458697080612,10519
0.459417104721,10518
0.460828065872,10517
0.463932037354,10516
0.464756965637,10515
0.465821027756,10514
0.466463088989,10513
0.467368125916,10512
0.469830036163,10511
0.471007108688,10510
0.471536159515,10509
0.472025156021,10508
0.472499132156,10507
0.473207950592,10506
0.47375702858,10505
0.474260091782,10504
0.474704027176,10503
0.475808143616,10502
0.47629404068,10501
0.476926088333,10500
0.477401018143,10499
0.478613138199,10498
0.479104042053,10497
0.480134010315,10496
0.480633020401,10495
0.481058120728,10494
0.481956005096,10493
0.482846021652,10492
0.483798980713,10491
0.484475135803,10490
0.48513007164,10489
0.486464977264,10488
0.487220048904,10487
0.487692117691,10486
0.488184928894,10485
0.489063978195,10484
0.489732027054,10483
0.490707159042,10482
0.491626977921,10481
0.493397951126,10480
0.493950128555,10479
0.494512081146,10478
0.495429992676,10477
0.49612402916,10476
0.496628046036,10475
0.497287034988,10474
0.498175144196,10473
0.498695135117,10472
0.499622106552,10471
0.500581026077,10470
0.501058101654,10469
0.501945972443,10468
0.502486944199,10467
0.502948999405,10466
0.503462076187,10465
0.504775047302,10464
0.505452156067,10463
0.505942106247,10462
0.507606983185,10461
0.508173942566,10460
0.50869512558,10459
0.509791135788,10458
0.510317087173,10457
0.511481046677,10456
0.512042045593,10455
0.512460947037,10454
0.513970136642,10453
0.514392137527,10452
0.51552605629,10451
0.516261100769,10450
0.517147064209,10449
0.51761507988,10448
0.518466949463,10447
0.518921136856,10446
0.519469022751,10445
0.520251989365,10444
0.521858930588,10443
0.523195981979,10442
0.523879051208,10441
0.525881052017,10440
0.526895999908,10439
0.527341127396,10438
0.528084993362,10437
0.528548955917,10436
0.529032945633,10435
0.530147075653,10434
0.530605077744,10433
0.532393932343,10432
0.53339099884,10431
0.533864974976,10430
0.534356117249,10429
0.534800052643,10428
0.536231040955,10427
0.538475990295,10426
0.539680957794,10425
0.540148973465,10424
0.541448116302,10423
0.541928052902,10422
0.542798995972,10421
0.544022083282,10420
0.544861078262,10419
0.545334100723,10418
0.546759128571,10417
0.547160148621,10416
0.547760009766,10415
0.548182964325,10414
0.549311161041,10413
0.550121068954,10412
0.550590991974,10411
0.552317142487,10410
0.553193092346,10409
0.55365896225,10408
0.554363012314,10407
0.554922103882,10406
0.555410146713,10405
0.555875062943,10404
0.556703090668,10403
0.558685064316,10402
0.559293031693,10401
0.5599629879,10400
0.560375928879,10399
0.560809135437,10398
0.561268091202,10397
0.561762094498,10396
0.562243938446,10395
0.563102006912,10394
0.564121961594,10393
0.565520048141,10392
0.569514989853,10391
0.569951057434,10390
0.570642948151,10389
0.571179151535,10388
0.572008132935,10387
0.572704076767,10386
0.573199033737,10385
0.574522972107,10384
0.576776027679,10383
0.578730106354,10382
0.580076932907,10381
0.580574035645,10380
0.581369161606,10379
0.582101106644,10378
0.582556009293,10377
0.583389043808,10376
0.583868980408,10375
0.584767103195,10374
0.586964130402,10373
0.588462114334,10372
0.589821100235,10371
0.591377019882,10370
0.592590093613,10369
0.594079971313,10368
0.594623088837,10367
0.595175027847,10366
0.595705032349,10365
0.596241950989,10364
0.596735954285,10363
0.597234964371,10362
0.59832906723,10361
0.599885940552,10360
0.600620985031,10359
0.602095127106,10358
0.602602958679,10357
0.603124141693,10356
0.605792045593,10355
0.608008146286,10354
0.608494997025,10353
0.608979940414,10352
0.609638929367,10351
0.61011505127,10350
0.612121105194,10349
0.61261510849,10348
0.613733053207,10347
0.614225149155,10346
0.618323087692,10345
0.619203090668,10344
0.620213985443,10343
0.620697021484,10342
0.621150970459,10341
0.621840000153,10340
0.6223320961,10339
0.6228120327,10338
0.623790025711,10337
0.62487411499,10336
0.625793933868,10335
0.62747502327,10334
0.627912998199,10333
0.628859996796,10332
0.62961602211,10331
0.630041122437,10330
0.631818056107,10329
0.632240056992,10328
0.632665157318,10327
0.633151054382,10326
0.633667945862,10325
0.635087966919,10324
0.63561797142,10323
0.636320114136,10322
0.637084960938,10321
0.637525081635,10320
0.639178037643,10319
0.639868974686,10318
0.640284061432,10317
0.641098976135,10316
0.641586065292,10315
0.642466068268,10314
0.643542051315,10313
0.644322156906,10312
0.645166158676,10311
0.646638154984,10310
0.64774107933,10309
0.648859024048,10308
0.650674104691,10307
0.651170015335,10306
0.651596069336,10305
0.652416944504,10304
0.654250144958,10303
0.654669046402,10302
0.655574083328,10301
0.655998945236,10300
0.657669067383,10299
0.659081935883,10298
0.659559011459,10297
0.660354137421,10296
0.661020994186,10295
0.661625146866,10294
0.662258148193,10293
0.663071155548,10292
0.663771152496,10291
0.664373159409,10290
0.664888143539,10289
0.665338993073,10288
0.666038036346,10287
0.667956113815,10286
0.668781042099,10285
0.670244932175,10284
0.670758008957,10283
0.671720027924,10282
0.672202110291,10281
0.673453092575,10280
0.673911094666,10279
0.674366950989,10278
0.674822092056,10277
0.675266027451,10276
0.675740003586,10275
0.676810026169,10274
0.67760515213,10273
0.679420948029,10272
0.679903030396,10271
0.681741952896,10270
0.682279109955,10269
0.682732105255,10268
0.684088945389,10267
0.685255050659,10266
0.685986042023,10265
0.686573982239,10264
0.687039136887,10263
0.688349962234,10262
0.690243959427,10261
0.690689086914,10260
0.691175937653,10259
0.692016124725,10258
0.692927122116,10257
0.694604158401,10256
0.695063114166,10255
0.695781946182,10254
0.697283029556,10253
0.697754144669,10252
0.698224067688,10251
0.698716163635,10250
0.699836969376,10249
0.700641155243,10248
0.701050043106,10247
0.701542139053,10246
0.702084064484,10245
0.702559947968,10244
0.703252077103,10243
0.704657077789,10242
0.706937074661,10241
0.70873093605,10240
0.709354162216,10239
0.709987163544,10238
0.710787057877,10237
0.711310148239,10236
0.711799144745,10235
0.712574005127,10234
0.713232040405,10233
0.714673042297,10232
0.715661048889,10231
0.717272996902,10230
0.717833042145,10229
0.719355106354,10228
0.719774961472,10227
0.720860004425,10226
0.721415042877,10225
0.721828937531,10224
0.722300052643,10223
0.723469018936,10222
0.723884105682,10221
0.724544048309,10220
0.726480960846,10219
0.727633953094,10218
0.728626966476,10217
0.729716062546,10216
0.730190038681,10215
0.730827093124,10214
0.731497049332,10213
0.731914997101,10212
0.732391119003,10211
0.734136104584,10210
0.734858989716,10209
0.735857009888,10208
0.737290143967,10207
0.738182067871,10206
0.738842010498,10205
0.739277124405,10204
0.740270137787,10203
0.740846157074,10202
0.74196100235,10201
0.742500066757,10200
0.743131160736,10199
0.744161128998,10198
0.745209932327,10197
0.747736930847,10196
0.749053955078,10195
0.751600980759,10194
0.75420498848,10193
0.75489115715,10192
0.757024049759,10191
0.758466005325,10190
0.759241104126,10189
0.759984016418,10188
0.760766029358,10187
0.76207113266,10186
0.762530088425,10185
0.763941049576,10184
0.764429092407,10183
0.765438079834,10182
0.766482114792,10181
0.767337083817,10180
0.768540143967,10179
0.769178152084,10178
0.770067930222,10177
0.771466016769,10176
0.771943092346,10175
0.772356987,10174
0.772845983505,10173
0.773671150208,10172
0.774122953415,10171
0.775606155396,10170
0.776124954224,10169
0.776797056198,10168
0.777442932129,10167
0.778586149216,10166
0.779674053192,10165
0.780169010162,10164
0.781774997711,10163
0.782271146774,10162
0.783648967743,10161
0.786898136139,10160
0.788234949112,10159
0.789021015167,10158
0.790882110596,10157
0.791363954544,10156
0.791836023331,10155
0.793977022171,10154
0.795726060867,10153
0.796303033829,10152
0.801280975342,10151
0.802206993103,10150
0.803477048874,10149
0.804100990295,10148
0.805082082748,10147
0.806081056595,10146
0.806699037552,10145
0.807579040527,10144
0.809464931488,10143
0.810500144958,10142
0.812030076981,10141
0.814007997513,10140
0.81672501564,10139
0.81741809845,10138
0.818077087402,10137
0.818578958511,10136
0.819050073624,10135
0.819982051849,10134
0.821696043015,10133
0.822726011276,10132
0.823653936386,10131
0.82421708107,10130
0.827262163162,10129
0.829715013504,10128
0.830572128296,10127
0.831017971039,10126
0.831494092941,10125
0.831905126572,10124
0.832431077957,10123
0.833104133606,10122
0.833681106567,10121
0.8341319561,10120
0.836451053619,10119
0.836980104446,10118
0.838001966476,10117
0.838835954666,10116
0.841482162476,10115
0.842016935349,10114
0.84272813797,10113
0.843268156052,10112
0.84380698204,10111
0.844831943512,10110
0.845508098602,10109
0.846759080887,10108
0.847582101822,10107
0.848093986511,10106
0.84857416153,10105
0.84935593605,10104
0.849895954132,10103
0.851015090942,10102
0.851531028748,10101
0.852739095688,10100
0.85310792923,10099
0.853527069092,10098
0.854630947113,10097
0.855136156082,10096
0.858149051666,10095
0.858948945999,10094
0.859601974487,10093
0.860060930252,10092
0.860512018204,10091
0.860991954803,10090
0.862250089645,10089
0.864307165146,10088
0.864784002304,10087
0.865680932999,10086
0.866250991821,10085
0.86692404747,10084
0.868031978607,10083
0.868656158447,10082
0.869122982025,10081
0.869545936584,10080
0.86998796463,10079
0.870450973511,10078
0.870994091034,10077
0.871953964233,10076
0.873183965683,10075
0.874841928482,10074
0.875591993332,10073
0.876287937164,10072
0.877586126328,10071
0.8788189888,10070
0.879346132278,10069
0.879845142365,10068
0.880290985107,10067
0.881993055344,10066
0.882652044296,10065
0.883078098297,10064
0.883553981781,10063
0.885240077972,10062
0.886183023453,10061
0.887887001038,10060
0.888355016708,10059
0.889893054962,10058
0.890352010727,10057
0.891837120056,10056
0.893067121506,10055
0.894984006882,10054
0.896029949188,10053
0.896466016769,10052
0.898812055588,10051
0.901309013367,10050
0.902153015137,10049
0.902627944946,10048
0.903038024902,10047
0.903511047363,10046
0.903952121735,10045
0.904637098312,10044
0.905157089233,10043
0.905606985092,10042
0.906036138535,10041
0.909402132034,10040
0.910403013229,10039
0.913922071457,10038
0.91597700119,10037
0.918233156204,10036
0.919894933701,10035
0.920824050903,10034
0.922273159027,10033
0.923192977905,10032
0.923856973648,10031
0.926273107529,10030
0.92675614357,10029
0.92854309082,10028
0.930078029633,10027
0.930560112,10026
0.93140411377,10025
0.933731079102,10024
0.934803962708,10023
0.935310125351,10022
0.936401128769,10021
0.93740606308,10020
0.938236951828,10019
0.939368963242,10018
0.939847946167,10017
0.940320968628,10016
0.94078207016,10015
0.942603111267,10014
0.944265127182,10013
0.944944143295,10012
0.945357084274,10011
0.946356058121,10010
0.947754144669,10009
0.949836969376,10008
0.950785160065,10007
0.951218128204,10006
0.95182800293,10005
0.953155040741,10004
0.958723068237,10003
0.959342002869,10002
0.959856987,10001
0.960373163223,10000
0.96110701561,9999
0.962195158005,9998
0.9627161026,9997
0.96319103241,9996
0.96404504776,9995
0.965732097626,9994
0.967175006866,9993
0.967599153519,9992
0.968560934067,9991
0.969988107681,9990
0.971455097198,9989
0.972154140472,9988
0.974072933197,9987
0.974725008011,9986
0.977749109268,9985
0.979460000992,9984
0.980147123337,9983
0.980628013611,9982
0.982192993164,9981
0.983660936356,9980
0.984341144562,9979
0.985394954681,9978
0.98582816124,9977
0.986798048019,9976
0.9872610569,9975
0.988214969635,9974
0.98867893219,9973
0.990260124207,9972
0.990741968155,9971
0.992181062698,9970
0.993144989014,9969
0.994457960129,9968
0.995541095734,9967
0.995974063873,9966
0.998177051544,9965
0.999037981033,9964
0.999496936798,9963
0.99994802475,9962
1.0007879734,9961
1.00142097473,9960
1.00419807434,9959
1.00466799736,9958
1.00566506386,9957
1.00675797462,9956
1.00774908066,9955
1.00875115395,9954
1.00925111771,9953
1.01150202751,9952
1.0123360157,9951
1.01342606544,9950
1.01583504677,9949
1.01697611809,9948
1.01810407639,9947
1.01888394356,9946
1.01936793327,9945
1.01983308792,9944
1.02033996582,9943
1.02187800407,9942
1.02359294891,9941
1.02403211594,9940
1.02564716339,9939
1.02777814865,9938
1.02823400497,9937
1.02987408638,9936
1.03136014938,9935
1.03260016441,9934
1.03461909294,9933
1.0363099575,9932
1.03914308548,9931
1.04091501236,9930
1.04141998291,9929
1.04338002205,9928
1.0441801548,9927
1.04479002953,9926
1.04526495934,9925
1.04629611969,9924
1.0472099781,9923
1.04884600639,9922
1.04992794991,9921
1.0520939827,9920
1.05361700058,9919
1.0545771122,9918
1.05503416061,9917
1.05693793297,9916
1.05778193474,9915
1.05934309959,9914
1.06112098694,9913
1.06155800819,9912
1.06241202354,9911
1.06376004219,9910
1.06482815742,9909
1.06741309166,9908
1.06891512871,9907
1.06967306137,9906
1.07301902771,9905
1.07345199585,9904
1.07404994965,9903
1.07472705841,9902
1.07559800148,9901
1.07604694366,9900
1.07849693298,9899
1.07899808884,9898
1.07996296883,9897
1.08334112167,9896
1.08664894104,9895
1.08731007576,9894
1.08921504021,9893
1.09031605721,9892
1.09092712402,9891
1.09166693687,9890
1.09226799011,9889
1.0941619873,9888
1.09495997429,9887
1.09610700607,9886
1.09899115562,9885
1.09993505478,9884
1.10065197945,9883
1.10154294968,9882
1.10265207291,9881
1.10425209999,9880
1.10470604897,9879
1.10685014725,9878
1.10806798935,9877
1.11203312874,9876
1.11249113083,9875
1.11316514015,9874
1.11439704895,9873
1.11509013176,9872
1.11552405357,9871
1.11683797836,9870
1.11934709549,9869
1.12163496017,9868
1.12245202065,9867
1.12290716171,9866
1.1251540184,9865
1.12554693222,9864
1.12734413147,9863
1.12836313248,9862
1.13140106201,9861
1.13281607628,9860
1.13681507111,9859
1.13779616356,9858
1.13969898224,9857
1.14038014412,9856
1.14209914207,9855
1.14308214188,9854
1.14428400993,9853
1.14471793175,9852
1.14516115189,9851
1.14586400986,9850
1.14733910561,9849
1.14847612381,9848
1.14894413948,9847
1.15038013458,9846
1.15205311775,9845
1.15272212029,9844
1.15507411957,9843
1.15551900864,9842
1.15619802475,9841
1.15749502182,9840
1.15789914131,9839
1.15937614441,9838
1.15985012054,9837
1.1603140831,9836
1.16076993942,9835
1.1620759964,9834
1.16290998459,9833
1.16333603859,9832
1.16464304924,9831
1.16567897797,9830
1.16884803772,9829
1.16925096512,9828
1.17010593414,9827
1.17303514481,9826
1.17455101013,9825
1.17541694641,9824
1.17675304413,9823
1.17720913887,9822
1.17784404755,9821
1.17827510834,9820
1.17869400978,9819
1.1791601181,9818
1.17976903915,9817
1.18024015427,9816
1.18240714073,9815
1.18762803078,9814
1.18900513649,9813
1.19014406204,9812
1.19075703621,9811
1.19121408463,9810
1.19290304184,9809
1.19336009026,9808
1.19442415237,9807
1.19530200958,9806
1.19571208954,9805
1.19650793076,9804
1.19776201248,9803
1.1997859478,9802
1.20167207718,9801
1.20305109024,9800
1.20458102226,9799
1.20548701286,9798
1.20680999756,9797
1.20726704597,9796
1.2082490921,9795
1.20939016342,9794
1.20985794067,9793
1.21042203903,9792
1.21145415306,9791
1.21477413177,9790
1.21588301659,9789
1.21795916557,9788
1.21906900406,9787
1.22018003464,9786
1.22064113617,9785
1.22104215622,9784
1.22431898117,9783
1.22520208359,9782
1.22566795349,9781
1.22753214836,9780
1.22876214981,9779
1.23067307472,9778
1.23299002647,9777
1.23489713669,9776
1.23673200607,9775
1.23716306686,9774
1.23822712898,9773
1.23868203163,9772
1.23914504051,9771
1.23999810219,9770
1.24083399773,9769
1.24181199074,9768
1.24223613739,9767
1.24295115471,9766
1.24368000031,9765
1.24540495872,9764
1.24712705612,9763
1.24835205078,9762
1.24881005287,9761
1.25220298767,9760
1.25321102142,9759
1.2553999424,9758
1.25583600998,9757
1.25756502151,9756
1.25809597969,9755
1.2590379715,9754
1.26031303406,9753
1.26080799103,9752
1.26145505905,9751
1.26268601418,9750
1.26337599754,9749
1.26392912865,9748
1.26572108269,9747
1.26622509956,9746
1.26743412018,9745
1.26850295067,9744
1.2688729763,9743
1.27276992798,9742
1.27388811111,9741
1.27431607246,9740
1.27610898018,9739
1.27703213692,9738
1.27809095383,9737
1.27887511253,9736
1.27946400642,9735
1.27996897697,9734
1.28041601181,9733
1.28160905838,9732
1.28234696388,9731
1.28280496597,9730
1.28368115425,9729
1.28619003296,9728
1.28712701797,9727
1.28817200661,9726
1.2912299633,9725
1.29174399376,9724
1.29250097275,9723
1.29327511787,9722
1.29386615753,9721
1.29449701309,9720
1.29801106453,9719
1.29880094528,9718
1.30143809319,9717
1.30256605148,9716
1.30397105217,9715
1.30660295486,9714
1.30836415291,9713
1.31025910378,9712
1.31211209297,9711
1.31326413155,9710
1.31493806839,9709
1.31566810608,9708
1.31668400764,9707
1.31814694405,9706
1.32280492783,9705
1.3235809803,9704
1.32484912872,9703
1.32600712776,9702
1.32656598091,9701
1.32780194283,9700
1.32863211632,9699
1.32918405533,9698
1.32971405983,9697
1.33154416084,9696
1.33235096931,9695
1.33452415466,9694
1.33498215675,9693
1.33539795876,9692
1.33581995964,9691
1.33846998215,9690
1.3389210701,9689
1.34011697769,9688
1.34075403214,9687
1.34242606163,9686
1.34288406372,9685
1.34362792969,9684
1.34649801254,9683
1.34696292877,9682
1.34742212296,9681
1.34927797318,9680
1.34970211983,9679
1.35061907768,9678
1.35225915909,9677
1.35268497467,9676
1.35320401192,9675
1.35368013382,9674
1.35483503342,9673
1.3559961319,9672
1.35750699043,9671
1.35957312584,9670
1.3605029583,9669
1.3633351326,9668
1.36486005783,9667
1.36527895927,9666
1.36631512642,9665
1.36769008636,9664
1.36820197105,9663
1.36928296089,9662
1.3720331192,9661
1.37285995483,9660
1.3735871315,9659
1.37464904785,9658
1.37594914436,9657
1.37640094757,9656
1.37747812271,9655
1.37793397903,9654
1.37844896317,9653
1.37911200523,9652
1.38018107414,9651
1.38165807724,9650
1.38383293152,9649
1.38436293602,9648
1.38527297974,9647
1.38618206978,9646
1.38666605949,9645
1.38780808449,9644
1.38952803612,9643
1.39391994476,9642
1.39540195465,9641
1.39619493484,9640
1.39896702766,9639
1.39995002747,9638
1.40312695503,9637
1.40428709984,9636
1.40626001358,9635
1.4081530571,9634
1.40942502022,9633
1.41123509407,9632
1.41169595718,9631
1.41229605675,9630
1.41285204887,9629
1.41368103027,9628
1.41469693184,9627
1.41542005539,9626
1.41657996178,9625
1.41734194756,9624
1.41779112816,9623
1.41869401932,9622
1.42166304588,9621
1.42367005348,9620
1.42471909523,9619
1.42760205269,9618
1.42910504341,9617
1.43059897423,9616
1.43134212494,9615
1.43209815025,9614
1.43613696098,9613
1.43765711784,9612
1.43819212914,9611
1.43975615501,9610
1.44307804108,9609
1.44436311722,9608
1.44507312775,9607
1.44569802284,9606
1.44710612297,9605
1.44852900505,9604
1.44955611229,9603
1.45004010201,9602
1.45131516457,9601
1.45246815681,9600
1.45317912102,9599
1.45613503456,9598
1.4569940567,9597
1.45857810974,9596
1.45925498009,9595
1.46089816093,9594
1.46330499649,9593
1.46491408348,9592
1.46735715866,9591
1.46779108047,9590
1.46824908257,9589
1.46864700317,9588
1.46907901764,9587
1.47058701515,9586
1.47342896461,9585
1.47383093834,9584
1.47531294823,9583
1.47581410408,9582
1.47629094124,9581
1.47742199898,9580
1.4782409668,9579
1.48074507713,9578
1.48211097717,9577
1.48544216156,9576
1.48625612259,9575
1.48808598518,9574
1.48851108551,9573
1.48897504807,9572
1.48940110207,9571
1.48985099792,9570
1.49165606499,9569
1.49458813667,9568
1.49741411209,9567
1.49826002121,9566
1.49973106384,9565
1.50104808807,9564
1.50148701668,9563
1.5030579567,9562
1.50362300873,9561
1.50519800186,9560
1.50599908829,9559
1.50680208206,9558
1.50794506073,9557
1.50839614868,9556
1.5094871521,9555
1.50994300842,9554
1.51113009453,9553
1.51160907745,9552
1.51299214363,9551
1.51349115372,9550
1.51565814018,9549
1.51642107964,9548
1.51713299751,9547
1.51800203323,9546
1.5186920166,9545
1.51990509033,9544
1.52104306221,9543
1.52283406258,9542
1.52331614494,9541
1.52475404739,9540
1.52617406845,9539
1.52680516243,9538
1.52807593346,9537
1.52854800224,9536
1.52903413773,9535
1.53407597542,9534
1.53463602066,9533
1.53536915779,9532
1.53679704666,9531
1.53799104691,9530
1.53849816322,9529
1.53892707825,9528
1.54042315483,9527
1.5415251255,9526
1.54228901863,9525
1.54342412949,9524
1.54427194595,9523
1.5454621315,9522
1.54594802856,9521
1.54901814461,9520
1.54991006851,9519
1.55195808411,9518
1.55393314362,9517
1.55440998077,9516
1.55483603477,9515
1.55531907082,9514
1.55635595322,9513
1.55701804161,9512
1.557502985,9511
1.55852508545,9510
1.56076598167,9509
1.56201314926,9508
1.56329703331,9507
1.56449007988,9506
1.56584715843,9505
1.56655311584,9504
1.56852006912,9503
1.56897497177,9502
1.56945014,9501
1.57001399994,9500
1.57116794586,9499
1.57309699059,9498
1.57450199127,9497
1.5749361515,9496
1.57554197311,9495
1.57628011703,9494
1.57734298706,9493
1.57853198051,9492
1.58107995987,9491
1.58383893967,9490
1.58565211296,9489
1.58609008789,9488
1.58811402321,9487
1.59020209312,9486
1.59144306183,9485
1.59328198433,9484
1.59402608871,9483
1.59590506554,9482
1.59662699699,9481
1.59944796562,9480
1.60032105446,9479
1.60113596916,9478
1.60203909874,9477
1.6048541069,9476
1.60633516312,9475
1.60810112953,9474
1.61026000977,9473
1.6109559536,9472
1.61333107948,9471
1.61548113823,9470
1.61975693703,9469
1.62047505379,9468
1.62115311623,9467
1.62194800377,9466
1.6224899292,9465
1.62298202515,9464
1.6238219738,9463
1.62544798851,9462
1.62634396553,9461
1.629114151,9460
1.63012814522,9459
1.63089108467,9458
1.63194298744,9457
1.63265705109,9456
1.63378715515,9455
1.63720202446,9454
1.63795399666,9453
1.64256596565,9452
1.64304709435,9451
1.64360308647,9450
1.64512300491,9449
1.64759898186,9448
1.64840197563,9447
1.65090608597,9446
1.65221905708,9445
1.65330696106,9444
1.65527200699,9443
1.65639305115,9442
1.6579811573,9441
1.65847992897,9440
1.66081309319,9439
1.66198801994,9438
1.66367411613,9437
1.66541910172,9436
1.66593408585,9435
1.66732597351,9434
1.66886901855,9433
1.66959404945,9432
1.67045116425,9431
1.67574715614,9430
1.676197052,9429
1.67778897285,9428
1.6784529686,9427
1.68129110336,9426
1.68176794052,9425
1.68257808685,9424
1.68459296227,9423
1.68734812737,9422
1.68932008743,9421
1.6920170784,9420
1.69319605827,9419
1.6937520504,9418
1.69440102577,9417
1.69702601433,9416
1.69853806496,9415
1.69901013374,9414
1.70006012917,9413
1.7021291256,9412
1.70334196091,9411
1.70412397385,9410
1.70573401451,9409
1.70989108086,9408
1.71037697792,9407
1.71178007126,9406
1.7130279541,9405
1.71651101112,9404
1.7172999382,9403
1.71780705452,9402
1.71879005432,9401
1.72431707382,9400
1.72572493553,9399
1.72754001617,9398
1.72883415222,9397
1.73025012016,9396
1.73067903519,9395
1.73501801491,9394
1.73857593536,9393
1.74023199081,9392
1.741492033,9391
1.74651694298,9390
1.74691915512,9389
1.75050997734,9388
1.75264596939,9387
1.75471806526,9386
1.75728106499,9385
1.75858902931,9384
1.7600710392,9383
1.76131796837,9382
1.76409912109,9381
1.7645380497,9380
1.76570606232,9379
1.76695108414,9378
1.76820015907,9377
1.76900911331,9376
1.77005410194,9375
1.77109193802,9374
1.77163314819,9373
1.77272701263,9372
1.77643013,9371
1.77708697319,9370
1.77837705612,9369
1.77913999557,9368
1.77968597412,9367
1.78267812729,9366
1.7849240303,9365
1.78552603722,9364
1.78710603714,9363
1.78852295876,9362
1.78953003883,9361
1.79078412056,9360
1.79125809669,9359
1.79349398613,9358
1.79461598396,9357
1.79651212692,9356
1.79751300812,9355
1.79829311371,9354
1.79978704453,9353
1.80196809769,9352
1.80285096169,9351
1.80325198174,9350
1.80531907082,9349
1.80576515198,9348
1.80656099319,9347
1.80701804161,9346
1.81001996994,9345
1.81185698509,9344
1.81302309036,9343
1.8137049675,9342
1.81419801712,9341
1.81546711922,9340
1.81672906876,9339
1.81754899025,9338
1.81964015961,9337
1.82049012184,9336
1.82093501091,9335
1.82232093811,9334
1.82327508926,9333
1.82369995117,9332
1.82412195206,9331
1.82490515709,9330
1.82631206512,9329
1.82675004005,9328
1.82888793945,9327
1.8297829628,9326
1.83114600182,9325
1.83180809021,9324
1.83304405212,9323
1.83529114723,9322
1.83730196953,9321
1.83808898926,9320
1.84010601044,9319
1.84318804741,9318
1.84418416023,9317
1.84551000595,9316
1.84591913223,9315
1.84636116028,9314
1.84831905365,9313
1.8491230011,9312
1.84956097603,9311
1.85312104225,9310
1.85468912125,9309
1.85530996323,9308
1.85594010353,9307
1.85725498199,9306
1.85835003853,9305
1.85901808739,9304
1.85943007469,9303
1.8625330925,9302
1.86418104172,9301
1.86481308937,9300
1.86522603035,9299
1.86563706398,9298
1.86983394623,9297
1.87101101875,9296
1.87150096893,9295
1.87231397629,9294
1.87276601791,9293
1.87324094772,9292
1.87635612488,9291
1.87798714638,9290
1.87918806076,9289
1.88146114349,9288
1.88206601143,9287
1.88483810425,9286
1.88618397713,9285
1.8866519928,9284
1.89002394676,9283
1.89163708687,9282
1.89308404922,9281
1.89551615715,9280
1.89615893364,9279
1.89665198326,9278
1.89719414711,9277
1.89868211746,9276
1.89909505844,9275
1.89986395836,9274
1.90109801292,9273
1.90299916267,9272
1.90607500076,9271
1.90896201134,9270
1.91110897064,9269
1.91306114197,9268
1.9136531353,9267
1.91514015198,9266
1.91678094864,9265
1.91975808144,9264
1.92245197296,9263
1.92351007462,9262
1.92489099503,9261
1.92656707764,9260
1.92726111412,9259
1.93013095856,9258
1.93131399155,9257
1.93255496025,9256
1.93364310265,9255
1.9346909523,9254
1.93717002869,9253
1.93851399422,9252
1.94121003151,9251
1.94247913361,9250
1.94491195679,9249
1.94866108894,9248
1.95122408867,9247
1.95227408409,9246
1.95327997208,9245
1.95372104645,9244
1.95407700539,9243
1.9562330246,9242
1.95880293846,9241
1.95922207832,9240
1.96083116531,9239
1.96186208725,9238
1.9647591114,9237
1.96516513824,9236
1.96589994431,9235
1.96932506561,9234
1.96977210045,9233
1.97025299072,9232
1.97152495384,9231
1.97368001938,9230
1.97543096542,9229
1.97612595558,9228
1.97681713104,9227
1.98040795326,9226
1.98149895668,9225
1.98277211189,9224
1.98398113251,9223
1.9848921299,9222
1.98542714119,9221
1.98861312866,9220
1.98908615112,9219
1.98982906342,9218
1.99331307411,9217
1.9937980175,9216
1.99618697166,9215
1.9982509613,9214
1.99944210052,9213
2.00131201744,9212
2.003469944,9211
2.00525999069,9210
2.00972700119,9209
2.0109770298,9208
2.01693415642,9207
2.0178129673,9206
2.01874303818,9205
2.01937294006,9204
2.02035999298,9203
2.02173709869,9202
2.02249693871,9201
2.02357792854,9200
2.02399516106,9199
2.02571296692,9198
2.02810311317,9197
2.02942705154,9196
2.03003406525,9195
2.03462696075,9194
2.03600406647,9193
2.03739714622,9192
2.03795599937,9191
2.03902602196,9190
2.03958892822,9189
2.04293704033,9188
2.04403305054,9187
2.04733514786,9186
2.04879403114,9185
2.05128002167,9184
2.05254602432,9183
2.05314016342,9182
2.05373501778,9181
2.05421900749,9180
2.0546400547,9179
2.05658006668,9178
2.05735301971,9177
2.05854415894,9176
2.05894613266,9175
2.05970406532,9174
2.06119608879,9173
2.06212997437,9172
2.06520605087,9171
2.06598496437,9170
2.06658411026,9169
2.06778812408,9168
2.06822896004,9167
2.07036113739,9166
2.07283711433,9165
2.0740571022,9164
2.07642292976,9163
2.07736706734,9162
2.07859706879,9161
2.08222198486,9160
2.08321404457,9159
2.08393907547,9158
2.08486700058,9157
2.0853869915,9156
2.08696007729,9155
2.08910012245,9154
2.09146714211,9153
2.09249806404,9152
2.09369111061,9151
2.09535002708,9150
2.09596514702,9149
2.09680700302,9148
2.09782910347,9147
2.10346412659,9146
2.10390806198,9145
2.10574603081,9144
2.1075220108,9143
2.10849404335,9142
2.10910797119,9141
2.11295509338,9140
2.11396193504,9139
2.11443710327,9138
2.11595010757,9137
2.11651706696,9136
2.11809015274,9135
2.11851096153,9134
2.11978316307,9133
2.12101197243,9132
2.12195014954,9131
2.12451505661,9130
2.1269159317,9129
2.12734413147,9128
2.12896299362,9127
2.13024616241,9126
2.13068199158,9125
2.13195300102,9124
2.13257193565,9123
2.13297200203,9122
2.13378214836,9121
2.13567304611,9120
2.13673400879,9119
2.13868498802,9118
2.13987112045,9117
2.14072299004,9116
2.14265704155,9115
2.14420700073,9114
2.14582204819,9113
2.1464099884,9112
2.15236496925,9111
2.15475702286,9110
2.15579414368,9109
2.15620708466,9108
2.16006708145,9107
2.16533207893,9106
2.17253494263,9105
2.17348814011,9104
2.17472910881,9103
2.17628693581,9102
2.17671513557,9101
2.17922997475,9100
2.17967700958,9099
2.18114495277,9098
2.18191313744,9097
2.1823861599,9096
2.18310213089,9095
2.18363499641,9094
2.18476200104,9093
2.18540215492,9092
2.18870306015,9091
2.19165611267,9090
2.19297599792,9089
2.19516301155,9088
2.19756102562,9087
2.19824695587,9086
2.20245099068,9085
2.20334506035,9084
2.20412302017,9083
2.20515394211,9082
2.20666003227,9081
2.21300005913,9080
2.21841001511,9079
2.22000312805,9078
2.22075009346,9077
2.22120714188,9076
2.22197008133,9075
2.22399306297,9074
2.22489094734,9073
2.22714304924,9072
2.22860097885,9071
2.23020911217,9070
2.23112416267,9069
2.23256516457,9068
2.23295402527,9067
2.23622512817,9066
2.23781204224,9065
2.23998212814,9064
2.24047899246,9063
2.24304199219,9062
2.24473309517,9061
2.24589014053,9060
2.24632716179,9059
2.24693107605,9058
2.24877715111,9057
2.25021004677,9056
2.25428915024,9055
2.25986003876,9054
2.26085400581,9053
2.26127314568,9052
2.26582312584,9051
2.26657295227,9050
2.27155900002,9049
2.27650904655,9048
2.27694010735,9047
2.2773630619,9046
2.27962613106,9045
2.28019094467,9044
2.28496098518,9043
2.2859749794,9042
2.289716959,9041
2.29157710075,9040
2.2920191288,9039
2.29358911514,9038
2.29404616356,9037
2.29482603073,9036
2.29565310478,9035
2.29761099815,9034
2.3018450737,9033
2.30785298347,9032
2.30979013443,9031
2.31182813644,9030
2.31256198883,9029
2.31368994713,9028
2.31539702415,9027
2.31750106812,9026
2.31805896759,9025
2.31889796257,9024
2.33100008965,9023
2.33308005333,9022
2.33410906792,9021
2.33704614639,9020
2.34189295769,9019
2.34421205521,9018
2.34468793869,9017
2.34685111046,9016
2.34986495972,9015
2.35039114952,9014
2.35133099556,9013
2.35236001015,9012
2.35409092903,9011
2.35515213013,9010
2.35591197014,9009
2.3564491272,9008
2.35694503784,9007
2.36014699936,9006
2.36105203629,9005
2.361536026,9004
2.36900210381,9003
2.36943507195,9002
2.37368106842,9001
2.37412595749,9000
2.37844800949,8999
2.37887597084,8998
2.37936806679,8997
2.38308215141,8996
2.38516116142,8995
2.38819813728,8994
2.39022898674,8993
2.39070010185,8992
2.39204502106,8991
2.39248609543,8990
2.39336109161,8989
2.3950920105,8988
2.40153598785,8987
2.40292310715,8986
2.40409612656,8985
2.40499901772,8984
2.40681505203,8983
2.40811800957,8982
2.41003012657,8981
2.4104950428,8980
2.41304802895,8979
2.41347503662,8978
2.41568803787,8977
2.41607809067,8976
2.41870808601,8975
2.41931700706,8974
2.42074394226,8973
2.42158198357,8972
2.42463707924,8971
2.42519807816,8970
2.42592406273,8969
2.42904400826,8968
2.4302649498,8967
2.43241000175,8966
2.43459415436,8965
2.4400229454,8964
2.44354200363,8963
2.4448530674,8962
2.44566011429,8961
2.44667696953,8960
2.44721698761,8959
2.45192909241,8958
2.45234799385,8957
2.45292115211,8956
2.45352101326,8955
2.4546661377,8954
2.45610308647,8953
2.45720505714,8952
2.4622759819,8951
2.47009706497,8950
2.47074508667,8949
2.47115802765,8948
2.47280597687,8947
2.47382307053,8946
2.47996902466,8945
2.48169112206,8944
2.49137401581,8943
2.49231696129,8942
2.49425411224,8941
2.49700498581,8940
2.49908614159,8939
2.50032997131,8938
2.5018620491,8937
2.50342512131,8936
2.50482797623,8935
2.50655913353,8934
2.50909495354,8933
2.51242208481,8932
2.51658296585,8931
2.51716399193,8930
2.51868700981,8929
2.51967811584,8928
2.52412414551,8927
2.52453994751,8926
2.52497601509,8925
2.52665710449,8924
2.52709007263,8923
2.52829003334,8922
2.52948904037,8921
2.53154802322,8920
2.53207802773,8919
2.53416609764,8918
2.53460216522,8917
2.53715610504,8916
2.538449049,8915
2.5392780304,8914
2.5415430069,8913
2.54284000397,8912
2.54523515701,8911
2.54706597328,8910
2.54942893982,8909
2.55330300331,8908
2.5553650856,8907
2.55644607544,8906
2.56100702286,8905
2.56440711021,8904
2.56828403473,8903
2.56902194023,8902
2.57095813751,8901
2.57165002823,8900
2.57297801971,8899
2.57449793816,8898
2.57493209839,8897
2.57722711563,8896
2.57818508148,8895
2.58066511154,8894
2.58279800415,8893
2.5837521553,8892
2.58708095551,8891
2.5891699791,8890
2.59017801285,8889
2.59179115295,8888
2.59223103523,8887
2.59379315376,8886
2.59724211693,8885
2.6012699604,8884
2.60419797897,8883
2.60480713844,8882
2.60579013824,8881
2.60624504089,8880
2.60718607903,8879
2.61181712151,8878
2.61221814156,8877
2.61389303207,8876
2.61471199989,8875
2.61658000946,8874
2.61693310738,8873
2.61977505684,8872
2.62171006203,8871
2.62214303017,8870
2.62436509132,8869
2.62524008751,8868
2.62670016289,8867
2.62731003761,8866
2.62957000732,8865
2.6305141449,8864
2.63114595413,8863
2.6325199604,8862
2.63437914848,8861
2.63479208946,8860
2.63519096375,8859
2.63867807388,8858
2.64343094826,8857
2.64805912971,8856
2.64932513237,8855
2.65026497841,8854
2.65069699287,8853
2.65265107155,8852
2.65305399895,8851
2.65377402306,8850
2.66360998154,8849
2.66401815414,8848
2.66552996635,8847
2.66685009003,8846
2.66770815849,8845
2.6697371006,8844
2.67217898369,8843
2.67294096947,8842
2.67386412621,8841
2.67494702339,8840
2.6753680706,8839
2.68186402321,8838
2.68284511566,8837
2.686658144,8836
2.68827199936,8835
2.68929505348,8834
2.69760298729,8833
2.69872903824,8832
2.7001619339,8831
2.7050409317,8830
2.70628905296,8829
2.70905804634,8828
2.70950508118,8827
2.71205401421,8826
2.7125210762,8825
2.71338605881,8824
2.71616506577,8823
2.71830606461,8822
2.71948814392,8821
2.71992206573,8820
2.72050213814,8819
2.72170710564,8818
2.72647500038,8817
2.72970104218,8816
2.7301530838,8815
2.73207306862,8814
2.73832702637,8813
2.74628400803,8812
2.75034403801,8811
2.75079512596,8810
2.75118494034,8809
2.75218915939,8808
2.75422596931,8807
2.75582194328,8806
2.76007008553,8805
2.76085209846,8804
2.76254105568,8803
2.7632689476,8802
2.76696610451,8801
2.7675819397,8800
2.76869797707,8799
2.77471208572,8798
2.77539896965,8797
2.77636003494,8796
2.77865815163,8795
2.78036403656,8794
2.78079795837,8793
2.78229999542,8792
2.78502011299,8791
2.78851914406,8790
2.79014110565,8789
2.79240107536,8788
2.79492306709,8787
2.79869294167,8786
2.79991793633,8785
2.80040407181,8784
2.8010160923,8783
2.80296015739,8782
2.80426692963,8781
2.80834794044,8780
2.80891895294,8779
2.81084108353,8778
2.81387400627,8777
2.81523013115,8776
2.81583309174,8775
2.81628799438,8774
2.82035708427,8773
2.8266980648,8772
2.82827997208,8771
2.82873415947,8770
2.83071112633,8769
2.83116912842,8768
2.83453202248,8767
2.83519101143,8766
2.8379099369,8765
2.84215903282,8764
2.84326505661,8763
2.8441901207,8762
2.84592008591,8761
2.84670209885,8760
2.84718799591,8759
2.8547501564,8758
2.85711503029,8757
2.85841298103,8756
2.86036705971,8755
2.86080908775,8754
2.86296010017,8753
2.86361908913,8752
2.86405611038,8751
2.8648250103,8750
2.86574912071,8749
2.86910414696,8748
2.87484312057,8747
2.87800693512,8746
2.87993001938,8745
2.88061904907,8744
2.88111209869,8743
2.88207101822,8742
2.88274407387,8741
2.88318514824,8740
2.88517403603,8739
2.88591003418,8738
2.88751196861,8737
2.8892929554,8736
2.89098405838,8735
2.8930079937,8734
2.89458799362,8733
2.89502096176,8732
2.89585804939,8731
2.90038108826,8730
2.90295410156,8729
2.90835404396,8728
2.90967202187,8727
2.91011095047,8726
2.91295599937,8725
2.91453099251,8724
2.92207407951,8723
2.9228451252,8722
2.92482709885,8721
2.92828392982,8720
2.92949700356,8719
2.93164110184,8718
2.93225908279,8717
2.93268299103,8716
2.93575406075,8715
2.93668913841,8714
2.93734812737,8713
2.94627213478,8712
2.94755506516,8711
2.95609593391,8710
2.95724201202,8709
2.95961403847,8708
2.96300911903,8707
2.96423697472,8706
2.96489906311,8705
2.96738100052,8704
2.97120714188,8703
2.97257900238,8702
2.97749900818,8701
2.97969794273,8700
2.98085093498,8699
2.98186302185,8698
2.98260211945,8697
2.98400592804,8696
2.98830199242,8695
2.99305415154,8694
2.99350714684,8693
3.0001809597,8692
3.00139904022,8691
3.0017721653,8690
3.00594902039,8689
3.00696206093,8688
3.01262998581,8687
3.01752400398,8686
3.01813197136,8685
3.0194671154,8684
3.01991701126,8683
3.02057814598,8682
3.02101206779,8681
3.02286601067,8680
3.02499294281,8679
3.02721214294,8678
3.02883911133,8677
3.03829097748,8676
3.04005503654,8675
3.04152798653,8674
3.04246211052,8673
3.04349899292,8672
3.04612994194,8671
3.04701113701,8670
3.04790210724,8669
3.04853415489,8668
3.04912209511,8667
3.05009007454,8666
3.05139398575,8665
3.0525701046,8664
3.05462598801,8663
3.05538010597,8662
3.05589103699,8661
3.05647993088,8660
3.0570640564,8659
3.06293797493,8658
3.06439995766,8657
3.06575202942,8656
3.06872105598,8655
3.06980609894,8654
3.07134103775,8653
3.07189297676,8652
3.07261705399,8651
3.07560801506,8650
3.08225607872,8649
3.08881402016,8648
3.08936810493,8647
3.09025597572,8646
3.0942530632,8645
3.09466814995,8644
3.09567713737,8643
3.09642696381,8642
3.09683799744,8641
3.10337114334,8640
3.10432100296,8639
3.10950613022,8638
3.11034107208,8637
3.11075496674,8636
3.11632394791,8635
3.1171810627,8634
3.12218093872,8633
3.12569904327,8632
3.12604498863,8631
3.13640809059,8630
3.13881397247,8629
3.14006996155,8628
3.14073514938,8627
3.14366412163,8626
3.14417004585,8625
3.14782309532,8624
3.1520049572,8623
3.15455913544,8622
3.15503406525,8621
3.15571498871,8620
3.15765595436,8619
3.16100096703,8618
3.16214609146,8617
3.16590094566,8616
3.16646313667,8615
3.17064404488,8614
3.17297315598,8613
3.17672395706,8612
3.17832112312,8611
3.1806409359,8610
3.18104195595,8609
3.18289804459,8608
3.18676996231,8607
3.19229006767,8606
3.19448304176,8605
3.19671702385,8604
3.20105409622,8603
3.20145606995,8602
3.20437192917,8601
3.20508503914,8600
3.20732092857,8599
3.21051001549,8598
3.21272516251,8597
3.21711611748,8596
3.2198600769,8595
3.22034502029,8594
3.22342705727,8593
3.23317694664,8592
3.23360514641,8591
3.23929905891,8590
3.24025607109,8589
3.24083805084,8588
3.24420595169,8587
3.24463415146,8586
3.24518609047,8585
3.25059008598,8584
3.25361704826,8583
3.25531506538,8582
3.25614213943,8581
3.25795602798,8580
3.26595211029,8579
3.26642894745,8578
3.26867604256,8577
3.27135396004,8576
3.27488303185,8575
3.27803993225,8574
3.27916097641,8573
3.28009796143,8572
3.28151893616,8571
3.2845480442,8570
3.28763794899,8569
3.2911491394,8568
3.29393100739,8567
3.29674696922,8566
3.29890298843,8565
3.30485510826,8564
3.30743312836,8563
3.30822396278,8562
3.31255292892,8561
3.31295514107,8560
3.31439614296,8559
3.32048106194,8558
3.32214593887,8557
3.32254910469,8556
3.3236489296,8555
3.32615113258,8554
3.32670998573,8553
3.32728099823,8552
3.33586406708,8551
3.33645701408,8550
3.34368109703,8549
3.34733605385,8548
3.35548114777,8547
3.3623149395,8546
3.36391806602,8545
3.36497306824,8544
3.36679506302,8543
3.37372708321,8542
3.37455511093,8541
3.37765598297,8540
3.37919211388,8539
3.38085103035,8538
3.38228106499,8537
3.38402199745,8536
3.38934111595,8535
3.39017009735,8534
3.39912796021,8533
3.40282797813,8532
3.40720796585,8531
3.4191660881,8530
3.42026400566,8529
3.42221212387,8528
3.42397904396,8527
3.42441105843,8526
3.42623114586,8525
3.42763710022,8524
3.42891693115,8523
3.43159508705,8522
3.43431615829,8521
3.43650197983,8520
3.4372689724,8519
3.43859004974,8518
3.44160795212,8517
3.4465610981,8516
3.45142102242,8515
3.45434308052,8514
3.45503115654,8513
3.45600414276,8512
3.45728302002,8511
3.46018815041,8510
3.46060609818,8509
3.46594405174,8508
3.46666002274,8507
3.46705508232,8506
3.472260952,8505
3.47300815582,8504
3.47339701653,8503
3.4800901413,8502
3.48200893402,8501
3.48369193077,8500
3.48408412933,8499
3.48709797859,8498
3.49124908447,8497
3.49936294556,8496
3.50216507912,8495
3.50271606445,8494
3.5036611557,8493
3.50624108315,8492
3.51300311089,8491
3.51741695404,8490
3.52109503746,8489
3.52810502052,8488
3.53244304657,8487
3.53741192818,8486
3.53799200058,8485
3.54113912582,8484
3.5440530777,8483
3.54691815376,8482
3.55025315285,8481
3.55199813843,8480
3.55483198166,8479
3.55688595772,8478
3.56000709534,8477
3.56401395798,8476
3.56492400169,8475
3.56975412369,8474
3.57545304298,8473
3.57586097717,8472
3.57753014565,8471
3.57900714874,8470
3.58038711548,8469
3.5822250843,8468
3.58261704445,8467
3.58550810814,8466
3.58912110329,8465
3.59219098091,8464
3.59276914597,8463
3.59465003014,8462
3.60101103783,8461
3.60444402695,8460
3.60560393333,8459
3.60599112511,8458
3.60705399513,8457
3.61610198021,8456
3.6171131134,8455
3.62317109108,8454
3.62817716599,8453
3.63471794128,8452
3.63873505592,8451
3.642786026,8450
3.64692807198,8449
3.648250103,8448
3.65264296532,8447
3.65406107903,8446
3.65611410141,8445
3.65922307968,8444
3.66235613823,8443
3.66541910172,8442
3.66706109047,8441
3.67148113251,8440
3.67751097679,8439
3.67790102959,8438
3.67829012871,8437
3.67945504189,8436
3.68436598778,8435
3.68639206886,8434
3.68677616119,8433
3.68797302246,8432
3.69384908676,8431
3.69984698296,8430
3.70182609558,8429
3.70338606834,8428
3.71042513847,8427
3.7156701088,8426
3.72094416618,8425
3.72464704514,8424
3.72696208954,8423
3.73319816589,8422
3.73474097252,8421
3.74502301216,8420
3.74877095222,8419
3.75662612915,8418
3.75805211067,8417
3.76361703873,8416
3.77017903328,8415
3.77391910553,8414
3.77479815483,8413
3.77568006516,8412
3.77623009682,8411
3.78518605232,8410
3.78587412834,8409
3.78777313232,8408
3.78860807419,8407
3.7890651226,8406
3.79045796394,8405
3.79572916031,8404
3.79655504227,8403
3.79777503014,8402
3.79902410507,8401
3.80606198311,8400
3.80878710747,8399
3.81071996689,8398
3.81620407104,8397
3.81707310677,8396
3.81816005707,8395
3.82102608681,8394
3.82660794258,8393
3.82791805267,8392
3.83153915405,8391
3.83693814278,8390
3.83768105507,8389
3.83952307701,8388
3.84092712402,8387
3.84474802017,8386
3.84518003464,8385
3.84650993347,8384
3.85394906998,8383
3.85651898384,8382
3.86687898636,8381
3.86976313591,8380
3.87274599075,8379
3.87642908096,8378
3.87774300575,8377
3.87887096405,8376
3.88232111931,8375
3.88375115395,8374
3.88638305664,8373
3.88816094398,8372
3.89833498001,8371
3.90202593803,8370
3.90348505974,8369
3.90474009514,8368
3.9066889286,8367
3.9151930809,8366
3.9217569828,8365
3.92241215706,8364
3.93348908424,8363
3.94016003609,8362
3.94072604179,8361
3.94419598579,8360
3.95178198814,8359
3.9534330368,8358
3.95438814163,8357
3.95635604858,8356
3.95699214935,8355
3.95789909363,8354
3.95871901512,8353
3.96261405945,8352
3.96764302254,8351
3.96955800056,8350
3.97161602974,8349
3.97411108017,8348
3.97591114044,8347
3.98044013977,8346
3.98080301285,8345
3.98445415497,8344
3.98569011688,8343
3.98741602898,8342
3.98995494843,8341
3.99714207649,8340
3.9990530014,8339
4.00092101097,8338
4.00845313072,8337
4.00884413719,8336
4.01142001152,8335
4.01357698441,8334
4.01795315742,8333
4.02177715302,8332
4.03976202011,8331
4.04084014893,8330
4.04386806488,8329
4.05908799171,8328
4.05951309204,8327
4.06344914436,8326
4.06672310829,8325
4.06874608994,8324
4.0734140873,8323
4.07386803627,8322
4.07445216179,8321
4.07663607597,8320
4.07753705978,8319
4.08166003227,8318
4.10126209259,8317
4.10559010506,8316
4.1154820919,8315
4.11748194695,8314
4.12569403648,8313
4.13192796707,8312
4.13496613503,8311
4.13721895218,8310
4.13762903214,8309
4.14015507698,8308
4.14088106155,8307
4.14168810844,8306
4.14225792885,8305
4.14482092857,8304
4.14939713478,8303
4.15247011185,8302
4.15738296509,8301
4.15830612183,8300
4.16217303276,8299
4.16276907921,8298
4.16513395309,8297
4.16676902771,8296
4.16890001297,8295
4.1693520546,8294
4.17371606827,8293
4.17624592781,8292
4.17978096008,8291
4.18421912193,8290
4.19754505157,8289
4.19798707962,8288
4.20373606682,8287
4.21065711975,8286
4.21908307076,8285
4.22198796272,8284
4.2247440815,8283
4.22800898552,8282
4.22891497612,8281
4.23568201065,8280
4.24405694008,8279
4.24633097649,8278
4.24872899055,8277
4.25024604797,8276
4.2534930706,8275
4.2545580864,8274
4.2565009594,8273
4.25861907005,8272
4.27184915543,8271
4.28324198723,8270
4.29333996773,8269
4.29409003258,8268
4.29512310028,8267
4.29671216011,8266
4.29820513725,8265
4.29949593544,8264
4.30780315399,8263
4.31161594391,8262
4.31896400452,8261
4.32013893127,8260
4.3220281601,8259
4.32562994957,8258
4.33081102371,8257
4.33714914322,8256
4.33990216255,8255
4.3503780365,8254
4.3528470993,8253
4.35499501228,8252
4.35540008545,8251
4.356965065,8250
4.36134195328,8249
4.36285209656,8248
4.3632941246,8247
4.36377811432,8246
4.36444211006,8245
4.36649608612,8244
4.36729311943,8243
4.38165211678,8242
4.38433909416,8241
4.38689303398,8240
4.40407299995,8239
4.41366815567,8238
4.41495895386,8237
4.41886115074,8236
4.44324707985,8235
4.44943714142,8234
4.45091295242,8233
4.4517660141,8232
4.45432114601,8231
4.45982313156,8230
4.46465992928,8229
4.46619296074,8228
4.46893501282,8227
4.47281599045,8226
4.47452116013,8225
4.4785349369,8224
4.48495697975,8223
4.48759293556,8222
4.4881310463,8221
4.48907613754,8220
4.49884700775,8219
4.50111198425,8218
4.50396203995,8217
4.50538897514,8216
4.51110911369,8215
4.51274704933,8214
4.51692509651,8213
4.52256798744,8212
4.52476000786,8211
4.52873706818,8210
4.53100013733,8209
4.53172206879,8208
4.5326859951,8207
4.55704402924,8206
4.55857801437,8205
4.5623061657,8204
4.5669901371,8203
4.56912398338,8202
4.57000899315,8201
4.58411598206,8200
4.59023404121,8199
4.60078310966,8198
4.60310411453,8197
4.61585402489,8196
4.64244699478,8195
4.64482402802,8194
4.64723110199,8193
4.64896798134,8192
4.6518509388,8191
4.65955400467,8190
4.66009998322,8189
4.6632399559,8188
4.66428208351,8187
4.66525197029,8186
4.66735100746,8185
4.68445515633,8184
4.68731808662,8183
4.69088101387,8182
4.69248199463,8181
4.69343400002,8180
4.69953894615,8179
4.70227193832,8178
4.70625400543,8177
4.71018600464,8176
4.71308112144,8175
4.71740412712,8174
4.72087216377,8173
4.72235107422,8172
4.72411608696,8171
4.7279009819,8170
4.73518204689,8169
4.73561906815,8168
4.73864412308,8167
4.74170398712,8166
4.74501800537,8165
4.74850201607,8164
4.75485110283,8163
4.76173496246,8162
4.76614499092,8161
4.77237415314,8160
4.77997708321,8159
4.78071904182,8158
4.78895401955,8157
4.79210805893,8156
4.7935090065,8155
4.80140805244,8154
4.80542111397,8153
4.80750703812,8152
4.81028699875,8151
4.81276011467,8150
4.815513134,8149
4.82418107986,8148
4.82822299004,8147
4.84111213684,8146
4.84388494492,8145
4.86084198952,8144
4.86216592789,8143
4.86457395554,8142
4.86718511581,8141
4.86951708794,8140
4.88786911964,8139
4.89586997032,8138
4.90299916267,8137
4.90350794792,8136
4.91438508034,8135
4.92110705376,8134
4.92383003235,8133
4.92935299873,8132
4.93327212334,8131
4.93405413628,8130
4.93868899345,8129
4.93907308578,8128
4.94625806808,8127
4.94770693779,8126
4.95108795166,8125
4.95175004005,8124
4.9528169632,8123
4.95826411247,8122
4.9613161087,8121
4.97663593292,8120
4.98170304298,8119
4.99386906624,8118
5.00038194656,8117
5.00229406357,8116
5.00302505493,8115
5.00884795189,8114
5.0106151104,8113
5.02207398415,8112
5.03018808365,8111
5.03523802757,8110
5.04087710381,8109
5.04670095444,8108
5.05047893524,8107
5.05564498901,8106
5.05796694756,8105
5.06246995926,8104
5.06300115585,8103
5.06404995918,8102
5.06642007828,8101
5.06716513634,8100
5.06992602348,8099
5.09111499786,8098
5.09388709068,8097
5.10860610008,8096
5.11865711212,8095
5.12681603432,8094
5.12776708603,8093
5.13413596153,8092
5.13450813293,8091
5.1479279995,8090
5.15411496162,8089
5.15452194214,8088
5.1569340229,8087
5.15956497192,8086
5.16536808014,8085
5.17367815971,8084
5.18164896965,8083
5.18375301361,8082
5.18471598625,8081
5.18623995781,8080
5.1911251545,8079
5.19147396088,8078
5.1924200058,8077
5.1930141449,8076
5.19643115997,8075
5.19724702835,8074
5.19935798645,8073
5.20214009285,8072
5.20468616486,8071
5.21526193619,8070
5.227820158,8069
5.23100614548,8068
5.23301911354,8067
5.24573397636,8066
5.2482919693,8065
5.25045800209,8064
5.25217413902,8063
5.25991797447,8062
5.26699709892,8061
5.28586602211,8060
5.29603910446,8059
5.29892110825,8058
5.31212997437,8057
5.32210493088,8056
5.32771110535,8055
5.33011603355,8054
5.33132004738,8053
5.33540415764,8052
5.33710694313,8051
5.3397860527,8050
5.34109711647,8049
5.34824705124,8048
5.35325098038,8047
5.36758208275,8046
5.36928796768,8045
5.37590312958,8044
5.3884780407,8043
5.39014410973,8042
5.39463710785,8041
5.39629006386,8040
5.39933609962,8039
5.40265393257,8038
5.40806794167,8037
5.41158795357,8036
5.41834998131,8035
5.41874194145,8034
5.42744994164,8033
5.43125295639,8032
5.4321410656,8031
5.43685698509,8030
5.44025301933,8029
5.44162297249,8028
5.44405198097,8027
5.46704411507,8026
5.47947311401,8025
5.48323297501,8024
5.48833107948,8023
5.49163913727,8022
5.49725103378,8021
5.5524930954,8020
5.5528690815,8019
5.56418204308,8018
5.56639504433,8017
5.56711792946,8016
5.56885814667,8015
5.57161998749,8014
5.57346701622,8013
5.58641004562,8012
5.59334993362,8011
5.60920000076,8010
5.61106204987,8009
5.61145401001,8008
5.63343214989,8007
5.63888907433,8006
5.64222097397,8005
5.64564108849,8004
5.65128397942,8003
5.65357708931,8002
5.65813207626,8001
5.67603516579,8000
5.69227409363,7999
5.7021780014,7998
5.71327710152,7997
5.72207212448,7996
5.72675704956,7995
5.72932696342,7994
5.74063801765,7993
5.759786129,7992
5.76692295074,7991
5.78116893768,7990
5.79399704933,7989
5.80585312843,7988
5.80729103088,7987
5.81210207939,7986
5.82469701767,7985
5.82887911797,7984
5.83966398239,7983
5.84052205086,7982
5.86069607735,7981
5.86246800423,7980
5.87234997749,7979
5.8793361187,7978
5.88241505623,7977
5.89029693604,7976
5.89398312569,7975
5.89831209183,7974
5.90630412102,7973
5.90760302544,7972
5.93846702576,7971
5.93903899193,7970
5.94128012657,7969
5.95915603638,7968
5.96138000488,7967
5.96848893166,7966
5.98125004768,7965
6.00312995911,7964
6.00784397125,7963
6.02216911316,7962
6.02604293823,7961
6.03043413162,7960
6.03289794922,7959
6.04009413719,7958
6.04413604736,7957
6.05149102211,7956
6.07778501511,7955
6.08402013779,7954
6.09317994118,7953
6.09581112862,7952
6.09909510612,7951
6.10556507111,7950
6.10624694824,7949
6.10745215416,7948
6.12866616249,7947
6.15213108063,7946
6.16512012482,7945
6.17912197113,7944
6.18023705482,7943
6.19259214401,7942
6.19312810898,7941
6.19688296318,7940
6.21443200111,7939
6.22382998466,7938
6.22568106651,7937
6.22651815414,7936
6.22777104378,7935
6.23442006111,7934
6.25111913681,7933
6.27672815323,7932
6.2832570076,7931
6.29689598083,7930
6.30134510994,7929
6.30396604538,7928
6.33843612671,7927
6.34195113182,7926
6.35334801674,7925
6.36406707764,7924
6.3849799633,7923
6.39500904083,7922
6.4120259285,7921
6.4167740345,7920
6.41962409019,7919
6.42158794403,7918
6.42384004593,7917
6.42633104324,7916
6.43103003502,7915
6.4415781498,7914
6.44465303421,7913
6.46457314491,7912
6.48238611221,7911
6.49349093437,7910
6.49860906601,7909
6.50048208237,7908
6.50773215294,7907
6.51659703255,7906
6.52279496193,7905
6.55397796631,7904
6.55439114571,7903
6.58259296417,7902
6.59472107887,7901
6.59752297401,7900
6.59894514084,7899
6.60567593575,7898
6.60796403885,7897
6.60897803307,7896
6.61150407791,7895
6.61634397507,7894
6.61909008026,7893
6.63062405586,7892
6.63101100922,7891
6.63723611832,7890
6.64419198036,7889
6.64925193787,7888
6.66295194626,7887
6.67690014839,7886
6.67728304863,7885
6.68824100494,7884
6.70618915558,7883
6.70656204224,7882
6.74771595001,7881
6.75194096565,7880
6.75811195374,7879
6.77242207527,7878
6.79021906853,7877
6.7981979847,7876
6.8457429409,7875
6.84969711304,7874
6.86647415161,7873
6.87475204468,7872
6.88186216354,7871
6.88239598274,7870
6.8969669342,7869
6.89892506599,7868
6.90198612213,7867
6.90902400017,7866
6.9247200489,7865
6.93067002296,7864
6.94389104843,7863
6.94547605515,7862
6.95090603828,7861
6.96012401581,7860
6.96879816055,7859
6.96922707558,7858
6.97532606125,7857
6.98513007164,7856
7.00369811058,7855
7.01169204712,7854
7.01585292816,7853
7.01877713203,7852
7.02065014839,7851
7.03321099281,7850
7.03511214256,7849
7.03771209717,7848
7.04046201706,7847
7.04505395889,7846
7.04598402977,7845
7.05649805069,7844
7.06439805031,7843
7.0649061203,7842
7.08205699921,7841
7.08302402496,7840
7.08817195892,7839
7.11917901039,7838
7.13131093979,7837
7.13307094574,7836
7.13623309135,7835
7.1368560791,7834
7.13918614388,7833
7.14053297043,7832
7.14557600021,7831
7.1516661644,7830
7.16031694412,7829
7.16365504265,7828
7.16932797432,7827
7.17355704308,7826
7.19250392914,7825
7.2036190033,7824
7.25224208832,7823
7.25583314896,7822
7.25805616379,7821
7.29878115654,7820
7.31163716316,7819
7.33149600029,7818
7.37040400505,7817
7.3878159523,7816
7.39423704147,7815
7.39704203606,7814
7.4018099308,7813
7.42550206184,7812
7.44726014137,7811
7.47240209579,7810
7.48261213303,7809
7.49783205986,7808
7.49940109253,7807
7.53747105598,7806
7.55794715881,7805
7.56293201447,7804
7.57527399063,7803
7.57820105553,7802
7.60487914085,7801
7.60605096817,7800
7.64581203461,7799
7.64856696129,7798
7.65103602409,7797
7.65171504021,7796
7.6636941433,7795
7.66650605202,7794
7.6734790802,7793
7.67528009415,7792
7.7111620903,7791
7.74150109291,7790
7.74332308769,7789
7.75208306313,7788
7.76741504669,7787
7.79842996597,7786
7.80687594414,7785
7.82303714752,7784
7.83470702171,7783
7.85615897179,7782
7.87074112892,7781
7.87768507004,7780
7.89454913139,7779
7.93650197983,7778
7.9422659874,7777
7.97661614418,7776
8.0115339756,7775
8.03712010384,7774
8.04573297501,7773
8.05028510094,7772
8.07440209389,7771
8.14180397987,7770
8.14984202385,7769
8.1725590229,7768
8.21781802177,7767
8.23137402534,7766
8.29772114754,7765
8.32702708244,7764
8.35067605972,7763
8.3669719696,7762
8.37319612503,7761
8.37611603737,7760
8.48374009132,7759
8.49142813683,7758
8.52317905426,7757
8.52800512314,7756
8.53177714348,7755
8.53814196587,7754
8.6010761261,7753
8.63069415092,7752
8.65310096741,7751
8.68949198723,7750
8.69614696503,7749
8.70077395439,7748
8.77172493935,7747
8.7768881321,7746
8.83829808235,7745
8.84852814674,7744
8.8693420887,7743
8.93294596672,7742
8.95506715775,7741
8.95904397964,7740
8.97979402542,7739
8.98738312721,7738
9.01130604744,7737
9.01962804794,7736
9.05789709091,7735
9.1037170887,7734
9.24493694305,7733
9.2677731514,7732
9.35584115982,7731
9.55579996109,7730
9.55632615089,7729
9.56101298332,7728
9.57962393761,7727
9.59038305283,7726
9.64657497406,7725
9.6695189476,7724
9.75000810623,7723
9.76611399651,7722
9.78433799744,7721
9.79228401184,7720
9.8432199955,7719
9.89400911331,7718
9.90145897865,7717
9.96740198135,7716
10.0123591423,7715
10.0354580879,7714
10.0862729549,7713
10.1241800785,7712
10.1510591507,7711
10.1974639893,7710
10.1994650364,7709
10.2157809734,7708
10.2541320324,7707
10.2611880302,7706
10.288697958,7705
10.2999150753,7704
10.3162720203,7703
10.3456881046,7702
10.3723039627,7701
10.3807840347,7700
10.3811440468,7699
10.3954100609,7698
10.4040920734,7697
10.4236741066,7696
10.4679191113,7695
10.4874420166,7694
10.5561320782,7693
10.5646469593,7692
10.5669529438,7691
10.630464077,7690
10.706207037,7689
10.7067279816,7688
10.7258200645,7687
10.7302391529,7686
10.7492229939,7685
10.8208539486,7684
10.9671721458,7683
10.9990100861,7682
11.0399370193,7681
11.0403950214,7680
11.0522470474,7679
11.1396529675,7678
11.147619009,7677
11.194535017,7676
11.2400901318,7675
11.4024529457,7674
11.4028601646,7673
11.414814949,7672
11.5094070435,7671
11.5264890194,7670
11.5441319942,7669
11.5558550358,7668
11.6598570347,7667
11.6669790745,7666
11.7313511372,7665
11.7677490711,7664
11.8529200554,7663
12.2501280308,7662
12.3906280994,7661
12.5108280182,7660
12.5150489807,7659
12.5416100025,7658
12.6507430077,7657
12.6747541428,7656
12.8501601219,7655
12.9258761406,7654
12.9827620983,7653
13.1245291233,7652
13.1783721447,7651
13.1988461018,7650
13.199267149,7649
13.2059159279,7648
13.229817152,7647
13.2826631069,7646
13.327835083,7645
13.335337162,7644
13.3357169628,7643
13.3518610001,7642
13.4472150803,7641
13.5526330471,7640
13.6145131588,7639
13.66279006,7638
13.7488770485,7637
13.8125050068,7636
13.8162889481,7635
13.8168661594,7634
13.9446401596,7633
14.2080421448,7632
14.2797789574,7631
14.3714051247,7630
14.4390511513,7629
14.4406530857,7628
14.4889290333,7627
14.5817849636,7626
14.9832179546,7625
15.1533539295,7624
15.2383151054,7623
15.2505390644,7622
15.3592820168,7621
15.366268158,7620
15.3834600449,7619
15.4138269424,7618
15.5260660648,7617
15.5819830894,7616
15.7710020542,7615
15.7741019726,7614
15.8659520149,7613
15.9439110756,7612
16.2518560886,7611
16.2545149326,7610
16.3052351475,7609
16.6181099415,7608
16.6381299496,7607
16.7147610188,7606
16.7674911022,7605
16.7731230259,7604
17.1627781391,7603
17.3179631233,7602
17.3539440632,7601
17.3770320415,7600
17.4036879539,7599
17.4565601349,7598
18.3241820335,7597
18.4306950569,7596
18.7113981247,7595
18.7739601135,7594
18.8879439831,7593
19.1233510971,7592
19.2603600025,7591
19.2736289501,7590
19.3673689365,7589
19.4136331081,7588
19.4264340401,7587
19.4318809509,7586
19.6966230869,7585
31.9480221272,7584
32.3212759495,7583
32.3738369942,7582
32.4686999321,7581
32.5274291039,7580
32.8022961617,7579
32.9042019844,7578
33.0299241543,7577
33.0598750114,7576
33.3701291084,7575
33.7081930637,7574
33.9937810898,7573
34.332365036,7572
34.5994679928,7571
34.7735359669,7570
34.8807530403,7569
35.0996410847,7568
35.830176115,7567
35.9244091511,7566
36.2403070927,7565
37.1246249676,7564
38.5639460087,7563
55.105766058,7562
55.2220890522,7561
55.5755081177,7560
55.5946381092,7559
55.7145740986,7558
56.9941909313,7557
57.9799771309,7556
59.4378709793,7555
72.6161899567,7554
72.6529221535,7553
72.6975810528,7552
73.2432711124,7551
73.3046820164,7550
73.3366911411,7549
73.4927940369,7548
73.9320960045,7547
74.0088040829,7546
74.6743371487,7545
74.8666319847,7544
75.2021570206,7543
76.8811380863,7542
77.0510160923,7541
77.0693531036,7540
78.2939500809,7539
80.1637749672,7538
80.4125511646,7537
81.8880600929,7536
94.1095199585,7535
94.6077151299,7534
94.6267700195,7533
94.645373106,7532
94.6669080257,7531
94.7651860714,7530
94.824409008,7529
95.2047760487,7528
95.4911379814,7527
95.4982750416,7526
95.9322230816,7525
96.9715800285,7524
97.0351369381,7523
97.2044870853,7522
98.7211070061,7521
99.3946549892,7520
99.9948730469,7519
101.383011103,7518
118.842749119,7517
118.928745031,7516
119.912668943,7515
120.116608143,7514
120.216010094,7513
120.41990304,7512
121.386431932,7511
123.693192005,7510
123.811417103,7509
140.41477704,7508
140.754426956,7507
140.988435984,7506
141.186866999,7505
142.532068968,7504
143.338961124,7503
143.844574928,7502
144.465801954,7501
144.684783936,7500
145.538701057,7499
145.541913986,7498
160.607129097,7497
162.200535059,7496
162.954046011,7495
166.046465158,7494
181.640104055,7493
181.643563032,7492
181.749304056,7491
182.249520063,7490
184.133410931,7489
185.376054049,7488
186.181476116,7487
334.179996967,7486
335.280966043,7485
335.366127014,7484
335.471154928,7483
336.156114101,7482
336.191905975,7481
336.255059004,7480
336.603163958,7479
337.241091967,7478
337.977189064,7477
339.95729804,7476
340.962049007,7475
359.533560991,7474
360.397014141,7473
361.326892138,7472
362.728194952,7471
363.608296156,7470
445.938308001,7469
446.338335037,7468
446.425866127,7467
446.506313086,7466
447.508760929,7465
447.785866976,7464
448.487010002,7463
451.485561132,7462
